[2024-06-02T19:29:18.579+0000] {processor.py:161} INFO - Started process (PID=60) to work on /home/airflow/.local/lib/python3.12/site-packages/airflow/example_dags/example_complex.py
[2024-06-02T19:29:18.580+0000] {processor.py:830} INFO - Processing file /home/airflow/.local/lib/python3.12/site-packages/airflow/example_dags/example_complex.py for tasks to queue
[2024-06-02T19:29:18.581+0000] {logging_mixin.py:188} INFO - [2024-06-02T19:29:18.581+0000] {dagbag.py:545} INFO - Filling up the DagBag from /home/airflow/.local/lib/python3.12/site-packages/airflow/example_dags/example_complex.py
[2024-06-02T19:29:18.588+0000] {processor.py:840} INFO - DAG(s) 'example_complex' retrieved from /home/airflow/.local/lib/python3.12/site-packages/airflow/example_dags/example_complex.py
[2024-06-02T19:29:18.656+0000] {logging_mixin.py:188} INFO - [2024-06-02T19:29:18.655+0000] {override.py:1829} INFO - Created Permission View: can edit on DAG:example_complex
[2024-06-02T19:29:18.662+0000] {logging_mixin.py:188} INFO - [2024-06-02T19:29:18.662+0000] {override.py:1829} INFO - Created Permission View: can delete on DAG:example_complex
[2024-06-02T19:29:18.666+0000] {logging_mixin.py:188} INFO - [2024-06-02T19:29:18.666+0000] {override.py:1829} INFO - Created Permission View: can read on DAG:example_complex
[2024-06-02T19:29:18.667+0000] {logging_mixin.py:188} INFO - [2024-06-02T19:29:18.667+0000] {dag.py:3096} INFO - Sync 1 DAGs
[2024-06-02T19:29:18.673+0000] {logging_mixin.py:188} INFO - [2024-06-02T19:29:18.673+0000] {dag.py:3118} INFO - Creating ORM DAG for example_complex
[2024-06-02T19:29:18.674+0000] {logging_mixin.py:188} INFO - [2024-06-02T19:29:18.674+0000] {dag.py:3954} INFO - Setting next_dagrun for example_complex to None, run_after=None
[2024-06-02T19:29:18.685+0000] {processor.py:183} INFO - Processing /home/airflow/.local/lib/python3.12/site-packages/airflow/example_dags/example_complex.py took 0.109 seconds
[2024-06-02T19:29:49.626+0000] {processor.py:161} INFO - Started process (PID=118) to work on /home/airflow/.local/lib/python3.12/site-packages/airflow/example_dags/example_complex.py
[2024-06-02T19:29:49.627+0000] {processor.py:830} INFO - Processing file /home/airflow/.local/lib/python3.12/site-packages/airflow/example_dags/example_complex.py for tasks to queue
[2024-06-02T19:29:49.628+0000] {logging_mixin.py:188} INFO - [2024-06-02T19:29:49.628+0000] {dagbag.py:545} INFO - Filling up the DagBag from /home/airflow/.local/lib/python3.12/site-packages/airflow/example_dags/example_complex.py
[2024-06-02T19:29:49.634+0000] {processor.py:840} INFO - DAG(s) 'example_complex' retrieved from /home/airflow/.local/lib/python3.12/site-packages/airflow/example_dags/example_complex.py
[2024-06-02T19:29:49.652+0000] {logging_mixin.py:188} INFO - [2024-06-02T19:29:49.652+0000] {dag.py:3096} INFO - Sync 1 DAGs
[2024-06-02T19:29:49.660+0000] {logging_mixin.py:188} INFO - [2024-06-02T19:29:49.660+0000] {dag.py:3954} INFO - Setting next_dagrun for example_complex to None, run_after=None
[2024-06-02T19:29:49.672+0000] {processor.py:183} INFO - Processing /home/airflow/.local/lib/python3.12/site-packages/airflow/example_dags/example_complex.py took 0.048 seconds
[2024-06-02T19:30:20.277+0000] {processor.py:161} INFO - Started process (PID=176) to work on /home/airflow/.local/lib/python3.12/site-packages/airflow/example_dags/example_complex.py
[2024-06-02T19:30:20.278+0000] {processor.py:830} INFO - Processing file /home/airflow/.local/lib/python3.12/site-packages/airflow/example_dags/example_complex.py for tasks to queue
[2024-06-02T19:30:20.279+0000] {logging_mixin.py:188} INFO - [2024-06-02T19:30:20.279+0000] {dagbag.py:545} INFO - Filling up the DagBag from /home/airflow/.local/lib/python3.12/site-packages/airflow/example_dags/example_complex.py
[2024-06-02T19:30:20.284+0000] {processor.py:840} INFO - DAG(s) 'example_complex' retrieved from /home/airflow/.local/lib/python3.12/site-packages/airflow/example_dags/example_complex.py
[2024-06-02T19:30:20.302+0000] {logging_mixin.py:188} INFO - [2024-06-02T19:30:20.302+0000] {dag.py:3096} INFO - Sync 1 DAGs
[2024-06-02T19:30:20.309+0000] {logging_mixin.py:188} INFO - [2024-06-02T19:30:20.309+0000] {dag.py:3954} INFO - Setting next_dagrun for example_complex to None, run_after=None
[2024-06-02T19:30:20.319+0000] {processor.py:183} INFO - Processing /home/airflow/.local/lib/python3.12/site-packages/airflow/example_dags/example_complex.py took 0.045 seconds
[2024-06-02T19:30:50.810+0000] {processor.py:161} INFO - Started process (PID=234) to work on /home/airflow/.local/lib/python3.12/site-packages/airflow/example_dags/example_complex.py
[2024-06-02T19:30:50.811+0000] {processor.py:830} INFO - Processing file /home/airflow/.local/lib/python3.12/site-packages/airflow/example_dags/example_complex.py for tasks to queue
[2024-06-02T19:30:50.812+0000] {logging_mixin.py:188} INFO - [2024-06-02T19:30:50.812+0000] {dagbag.py:545} INFO - Filling up the DagBag from /home/airflow/.local/lib/python3.12/site-packages/airflow/example_dags/example_complex.py
[2024-06-02T19:30:50.818+0000] {processor.py:840} INFO - DAG(s) 'example_complex' retrieved from /home/airflow/.local/lib/python3.12/site-packages/airflow/example_dags/example_complex.py
[2024-06-02T19:30:50.838+0000] {logging_mixin.py:188} INFO - [2024-06-02T19:30:50.838+0000] {dag.py:3096} INFO - Sync 1 DAGs
[2024-06-02T19:30:50.848+0000] {logging_mixin.py:188} INFO - [2024-06-02T19:30:50.848+0000] {dag.py:3954} INFO - Setting next_dagrun for example_complex to None, run_after=None
[2024-06-02T19:30:50.998+0000] {logging_mixin.py:188} INFO - [2024-06-02T19:30:50.998+0000] {process_utils.py:263} INFO - Waiting up to 5 seconds for processes to exit...
[2024-06-02T19:31:20.386+0000] {processor.py:161} INFO - Started process (PID=60) to work on /home/airflow/.local/lib/python3.12/site-packages/airflow/example_dags/example_complex.py
[2024-06-02T19:31:20.387+0000] {processor.py:830} INFO - Processing file /home/airflow/.local/lib/python3.12/site-packages/airflow/example_dags/example_complex.py for tasks to queue
[2024-06-02T19:31:20.388+0000] {logging_mixin.py:188} INFO - [2024-06-02T19:31:20.388+0000] {dagbag.py:545} INFO - Filling up the DagBag from /home/airflow/.local/lib/python3.12/site-packages/airflow/example_dags/example_complex.py
[2024-06-02T19:31:20.393+0000] {processor.py:840} INFO - DAG(s) 'example_complex' retrieved from /home/airflow/.local/lib/python3.12/site-packages/airflow/example_dags/example_complex.py
[2024-06-02T19:31:20.400+0000] {logging_mixin.py:188} INFO - [2024-06-02T19:31:20.400+0000] {dag.py:3096} INFO - Sync 1 DAGs
[2024-06-02T19:31:20.407+0000] {logging_mixin.py:188} INFO - [2024-06-02T19:31:20.407+0000] {dag.py:3954} INFO - Setting next_dagrun for example_complex to None, run_after=None
[2024-06-02T19:31:20.417+0000] {processor.py:183} INFO - Processing /home/airflow/.local/lib/python3.12/site-packages/airflow/example_dags/example_complex.py took 0.034 seconds
[2024-06-02T19:31:51.749+0000] {processor.py:161} INFO - Started process (PID=118) to work on /home/airflow/.local/lib/python3.12/site-packages/airflow/example_dags/example_complex.py
[2024-06-02T19:31:51.750+0000] {processor.py:830} INFO - Processing file /home/airflow/.local/lib/python3.12/site-packages/airflow/example_dags/example_complex.py for tasks to queue
[2024-06-02T19:31:51.751+0000] {logging_mixin.py:188} INFO - [2024-06-02T19:31:51.751+0000] {dagbag.py:545} INFO - Filling up the DagBag from /home/airflow/.local/lib/python3.12/site-packages/airflow/example_dags/example_complex.py
[2024-06-02T19:31:51.757+0000] {processor.py:840} INFO - DAG(s) 'example_complex' retrieved from /home/airflow/.local/lib/python3.12/site-packages/airflow/example_dags/example_complex.py
[2024-06-02T19:31:51.820+0000] {logging_mixin.py:188} INFO - [2024-06-02T19:31:51.819+0000] {dag.py:3096} INFO - Sync 1 DAGs
[2024-06-02T19:31:51.825+0000] {logging_mixin.py:188} INFO - [2024-06-02T19:31:51.825+0000] {dag.py:3954} INFO - Setting next_dagrun for example_complex to None, run_after=None
[2024-06-02T19:31:51.837+0000] {processor.py:183} INFO - Processing /home/airflow/.local/lib/python3.12/site-packages/airflow/example_dags/example_complex.py took 0.091 seconds
[2024-06-02T19:32:22.812+0000] {processor.py:161} INFO - Started process (PID=176) to work on /home/airflow/.local/lib/python3.12/site-packages/airflow/example_dags/example_complex.py
[2024-06-02T19:32:22.813+0000] {processor.py:830} INFO - Processing file /home/airflow/.local/lib/python3.12/site-packages/airflow/example_dags/example_complex.py for tasks to queue
[2024-06-02T19:32:22.814+0000] {logging_mixin.py:188} INFO - [2024-06-02T19:32:22.814+0000] {dagbag.py:545} INFO - Filling up the DagBag from /home/airflow/.local/lib/python3.12/site-packages/airflow/example_dags/example_complex.py
[2024-06-02T19:32:22.820+0000] {processor.py:840} INFO - DAG(s) 'example_complex' retrieved from /home/airflow/.local/lib/python3.12/site-packages/airflow/example_dags/example_complex.py
[2024-06-02T19:32:22.842+0000] {logging_mixin.py:188} INFO - [2024-06-02T19:32:22.842+0000] {dag.py:3096} INFO - Sync 1 DAGs
[2024-06-02T19:32:22.849+0000] {logging_mixin.py:188} INFO - [2024-06-02T19:32:22.849+0000] {dag.py:3954} INFO - Setting next_dagrun for example_complex to None, run_after=None
[2024-06-02T19:32:22.859+0000] {processor.py:183} INFO - Processing /home/airflow/.local/lib/python3.12/site-packages/airflow/example_dags/example_complex.py took 0.050 seconds
[2024-06-02T19:32:53.461+0000] {processor.py:161} INFO - Started process (PID=234) to work on /home/airflow/.local/lib/python3.12/site-packages/airflow/example_dags/example_complex.py
[2024-06-02T19:32:53.462+0000] {processor.py:830} INFO - Processing file /home/airflow/.local/lib/python3.12/site-packages/airflow/example_dags/example_complex.py for tasks to queue
[2024-06-02T19:32:53.463+0000] {logging_mixin.py:188} INFO - [2024-06-02T19:32:53.463+0000] {dagbag.py:545} INFO - Filling up the DagBag from /home/airflow/.local/lib/python3.12/site-packages/airflow/example_dags/example_complex.py
[2024-06-02T19:32:53.468+0000] {processor.py:840} INFO - DAG(s) 'example_complex' retrieved from /home/airflow/.local/lib/python3.12/site-packages/airflow/example_dags/example_complex.py
[2024-06-02T19:32:53.486+0000] {logging_mixin.py:188} INFO - [2024-06-02T19:32:53.486+0000] {dag.py:3096} INFO - Sync 1 DAGs
[2024-06-02T19:32:53.494+0000] {logging_mixin.py:188} INFO - [2024-06-02T19:32:53.493+0000] {dag.py:3954} INFO - Setting next_dagrun for example_complex to None, run_after=None
[2024-06-02T19:32:53.505+0000] {processor.py:183} INFO - Processing /home/airflow/.local/lib/python3.12/site-packages/airflow/example_dags/example_complex.py took 0.047 seconds
[2024-06-02T19:33:24.170+0000] {processor.py:161} INFO - Started process (PID=292) to work on /home/airflow/.local/lib/python3.12/site-packages/airflow/example_dags/example_complex.py
[2024-06-02T19:33:24.170+0000] {processor.py:830} INFO - Processing file /home/airflow/.local/lib/python3.12/site-packages/airflow/example_dags/example_complex.py for tasks to queue
[2024-06-02T19:33:24.171+0000] {logging_mixin.py:188} INFO - [2024-06-02T19:33:24.171+0000] {dagbag.py:545} INFO - Filling up the DagBag from /home/airflow/.local/lib/python3.12/site-packages/airflow/example_dags/example_complex.py
[2024-06-02T19:33:24.177+0000] {processor.py:840} INFO - DAG(s) 'example_complex' retrieved from /home/airflow/.local/lib/python3.12/site-packages/airflow/example_dags/example_complex.py
[2024-06-02T19:33:24.195+0000] {logging_mixin.py:188} INFO - [2024-06-02T19:33:24.195+0000] {dag.py:3096} INFO - Sync 1 DAGs
[2024-06-02T19:33:24.202+0000] {logging_mixin.py:188} INFO - [2024-06-02T19:33:24.201+0000] {dag.py:3954} INFO - Setting next_dagrun for example_complex to None, run_after=None
[2024-06-02T19:33:24.211+0000] {processor.py:183} INFO - Processing /home/airflow/.local/lib/python3.12/site-packages/airflow/example_dags/example_complex.py took 0.044 seconds
[2024-06-02T19:33:54.814+0000] {processor.py:161} INFO - Started process (PID=349) to work on /home/airflow/.local/lib/python3.12/site-packages/airflow/example_dags/example_complex.py
[2024-06-02T19:33:54.815+0000] {processor.py:830} INFO - Processing file /home/airflow/.local/lib/python3.12/site-packages/airflow/example_dags/example_complex.py for tasks to queue
[2024-06-02T19:33:54.816+0000] {logging_mixin.py:188} INFO - [2024-06-02T19:33:54.816+0000] {dagbag.py:545} INFO - Filling up the DagBag from /home/airflow/.local/lib/python3.12/site-packages/airflow/example_dags/example_complex.py
[2024-06-02T19:33:54.821+0000] {processor.py:840} INFO - DAG(s) 'example_complex' retrieved from /home/airflow/.local/lib/python3.12/site-packages/airflow/example_dags/example_complex.py
[2024-06-02T19:33:54.838+0000] {logging_mixin.py:188} INFO - [2024-06-02T19:33:54.838+0000] {dag.py:3096} INFO - Sync 1 DAGs
[2024-06-02T19:33:54.845+0000] {logging_mixin.py:188} INFO - [2024-06-02T19:33:54.845+0000] {dag.py:3954} INFO - Setting next_dagrun for example_complex to None, run_after=None
[2024-06-02T19:33:54.857+0000] {processor.py:183} INFO - Processing /home/airflow/.local/lib/python3.12/site-packages/airflow/example_dags/example_complex.py took 0.046 seconds
[2024-06-02T19:34:25.549+0000] {processor.py:161} INFO - Started process (PID=407) to work on /home/airflow/.local/lib/python3.12/site-packages/airflow/example_dags/example_complex.py
[2024-06-02T19:34:25.550+0000] {processor.py:830} INFO - Processing file /home/airflow/.local/lib/python3.12/site-packages/airflow/example_dags/example_complex.py for tasks to queue
[2024-06-02T19:34:25.551+0000] {logging_mixin.py:188} INFO - [2024-06-02T19:34:25.551+0000] {dagbag.py:545} INFO - Filling up the DagBag from /home/airflow/.local/lib/python3.12/site-packages/airflow/example_dags/example_complex.py
[2024-06-02T19:34:25.557+0000] {processor.py:840} INFO - DAG(s) 'example_complex' retrieved from /home/airflow/.local/lib/python3.12/site-packages/airflow/example_dags/example_complex.py
[2024-06-02T19:34:25.574+0000] {logging_mixin.py:188} INFO - [2024-06-02T19:34:25.574+0000] {dag.py:3096} INFO - Sync 1 DAGs
[2024-06-02T19:34:25.581+0000] {logging_mixin.py:188} INFO - [2024-06-02T19:34:25.581+0000] {dag.py:3954} INFO - Setting next_dagrun for example_complex to None, run_after=None
[2024-06-02T19:34:25.593+0000] {processor.py:183} INFO - Processing /home/airflow/.local/lib/python3.12/site-packages/airflow/example_dags/example_complex.py took 0.046 seconds
[2024-06-02T19:34:56.359+0000] {processor.py:161} INFO - Started process (PID=465) to work on /home/airflow/.local/lib/python3.12/site-packages/airflow/example_dags/example_complex.py
[2024-06-02T19:34:56.360+0000] {processor.py:830} INFO - Processing file /home/airflow/.local/lib/python3.12/site-packages/airflow/example_dags/example_complex.py for tasks to queue
[2024-06-02T19:34:56.361+0000] {logging_mixin.py:188} INFO - [2024-06-02T19:34:56.361+0000] {dagbag.py:545} INFO - Filling up the DagBag from /home/airflow/.local/lib/python3.12/site-packages/airflow/example_dags/example_complex.py
[2024-06-02T19:34:56.367+0000] {processor.py:840} INFO - DAG(s) 'example_complex' retrieved from /home/airflow/.local/lib/python3.12/site-packages/airflow/example_dags/example_complex.py
[2024-06-02T19:34:56.386+0000] {logging_mixin.py:188} INFO - [2024-06-02T19:34:56.386+0000] {dag.py:3096} INFO - Sync 1 DAGs
[2024-06-02T19:34:56.393+0000] {logging_mixin.py:188} INFO - [2024-06-02T19:34:56.393+0000] {dag.py:3954} INFO - Setting next_dagrun for example_complex to None, run_after=None
[2024-06-02T19:34:56.404+0000] {processor.py:183} INFO - Processing /home/airflow/.local/lib/python3.12/site-packages/airflow/example_dags/example_complex.py took 0.048 seconds
[2024-06-02T19:35:27.021+0000] {processor.py:161} INFO - Started process (PID=523) to work on /home/airflow/.local/lib/python3.12/site-packages/airflow/example_dags/example_complex.py
[2024-06-02T19:35:27.022+0000] {processor.py:830} INFO - Processing file /home/airflow/.local/lib/python3.12/site-packages/airflow/example_dags/example_complex.py for tasks to queue
[2024-06-02T19:35:27.023+0000] {logging_mixin.py:188} INFO - [2024-06-02T19:35:27.023+0000] {dagbag.py:545} INFO - Filling up the DagBag from /home/airflow/.local/lib/python3.12/site-packages/airflow/example_dags/example_complex.py
[2024-06-02T19:35:27.029+0000] {processor.py:840} INFO - DAG(s) 'example_complex' retrieved from /home/airflow/.local/lib/python3.12/site-packages/airflow/example_dags/example_complex.py
[2024-06-02T19:35:27.046+0000] {logging_mixin.py:188} INFO - [2024-06-02T19:35:27.046+0000] {dag.py:3096} INFO - Sync 1 DAGs
[2024-06-02T19:35:27.053+0000] {logging_mixin.py:188} INFO - [2024-06-02T19:35:27.053+0000] {dag.py:3954} INFO - Setting next_dagrun for example_complex to None, run_after=None
[2024-06-02T19:35:27.064+0000] {processor.py:183} INFO - Processing /home/airflow/.local/lib/python3.12/site-packages/airflow/example_dags/example_complex.py took 0.045 seconds
[2024-06-02T19:36:19.995+0000] {processor.py:161} INFO - Started process (PID=78) to work on /home/airflow/.local/lib/python3.12/site-packages/airflow/example_dags/example_complex.py
[2024-06-02T19:36:19.996+0000] {processor.py:830} INFO - Processing file /home/airflow/.local/lib/python3.12/site-packages/airflow/example_dags/example_complex.py for tasks to queue
[2024-06-02T19:36:19.998+0000] {logging_mixin.py:188} INFO - [2024-06-02T19:36:19.997+0000] {dagbag.py:545} INFO - Filling up the DagBag from /home/airflow/.local/lib/python3.12/site-packages/airflow/example_dags/example_complex.py
[2024-06-02T19:36:20.004+0000] {processor.py:840} INFO - DAG(s) 'example_complex' retrieved from /home/airflow/.local/lib/python3.12/site-packages/airflow/example_dags/example_complex.py
[2024-06-02T19:36:20.012+0000] {logging_mixin.py:188} INFO - [2024-06-02T19:36:20.012+0000] {dag.py:3096} INFO - Sync 1 DAGs
[2024-06-02T19:36:20.020+0000] {logging_mixin.py:188} INFO - [2024-06-02T19:36:20.019+0000] {dag.py:3954} INFO - Setting next_dagrun for example_complex to None, run_after=None
[2024-06-02T19:36:20.032+0000] {processor.py:183} INFO - Processing /home/airflow/.local/lib/python3.12/site-packages/airflow/example_dags/example_complex.py took 0.040 seconds
[2024-06-02T19:36:51.084+0000] {processor.py:161} INFO - Started process (PID=136) to work on /home/airflow/.local/lib/python3.12/site-packages/airflow/example_dags/example_complex.py
[2024-06-02T19:36:51.084+0000] {processor.py:830} INFO - Processing file /home/airflow/.local/lib/python3.12/site-packages/airflow/example_dags/example_complex.py for tasks to queue
[2024-06-02T19:36:51.085+0000] {logging_mixin.py:188} INFO - [2024-06-02T19:36:51.085+0000] {dagbag.py:545} INFO - Filling up the DagBag from /home/airflow/.local/lib/python3.12/site-packages/airflow/example_dags/example_complex.py
[2024-06-02T19:36:51.091+0000] {processor.py:840} INFO - DAG(s) 'example_complex' retrieved from /home/airflow/.local/lib/python3.12/site-packages/airflow/example_dags/example_complex.py
[2024-06-02T19:36:51.154+0000] {logging_mixin.py:188} INFO - [2024-06-02T19:36:51.154+0000] {dag.py:3096} INFO - Sync 1 DAGs
[2024-06-02T19:36:51.160+0000] {logging_mixin.py:188} INFO - [2024-06-02T19:36:51.160+0000] {dag.py:3954} INFO - Setting next_dagrun for example_complex to None, run_after=None
[2024-06-02T19:36:51.172+0000] {processor.py:183} INFO - Processing /home/airflow/.local/lib/python3.12/site-packages/airflow/example_dags/example_complex.py took 0.091 seconds
[2024-06-02T19:37:22.144+0000] {processor.py:161} INFO - Started process (PID=194) to work on /home/airflow/.local/lib/python3.12/site-packages/airflow/example_dags/example_complex.py
[2024-06-02T19:37:22.144+0000] {processor.py:830} INFO - Processing file /home/airflow/.local/lib/python3.12/site-packages/airflow/example_dags/example_complex.py for tasks to queue
[2024-06-02T19:37:22.146+0000] {logging_mixin.py:188} INFO - [2024-06-02T19:37:22.145+0000] {dagbag.py:545} INFO - Filling up the DagBag from /home/airflow/.local/lib/python3.12/site-packages/airflow/example_dags/example_complex.py
[2024-06-02T19:37:22.151+0000] {processor.py:840} INFO - DAG(s) 'example_complex' retrieved from /home/airflow/.local/lib/python3.12/site-packages/airflow/example_dags/example_complex.py
[2024-06-02T19:37:22.170+0000] {logging_mixin.py:188} INFO - [2024-06-02T19:37:22.170+0000] {dag.py:3096} INFO - Sync 1 DAGs
[2024-06-02T19:37:22.178+0000] {logging_mixin.py:188} INFO - [2024-06-02T19:37:22.177+0000] {dag.py:3954} INFO - Setting next_dagrun for example_complex to None, run_after=None
[2024-06-02T19:37:22.187+0000] {processor.py:183} INFO - Processing /home/airflow/.local/lib/python3.12/site-packages/airflow/example_dags/example_complex.py took 0.047 seconds
[2024-06-02T19:37:52.844+0000] {processor.py:161} INFO - Started process (PID=252) to work on /home/airflow/.local/lib/python3.12/site-packages/airflow/example_dags/example_complex.py
[2024-06-02T19:37:52.845+0000] {processor.py:830} INFO - Processing file /home/airflow/.local/lib/python3.12/site-packages/airflow/example_dags/example_complex.py for tasks to queue
[2024-06-02T19:37:52.846+0000] {logging_mixin.py:188} INFO - [2024-06-02T19:37:52.846+0000] {dagbag.py:545} INFO - Filling up the DagBag from /home/airflow/.local/lib/python3.12/site-packages/airflow/example_dags/example_complex.py
[2024-06-02T19:37:52.852+0000] {processor.py:840} INFO - DAG(s) 'example_complex' retrieved from /home/airflow/.local/lib/python3.12/site-packages/airflow/example_dags/example_complex.py
[2024-06-02T19:37:52.870+0000] {logging_mixin.py:188} INFO - [2024-06-02T19:37:52.870+0000] {dag.py:3096} INFO - Sync 1 DAGs
[2024-06-02T19:37:52.877+0000] {logging_mixin.py:188} INFO - [2024-06-02T19:37:52.877+0000] {dag.py:3954} INFO - Setting next_dagrun for example_complex to None, run_after=None
[2024-06-02T19:37:52.894+0000] {processor.py:183} INFO - Processing /home/airflow/.local/lib/python3.12/site-packages/airflow/example_dags/example_complex.py took 0.053 seconds
[2024-06-02T19:38:23.511+0000] {processor.py:161} INFO - Started process (PID=310) to work on /home/airflow/.local/lib/python3.12/site-packages/airflow/example_dags/example_complex.py
[2024-06-02T19:38:23.512+0000] {processor.py:830} INFO - Processing file /home/airflow/.local/lib/python3.12/site-packages/airflow/example_dags/example_complex.py for tasks to queue
[2024-06-02T19:38:23.513+0000] {logging_mixin.py:188} INFO - [2024-06-02T19:38:23.513+0000] {dagbag.py:545} INFO - Filling up the DagBag from /home/airflow/.local/lib/python3.12/site-packages/airflow/example_dags/example_complex.py
[2024-06-02T19:38:23.520+0000] {processor.py:840} INFO - DAG(s) 'example_complex' retrieved from /home/airflow/.local/lib/python3.12/site-packages/airflow/example_dags/example_complex.py
[2024-06-02T19:38:23.540+0000] {logging_mixin.py:188} INFO - [2024-06-02T19:38:23.540+0000] {dag.py:3096} INFO - Sync 1 DAGs
[2024-06-02T19:38:23.549+0000] {logging_mixin.py:188} INFO - [2024-06-02T19:38:23.549+0000] {dag.py:3954} INFO - Setting next_dagrun for example_complex to None, run_after=None
[2024-06-02T19:38:23.563+0000] {processor.py:183} INFO - Processing /home/airflow/.local/lib/python3.12/site-packages/airflow/example_dags/example_complex.py took 0.055 seconds
[2024-06-02T19:38:54.173+0000] {processor.py:161} INFO - Started process (PID=368) to work on /home/airflow/.local/lib/python3.12/site-packages/airflow/example_dags/example_complex.py
[2024-06-02T19:38:54.174+0000] {processor.py:830} INFO - Processing file /home/airflow/.local/lib/python3.12/site-packages/airflow/example_dags/example_complex.py for tasks to queue
[2024-06-02T19:38:54.175+0000] {logging_mixin.py:188} INFO - [2024-06-02T19:38:54.175+0000] {dagbag.py:545} INFO - Filling up the DagBag from /home/airflow/.local/lib/python3.12/site-packages/airflow/example_dags/example_complex.py
[2024-06-02T19:38:54.181+0000] {processor.py:840} INFO - DAG(s) 'example_complex' retrieved from /home/airflow/.local/lib/python3.12/site-packages/airflow/example_dags/example_complex.py
[2024-06-02T19:38:54.199+0000] {logging_mixin.py:188} INFO - [2024-06-02T19:38:54.199+0000] {dag.py:3096} INFO - Sync 1 DAGs
[2024-06-02T19:38:54.208+0000] {logging_mixin.py:188} INFO - [2024-06-02T19:38:54.208+0000] {dag.py:3954} INFO - Setting next_dagrun for example_complex to None, run_after=None
[2024-06-02T19:38:54.218+0000] {processor.py:183} INFO - Processing /home/airflow/.local/lib/python3.12/site-packages/airflow/example_dags/example_complex.py took 0.048 seconds
[2024-06-02T19:39:24.836+0000] {processor.py:161} INFO - Started process (PID=426) to work on /home/airflow/.local/lib/python3.12/site-packages/airflow/example_dags/example_complex.py
[2024-06-02T19:39:24.837+0000] {processor.py:830} INFO - Processing file /home/airflow/.local/lib/python3.12/site-packages/airflow/example_dags/example_complex.py for tasks to queue
[2024-06-02T19:39:24.838+0000] {logging_mixin.py:188} INFO - [2024-06-02T19:39:24.838+0000] {dagbag.py:545} INFO - Filling up the DagBag from /home/airflow/.local/lib/python3.12/site-packages/airflow/example_dags/example_complex.py
[2024-06-02T19:39:24.845+0000] {processor.py:840} INFO - DAG(s) 'example_complex' retrieved from /home/airflow/.local/lib/python3.12/site-packages/airflow/example_dags/example_complex.py
[2024-06-02T19:39:24.864+0000] {logging_mixin.py:188} INFO - [2024-06-02T19:39:24.863+0000] {dag.py:3096} INFO - Sync 1 DAGs
[2024-06-02T19:39:24.871+0000] {logging_mixin.py:188} INFO - [2024-06-02T19:39:24.871+0000] {dag.py:3954} INFO - Setting next_dagrun for example_complex to None, run_after=None
[2024-06-02T19:39:24.881+0000] {processor.py:183} INFO - Processing /home/airflow/.local/lib/python3.12/site-packages/airflow/example_dags/example_complex.py took 0.048 seconds
[2024-06-02T19:39:55.477+0000] {processor.py:161} INFO - Started process (PID=484) to work on /home/airflow/.local/lib/python3.12/site-packages/airflow/example_dags/example_complex.py
[2024-06-02T19:39:55.477+0000] {processor.py:830} INFO - Processing file /home/airflow/.local/lib/python3.12/site-packages/airflow/example_dags/example_complex.py for tasks to queue
[2024-06-02T19:39:55.478+0000] {logging_mixin.py:188} INFO - [2024-06-02T19:39:55.478+0000] {dagbag.py:545} INFO - Filling up the DagBag from /home/airflow/.local/lib/python3.12/site-packages/airflow/example_dags/example_complex.py
[2024-06-02T19:39:55.484+0000] {processor.py:840} INFO - DAG(s) 'example_complex' retrieved from /home/airflow/.local/lib/python3.12/site-packages/airflow/example_dags/example_complex.py
[2024-06-02T19:39:55.503+0000] {logging_mixin.py:188} INFO - [2024-06-02T19:39:55.503+0000] {dag.py:3096} INFO - Sync 1 DAGs
[2024-06-02T19:39:55.510+0000] {logging_mixin.py:188} INFO - [2024-06-02T19:39:55.510+0000] {dag.py:3954} INFO - Setting next_dagrun for example_complex to None, run_after=None
[2024-06-02T19:39:55.527+0000] {processor.py:183} INFO - Processing /home/airflow/.local/lib/python3.12/site-packages/airflow/example_dags/example_complex.py took 0.054 seconds
[2024-06-02T19:40:26.050+0000] {processor.py:161} INFO - Started process (PID=542) to work on /home/airflow/.local/lib/python3.12/site-packages/airflow/example_dags/example_complex.py
[2024-06-02T19:40:26.051+0000] {processor.py:830} INFO - Processing file /home/airflow/.local/lib/python3.12/site-packages/airflow/example_dags/example_complex.py for tasks to queue
[2024-06-02T19:40:26.052+0000] {logging_mixin.py:188} INFO - [2024-06-02T19:40:26.052+0000] {dagbag.py:545} INFO - Filling up the DagBag from /home/airflow/.local/lib/python3.12/site-packages/airflow/example_dags/example_complex.py
[2024-06-02T19:40:26.058+0000] {processor.py:840} INFO - DAG(s) 'example_complex' retrieved from /home/airflow/.local/lib/python3.12/site-packages/airflow/example_dags/example_complex.py
[2024-06-02T19:40:26.077+0000] {logging_mixin.py:188} INFO - [2024-06-02T19:40:26.076+0000] {dag.py:3096} INFO - Sync 1 DAGs
[2024-06-02T19:40:26.084+0000] {logging_mixin.py:188} INFO - [2024-06-02T19:40:26.084+0000] {dag.py:3954} INFO - Setting next_dagrun for example_complex to None, run_after=None
[2024-06-02T19:40:26.095+0000] {processor.py:183} INFO - Processing /home/airflow/.local/lib/python3.12/site-packages/airflow/example_dags/example_complex.py took 0.048 seconds
[2024-06-02T19:40:56.740+0000] {processor.py:161} INFO - Started process (PID=600) to work on /home/airflow/.local/lib/python3.12/site-packages/airflow/example_dags/example_complex.py
[2024-06-02T19:40:56.741+0000] {processor.py:830} INFO - Processing file /home/airflow/.local/lib/python3.12/site-packages/airflow/example_dags/example_complex.py for tasks to queue
[2024-06-02T19:40:56.743+0000] {logging_mixin.py:188} INFO - [2024-06-02T19:40:56.743+0000] {dagbag.py:545} INFO - Filling up the DagBag from /home/airflow/.local/lib/python3.12/site-packages/airflow/example_dags/example_complex.py
[2024-06-02T19:40:56.749+0000] {processor.py:840} INFO - DAG(s) 'example_complex' retrieved from /home/airflow/.local/lib/python3.12/site-packages/airflow/example_dags/example_complex.py
[2024-06-02T19:40:56.767+0000] {logging_mixin.py:188} INFO - [2024-06-02T19:40:56.767+0000] {dag.py:3096} INFO - Sync 1 DAGs
[2024-06-02T19:40:56.774+0000] {logging_mixin.py:188} INFO - [2024-06-02T19:40:56.774+0000] {dag.py:3954} INFO - Setting next_dagrun for example_complex to None, run_after=None
[2024-06-02T19:40:56.792+0000] {processor.py:183} INFO - Processing /home/airflow/.local/lib/python3.12/site-packages/airflow/example_dags/example_complex.py took 0.055 seconds
[2024-06-02T19:41:41.629+0000] {processor.py:161} INFO - Started process (PID=78) to work on /home/airflow/.local/lib/python3.12/site-packages/airflow/example_dags/example_complex.py
[2024-06-02T19:41:41.630+0000] {processor.py:830} INFO - Processing file /home/airflow/.local/lib/python3.12/site-packages/airflow/example_dags/example_complex.py for tasks to queue
[2024-06-02T19:41:41.632+0000] {logging_mixin.py:188} INFO - [2024-06-02T19:41:41.632+0000] {dagbag.py:545} INFO - Filling up the DagBag from /home/airflow/.local/lib/python3.12/site-packages/airflow/example_dags/example_complex.py
[2024-06-02T19:41:41.639+0000] {processor.py:840} INFO - DAG(s) 'example_complex' retrieved from /home/airflow/.local/lib/python3.12/site-packages/airflow/example_dags/example_complex.py
[2024-06-02T19:41:41.646+0000] {logging_mixin.py:188} INFO - [2024-06-02T19:41:41.646+0000] {dag.py:3096} INFO - Sync 1 DAGs
[2024-06-02T19:41:41.654+0000] {logging_mixin.py:188} INFO - [2024-06-02T19:41:41.654+0000] {dag.py:3954} INFO - Setting next_dagrun for example_complex to None, run_after=None
[2024-06-02T19:41:41.666+0000] {processor.py:183} INFO - Processing /home/airflow/.local/lib/python3.12/site-packages/airflow/example_dags/example_complex.py took 0.040 seconds
[2024-06-02T19:42:12.805+0000] {processor.py:161} INFO - Started process (PID=136) to work on /home/airflow/.local/lib/python3.12/site-packages/airflow/example_dags/example_complex.py
[2024-06-02T19:42:12.806+0000] {processor.py:830} INFO - Processing file /home/airflow/.local/lib/python3.12/site-packages/airflow/example_dags/example_complex.py for tasks to queue
[2024-06-02T19:42:12.807+0000] {logging_mixin.py:188} INFO - [2024-06-02T19:42:12.807+0000] {dagbag.py:545} INFO - Filling up the DagBag from /home/airflow/.local/lib/python3.12/site-packages/airflow/example_dags/example_complex.py
[2024-06-02T19:42:12.813+0000] {processor.py:840} INFO - DAG(s) 'example_complex' retrieved from /home/airflow/.local/lib/python3.12/site-packages/airflow/example_dags/example_complex.py
[2024-06-02T19:42:12.878+0000] {logging_mixin.py:188} INFO - [2024-06-02T19:42:12.878+0000] {dag.py:3096} INFO - Sync 1 DAGs
[2024-06-02T19:42:12.885+0000] {logging_mixin.py:188} INFO - [2024-06-02T19:42:12.885+0000] {dag.py:3954} INFO - Setting next_dagrun for example_complex to None, run_after=None
[2024-06-02T19:42:12.896+0000] {processor.py:183} INFO - Processing /home/airflow/.local/lib/python3.12/site-packages/airflow/example_dags/example_complex.py took 0.094 seconds
[2024-06-02T19:42:43.856+0000] {processor.py:161} INFO - Started process (PID=194) to work on /home/airflow/.local/lib/python3.12/site-packages/airflow/example_dags/example_complex.py
[2024-06-02T19:42:43.857+0000] {processor.py:830} INFO - Processing file /home/airflow/.local/lib/python3.12/site-packages/airflow/example_dags/example_complex.py for tasks to queue
[2024-06-02T19:42:43.858+0000] {logging_mixin.py:188} INFO - [2024-06-02T19:42:43.858+0000] {dagbag.py:545} INFO - Filling up the DagBag from /home/airflow/.local/lib/python3.12/site-packages/airflow/example_dags/example_complex.py
[2024-06-02T19:42:43.865+0000] {processor.py:840} INFO - DAG(s) 'example_complex' retrieved from /home/airflow/.local/lib/python3.12/site-packages/airflow/example_dags/example_complex.py
[2024-06-02T19:42:43.885+0000] {logging_mixin.py:188} INFO - [2024-06-02T19:42:43.885+0000] {dag.py:3096} INFO - Sync 1 DAGs
[2024-06-02T19:42:43.893+0000] {logging_mixin.py:188} INFO - [2024-06-02T19:42:43.893+0000] {dag.py:3954} INFO - Setting next_dagrun for example_complex to None, run_after=None
[2024-06-02T19:42:43.904+0000] {processor.py:183} INFO - Processing /home/airflow/.local/lib/python3.12/site-packages/airflow/example_dags/example_complex.py took 0.051 seconds
[2024-06-02T19:43:14.578+0000] {processor.py:161} INFO - Started process (PID=252) to work on /home/airflow/.local/lib/python3.12/site-packages/airflow/example_dags/example_complex.py
[2024-06-02T19:43:14.578+0000] {processor.py:830} INFO - Processing file /home/airflow/.local/lib/python3.12/site-packages/airflow/example_dags/example_complex.py for tasks to queue
[2024-06-02T19:43:14.580+0000] {logging_mixin.py:188} INFO - [2024-06-02T19:43:14.579+0000] {dagbag.py:545} INFO - Filling up the DagBag from /home/airflow/.local/lib/python3.12/site-packages/airflow/example_dags/example_complex.py
[2024-06-02T19:43:14.585+0000] {processor.py:840} INFO - DAG(s) 'example_complex' retrieved from /home/airflow/.local/lib/python3.12/site-packages/airflow/example_dags/example_complex.py
[2024-06-02T19:43:14.604+0000] {logging_mixin.py:188} INFO - [2024-06-02T19:43:14.603+0000] {dag.py:3096} INFO - Sync 1 DAGs
[2024-06-02T19:43:14.611+0000] {logging_mixin.py:188} INFO - [2024-06-02T19:43:14.611+0000] {dag.py:3954} INFO - Setting next_dagrun for example_complex to None, run_after=None
[2024-06-02T19:43:14.621+0000] {processor.py:183} INFO - Processing /home/airflow/.local/lib/python3.12/site-packages/airflow/example_dags/example_complex.py took 0.046 seconds
[2024-06-02T19:43:45.276+0000] {processor.py:161} INFO - Started process (PID=310) to work on /home/airflow/.local/lib/python3.12/site-packages/airflow/example_dags/example_complex.py
[2024-06-02T19:43:45.276+0000] {processor.py:830} INFO - Processing file /home/airflow/.local/lib/python3.12/site-packages/airflow/example_dags/example_complex.py for tasks to queue
[2024-06-02T19:43:45.277+0000] {logging_mixin.py:188} INFO - [2024-06-02T19:43:45.277+0000] {dagbag.py:545} INFO - Filling up the DagBag from /home/airflow/.local/lib/python3.12/site-packages/airflow/example_dags/example_complex.py
[2024-06-02T19:43:45.283+0000] {processor.py:840} INFO - DAG(s) 'example_complex' retrieved from /home/airflow/.local/lib/python3.12/site-packages/airflow/example_dags/example_complex.py
[2024-06-02T19:43:45.301+0000] {logging_mixin.py:188} INFO - [2024-06-02T19:43:45.301+0000] {dag.py:3096} INFO - Sync 1 DAGs
[2024-06-02T19:43:45.308+0000] {logging_mixin.py:188} INFO - [2024-06-02T19:43:45.308+0000] {dag.py:3954} INFO - Setting next_dagrun for example_complex to None, run_after=None
[2024-06-02T19:43:45.319+0000] {processor.py:183} INFO - Processing /home/airflow/.local/lib/python3.12/site-packages/airflow/example_dags/example_complex.py took 0.046 seconds
[2024-06-02T19:44:15.893+0000] {processor.py:161} INFO - Started process (PID=368) to work on /home/airflow/.local/lib/python3.12/site-packages/airflow/example_dags/example_complex.py
[2024-06-02T19:44:15.893+0000] {processor.py:830} INFO - Processing file /home/airflow/.local/lib/python3.12/site-packages/airflow/example_dags/example_complex.py for tasks to queue
[2024-06-02T19:44:15.894+0000] {logging_mixin.py:188} INFO - [2024-06-02T19:44:15.894+0000] {dagbag.py:545} INFO - Filling up the DagBag from /home/airflow/.local/lib/python3.12/site-packages/airflow/example_dags/example_complex.py
[2024-06-02T19:44:15.901+0000] {processor.py:840} INFO - DAG(s) 'example_complex' retrieved from /home/airflow/.local/lib/python3.12/site-packages/airflow/example_dags/example_complex.py
[2024-06-02T19:44:15.919+0000] {logging_mixin.py:188} INFO - [2024-06-02T19:44:15.919+0000] {dag.py:3096} INFO - Sync 1 DAGs
[2024-06-02T19:44:15.927+0000] {logging_mixin.py:188} INFO - [2024-06-02T19:44:15.927+0000] {dag.py:3954} INFO - Setting next_dagrun for example_complex to None, run_after=None
[2024-06-02T19:44:15.938+0000] {processor.py:183} INFO - Processing /home/airflow/.local/lib/python3.12/site-packages/airflow/example_dags/example_complex.py took 0.048 seconds
[2024-06-02T19:44:46.524+0000] {processor.py:161} INFO - Started process (PID=426) to work on /home/airflow/.local/lib/python3.12/site-packages/airflow/example_dags/example_complex.py
[2024-06-02T19:44:46.524+0000] {processor.py:830} INFO - Processing file /home/airflow/.local/lib/python3.12/site-packages/airflow/example_dags/example_complex.py for tasks to queue
[2024-06-02T19:44:46.525+0000] {logging_mixin.py:188} INFO - [2024-06-02T19:44:46.525+0000] {dagbag.py:545} INFO - Filling up the DagBag from /home/airflow/.local/lib/python3.12/site-packages/airflow/example_dags/example_complex.py
[2024-06-02T19:44:46.531+0000] {processor.py:840} INFO - DAG(s) 'example_complex' retrieved from /home/airflow/.local/lib/python3.12/site-packages/airflow/example_dags/example_complex.py
[2024-06-02T19:44:46.549+0000] {logging_mixin.py:188} INFO - [2024-06-02T19:44:46.549+0000] {dag.py:3096} INFO - Sync 1 DAGs
[2024-06-02T19:44:46.556+0000] {logging_mixin.py:188} INFO - [2024-06-02T19:44:46.556+0000] {dag.py:3954} INFO - Setting next_dagrun for example_complex to None, run_after=None
[2024-06-02T19:44:46.566+0000] {processor.py:183} INFO - Processing /home/airflow/.local/lib/python3.12/site-packages/airflow/example_dags/example_complex.py took 0.045 seconds
[2024-06-02T19:45:17.158+0000] {processor.py:161} INFO - Started process (PID=484) to work on /home/airflow/.local/lib/python3.12/site-packages/airflow/example_dags/example_complex.py
[2024-06-02T19:45:17.159+0000] {processor.py:830} INFO - Processing file /home/airflow/.local/lib/python3.12/site-packages/airflow/example_dags/example_complex.py for tasks to queue
[2024-06-02T19:45:17.160+0000] {logging_mixin.py:188} INFO - [2024-06-02T19:45:17.160+0000] {dagbag.py:545} INFO - Filling up the DagBag from /home/airflow/.local/lib/python3.12/site-packages/airflow/example_dags/example_complex.py
[2024-06-02T19:45:17.166+0000] {processor.py:840} INFO - DAG(s) 'example_complex' retrieved from /home/airflow/.local/lib/python3.12/site-packages/airflow/example_dags/example_complex.py
[2024-06-02T19:45:17.184+0000] {logging_mixin.py:188} INFO - [2024-06-02T19:45:17.183+0000] {dag.py:3096} INFO - Sync 1 DAGs
[2024-06-02T19:45:17.191+0000] {logging_mixin.py:188} INFO - [2024-06-02T19:45:17.190+0000] {dag.py:3954} INFO - Setting next_dagrun for example_complex to None, run_after=None
[2024-06-02T19:45:17.201+0000] {processor.py:183} INFO - Processing /home/airflow/.local/lib/python3.12/site-packages/airflow/example_dags/example_complex.py took 0.045 seconds
[2024-06-02T19:45:47.823+0000] {processor.py:161} INFO - Started process (PID=541) to work on /home/airflow/.local/lib/python3.12/site-packages/airflow/example_dags/example_complex.py
[2024-06-02T19:45:47.823+0000] {processor.py:830} INFO - Processing file /home/airflow/.local/lib/python3.12/site-packages/airflow/example_dags/example_complex.py for tasks to queue
[2024-06-02T19:45:47.824+0000] {logging_mixin.py:188} INFO - [2024-06-02T19:45:47.824+0000] {dagbag.py:545} INFO - Filling up the DagBag from /home/airflow/.local/lib/python3.12/site-packages/airflow/example_dags/example_complex.py
[2024-06-02T19:45:47.830+0000] {processor.py:840} INFO - DAG(s) 'example_complex' retrieved from /home/airflow/.local/lib/python3.12/site-packages/airflow/example_dags/example_complex.py
[2024-06-02T19:45:47.848+0000] {logging_mixin.py:188} INFO - [2024-06-02T19:45:47.848+0000] {dag.py:3096} INFO - Sync 1 DAGs
[2024-06-02T19:45:47.855+0000] {logging_mixin.py:188} INFO - [2024-06-02T19:45:47.855+0000] {dag.py:3954} INFO - Setting next_dagrun for example_complex to None, run_after=None
[2024-06-02T19:45:47.867+0000] {processor.py:183} INFO - Processing /home/airflow/.local/lib/python3.12/site-packages/airflow/example_dags/example_complex.py took 0.047 seconds
[2024-06-02T19:46:18.517+0000] {processor.py:161} INFO - Started process (PID=599) to work on /home/airflow/.local/lib/python3.12/site-packages/airflow/example_dags/example_complex.py
[2024-06-02T19:46:18.517+0000] {processor.py:830} INFO - Processing file /home/airflow/.local/lib/python3.12/site-packages/airflow/example_dags/example_complex.py for tasks to queue
[2024-06-02T19:46:18.518+0000] {logging_mixin.py:188} INFO - [2024-06-02T19:46:18.518+0000] {dagbag.py:545} INFO - Filling up the DagBag from /home/airflow/.local/lib/python3.12/site-packages/airflow/example_dags/example_complex.py
[2024-06-02T19:46:18.525+0000] {processor.py:840} INFO - DAG(s) 'example_complex' retrieved from /home/airflow/.local/lib/python3.12/site-packages/airflow/example_dags/example_complex.py
[2024-06-02T19:46:18.544+0000] {logging_mixin.py:188} INFO - [2024-06-02T19:46:18.544+0000] {dag.py:3096} INFO - Sync 1 DAGs
[2024-06-02T19:46:18.551+0000] {logging_mixin.py:188} INFO - [2024-06-02T19:46:18.551+0000] {dag.py:3954} INFO - Setting next_dagrun for example_complex to None, run_after=None
[2024-06-02T19:46:18.561+0000] {processor.py:183} INFO - Processing /home/airflow/.local/lib/python3.12/site-packages/airflow/example_dags/example_complex.py took 0.047 seconds
[2024-06-02T19:46:49.227+0000] {processor.py:161} INFO - Started process (PID=657) to work on /home/airflow/.local/lib/python3.12/site-packages/airflow/example_dags/example_complex.py
[2024-06-02T19:46:49.228+0000] {processor.py:830} INFO - Processing file /home/airflow/.local/lib/python3.12/site-packages/airflow/example_dags/example_complex.py for tasks to queue
[2024-06-02T19:46:49.229+0000] {logging_mixin.py:188} INFO - [2024-06-02T19:46:49.229+0000] {dagbag.py:545} INFO - Filling up the DagBag from /home/airflow/.local/lib/python3.12/site-packages/airflow/example_dags/example_complex.py
[2024-06-02T19:46:49.236+0000] {processor.py:840} INFO - DAG(s) 'example_complex' retrieved from /home/airflow/.local/lib/python3.12/site-packages/airflow/example_dags/example_complex.py
[2024-06-02T19:46:49.255+0000] {logging_mixin.py:188} INFO - [2024-06-02T19:46:49.254+0000] {dag.py:3096} INFO - Sync 1 DAGs
[2024-06-02T19:46:49.262+0000] {logging_mixin.py:188} INFO - [2024-06-02T19:46:49.262+0000] {dag.py:3954} INFO - Setting next_dagrun for example_complex to None, run_after=None
[2024-06-02T19:46:49.272+0000] {processor.py:183} INFO - Processing /home/airflow/.local/lib/python3.12/site-packages/airflow/example_dags/example_complex.py took 0.048 seconds
[2024-06-02T19:47:19.916+0000] {processor.py:161} INFO - Started process (PID=715) to work on /home/airflow/.local/lib/python3.12/site-packages/airflow/example_dags/example_complex.py
[2024-06-02T19:47:19.917+0000] {processor.py:830} INFO - Processing file /home/airflow/.local/lib/python3.12/site-packages/airflow/example_dags/example_complex.py for tasks to queue
[2024-06-02T19:47:19.918+0000] {logging_mixin.py:188} INFO - [2024-06-02T19:47:19.918+0000] {dagbag.py:545} INFO - Filling up the DagBag from /home/airflow/.local/lib/python3.12/site-packages/airflow/example_dags/example_complex.py
[2024-06-02T19:47:19.924+0000] {processor.py:840} INFO - DAG(s) 'example_complex' retrieved from /home/airflow/.local/lib/python3.12/site-packages/airflow/example_dags/example_complex.py
[2024-06-02T19:47:19.941+0000] {logging_mixin.py:188} INFO - [2024-06-02T19:47:19.941+0000] {dag.py:3096} INFO - Sync 1 DAGs
[2024-06-02T19:47:19.948+0000] {logging_mixin.py:188} INFO - [2024-06-02T19:47:19.948+0000] {dag.py:3954} INFO - Setting next_dagrun for example_complex to None, run_after=None
[2024-06-02T19:47:19.960+0000] {processor.py:183} INFO - Processing /home/airflow/.local/lib/python3.12/site-packages/airflow/example_dags/example_complex.py took 0.046 seconds
[2024-06-02T19:47:50.665+0000] {processor.py:161} INFO - Started process (PID=773) to work on /home/airflow/.local/lib/python3.12/site-packages/airflow/example_dags/example_complex.py
[2024-06-02T19:47:50.666+0000] {processor.py:830} INFO - Processing file /home/airflow/.local/lib/python3.12/site-packages/airflow/example_dags/example_complex.py for tasks to queue
[2024-06-02T19:47:50.667+0000] {logging_mixin.py:188} INFO - [2024-06-02T19:47:50.666+0000] {dagbag.py:545} INFO - Filling up the DagBag from /home/airflow/.local/lib/python3.12/site-packages/airflow/example_dags/example_complex.py
[2024-06-02T19:47:50.672+0000] {processor.py:840} INFO - DAG(s) 'example_complex' retrieved from /home/airflow/.local/lib/python3.12/site-packages/airflow/example_dags/example_complex.py
[2024-06-02T19:47:50.690+0000] {logging_mixin.py:188} INFO - [2024-06-02T19:47:50.690+0000] {dag.py:3096} INFO - Sync 1 DAGs
[2024-06-02T19:47:50.697+0000] {logging_mixin.py:188} INFO - [2024-06-02T19:47:50.697+0000] {dag.py:3954} INFO - Setting next_dagrun for example_complex to None, run_after=None
[2024-06-02T19:47:50.707+0000] {processor.py:183} INFO - Processing /home/airflow/.local/lib/python3.12/site-packages/airflow/example_dags/example_complex.py took 0.045 seconds
[2024-06-02T19:48:21.380+0000] {processor.py:161} INFO - Started process (PID=831) to work on /home/airflow/.local/lib/python3.12/site-packages/airflow/example_dags/example_complex.py
[2024-06-02T19:48:21.381+0000] {processor.py:830} INFO - Processing file /home/airflow/.local/lib/python3.12/site-packages/airflow/example_dags/example_complex.py for tasks to queue
[2024-06-02T19:48:21.382+0000] {logging_mixin.py:188} INFO - [2024-06-02T19:48:21.382+0000] {dagbag.py:545} INFO - Filling up the DagBag from /home/airflow/.local/lib/python3.12/site-packages/airflow/example_dags/example_complex.py
[2024-06-02T19:48:21.387+0000] {processor.py:840} INFO - DAG(s) 'example_complex' retrieved from /home/airflow/.local/lib/python3.12/site-packages/airflow/example_dags/example_complex.py
[2024-06-02T19:48:21.406+0000] {logging_mixin.py:188} INFO - [2024-06-02T19:48:21.406+0000] {dag.py:3096} INFO - Sync 1 DAGs
[2024-06-02T19:48:21.414+0000] {logging_mixin.py:188} INFO - [2024-06-02T19:48:21.414+0000] {dag.py:3954} INFO - Setting next_dagrun for example_complex to None, run_after=None
[2024-06-02T19:48:21.424+0000] {processor.py:183} INFO - Processing /home/airflow/.local/lib/python3.12/site-packages/airflow/example_dags/example_complex.py took 0.047 seconds
[2024-06-02T19:48:52.001+0000] {processor.py:161} INFO - Started process (PID=889) to work on /home/airflow/.local/lib/python3.12/site-packages/airflow/example_dags/example_complex.py
[2024-06-02T19:48:52.001+0000] {processor.py:830} INFO - Processing file /home/airflow/.local/lib/python3.12/site-packages/airflow/example_dags/example_complex.py for tasks to queue
[2024-06-02T19:48:52.002+0000] {logging_mixin.py:188} INFO - [2024-06-02T19:48:52.002+0000] {dagbag.py:545} INFO - Filling up the DagBag from /home/airflow/.local/lib/python3.12/site-packages/airflow/example_dags/example_complex.py
[2024-06-02T19:48:52.008+0000] {processor.py:840} INFO - DAG(s) 'example_complex' retrieved from /home/airflow/.local/lib/python3.12/site-packages/airflow/example_dags/example_complex.py
[2024-06-02T19:48:52.026+0000] {logging_mixin.py:188} INFO - [2024-06-02T19:48:52.026+0000] {dag.py:3096} INFO - Sync 1 DAGs
[2024-06-02T19:48:52.033+0000] {logging_mixin.py:188} INFO - [2024-06-02T19:48:52.033+0000] {dag.py:3954} INFO - Setting next_dagrun for example_complex to None, run_after=None
[2024-06-02T19:48:52.044+0000] {processor.py:183} INFO - Processing /home/airflow/.local/lib/python3.12/site-packages/airflow/example_dags/example_complex.py took 0.046 seconds
[2024-06-02T19:49:22.641+0000] {processor.py:161} INFO - Started process (PID=947) to work on /home/airflow/.local/lib/python3.12/site-packages/airflow/example_dags/example_complex.py
[2024-06-02T19:49:22.641+0000] {processor.py:830} INFO - Processing file /home/airflow/.local/lib/python3.12/site-packages/airflow/example_dags/example_complex.py for tasks to queue
[2024-06-02T19:49:22.643+0000] {logging_mixin.py:188} INFO - [2024-06-02T19:49:22.643+0000] {dagbag.py:545} INFO - Filling up the DagBag from /home/airflow/.local/lib/python3.12/site-packages/airflow/example_dags/example_complex.py
[2024-06-02T19:49:22.650+0000] {processor.py:840} INFO - DAG(s) 'example_complex' retrieved from /home/airflow/.local/lib/python3.12/site-packages/airflow/example_dags/example_complex.py
[2024-06-02T19:49:22.670+0000] {logging_mixin.py:188} INFO - [2024-06-02T19:49:22.670+0000] {dag.py:3096} INFO - Sync 1 DAGs
[2024-06-02T19:49:22.678+0000] {logging_mixin.py:188} INFO - [2024-06-02T19:49:22.677+0000] {dag.py:3954} INFO - Setting next_dagrun for example_complex to None, run_after=None
[2024-06-02T19:49:22.689+0000] {processor.py:183} INFO - Processing /home/airflow/.local/lib/python3.12/site-packages/airflow/example_dags/example_complex.py took 0.051 seconds
[2024-06-02T19:49:53.278+0000] {processor.py:161} INFO - Started process (PID=1005) to work on /home/airflow/.local/lib/python3.12/site-packages/airflow/example_dags/example_complex.py
[2024-06-02T19:49:53.278+0000] {processor.py:830} INFO - Processing file /home/airflow/.local/lib/python3.12/site-packages/airflow/example_dags/example_complex.py for tasks to queue
[2024-06-02T19:49:53.280+0000] {logging_mixin.py:188} INFO - [2024-06-02T19:49:53.279+0000] {dagbag.py:545} INFO - Filling up the DagBag from /home/airflow/.local/lib/python3.12/site-packages/airflow/example_dags/example_complex.py
[2024-06-02T19:49:53.286+0000] {processor.py:840} INFO - DAG(s) 'example_complex' retrieved from /home/airflow/.local/lib/python3.12/site-packages/airflow/example_dags/example_complex.py
[2024-06-02T19:49:53.304+0000] {logging_mixin.py:188} INFO - [2024-06-02T19:49:53.304+0000] {dag.py:3096} INFO - Sync 1 DAGs
[2024-06-02T19:49:53.311+0000] {logging_mixin.py:188} INFO - [2024-06-02T19:49:53.311+0000] {dag.py:3954} INFO - Setting next_dagrun for example_complex to None, run_after=None
[2024-06-02T19:49:53.322+0000] {processor.py:183} INFO - Processing /home/airflow/.local/lib/python3.12/site-packages/airflow/example_dags/example_complex.py took 0.047 seconds
[2024-06-02T19:50:24.068+0000] {processor.py:161} INFO - Started process (PID=1063) to work on /home/airflow/.local/lib/python3.12/site-packages/airflow/example_dags/example_complex.py
[2024-06-02T19:50:24.068+0000] {processor.py:830} INFO - Processing file /home/airflow/.local/lib/python3.12/site-packages/airflow/example_dags/example_complex.py for tasks to queue
[2024-06-02T19:50:24.069+0000] {logging_mixin.py:188} INFO - [2024-06-02T19:50:24.069+0000] {dagbag.py:545} INFO - Filling up the DagBag from /home/airflow/.local/lib/python3.12/site-packages/airflow/example_dags/example_complex.py
[2024-06-02T19:50:24.075+0000] {processor.py:840} INFO - DAG(s) 'example_complex' retrieved from /home/airflow/.local/lib/python3.12/site-packages/airflow/example_dags/example_complex.py
[2024-06-02T19:50:24.093+0000] {logging_mixin.py:188} INFO - [2024-06-02T19:50:24.092+0000] {dag.py:3096} INFO - Sync 1 DAGs
[2024-06-02T19:50:24.099+0000] {logging_mixin.py:188} INFO - [2024-06-02T19:50:24.099+0000] {dag.py:3954} INFO - Setting next_dagrun for example_complex to None, run_after=None
[2024-06-02T19:50:24.110+0000] {processor.py:183} INFO - Processing /home/airflow/.local/lib/python3.12/site-packages/airflow/example_dags/example_complex.py took 0.045 seconds
[2024-06-02T19:50:54.172+0000] {processor.py:161} INFO - Started process (PID=1121) to work on /home/airflow/.local/lib/python3.12/site-packages/airflow/example_dags/example_complex.py
[2024-06-02T19:50:54.173+0000] {processor.py:830} INFO - Processing file /home/airflow/.local/lib/python3.12/site-packages/airflow/example_dags/example_complex.py for tasks to queue
[2024-06-02T19:50:54.174+0000] {logging_mixin.py:188} INFO - [2024-06-02T19:50:54.174+0000] {dagbag.py:545} INFO - Filling up the DagBag from /home/airflow/.local/lib/python3.12/site-packages/airflow/example_dags/example_complex.py
[2024-06-02T19:50:54.180+0000] {processor.py:840} INFO - DAG(s) 'example_complex' retrieved from /home/airflow/.local/lib/python3.12/site-packages/airflow/example_dags/example_complex.py
[2024-06-02T19:50:54.199+0000] {logging_mixin.py:188} INFO - [2024-06-02T19:50:54.199+0000] {dag.py:3096} INFO - Sync 1 DAGs
[2024-06-02T19:50:54.206+0000] {logging_mixin.py:188} INFO - [2024-06-02T19:50:54.206+0000] {dag.py:3954} INFO - Setting next_dagrun for example_complex to None, run_after=None
[2024-06-02T19:50:54.216+0000] {processor.py:183} INFO - Processing /home/airflow/.local/lib/python3.12/site-packages/airflow/example_dags/example_complex.py took 0.047 seconds
[2024-06-02T19:51:24.383+0000] {processor.py:161} INFO - Started process (PID=1179) to work on /home/airflow/.local/lib/python3.12/site-packages/airflow/example_dags/example_complex.py
[2024-06-02T19:51:24.384+0000] {processor.py:830} INFO - Processing file /home/airflow/.local/lib/python3.12/site-packages/airflow/example_dags/example_complex.py for tasks to queue
[2024-06-02T19:51:24.385+0000] {logging_mixin.py:188} INFO - [2024-06-02T19:51:24.385+0000] {dagbag.py:545} INFO - Filling up the DagBag from /home/airflow/.local/lib/python3.12/site-packages/airflow/example_dags/example_complex.py
[2024-06-02T19:51:24.391+0000] {processor.py:840} INFO - DAG(s) 'example_complex' retrieved from /home/airflow/.local/lib/python3.12/site-packages/airflow/example_dags/example_complex.py
[2024-06-02T19:51:24.408+0000] {logging_mixin.py:188} INFO - [2024-06-02T19:51:24.408+0000] {dag.py:3096} INFO - Sync 1 DAGs
[2024-06-02T19:51:24.415+0000] {logging_mixin.py:188} INFO - [2024-06-02T19:51:24.415+0000] {dag.py:3954} INFO - Setting next_dagrun for example_complex to None, run_after=None
[2024-06-02T19:51:24.425+0000] {processor.py:183} INFO - Processing /home/airflow/.local/lib/python3.12/site-packages/airflow/example_dags/example_complex.py took 0.045 seconds
[2024-06-02T19:51:54.561+0000] {processor.py:161} INFO - Started process (PID=1237) to work on /home/airflow/.local/lib/python3.12/site-packages/airflow/example_dags/example_complex.py
[2024-06-02T19:51:54.562+0000] {processor.py:830} INFO - Processing file /home/airflow/.local/lib/python3.12/site-packages/airflow/example_dags/example_complex.py for tasks to queue
[2024-06-02T19:51:54.563+0000] {logging_mixin.py:188} INFO - [2024-06-02T19:51:54.563+0000] {dagbag.py:545} INFO - Filling up the DagBag from /home/airflow/.local/lib/python3.12/site-packages/airflow/example_dags/example_complex.py
[2024-06-02T19:51:54.569+0000] {processor.py:840} INFO - DAG(s) 'example_complex' retrieved from /home/airflow/.local/lib/python3.12/site-packages/airflow/example_dags/example_complex.py
[2024-06-02T19:51:54.588+0000] {logging_mixin.py:188} INFO - [2024-06-02T19:51:54.588+0000] {dag.py:3096} INFO - Sync 1 DAGs
[2024-06-02T19:51:54.596+0000] {logging_mixin.py:188} INFO - [2024-06-02T19:51:54.596+0000] {dag.py:3954} INFO - Setting next_dagrun for example_complex to None, run_after=None
[2024-06-02T19:51:54.605+0000] {processor.py:183} INFO - Processing /home/airflow/.local/lib/python3.12/site-packages/airflow/example_dags/example_complex.py took 0.047 seconds
[2024-06-02T19:52:25.243+0000] {processor.py:161} INFO - Started process (PID=1300) to work on /home/airflow/.local/lib/python3.12/site-packages/airflow/example_dags/example_complex.py
[2024-06-02T19:52:25.246+0000] {processor.py:830} INFO - Processing file /home/airflow/.local/lib/python3.12/site-packages/airflow/example_dags/example_complex.py for tasks to queue
[2024-06-02T19:52:25.247+0000] {logging_mixin.py:188} INFO - [2024-06-02T19:52:25.247+0000] {dagbag.py:545} INFO - Filling up the DagBag from /home/airflow/.local/lib/python3.12/site-packages/airflow/example_dags/example_complex.py
[2024-06-02T19:52:25.254+0000] {processor.py:840} INFO - DAG(s) 'example_complex' retrieved from /home/airflow/.local/lib/python3.12/site-packages/airflow/example_dags/example_complex.py
[2024-06-02T19:52:25.274+0000] {logging_mixin.py:188} INFO - [2024-06-02T19:52:25.274+0000] {dag.py:3096} INFO - Sync 1 DAGs
[2024-06-02T19:52:25.282+0000] {logging_mixin.py:188} INFO - [2024-06-02T19:52:25.282+0000] {dag.py:3954} INFO - Setting next_dagrun for example_complex to None, run_after=None
[2024-06-02T19:52:25.294+0000] {processor.py:183} INFO - Processing /home/airflow/.local/lib/python3.12/site-packages/airflow/example_dags/example_complex.py took 0.055 seconds
[2024-06-02T19:52:55.977+0000] {processor.py:161} INFO - Started process (PID=1358) to work on /home/airflow/.local/lib/python3.12/site-packages/airflow/example_dags/example_complex.py
[2024-06-02T19:52:55.978+0000] {processor.py:830} INFO - Processing file /home/airflow/.local/lib/python3.12/site-packages/airflow/example_dags/example_complex.py for tasks to queue
[2024-06-02T19:52:55.979+0000] {logging_mixin.py:188} INFO - [2024-06-02T19:52:55.979+0000] {dagbag.py:545} INFO - Filling up the DagBag from /home/airflow/.local/lib/python3.12/site-packages/airflow/example_dags/example_complex.py
[2024-06-02T19:52:55.984+0000] {processor.py:840} INFO - DAG(s) 'example_complex' retrieved from /home/airflow/.local/lib/python3.12/site-packages/airflow/example_dags/example_complex.py
[2024-06-02T19:52:56.003+0000] {logging_mixin.py:188} INFO - [2024-06-02T19:52:56.003+0000] {dag.py:3096} INFO - Sync 1 DAGs
[2024-06-02T19:52:56.010+0000] {logging_mixin.py:188} INFO - [2024-06-02T19:52:56.010+0000] {dag.py:3954} INFO - Setting next_dagrun for example_complex to None, run_after=None
[2024-06-02T19:52:56.020+0000] {processor.py:183} INFO - Processing /home/airflow/.local/lib/python3.12/site-packages/airflow/example_dags/example_complex.py took 0.046 seconds
[2024-06-02T19:53:26.676+0000] {processor.py:161} INFO - Started process (PID=1416) to work on /home/airflow/.local/lib/python3.12/site-packages/airflow/example_dags/example_complex.py
[2024-06-02T19:53:26.677+0000] {processor.py:830} INFO - Processing file /home/airflow/.local/lib/python3.12/site-packages/airflow/example_dags/example_complex.py for tasks to queue
[2024-06-02T19:53:26.678+0000] {logging_mixin.py:188} INFO - [2024-06-02T19:53:26.678+0000] {dagbag.py:545} INFO - Filling up the DagBag from /home/airflow/.local/lib/python3.12/site-packages/airflow/example_dags/example_complex.py
[2024-06-02T19:53:26.684+0000] {processor.py:840} INFO - DAG(s) 'example_complex' retrieved from /home/airflow/.local/lib/python3.12/site-packages/airflow/example_dags/example_complex.py
[2024-06-02T19:53:26.703+0000] {logging_mixin.py:188} INFO - [2024-06-02T19:53:26.702+0000] {dag.py:3096} INFO - Sync 1 DAGs
[2024-06-02T19:53:26.710+0000] {logging_mixin.py:188} INFO - [2024-06-02T19:53:26.710+0000] {dag.py:3954} INFO - Setting next_dagrun for example_complex to None, run_after=None
[2024-06-02T19:53:26.723+0000] {processor.py:183} INFO - Processing /home/airflow/.local/lib/python3.12/site-packages/airflow/example_dags/example_complex.py took 0.049 seconds
[2024-06-02T19:53:57.352+0000] {processor.py:161} INFO - Started process (PID=1474) to work on /home/airflow/.local/lib/python3.12/site-packages/airflow/example_dags/example_complex.py
[2024-06-02T19:53:57.352+0000] {processor.py:830} INFO - Processing file /home/airflow/.local/lib/python3.12/site-packages/airflow/example_dags/example_complex.py for tasks to queue
[2024-06-02T19:53:57.353+0000] {logging_mixin.py:188} INFO - [2024-06-02T19:53:57.353+0000] {dagbag.py:545} INFO - Filling up the DagBag from /home/airflow/.local/lib/python3.12/site-packages/airflow/example_dags/example_complex.py
[2024-06-02T19:53:57.360+0000] {processor.py:840} INFO - DAG(s) 'example_complex' retrieved from /home/airflow/.local/lib/python3.12/site-packages/airflow/example_dags/example_complex.py
[2024-06-02T19:53:57.380+0000] {logging_mixin.py:188} INFO - [2024-06-02T19:53:57.380+0000] {dag.py:3096} INFO - Sync 1 DAGs
[2024-06-02T19:53:57.388+0000] {logging_mixin.py:188} INFO - [2024-06-02T19:53:57.388+0000] {dag.py:3954} INFO - Setting next_dagrun for example_complex to None, run_after=None
[2024-06-02T19:53:57.401+0000] {processor.py:183} INFO - Processing /home/airflow/.local/lib/python3.12/site-packages/airflow/example_dags/example_complex.py took 0.053 seconds
[2024-06-02T19:54:28.069+0000] {processor.py:161} INFO - Started process (PID=1532) to work on /home/airflow/.local/lib/python3.12/site-packages/airflow/example_dags/example_complex.py
[2024-06-02T19:54:28.070+0000] {processor.py:830} INFO - Processing file /home/airflow/.local/lib/python3.12/site-packages/airflow/example_dags/example_complex.py for tasks to queue
[2024-06-02T19:54:28.071+0000] {logging_mixin.py:188} INFO - [2024-06-02T19:54:28.071+0000] {dagbag.py:545} INFO - Filling up the DagBag from /home/airflow/.local/lib/python3.12/site-packages/airflow/example_dags/example_complex.py
[2024-06-02T19:54:28.077+0000] {processor.py:840} INFO - DAG(s) 'example_complex' retrieved from /home/airflow/.local/lib/python3.12/site-packages/airflow/example_dags/example_complex.py
[2024-06-02T19:54:28.095+0000] {logging_mixin.py:188} INFO - [2024-06-02T19:54:28.095+0000] {dag.py:3096} INFO - Sync 1 DAGs
[2024-06-02T19:54:28.102+0000] {logging_mixin.py:188} INFO - [2024-06-02T19:54:28.102+0000] {dag.py:3954} INFO - Setting next_dagrun for example_complex to None, run_after=None
[2024-06-02T19:54:28.112+0000] {processor.py:183} INFO - Processing /home/airflow/.local/lib/python3.12/site-packages/airflow/example_dags/example_complex.py took 0.046 seconds
[2024-06-02T19:54:58.905+0000] {processor.py:161} INFO - Started process (PID=1590) to work on /home/airflow/.local/lib/python3.12/site-packages/airflow/example_dags/example_complex.py
[2024-06-02T19:54:58.906+0000] {processor.py:830} INFO - Processing file /home/airflow/.local/lib/python3.12/site-packages/airflow/example_dags/example_complex.py for tasks to queue
[2024-06-02T19:54:58.907+0000] {logging_mixin.py:188} INFO - [2024-06-02T19:54:58.906+0000] {dagbag.py:545} INFO - Filling up the DagBag from /home/airflow/.local/lib/python3.12/site-packages/airflow/example_dags/example_complex.py
[2024-06-02T19:54:58.912+0000] {processor.py:840} INFO - DAG(s) 'example_complex' retrieved from /home/airflow/.local/lib/python3.12/site-packages/airflow/example_dags/example_complex.py
[2024-06-02T19:54:58.930+0000] {logging_mixin.py:188} INFO - [2024-06-02T19:54:58.930+0000] {dag.py:3096} INFO - Sync 1 DAGs
[2024-06-02T19:54:58.937+0000] {logging_mixin.py:188} INFO - [2024-06-02T19:54:58.937+0000] {dag.py:3954} INFO - Setting next_dagrun for example_complex to None, run_after=None
[2024-06-02T19:54:58.947+0000] {processor.py:183} INFO - Processing /home/airflow/.local/lib/python3.12/site-packages/airflow/example_dags/example_complex.py took 0.045 seconds
[2024-06-02T19:55:29.592+0000] {processor.py:161} INFO - Started process (PID=1648) to work on /home/airflow/.local/lib/python3.12/site-packages/airflow/example_dags/example_complex.py
[2024-06-02T19:55:29.592+0000] {processor.py:830} INFO - Processing file /home/airflow/.local/lib/python3.12/site-packages/airflow/example_dags/example_complex.py for tasks to queue
[2024-06-02T19:55:29.593+0000] {logging_mixin.py:188} INFO - [2024-06-02T19:55:29.593+0000] {dagbag.py:545} INFO - Filling up the DagBag from /home/airflow/.local/lib/python3.12/site-packages/airflow/example_dags/example_complex.py
[2024-06-02T19:55:29.599+0000] {processor.py:840} INFO - DAG(s) 'example_complex' retrieved from /home/airflow/.local/lib/python3.12/site-packages/airflow/example_dags/example_complex.py
[2024-06-02T19:55:29.617+0000] {logging_mixin.py:188} INFO - [2024-06-02T19:55:29.617+0000] {dag.py:3096} INFO - Sync 1 DAGs
[2024-06-02T19:55:29.624+0000] {logging_mixin.py:188} INFO - [2024-06-02T19:55:29.624+0000] {dag.py:3954} INFO - Setting next_dagrun for example_complex to None, run_after=None
[2024-06-02T19:55:29.634+0000] {processor.py:183} INFO - Processing /home/airflow/.local/lib/python3.12/site-packages/airflow/example_dags/example_complex.py took 0.046 seconds
[2024-06-02T19:56:00.258+0000] {processor.py:161} INFO - Started process (PID=1706) to work on /home/airflow/.local/lib/python3.12/site-packages/airflow/example_dags/example_complex.py
[2024-06-02T19:56:00.259+0000] {processor.py:830} INFO - Processing file /home/airflow/.local/lib/python3.12/site-packages/airflow/example_dags/example_complex.py for tasks to queue
[2024-06-02T19:56:00.260+0000] {logging_mixin.py:188} INFO - [2024-06-02T19:56:00.260+0000] {dagbag.py:545} INFO - Filling up the DagBag from /home/airflow/.local/lib/python3.12/site-packages/airflow/example_dags/example_complex.py
[2024-06-02T19:56:00.266+0000] {processor.py:840} INFO - DAG(s) 'example_complex' retrieved from /home/airflow/.local/lib/python3.12/site-packages/airflow/example_dags/example_complex.py
[2024-06-02T19:56:00.284+0000] {logging_mixin.py:188} INFO - [2024-06-02T19:56:00.284+0000] {dag.py:3096} INFO - Sync 1 DAGs
[2024-06-02T19:56:00.291+0000] {logging_mixin.py:188} INFO - [2024-06-02T19:56:00.291+0000] {dag.py:3954} INFO - Setting next_dagrun for example_complex to None, run_after=None
[2024-06-02T19:56:00.302+0000] {processor.py:183} INFO - Processing /home/airflow/.local/lib/python3.12/site-packages/airflow/example_dags/example_complex.py took 0.047 seconds
[2024-06-02T19:56:30.884+0000] {processor.py:161} INFO - Started process (PID=1764) to work on /home/airflow/.local/lib/python3.12/site-packages/airflow/example_dags/example_complex.py
[2024-06-02T19:56:30.885+0000] {processor.py:830} INFO - Processing file /home/airflow/.local/lib/python3.12/site-packages/airflow/example_dags/example_complex.py for tasks to queue
[2024-06-02T19:56:30.887+0000] {logging_mixin.py:188} INFO - [2024-06-02T19:56:30.886+0000] {dagbag.py:545} INFO - Filling up the DagBag from /home/airflow/.local/lib/python3.12/site-packages/airflow/example_dags/example_complex.py
[2024-06-02T19:56:30.892+0000] {processor.py:840} INFO - DAG(s) 'example_complex' retrieved from /home/airflow/.local/lib/python3.12/site-packages/airflow/example_dags/example_complex.py
[2024-06-02T19:56:30.910+0000] {logging_mixin.py:188} INFO - [2024-06-02T19:56:30.910+0000] {dag.py:3096} INFO - Sync 1 DAGs
[2024-06-02T19:56:30.917+0000] {logging_mixin.py:188} INFO - [2024-06-02T19:56:30.917+0000] {dag.py:3954} INFO - Setting next_dagrun for example_complex to None, run_after=None
[2024-06-02T19:56:30.927+0000] {processor.py:183} INFO - Processing /home/airflow/.local/lib/python3.12/site-packages/airflow/example_dags/example_complex.py took 0.046 seconds
[2024-06-02T19:57:01.733+0000] {processor.py:161} INFO - Started process (PID=1822) to work on /home/airflow/.local/lib/python3.12/site-packages/airflow/example_dags/example_complex.py
[2024-06-02T19:57:01.734+0000] {processor.py:830} INFO - Processing file /home/airflow/.local/lib/python3.12/site-packages/airflow/example_dags/example_complex.py for tasks to queue
[2024-06-02T19:57:01.735+0000] {logging_mixin.py:188} INFO - [2024-06-02T19:57:01.735+0000] {dagbag.py:545} INFO - Filling up the DagBag from /home/airflow/.local/lib/python3.12/site-packages/airflow/example_dags/example_complex.py
[2024-06-02T19:57:01.741+0000] {processor.py:840} INFO - DAG(s) 'example_complex' retrieved from /home/airflow/.local/lib/python3.12/site-packages/airflow/example_dags/example_complex.py
[2024-06-02T19:57:01.761+0000] {logging_mixin.py:188} INFO - [2024-06-02T19:57:01.761+0000] {dag.py:3096} INFO - Sync 1 DAGs
[2024-06-02T19:57:01.769+0000] {logging_mixin.py:188} INFO - [2024-06-02T19:57:01.769+0000] {dag.py:3954} INFO - Setting next_dagrun for example_complex to None, run_after=None
[2024-06-02T19:57:01.779+0000] {processor.py:183} INFO - Processing /home/airflow/.local/lib/python3.12/site-packages/airflow/example_dags/example_complex.py took 0.049 seconds
[2024-06-02T19:57:31.805+0000] {processor.py:161} INFO - Started process (PID=1880) to work on /home/airflow/.local/lib/python3.12/site-packages/airflow/example_dags/example_complex.py
[2024-06-02T19:57:31.806+0000] {processor.py:830} INFO - Processing file /home/airflow/.local/lib/python3.12/site-packages/airflow/example_dags/example_complex.py for tasks to queue
[2024-06-02T19:57:31.807+0000] {logging_mixin.py:188} INFO - [2024-06-02T19:57:31.807+0000] {dagbag.py:545} INFO - Filling up the DagBag from /home/airflow/.local/lib/python3.12/site-packages/airflow/example_dags/example_complex.py
[2024-06-02T19:57:31.813+0000] {processor.py:840} INFO - DAG(s) 'example_complex' retrieved from /home/airflow/.local/lib/python3.12/site-packages/airflow/example_dags/example_complex.py
[2024-06-02T19:57:31.832+0000] {logging_mixin.py:188} INFO - [2024-06-02T19:57:31.832+0000] {dag.py:3096} INFO - Sync 1 DAGs
[2024-06-02T19:57:31.840+0000] {logging_mixin.py:188} INFO - [2024-06-02T19:57:31.840+0000] {dag.py:3954} INFO - Setting next_dagrun for example_complex to None, run_after=None
[2024-06-02T19:57:31.851+0000] {processor.py:183} INFO - Processing /home/airflow/.local/lib/python3.12/site-packages/airflow/example_dags/example_complex.py took 0.049 seconds
[2024-06-02T19:58:02.630+0000] {processor.py:161} INFO - Started process (PID=1938) to work on /home/airflow/.local/lib/python3.12/site-packages/airflow/example_dags/example_complex.py
[2024-06-02T19:58:02.630+0000] {processor.py:830} INFO - Processing file /home/airflow/.local/lib/python3.12/site-packages/airflow/example_dags/example_complex.py for tasks to queue
[2024-06-02T19:58:02.632+0000] {logging_mixin.py:188} INFO - [2024-06-02T19:58:02.631+0000] {dagbag.py:545} INFO - Filling up the DagBag from /home/airflow/.local/lib/python3.12/site-packages/airflow/example_dags/example_complex.py
[2024-06-02T19:58:02.638+0000] {processor.py:840} INFO - DAG(s) 'example_complex' retrieved from /home/airflow/.local/lib/python3.12/site-packages/airflow/example_dags/example_complex.py
[2024-06-02T19:58:02.656+0000] {logging_mixin.py:188} INFO - [2024-06-02T19:58:02.656+0000] {dag.py:3096} INFO - Sync 1 DAGs
[2024-06-02T19:58:02.664+0000] {logging_mixin.py:188} INFO - [2024-06-02T19:58:02.664+0000] {dag.py:3954} INFO - Setting next_dagrun for example_complex to None, run_after=None
[2024-06-02T19:58:02.674+0000] {processor.py:183} INFO - Processing /home/airflow/.local/lib/python3.12/site-packages/airflow/example_dags/example_complex.py took 0.047 seconds
[2024-06-02T19:58:33.322+0000] {processor.py:161} INFO - Started process (PID=1996) to work on /home/airflow/.local/lib/python3.12/site-packages/airflow/example_dags/example_complex.py
[2024-06-02T19:58:33.323+0000] {processor.py:830} INFO - Processing file /home/airflow/.local/lib/python3.12/site-packages/airflow/example_dags/example_complex.py for tasks to queue
[2024-06-02T19:58:33.324+0000] {logging_mixin.py:188} INFO - [2024-06-02T19:58:33.324+0000] {dagbag.py:545} INFO - Filling up the DagBag from /home/airflow/.local/lib/python3.12/site-packages/airflow/example_dags/example_complex.py
[2024-06-02T19:58:33.330+0000] {processor.py:840} INFO - DAG(s) 'example_complex' retrieved from /home/airflow/.local/lib/python3.12/site-packages/airflow/example_dags/example_complex.py
[2024-06-02T19:58:33.348+0000] {logging_mixin.py:188} INFO - [2024-06-02T19:58:33.348+0000] {dag.py:3096} INFO - Sync 1 DAGs
[2024-06-02T19:58:33.355+0000] {logging_mixin.py:188} INFO - [2024-06-02T19:58:33.355+0000] {dag.py:3954} INFO - Setting next_dagrun for example_complex to None, run_after=None
[2024-06-02T19:58:33.366+0000] {processor.py:183} INFO - Processing /home/airflow/.local/lib/python3.12/site-packages/airflow/example_dags/example_complex.py took 0.046 seconds
[2024-06-02T19:59:03.474+0000] {processor.py:161} INFO - Started process (PID=2054) to work on /home/airflow/.local/lib/python3.12/site-packages/airflow/example_dags/example_complex.py
[2024-06-02T19:59:03.475+0000] {processor.py:830} INFO - Processing file /home/airflow/.local/lib/python3.12/site-packages/airflow/example_dags/example_complex.py for tasks to queue
[2024-06-02T19:59:03.476+0000] {logging_mixin.py:188} INFO - [2024-06-02T19:59:03.476+0000] {dagbag.py:545} INFO - Filling up the DagBag from /home/airflow/.local/lib/python3.12/site-packages/airflow/example_dags/example_complex.py
[2024-06-02T19:59:03.481+0000] {processor.py:840} INFO - DAG(s) 'example_complex' retrieved from /home/airflow/.local/lib/python3.12/site-packages/airflow/example_dags/example_complex.py
[2024-06-02T19:59:03.499+0000] {logging_mixin.py:188} INFO - [2024-06-02T19:59:03.499+0000] {dag.py:3096} INFO - Sync 1 DAGs
[2024-06-02T19:59:03.506+0000] {logging_mixin.py:188} INFO - [2024-06-02T19:59:03.506+0000] {dag.py:3954} INFO - Setting next_dagrun for example_complex to None, run_after=None
[2024-06-02T19:59:03.517+0000] {processor.py:183} INFO - Processing /home/airflow/.local/lib/python3.12/site-packages/airflow/example_dags/example_complex.py took 0.046 seconds
[2024-06-02T19:59:33.957+0000] {processor.py:161} INFO - Started process (PID=2112) to work on /home/airflow/.local/lib/python3.12/site-packages/airflow/example_dags/example_complex.py
[2024-06-02T19:59:33.958+0000] {processor.py:830} INFO - Processing file /home/airflow/.local/lib/python3.12/site-packages/airflow/example_dags/example_complex.py for tasks to queue
[2024-06-02T19:59:33.959+0000] {logging_mixin.py:188} INFO - [2024-06-02T19:59:33.959+0000] {dagbag.py:545} INFO - Filling up the DagBag from /home/airflow/.local/lib/python3.12/site-packages/airflow/example_dags/example_complex.py
[2024-06-02T19:59:33.965+0000] {processor.py:840} INFO - DAG(s) 'example_complex' retrieved from /home/airflow/.local/lib/python3.12/site-packages/airflow/example_dags/example_complex.py
[2024-06-02T19:59:33.983+0000] {logging_mixin.py:188} INFO - [2024-06-02T19:59:33.983+0000] {dag.py:3096} INFO - Sync 1 DAGs
[2024-06-02T19:59:33.991+0000] {logging_mixin.py:188} INFO - [2024-06-02T19:59:33.991+0000] {dag.py:3954} INFO - Setting next_dagrun for example_complex to None, run_after=None
[2024-06-02T19:59:34.001+0000] {processor.py:183} INFO - Processing /home/airflow/.local/lib/python3.12/site-packages/airflow/example_dags/example_complex.py took 0.047 seconds
[2024-06-02T20:00:05.031+0000] {processor.py:161} INFO - Started process (PID=2170) to work on /home/airflow/.local/lib/python3.12/site-packages/airflow/example_dags/example_complex.py
[2024-06-02T20:00:05.031+0000] {processor.py:830} INFO - Processing file /home/airflow/.local/lib/python3.12/site-packages/airflow/example_dags/example_complex.py for tasks to queue
[2024-06-02T20:00:05.033+0000] {logging_mixin.py:188} INFO - [2024-06-02T20:00:05.032+0000] {dagbag.py:545} INFO - Filling up the DagBag from /home/airflow/.local/lib/python3.12/site-packages/airflow/example_dags/example_complex.py
[2024-06-02T20:00:05.041+0000] {processor.py:840} INFO - DAG(s) 'example_complex' retrieved from /home/airflow/.local/lib/python3.12/site-packages/airflow/example_dags/example_complex.py
[2024-06-02T20:00:05.060+0000] {logging_mixin.py:188} INFO - [2024-06-02T20:00:05.060+0000] {dag.py:3096} INFO - Sync 1 DAGs
[2024-06-02T20:00:05.067+0000] {logging_mixin.py:188} INFO - [2024-06-02T20:00:05.067+0000] {dag.py:3954} INFO - Setting next_dagrun for example_complex to None, run_after=None
[2024-06-02T20:00:05.078+0000] {processor.py:183} INFO - Processing /home/airflow/.local/lib/python3.12/site-packages/airflow/example_dags/example_complex.py took 0.050 seconds
[2024-06-02T20:00:36.459+0000] {processor.py:161} INFO - Started process (PID=2228) to work on /home/airflow/.local/lib/python3.12/site-packages/airflow/example_dags/example_complex.py
[2024-06-02T20:00:36.459+0000] {processor.py:830} INFO - Processing file /home/airflow/.local/lib/python3.12/site-packages/airflow/example_dags/example_complex.py for tasks to queue
[2024-06-02T20:00:36.460+0000] {logging_mixin.py:188} INFO - [2024-06-02T20:00:36.460+0000] {dagbag.py:545} INFO - Filling up the DagBag from /home/airflow/.local/lib/python3.12/site-packages/airflow/example_dags/example_complex.py
[2024-06-02T20:00:36.466+0000] {processor.py:840} INFO - DAG(s) 'example_complex' retrieved from /home/airflow/.local/lib/python3.12/site-packages/airflow/example_dags/example_complex.py
[2024-06-02T20:00:36.484+0000] {logging_mixin.py:188} INFO - [2024-06-02T20:00:36.484+0000] {dag.py:3096} INFO - Sync 1 DAGs
[2024-06-02T20:00:36.491+0000] {logging_mixin.py:188} INFO - [2024-06-02T20:00:36.491+0000] {dag.py:3954} INFO - Setting next_dagrun for example_complex to None, run_after=None
[2024-06-02T20:00:36.501+0000] {processor.py:183} INFO - Processing /home/airflow/.local/lib/python3.12/site-packages/airflow/example_dags/example_complex.py took 0.046 seconds
[2024-06-02T20:01:07.256+0000] {processor.py:161} INFO - Started process (PID=2286) to work on /home/airflow/.local/lib/python3.12/site-packages/airflow/example_dags/example_complex.py
[2024-06-02T20:01:07.258+0000] {processor.py:830} INFO - Processing file /home/airflow/.local/lib/python3.12/site-packages/airflow/example_dags/example_complex.py for tasks to queue
[2024-06-02T20:01:07.259+0000] {logging_mixin.py:188} INFO - [2024-06-02T20:01:07.259+0000] {dagbag.py:545} INFO - Filling up the DagBag from /home/airflow/.local/lib/python3.12/site-packages/airflow/example_dags/example_complex.py
[2024-06-02T20:01:07.266+0000] {processor.py:840} INFO - DAG(s) 'example_complex' retrieved from /home/airflow/.local/lib/python3.12/site-packages/airflow/example_dags/example_complex.py
[2024-06-02T20:01:07.285+0000] {logging_mixin.py:188} INFO - [2024-06-02T20:01:07.285+0000] {dag.py:3096} INFO - Sync 1 DAGs
[2024-06-02T20:01:07.292+0000] {logging_mixin.py:188} INFO - [2024-06-02T20:01:07.292+0000] {dag.py:3954} INFO - Setting next_dagrun for example_complex to None, run_after=None
[2024-06-02T20:01:07.302+0000] {processor.py:183} INFO - Processing /home/airflow/.local/lib/python3.12/site-packages/airflow/example_dags/example_complex.py took 0.049 seconds
[2024-06-02T20:01:38.030+0000] {processor.py:161} INFO - Started process (PID=2344) to work on /home/airflow/.local/lib/python3.12/site-packages/airflow/example_dags/example_complex.py
[2024-06-02T20:01:38.031+0000] {processor.py:830} INFO - Processing file /home/airflow/.local/lib/python3.12/site-packages/airflow/example_dags/example_complex.py for tasks to queue
[2024-06-02T20:01:38.032+0000] {logging_mixin.py:188} INFO - [2024-06-02T20:01:38.032+0000] {dagbag.py:545} INFO - Filling up the DagBag from /home/airflow/.local/lib/python3.12/site-packages/airflow/example_dags/example_complex.py
[2024-06-02T20:01:38.038+0000] {processor.py:840} INFO - DAG(s) 'example_complex' retrieved from /home/airflow/.local/lib/python3.12/site-packages/airflow/example_dags/example_complex.py
[2024-06-02T20:01:38.056+0000] {logging_mixin.py:188} INFO - [2024-06-02T20:01:38.056+0000] {dag.py:3096} INFO - Sync 1 DAGs
[2024-06-02T20:01:38.064+0000] {logging_mixin.py:188} INFO - [2024-06-02T20:01:38.064+0000] {dag.py:3954} INFO - Setting next_dagrun for example_complex to None, run_after=None
[2024-06-02T20:01:38.074+0000] {processor.py:183} INFO - Processing /home/airflow/.local/lib/python3.12/site-packages/airflow/example_dags/example_complex.py took 0.047 seconds
[2024-06-02T20:02:08.787+0000] {processor.py:161} INFO - Started process (PID=2402) to work on /home/airflow/.local/lib/python3.12/site-packages/airflow/example_dags/example_complex.py
[2024-06-02T20:02:08.787+0000] {processor.py:830} INFO - Processing file /home/airflow/.local/lib/python3.12/site-packages/airflow/example_dags/example_complex.py for tasks to queue
[2024-06-02T20:02:08.788+0000] {logging_mixin.py:188} INFO - [2024-06-02T20:02:08.788+0000] {dagbag.py:545} INFO - Filling up the DagBag from /home/airflow/.local/lib/python3.12/site-packages/airflow/example_dags/example_complex.py
[2024-06-02T20:02:08.795+0000] {processor.py:840} INFO - DAG(s) 'example_complex' retrieved from /home/airflow/.local/lib/python3.12/site-packages/airflow/example_dags/example_complex.py
[2024-06-02T20:02:08.813+0000] {logging_mixin.py:188} INFO - [2024-06-02T20:02:08.813+0000] {dag.py:3096} INFO - Sync 1 DAGs
[2024-06-02T20:02:08.820+0000] {logging_mixin.py:188} INFO - [2024-06-02T20:02:08.820+0000] {dag.py:3954} INFO - Setting next_dagrun for example_complex to None, run_after=None
[2024-06-02T20:02:08.830+0000] {processor.py:183} INFO - Processing /home/airflow/.local/lib/python3.12/site-packages/airflow/example_dags/example_complex.py took 0.046 seconds
[2024-06-02T20:02:39.491+0000] {processor.py:161} INFO - Started process (PID=2460) to work on /home/airflow/.local/lib/python3.12/site-packages/airflow/example_dags/example_complex.py
[2024-06-02T20:02:39.493+0000] {processor.py:830} INFO - Processing file /home/airflow/.local/lib/python3.12/site-packages/airflow/example_dags/example_complex.py for tasks to queue
[2024-06-02T20:02:39.494+0000] {logging_mixin.py:188} INFO - [2024-06-02T20:02:39.494+0000] {dagbag.py:545} INFO - Filling up the DagBag from /home/airflow/.local/lib/python3.12/site-packages/airflow/example_dags/example_complex.py
[2024-06-02T20:02:39.500+0000] {processor.py:840} INFO - DAG(s) 'example_complex' retrieved from /home/airflow/.local/lib/python3.12/site-packages/airflow/example_dags/example_complex.py
[2024-06-02T20:02:39.518+0000] {logging_mixin.py:188} INFO - [2024-06-02T20:02:39.518+0000] {dag.py:3096} INFO - Sync 1 DAGs
[2024-06-02T20:02:39.525+0000] {logging_mixin.py:188} INFO - [2024-06-02T20:02:39.525+0000] {dag.py:3954} INFO - Setting next_dagrun for example_complex to None, run_after=None
[2024-06-02T20:02:39.536+0000] {processor.py:183} INFO - Processing /home/airflow/.local/lib/python3.12/site-packages/airflow/example_dags/example_complex.py took 0.048 seconds
[2024-06-02T20:03:10.120+0000] {processor.py:161} INFO - Started process (PID=2518) to work on /home/airflow/.local/lib/python3.12/site-packages/airflow/example_dags/example_complex.py
[2024-06-02T20:03:10.121+0000] {processor.py:830} INFO - Processing file /home/airflow/.local/lib/python3.12/site-packages/airflow/example_dags/example_complex.py for tasks to queue
[2024-06-02T20:03:10.122+0000] {logging_mixin.py:188} INFO - [2024-06-02T20:03:10.122+0000] {dagbag.py:545} INFO - Filling up the DagBag from /home/airflow/.local/lib/python3.12/site-packages/airflow/example_dags/example_complex.py
[2024-06-02T20:03:10.128+0000] {processor.py:840} INFO - DAG(s) 'example_complex' retrieved from /home/airflow/.local/lib/python3.12/site-packages/airflow/example_dags/example_complex.py
[2024-06-02T20:03:10.147+0000] {logging_mixin.py:188} INFO - [2024-06-02T20:03:10.147+0000] {dag.py:3096} INFO - Sync 1 DAGs
[2024-06-02T20:03:10.154+0000] {logging_mixin.py:188} INFO - [2024-06-02T20:03:10.154+0000] {dag.py:3954} INFO - Setting next_dagrun for example_complex to None, run_after=None
[2024-06-02T20:03:10.164+0000] {processor.py:183} INFO - Processing /home/airflow/.local/lib/python3.12/site-packages/airflow/example_dags/example_complex.py took 0.047 seconds
[2024-06-02T20:03:40.769+0000] {processor.py:161} INFO - Started process (PID=2576) to work on /home/airflow/.local/lib/python3.12/site-packages/airflow/example_dags/example_complex.py
[2024-06-02T20:03:40.769+0000] {processor.py:830} INFO - Processing file /home/airflow/.local/lib/python3.12/site-packages/airflow/example_dags/example_complex.py for tasks to queue
[2024-06-02T20:03:40.770+0000] {logging_mixin.py:188} INFO - [2024-06-02T20:03:40.770+0000] {dagbag.py:545} INFO - Filling up the DagBag from /home/airflow/.local/lib/python3.12/site-packages/airflow/example_dags/example_complex.py
[2024-06-02T20:03:40.776+0000] {processor.py:840} INFO - DAG(s) 'example_complex' retrieved from /home/airflow/.local/lib/python3.12/site-packages/airflow/example_dags/example_complex.py
[2024-06-02T20:03:40.794+0000] {logging_mixin.py:188} INFO - [2024-06-02T20:03:40.794+0000] {dag.py:3096} INFO - Sync 1 DAGs
[2024-06-02T20:03:40.801+0000] {logging_mixin.py:188} INFO - [2024-06-02T20:03:40.801+0000] {dag.py:3954} INFO - Setting next_dagrun for example_complex to None, run_after=None
[2024-06-02T20:03:40.811+0000] {processor.py:183} INFO - Processing /home/airflow/.local/lib/python3.12/site-packages/airflow/example_dags/example_complex.py took 0.045 seconds
