[2024-06-02T19:29:18.210+0000] {processor.py:161} INFO - Started process (PID=54) to work on /home/airflow/.local/lib/python3.12/site-packages/airflow/example_dags/example_branch_python_dop_operator_3.py
[2024-06-02T19:29:18.211+0000] {processor.py:830} INFO - Processing file /home/airflow/.local/lib/python3.12/site-packages/airflow/example_dags/example_branch_python_dop_operator_3.py for tasks to queue
[2024-06-02T19:29:18.212+0000] {logging_mixin.py:188} INFO - [2024-06-02T19:29:18.212+0000] {dagbag.py:545} INFO - Filling up the DagBag from /home/airflow/.local/lib/python3.12/site-packages/airflow/example_dags/example_branch_python_dop_operator_3.py
[2024-06-02T19:29:18.218+0000] {processor.py:840} INFO - DAG(s) 'example_branch_dop_operator_v3' retrieved from /home/airflow/.local/lib/python3.12/site-packages/airflow/example_dags/example_branch_python_dop_operator_3.py
[2024-06-02T19:29:18.282+0000] {logging_mixin.py:188} INFO - [2024-06-02T19:29:18.282+0000] {override.py:1829} INFO - Created Permission View: can edit on DAG:example_branch_dop_operator_v3
[2024-06-02T19:29:18.288+0000] {logging_mixin.py:188} INFO - [2024-06-02T19:29:18.288+0000] {override.py:1829} INFO - Created Permission View: can delete on DAG:example_branch_dop_operator_v3
[2024-06-02T19:29:18.293+0000] {logging_mixin.py:188} INFO - [2024-06-02T19:29:18.292+0000] {override.py:1829} INFO - Created Permission View: can read on DAG:example_branch_dop_operator_v3
[2024-06-02T19:29:18.293+0000] {logging_mixin.py:188} INFO - [2024-06-02T19:29:18.293+0000] {dag.py:3096} INFO - Sync 1 DAGs
[2024-06-02T19:29:18.299+0000] {logging_mixin.py:188} INFO - [2024-06-02T19:29:18.299+0000] {dag.py:3118} INFO - Creating ORM DAG for example_branch_dop_operator_v3
[2024-06-02T19:29:18.307+0000] {logging_mixin.py:188} INFO - [2024-06-02T19:29:18.307+0000] {dag.py:3954} INFO - Setting next_dagrun for example_branch_dop_operator_v3 to 2024-06-02 19:28:00+00:00, run_after=2024-06-02 19:29:00+00:00
[2024-06-02T19:29:18.316+0000] {processor.py:183} INFO - Processing /home/airflow/.local/lib/python3.12/site-packages/airflow/example_dags/example_branch_python_dop_operator_3.py took 0.110 seconds
[2024-06-02T19:29:48.364+0000] {processor.py:161} INFO - Started process (PID=112) to work on /home/airflow/.local/lib/python3.12/site-packages/airflow/example_dags/example_branch_python_dop_operator_3.py
[2024-06-02T19:29:48.365+0000] {processor.py:830} INFO - Processing file /home/airflow/.local/lib/python3.12/site-packages/airflow/example_dags/example_branch_python_dop_operator_3.py for tasks to queue
[2024-06-02T19:29:48.366+0000] {logging_mixin.py:188} INFO - [2024-06-02T19:29:48.366+0000] {dagbag.py:545} INFO - Filling up the DagBag from /home/airflow/.local/lib/python3.12/site-packages/airflow/example_dags/example_branch_python_dop_operator_3.py
[2024-06-02T19:29:48.371+0000] {processor.py:840} INFO - DAG(s) 'example_branch_dop_operator_v3' retrieved from /home/airflow/.local/lib/python3.12/site-packages/airflow/example_dags/example_branch_python_dop_operator_3.py
[2024-06-02T19:29:48.383+0000] {logging_mixin.py:188} INFO - [2024-06-02T19:29:48.382+0000] {dag.py:3096} INFO - Sync 1 DAGs
[2024-06-02T19:29:48.398+0000] {logging_mixin.py:188} INFO - [2024-06-02T19:29:48.398+0000] {dag.py:3954} INFO - Setting next_dagrun for example_branch_dop_operator_v3 to 2024-06-02 19:28:00+00:00, run_after=2024-06-02 19:29:00+00:00
[2024-06-02T19:29:48.410+0000] {processor.py:183} INFO - Processing /home/airflow/.local/lib/python3.12/site-packages/airflow/example_dags/example_branch_python_dop_operator_3.py took 0.049 seconds
[2024-06-02T19:30:19.112+0000] {processor.py:161} INFO - Started process (PID=170) to work on /home/airflow/.local/lib/python3.12/site-packages/airflow/example_dags/example_branch_python_dop_operator_3.py
[2024-06-02T19:30:19.113+0000] {processor.py:830} INFO - Processing file /home/airflow/.local/lib/python3.12/site-packages/airflow/example_dags/example_branch_python_dop_operator_3.py for tasks to queue
[2024-06-02T19:30:19.114+0000] {logging_mixin.py:188} INFO - [2024-06-02T19:30:19.114+0000] {dagbag.py:545} INFO - Filling up the DagBag from /home/airflow/.local/lib/python3.12/site-packages/airflow/example_dags/example_branch_python_dop_operator_3.py
[2024-06-02T19:30:19.119+0000] {processor.py:840} INFO - DAG(s) 'example_branch_dop_operator_v3' retrieved from /home/airflow/.local/lib/python3.12/site-packages/airflow/example_dags/example_branch_python_dop_operator_3.py
[2024-06-02T19:30:19.130+0000] {logging_mixin.py:188} INFO - [2024-06-02T19:30:19.130+0000] {dag.py:3096} INFO - Sync 1 DAGs
[2024-06-02T19:30:19.144+0000] {logging_mixin.py:188} INFO - [2024-06-02T19:30:19.144+0000] {dag.py:3954} INFO - Setting next_dagrun for example_branch_dop_operator_v3 to 2024-06-02 19:29:00+00:00, run_after=2024-06-02 19:30:00+00:00
[2024-06-02T19:30:19.154+0000] {processor.py:183} INFO - Processing /home/airflow/.local/lib/python3.12/site-packages/airflow/example_dags/example_branch_python_dop_operator_3.py took 0.044 seconds
[2024-06-02T19:30:49.673+0000] {processor.py:161} INFO - Started process (PID=228) to work on /home/airflow/.local/lib/python3.12/site-packages/airflow/example_dags/example_branch_python_dop_operator_3.py
[2024-06-02T19:30:49.674+0000] {processor.py:830} INFO - Processing file /home/airflow/.local/lib/python3.12/site-packages/airflow/example_dags/example_branch_python_dop_operator_3.py for tasks to queue
[2024-06-02T19:30:49.675+0000] {logging_mixin.py:188} INFO - [2024-06-02T19:30:49.675+0000] {dagbag.py:545} INFO - Filling up the DagBag from /home/airflow/.local/lib/python3.12/site-packages/airflow/example_dags/example_branch_python_dop_operator_3.py
[2024-06-02T19:30:49.680+0000] {processor.py:840} INFO - DAG(s) 'example_branch_dop_operator_v3' retrieved from /home/airflow/.local/lib/python3.12/site-packages/airflow/example_dags/example_branch_python_dop_operator_3.py
[2024-06-02T19:30:49.691+0000] {logging_mixin.py:188} INFO - [2024-06-02T19:30:49.691+0000] {dag.py:3096} INFO - Sync 1 DAGs
[2024-06-02T19:30:49.705+0000] {logging_mixin.py:188} INFO - [2024-06-02T19:30:49.705+0000] {dag.py:3954} INFO - Setting next_dagrun for example_branch_dop_operator_v3 to 2024-06-02 19:29:00+00:00, run_after=2024-06-02 19:30:00+00:00
[2024-06-02T19:30:49.715+0000] {processor.py:183} INFO - Processing /home/airflow/.local/lib/python3.12/site-packages/airflow/example_dags/example_branch_python_dop_operator_3.py took 0.045 seconds
[2024-06-02T19:31:20.221+0000] {processor.py:161} INFO - Started process (PID=54) to work on /home/airflow/.local/lib/python3.12/site-packages/airflow/example_dags/example_branch_python_dop_operator_3.py
[2024-06-02T19:31:20.222+0000] {processor.py:830} INFO - Processing file /home/airflow/.local/lib/python3.12/site-packages/airflow/example_dags/example_branch_python_dop_operator_3.py for tasks to queue
[2024-06-02T19:31:20.223+0000] {logging_mixin.py:188} INFO - [2024-06-02T19:31:20.223+0000] {dagbag.py:545} INFO - Filling up the DagBag from /home/airflow/.local/lib/python3.12/site-packages/airflow/example_dags/example_branch_python_dop_operator_3.py
[2024-06-02T19:31:20.228+0000] {processor.py:840} INFO - DAG(s) 'example_branch_dop_operator_v3' retrieved from /home/airflow/.local/lib/python3.12/site-packages/airflow/example_dags/example_branch_python_dop_operator_3.py
[2024-06-02T19:31:20.235+0000] {logging_mixin.py:188} INFO - [2024-06-02T19:31:20.235+0000] {dag.py:3096} INFO - Sync 1 DAGs
[2024-06-02T19:31:20.250+0000] {logging_mixin.py:188} INFO - [2024-06-02T19:31:20.250+0000] {dag.py:3954} INFO - Setting next_dagrun for example_branch_dop_operator_v3 to 2024-06-02 19:30:00+00:00, run_after=2024-06-02 19:31:00+00:00
[2024-06-02T19:31:20.260+0000] {processor.py:183} INFO - Processing /home/airflow/.local/lib/python3.12/site-packages/airflow/example_dags/example_branch_python_dop_operator_3.py took 0.042 seconds
[2024-06-02T19:31:51.445+0000] {processor.py:161} INFO - Started process (PID=112) to work on /home/airflow/.local/lib/python3.12/site-packages/airflow/example_dags/example_branch_python_dop_operator_3.py
[2024-06-02T19:31:51.446+0000] {processor.py:830} INFO - Processing file /home/airflow/.local/lib/python3.12/site-packages/airflow/example_dags/example_branch_python_dop_operator_3.py for tasks to queue
[2024-06-02T19:31:51.447+0000] {logging_mixin.py:188} INFO - [2024-06-02T19:31:51.447+0000] {dagbag.py:545} INFO - Filling up the DagBag from /home/airflow/.local/lib/python3.12/site-packages/airflow/example_dags/example_branch_python_dop_operator_3.py
[2024-06-02T19:31:51.452+0000] {processor.py:840} INFO - DAG(s) 'example_branch_dop_operator_v3' retrieved from /home/airflow/.local/lib/python3.12/site-packages/airflow/example_dags/example_branch_python_dop_operator_3.py
[2024-06-02T19:31:51.509+0000] {logging_mixin.py:188} INFO - [2024-06-02T19:31:51.508+0000] {dag.py:3096} INFO - Sync 1 DAGs
[2024-06-02T19:31:51.520+0000] {logging_mixin.py:188} INFO - [2024-06-02T19:31:51.520+0000] {dag.py:3954} INFO - Setting next_dagrun for example_branch_dop_operator_v3 to 2024-06-02 19:30:00+00:00, run_after=2024-06-02 19:31:00+00:00
[2024-06-02T19:31:51.530+0000] {processor.py:183} INFO - Processing /home/airflow/.local/lib/python3.12/site-packages/airflow/example_dags/example_branch_python_dop_operator_3.py took 0.088 seconds
[2024-06-02T19:32:21.632+0000] {processor.py:161} INFO - Started process (PID=170) to work on /home/airflow/.local/lib/python3.12/site-packages/airflow/example_dags/example_branch_python_dop_operator_3.py
[2024-06-02T19:32:21.633+0000] {processor.py:830} INFO - Processing file /home/airflow/.local/lib/python3.12/site-packages/airflow/example_dags/example_branch_python_dop_operator_3.py for tasks to queue
[2024-06-02T19:32:21.634+0000] {logging_mixin.py:188} INFO - [2024-06-02T19:32:21.634+0000] {dagbag.py:545} INFO - Filling up the DagBag from /home/airflow/.local/lib/python3.12/site-packages/airflow/example_dags/example_branch_python_dop_operator_3.py
[2024-06-02T19:32:21.639+0000] {processor.py:840} INFO - DAG(s) 'example_branch_dop_operator_v3' retrieved from /home/airflow/.local/lib/python3.12/site-packages/airflow/example_dags/example_branch_python_dop_operator_3.py
[2024-06-02T19:32:21.650+0000] {logging_mixin.py:188} INFO - [2024-06-02T19:32:21.650+0000] {dag.py:3096} INFO - Sync 1 DAGs
[2024-06-02T19:32:21.663+0000] {logging_mixin.py:188} INFO - [2024-06-02T19:32:21.663+0000] {dag.py:3954} INFO - Setting next_dagrun for example_branch_dop_operator_v3 to 2024-06-02 19:31:00+00:00, run_after=2024-06-02 19:32:00+00:00
[2024-06-02T19:32:21.673+0000] {processor.py:183} INFO - Processing /home/airflow/.local/lib/python3.12/site-packages/airflow/example_dags/example_branch_python_dop_operator_3.py took 0.044 seconds
[2024-06-02T19:32:52.321+0000] {processor.py:161} INFO - Started process (PID=228) to work on /home/airflow/.local/lib/python3.12/site-packages/airflow/example_dags/example_branch_python_dop_operator_3.py
[2024-06-02T19:32:52.322+0000] {processor.py:830} INFO - Processing file /home/airflow/.local/lib/python3.12/site-packages/airflow/example_dags/example_branch_python_dop_operator_3.py for tasks to queue
[2024-06-02T19:32:52.323+0000] {logging_mixin.py:188} INFO - [2024-06-02T19:32:52.323+0000] {dagbag.py:545} INFO - Filling up the DagBag from /home/airflow/.local/lib/python3.12/site-packages/airflow/example_dags/example_branch_python_dop_operator_3.py
[2024-06-02T19:32:52.328+0000] {processor.py:840} INFO - DAG(s) 'example_branch_dop_operator_v3' retrieved from /home/airflow/.local/lib/python3.12/site-packages/airflow/example_dags/example_branch_python_dop_operator_3.py
[2024-06-02T19:32:52.340+0000] {logging_mixin.py:188} INFO - [2024-06-02T19:32:52.339+0000] {dag.py:3096} INFO - Sync 1 DAGs
[2024-06-02T19:32:52.353+0000] {logging_mixin.py:188} INFO - [2024-06-02T19:32:52.353+0000] {dag.py:3954} INFO - Setting next_dagrun for example_branch_dop_operator_v3 to 2024-06-02 19:31:00+00:00, run_after=2024-06-02 19:32:00+00:00
[2024-06-02T19:32:52.363+0000] {processor.py:183} INFO - Processing /home/airflow/.local/lib/python3.12/site-packages/airflow/example_dags/example_branch_python_dop_operator_3.py took 0.045 seconds
[2024-06-02T19:33:23.019+0000] {processor.py:161} INFO - Started process (PID=286) to work on /home/airflow/.local/lib/python3.12/site-packages/airflow/example_dags/example_branch_python_dop_operator_3.py
[2024-06-02T19:33:23.020+0000] {processor.py:830} INFO - Processing file /home/airflow/.local/lib/python3.12/site-packages/airflow/example_dags/example_branch_python_dop_operator_3.py for tasks to queue
[2024-06-02T19:33:23.021+0000] {logging_mixin.py:188} INFO - [2024-06-02T19:33:23.021+0000] {dagbag.py:545} INFO - Filling up the DagBag from /home/airflow/.local/lib/python3.12/site-packages/airflow/example_dags/example_branch_python_dop_operator_3.py
[2024-06-02T19:33:23.026+0000] {processor.py:840} INFO - DAG(s) 'example_branch_dop_operator_v3' retrieved from /home/airflow/.local/lib/python3.12/site-packages/airflow/example_dags/example_branch_python_dop_operator_3.py
[2024-06-02T19:33:23.036+0000] {logging_mixin.py:188} INFO - [2024-06-02T19:33:23.036+0000] {dag.py:3096} INFO - Sync 1 DAGs
[2024-06-02T19:33:23.050+0000] {logging_mixin.py:188} INFO - [2024-06-02T19:33:23.049+0000] {dag.py:3954} INFO - Setting next_dagrun for example_branch_dop_operator_v3 to 2024-06-02 19:32:00+00:00, run_after=2024-06-02 19:33:00+00:00
[2024-06-02T19:33:23.060+0000] {processor.py:183} INFO - Processing /home/airflow/.local/lib/python3.12/site-packages/airflow/example_dags/example_branch_python_dop_operator_3.py took 0.044 seconds
[2024-06-02T19:33:53.646+0000] {processor.py:161} INFO - Started process (PID=343) to work on /home/airflow/.local/lib/python3.12/site-packages/airflow/example_dags/example_branch_python_dop_operator_3.py
[2024-06-02T19:33:53.646+0000] {processor.py:830} INFO - Processing file /home/airflow/.local/lib/python3.12/site-packages/airflow/example_dags/example_branch_python_dop_operator_3.py for tasks to queue
[2024-06-02T19:33:53.647+0000] {logging_mixin.py:188} INFO - [2024-06-02T19:33:53.647+0000] {dagbag.py:545} INFO - Filling up the DagBag from /home/airflow/.local/lib/python3.12/site-packages/airflow/example_dags/example_branch_python_dop_operator_3.py
[2024-06-02T19:33:53.652+0000] {processor.py:840} INFO - DAG(s) 'example_branch_dop_operator_v3' retrieved from /home/airflow/.local/lib/python3.12/site-packages/airflow/example_dags/example_branch_python_dop_operator_3.py
[2024-06-02T19:33:53.664+0000] {logging_mixin.py:188} INFO - [2024-06-02T19:33:53.664+0000] {dag.py:3096} INFO - Sync 1 DAGs
[2024-06-02T19:33:53.679+0000] {logging_mixin.py:188} INFO - [2024-06-02T19:33:53.679+0000] {dag.py:3954} INFO - Setting next_dagrun for example_branch_dop_operator_v3 to 2024-06-02 19:32:00+00:00, run_after=2024-06-02 19:33:00+00:00
[2024-06-02T19:33:53.690+0000] {processor.py:183} INFO - Processing /home/airflow/.local/lib/python3.12/site-packages/airflow/example_dags/example_branch_python_dop_operator_3.py took 0.047 seconds
[2024-06-02T19:34:24.413+0000] {processor.py:161} INFO - Started process (PID=401) to work on /home/airflow/.local/lib/python3.12/site-packages/airflow/example_dags/example_branch_python_dop_operator_3.py
[2024-06-02T19:34:24.413+0000] {processor.py:830} INFO - Processing file /home/airflow/.local/lib/python3.12/site-packages/airflow/example_dags/example_branch_python_dop_operator_3.py for tasks to queue
[2024-06-02T19:34:24.415+0000] {logging_mixin.py:188} INFO - [2024-06-02T19:34:24.414+0000] {dagbag.py:545} INFO - Filling up the DagBag from /home/airflow/.local/lib/python3.12/site-packages/airflow/example_dags/example_branch_python_dop_operator_3.py
[2024-06-02T19:34:24.419+0000] {processor.py:840} INFO - DAG(s) 'example_branch_dop_operator_v3' retrieved from /home/airflow/.local/lib/python3.12/site-packages/airflow/example_dags/example_branch_python_dop_operator_3.py
[2024-06-02T19:34:24.430+0000] {logging_mixin.py:188} INFO - [2024-06-02T19:34:24.430+0000] {dag.py:3096} INFO - Sync 1 DAGs
[2024-06-02T19:34:24.444+0000] {logging_mixin.py:188} INFO - [2024-06-02T19:34:24.444+0000] {dag.py:3954} INFO - Setting next_dagrun for example_branch_dop_operator_v3 to 2024-06-02 19:33:00+00:00, run_after=2024-06-02 19:34:00+00:00
[2024-06-02T19:34:24.454+0000] {processor.py:183} INFO - Processing /home/airflow/.local/lib/python3.12/site-packages/airflow/example_dags/example_branch_python_dop_operator_3.py took 0.044 seconds
[2024-06-02T19:34:55.199+0000] {processor.py:161} INFO - Started process (PID=459) to work on /home/airflow/.local/lib/python3.12/site-packages/airflow/example_dags/example_branch_python_dop_operator_3.py
[2024-06-02T19:34:55.200+0000] {processor.py:830} INFO - Processing file /home/airflow/.local/lib/python3.12/site-packages/airflow/example_dags/example_branch_python_dop_operator_3.py for tasks to queue
[2024-06-02T19:34:55.201+0000] {logging_mixin.py:188} INFO - [2024-06-02T19:34:55.201+0000] {dagbag.py:545} INFO - Filling up the DagBag from /home/airflow/.local/lib/python3.12/site-packages/airflow/example_dags/example_branch_python_dop_operator_3.py
[2024-06-02T19:34:55.206+0000] {processor.py:840} INFO - DAG(s) 'example_branch_dop_operator_v3' retrieved from /home/airflow/.local/lib/python3.12/site-packages/airflow/example_dags/example_branch_python_dop_operator_3.py
[2024-06-02T19:34:55.217+0000] {logging_mixin.py:188} INFO - [2024-06-02T19:34:55.217+0000] {dag.py:3096} INFO - Sync 1 DAGs
[2024-06-02T19:34:55.231+0000] {logging_mixin.py:188} INFO - [2024-06-02T19:34:55.231+0000] {dag.py:3954} INFO - Setting next_dagrun for example_branch_dop_operator_v3 to 2024-06-02 19:33:00+00:00, run_after=2024-06-02 19:34:00+00:00
[2024-06-02T19:34:55.242+0000] {processor.py:183} INFO - Processing /home/airflow/.local/lib/python3.12/site-packages/airflow/example_dags/example_branch_python_dop_operator_3.py took 0.046 seconds
[2024-06-02T19:35:25.873+0000] {processor.py:161} INFO - Started process (PID=517) to work on /home/airflow/.local/lib/python3.12/site-packages/airflow/example_dags/example_branch_python_dop_operator_3.py
[2024-06-02T19:35:25.874+0000] {processor.py:830} INFO - Processing file /home/airflow/.local/lib/python3.12/site-packages/airflow/example_dags/example_branch_python_dop_operator_3.py for tasks to queue
[2024-06-02T19:35:25.875+0000] {logging_mixin.py:188} INFO - [2024-06-02T19:35:25.875+0000] {dagbag.py:545} INFO - Filling up the DagBag from /home/airflow/.local/lib/python3.12/site-packages/airflow/example_dags/example_branch_python_dop_operator_3.py
[2024-06-02T19:35:25.880+0000] {processor.py:840} INFO - DAG(s) 'example_branch_dop_operator_v3' retrieved from /home/airflow/.local/lib/python3.12/site-packages/airflow/example_dags/example_branch_python_dop_operator_3.py
[2024-06-02T19:35:25.891+0000] {logging_mixin.py:188} INFO - [2024-06-02T19:35:25.891+0000] {dag.py:3096} INFO - Sync 1 DAGs
[2024-06-02T19:35:25.905+0000] {logging_mixin.py:188} INFO - [2024-06-02T19:35:25.904+0000] {dag.py:3954} INFO - Setting next_dagrun for example_branch_dop_operator_v3 to 2024-06-02 19:34:00+00:00, run_after=2024-06-02 19:35:00+00:00
[2024-06-02T19:35:25.914+0000] {processor.py:183} INFO - Processing /home/airflow/.local/lib/python3.12/site-packages/airflow/example_dags/example_branch_python_dop_operator_3.py took 0.044 seconds
[2024-06-02T19:36:19.768+0000] {processor.py:161} INFO - Started process (PID=72) to work on /home/airflow/.local/lib/python3.12/site-packages/airflow/example_dags/example_branch_python_dop_operator_3.py
[2024-06-02T19:36:19.769+0000] {processor.py:830} INFO - Processing file /home/airflow/.local/lib/python3.12/site-packages/airflow/example_dags/example_branch_python_dop_operator_3.py for tasks to queue
[2024-06-02T19:36:19.770+0000] {logging_mixin.py:188} INFO - [2024-06-02T19:36:19.770+0000] {dagbag.py:545} INFO - Filling up the DagBag from /home/airflow/.local/lib/python3.12/site-packages/airflow/example_dags/example_branch_python_dop_operator_3.py
[2024-06-02T19:36:19.775+0000] {processor.py:840} INFO - DAG(s) 'example_branch_dop_operator_v3' retrieved from /home/airflow/.local/lib/python3.12/site-packages/airflow/example_dags/example_branch_python_dop_operator_3.py
[2024-06-02T19:36:19.784+0000] {logging_mixin.py:188} INFO - [2024-06-02T19:36:19.784+0000] {dag.py:3096} INFO - Sync 1 DAGs
[2024-06-02T19:36:19.799+0000] {logging_mixin.py:188} INFO - [2024-06-02T19:36:19.799+0000] {dag.py:3954} INFO - Setting next_dagrun for example_branch_dop_operator_v3 to 2024-06-02 19:35:00+00:00, run_after=2024-06-02 19:36:00+00:00
[2024-06-02T19:36:19.810+0000] {processor.py:183} INFO - Processing /home/airflow/.local/lib/python3.12/site-packages/airflow/example_dags/example_branch_python_dop_operator_3.py took 0.046 seconds
[2024-06-02T19:36:50.775+0000] {processor.py:161} INFO - Started process (PID=130) to work on /home/airflow/.local/lib/python3.12/site-packages/airflow/example_dags/example_branch_python_dop_operator_3.py
[2024-06-02T19:36:50.776+0000] {processor.py:830} INFO - Processing file /home/airflow/.local/lib/python3.12/site-packages/airflow/example_dags/example_branch_python_dop_operator_3.py for tasks to queue
[2024-06-02T19:36:50.777+0000] {logging_mixin.py:188} INFO - [2024-06-02T19:36:50.777+0000] {dagbag.py:545} INFO - Filling up the DagBag from /home/airflow/.local/lib/python3.12/site-packages/airflow/example_dags/example_branch_python_dop_operator_3.py
[2024-06-02T19:36:50.782+0000] {processor.py:840} INFO - DAG(s) 'example_branch_dop_operator_v3' retrieved from /home/airflow/.local/lib/python3.12/site-packages/airflow/example_dags/example_branch_python_dop_operator_3.py
[2024-06-02T19:36:50.838+0000] {logging_mixin.py:188} INFO - [2024-06-02T19:36:50.838+0000] {dag.py:3096} INFO - Sync 1 DAGs
[2024-06-02T19:36:50.852+0000] {logging_mixin.py:188} INFO - [2024-06-02T19:36:50.852+0000] {dag.py:3954} INFO - Setting next_dagrun for example_branch_dop_operator_v3 to 2024-06-02 19:35:00+00:00, run_after=2024-06-02 19:36:00+00:00
[2024-06-02T19:36:50.862+0000] {processor.py:183} INFO - Processing /home/airflow/.local/lib/python3.12/site-packages/airflow/example_dags/example_branch_python_dop_operator_3.py took 0.090 seconds
[2024-06-02T19:37:20.971+0000] {processor.py:161} INFO - Started process (PID=188) to work on /home/airflow/.local/lib/python3.12/site-packages/airflow/example_dags/example_branch_python_dop_operator_3.py
[2024-06-02T19:37:20.972+0000] {processor.py:830} INFO - Processing file /home/airflow/.local/lib/python3.12/site-packages/airflow/example_dags/example_branch_python_dop_operator_3.py for tasks to queue
[2024-06-02T19:37:20.973+0000] {logging_mixin.py:188} INFO - [2024-06-02T19:37:20.973+0000] {dagbag.py:545} INFO - Filling up the DagBag from /home/airflow/.local/lib/python3.12/site-packages/airflow/example_dags/example_branch_python_dop_operator_3.py
[2024-06-02T19:37:20.978+0000] {processor.py:840} INFO - DAG(s) 'example_branch_dop_operator_v3' retrieved from /home/airflow/.local/lib/python3.12/site-packages/airflow/example_dags/example_branch_python_dop_operator_3.py
[2024-06-02T19:37:20.989+0000] {logging_mixin.py:188} INFO - [2024-06-02T19:37:20.989+0000] {dag.py:3096} INFO - Sync 1 DAGs
[2024-06-02T19:37:21.003+0000] {logging_mixin.py:188} INFO - [2024-06-02T19:37:21.003+0000] {dag.py:3954} INFO - Setting next_dagrun for example_branch_dop_operator_v3 to 2024-06-02 19:36:00+00:00, run_after=2024-06-02 19:37:00+00:00
[2024-06-02T19:37:21.013+0000] {processor.py:183} INFO - Processing /home/airflow/.local/lib/python3.12/site-packages/airflow/example_dags/example_branch_python_dop_operator_3.py took 0.045 seconds
[2024-06-02T19:37:51.668+0000] {processor.py:161} INFO - Started process (PID=246) to work on /home/airflow/.local/lib/python3.12/site-packages/airflow/example_dags/example_branch_python_dop_operator_3.py
[2024-06-02T19:37:51.669+0000] {processor.py:830} INFO - Processing file /home/airflow/.local/lib/python3.12/site-packages/airflow/example_dags/example_branch_python_dop_operator_3.py for tasks to queue
[2024-06-02T19:37:51.670+0000] {logging_mixin.py:188} INFO - [2024-06-02T19:37:51.670+0000] {dagbag.py:545} INFO - Filling up the DagBag from /home/airflow/.local/lib/python3.12/site-packages/airflow/example_dags/example_branch_python_dop_operator_3.py
[2024-06-02T19:37:51.675+0000] {processor.py:840} INFO - DAG(s) 'example_branch_dop_operator_v3' retrieved from /home/airflow/.local/lib/python3.12/site-packages/airflow/example_dags/example_branch_python_dop_operator_3.py
[2024-06-02T19:37:51.687+0000] {logging_mixin.py:188} INFO - [2024-06-02T19:37:51.686+0000] {dag.py:3096} INFO - Sync 1 DAGs
[2024-06-02T19:37:51.700+0000] {logging_mixin.py:188} INFO - [2024-06-02T19:37:51.700+0000] {dag.py:3954} INFO - Setting next_dagrun for example_branch_dop_operator_v3 to 2024-06-02 19:36:00+00:00, run_after=2024-06-02 19:37:00+00:00
[2024-06-02T19:37:51.710+0000] {processor.py:183} INFO - Processing /home/airflow/.local/lib/python3.12/site-packages/airflow/example_dags/example_branch_python_dop_operator_3.py took 0.045 seconds
[2024-06-02T19:38:22.334+0000] {processor.py:161} INFO - Started process (PID=304) to work on /home/airflow/.local/lib/python3.12/site-packages/airflow/example_dags/example_branch_python_dop_operator_3.py
[2024-06-02T19:38:22.335+0000] {processor.py:830} INFO - Processing file /home/airflow/.local/lib/python3.12/site-packages/airflow/example_dags/example_branch_python_dop_operator_3.py for tasks to queue
[2024-06-02T19:38:22.336+0000] {logging_mixin.py:188} INFO - [2024-06-02T19:38:22.336+0000] {dagbag.py:545} INFO - Filling up the DagBag from /home/airflow/.local/lib/python3.12/site-packages/airflow/example_dags/example_branch_python_dop_operator_3.py
[2024-06-02T19:38:22.342+0000] {processor.py:840} INFO - DAG(s) 'example_branch_dop_operator_v3' retrieved from /home/airflow/.local/lib/python3.12/site-packages/airflow/example_dags/example_branch_python_dop_operator_3.py
[2024-06-02T19:38:22.352+0000] {logging_mixin.py:188} INFO - [2024-06-02T19:38:22.352+0000] {dag.py:3096} INFO - Sync 1 DAGs
[2024-06-02T19:38:22.366+0000] {logging_mixin.py:188} INFO - [2024-06-02T19:38:22.366+0000] {dag.py:3954} INFO - Setting next_dagrun for example_branch_dop_operator_v3 to 2024-06-02 19:37:00+00:00, run_after=2024-06-02 19:38:00+00:00
[2024-06-02T19:38:22.376+0000] {processor.py:183} INFO - Processing /home/airflow/.local/lib/python3.12/site-packages/airflow/example_dags/example_branch_python_dop_operator_3.py took 0.045 seconds
[2024-06-02T19:38:52.992+0000] {processor.py:161} INFO - Started process (PID=362) to work on /home/airflow/.local/lib/python3.12/site-packages/airflow/example_dags/example_branch_python_dop_operator_3.py
[2024-06-02T19:38:52.992+0000] {processor.py:830} INFO - Processing file /home/airflow/.local/lib/python3.12/site-packages/airflow/example_dags/example_branch_python_dop_operator_3.py for tasks to queue
[2024-06-02T19:38:52.993+0000] {logging_mixin.py:188} INFO - [2024-06-02T19:38:52.993+0000] {dagbag.py:545} INFO - Filling up the DagBag from /home/airflow/.local/lib/python3.12/site-packages/airflow/example_dags/example_branch_python_dop_operator_3.py
[2024-06-02T19:38:52.998+0000] {processor.py:840} INFO - DAG(s) 'example_branch_dop_operator_v3' retrieved from /home/airflow/.local/lib/python3.12/site-packages/airflow/example_dags/example_branch_python_dop_operator_3.py
[2024-06-02T19:38:53.010+0000] {logging_mixin.py:188} INFO - [2024-06-02T19:38:53.010+0000] {dag.py:3096} INFO - Sync 1 DAGs
[2024-06-02T19:38:53.024+0000] {logging_mixin.py:188} INFO - [2024-06-02T19:38:53.024+0000] {dag.py:3954} INFO - Setting next_dagrun for example_branch_dop_operator_v3 to 2024-06-02 19:37:00+00:00, run_after=2024-06-02 19:38:00+00:00
[2024-06-02T19:38:53.034+0000] {processor.py:183} INFO - Processing /home/airflow/.local/lib/python3.12/site-packages/airflow/example_dags/example_branch_python_dop_operator_3.py took 0.046 seconds
[2024-06-02T19:39:23.650+0000] {processor.py:161} INFO - Started process (PID=420) to work on /home/airflow/.local/lib/python3.12/site-packages/airflow/example_dags/example_branch_python_dop_operator_3.py
[2024-06-02T19:39:23.652+0000] {processor.py:830} INFO - Processing file /home/airflow/.local/lib/python3.12/site-packages/airflow/example_dags/example_branch_python_dop_operator_3.py for tasks to queue
[2024-06-02T19:39:23.653+0000] {logging_mixin.py:188} INFO - [2024-06-02T19:39:23.653+0000] {dagbag.py:545} INFO - Filling up the DagBag from /home/airflow/.local/lib/python3.12/site-packages/airflow/example_dags/example_branch_python_dop_operator_3.py
[2024-06-02T19:39:23.659+0000] {processor.py:840} INFO - DAG(s) 'example_branch_dop_operator_v3' retrieved from /home/airflow/.local/lib/python3.12/site-packages/airflow/example_dags/example_branch_python_dop_operator_3.py
[2024-06-02T19:39:23.670+0000] {logging_mixin.py:188} INFO - [2024-06-02T19:39:23.670+0000] {dag.py:3096} INFO - Sync 1 DAGs
[2024-06-02T19:39:23.684+0000] {logging_mixin.py:188} INFO - [2024-06-02T19:39:23.684+0000] {dag.py:3954} INFO - Setting next_dagrun for example_branch_dop_operator_v3 to 2024-06-02 19:38:00+00:00, run_after=2024-06-02 19:39:00+00:00
[2024-06-02T19:39:23.695+0000] {processor.py:183} INFO - Processing /home/airflow/.local/lib/python3.12/site-packages/airflow/example_dags/example_branch_python_dop_operator_3.py took 0.048 seconds
[2024-06-02T19:39:54.295+0000] {processor.py:161} INFO - Started process (PID=478) to work on /home/airflow/.local/lib/python3.12/site-packages/airflow/example_dags/example_branch_python_dop_operator_3.py
[2024-06-02T19:39:54.296+0000] {processor.py:830} INFO - Processing file /home/airflow/.local/lib/python3.12/site-packages/airflow/example_dags/example_branch_python_dop_operator_3.py for tasks to queue
[2024-06-02T19:39:54.297+0000] {logging_mixin.py:188} INFO - [2024-06-02T19:39:54.297+0000] {dagbag.py:545} INFO - Filling up the DagBag from /home/airflow/.local/lib/python3.12/site-packages/airflow/example_dags/example_branch_python_dop_operator_3.py
[2024-06-02T19:39:54.303+0000] {processor.py:840} INFO - DAG(s) 'example_branch_dop_operator_v3' retrieved from /home/airflow/.local/lib/python3.12/site-packages/airflow/example_dags/example_branch_python_dop_operator_3.py
[2024-06-02T19:39:54.314+0000] {logging_mixin.py:188} INFO - [2024-06-02T19:39:54.313+0000] {dag.py:3096} INFO - Sync 1 DAGs
[2024-06-02T19:39:54.327+0000] {logging_mixin.py:188} INFO - [2024-06-02T19:39:54.327+0000] {dag.py:3954} INFO - Setting next_dagrun for example_branch_dop_operator_v3 to 2024-06-02 19:38:00+00:00, run_after=2024-06-02 19:39:00+00:00
[2024-06-02T19:39:54.338+0000] {processor.py:183} INFO - Processing /home/airflow/.local/lib/python3.12/site-packages/airflow/example_dags/example_branch_python_dop_operator_3.py took 0.046 seconds
[2024-06-02T19:40:24.872+0000] {processor.py:161} INFO - Started process (PID=536) to work on /home/airflow/.local/lib/python3.12/site-packages/airflow/example_dags/example_branch_python_dop_operator_3.py
[2024-06-02T19:40:24.872+0000] {processor.py:830} INFO - Processing file /home/airflow/.local/lib/python3.12/site-packages/airflow/example_dags/example_branch_python_dop_operator_3.py for tasks to queue
[2024-06-02T19:40:24.874+0000] {logging_mixin.py:188} INFO - [2024-06-02T19:40:24.874+0000] {dagbag.py:545} INFO - Filling up the DagBag from /home/airflow/.local/lib/python3.12/site-packages/airflow/example_dags/example_branch_python_dop_operator_3.py
[2024-06-02T19:40:24.880+0000] {processor.py:840} INFO - DAG(s) 'example_branch_dop_operator_v3' retrieved from /home/airflow/.local/lib/python3.12/site-packages/airflow/example_dags/example_branch_python_dop_operator_3.py
[2024-06-02T19:40:24.890+0000] {logging_mixin.py:188} INFO - [2024-06-02T19:40:24.890+0000] {dag.py:3096} INFO - Sync 1 DAGs
[2024-06-02T19:40:24.903+0000] {logging_mixin.py:188} INFO - [2024-06-02T19:40:24.903+0000] {dag.py:3954} INFO - Setting next_dagrun for example_branch_dop_operator_v3 to 2024-06-02 19:39:00+00:00, run_after=2024-06-02 19:40:00+00:00
[2024-06-02T19:40:24.914+0000] {processor.py:183} INFO - Processing /home/airflow/.local/lib/python3.12/site-packages/airflow/example_dags/example_branch_python_dop_operator_3.py took 0.046 seconds
[2024-06-02T19:40:55.554+0000] {processor.py:161} INFO - Started process (PID=594) to work on /home/airflow/.local/lib/python3.12/site-packages/airflow/example_dags/example_branch_python_dop_operator_3.py
[2024-06-02T19:40:55.555+0000] {processor.py:830} INFO - Processing file /home/airflow/.local/lib/python3.12/site-packages/airflow/example_dags/example_branch_python_dop_operator_3.py for tasks to queue
[2024-06-02T19:40:55.556+0000] {logging_mixin.py:188} INFO - [2024-06-02T19:40:55.556+0000] {dagbag.py:545} INFO - Filling up the DagBag from /home/airflow/.local/lib/python3.12/site-packages/airflow/example_dags/example_branch_python_dop_operator_3.py
[2024-06-02T19:40:55.561+0000] {processor.py:840} INFO - DAG(s) 'example_branch_dop_operator_v3' retrieved from /home/airflow/.local/lib/python3.12/site-packages/airflow/example_dags/example_branch_python_dop_operator_3.py
[2024-06-02T19:40:55.572+0000] {logging_mixin.py:188} INFO - [2024-06-02T19:40:55.572+0000] {dag.py:3096} INFO - Sync 1 DAGs
[2024-06-02T19:40:55.586+0000] {logging_mixin.py:188} INFO - [2024-06-02T19:40:55.586+0000] {dag.py:3954} INFO - Setting next_dagrun for example_branch_dop_operator_v3 to 2024-06-02 19:39:00+00:00, run_after=2024-06-02 19:40:00+00:00
[2024-06-02T19:40:55.596+0000] {processor.py:183} INFO - Processing /home/airflow/.local/lib/python3.12/site-packages/airflow/example_dags/example_branch_python_dop_operator_3.py took 0.045 seconds
[2024-06-02T19:41:41.390+0000] {processor.py:161} INFO - Started process (PID=72) to work on /home/airflow/.local/lib/python3.12/site-packages/airflow/example_dags/example_branch_python_dop_operator_3.py
[2024-06-02T19:41:41.390+0000] {processor.py:830} INFO - Processing file /home/airflow/.local/lib/python3.12/site-packages/airflow/example_dags/example_branch_python_dop_operator_3.py for tasks to queue
[2024-06-02T19:41:41.392+0000] {logging_mixin.py:188} INFO - [2024-06-02T19:41:41.392+0000] {dagbag.py:545} INFO - Filling up the DagBag from /home/airflow/.local/lib/python3.12/site-packages/airflow/example_dags/example_branch_python_dop_operator_3.py
[2024-06-02T19:41:41.397+0000] {processor.py:840} INFO - DAG(s) 'example_branch_dop_operator_v3' retrieved from /home/airflow/.local/lib/python3.12/site-packages/airflow/example_dags/example_branch_python_dop_operator_3.py
[2024-06-02T19:41:41.405+0000] {logging_mixin.py:188} INFO - [2024-06-02T19:41:41.405+0000] {dag.py:3096} INFO - Sync 1 DAGs
[2024-06-02T19:41:41.422+0000] {logging_mixin.py:188} INFO - [2024-06-02T19:41:41.422+0000] {dag.py:3954} INFO - Setting next_dagrun for example_branch_dop_operator_v3 to 2024-06-02 19:40:00+00:00, run_after=2024-06-02 19:41:00+00:00
[2024-06-02T19:41:41.434+0000] {processor.py:183} INFO - Processing /home/airflow/.local/lib/python3.12/site-packages/airflow/example_dags/example_branch_python_dop_operator_3.py took 0.048 seconds
[2024-06-02T19:42:12.492+0000] {processor.py:161} INFO - Started process (PID=130) to work on /home/airflow/.local/lib/python3.12/site-packages/airflow/example_dags/example_branch_python_dop_operator_3.py
[2024-06-02T19:42:12.493+0000] {processor.py:830} INFO - Processing file /home/airflow/.local/lib/python3.12/site-packages/airflow/example_dags/example_branch_python_dop_operator_3.py for tasks to queue
[2024-06-02T19:42:12.494+0000] {logging_mixin.py:188} INFO - [2024-06-02T19:42:12.493+0000] {dagbag.py:545} INFO - Filling up the DagBag from /home/airflow/.local/lib/python3.12/site-packages/airflow/example_dags/example_branch_python_dop_operator_3.py
[2024-06-02T19:42:12.499+0000] {processor.py:840} INFO - DAG(s) 'example_branch_dop_operator_v3' retrieved from /home/airflow/.local/lib/python3.12/site-packages/airflow/example_dags/example_branch_python_dop_operator_3.py
[2024-06-02T19:42:12.556+0000] {logging_mixin.py:188} INFO - [2024-06-02T19:42:12.556+0000] {dag.py:3096} INFO - Sync 1 DAGs
[2024-06-02T19:42:12.569+0000] {logging_mixin.py:188} INFO - [2024-06-02T19:42:12.569+0000] {dag.py:3954} INFO - Setting next_dagrun for example_branch_dop_operator_v3 to 2024-06-02 19:41:00+00:00, run_after=2024-06-02 19:42:00+00:00
[2024-06-02T19:42:12.580+0000] {processor.py:183} INFO - Processing /home/airflow/.local/lib/python3.12/site-packages/airflow/example_dags/example_branch_python_dop_operator_3.py took 0.091 seconds
[2024-06-02T19:42:42.676+0000] {processor.py:161} INFO - Started process (PID=188) to work on /home/airflow/.local/lib/python3.12/site-packages/airflow/example_dags/example_branch_python_dop_operator_3.py
[2024-06-02T19:42:42.677+0000] {processor.py:830} INFO - Processing file /home/airflow/.local/lib/python3.12/site-packages/airflow/example_dags/example_branch_python_dop_operator_3.py for tasks to queue
[2024-06-02T19:42:42.678+0000] {logging_mixin.py:188} INFO - [2024-06-02T19:42:42.678+0000] {dagbag.py:545} INFO - Filling up the DagBag from /home/airflow/.local/lib/python3.12/site-packages/airflow/example_dags/example_branch_python_dop_operator_3.py
[2024-06-02T19:42:42.684+0000] {processor.py:840} INFO - DAG(s) 'example_branch_dop_operator_v3' retrieved from /home/airflow/.local/lib/python3.12/site-packages/airflow/example_dags/example_branch_python_dop_operator_3.py
[2024-06-02T19:42:42.697+0000] {logging_mixin.py:188} INFO - [2024-06-02T19:42:42.697+0000] {dag.py:3096} INFO - Sync 1 DAGs
[2024-06-02T19:42:42.714+0000] {logging_mixin.py:188} INFO - [2024-06-02T19:42:42.714+0000] {dag.py:3954} INFO - Setting next_dagrun for example_branch_dop_operator_v3 to 2024-06-02 19:41:00+00:00, run_after=2024-06-02 19:42:00+00:00
[2024-06-02T19:42:42.726+0000] {processor.py:183} INFO - Processing /home/airflow/.local/lib/python3.12/site-packages/airflow/example_dags/example_branch_python_dop_operator_3.py took 0.053 seconds
[2024-06-02T19:43:13.413+0000] {processor.py:161} INFO - Started process (PID=246) to work on /home/airflow/.local/lib/python3.12/site-packages/airflow/example_dags/example_branch_python_dop_operator_3.py
[2024-06-02T19:43:13.413+0000] {processor.py:830} INFO - Processing file /home/airflow/.local/lib/python3.12/site-packages/airflow/example_dags/example_branch_python_dop_operator_3.py for tasks to queue
[2024-06-02T19:43:13.414+0000] {logging_mixin.py:188} INFO - [2024-06-02T19:43:13.414+0000] {dagbag.py:545} INFO - Filling up the DagBag from /home/airflow/.local/lib/python3.12/site-packages/airflow/example_dags/example_branch_python_dop_operator_3.py
[2024-06-02T19:43:13.419+0000] {processor.py:840} INFO - DAG(s) 'example_branch_dop_operator_v3' retrieved from /home/airflow/.local/lib/python3.12/site-packages/airflow/example_dags/example_branch_python_dop_operator_3.py
[2024-06-02T19:43:13.430+0000] {logging_mixin.py:188} INFO - [2024-06-02T19:43:13.430+0000] {dag.py:3096} INFO - Sync 1 DAGs
[2024-06-02T19:43:13.442+0000] {logging_mixin.py:188} INFO - [2024-06-02T19:43:13.442+0000] {dag.py:3954} INFO - Setting next_dagrun for example_branch_dop_operator_v3 to 2024-06-02 19:42:00+00:00, run_after=2024-06-02 19:43:00+00:00
[2024-06-02T19:43:13.452+0000] {processor.py:183} INFO - Processing /home/airflow/.local/lib/python3.12/site-packages/airflow/example_dags/example_branch_python_dop_operator_3.py took 0.043 seconds
[2024-06-02T19:43:44.105+0000] {processor.py:161} INFO - Started process (PID=304) to work on /home/airflow/.local/lib/python3.12/site-packages/airflow/example_dags/example_branch_python_dop_operator_3.py
[2024-06-02T19:43:44.106+0000] {processor.py:830} INFO - Processing file /home/airflow/.local/lib/python3.12/site-packages/airflow/example_dags/example_branch_python_dop_operator_3.py for tasks to queue
[2024-06-02T19:43:44.107+0000] {logging_mixin.py:188} INFO - [2024-06-02T19:43:44.107+0000] {dagbag.py:545} INFO - Filling up the DagBag from /home/airflow/.local/lib/python3.12/site-packages/airflow/example_dags/example_branch_python_dop_operator_3.py
[2024-06-02T19:43:44.113+0000] {processor.py:840} INFO - DAG(s) 'example_branch_dop_operator_v3' retrieved from /home/airflow/.local/lib/python3.12/site-packages/airflow/example_dags/example_branch_python_dop_operator_3.py
[2024-06-02T19:43:44.125+0000] {logging_mixin.py:188} INFO - [2024-06-02T19:43:44.124+0000] {dag.py:3096} INFO - Sync 1 DAGs
[2024-06-02T19:43:44.139+0000] {logging_mixin.py:188} INFO - [2024-06-02T19:43:44.138+0000] {dag.py:3954} INFO - Setting next_dagrun for example_branch_dop_operator_v3 to 2024-06-02 19:42:00+00:00, run_after=2024-06-02 19:43:00+00:00
[2024-06-02T19:43:44.149+0000] {processor.py:183} INFO - Processing /home/airflow/.local/lib/python3.12/site-packages/airflow/example_dags/example_branch_python_dop_operator_3.py took 0.046 seconds
[2024-06-02T19:44:14.745+0000] {processor.py:161} INFO - Started process (PID=362) to work on /home/airflow/.local/lib/python3.12/site-packages/airflow/example_dags/example_branch_python_dop_operator_3.py
[2024-06-02T19:44:14.746+0000] {processor.py:830} INFO - Processing file /home/airflow/.local/lib/python3.12/site-packages/airflow/example_dags/example_branch_python_dop_operator_3.py for tasks to queue
[2024-06-02T19:44:14.747+0000] {logging_mixin.py:188} INFO - [2024-06-02T19:44:14.747+0000] {dagbag.py:545} INFO - Filling up the DagBag from /home/airflow/.local/lib/python3.12/site-packages/airflow/example_dags/example_branch_python_dop_operator_3.py
[2024-06-02T19:44:14.752+0000] {processor.py:840} INFO - DAG(s) 'example_branch_dop_operator_v3' retrieved from /home/airflow/.local/lib/python3.12/site-packages/airflow/example_dags/example_branch_python_dop_operator_3.py
[2024-06-02T19:44:14.763+0000] {logging_mixin.py:188} INFO - [2024-06-02T19:44:14.763+0000] {dag.py:3096} INFO - Sync 1 DAGs
[2024-06-02T19:44:14.777+0000] {logging_mixin.py:188} INFO - [2024-06-02T19:44:14.777+0000] {dag.py:3954} INFO - Setting next_dagrun for example_branch_dop_operator_v3 to 2024-06-02 19:43:00+00:00, run_after=2024-06-02 19:44:00+00:00
[2024-06-02T19:44:14.787+0000] {processor.py:183} INFO - Processing /home/airflow/.local/lib/python3.12/site-packages/airflow/example_dags/example_branch_python_dop_operator_3.py took 0.045 seconds
[2024-06-02T19:44:45.371+0000] {processor.py:161} INFO - Started process (PID=420) to work on /home/airflow/.local/lib/python3.12/site-packages/airflow/example_dags/example_branch_python_dop_operator_3.py
[2024-06-02T19:44:45.371+0000] {processor.py:830} INFO - Processing file /home/airflow/.local/lib/python3.12/site-packages/airflow/example_dags/example_branch_python_dop_operator_3.py for tasks to queue
[2024-06-02T19:44:45.373+0000] {logging_mixin.py:188} INFO - [2024-06-02T19:44:45.372+0000] {dagbag.py:545} INFO - Filling up the DagBag from /home/airflow/.local/lib/python3.12/site-packages/airflow/example_dags/example_branch_python_dop_operator_3.py
[2024-06-02T19:44:45.378+0000] {processor.py:840} INFO - DAG(s) 'example_branch_dop_operator_v3' retrieved from /home/airflow/.local/lib/python3.12/site-packages/airflow/example_dags/example_branch_python_dop_operator_3.py
[2024-06-02T19:44:45.389+0000] {logging_mixin.py:188} INFO - [2024-06-02T19:44:45.389+0000] {dag.py:3096} INFO - Sync 1 DAGs
[2024-06-02T19:44:45.403+0000] {logging_mixin.py:188} INFO - [2024-06-02T19:44:45.403+0000] {dag.py:3954} INFO - Setting next_dagrun for example_branch_dop_operator_v3 to 2024-06-02 19:43:00+00:00, run_after=2024-06-02 19:44:00+00:00
[2024-06-02T19:44:45.413+0000] {processor.py:183} INFO - Processing /home/airflow/.local/lib/python3.12/site-packages/airflow/example_dags/example_branch_python_dop_operator_3.py took 0.046 seconds
[2024-06-02T19:45:15.989+0000] {processor.py:161} INFO - Started process (PID=478) to work on /home/airflow/.local/lib/python3.12/site-packages/airflow/example_dags/example_branch_python_dop_operator_3.py
[2024-06-02T19:45:15.989+0000] {processor.py:830} INFO - Processing file /home/airflow/.local/lib/python3.12/site-packages/airflow/example_dags/example_branch_python_dop_operator_3.py for tasks to queue
[2024-06-02T19:45:15.992+0000] {logging_mixin.py:188} INFO - [2024-06-02T19:45:15.991+0000] {dagbag.py:545} INFO - Filling up the DagBag from /home/airflow/.local/lib/python3.12/site-packages/airflow/example_dags/example_branch_python_dop_operator_3.py
[2024-06-02T19:45:15.998+0000] {processor.py:840} INFO - DAG(s) 'example_branch_dop_operator_v3' retrieved from /home/airflow/.local/lib/python3.12/site-packages/airflow/example_dags/example_branch_python_dop_operator_3.py
[2024-06-02T19:45:16.009+0000] {logging_mixin.py:188} INFO - [2024-06-02T19:45:16.009+0000] {dag.py:3096} INFO - Sync 1 DAGs
[2024-06-02T19:45:16.023+0000] {logging_mixin.py:188} INFO - [2024-06-02T19:45:16.023+0000] {dag.py:3954} INFO - Setting next_dagrun for example_branch_dop_operator_v3 to 2024-06-02 19:44:00+00:00, run_after=2024-06-02 19:45:00+00:00
[2024-06-02T19:45:16.034+0000] {processor.py:183} INFO - Processing /home/airflow/.local/lib/python3.12/site-packages/airflow/example_dags/example_branch_python_dop_operator_3.py took 0.048 seconds
[2024-06-02T19:45:46.655+0000] {processor.py:161} INFO - Started process (PID=535) to work on /home/airflow/.local/lib/python3.12/site-packages/airflow/example_dags/example_branch_python_dop_operator_3.py
[2024-06-02T19:45:46.655+0000] {processor.py:830} INFO - Processing file /home/airflow/.local/lib/python3.12/site-packages/airflow/example_dags/example_branch_python_dop_operator_3.py for tasks to queue
[2024-06-02T19:45:46.656+0000] {logging_mixin.py:188} INFO - [2024-06-02T19:45:46.656+0000] {dagbag.py:545} INFO - Filling up the DagBag from /home/airflow/.local/lib/python3.12/site-packages/airflow/example_dags/example_branch_python_dop_operator_3.py
[2024-06-02T19:45:46.661+0000] {processor.py:840} INFO - DAG(s) 'example_branch_dop_operator_v3' retrieved from /home/airflow/.local/lib/python3.12/site-packages/airflow/example_dags/example_branch_python_dop_operator_3.py
[2024-06-02T19:45:46.672+0000] {logging_mixin.py:188} INFO - [2024-06-02T19:45:46.672+0000] {dag.py:3096} INFO - Sync 1 DAGs
[2024-06-02T19:45:46.686+0000] {logging_mixin.py:188} INFO - [2024-06-02T19:45:46.686+0000] {dag.py:3954} INFO - Setting next_dagrun for example_branch_dop_operator_v3 to 2024-06-02 19:44:00+00:00, run_after=2024-06-02 19:45:00+00:00
[2024-06-02T19:45:46.696+0000] {processor.py:183} INFO - Processing /home/airflow/.local/lib/python3.12/site-packages/airflow/example_dags/example_branch_python_dop_operator_3.py took 0.045 seconds
[2024-06-02T19:46:17.346+0000] {processor.py:161} INFO - Started process (PID=593) to work on /home/airflow/.local/lib/python3.12/site-packages/airflow/example_dags/example_branch_python_dop_operator_3.py
[2024-06-02T19:46:17.347+0000] {processor.py:830} INFO - Processing file /home/airflow/.local/lib/python3.12/site-packages/airflow/example_dags/example_branch_python_dop_operator_3.py for tasks to queue
[2024-06-02T19:46:17.348+0000] {logging_mixin.py:188} INFO - [2024-06-02T19:46:17.348+0000] {dagbag.py:545} INFO - Filling up the DagBag from /home/airflow/.local/lib/python3.12/site-packages/airflow/example_dags/example_branch_python_dop_operator_3.py
[2024-06-02T19:46:17.354+0000] {processor.py:840} INFO - DAG(s) 'example_branch_dop_operator_v3' retrieved from /home/airflow/.local/lib/python3.12/site-packages/airflow/example_dags/example_branch_python_dop_operator_3.py
[2024-06-02T19:46:17.365+0000] {logging_mixin.py:188} INFO - [2024-06-02T19:46:17.364+0000] {dag.py:3096} INFO - Sync 1 DAGs
[2024-06-02T19:46:17.379+0000] {logging_mixin.py:188} INFO - [2024-06-02T19:46:17.379+0000] {dag.py:3954} INFO - Setting next_dagrun for example_branch_dop_operator_v3 to 2024-06-02 19:45:00+00:00, run_after=2024-06-02 19:46:00+00:00
[2024-06-02T19:46:17.389+0000] {processor.py:183} INFO - Processing /home/airflow/.local/lib/python3.12/site-packages/airflow/example_dags/example_branch_python_dop_operator_3.py took 0.046 seconds
[2024-06-02T19:46:48.080+0000] {processor.py:161} INFO - Started process (PID=651) to work on /home/airflow/.local/lib/python3.12/site-packages/airflow/example_dags/example_branch_python_dop_operator_3.py
[2024-06-02T19:46:48.080+0000] {processor.py:830} INFO - Processing file /home/airflow/.local/lib/python3.12/site-packages/airflow/example_dags/example_branch_python_dop_operator_3.py for tasks to queue
[2024-06-02T19:46:48.081+0000] {logging_mixin.py:188} INFO - [2024-06-02T19:46:48.081+0000] {dagbag.py:545} INFO - Filling up the DagBag from /home/airflow/.local/lib/python3.12/site-packages/airflow/example_dags/example_branch_python_dop_operator_3.py
[2024-06-02T19:46:48.087+0000] {processor.py:840} INFO - DAG(s) 'example_branch_dop_operator_v3' retrieved from /home/airflow/.local/lib/python3.12/site-packages/airflow/example_dags/example_branch_python_dop_operator_3.py
[2024-06-02T19:46:48.099+0000] {logging_mixin.py:188} INFO - [2024-06-02T19:46:48.099+0000] {dag.py:3096} INFO - Sync 1 DAGs
[2024-06-02T19:46:48.113+0000] {logging_mixin.py:188} INFO - [2024-06-02T19:46:48.113+0000] {dag.py:3954} INFO - Setting next_dagrun for example_branch_dop_operator_v3 to 2024-06-02 19:45:00+00:00, run_after=2024-06-02 19:46:00+00:00
[2024-06-02T19:46:48.124+0000] {processor.py:183} INFO - Processing /home/airflow/.local/lib/python3.12/site-packages/airflow/example_dags/example_branch_python_dop_operator_3.py took 0.048 seconds
[2024-06-02T19:47:18.749+0000] {processor.py:161} INFO - Started process (PID=709) to work on /home/airflow/.local/lib/python3.12/site-packages/airflow/example_dags/example_branch_python_dop_operator_3.py
[2024-06-02T19:47:18.750+0000] {processor.py:830} INFO - Processing file /home/airflow/.local/lib/python3.12/site-packages/airflow/example_dags/example_branch_python_dop_operator_3.py for tasks to queue
[2024-06-02T19:47:18.752+0000] {logging_mixin.py:188} INFO - [2024-06-02T19:47:18.751+0000] {dagbag.py:545} INFO - Filling up the DagBag from /home/airflow/.local/lib/python3.12/site-packages/airflow/example_dags/example_branch_python_dop_operator_3.py
[2024-06-02T19:47:18.757+0000] {processor.py:840} INFO - DAG(s) 'example_branch_dop_operator_v3' retrieved from /home/airflow/.local/lib/python3.12/site-packages/airflow/example_dags/example_branch_python_dop_operator_3.py
[2024-06-02T19:47:18.768+0000] {logging_mixin.py:188} INFO - [2024-06-02T19:47:18.768+0000] {dag.py:3096} INFO - Sync 1 DAGs
[2024-06-02T19:47:18.782+0000] {logging_mixin.py:188} INFO - [2024-06-02T19:47:18.782+0000] {dag.py:3954} INFO - Setting next_dagrun for example_branch_dop_operator_v3 to 2024-06-02 19:46:00+00:00, run_after=2024-06-02 19:47:00+00:00
[2024-06-02T19:47:18.792+0000] {processor.py:183} INFO - Processing /home/airflow/.local/lib/python3.12/site-packages/airflow/example_dags/example_branch_python_dop_operator_3.py took 0.047 seconds
[2024-06-02T19:47:49.509+0000] {processor.py:161} INFO - Started process (PID=767) to work on /home/airflow/.local/lib/python3.12/site-packages/airflow/example_dags/example_branch_python_dop_operator_3.py
[2024-06-02T19:47:49.509+0000] {processor.py:830} INFO - Processing file /home/airflow/.local/lib/python3.12/site-packages/airflow/example_dags/example_branch_python_dop_operator_3.py for tasks to queue
[2024-06-02T19:47:49.510+0000] {logging_mixin.py:188} INFO - [2024-06-02T19:47:49.510+0000] {dagbag.py:545} INFO - Filling up the DagBag from /home/airflow/.local/lib/python3.12/site-packages/airflow/example_dags/example_branch_python_dop_operator_3.py
[2024-06-02T19:47:49.515+0000] {processor.py:840} INFO - DAG(s) 'example_branch_dop_operator_v3' retrieved from /home/airflow/.local/lib/python3.12/site-packages/airflow/example_dags/example_branch_python_dop_operator_3.py
[2024-06-02T19:47:49.528+0000] {logging_mixin.py:188} INFO - [2024-06-02T19:47:49.528+0000] {dag.py:3096} INFO - Sync 1 DAGs
[2024-06-02T19:47:49.542+0000] {logging_mixin.py:188} INFO - [2024-06-02T19:47:49.541+0000] {dag.py:3954} INFO - Setting next_dagrun for example_branch_dop_operator_v3 to 2024-06-02 19:46:00+00:00, run_after=2024-06-02 19:47:00+00:00
[2024-06-02T19:47:49.552+0000] {processor.py:183} INFO - Processing /home/airflow/.local/lib/python3.12/site-packages/airflow/example_dags/example_branch_python_dop_operator_3.py took 0.046 seconds
[2024-06-02T19:48:20.226+0000] {processor.py:161} INFO - Started process (PID=825) to work on /home/airflow/.local/lib/python3.12/site-packages/airflow/example_dags/example_branch_python_dop_operator_3.py
[2024-06-02T19:48:20.227+0000] {processor.py:830} INFO - Processing file /home/airflow/.local/lib/python3.12/site-packages/airflow/example_dags/example_branch_python_dop_operator_3.py for tasks to queue
[2024-06-02T19:48:20.228+0000] {logging_mixin.py:188} INFO - [2024-06-02T19:48:20.228+0000] {dagbag.py:545} INFO - Filling up the DagBag from /home/airflow/.local/lib/python3.12/site-packages/airflow/example_dags/example_branch_python_dop_operator_3.py
[2024-06-02T19:48:20.233+0000] {processor.py:840} INFO - DAG(s) 'example_branch_dop_operator_v3' retrieved from /home/airflow/.local/lib/python3.12/site-packages/airflow/example_dags/example_branch_python_dop_operator_3.py
[2024-06-02T19:48:20.245+0000] {logging_mixin.py:188} INFO - [2024-06-02T19:48:20.245+0000] {dag.py:3096} INFO - Sync 1 DAGs
[2024-06-02T19:48:20.260+0000] {logging_mixin.py:188} INFO - [2024-06-02T19:48:20.260+0000] {dag.py:3954} INFO - Setting next_dagrun for example_branch_dop_operator_v3 to 2024-06-02 19:47:00+00:00, run_after=2024-06-02 19:48:00+00:00
[2024-06-02T19:48:20.270+0000] {processor.py:183} INFO - Processing /home/airflow/.local/lib/python3.12/site-packages/airflow/example_dags/example_branch_python_dop_operator_3.py took 0.047 seconds
[2024-06-02T19:48:50.855+0000] {processor.py:161} INFO - Started process (PID=883) to work on /home/airflow/.local/lib/python3.12/site-packages/airflow/example_dags/example_branch_python_dop_operator_3.py
[2024-06-02T19:48:50.856+0000] {processor.py:830} INFO - Processing file /home/airflow/.local/lib/python3.12/site-packages/airflow/example_dags/example_branch_python_dop_operator_3.py for tasks to queue
[2024-06-02T19:48:50.857+0000] {logging_mixin.py:188} INFO - [2024-06-02T19:48:50.857+0000] {dagbag.py:545} INFO - Filling up the DagBag from /home/airflow/.local/lib/python3.12/site-packages/airflow/example_dags/example_branch_python_dop_operator_3.py
[2024-06-02T19:48:50.862+0000] {processor.py:840} INFO - DAG(s) 'example_branch_dop_operator_v3' retrieved from /home/airflow/.local/lib/python3.12/site-packages/airflow/example_dags/example_branch_python_dop_operator_3.py
[2024-06-02T19:48:50.872+0000] {logging_mixin.py:188} INFO - [2024-06-02T19:48:50.872+0000] {dag.py:3096} INFO - Sync 1 DAGs
[2024-06-02T19:48:50.885+0000] {logging_mixin.py:188} INFO - [2024-06-02T19:48:50.885+0000] {dag.py:3954} INFO - Setting next_dagrun for example_branch_dop_operator_v3 to 2024-06-02 19:47:00+00:00, run_after=2024-06-02 19:48:00+00:00
[2024-06-02T19:48:50.895+0000] {processor.py:183} INFO - Processing /home/airflow/.local/lib/python3.12/site-packages/airflow/example_dags/example_branch_python_dop_operator_3.py took 0.043 seconds
[2024-06-02T19:49:21.493+0000] {processor.py:161} INFO - Started process (PID=941) to work on /home/airflow/.local/lib/python3.12/site-packages/airflow/example_dags/example_branch_python_dop_operator_3.py
[2024-06-02T19:49:21.493+0000] {processor.py:830} INFO - Processing file /home/airflow/.local/lib/python3.12/site-packages/airflow/example_dags/example_branch_python_dop_operator_3.py for tasks to queue
[2024-06-02T19:49:21.494+0000] {logging_mixin.py:188} INFO - [2024-06-02T19:49:21.494+0000] {dagbag.py:545} INFO - Filling up the DagBag from /home/airflow/.local/lib/python3.12/site-packages/airflow/example_dags/example_branch_python_dop_operator_3.py
[2024-06-02T19:49:21.499+0000] {processor.py:840} INFO - DAG(s) 'example_branch_dop_operator_v3' retrieved from /home/airflow/.local/lib/python3.12/site-packages/airflow/example_dags/example_branch_python_dop_operator_3.py
[2024-06-02T19:49:21.511+0000] {logging_mixin.py:188} INFO - [2024-06-02T19:49:21.510+0000] {dag.py:3096} INFO - Sync 1 DAGs
[2024-06-02T19:49:21.525+0000] {logging_mixin.py:188} INFO - [2024-06-02T19:49:21.524+0000] {dag.py:3954} INFO - Setting next_dagrun for example_branch_dop_operator_v3 to 2024-06-02 19:48:00+00:00, run_after=2024-06-02 19:49:00+00:00
[2024-06-02T19:49:21.536+0000] {processor.py:183} INFO - Processing /home/airflow/.local/lib/python3.12/site-packages/airflow/example_dags/example_branch_python_dop_operator_3.py took 0.046 seconds
[2024-06-02T19:49:52.135+0000] {processor.py:161} INFO - Started process (PID=999) to work on /home/airflow/.local/lib/python3.12/site-packages/airflow/example_dags/example_branch_python_dop_operator_3.py
[2024-06-02T19:49:52.135+0000] {processor.py:830} INFO - Processing file /home/airflow/.local/lib/python3.12/site-packages/airflow/example_dags/example_branch_python_dop_operator_3.py for tasks to queue
[2024-06-02T19:49:52.136+0000] {logging_mixin.py:188} INFO - [2024-06-02T19:49:52.136+0000] {dagbag.py:545} INFO - Filling up the DagBag from /home/airflow/.local/lib/python3.12/site-packages/airflow/example_dags/example_branch_python_dop_operator_3.py
[2024-06-02T19:49:52.142+0000] {processor.py:840} INFO - DAG(s) 'example_branch_dop_operator_v3' retrieved from /home/airflow/.local/lib/python3.12/site-packages/airflow/example_dags/example_branch_python_dop_operator_3.py
[2024-06-02T19:49:52.153+0000] {logging_mixin.py:188} INFO - [2024-06-02T19:49:52.153+0000] {dag.py:3096} INFO - Sync 1 DAGs
[2024-06-02T19:49:52.166+0000] {logging_mixin.py:188} INFO - [2024-06-02T19:49:52.166+0000] {dag.py:3954} INFO - Setting next_dagrun for example_branch_dop_operator_v3 to 2024-06-02 19:48:00+00:00, run_after=2024-06-02 19:49:00+00:00
[2024-06-02T19:49:52.176+0000] {processor.py:183} INFO - Processing /home/airflow/.local/lib/python3.12/site-packages/airflow/example_dags/example_branch_python_dop_operator_3.py took 0.044 seconds
[2024-06-02T19:50:22.921+0000] {processor.py:161} INFO - Started process (PID=1057) to work on /home/airflow/.local/lib/python3.12/site-packages/airflow/example_dags/example_branch_python_dop_operator_3.py
[2024-06-02T19:50:22.922+0000] {processor.py:830} INFO - Processing file /home/airflow/.local/lib/python3.12/site-packages/airflow/example_dags/example_branch_python_dop_operator_3.py for tasks to queue
[2024-06-02T19:50:22.923+0000] {logging_mixin.py:188} INFO - [2024-06-02T19:50:22.923+0000] {dagbag.py:545} INFO - Filling up the DagBag from /home/airflow/.local/lib/python3.12/site-packages/airflow/example_dags/example_branch_python_dop_operator_3.py
[2024-06-02T19:50:22.928+0000] {processor.py:840} INFO - DAG(s) 'example_branch_dop_operator_v3' retrieved from /home/airflow/.local/lib/python3.12/site-packages/airflow/example_dags/example_branch_python_dop_operator_3.py
[2024-06-02T19:50:22.940+0000] {logging_mixin.py:188} INFO - [2024-06-02T19:50:22.940+0000] {dag.py:3096} INFO - Sync 1 DAGs
[2024-06-02T19:50:22.954+0000] {logging_mixin.py:188} INFO - [2024-06-02T19:50:22.954+0000] {dag.py:3954} INFO - Setting next_dagrun for example_branch_dop_operator_v3 to 2024-06-02 19:49:00+00:00, run_after=2024-06-02 19:50:00+00:00
[2024-06-02T19:50:22.965+0000] {processor.py:183} INFO - Processing /home/airflow/.local/lib/python3.12/site-packages/airflow/example_dags/example_branch_python_dop_operator_3.py took 0.047 seconds
[2024-06-02T19:50:52.984+0000] {processor.py:161} INFO - Started process (PID=1115) to work on /home/airflow/.local/lib/python3.12/site-packages/airflow/example_dags/example_branch_python_dop_operator_3.py
[2024-06-02T19:50:52.985+0000] {processor.py:830} INFO - Processing file /home/airflow/.local/lib/python3.12/site-packages/airflow/example_dags/example_branch_python_dop_operator_3.py for tasks to queue
[2024-06-02T19:50:52.986+0000] {logging_mixin.py:188} INFO - [2024-06-02T19:50:52.986+0000] {dagbag.py:545} INFO - Filling up the DagBag from /home/airflow/.local/lib/python3.12/site-packages/airflow/example_dags/example_branch_python_dop_operator_3.py
[2024-06-02T19:50:52.991+0000] {processor.py:840} INFO - DAG(s) 'example_branch_dop_operator_v3' retrieved from /home/airflow/.local/lib/python3.12/site-packages/airflow/example_dags/example_branch_python_dop_operator_3.py
[2024-06-02T19:50:53.002+0000] {logging_mixin.py:188} INFO - [2024-06-02T19:50:53.002+0000] {dag.py:3096} INFO - Sync 1 DAGs
[2024-06-02T19:50:53.016+0000] {logging_mixin.py:188} INFO - [2024-06-02T19:50:53.015+0000] {dag.py:3954} INFO - Setting next_dagrun for example_branch_dop_operator_v3 to 2024-06-02 19:49:00+00:00, run_after=2024-06-02 19:50:00+00:00
[2024-06-02T19:50:53.026+0000] {processor.py:183} INFO - Processing /home/airflow/.local/lib/python3.12/site-packages/airflow/example_dags/example_branch_python_dop_operator_3.py took 0.044 seconds
[2024-06-02T19:51:23.208+0000] {processor.py:161} INFO - Started process (PID=1173) to work on /home/airflow/.local/lib/python3.12/site-packages/airflow/example_dags/example_branch_python_dop_operator_3.py
[2024-06-02T19:51:23.209+0000] {processor.py:830} INFO - Processing file /home/airflow/.local/lib/python3.12/site-packages/airflow/example_dags/example_branch_python_dop_operator_3.py for tasks to queue
[2024-06-02T19:51:23.210+0000] {logging_mixin.py:188} INFO - [2024-06-02T19:51:23.210+0000] {dagbag.py:545} INFO - Filling up the DagBag from /home/airflow/.local/lib/python3.12/site-packages/airflow/example_dags/example_branch_python_dop_operator_3.py
[2024-06-02T19:51:23.215+0000] {processor.py:840} INFO - DAG(s) 'example_branch_dop_operator_v3' retrieved from /home/airflow/.local/lib/python3.12/site-packages/airflow/example_dags/example_branch_python_dop_operator_3.py
[2024-06-02T19:51:23.226+0000] {logging_mixin.py:188} INFO - [2024-06-02T19:51:23.226+0000] {dag.py:3096} INFO - Sync 1 DAGs
[2024-06-02T19:51:23.239+0000] {logging_mixin.py:188} INFO - [2024-06-02T19:51:23.239+0000] {dag.py:3954} INFO - Setting next_dagrun for example_branch_dop_operator_v3 to 2024-06-02 19:50:00+00:00, run_after=2024-06-02 19:51:00+00:00
[2024-06-02T19:51:23.249+0000] {processor.py:183} INFO - Processing /home/airflow/.local/lib/python3.12/site-packages/airflow/example_dags/example_branch_python_dop_operator_3.py took 0.045 seconds
[2024-06-02T19:51:53.413+0000] {processor.py:161} INFO - Started process (PID=1231) to work on /home/airflow/.local/lib/python3.12/site-packages/airflow/example_dags/example_branch_python_dop_operator_3.py
[2024-06-02T19:51:53.414+0000] {processor.py:830} INFO - Processing file /home/airflow/.local/lib/python3.12/site-packages/airflow/example_dags/example_branch_python_dop_operator_3.py for tasks to queue
[2024-06-02T19:51:53.416+0000] {logging_mixin.py:188} INFO - [2024-06-02T19:51:53.415+0000] {dagbag.py:545} INFO - Filling up the DagBag from /home/airflow/.local/lib/python3.12/site-packages/airflow/example_dags/example_branch_python_dop_operator_3.py
[2024-06-02T19:51:53.421+0000] {processor.py:840} INFO - DAG(s) 'example_branch_dop_operator_v3' retrieved from /home/airflow/.local/lib/python3.12/site-packages/airflow/example_dags/example_branch_python_dop_operator_3.py
[2024-06-02T19:51:53.433+0000] {logging_mixin.py:188} INFO - [2024-06-02T19:51:53.433+0000] {dag.py:3096} INFO - Sync 1 DAGs
[2024-06-02T19:51:53.447+0000] {logging_mixin.py:188} INFO - [2024-06-02T19:51:53.447+0000] {dag.py:3954} INFO - Setting next_dagrun for example_branch_dop_operator_v3 to 2024-06-02 19:50:00+00:00, run_after=2024-06-02 19:51:00+00:00
[2024-06-02T19:51:53.458+0000] {processor.py:183} INFO - Processing /home/airflow/.local/lib/python3.12/site-packages/airflow/example_dags/example_branch_python_dop_operator_3.py took 0.048 seconds
[2024-06-02T19:52:24.079+0000] {processor.py:161} INFO - Started process (PID=1289) to work on /home/airflow/.local/lib/python3.12/site-packages/airflow/example_dags/example_branch_python_dop_operator_3.py
[2024-06-02T19:52:24.079+0000] {processor.py:830} INFO - Processing file /home/airflow/.local/lib/python3.12/site-packages/airflow/example_dags/example_branch_python_dop_operator_3.py for tasks to queue
[2024-06-02T19:52:24.081+0000] {logging_mixin.py:188} INFO - [2024-06-02T19:52:24.080+0000] {dagbag.py:545} INFO - Filling up the DagBag from /home/airflow/.local/lib/python3.12/site-packages/airflow/example_dags/example_branch_python_dop_operator_3.py
[2024-06-02T19:52:24.086+0000] {processor.py:840} INFO - DAG(s) 'example_branch_dop_operator_v3' retrieved from /home/airflow/.local/lib/python3.12/site-packages/airflow/example_dags/example_branch_python_dop_operator_3.py
[2024-06-02T19:52:24.099+0000] {logging_mixin.py:188} INFO - [2024-06-02T19:52:24.098+0000] {dag.py:3096} INFO - Sync 1 DAGs
[2024-06-02T19:52:24.114+0000] {logging_mixin.py:188} INFO - [2024-06-02T19:52:24.113+0000] {dag.py:3954} INFO - Setting next_dagrun for example_branch_dop_operator_v3 to 2024-06-02 19:51:00+00:00, run_after=2024-06-02 19:52:00+00:00
[2024-06-02T19:52:24.125+0000] {processor.py:183} INFO - Processing /home/airflow/.local/lib/python3.12/site-packages/airflow/example_dags/example_branch_python_dop_operator_3.py took 0.050 seconds
[2024-06-02T19:52:54.797+0000] {processor.py:161} INFO - Started process (PID=1346) to work on /home/airflow/.local/lib/python3.12/site-packages/airflow/example_dags/example_branch_python_dop_operator_3.py
[2024-06-02T19:52:54.797+0000] {processor.py:830} INFO - Processing file /home/airflow/.local/lib/python3.12/site-packages/airflow/example_dags/example_branch_python_dop_operator_3.py for tasks to queue
[2024-06-02T19:52:54.799+0000] {logging_mixin.py:188} INFO - [2024-06-02T19:52:54.798+0000] {dagbag.py:545} INFO - Filling up the DagBag from /home/airflow/.local/lib/python3.12/site-packages/airflow/example_dags/example_branch_python_dop_operator_3.py
[2024-06-02T19:52:54.804+0000] {processor.py:840} INFO - DAG(s) 'example_branch_dop_operator_v3' retrieved from /home/airflow/.local/lib/python3.12/site-packages/airflow/example_dags/example_branch_python_dop_operator_3.py
[2024-06-02T19:52:54.815+0000] {logging_mixin.py:188} INFO - [2024-06-02T19:52:54.815+0000] {dag.py:3096} INFO - Sync 1 DAGs
[2024-06-02T19:52:54.829+0000] {logging_mixin.py:188} INFO - [2024-06-02T19:52:54.829+0000] {dag.py:3954} INFO - Setting next_dagrun for example_branch_dop_operator_v3 to 2024-06-02 19:51:00+00:00, run_after=2024-06-02 19:52:00+00:00
[2024-06-02T19:52:54.840+0000] {processor.py:183} INFO - Processing /home/airflow/.local/lib/python3.12/site-packages/airflow/example_dags/example_branch_python_dop_operator_3.py took 0.046 seconds
[2024-06-02T19:53:25.510+0000] {processor.py:161} INFO - Started process (PID=1410) to work on /home/airflow/.local/lib/python3.12/site-packages/airflow/example_dags/example_branch_python_dop_operator_3.py
[2024-06-02T19:53:25.510+0000] {processor.py:830} INFO - Processing file /home/airflow/.local/lib/python3.12/site-packages/airflow/example_dags/example_branch_python_dop_operator_3.py for tasks to queue
[2024-06-02T19:53:25.512+0000] {logging_mixin.py:188} INFO - [2024-06-02T19:53:25.511+0000] {dagbag.py:545} INFO - Filling up the DagBag from /home/airflow/.local/lib/python3.12/site-packages/airflow/example_dags/example_branch_python_dop_operator_3.py
[2024-06-02T19:53:25.516+0000] {processor.py:840} INFO - DAG(s) 'example_branch_dop_operator_v3' retrieved from /home/airflow/.local/lib/python3.12/site-packages/airflow/example_dags/example_branch_python_dop_operator_3.py
[2024-06-02T19:53:25.528+0000] {logging_mixin.py:188} INFO - [2024-06-02T19:53:25.528+0000] {dag.py:3096} INFO - Sync 1 DAGs
[2024-06-02T19:53:25.542+0000] {logging_mixin.py:188} INFO - [2024-06-02T19:53:25.542+0000] {dag.py:3954} INFO - Setting next_dagrun for example_branch_dop_operator_v3 to 2024-06-02 19:52:00+00:00, run_after=2024-06-02 19:53:00+00:00
[2024-06-02T19:53:25.553+0000] {processor.py:183} INFO - Processing /home/airflow/.local/lib/python3.12/site-packages/airflow/example_dags/example_branch_python_dop_operator_3.py took 0.047 seconds
[2024-06-02T19:53:56.191+0000] {processor.py:161} INFO - Started process (PID=1468) to work on /home/airflow/.local/lib/python3.12/site-packages/airflow/example_dags/example_branch_python_dop_operator_3.py
[2024-06-02T19:53:56.192+0000] {processor.py:830} INFO - Processing file /home/airflow/.local/lib/python3.12/site-packages/airflow/example_dags/example_branch_python_dop_operator_3.py for tasks to queue
[2024-06-02T19:53:56.193+0000] {logging_mixin.py:188} INFO - [2024-06-02T19:53:56.193+0000] {dagbag.py:545} INFO - Filling up the DagBag from /home/airflow/.local/lib/python3.12/site-packages/airflow/example_dags/example_branch_python_dop_operator_3.py
[2024-06-02T19:53:56.198+0000] {processor.py:840} INFO - DAG(s) 'example_branch_dop_operator_v3' retrieved from /home/airflow/.local/lib/python3.12/site-packages/airflow/example_dags/example_branch_python_dop_operator_3.py
[2024-06-02T19:53:56.210+0000] {logging_mixin.py:188} INFO - [2024-06-02T19:53:56.210+0000] {dag.py:3096} INFO - Sync 1 DAGs
[2024-06-02T19:53:56.224+0000] {logging_mixin.py:188} INFO - [2024-06-02T19:53:56.224+0000] {dag.py:3954} INFO - Setting next_dagrun for example_branch_dop_operator_v3 to 2024-06-02 19:52:00+00:00, run_after=2024-06-02 19:53:00+00:00
[2024-06-02T19:53:56.235+0000] {processor.py:183} INFO - Processing /home/airflow/.local/lib/python3.12/site-packages/airflow/example_dags/example_branch_python_dop_operator_3.py took 0.047 seconds
[2024-06-02T19:54:26.924+0000] {processor.py:161} INFO - Started process (PID=1526) to work on /home/airflow/.local/lib/python3.12/site-packages/airflow/example_dags/example_branch_python_dop_operator_3.py
[2024-06-02T19:54:26.924+0000] {processor.py:830} INFO - Processing file /home/airflow/.local/lib/python3.12/site-packages/airflow/example_dags/example_branch_python_dop_operator_3.py for tasks to queue
[2024-06-02T19:54:26.926+0000] {logging_mixin.py:188} INFO - [2024-06-02T19:54:26.925+0000] {dagbag.py:545} INFO - Filling up the DagBag from /home/airflow/.local/lib/python3.12/site-packages/airflow/example_dags/example_branch_python_dop_operator_3.py
[2024-06-02T19:54:26.931+0000] {processor.py:840} INFO - DAG(s) 'example_branch_dop_operator_v3' retrieved from /home/airflow/.local/lib/python3.12/site-packages/airflow/example_dags/example_branch_python_dop_operator_3.py
[2024-06-02T19:54:26.943+0000] {logging_mixin.py:188} INFO - [2024-06-02T19:54:26.942+0000] {dag.py:3096} INFO - Sync 1 DAGs
[2024-06-02T19:54:26.957+0000] {logging_mixin.py:188} INFO - [2024-06-02T19:54:26.957+0000] {dag.py:3954} INFO - Setting next_dagrun for example_branch_dop_operator_v3 to 2024-06-02 19:53:00+00:00, run_after=2024-06-02 19:54:00+00:00
[2024-06-02T19:54:26.969+0000] {processor.py:183} INFO - Processing /home/airflow/.local/lib/python3.12/site-packages/airflow/example_dags/example_branch_python_dop_operator_3.py took 0.048 seconds
[2024-06-02T19:54:57.734+0000] {processor.py:161} INFO - Started process (PID=1584) to work on /home/airflow/.local/lib/python3.12/site-packages/airflow/example_dags/example_branch_python_dop_operator_3.py
[2024-06-02T19:54:57.735+0000] {processor.py:830} INFO - Processing file /home/airflow/.local/lib/python3.12/site-packages/airflow/example_dags/example_branch_python_dop_operator_3.py for tasks to queue
[2024-06-02T19:54:57.736+0000] {logging_mixin.py:188} INFO - [2024-06-02T19:54:57.736+0000] {dagbag.py:545} INFO - Filling up the DagBag from /home/airflow/.local/lib/python3.12/site-packages/airflow/example_dags/example_branch_python_dop_operator_3.py
[2024-06-02T19:54:57.741+0000] {processor.py:840} INFO - DAG(s) 'example_branch_dop_operator_v3' retrieved from /home/airflow/.local/lib/python3.12/site-packages/airflow/example_dags/example_branch_python_dop_operator_3.py
[2024-06-02T19:54:57.753+0000] {logging_mixin.py:188} INFO - [2024-06-02T19:54:57.753+0000] {dag.py:3096} INFO - Sync 1 DAGs
[2024-06-02T19:54:57.769+0000] {logging_mixin.py:188} INFO - [2024-06-02T19:54:57.769+0000] {dag.py:3954} INFO - Setting next_dagrun for example_branch_dop_operator_v3 to 2024-06-02 19:53:00+00:00, run_after=2024-06-02 19:54:00+00:00
[2024-06-02T19:54:57.780+0000] {processor.py:183} INFO - Processing /home/airflow/.local/lib/python3.12/site-packages/airflow/example_dags/example_branch_python_dop_operator_3.py took 0.049 seconds
[2024-06-02T19:55:28.425+0000] {processor.py:161} INFO - Started process (PID=1642) to work on /home/airflow/.local/lib/python3.12/site-packages/airflow/example_dags/example_branch_python_dop_operator_3.py
[2024-06-02T19:55:28.426+0000] {processor.py:830} INFO - Processing file /home/airflow/.local/lib/python3.12/site-packages/airflow/example_dags/example_branch_python_dop_operator_3.py for tasks to queue
[2024-06-02T19:55:28.427+0000] {logging_mixin.py:188} INFO - [2024-06-02T19:55:28.427+0000] {dagbag.py:545} INFO - Filling up the DagBag from /home/airflow/.local/lib/python3.12/site-packages/airflow/example_dags/example_branch_python_dop_operator_3.py
[2024-06-02T19:55:28.432+0000] {processor.py:840} INFO - DAG(s) 'example_branch_dop_operator_v3' retrieved from /home/airflow/.local/lib/python3.12/site-packages/airflow/example_dags/example_branch_python_dop_operator_3.py
[2024-06-02T19:55:28.444+0000] {logging_mixin.py:188} INFO - [2024-06-02T19:55:28.443+0000] {dag.py:3096} INFO - Sync 1 DAGs
[2024-06-02T19:55:28.458+0000] {logging_mixin.py:188} INFO - [2024-06-02T19:55:28.458+0000] {dag.py:3954} INFO - Setting next_dagrun for example_branch_dop_operator_v3 to 2024-06-02 19:54:00+00:00, run_after=2024-06-02 19:55:00+00:00
[2024-06-02T19:55:28.468+0000] {processor.py:183} INFO - Processing /home/airflow/.local/lib/python3.12/site-packages/airflow/example_dags/example_branch_python_dop_operator_3.py took 0.046 seconds
[2024-06-02T19:55:59.118+0000] {processor.py:161} INFO - Started process (PID=1700) to work on /home/airflow/.local/lib/python3.12/site-packages/airflow/example_dags/example_branch_python_dop_operator_3.py
[2024-06-02T19:55:59.119+0000] {processor.py:830} INFO - Processing file /home/airflow/.local/lib/python3.12/site-packages/airflow/example_dags/example_branch_python_dop_operator_3.py for tasks to queue
[2024-06-02T19:55:59.120+0000] {logging_mixin.py:188} INFO - [2024-06-02T19:55:59.120+0000] {dagbag.py:545} INFO - Filling up the DagBag from /home/airflow/.local/lib/python3.12/site-packages/airflow/example_dags/example_branch_python_dop_operator_3.py
[2024-06-02T19:55:59.126+0000] {processor.py:840} INFO - DAG(s) 'example_branch_dop_operator_v3' retrieved from /home/airflow/.local/lib/python3.12/site-packages/airflow/example_dags/example_branch_python_dop_operator_3.py
[2024-06-02T19:55:59.137+0000] {logging_mixin.py:188} INFO - [2024-06-02T19:55:59.137+0000] {dag.py:3096} INFO - Sync 1 DAGs
[2024-06-02T19:55:59.151+0000] {logging_mixin.py:188} INFO - [2024-06-02T19:55:59.151+0000] {dag.py:3954} INFO - Setting next_dagrun for example_branch_dop_operator_v3 to 2024-06-02 19:54:00+00:00, run_after=2024-06-02 19:55:00+00:00
[2024-06-02T19:55:59.161+0000] {processor.py:183} INFO - Processing /home/airflow/.local/lib/python3.12/site-packages/airflow/example_dags/example_branch_python_dop_operator_3.py took 0.046 seconds
[2024-06-02T19:56:29.747+0000] {processor.py:161} INFO - Started process (PID=1758) to work on /home/airflow/.local/lib/python3.12/site-packages/airflow/example_dags/example_branch_python_dop_operator_3.py
[2024-06-02T19:56:29.747+0000] {processor.py:830} INFO - Processing file /home/airflow/.local/lib/python3.12/site-packages/airflow/example_dags/example_branch_python_dop_operator_3.py for tasks to queue
[2024-06-02T19:56:29.749+0000] {logging_mixin.py:188} INFO - [2024-06-02T19:56:29.748+0000] {dagbag.py:545} INFO - Filling up the DagBag from /home/airflow/.local/lib/python3.12/site-packages/airflow/example_dags/example_branch_python_dop_operator_3.py
[2024-06-02T19:56:29.754+0000] {processor.py:840} INFO - DAG(s) 'example_branch_dop_operator_v3' retrieved from /home/airflow/.local/lib/python3.12/site-packages/airflow/example_dags/example_branch_python_dop_operator_3.py
[2024-06-02T19:56:29.765+0000] {logging_mixin.py:188} INFO - [2024-06-02T19:56:29.765+0000] {dag.py:3096} INFO - Sync 1 DAGs
[2024-06-02T19:56:29.778+0000] {logging_mixin.py:188} INFO - [2024-06-02T19:56:29.778+0000] {dag.py:3954} INFO - Setting next_dagrun for example_branch_dop_operator_v3 to 2024-06-02 19:55:00+00:00, run_after=2024-06-02 19:56:00+00:00
[2024-06-02T19:56:29.788+0000] {processor.py:183} INFO - Processing /home/airflow/.local/lib/python3.12/site-packages/airflow/example_dags/example_branch_python_dop_operator_3.py took 0.045 seconds
[2024-06-02T19:57:00.576+0000] {processor.py:161} INFO - Started process (PID=1816) to work on /home/airflow/.local/lib/python3.12/site-packages/airflow/example_dags/example_branch_python_dop_operator_3.py
[2024-06-02T19:57:00.577+0000] {processor.py:830} INFO - Processing file /home/airflow/.local/lib/python3.12/site-packages/airflow/example_dags/example_branch_python_dop_operator_3.py for tasks to queue
[2024-06-02T19:57:00.578+0000] {logging_mixin.py:188} INFO - [2024-06-02T19:57:00.578+0000] {dagbag.py:545} INFO - Filling up the DagBag from /home/airflow/.local/lib/python3.12/site-packages/airflow/example_dags/example_branch_python_dop_operator_3.py
[2024-06-02T19:57:00.583+0000] {processor.py:840} INFO - DAG(s) 'example_branch_dop_operator_v3' retrieved from /home/airflow/.local/lib/python3.12/site-packages/airflow/example_dags/example_branch_python_dop_operator_3.py
[2024-06-02T19:57:00.595+0000] {logging_mixin.py:188} INFO - [2024-06-02T19:57:00.595+0000] {dag.py:3096} INFO - Sync 1 DAGs
[2024-06-02T19:57:00.609+0000] {logging_mixin.py:188} INFO - [2024-06-02T19:57:00.609+0000] {dag.py:3954} INFO - Setting next_dagrun for example_branch_dop_operator_v3 to 2024-06-02 19:56:00+00:00, run_after=2024-06-02 19:57:00+00:00
[2024-06-02T19:57:00.619+0000] {processor.py:183} INFO - Processing /home/airflow/.local/lib/python3.12/site-packages/airflow/example_dags/example_branch_python_dop_operator_3.py took 0.045 seconds
[2024-06-02T19:57:31.531+0000] {processor.py:161} INFO - Started process (PID=1874) to work on /home/airflow/.local/lib/python3.12/site-packages/airflow/example_dags/example_branch_python_dop_operator_3.py
[2024-06-02T19:57:31.532+0000] {processor.py:830} INFO - Processing file /home/airflow/.local/lib/python3.12/site-packages/airflow/example_dags/example_branch_python_dop_operator_3.py for tasks to queue
[2024-06-02T19:57:31.533+0000] {logging_mixin.py:188} INFO - [2024-06-02T19:57:31.533+0000] {dagbag.py:545} INFO - Filling up the DagBag from /home/airflow/.local/lib/python3.12/site-packages/airflow/example_dags/example_branch_python_dop_operator_3.py
[2024-06-02T19:57:31.539+0000] {processor.py:840} INFO - DAG(s) 'example_branch_dop_operator_v3' retrieved from /home/airflow/.local/lib/python3.12/site-packages/airflow/example_dags/example_branch_python_dop_operator_3.py
[2024-06-02T19:57:31.551+0000] {logging_mixin.py:188} INFO - [2024-06-02T19:57:31.550+0000] {dag.py:3096} INFO - Sync 1 DAGs
[2024-06-02T19:57:31.565+0000] {logging_mixin.py:188} INFO - [2024-06-02T19:57:31.565+0000] {dag.py:3954} INFO - Setting next_dagrun for example_branch_dop_operator_v3 to 2024-06-02 19:56:00+00:00, run_after=2024-06-02 19:57:00+00:00
[2024-06-02T19:57:31.665+0000] {processor.py:183} INFO - Processing /home/airflow/.local/lib/python3.12/site-packages/airflow/example_dags/example_branch_python_dop_operator_3.py took 0.136 seconds
[2024-06-02T19:58:02.295+0000] {processor.py:161} INFO - Started process (PID=1932) to work on /home/airflow/.local/lib/python3.12/site-packages/airflow/example_dags/example_branch_python_dop_operator_3.py
[2024-06-02T19:58:02.295+0000] {processor.py:830} INFO - Processing file /home/airflow/.local/lib/python3.12/site-packages/airflow/example_dags/example_branch_python_dop_operator_3.py for tasks to queue
[2024-06-02T19:58:02.297+0000] {logging_mixin.py:188} INFO - [2024-06-02T19:58:02.296+0000] {dagbag.py:545} INFO - Filling up the DagBag from /home/airflow/.local/lib/python3.12/site-packages/airflow/example_dags/example_branch_python_dop_operator_3.py
[2024-06-02T19:58:02.303+0000] {processor.py:840} INFO - DAG(s) 'example_branch_dop_operator_v3' retrieved from /home/airflow/.local/lib/python3.12/site-packages/airflow/example_dags/example_branch_python_dop_operator_3.py
[2024-06-02T19:58:02.314+0000] {logging_mixin.py:188} INFO - [2024-06-02T19:58:02.314+0000] {dag.py:3096} INFO - Sync 1 DAGs
[2024-06-02T19:58:02.328+0000] {logging_mixin.py:188} INFO - [2024-06-02T19:58:02.328+0000] {dag.py:3954} INFO - Setting next_dagrun for example_branch_dop_operator_v3 to 2024-06-02 19:57:00+00:00, run_after=2024-06-02 19:58:00+00:00
[2024-06-02T19:58:02.339+0000] {processor.py:183} INFO - Processing /home/airflow/.local/lib/python3.12/site-packages/airflow/example_dags/example_branch_python_dop_operator_3.py took 0.047 seconds
[2024-06-02T19:58:33.084+0000] {processor.py:161} INFO - Started process (PID=1990) to work on /home/airflow/.local/lib/python3.12/site-packages/airflow/example_dags/example_branch_python_dop_operator_3.py
[2024-06-02T19:58:33.084+0000] {processor.py:830} INFO - Processing file /home/airflow/.local/lib/python3.12/site-packages/airflow/example_dags/example_branch_python_dop_operator_3.py for tasks to queue
[2024-06-02T19:58:33.086+0000] {logging_mixin.py:188} INFO - [2024-06-02T19:58:33.085+0000] {dagbag.py:545} INFO - Filling up the DagBag from /home/airflow/.local/lib/python3.12/site-packages/airflow/example_dags/example_branch_python_dop_operator_3.py
[2024-06-02T19:58:33.091+0000] {processor.py:840} INFO - DAG(s) 'example_branch_dop_operator_v3' retrieved from /home/airflow/.local/lib/python3.12/site-packages/airflow/example_dags/example_branch_python_dop_operator_3.py
[2024-06-02T19:58:33.102+0000] {logging_mixin.py:188} INFO - [2024-06-02T19:58:33.102+0000] {dag.py:3096} INFO - Sync 1 DAGs
[2024-06-02T19:58:33.116+0000] {logging_mixin.py:188} INFO - [2024-06-02T19:58:33.115+0000] {dag.py:3954} INFO - Setting next_dagrun for example_branch_dop_operator_v3 to 2024-06-02 19:57:00+00:00, run_after=2024-06-02 19:58:00+00:00
[2024-06-02T19:58:33.126+0000] {processor.py:183} INFO - Processing /home/airflow/.local/lib/python3.12/site-packages/airflow/example_dags/example_branch_python_dop_operator_3.py took 0.045 seconds
[2024-06-02T19:59:03.279+0000] {processor.py:161} INFO - Started process (PID=2048) to work on /home/airflow/.local/lib/python3.12/site-packages/airflow/example_dags/example_branch_python_dop_operator_3.py
[2024-06-02T19:59:03.280+0000] {processor.py:830} INFO - Processing file /home/airflow/.local/lib/python3.12/site-packages/airflow/example_dags/example_branch_python_dop_operator_3.py for tasks to queue
[2024-06-02T19:59:03.281+0000] {logging_mixin.py:188} INFO - [2024-06-02T19:59:03.281+0000] {dagbag.py:545} INFO - Filling up the DagBag from /home/airflow/.local/lib/python3.12/site-packages/airflow/example_dags/example_branch_python_dop_operator_3.py
[2024-06-02T19:59:03.286+0000] {processor.py:840} INFO - DAG(s) 'example_branch_dop_operator_v3' retrieved from /home/airflow/.local/lib/python3.12/site-packages/airflow/example_dags/example_branch_python_dop_operator_3.py
[2024-06-02T19:59:03.297+0000] {logging_mixin.py:188} INFO - [2024-06-02T19:59:03.297+0000] {dag.py:3096} INFO - Sync 1 DAGs
[2024-06-02T19:59:03.312+0000] {logging_mixin.py:188} INFO - [2024-06-02T19:59:03.311+0000] {dag.py:3954} INFO - Setting next_dagrun for example_branch_dop_operator_v3 to 2024-06-02 19:58:00+00:00, run_after=2024-06-02 19:59:00+00:00
[2024-06-02T19:59:03.322+0000] {processor.py:183} INFO - Processing /home/airflow/.local/lib/python3.12/site-packages/airflow/example_dags/example_branch_python_dop_operator_3.py took 0.046 seconds
[2024-06-02T19:59:33.778+0000] {processor.py:161} INFO - Started process (PID=2106) to work on /home/airflow/.local/lib/python3.12/site-packages/airflow/example_dags/example_branch_python_dop_operator_3.py
[2024-06-02T19:59:33.779+0000] {processor.py:830} INFO - Processing file /home/airflow/.local/lib/python3.12/site-packages/airflow/example_dags/example_branch_python_dop_operator_3.py for tasks to queue
[2024-06-02T19:59:33.780+0000] {logging_mixin.py:188} INFO - [2024-06-02T19:59:33.780+0000] {dagbag.py:545} INFO - Filling up the DagBag from /home/airflow/.local/lib/python3.12/site-packages/airflow/example_dags/example_branch_python_dop_operator_3.py
[2024-06-02T19:59:33.785+0000] {processor.py:840} INFO - DAG(s) 'example_branch_dop_operator_v3' retrieved from /home/airflow/.local/lib/python3.12/site-packages/airflow/example_dags/example_branch_python_dop_operator_3.py
[2024-06-02T19:59:33.796+0000] {logging_mixin.py:188} INFO - [2024-06-02T19:59:33.796+0000] {dag.py:3096} INFO - Sync 1 DAGs
[2024-06-02T19:59:33.810+0000] {logging_mixin.py:188} INFO - [2024-06-02T19:59:33.810+0000] {dag.py:3954} INFO - Setting next_dagrun for example_branch_dop_operator_v3 to 2024-06-02 19:58:00+00:00, run_after=2024-06-02 19:59:00+00:00
[2024-06-02T19:59:33.821+0000] {processor.py:183} INFO - Processing /home/airflow/.local/lib/python3.12/site-packages/airflow/example_dags/example_branch_python_dop_operator_3.py took 0.045 seconds
[2024-06-02T20:00:04.854+0000] {processor.py:161} INFO - Started process (PID=2164) to work on /home/airflow/.local/lib/python3.12/site-packages/airflow/example_dags/example_branch_python_dop_operator_3.py
[2024-06-02T20:00:04.855+0000] {processor.py:830} INFO - Processing file /home/airflow/.local/lib/python3.12/site-packages/airflow/example_dags/example_branch_python_dop_operator_3.py for tasks to queue
[2024-06-02T20:00:04.856+0000] {logging_mixin.py:188} INFO - [2024-06-02T20:00:04.856+0000] {dagbag.py:545} INFO - Filling up the DagBag from /home/airflow/.local/lib/python3.12/site-packages/airflow/example_dags/example_branch_python_dop_operator_3.py
[2024-06-02T20:00:04.861+0000] {processor.py:840} INFO - DAG(s) 'example_branch_dop_operator_v3' retrieved from /home/airflow/.local/lib/python3.12/site-packages/airflow/example_dags/example_branch_python_dop_operator_3.py
[2024-06-02T20:00:04.872+0000] {logging_mixin.py:188} INFO - [2024-06-02T20:00:04.872+0000] {dag.py:3096} INFO - Sync 1 DAGs
[2024-06-02T20:00:04.886+0000] {logging_mixin.py:188} INFO - [2024-06-02T20:00:04.886+0000] {dag.py:3954} INFO - Setting next_dagrun for example_branch_dop_operator_v3 to 2024-06-02 19:59:00+00:00, run_after=2024-06-02 20:00:00+00:00
[2024-06-02T20:00:04.897+0000] {processor.py:183} INFO - Processing /home/airflow/.local/lib/python3.12/site-packages/airflow/example_dags/example_branch_python_dop_operator_3.py took 0.046 seconds
[2024-06-02T20:00:35.925+0000] {processor.py:161} INFO - Started process (PID=2222) to work on /home/airflow/.local/lib/python3.12/site-packages/airflow/example_dags/example_branch_python_dop_operator_3.py
[2024-06-02T20:00:35.926+0000] {processor.py:830} INFO - Processing file /home/airflow/.local/lib/python3.12/site-packages/airflow/example_dags/example_branch_python_dop_operator_3.py for tasks to queue
[2024-06-02T20:00:35.927+0000] {logging_mixin.py:188} INFO - [2024-06-02T20:00:35.927+0000] {dagbag.py:545} INFO - Filling up the DagBag from /home/airflow/.local/lib/python3.12/site-packages/airflow/example_dags/example_branch_python_dop_operator_3.py
[2024-06-02T20:00:35.932+0000] {processor.py:840} INFO - DAG(s) 'example_branch_dop_operator_v3' retrieved from /home/airflow/.local/lib/python3.12/site-packages/airflow/example_dags/example_branch_python_dop_operator_3.py
[2024-06-02T20:00:36.030+0000] {logging_mixin.py:188} INFO - [2024-06-02T20:00:36.030+0000] {dag.py:3096} INFO - Sync 1 DAGs
[2024-06-02T20:00:36.044+0000] {logging_mixin.py:188} INFO - [2024-06-02T20:00:36.044+0000] {dag.py:3954} INFO - Setting next_dagrun for example_branch_dop_operator_v3 to 2024-06-02 19:59:00+00:00, run_after=2024-06-02 20:00:00+00:00
[2024-06-02T20:00:36.054+0000] {processor.py:183} INFO - Processing /home/airflow/.local/lib/python3.12/site-packages/airflow/example_dags/example_branch_python_dop_operator_3.py took 0.132 seconds
[2024-06-02T20:01:07.026+0000] {processor.py:161} INFO - Started process (PID=2280) to work on /home/airflow/.local/lib/python3.12/site-packages/airflow/example_dags/example_branch_python_dop_operator_3.py
[2024-06-02T20:01:07.027+0000] {processor.py:830} INFO - Processing file /home/airflow/.local/lib/python3.12/site-packages/airflow/example_dags/example_branch_python_dop_operator_3.py for tasks to queue
[2024-06-02T20:01:07.028+0000] {logging_mixin.py:188} INFO - [2024-06-02T20:01:07.028+0000] {dagbag.py:545} INFO - Filling up the DagBag from /home/airflow/.local/lib/python3.12/site-packages/airflow/example_dags/example_branch_python_dop_operator_3.py
[2024-06-02T20:01:07.033+0000] {processor.py:840} INFO - DAG(s) 'example_branch_dop_operator_v3' retrieved from /home/airflow/.local/lib/python3.12/site-packages/airflow/example_dags/example_branch_python_dop_operator_3.py
[2024-06-02T20:01:07.045+0000] {logging_mixin.py:188} INFO - [2024-06-02T20:01:07.044+0000] {dag.py:3096} INFO - Sync 1 DAGs
[2024-06-02T20:01:07.058+0000] {logging_mixin.py:188} INFO - [2024-06-02T20:01:07.058+0000] {dag.py:3954} INFO - Setting next_dagrun for example_branch_dop_operator_v3 to 2024-06-02 20:00:00+00:00, run_after=2024-06-02 20:01:00+00:00
[2024-06-02T20:01:07.076+0000] {processor.py:183} INFO - Processing /home/airflow/.local/lib/python3.12/site-packages/airflow/example_dags/example_branch_python_dop_operator_3.py took 0.052 seconds
[2024-06-02T20:01:37.843+0000] {processor.py:161} INFO - Started process (PID=2338) to work on /home/airflow/.local/lib/python3.12/site-packages/airflow/example_dags/example_branch_python_dop_operator_3.py
[2024-06-02T20:01:37.845+0000] {processor.py:830} INFO - Processing file /home/airflow/.local/lib/python3.12/site-packages/airflow/example_dags/example_branch_python_dop_operator_3.py for tasks to queue
[2024-06-02T20:01:37.847+0000] {logging_mixin.py:188} INFO - [2024-06-02T20:01:37.847+0000] {dagbag.py:545} INFO - Filling up the DagBag from /home/airflow/.local/lib/python3.12/site-packages/airflow/example_dags/example_branch_python_dop_operator_3.py
[2024-06-02T20:01:37.852+0000] {processor.py:840} INFO - DAG(s) 'example_branch_dop_operator_v3' retrieved from /home/airflow/.local/lib/python3.12/site-packages/airflow/example_dags/example_branch_python_dop_operator_3.py
[2024-06-02T20:01:37.866+0000] {logging_mixin.py:188} INFO - [2024-06-02T20:01:37.865+0000] {dag.py:3096} INFO - Sync 1 DAGs
[2024-06-02T20:01:37.880+0000] {logging_mixin.py:188} INFO - [2024-06-02T20:01:37.880+0000] {dag.py:3954} INFO - Setting next_dagrun for example_branch_dop_operator_v3 to 2024-06-02 20:00:00+00:00, run_after=2024-06-02 20:01:00+00:00
[2024-06-02T20:01:37.893+0000] {processor.py:183} INFO - Processing /home/airflow/.local/lib/python3.12/site-packages/airflow/example_dags/example_branch_python_dop_operator_3.py took 0.053 seconds
[2024-06-02T20:02:08.615+0000] {processor.py:161} INFO - Started process (PID=2396) to work on /home/airflow/.local/lib/python3.12/site-packages/airflow/example_dags/example_branch_python_dop_operator_3.py
[2024-06-02T20:02:08.615+0000] {processor.py:830} INFO - Processing file /home/airflow/.local/lib/python3.12/site-packages/airflow/example_dags/example_branch_python_dop_operator_3.py for tasks to queue
[2024-06-02T20:02:08.616+0000] {logging_mixin.py:188} INFO - [2024-06-02T20:02:08.616+0000] {dagbag.py:545} INFO - Filling up the DagBag from /home/airflow/.local/lib/python3.12/site-packages/airflow/example_dags/example_branch_python_dop_operator_3.py
[2024-06-02T20:02:08.621+0000] {processor.py:840} INFO - DAG(s) 'example_branch_dop_operator_v3' retrieved from /home/airflow/.local/lib/python3.12/site-packages/airflow/example_dags/example_branch_python_dop_operator_3.py
[2024-06-02T20:02:08.633+0000] {logging_mixin.py:188} INFO - [2024-06-02T20:02:08.633+0000] {dag.py:3096} INFO - Sync 1 DAGs
[2024-06-02T20:02:08.646+0000] {logging_mixin.py:188} INFO - [2024-06-02T20:02:08.646+0000] {dag.py:3954} INFO - Setting next_dagrun for example_branch_dop_operator_v3 to 2024-06-02 20:01:00+00:00, run_after=2024-06-02 20:02:00+00:00
[2024-06-02T20:02:08.656+0000] {processor.py:183} INFO - Processing /home/airflow/.local/lib/python3.12/site-packages/airflow/example_dags/example_branch_python_dop_operator_3.py took 0.045 seconds
[2024-06-02T20:02:39.317+0000] {processor.py:161} INFO - Started process (PID=2454) to work on /home/airflow/.local/lib/python3.12/site-packages/airflow/example_dags/example_branch_python_dop_operator_3.py
[2024-06-02T20:02:39.318+0000] {processor.py:830} INFO - Processing file /home/airflow/.local/lib/python3.12/site-packages/airflow/example_dags/example_branch_python_dop_operator_3.py for tasks to queue
[2024-06-02T20:02:39.319+0000] {logging_mixin.py:188} INFO - [2024-06-02T20:02:39.318+0000] {dagbag.py:545} INFO - Filling up the DagBag from /home/airflow/.local/lib/python3.12/site-packages/airflow/example_dags/example_branch_python_dop_operator_3.py
[2024-06-02T20:02:39.323+0000] {processor.py:840} INFO - DAG(s) 'example_branch_dop_operator_v3' retrieved from /home/airflow/.local/lib/python3.12/site-packages/airflow/example_dags/example_branch_python_dop_operator_3.py
[2024-06-02T20:02:39.335+0000] {logging_mixin.py:188} INFO - [2024-06-02T20:02:39.334+0000] {dag.py:3096} INFO - Sync 1 DAGs
[2024-06-02T20:02:39.348+0000] {logging_mixin.py:188} INFO - [2024-06-02T20:02:39.348+0000] {dag.py:3954} INFO - Setting next_dagrun for example_branch_dop_operator_v3 to 2024-06-02 20:01:00+00:00, run_after=2024-06-02 20:02:00+00:00
[2024-06-02T20:02:39.359+0000] {processor.py:183} INFO - Processing /home/airflow/.local/lib/python3.12/site-packages/airflow/example_dags/example_branch_python_dop_operator_3.py took 0.045 seconds
[2024-06-02T20:03:09.886+0000] {processor.py:161} INFO - Started process (PID=2512) to work on /home/airflow/.local/lib/python3.12/site-packages/airflow/example_dags/example_branch_python_dop_operator_3.py
[2024-06-02T20:03:09.887+0000] {processor.py:830} INFO - Processing file /home/airflow/.local/lib/python3.12/site-packages/airflow/example_dags/example_branch_python_dop_operator_3.py for tasks to queue
[2024-06-02T20:03:09.888+0000] {logging_mixin.py:188} INFO - [2024-06-02T20:03:09.888+0000] {dagbag.py:545} INFO - Filling up the DagBag from /home/airflow/.local/lib/python3.12/site-packages/airflow/example_dags/example_branch_python_dop_operator_3.py
[2024-06-02T20:03:09.893+0000] {processor.py:840} INFO - DAG(s) 'example_branch_dop_operator_v3' retrieved from /home/airflow/.local/lib/python3.12/site-packages/airflow/example_dags/example_branch_python_dop_operator_3.py
[2024-06-02T20:03:09.904+0000] {logging_mixin.py:188} INFO - [2024-06-02T20:03:09.904+0000] {dag.py:3096} INFO - Sync 1 DAGs
[2024-06-02T20:03:09.919+0000] {logging_mixin.py:188} INFO - [2024-06-02T20:03:09.918+0000] {dag.py:3954} INFO - Setting next_dagrun for example_branch_dop_operator_v3 to 2024-06-02 20:02:00+00:00, run_after=2024-06-02 20:03:00+00:00
[2024-06-02T20:03:09.937+0000] {processor.py:183} INFO - Processing /home/airflow/.local/lib/python3.12/site-packages/airflow/example_dags/example_branch_python_dop_operator_3.py took 0.054 seconds
[2024-06-02T20:03:40.586+0000] {processor.py:161} INFO - Started process (PID=2570) to work on /home/airflow/.local/lib/python3.12/site-packages/airflow/example_dags/example_branch_python_dop_operator_3.py
[2024-06-02T20:03:40.587+0000] {processor.py:830} INFO - Processing file /home/airflow/.local/lib/python3.12/site-packages/airflow/example_dags/example_branch_python_dop_operator_3.py for tasks to queue
[2024-06-02T20:03:40.589+0000] {logging_mixin.py:188} INFO - [2024-06-02T20:03:40.588+0000] {dagbag.py:545} INFO - Filling up the DagBag from /home/airflow/.local/lib/python3.12/site-packages/airflow/example_dags/example_branch_python_dop_operator_3.py
[2024-06-02T20:03:40.593+0000] {processor.py:840} INFO - DAG(s) 'example_branch_dop_operator_v3' retrieved from /home/airflow/.local/lib/python3.12/site-packages/airflow/example_dags/example_branch_python_dop_operator_3.py
[2024-06-02T20:03:40.605+0000] {logging_mixin.py:188} INFO - [2024-06-02T20:03:40.605+0000] {dag.py:3096} INFO - Sync 1 DAGs
[2024-06-02T20:03:40.618+0000] {logging_mixin.py:188} INFO - [2024-06-02T20:03:40.618+0000] {dag.py:3954} INFO - Setting next_dagrun for example_branch_dop_operator_v3 to 2024-06-02 20:02:00+00:00, run_after=2024-06-02 20:03:00+00:00
[2024-06-02T20:03:40.638+0000] {processor.py:183} INFO - Processing /home/airflow/.local/lib/python3.12/site-packages/airflow/example_dags/example_branch_python_dop_operator_3.py took 0.055 seconds
