[2024-06-02T19:29:19.058+0000] {processor.py:161} INFO - Started process (PID=66) to work on /home/airflow/.local/lib/python3.12/site-packages/airflow/example_dags/example_skip_dag.py
[2024-06-02T19:29:19.058+0000] {processor.py:830} INFO - Processing file /home/airflow/.local/lib/python3.12/site-packages/airflow/example_dags/example_skip_dag.py for tasks to queue
[2024-06-02T19:29:19.060+0000] {logging_mixin.py:188} INFO - [2024-06-02T19:29:19.059+0000] {dagbag.py:545} INFO - Filling up the DagBag from /home/airflow/.local/lib/python3.12/site-packages/airflow/example_dags/example_skip_dag.py
[2024-06-02T19:29:19.064+0000] {processor.py:840} INFO - DAG(s) 'example_skip_dag' retrieved from /home/airflow/.local/lib/python3.12/site-packages/airflow/example_dags/example_skip_dag.py
[2024-06-02T19:29:19.125+0000] {logging_mixin.py:188} INFO - [2024-06-02T19:29:19.124+0000] {override.py:1829} INFO - Created Permission View: can edit on DAG:example_skip_dag
[2024-06-02T19:29:19.132+0000] {logging_mixin.py:188} INFO - [2024-06-02T19:29:19.131+0000] {override.py:1829} INFO - Created Permission View: can delete on DAG:example_skip_dag
[2024-06-02T19:29:19.135+0000] {logging_mixin.py:188} INFO - [2024-06-02T19:29:19.135+0000] {override.py:1829} INFO - Created Permission View: can read on DAG:example_skip_dag
[2024-06-02T19:29:19.136+0000] {logging_mixin.py:188} INFO - [2024-06-02T19:29:19.136+0000] {dag.py:3096} INFO - Sync 1 DAGs
[2024-06-02T19:29:19.143+0000] {logging_mixin.py:188} INFO - [2024-06-02T19:29:19.143+0000] {dag.py:3118} INFO - Creating ORM DAG for example_skip_dag
[2024-06-02T19:29:19.149+0000] {logging_mixin.py:188} INFO - [2024-06-02T19:29:19.149+0000] {dag.py:3954} INFO - Setting next_dagrun for example_skip_dag to 2024-06-01 00:00:00+00:00, run_after=2024-06-02 00:00:00+00:00
[2024-06-02T19:29:19.159+0000] {processor.py:183} INFO - Processing /home/airflow/.local/lib/python3.12/site-packages/airflow/example_dags/example_skip_dag.py took 0.104 seconds
[2024-06-02T19:29:49.829+0000] {processor.py:161} INFO - Started process (PID=124) to work on /home/airflow/.local/lib/python3.12/site-packages/airflow/example_dags/example_skip_dag.py
[2024-06-02T19:29:49.830+0000] {processor.py:830} INFO - Processing file /home/airflow/.local/lib/python3.12/site-packages/airflow/example_dags/example_skip_dag.py for tasks to queue
[2024-06-02T19:29:49.831+0000] {logging_mixin.py:188} INFO - [2024-06-02T19:29:49.831+0000] {dagbag.py:545} INFO - Filling up the DagBag from /home/airflow/.local/lib/python3.12/site-packages/airflow/example_dags/example_skip_dag.py
[2024-06-02T19:29:49.834+0000] {processor.py:840} INFO - DAG(s) 'example_skip_dag' retrieved from /home/airflow/.local/lib/python3.12/site-packages/airflow/example_dags/example_skip_dag.py
[2024-06-02T19:29:49.847+0000] {logging_mixin.py:188} INFO - [2024-06-02T19:29:49.847+0000] {dag.py:3096} INFO - Sync 1 DAGs
[2024-06-02T19:29:49.861+0000] {logging_mixin.py:188} INFO - [2024-06-02T19:29:49.861+0000] {dag.py:3954} INFO - Setting next_dagrun for example_skip_dag to 2024-06-01 00:00:00+00:00, run_after=2024-06-02 00:00:00+00:00
[2024-06-02T19:29:49.871+0000] {processor.py:183} INFO - Processing /home/airflow/.local/lib/python3.12/site-packages/airflow/example_dags/example_skip_dag.py took 0.045 seconds
[2024-06-02T19:30:20.476+0000] {processor.py:161} INFO - Started process (PID=182) to work on /home/airflow/.local/lib/python3.12/site-packages/airflow/example_dags/example_skip_dag.py
[2024-06-02T19:30:20.477+0000] {processor.py:830} INFO - Processing file /home/airflow/.local/lib/python3.12/site-packages/airflow/example_dags/example_skip_dag.py for tasks to queue
[2024-06-02T19:30:20.478+0000] {logging_mixin.py:188} INFO - [2024-06-02T19:30:20.478+0000] {dagbag.py:545} INFO - Filling up the DagBag from /home/airflow/.local/lib/python3.12/site-packages/airflow/example_dags/example_skip_dag.py
[2024-06-02T19:30:20.482+0000] {processor.py:840} INFO - DAG(s) 'example_skip_dag' retrieved from /home/airflow/.local/lib/python3.12/site-packages/airflow/example_dags/example_skip_dag.py
[2024-06-02T19:30:20.494+0000] {logging_mixin.py:188} INFO - [2024-06-02T19:30:20.494+0000] {dag.py:3096} INFO - Sync 1 DAGs
[2024-06-02T19:30:20.506+0000] {logging_mixin.py:188} INFO - [2024-06-02T19:30:20.506+0000] {dag.py:3954} INFO - Setting next_dagrun for example_skip_dag to 2024-06-01 00:00:00+00:00, run_after=2024-06-02 00:00:00+00:00
[2024-06-02T19:30:20.517+0000] {processor.py:183} INFO - Processing /home/airflow/.local/lib/python3.12/site-packages/airflow/example_dags/example_skip_dag.py took 0.043 seconds
[2024-06-02T19:31:20.578+0000] {processor.py:161} INFO - Started process (PID=66) to work on /home/airflow/.local/lib/python3.12/site-packages/airflow/example_dags/example_skip_dag.py
[2024-06-02T19:31:20.579+0000] {processor.py:830} INFO - Processing file /home/airflow/.local/lib/python3.12/site-packages/airflow/example_dags/example_skip_dag.py for tasks to queue
[2024-06-02T19:31:20.580+0000] {logging_mixin.py:188} INFO - [2024-06-02T19:31:20.580+0000] {dagbag.py:545} INFO - Filling up the DagBag from /home/airflow/.local/lib/python3.12/site-packages/airflow/example_dags/example_skip_dag.py
[2024-06-02T19:31:20.584+0000] {processor.py:840} INFO - DAG(s) 'example_skip_dag' retrieved from /home/airflow/.local/lib/python3.12/site-packages/airflow/example_dags/example_skip_dag.py
[2024-06-02T19:31:20.591+0000] {logging_mixin.py:188} INFO - [2024-06-02T19:31:20.590+0000] {dag.py:3096} INFO - Sync 1 DAGs
[2024-06-02T19:31:20.603+0000] {logging_mixin.py:188} INFO - [2024-06-02T19:31:20.603+0000] {dag.py:3954} INFO - Setting next_dagrun for example_skip_dag to 2024-06-01 00:00:00+00:00, run_after=2024-06-02 00:00:00+00:00
[2024-06-02T19:31:20.614+0000] {processor.py:183} INFO - Processing /home/airflow/.local/lib/python3.12/site-packages/airflow/example_dags/example_skip_dag.py took 0.038 seconds
[2024-06-02T19:31:52.110+0000] {processor.py:161} INFO - Started process (PID=124) to work on /home/airflow/.local/lib/python3.12/site-packages/airflow/example_dags/example_skip_dag.py
[2024-06-02T19:31:52.111+0000] {processor.py:830} INFO - Processing file /home/airflow/.local/lib/python3.12/site-packages/airflow/example_dags/example_skip_dag.py for tasks to queue
[2024-06-02T19:31:52.112+0000] {logging_mixin.py:188} INFO - [2024-06-02T19:31:52.112+0000] {dagbag.py:545} INFO - Filling up the DagBag from /home/airflow/.local/lib/python3.12/site-packages/airflow/example_dags/example_skip_dag.py
[2024-06-02T19:31:52.116+0000] {processor.py:840} INFO - DAG(s) 'example_skip_dag' retrieved from /home/airflow/.local/lib/python3.12/site-packages/airflow/example_dags/example_skip_dag.py
[2024-06-02T19:31:52.174+0000] {logging_mixin.py:188} INFO - [2024-06-02T19:31:52.174+0000] {dag.py:3096} INFO - Sync 1 DAGs
[2024-06-02T19:31:52.185+0000] {logging_mixin.py:188} INFO - [2024-06-02T19:31:52.185+0000] {dag.py:3954} INFO - Setting next_dagrun for example_skip_dag to 2024-06-01 00:00:00+00:00, run_after=2024-06-02 00:00:00+00:00
[2024-06-02T19:31:52.196+0000] {processor.py:183} INFO - Processing /home/airflow/.local/lib/python3.12/site-packages/airflow/example_dags/example_skip_dag.py took 0.089 seconds
[2024-06-02T19:32:23.028+0000] {processor.py:161} INFO - Started process (PID=182) to work on /home/airflow/.local/lib/python3.12/site-packages/airflow/example_dags/example_skip_dag.py
[2024-06-02T19:32:23.029+0000] {processor.py:830} INFO - Processing file /home/airflow/.local/lib/python3.12/site-packages/airflow/example_dags/example_skip_dag.py for tasks to queue
[2024-06-02T19:32:23.032+0000] {logging_mixin.py:188} INFO - [2024-06-02T19:32:23.031+0000] {dagbag.py:545} INFO - Filling up the DagBag from /home/airflow/.local/lib/python3.12/site-packages/airflow/example_dags/example_skip_dag.py
[2024-06-02T19:32:23.036+0000] {processor.py:840} INFO - DAG(s) 'example_skip_dag' retrieved from /home/airflow/.local/lib/python3.12/site-packages/airflow/example_dags/example_skip_dag.py
[2024-06-02T19:32:23.050+0000] {logging_mixin.py:188} INFO - [2024-06-02T19:32:23.050+0000] {dag.py:3096} INFO - Sync 1 DAGs
[2024-06-02T19:32:23.064+0000] {logging_mixin.py:188} INFO - [2024-06-02T19:32:23.064+0000] {dag.py:3954} INFO - Setting next_dagrun for example_skip_dag to 2024-06-01 00:00:00+00:00, run_after=2024-06-02 00:00:00+00:00
[2024-06-02T19:32:23.075+0000] {processor.py:183} INFO - Processing /home/airflow/.local/lib/python3.12/site-packages/airflow/example_dags/example_skip_dag.py took 0.051 seconds
[2024-06-02T19:32:53.726+0000] {processor.py:161} INFO - Started process (PID=240) to work on /home/airflow/.local/lib/python3.12/site-packages/airflow/example_dags/example_skip_dag.py
[2024-06-02T19:32:53.727+0000] {processor.py:830} INFO - Processing file /home/airflow/.local/lib/python3.12/site-packages/airflow/example_dags/example_skip_dag.py for tasks to queue
[2024-06-02T19:32:53.728+0000] {logging_mixin.py:188} INFO - [2024-06-02T19:32:53.728+0000] {dagbag.py:545} INFO - Filling up the DagBag from /home/airflow/.local/lib/python3.12/site-packages/airflow/example_dags/example_skip_dag.py
[2024-06-02T19:32:53.732+0000] {processor.py:840} INFO - DAG(s) 'example_skip_dag' retrieved from /home/airflow/.local/lib/python3.12/site-packages/airflow/example_dags/example_skip_dag.py
[2024-06-02T19:32:53.743+0000] {logging_mixin.py:188} INFO - [2024-06-02T19:32:53.743+0000] {dag.py:3096} INFO - Sync 1 DAGs
[2024-06-02T19:32:53.756+0000] {logging_mixin.py:188} INFO - [2024-06-02T19:32:53.756+0000] {dag.py:3954} INFO - Setting next_dagrun for example_skip_dag to 2024-06-01 00:00:00+00:00, run_after=2024-06-02 00:00:00+00:00
[2024-06-02T19:32:53.767+0000] {processor.py:183} INFO - Processing /home/airflow/.local/lib/python3.12/site-packages/airflow/example_dags/example_skip_dag.py took 0.044 seconds
[2024-06-02T19:33:24.369+0000] {processor.py:161} INFO - Started process (PID=298) to work on /home/airflow/.local/lib/python3.12/site-packages/airflow/example_dags/example_skip_dag.py
[2024-06-02T19:33:24.370+0000] {processor.py:830} INFO - Processing file /home/airflow/.local/lib/python3.12/site-packages/airflow/example_dags/example_skip_dag.py for tasks to queue
[2024-06-02T19:33:24.371+0000] {logging_mixin.py:188} INFO - [2024-06-02T19:33:24.370+0000] {dagbag.py:545} INFO - Filling up the DagBag from /home/airflow/.local/lib/python3.12/site-packages/airflow/example_dags/example_skip_dag.py
[2024-06-02T19:33:24.374+0000] {processor.py:840} INFO - DAG(s) 'example_skip_dag' retrieved from /home/airflow/.local/lib/python3.12/site-packages/airflow/example_dags/example_skip_dag.py
[2024-06-02T19:33:24.386+0000] {logging_mixin.py:188} INFO - [2024-06-02T19:33:24.386+0000] {dag.py:3096} INFO - Sync 1 DAGs
[2024-06-02T19:33:24.399+0000] {logging_mixin.py:188} INFO - [2024-06-02T19:33:24.399+0000] {dag.py:3954} INFO - Setting next_dagrun for example_skip_dag to 2024-06-01 00:00:00+00:00, run_after=2024-06-02 00:00:00+00:00
[2024-06-02T19:33:24.410+0000] {processor.py:183} INFO - Processing /home/airflow/.local/lib/python3.12/site-packages/airflow/example_dags/example_skip_dag.py took 0.044 seconds
[2024-06-02T19:33:55.077+0000] {processor.py:161} INFO - Started process (PID=355) to work on /home/airflow/.local/lib/python3.12/site-packages/airflow/example_dags/example_skip_dag.py
[2024-06-02T19:33:55.078+0000] {processor.py:830} INFO - Processing file /home/airflow/.local/lib/python3.12/site-packages/airflow/example_dags/example_skip_dag.py for tasks to queue
[2024-06-02T19:33:55.079+0000] {logging_mixin.py:188} INFO - [2024-06-02T19:33:55.078+0000] {dagbag.py:545} INFO - Filling up the DagBag from /home/airflow/.local/lib/python3.12/site-packages/airflow/example_dags/example_skip_dag.py
[2024-06-02T19:33:55.082+0000] {processor.py:840} INFO - DAG(s) 'example_skip_dag' retrieved from /home/airflow/.local/lib/python3.12/site-packages/airflow/example_dags/example_skip_dag.py
[2024-06-02T19:33:55.094+0000] {logging_mixin.py:188} INFO - [2024-06-02T19:33:55.094+0000] {dag.py:3096} INFO - Sync 1 DAGs
[2024-06-02T19:33:55.106+0000] {logging_mixin.py:188} INFO - [2024-06-02T19:33:55.106+0000] {dag.py:3954} INFO - Setting next_dagrun for example_skip_dag to 2024-06-01 00:00:00+00:00, run_after=2024-06-02 00:00:00+00:00
[2024-06-02T19:33:55.117+0000] {processor.py:183} INFO - Processing /home/airflow/.local/lib/python3.12/site-packages/airflow/example_dags/example_skip_dag.py took 0.043 seconds
[2024-06-02T19:34:25.819+0000] {processor.py:161} INFO - Started process (PID=413) to work on /home/airflow/.local/lib/python3.12/site-packages/airflow/example_dags/example_skip_dag.py
[2024-06-02T19:34:25.819+0000] {processor.py:830} INFO - Processing file /home/airflow/.local/lib/python3.12/site-packages/airflow/example_dags/example_skip_dag.py for tasks to queue
[2024-06-02T19:34:25.821+0000] {logging_mixin.py:188} INFO - [2024-06-02T19:34:25.821+0000] {dagbag.py:545} INFO - Filling up the DagBag from /home/airflow/.local/lib/python3.12/site-packages/airflow/example_dags/example_skip_dag.py
[2024-06-02T19:34:25.825+0000] {processor.py:840} INFO - DAG(s) 'example_skip_dag' retrieved from /home/airflow/.local/lib/python3.12/site-packages/airflow/example_dags/example_skip_dag.py
[2024-06-02T19:34:25.837+0000] {logging_mixin.py:188} INFO - [2024-06-02T19:34:25.837+0000] {dag.py:3096} INFO - Sync 1 DAGs
[2024-06-02T19:34:25.849+0000] {logging_mixin.py:188} INFO - [2024-06-02T19:34:25.849+0000] {dag.py:3954} INFO - Setting next_dagrun for example_skip_dag to 2024-06-01 00:00:00+00:00, run_after=2024-06-02 00:00:00+00:00
[2024-06-02T19:34:25.859+0000] {processor.py:183} INFO - Processing /home/airflow/.local/lib/python3.12/site-packages/airflow/example_dags/example_skip_dag.py took 0.043 seconds
[2024-06-02T19:34:56.574+0000] {processor.py:161} INFO - Started process (PID=471) to work on /home/airflow/.local/lib/python3.12/site-packages/airflow/example_dags/example_skip_dag.py
[2024-06-02T19:34:56.575+0000] {processor.py:830} INFO - Processing file /home/airflow/.local/lib/python3.12/site-packages/airflow/example_dags/example_skip_dag.py for tasks to queue
[2024-06-02T19:34:56.576+0000] {logging_mixin.py:188} INFO - [2024-06-02T19:34:56.576+0000] {dagbag.py:545} INFO - Filling up the DagBag from /home/airflow/.local/lib/python3.12/site-packages/airflow/example_dags/example_skip_dag.py
[2024-06-02T19:34:56.580+0000] {processor.py:840} INFO - DAG(s) 'example_skip_dag' retrieved from /home/airflow/.local/lib/python3.12/site-packages/airflow/example_dags/example_skip_dag.py
[2024-06-02T19:34:56.594+0000] {logging_mixin.py:188} INFO - [2024-06-02T19:34:56.593+0000] {dag.py:3096} INFO - Sync 1 DAGs
[2024-06-02T19:34:56.608+0000] {logging_mixin.py:188} INFO - [2024-06-02T19:34:56.608+0000] {dag.py:3954} INFO - Setting next_dagrun for example_skip_dag to 2024-06-01 00:00:00+00:00, run_after=2024-06-02 00:00:00+00:00
[2024-06-02T19:34:56.621+0000] {processor.py:183} INFO - Processing /home/airflow/.local/lib/python3.12/site-packages/airflow/example_dags/example_skip_dag.py took 0.050 seconds
[2024-06-02T19:35:27.218+0000] {processor.py:161} INFO - Started process (PID=529) to work on /home/airflow/.local/lib/python3.12/site-packages/airflow/example_dags/example_skip_dag.py
[2024-06-02T19:35:27.219+0000] {processor.py:830} INFO - Processing file /home/airflow/.local/lib/python3.12/site-packages/airflow/example_dags/example_skip_dag.py for tasks to queue
[2024-06-02T19:35:27.220+0000] {logging_mixin.py:188} INFO - [2024-06-02T19:35:27.220+0000] {dagbag.py:545} INFO - Filling up the DagBag from /home/airflow/.local/lib/python3.12/site-packages/airflow/example_dags/example_skip_dag.py
[2024-06-02T19:35:27.223+0000] {processor.py:840} INFO - DAG(s) 'example_skip_dag' retrieved from /home/airflow/.local/lib/python3.12/site-packages/airflow/example_dags/example_skip_dag.py
[2024-06-02T19:35:27.235+0000] {logging_mixin.py:188} INFO - [2024-06-02T19:35:27.235+0000] {dag.py:3096} INFO - Sync 1 DAGs
[2024-06-02T19:35:27.247+0000] {logging_mixin.py:188} INFO - [2024-06-02T19:35:27.247+0000] {dag.py:3954} INFO - Setting next_dagrun for example_skip_dag to 2024-06-01 00:00:00+00:00, run_after=2024-06-02 00:00:00+00:00
[2024-06-02T19:35:27.257+0000] {processor.py:183} INFO - Processing /home/airflow/.local/lib/python3.12/site-packages/airflow/example_dags/example_skip_dag.py took 0.042 seconds
[2024-06-02T19:36:20.160+0000] {processor.py:161} INFO - Started process (PID=84) to work on /home/airflow/.local/lib/python3.12/site-packages/airflow/example_dags/example_skip_dag.py
[2024-06-02T19:36:20.161+0000] {processor.py:830} INFO - Processing file /home/airflow/.local/lib/python3.12/site-packages/airflow/example_dags/example_skip_dag.py for tasks to queue
[2024-06-02T19:36:20.162+0000] {logging_mixin.py:188} INFO - [2024-06-02T19:36:20.162+0000] {dagbag.py:545} INFO - Filling up the DagBag from /home/airflow/.local/lib/python3.12/site-packages/airflow/example_dags/example_skip_dag.py
[2024-06-02T19:36:20.166+0000] {processor.py:840} INFO - DAG(s) 'example_skip_dag' retrieved from /home/airflow/.local/lib/python3.12/site-packages/airflow/example_dags/example_skip_dag.py
[2024-06-02T19:36:20.173+0000] {logging_mixin.py:188} INFO - [2024-06-02T19:36:20.173+0000] {dag.py:3096} INFO - Sync 1 DAGs
[2024-06-02T19:36:20.187+0000] {logging_mixin.py:188} INFO - [2024-06-02T19:36:20.187+0000] {dag.py:3954} INFO - Setting next_dagrun for example_skip_dag to 2024-06-01 00:00:00+00:00, run_after=2024-06-02 00:00:00+00:00
[2024-06-02T19:36:20.199+0000] {processor.py:183} INFO - Processing /home/airflow/.local/lib/python3.12/site-packages/airflow/example_dags/example_skip_dag.py took 0.042 seconds
[2024-06-02T19:36:51.479+0000] {processor.py:161} INFO - Started process (PID=142) to work on /home/airflow/.local/lib/python3.12/site-packages/airflow/example_dags/example_skip_dag.py
[2024-06-02T19:36:51.480+0000] {processor.py:830} INFO - Processing file /home/airflow/.local/lib/python3.12/site-packages/airflow/example_dags/example_skip_dag.py for tasks to queue
[2024-06-02T19:36:51.481+0000] {logging_mixin.py:188} INFO - [2024-06-02T19:36:51.481+0000] {dagbag.py:545} INFO - Filling up the DagBag from /home/airflow/.local/lib/python3.12/site-packages/airflow/example_dags/example_skip_dag.py
[2024-06-02T19:36:51.484+0000] {processor.py:840} INFO - DAG(s) 'example_skip_dag' retrieved from /home/airflow/.local/lib/python3.12/site-packages/airflow/example_dags/example_skip_dag.py
[2024-06-02T19:36:51.540+0000] {logging_mixin.py:188} INFO - [2024-06-02T19:36:51.540+0000] {dag.py:3096} INFO - Sync 1 DAGs
[2024-06-02T19:36:51.553+0000] {logging_mixin.py:188} INFO - [2024-06-02T19:36:51.552+0000] {dag.py:3954} INFO - Setting next_dagrun for example_skip_dag to 2024-06-01 00:00:00+00:00, run_after=2024-06-02 00:00:00+00:00
[2024-06-02T19:36:51.563+0000] {processor.py:183} INFO - Processing /home/airflow/.local/lib/python3.12/site-packages/airflow/example_dags/example_skip_dag.py took 0.087 seconds
[2024-06-02T19:37:22.313+0000] {processor.py:161} INFO - Started process (PID=200) to work on /home/airflow/.local/lib/python3.12/site-packages/airflow/example_dags/example_skip_dag.py
[2024-06-02T19:37:22.314+0000] {processor.py:830} INFO - Processing file /home/airflow/.local/lib/python3.12/site-packages/airflow/example_dags/example_skip_dag.py for tasks to queue
[2024-06-02T19:37:22.315+0000] {logging_mixin.py:188} INFO - [2024-06-02T19:37:22.315+0000] {dagbag.py:545} INFO - Filling up the DagBag from /home/airflow/.local/lib/python3.12/site-packages/airflow/example_dags/example_skip_dag.py
[2024-06-02T19:37:22.319+0000] {processor.py:840} INFO - DAG(s) 'example_skip_dag' retrieved from /home/airflow/.local/lib/python3.12/site-packages/airflow/example_dags/example_skip_dag.py
[2024-06-02T19:37:22.330+0000] {logging_mixin.py:188} INFO - [2024-06-02T19:37:22.330+0000] {dag.py:3096} INFO - Sync 1 DAGs
[2024-06-02T19:37:22.342+0000] {logging_mixin.py:188} INFO - [2024-06-02T19:37:22.342+0000] {dag.py:3954} INFO - Setting next_dagrun for example_skip_dag to 2024-06-01 00:00:00+00:00, run_after=2024-06-02 00:00:00+00:00
[2024-06-02T19:37:22.353+0000] {processor.py:183} INFO - Processing /home/airflow/.local/lib/python3.12/site-packages/airflow/example_dags/example_skip_dag.py took 0.043 seconds
[2024-06-02T19:37:53.022+0000] {processor.py:161} INFO - Started process (PID=258) to work on /home/airflow/.local/lib/python3.12/site-packages/airflow/example_dags/example_skip_dag.py
[2024-06-02T19:37:53.023+0000] {processor.py:830} INFO - Processing file /home/airflow/.local/lib/python3.12/site-packages/airflow/example_dags/example_skip_dag.py for tasks to queue
[2024-06-02T19:37:53.024+0000] {logging_mixin.py:188} INFO - [2024-06-02T19:37:53.023+0000] {dagbag.py:545} INFO - Filling up the DagBag from /home/airflow/.local/lib/python3.12/site-packages/airflow/example_dags/example_skip_dag.py
[2024-06-02T19:37:53.027+0000] {processor.py:840} INFO - DAG(s) 'example_skip_dag' retrieved from /home/airflow/.local/lib/python3.12/site-packages/airflow/example_dags/example_skip_dag.py
[2024-06-02T19:37:53.039+0000] {logging_mixin.py:188} INFO - [2024-06-02T19:37:53.039+0000] {dag.py:3096} INFO - Sync 1 DAGs
[2024-06-02T19:37:53.052+0000] {logging_mixin.py:188} INFO - [2024-06-02T19:37:53.051+0000] {dag.py:3954} INFO - Setting next_dagrun for example_skip_dag to 2024-06-01 00:00:00+00:00, run_after=2024-06-02 00:00:00+00:00
[2024-06-02T19:37:53.062+0000] {processor.py:183} INFO - Processing /home/airflow/.local/lib/python3.12/site-packages/airflow/example_dags/example_skip_dag.py took 0.045 seconds
[2024-06-02T19:38:23.692+0000] {processor.py:161} INFO - Started process (PID=316) to work on /home/airflow/.local/lib/python3.12/site-packages/airflow/example_dags/example_skip_dag.py
[2024-06-02T19:38:23.693+0000] {processor.py:830} INFO - Processing file /home/airflow/.local/lib/python3.12/site-packages/airflow/example_dags/example_skip_dag.py for tasks to queue
[2024-06-02T19:38:23.694+0000] {logging_mixin.py:188} INFO - [2024-06-02T19:38:23.694+0000] {dagbag.py:545} INFO - Filling up the DagBag from /home/airflow/.local/lib/python3.12/site-packages/airflow/example_dags/example_skip_dag.py
[2024-06-02T19:38:23.699+0000] {processor.py:840} INFO - DAG(s) 'example_skip_dag' retrieved from /home/airflow/.local/lib/python3.12/site-packages/airflow/example_dags/example_skip_dag.py
[2024-06-02T19:38:23.711+0000] {logging_mixin.py:188} INFO - [2024-06-02T19:38:23.711+0000] {dag.py:3096} INFO - Sync 1 DAGs
[2024-06-02T19:38:23.723+0000] {logging_mixin.py:188} INFO - [2024-06-02T19:38:23.723+0000] {dag.py:3954} INFO - Setting next_dagrun for example_skip_dag to 2024-06-01 00:00:00+00:00, run_after=2024-06-02 00:00:00+00:00
[2024-06-02T19:38:23.733+0000] {processor.py:183} INFO - Processing /home/airflow/.local/lib/python3.12/site-packages/airflow/example_dags/example_skip_dag.py took 0.044 seconds
[2024-06-02T19:38:54.350+0000] {processor.py:161} INFO - Started process (PID=374) to work on /home/airflow/.local/lib/python3.12/site-packages/airflow/example_dags/example_skip_dag.py
[2024-06-02T19:38:54.351+0000] {processor.py:830} INFO - Processing file /home/airflow/.local/lib/python3.12/site-packages/airflow/example_dags/example_skip_dag.py for tasks to queue
[2024-06-02T19:38:54.352+0000] {logging_mixin.py:188} INFO - [2024-06-02T19:38:54.352+0000] {dagbag.py:545} INFO - Filling up the DagBag from /home/airflow/.local/lib/python3.12/site-packages/airflow/example_dags/example_skip_dag.py
[2024-06-02T19:38:54.356+0000] {processor.py:840} INFO - DAG(s) 'example_skip_dag' retrieved from /home/airflow/.local/lib/python3.12/site-packages/airflow/example_dags/example_skip_dag.py
[2024-06-02T19:38:54.368+0000] {logging_mixin.py:188} INFO - [2024-06-02T19:38:54.368+0000] {dag.py:3096} INFO - Sync 1 DAGs
[2024-06-02T19:38:54.380+0000] {logging_mixin.py:188} INFO - [2024-06-02T19:38:54.380+0000] {dag.py:3954} INFO - Setting next_dagrun for example_skip_dag to 2024-06-01 00:00:00+00:00, run_after=2024-06-02 00:00:00+00:00
[2024-06-02T19:38:54.392+0000] {processor.py:183} INFO - Processing /home/airflow/.local/lib/python3.12/site-packages/airflow/example_dags/example_skip_dag.py took 0.045 seconds
[2024-06-02T19:39:25.014+0000] {processor.py:161} INFO - Started process (PID=432) to work on /home/airflow/.local/lib/python3.12/site-packages/airflow/example_dags/example_skip_dag.py
[2024-06-02T19:39:25.015+0000] {processor.py:830} INFO - Processing file /home/airflow/.local/lib/python3.12/site-packages/airflow/example_dags/example_skip_dag.py for tasks to queue
[2024-06-02T19:39:25.016+0000] {logging_mixin.py:188} INFO - [2024-06-02T19:39:25.016+0000] {dagbag.py:545} INFO - Filling up the DagBag from /home/airflow/.local/lib/python3.12/site-packages/airflow/example_dags/example_skip_dag.py
[2024-06-02T19:39:25.020+0000] {processor.py:840} INFO - DAG(s) 'example_skip_dag' retrieved from /home/airflow/.local/lib/python3.12/site-packages/airflow/example_dags/example_skip_dag.py
[2024-06-02T19:39:25.032+0000] {logging_mixin.py:188} INFO - [2024-06-02T19:39:25.031+0000] {dag.py:3096} INFO - Sync 1 DAGs
[2024-06-02T19:39:25.044+0000] {logging_mixin.py:188} INFO - [2024-06-02T19:39:25.043+0000] {dag.py:3954} INFO - Setting next_dagrun for example_skip_dag to 2024-06-01 00:00:00+00:00, run_after=2024-06-02 00:00:00+00:00
[2024-06-02T19:39:25.054+0000] {processor.py:183} INFO - Processing /home/airflow/.local/lib/python3.12/site-packages/airflow/example_dags/example_skip_dag.py took 0.044 seconds
[2024-06-02T19:39:55.655+0000] {processor.py:161} INFO - Started process (PID=490) to work on /home/airflow/.local/lib/python3.12/site-packages/airflow/example_dags/example_skip_dag.py
[2024-06-02T19:39:55.656+0000] {processor.py:830} INFO - Processing file /home/airflow/.local/lib/python3.12/site-packages/airflow/example_dags/example_skip_dag.py for tasks to queue
[2024-06-02T19:39:55.657+0000] {logging_mixin.py:188} INFO - [2024-06-02T19:39:55.657+0000] {dagbag.py:545} INFO - Filling up the DagBag from /home/airflow/.local/lib/python3.12/site-packages/airflow/example_dags/example_skip_dag.py
[2024-06-02T19:39:55.661+0000] {processor.py:840} INFO - DAG(s) 'example_skip_dag' retrieved from /home/airflow/.local/lib/python3.12/site-packages/airflow/example_dags/example_skip_dag.py
[2024-06-02T19:39:55.673+0000] {logging_mixin.py:188} INFO - [2024-06-02T19:39:55.673+0000] {dag.py:3096} INFO - Sync 1 DAGs
[2024-06-02T19:39:55.685+0000] {logging_mixin.py:188} INFO - [2024-06-02T19:39:55.685+0000] {dag.py:3954} INFO - Setting next_dagrun for example_skip_dag to 2024-06-01 00:00:00+00:00, run_after=2024-06-02 00:00:00+00:00
[2024-06-02T19:39:55.695+0000] {processor.py:183} INFO - Processing /home/airflow/.local/lib/python3.12/site-packages/airflow/example_dags/example_skip_dag.py took 0.043 seconds
[2024-06-02T19:40:26.221+0000] {processor.py:161} INFO - Started process (PID=548) to work on /home/airflow/.local/lib/python3.12/site-packages/airflow/example_dags/example_skip_dag.py
[2024-06-02T19:40:26.222+0000] {processor.py:830} INFO - Processing file /home/airflow/.local/lib/python3.12/site-packages/airflow/example_dags/example_skip_dag.py for tasks to queue
[2024-06-02T19:40:26.223+0000] {logging_mixin.py:188} INFO - [2024-06-02T19:40:26.223+0000] {dagbag.py:545} INFO - Filling up the DagBag from /home/airflow/.local/lib/python3.12/site-packages/airflow/example_dags/example_skip_dag.py
[2024-06-02T19:40:26.227+0000] {processor.py:840} INFO - DAG(s) 'example_skip_dag' retrieved from /home/airflow/.local/lib/python3.12/site-packages/airflow/example_dags/example_skip_dag.py
[2024-06-02T19:40:26.239+0000] {logging_mixin.py:188} INFO - [2024-06-02T19:40:26.239+0000] {dag.py:3096} INFO - Sync 1 DAGs
[2024-06-02T19:40:26.251+0000] {logging_mixin.py:188} INFO - [2024-06-02T19:40:26.251+0000] {dag.py:3954} INFO - Setting next_dagrun for example_skip_dag to 2024-06-01 00:00:00+00:00, run_after=2024-06-02 00:00:00+00:00
[2024-06-02T19:40:26.262+0000] {processor.py:183} INFO - Processing /home/airflow/.local/lib/python3.12/site-packages/airflow/example_dags/example_skip_dag.py took 0.044 seconds
[2024-06-02T19:40:56.917+0000] {processor.py:161} INFO - Started process (PID=606) to work on /home/airflow/.local/lib/python3.12/site-packages/airflow/example_dags/example_skip_dag.py
[2024-06-02T19:40:56.918+0000] {processor.py:830} INFO - Processing file /home/airflow/.local/lib/python3.12/site-packages/airflow/example_dags/example_skip_dag.py for tasks to queue
[2024-06-02T19:40:56.919+0000] {logging_mixin.py:188} INFO - [2024-06-02T19:40:56.919+0000] {dagbag.py:545} INFO - Filling up the DagBag from /home/airflow/.local/lib/python3.12/site-packages/airflow/example_dags/example_skip_dag.py
[2024-06-02T19:40:56.923+0000] {processor.py:840} INFO - DAG(s) 'example_skip_dag' retrieved from /home/airflow/.local/lib/python3.12/site-packages/airflow/example_dags/example_skip_dag.py
[2024-06-02T19:40:56.935+0000] {logging_mixin.py:188} INFO - [2024-06-02T19:40:56.935+0000] {dag.py:3096} INFO - Sync 1 DAGs
[2024-06-02T19:40:56.948+0000] {logging_mixin.py:188} INFO - [2024-06-02T19:40:56.948+0000] {dag.py:3954} INFO - Setting next_dagrun for example_skip_dag to 2024-06-01 00:00:00+00:00, run_after=2024-06-02 00:00:00+00:00
[2024-06-02T19:40:56.958+0000] {processor.py:183} INFO - Processing /home/airflow/.local/lib/python3.12/site-packages/airflow/example_dags/example_skip_dag.py took 0.044 seconds
[2024-06-02T19:41:41.785+0000] {processor.py:161} INFO - Started process (PID=84) to work on /home/airflow/.local/lib/python3.12/site-packages/airflow/example_dags/example_skip_dag.py
[2024-06-02T19:41:41.786+0000] {processor.py:830} INFO - Processing file /home/airflow/.local/lib/python3.12/site-packages/airflow/example_dags/example_skip_dag.py for tasks to queue
[2024-06-02T19:41:41.787+0000] {logging_mixin.py:188} INFO - [2024-06-02T19:41:41.787+0000] {dagbag.py:545} INFO - Filling up the DagBag from /home/airflow/.local/lib/python3.12/site-packages/airflow/example_dags/example_skip_dag.py
[2024-06-02T19:41:41.791+0000] {processor.py:840} INFO - DAG(s) 'example_skip_dag' retrieved from /home/airflow/.local/lib/python3.12/site-packages/airflow/example_dags/example_skip_dag.py
[2024-06-02T19:41:41.798+0000] {logging_mixin.py:188} INFO - [2024-06-02T19:41:41.797+0000] {dag.py:3096} INFO - Sync 1 DAGs
[2024-06-02T19:41:41.809+0000] {logging_mixin.py:188} INFO - [2024-06-02T19:41:41.809+0000] {dag.py:3954} INFO - Setting next_dagrun for example_skip_dag to 2024-06-01 00:00:00+00:00, run_after=2024-06-02 00:00:00+00:00
[2024-06-02T19:41:41.819+0000] {processor.py:183} INFO - Processing /home/airflow/.local/lib/python3.12/site-packages/airflow/example_dags/example_skip_dag.py took 0.037 seconds
[2024-06-02T19:42:13.163+0000] {processor.py:161} INFO - Started process (PID=142) to work on /home/airflow/.local/lib/python3.12/site-packages/airflow/example_dags/example_skip_dag.py
[2024-06-02T19:42:13.164+0000] {processor.py:830} INFO - Processing file /home/airflow/.local/lib/python3.12/site-packages/airflow/example_dags/example_skip_dag.py for tasks to queue
[2024-06-02T19:42:13.165+0000] {logging_mixin.py:188} INFO - [2024-06-02T19:42:13.165+0000] {dagbag.py:545} INFO - Filling up the DagBag from /home/airflow/.local/lib/python3.12/site-packages/airflow/example_dags/example_skip_dag.py
[2024-06-02T19:42:13.168+0000] {processor.py:840} INFO - DAG(s) 'example_skip_dag' retrieved from /home/airflow/.local/lib/python3.12/site-packages/airflow/example_dags/example_skip_dag.py
[2024-06-02T19:42:13.227+0000] {logging_mixin.py:188} INFO - [2024-06-02T19:42:13.227+0000] {dag.py:3096} INFO - Sync 1 DAGs
[2024-06-02T19:42:13.239+0000] {logging_mixin.py:188} INFO - [2024-06-02T19:42:13.239+0000] {dag.py:3954} INFO - Setting next_dagrun for example_skip_dag to 2024-06-01 00:00:00+00:00, run_after=2024-06-02 00:00:00+00:00
[2024-06-02T19:42:13.250+0000] {processor.py:183} INFO - Processing /home/airflow/.local/lib/python3.12/site-packages/airflow/example_dags/example_skip_dag.py took 0.090 seconds
[2024-06-02T19:42:44.084+0000] {processor.py:161} INFO - Started process (PID=200) to work on /home/airflow/.local/lib/python3.12/site-packages/airflow/example_dags/example_skip_dag.py
[2024-06-02T19:42:44.085+0000] {processor.py:830} INFO - Processing file /home/airflow/.local/lib/python3.12/site-packages/airflow/example_dags/example_skip_dag.py for tasks to queue
[2024-06-02T19:42:44.086+0000] {logging_mixin.py:188} INFO - [2024-06-02T19:42:44.086+0000] {dagbag.py:545} INFO - Filling up the DagBag from /home/airflow/.local/lib/python3.12/site-packages/airflow/example_dags/example_skip_dag.py
[2024-06-02T19:42:44.091+0000] {processor.py:840} INFO - DAG(s) 'example_skip_dag' retrieved from /home/airflow/.local/lib/python3.12/site-packages/airflow/example_dags/example_skip_dag.py
[2024-06-02T19:42:44.105+0000] {logging_mixin.py:188} INFO - [2024-06-02T19:42:44.105+0000] {dag.py:3096} INFO - Sync 1 DAGs
[2024-06-02T19:42:44.120+0000] {logging_mixin.py:188} INFO - [2024-06-02T19:42:44.119+0000] {dag.py:3954} INFO - Setting next_dagrun for example_skip_dag to 2024-06-01 00:00:00+00:00, run_after=2024-06-02 00:00:00+00:00
[2024-06-02T19:42:44.131+0000] {processor.py:183} INFO - Processing /home/airflow/.local/lib/python3.12/site-packages/airflow/example_dags/example_skip_dag.py took 0.050 seconds
[2024-06-02T19:43:14.782+0000] {processor.py:161} INFO - Started process (PID=258) to work on /home/airflow/.local/lib/python3.12/site-packages/airflow/example_dags/example_skip_dag.py
[2024-06-02T19:43:14.783+0000] {processor.py:830} INFO - Processing file /home/airflow/.local/lib/python3.12/site-packages/airflow/example_dags/example_skip_dag.py for tasks to queue
[2024-06-02T19:43:14.784+0000] {logging_mixin.py:188} INFO - [2024-06-02T19:43:14.784+0000] {dagbag.py:545} INFO - Filling up the DagBag from /home/airflow/.local/lib/python3.12/site-packages/airflow/example_dags/example_skip_dag.py
[2024-06-02T19:43:14.788+0000] {processor.py:840} INFO - DAG(s) 'example_skip_dag' retrieved from /home/airflow/.local/lib/python3.12/site-packages/airflow/example_dags/example_skip_dag.py
[2024-06-02T19:43:14.800+0000] {logging_mixin.py:188} INFO - [2024-06-02T19:43:14.800+0000] {dag.py:3096} INFO - Sync 1 DAGs
[2024-06-02T19:43:14.814+0000] {logging_mixin.py:188} INFO - [2024-06-02T19:43:14.814+0000] {dag.py:3954} INFO - Setting next_dagrun for example_skip_dag to 2024-06-01 00:00:00+00:00, run_after=2024-06-02 00:00:00+00:00
[2024-06-02T19:43:14.824+0000] {processor.py:183} INFO - Processing /home/airflow/.local/lib/python3.12/site-packages/airflow/example_dags/example_skip_dag.py took 0.045 seconds
[2024-06-02T19:43:45.480+0000] {processor.py:161} INFO - Started process (PID=316) to work on /home/airflow/.local/lib/python3.12/site-packages/airflow/example_dags/example_skip_dag.py
[2024-06-02T19:43:45.481+0000] {processor.py:830} INFO - Processing file /home/airflow/.local/lib/python3.12/site-packages/airflow/example_dags/example_skip_dag.py for tasks to queue
[2024-06-02T19:43:45.482+0000] {logging_mixin.py:188} INFO - [2024-06-02T19:43:45.482+0000] {dagbag.py:545} INFO - Filling up the DagBag from /home/airflow/.local/lib/python3.12/site-packages/airflow/example_dags/example_skip_dag.py
[2024-06-02T19:43:45.486+0000] {processor.py:840} INFO - DAG(s) 'example_skip_dag' retrieved from /home/airflow/.local/lib/python3.12/site-packages/airflow/example_dags/example_skip_dag.py
[2024-06-02T19:43:45.498+0000] {logging_mixin.py:188} INFO - [2024-06-02T19:43:45.498+0000] {dag.py:3096} INFO - Sync 1 DAGs
[2024-06-02T19:43:45.510+0000] {logging_mixin.py:188} INFO - [2024-06-02T19:43:45.510+0000] {dag.py:3954} INFO - Setting next_dagrun for example_skip_dag to 2024-06-01 00:00:00+00:00, run_after=2024-06-02 00:00:00+00:00
[2024-06-02T19:43:45.521+0000] {processor.py:183} INFO - Processing /home/airflow/.local/lib/python3.12/site-packages/airflow/example_dags/example_skip_dag.py took 0.044 seconds
[2024-06-02T19:44:16.097+0000] {processor.py:161} INFO - Started process (PID=374) to work on /home/airflow/.local/lib/python3.12/site-packages/airflow/example_dags/example_skip_dag.py
[2024-06-02T19:44:16.097+0000] {processor.py:830} INFO - Processing file /home/airflow/.local/lib/python3.12/site-packages/airflow/example_dags/example_skip_dag.py for tasks to queue
[2024-06-02T19:44:16.098+0000] {logging_mixin.py:188} INFO - [2024-06-02T19:44:16.098+0000] {dagbag.py:545} INFO - Filling up the DagBag from /home/airflow/.local/lib/python3.12/site-packages/airflow/example_dags/example_skip_dag.py
[2024-06-02T19:44:16.102+0000] {processor.py:840} INFO - DAG(s) 'example_skip_dag' retrieved from /home/airflow/.local/lib/python3.12/site-packages/airflow/example_dags/example_skip_dag.py
[2024-06-02T19:44:16.114+0000] {logging_mixin.py:188} INFO - [2024-06-02T19:44:16.114+0000] {dag.py:3096} INFO - Sync 1 DAGs
[2024-06-02T19:44:16.126+0000] {logging_mixin.py:188} INFO - [2024-06-02T19:44:16.126+0000] {dag.py:3954} INFO - Setting next_dagrun for example_skip_dag to 2024-06-01 00:00:00+00:00, run_after=2024-06-02 00:00:00+00:00
[2024-06-02T19:44:16.136+0000] {processor.py:183} INFO - Processing /home/airflow/.local/lib/python3.12/site-packages/airflow/example_dags/example_skip_dag.py took 0.044 seconds
[2024-06-02T19:44:46.726+0000] {processor.py:161} INFO - Started process (PID=432) to work on /home/airflow/.local/lib/python3.12/site-packages/airflow/example_dags/example_skip_dag.py
[2024-06-02T19:44:46.727+0000] {processor.py:830} INFO - Processing file /home/airflow/.local/lib/python3.12/site-packages/airflow/example_dags/example_skip_dag.py for tasks to queue
[2024-06-02T19:44:46.728+0000] {logging_mixin.py:188} INFO - [2024-06-02T19:44:46.727+0000] {dagbag.py:545} INFO - Filling up the DagBag from /home/airflow/.local/lib/python3.12/site-packages/airflow/example_dags/example_skip_dag.py
[2024-06-02T19:44:46.731+0000] {processor.py:840} INFO - DAG(s) 'example_skip_dag' retrieved from /home/airflow/.local/lib/python3.12/site-packages/airflow/example_dags/example_skip_dag.py
[2024-06-02T19:44:46.743+0000] {logging_mixin.py:188} INFO - [2024-06-02T19:44:46.743+0000] {dag.py:3096} INFO - Sync 1 DAGs
[2024-06-02T19:44:46.756+0000] {logging_mixin.py:188} INFO - [2024-06-02T19:44:46.756+0000] {dag.py:3954} INFO - Setting next_dagrun for example_skip_dag to 2024-06-01 00:00:00+00:00, run_after=2024-06-02 00:00:00+00:00
[2024-06-02T19:44:46.766+0000] {processor.py:183} INFO - Processing /home/airflow/.local/lib/python3.12/site-packages/airflow/example_dags/example_skip_dag.py took 0.043 seconds
[2024-06-02T19:45:17.361+0000] {processor.py:161} INFO - Started process (PID=490) to work on /home/airflow/.local/lib/python3.12/site-packages/airflow/example_dags/example_skip_dag.py
[2024-06-02T19:45:17.362+0000] {processor.py:830} INFO - Processing file /home/airflow/.local/lib/python3.12/site-packages/airflow/example_dags/example_skip_dag.py for tasks to queue
[2024-06-02T19:45:17.363+0000] {logging_mixin.py:188} INFO - [2024-06-02T19:45:17.363+0000] {dagbag.py:545} INFO - Filling up the DagBag from /home/airflow/.local/lib/python3.12/site-packages/airflow/example_dags/example_skip_dag.py
[2024-06-02T19:45:17.367+0000] {processor.py:840} INFO - DAG(s) 'example_skip_dag' retrieved from /home/airflow/.local/lib/python3.12/site-packages/airflow/example_dags/example_skip_dag.py
[2024-06-02T19:45:17.379+0000] {logging_mixin.py:188} INFO - [2024-06-02T19:45:17.379+0000] {dag.py:3096} INFO - Sync 1 DAGs
[2024-06-02T19:45:17.391+0000] {logging_mixin.py:188} INFO - [2024-06-02T19:45:17.391+0000] {dag.py:3954} INFO - Setting next_dagrun for example_skip_dag to 2024-06-01 00:00:00+00:00, run_after=2024-06-02 00:00:00+00:00
[2024-06-02T19:45:17.402+0000] {processor.py:183} INFO - Processing /home/airflow/.local/lib/python3.12/site-packages/airflow/example_dags/example_skip_dag.py took 0.043 seconds
[2024-06-02T19:45:48.032+0000] {processor.py:161} INFO - Started process (PID=547) to work on /home/airflow/.local/lib/python3.12/site-packages/airflow/example_dags/example_skip_dag.py
[2024-06-02T19:45:48.032+0000] {processor.py:830} INFO - Processing file /home/airflow/.local/lib/python3.12/site-packages/airflow/example_dags/example_skip_dag.py for tasks to queue
[2024-06-02T19:45:48.033+0000] {logging_mixin.py:188} INFO - [2024-06-02T19:45:48.033+0000] {dagbag.py:545} INFO - Filling up the DagBag from /home/airflow/.local/lib/python3.12/site-packages/airflow/example_dags/example_skip_dag.py
[2024-06-02T19:45:48.037+0000] {processor.py:840} INFO - DAG(s) 'example_skip_dag' retrieved from /home/airflow/.local/lib/python3.12/site-packages/airflow/example_dags/example_skip_dag.py
[2024-06-02T19:45:48.050+0000] {logging_mixin.py:188} INFO - [2024-06-02T19:45:48.050+0000] {dag.py:3096} INFO - Sync 1 DAGs
[2024-06-02T19:45:48.062+0000] {logging_mixin.py:188} INFO - [2024-06-02T19:45:48.062+0000] {dag.py:3954} INFO - Setting next_dagrun for example_skip_dag to 2024-06-01 00:00:00+00:00, run_after=2024-06-02 00:00:00+00:00
[2024-06-02T19:45:48.072+0000] {processor.py:183} INFO - Processing /home/airflow/.local/lib/python3.12/site-packages/airflow/example_dags/example_skip_dag.py took 0.044 seconds
[2024-06-02T19:46:18.715+0000] {processor.py:161} INFO - Started process (PID=605) to work on /home/airflow/.local/lib/python3.12/site-packages/airflow/example_dags/example_skip_dag.py
[2024-06-02T19:46:18.716+0000] {processor.py:830} INFO - Processing file /home/airflow/.local/lib/python3.12/site-packages/airflow/example_dags/example_skip_dag.py for tasks to queue
[2024-06-02T19:46:18.717+0000] {logging_mixin.py:188} INFO - [2024-06-02T19:46:18.717+0000] {dagbag.py:545} INFO - Filling up the DagBag from /home/airflow/.local/lib/python3.12/site-packages/airflow/example_dags/example_skip_dag.py
[2024-06-02T19:46:18.721+0000] {processor.py:840} INFO - DAG(s) 'example_skip_dag' retrieved from /home/airflow/.local/lib/python3.12/site-packages/airflow/example_dags/example_skip_dag.py
[2024-06-02T19:46:18.732+0000] {logging_mixin.py:188} INFO - [2024-06-02T19:46:18.732+0000] {dag.py:3096} INFO - Sync 1 DAGs
[2024-06-02T19:46:18.744+0000] {logging_mixin.py:188} INFO - [2024-06-02T19:46:18.744+0000] {dag.py:3954} INFO - Setting next_dagrun for example_skip_dag to 2024-06-01 00:00:00+00:00, run_after=2024-06-02 00:00:00+00:00
[2024-06-02T19:46:18.755+0000] {processor.py:183} INFO - Processing /home/airflow/.local/lib/python3.12/site-packages/airflow/example_dags/example_skip_dag.py took 0.043 seconds
[2024-06-02T19:46:49.427+0000] {processor.py:161} INFO - Started process (PID=663) to work on /home/airflow/.local/lib/python3.12/site-packages/airflow/example_dags/example_skip_dag.py
[2024-06-02T19:46:49.428+0000] {processor.py:830} INFO - Processing file /home/airflow/.local/lib/python3.12/site-packages/airflow/example_dags/example_skip_dag.py for tasks to queue
[2024-06-02T19:46:49.429+0000] {logging_mixin.py:188} INFO - [2024-06-02T19:46:49.429+0000] {dagbag.py:545} INFO - Filling up the DagBag from /home/airflow/.local/lib/python3.12/site-packages/airflow/example_dags/example_skip_dag.py
[2024-06-02T19:46:49.433+0000] {processor.py:840} INFO - DAG(s) 'example_skip_dag' retrieved from /home/airflow/.local/lib/python3.12/site-packages/airflow/example_dags/example_skip_dag.py
[2024-06-02T19:46:49.445+0000] {logging_mixin.py:188} INFO - [2024-06-02T19:46:49.445+0000] {dag.py:3096} INFO - Sync 1 DAGs
[2024-06-02T19:46:49.457+0000] {logging_mixin.py:188} INFO - [2024-06-02T19:46:49.457+0000] {dag.py:3954} INFO - Setting next_dagrun for example_skip_dag to 2024-06-01 00:00:00+00:00, run_after=2024-06-02 00:00:00+00:00
[2024-06-02T19:46:49.467+0000] {processor.py:183} INFO - Processing /home/airflow/.local/lib/python3.12/site-packages/airflow/example_dags/example_skip_dag.py took 0.043 seconds
[2024-06-02T19:47:20.177+0000] {processor.py:161} INFO - Started process (PID=721) to work on /home/airflow/.local/lib/python3.12/site-packages/airflow/example_dags/example_skip_dag.py
[2024-06-02T19:47:20.178+0000] {processor.py:830} INFO - Processing file /home/airflow/.local/lib/python3.12/site-packages/airflow/example_dags/example_skip_dag.py for tasks to queue
[2024-06-02T19:47:20.179+0000] {logging_mixin.py:188} INFO - [2024-06-02T19:47:20.179+0000] {dagbag.py:545} INFO - Filling up the DagBag from /home/airflow/.local/lib/python3.12/site-packages/airflow/example_dags/example_skip_dag.py
[2024-06-02T19:47:20.183+0000] {processor.py:840} INFO - DAG(s) 'example_skip_dag' retrieved from /home/airflow/.local/lib/python3.12/site-packages/airflow/example_dags/example_skip_dag.py
[2024-06-02T19:47:20.195+0000] {logging_mixin.py:188} INFO - [2024-06-02T19:47:20.195+0000] {dag.py:3096} INFO - Sync 1 DAGs
[2024-06-02T19:47:20.206+0000] {logging_mixin.py:188} INFO - [2024-06-02T19:47:20.206+0000] {dag.py:3954} INFO - Setting next_dagrun for example_skip_dag to 2024-06-01 00:00:00+00:00, run_after=2024-06-02 00:00:00+00:00
[2024-06-02T19:47:20.217+0000] {processor.py:183} INFO - Processing /home/airflow/.local/lib/python3.12/site-packages/airflow/example_dags/example_skip_dag.py took 0.042 seconds
[2024-06-02T19:47:50.868+0000] {processor.py:161} INFO - Started process (PID=779) to work on /home/airflow/.local/lib/python3.12/site-packages/airflow/example_dags/example_skip_dag.py
[2024-06-02T19:47:50.868+0000] {processor.py:830} INFO - Processing file /home/airflow/.local/lib/python3.12/site-packages/airflow/example_dags/example_skip_dag.py for tasks to queue
[2024-06-02T19:47:50.870+0000] {logging_mixin.py:188} INFO - [2024-06-02T19:47:50.869+0000] {dagbag.py:545} INFO - Filling up the DagBag from /home/airflow/.local/lib/python3.12/site-packages/airflow/example_dags/example_skip_dag.py
[2024-06-02T19:47:50.873+0000] {processor.py:840} INFO - DAG(s) 'example_skip_dag' retrieved from /home/airflow/.local/lib/python3.12/site-packages/airflow/example_dags/example_skip_dag.py
[2024-06-02T19:47:50.885+0000] {logging_mixin.py:188} INFO - [2024-06-02T19:47:50.885+0000] {dag.py:3096} INFO - Sync 1 DAGs
[2024-06-02T19:47:50.898+0000] {logging_mixin.py:188} INFO - [2024-06-02T19:47:50.897+0000] {dag.py:3954} INFO - Setting next_dagrun for example_skip_dag to 2024-06-01 00:00:00+00:00, run_after=2024-06-02 00:00:00+00:00
[2024-06-02T19:47:50.908+0000] {processor.py:183} INFO - Processing /home/airflow/.local/lib/python3.12/site-packages/airflow/example_dags/example_skip_dag.py took 0.043 seconds
[2024-06-02T19:48:21.585+0000] {processor.py:161} INFO - Started process (PID=837) to work on /home/airflow/.local/lib/python3.12/site-packages/airflow/example_dags/example_skip_dag.py
[2024-06-02T19:48:21.586+0000] {processor.py:830} INFO - Processing file /home/airflow/.local/lib/python3.12/site-packages/airflow/example_dags/example_skip_dag.py for tasks to queue
[2024-06-02T19:48:21.587+0000] {logging_mixin.py:188} INFO - [2024-06-02T19:48:21.587+0000] {dagbag.py:545} INFO - Filling up the DagBag from /home/airflow/.local/lib/python3.12/site-packages/airflow/example_dags/example_skip_dag.py
[2024-06-02T19:48:21.591+0000] {processor.py:840} INFO - DAG(s) 'example_skip_dag' retrieved from /home/airflow/.local/lib/python3.12/site-packages/airflow/example_dags/example_skip_dag.py
[2024-06-02T19:48:21.604+0000] {logging_mixin.py:188} INFO - [2024-06-02T19:48:21.604+0000] {dag.py:3096} INFO - Sync 1 DAGs
[2024-06-02T19:48:21.617+0000] {logging_mixin.py:188} INFO - [2024-06-02T19:48:21.616+0000] {dag.py:3954} INFO - Setting next_dagrun for example_skip_dag to 2024-06-01 00:00:00+00:00, run_after=2024-06-02 00:00:00+00:00
[2024-06-02T19:48:21.627+0000] {processor.py:183} INFO - Processing /home/airflow/.local/lib/python3.12/site-packages/airflow/example_dags/example_skip_dag.py took 0.045 seconds
[2024-06-02T19:48:52.203+0000] {processor.py:161} INFO - Started process (PID=895) to work on /home/airflow/.local/lib/python3.12/site-packages/airflow/example_dags/example_skip_dag.py
[2024-06-02T19:48:52.204+0000] {processor.py:830} INFO - Processing file /home/airflow/.local/lib/python3.12/site-packages/airflow/example_dags/example_skip_dag.py for tasks to queue
[2024-06-02T19:48:52.205+0000] {logging_mixin.py:188} INFO - [2024-06-02T19:48:52.205+0000] {dagbag.py:545} INFO - Filling up the DagBag from /home/airflow/.local/lib/python3.12/site-packages/airflow/example_dags/example_skip_dag.py
[2024-06-02T19:48:52.209+0000] {processor.py:840} INFO - DAG(s) 'example_skip_dag' retrieved from /home/airflow/.local/lib/python3.12/site-packages/airflow/example_dags/example_skip_dag.py
[2024-06-02T19:48:52.221+0000] {logging_mixin.py:188} INFO - [2024-06-02T19:48:52.221+0000] {dag.py:3096} INFO - Sync 1 DAGs
[2024-06-02T19:48:52.233+0000] {logging_mixin.py:188} INFO - [2024-06-02T19:48:52.233+0000] {dag.py:3954} INFO - Setting next_dagrun for example_skip_dag to 2024-06-01 00:00:00+00:00, run_after=2024-06-02 00:00:00+00:00
[2024-06-02T19:48:52.244+0000] {processor.py:183} INFO - Processing /home/airflow/.local/lib/python3.12/site-packages/airflow/example_dags/example_skip_dag.py took 0.044 seconds
[2024-06-02T19:49:22.849+0000] {processor.py:161} INFO - Started process (PID=953) to work on /home/airflow/.local/lib/python3.12/site-packages/airflow/example_dags/example_skip_dag.py
[2024-06-02T19:49:22.850+0000] {processor.py:830} INFO - Processing file /home/airflow/.local/lib/python3.12/site-packages/airflow/example_dags/example_skip_dag.py for tasks to queue
[2024-06-02T19:49:22.852+0000] {logging_mixin.py:188} INFO - [2024-06-02T19:49:22.851+0000] {dagbag.py:545} INFO - Filling up the DagBag from /home/airflow/.local/lib/python3.12/site-packages/airflow/example_dags/example_skip_dag.py
[2024-06-02T19:49:22.855+0000] {processor.py:840} INFO - DAG(s) 'example_skip_dag' retrieved from /home/airflow/.local/lib/python3.12/site-packages/airflow/example_dags/example_skip_dag.py
[2024-06-02T19:49:22.868+0000] {logging_mixin.py:188} INFO - [2024-06-02T19:49:22.868+0000] {dag.py:3096} INFO - Sync 1 DAGs
[2024-06-02T19:49:22.881+0000] {logging_mixin.py:188} INFO - [2024-06-02T19:49:22.881+0000] {dag.py:3954} INFO - Setting next_dagrun for example_skip_dag to 2024-06-01 00:00:00+00:00, run_after=2024-06-02 00:00:00+00:00
[2024-06-02T19:49:22.892+0000] {processor.py:183} INFO - Processing /home/airflow/.local/lib/python3.12/site-packages/airflow/example_dags/example_skip_dag.py took 0.046 seconds
[2024-06-02T19:49:53.485+0000] {processor.py:161} INFO - Started process (PID=1011) to work on /home/airflow/.local/lib/python3.12/site-packages/airflow/example_dags/example_skip_dag.py
[2024-06-02T19:49:53.486+0000] {processor.py:830} INFO - Processing file /home/airflow/.local/lib/python3.12/site-packages/airflow/example_dags/example_skip_dag.py for tasks to queue
[2024-06-02T19:49:53.487+0000] {logging_mixin.py:188} INFO - [2024-06-02T19:49:53.487+0000] {dagbag.py:545} INFO - Filling up the DagBag from /home/airflow/.local/lib/python3.12/site-packages/airflow/example_dags/example_skip_dag.py
[2024-06-02T19:49:53.491+0000] {processor.py:840} INFO - DAG(s) 'example_skip_dag' retrieved from /home/airflow/.local/lib/python3.12/site-packages/airflow/example_dags/example_skip_dag.py
[2024-06-02T19:49:53.503+0000] {logging_mixin.py:188} INFO - [2024-06-02T19:49:53.503+0000] {dag.py:3096} INFO - Sync 1 DAGs
[2024-06-02T19:49:53.516+0000] {logging_mixin.py:188} INFO - [2024-06-02T19:49:53.516+0000] {dag.py:3954} INFO - Setting next_dagrun for example_skip_dag to 2024-06-01 00:00:00+00:00, run_after=2024-06-02 00:00:00+00:00
[2024-06-02T19:49:53.527+0000] {processor.py:183} INFO - Processing /home/airflow/.local/lib/python3.12/site-packages/airflow/example_dags/example_skip_dag.py took 0.046 seconds
[2024-06-02T19:50:24.325+0000] {processor.py:161} INFO - Started process (PID=1069) to work on /home/airflow/.local/lib/python3.12/site-packages/airflow/example_dags/example_skip_dag.py
[2024-06-02T19:50:24.325+0000] {processor.py:830} INFO - Processing file /home/airflow/.local/lib/python3.12/site-packages/airflow/example_dags/example_skip_dag.py for tasks to queue
[2024-06-02T19:50:24.327+0000] {logging_mixin.py:188} INFO - [2024-06-02T19:50:24.326+0000] {dagbag.py:545} INFO - Filling up the DagBag from /home/airflow/.local/lib/python3.12/site-packages/airflow/example_dags/example_skip_dag.py
[2024-06-02T19:50:24.330+0000] {processor.py:840} INFO - DAG(s) 'example_skip_dag' retrieved from /home/airflow/.local/lib/python3.12/site-packages/airflow/example_dags/example_skip_dag.py
[2024-06-02T19:50:24.343+0000] {logging_mixin.py:188} INFO - [2024-06-02T19:50:24.343+0000] {dag.py:3096} INFO - Sync 1 DAGs
[2024-06-02T19:50:24.355+0000] {logging_mixin.py:188} INFO - [2024-06-02T19:50:24.355+0000] {dag.py:3954} INFO - Setting next_dagrun for example_skip_dag to 2024-06-01 00:00:00+00:00, run_after=2024-06-02 00:00:00+00:00
[2024-06-02T19:50:24.365+0000] {processor.py:183} INFO - Processing /home/airflow/.local/lib/python3.12/site-packages/airflow/example_dags/example_skip_dag.py took 0.044 seconds
[2024-06-02T19:50:54.437+0000] {processor.py:161} INFO - Started process (PID=1127) to work on /home/airflow/.local/lib/python3.12/site-packages/airflow/example_dags/example_skip_dag.py
[2024-06-02T19:50:54.439+0000] {processor.py:830} INFO - Processing file /home/airflow/.local/lib/python3.12/site-packages/airflow/example_dags/example_skip_dag.py for tasks to queue
[2024-06-02T19:50:54.440+0000] {logging_mixin.py:188} INFO - [2024-06-02T19:50:54.440+0000] {dagbag.py:545} INFO - Filling up the DagBag from /home/airflow/.local/lib/python3.12/site-packages/airflow/example_dags/example_skip_dag.py
[2024-06-02T19:50:54.443+0000] {processor.py:840} INFO - DAG(s) 'example_skip_dag' retrieved from /home/airflow/.local/lib/python3.12/site-packages/airflow/example_dags/example_skip_dag.py
[2024-06-02T19:50:54.454+0000] {logging_mixin.py:188} INFO - [2024-06-02T19:50:54.454+0000] {dag.py:3096} INFO - Sync 1 DAGs
[2024-06-02T19:50:54.467+0000] {logging_mixin.py:188} INFO - [2024-06-02T19:50:54.467+0000] {dag.py:3954} INFO - Setting next_dagrun for example_skip_dag to 2024-06-01 00:00:00+00:00, run_after=2024-06-02 00:00:00+00:00
[2024-06-02T19:50:54.477+0000] {processor.py:183} INFO - Processing /home/airflow/.local/lib/python3.12/site-packages/airflow/example_dags/example_skip_dag.py took 0.043 seconds
[2024-06-02T19:51:24.645+0000] {processor.py:161} INFO - Started process (PID=1185) to work on /home/airflow/.local/lib/python3.12/site-packages/airflow/example_dags/example_skip_dag.py
[2024-06-02T19:51:24.645+0000] {processor.py:830} INFO - Processing file /home/airflow/.local/lib/python3.12/site-packages/airflow/example_dags/example_skip_dag.py for tasks to queue
[2024-06-02T19:51:24.647+0000] {logging_mixin.py:188} INFO - [2024-06-02T19:51:24.646+0000] {dagbag.py:545} INFO - Filling up the DagBag from /home/airflow/.local/lib/python3.12/site-packages/airflow/example_dags/example_skip_dag.py
[2024-06-02T19:51:24.650+0000] {processor.py:840} INFO - DAG(s) 'example_skip_dag' retrieved from /home/airflow/.local/lib/python3.12/site-packages/airflow/example_dags/example_skip_dag.py
[2024-06-02T19:51:24.662+0000] {logging_mixin.py:188} INFO - [2024-06-02T19:51:24.662+0000] {dag.py:3096} INFO - Sync 1 DAGs
[2024-06-02T19:51:24.674+0000] {logging_mixin.py:188} INFO - [2024-06-02T19:51:24.674+0000] {dag.py:3954} INFO - Setting next_dagrun for example_skip_dag to 2024-06-01 00:00:00+00:00, run_after=2024-06-02 00:00:00+00:00
[2024-06-02T19:51:24.683+0000] {processor.py:183} INFO - Processing /home/airflow/.local/lib/python3.12/site-packages/airflow/example_dags/example_skip_dag.py took 0.042 seconds
[2024-06-02T19:51:54.767+0000] {processor.py:161} INFO - Started process (PID=1243) to work on /home/airflow/.local/lib/python3.12/site-packages/airflow/example_dags/example_skip_dag.py
[2024-06-02T19:51:54.768+0000] {processor.py:830} INFO - Processing file /home/airflow/.local/lib/python3.12/site-packages/airflow/example_dags/example_skip_dag.py for tasks to queue
[2024-06-02T19:51:54.769+0000] {logging_mixin.py:188} INFO - [2024-06-02T19:51:54.769+0000] {dagbag.py:545} INFO - Filling up the DagBag from /home/airflow/.local/lib/python3.12/site-packages/airflow/example_dags/example_skip_dag.py
[2024-06-02T19:51:54.773+0000] {processor.py:840} INFO - DAG(s) 'example_skip_dag' retrieved from /home/airflow/.local/lib/python3.12/site-packages/airflow/example_dags/example_skip_dag.py
[2024-06-02T19:51:54.785+0000] {logging_mixin.py:188} INFO - [2024-06-02T19:51:54.784+0000] {dag.py:3096} INFO - Sync 1 DAGs
[2024-06-02T19:51:54.796+0000] {logging_mixin.py:188} INFO - [2024-06-02T19:51:54.796+0000] {dag.py:3954} INFO - Setting next_dagrun for example_skip_dag to 2024-06-01 00:00:00+00:00, run_after=2024-06-02 00:00:00+00:00
[2024-06-02T19:51:54.806+0000] {processor.py:183} INFO - Processing /home/airflow/.local/lib/python3.12/site-packages/airflow/example_dags/example_skip_dag.py took 0.042 seconds
[2024-06-02T19:52:25.460+0000] {processor.py:161} INFO - Started process (PID=1306) to work on /home/airflow/.local/lib/python3.12/site-packages/airflow/example_dags/example_skip_dag.py
[2024-06-02T19:52:25.461+0000] {processor.py:830} INFO - Processing file /home/airflow/.local/lib/python3.12/site-packages/airflow/example_dags/example_skip_dag.py for tasks to queue
[2024-06-02T19:52:25.463+0000] {logging_mixin.py:188} INFO - [2024-06-02T19:52:25.462+0000] {dagbag.py:545} INFO - Filling up the DagBag from /home/airflow/.local/lib/python3.12/site-packages/airflow/example_dags/example_skip_dag.py
[2024-06-02T19:52:25.466+0000] {processor.py:840} INFO - DAG(s) 'example_skip_dag' retrieved from /home/airflow/.local/lib/python3.12/site-packages/airflow/example_dags/example_skip_dag.py
[2024-06-02T19:52:25.479+0000] {logging_mixin.py:188} INFO - [2024-06-02T19:52:25.479+0000] {dag.py:3096} INFO - Sync 1 DAGs
[2024-06-02T19:52:25.491+0000] {logging_mixin.py:188} INFO - [2024-06-02T19:52:25.491+0000] {dag.py:3954} INFO - Setting next_dagrun for example_skip_dag to 2024-06-01 00:00:00+00:00, run_after=2024-06-02 00:00:00+00:00
[2024-06-02T19:52:25.502+0000] {processor.py:183} INFO - Processing /home/airflow/.local/lib/python3.12/site-packages/airflow/example_dags/example_skip_dag.py took 0.045 seconds
[2024-06-02T19:52:56.181+0000] {processor.py:161} INFO - Started process (PID=1364) to work on /home/airflow/.local/lib/python3.12/site-packages/airflow/example_dags/example_skip_dag.py
[2024-06-02T19:52:56.182+0000] {processor.py:830} INFO - Processing file /home/airflow/.local/lib/python3.12/site-packages/airflow/example_dags/example_skip_dag.py for tasks to queue
[2024-06-02T19:52:56.183+0000] {logging_mixin.py:188} INFO - [2024-06-02T19:52:56.183+0000] {dagbag.py:545} INFO - Filling up the DagBag from /home/airflow/.local/lib/python3.12/site-packages/airflow/example_dags/example_skip_dag.py
[2024-06-02T19:52:56.186+0000] {processor.py:840} INFO - DAG(s) 'example_skip_dag' retrieved from /home/airflow/.local/lib/python3.12/site-packages/airflow/example_dags/example_skip_dag.py
[2024-06-02T19:52:56.199+0000] {logging_mixin.py:188} INFO - [2024-06-02T19:52:56.199+0000] {dag.py:3096} INFO - Sync 1 DAGs
[2024-06-02T19:52:56.211+0000] {logging_mixin.py:188} INFO - [2024-06-02T19:52:56.210+0000] {dag.py:3954} INFO - Setting next_dagrun for example_skip_dag to 2024-06-01 00:00:00+00:00, run_after=2024-06-02 00:00:00+00:00
[2024-06-02T19:52:56.221+0000] {processor.py:183} INFO - Processing /home/airflow/.local/lib/python3.12/site-packages/airflow/example_dags/example_skip_dag.py took 0.043 seconds
[2024-06-02T19:53:26.878+0000] {processor.py:161} INFO - Started process (PID=1422) to work on /home/airflow/.local/lib/python3.12/site-packages/airflow/example_dags/example_skip_dag.py
[2024-06-02T19:53:26.879+0000] {processor.py:830} INFO - Processing file /home/airflow/.local/lib/python3.12/site-packages/airflow/example_dags/example_skip_dag.py for tasks to queue
[2024-06-02T19:53:26.880+0000] {logging_mixin.py:188} INFO - [2024-06-02T19:53:26.880+0000] {dagbag.py:545} INFO - Filling up the DagBag from /home/airflow/.local/lib/python3.12/site-packages/airflow/example_dags/example_skip_dag.py
[2024-06-02T19:53:26.883+0000] {processor.py:840} INFO - DAG(s) 'example_skip_dag' retrieved from /home/airflow/.local/lib/python3.12/site-packages/airflow/example_dags/example_skip_dag.py
[2024-06-02T19:53:26.896+0000] {logging_mixin.py:188} INFO - [2024-06-02T19:53:26.896+0000] {dag.py:3096} INFO - Sync 1 DAGs
[2024-06-02T19:53:26.909+0000] {logging_mixin.py:188} INFO - [2024-06-02T19:53:26.908+0000] {dag.py:3954} INFO - Setting next_dagrun for example_skip_dag to 2024-06-01 00:00:00+00:00, run_after=2024-06-02 00:00:00+00:00
[2024-06-02T19:53:26.918+0000] {processor.py:183} INFO - Processing /home/airflow/.local/lib/python3.12/site-packages/airflow/example_dags/example_skip_dag.py took 0.043 seconds
[2024-06-02T19:53:57.579+0000] {processor.py:161} INFO - Started process (PID=1480) to work on /home/airflow/.local/lib/python3.12/site-packages/airflow/example_dags/example_skip_dag.py
[2024-06-02T19:53:57.580+0000] {processor.py:830} INFO - Processing file /home/airflow/.local/lib/python3.12/site-packages/airflow/example_dags/example_skip_dag.py for tasks to queue
[2024-06-02T19:53:57.582+0000] {logging_mixin.py:188} INFO - [2024-06-02T19:53:57.582+0000] {dagbag.py:545} INFO - Filling up the DagBag from /home/airflow/.local/lib/python3.12/site-packages/airflow/example_dags/example_skip_dag.py
[2024-06-02T19:53:57.586+0000] {processor.py:840} INFO - DAG(s) 'example_skip_dag' retrieved from /home/airflow/.local/lib/python3.12/site-packages/airflow/example_dags/example_skip_dag.py
[2024-06-02T19:53:57.599+0000] {logging_mixin.py:188} INFO - [2024-06-02T19:53:57.598+0000] {dag.py:3096} INFO - Sync 1 DAGs
[2024-06-02T19:53:57.612+0000] {logging_mixin.py:188} INFO - [2024-06-02T19:53:57.612+0000] {dag.py:3954} INFO - Setting next_dagrun for example_skip_dag to 2024-06-01 00:00:00+00:00, run_after=2024-06-02 00:00:00+00:00
[2024-06-02T19:53:57.624+0000] {processor.py:183} INFO - Processing /home/airflow/.local/lib/python3.12/site-packages/airflow/example_dags/example_skip_dag.py took 0.048 seconds
[2024-06-02T19:54:28.328+0000] {processor.py:161} INFO - Started process (PID=1538) to work on /home/airflow/.local/lib/python3.12/site-packages/airflow/example_dags/example_skip_dag.py
[2024-06-02T19:54:28.328+0000] {processor.py:830} INFO - Processing file /home/airflow/.local/lib/python3.12/site-packages/airflow/example_dags/example_skip_dag.py for tasks to queue
[2024-06-02T19:54:28.329+0000] {logging_mixin.py:188} INFO - [2024-06-02T19:54:28.329+0000] {dagbag.py:545} INFO - Filling up the DagBag from /home/airflow/.local/lib/python3.12/site-packages/airflow/example_dags/example_skip_dag.py
[2024-06-02T19:54:28.333+0000] {processor.py:840} INFO - DAG(s) 'example_skip_dag' retrieved from /home/airflow/.local/lib/python3.12/site-packages/airflow/example_dags/example_skip_dag.py
[2024-06-02T19:54:28.344+0000] {logging_mixin.py:188} INFO - [2024-06-02T19:54:28.344+0000] {dag.py:3096} INFO - Sync 1 DAGs
[2024-06-02T19:54:28.356+0000] {logging_mixin.py:188} INFO - [2024-06-02T19:54:28.356+0000] {dag.py:3954} INFO - Setting next_dagrun for example_skip_dag to 2024-06-01 00:00:00+00:00, run_after=2024-06-02 00:00:00+00:00
[2024-06-02T19:54:28.366+0000] {processor.py:183} INFO - Processing /home/airflow/.local/lib/python3.12/site-packages/airflow/example_dags/example_skip_dag.py took 0.042 seconds
[2024-06-02T19:54:59.107+0000] {processor.py:161} INFO - Started process (PID=1596) to work on /home/airflow/.local/lib/python3.12/site-packages/airflow/example_dags/example_skip_dag.py
[2024-06-02T19:54:59.108+0000] {processor.py:830} INFO - Processing file /home/airflow/.local/lib/python3.12/site-packages/airflow/example_dags/example_skip_dag.py for tasks to queue
[2024-06-02T19:54:59.109+0000] {logging_mixin.py:188} INFO - [2024-06-02T19:54:59.109+0000] {dagbag.py:545} INFO - Filling up the DagBag from /home/airflow/.local/lib/python3.12/site-packages/airflow/example_dags/example_skip_dag.py
[2024-06-02T19:54:59.114+0000] {processor.py:840} INFO - DAG(s) 'example_skip_dag' retrieved from /home/airflow/.local/lib/python3.12/site-packages/airflow/example_dags/example_skip_dag.py
[2024-06-02T19:54:59.128+0000] {logging_mixin.py:188} INFO - [2024-06-02T19:54:59.128+0000] {dag.py:3096} INFO - Sync 1 DAGs
[2024-06-02T19:54:59.142+0000] {logging_mixin.py:188} INFO - [2024-06-02T19:54:59.142+0000] {dag.py:3954} INFO - Setting next_dagrun for example_skip_dag to 2024-06-01 00:00:00+00:00, run_after=2024-06-02 00:00:00+00:00
[2024-06-02T19:54:59.152+0000] {processor.py:183} INFO - Processing /home/airflow/.local/lib/python3.12/site-packages/airflow/example_dags/example_skip_dag.py took 0.048 seconds
[2024-06-02T19:55:29.798+0000] {processor.py:161} INFO - Started process (PID=1654) to work on /home/airflow/.local/lib/python3.12/site-packages/airflow/example_dags/example_skip_dag.py
[2024-06-02T19:55:29.799+0000] {processor.py:830} INFO - Processing file /home/airflow/.local/lib/python3.12/site-packages/airflow/example_dags/example_skip_dag.py for tasks to queue
[2024-06-02T19:55:29.800+0000] {logging_mixin.py:188} INFO - [2024-06-02T19:55:29.800+0000] {dagbag.py:545} INFO - Filling up the DagBag from /home/airflow/.local/lib/python3.12/site-packages/airflow/example_dags/example_skip_dag.py
[2024-06-02T19:55:29.805+0000] {processor.py:840} INFO - DAG(s) 'example_skip_dag' retrieved from /home/airflow/.local/lib/python3.12/site-packages/airflow/example_dags/example_skip_dag.py
[2024-06-02T19:55:29.817+0000] {logging_mixin.py:188} INFO - [2024-06-02T19:55:29.817+0000] {dag.py:3096} INFO - Sync 1 DAGs
[2024-06-02T19:55:29.830+0000] {logging_mixin.py:188} INFO - [2024-06-02T19:55:29.830+0000] {dag.py:3954} INFO - Setting next_dagrun for example_skip_dag to 2024-06-01 00:00:00+00:00, run_after=2024-06-02 00:00:00+00:00
[2024-06-02T19:55:29.840+0000] {processor.py:183} INFO - Processing /home/airflow/.local/lib/python3.12/site-packages/airflow/example_dags/example_skip_dag.py took 0.045 seconds
[2024-06-02T19:56:00.458+0000] {processor.py:161} INFO - Started process (PID=1712) to work on /home/airflow/.local/lib/python3.12/site-packages/airflow/example_dags/example_skip_dag.py
[2024-06-02T19:56:00.459+0000] {processor.py:830} INFO - Processing file /home/airflow/.local/lib/python3.12/site-packages/airflow/example_dags/example_skip_dag.py for tasks to queue
[2024-06-02T19:56:00.460+0000] {logging_mixin.py:188} INFO - [2024-06-02T19:56:00.460+0000] {dagbag.py:545} INFO - Filling up the DagBag from /home/airflow/.local/lib/python3.12/site-packages/airflow/example_dags/example_skip_dag.py
[2024-06-02T19:56:00.464+0000] {processor.py:840} INFO - DAG(s) 'example_skip_dag' retrieved from /home/airflow/.local/lib/python3.12/site-packages/airflow/example_dags/example_skip_dag.py
[2024-06-02T19:56:00.476+0000] {logging_mixin.py:188} INFO - [2024-06-02T19:56:00.476+0000] {dag.py:3096} INFO - Sync 1 DAGs
[2024-06-02T19:56:00.488+0000] {logging_mixin.py:188} INFO - [2024-06-02T19:56:00.488+0000] {dag.py:3954} INFO - Setting next_dagrun for example_skip_dag to 2024-06-01 00:00:00+00:00, run_after=2024-06-02 00:00:00+00:00
[2024-06-02T19:56:00.499+0000] {processor.py:183} INFO - Processing /home/airflow/.local/lib/python3.12/site-packages/airflow/example_dags/example_skip_dag.py took 0.044 seconds
[2024-06-02T19:56:31.143+0000] {processor.py:161} INFO - Started process (PID=1770) to work on /home/airflow/.local/lib/python3.12/site-packages/airflow/example_dags/example_skip_dag.py
[2024-06-02T19:56:31.144+0000] {processor.py:830} INFO - Processing file /home/airflow/.local/lib/python3.12/site-packages/airflow/example_dags/example_skip_dag.py for tasks to queue
[2024-06-02T19:56:31.145+0000] {logging_mixin.py:188} INFO - [2024-06-02T19:56:31.145+0000] {dagbag.py:545} INFO - Filling up the DagBag from /home/airflow/.local/lib/python3.12/site-packages/airflow/example_dags/example_skip_dag.py
[2024-06-02T19:56:31.148+0000] {processor.py:840} INFO - DAG(s) 'example_skip_dag' retrieved from /home/airflow/.local/lib/python3.12/site-packages/airflow/example_dags/example_skip_dag.py
[2024-06-02T19:56:31.160+0000] {logging_mixin.py:188} INFO - [2024-06-02T19:56:31.160+0000] {dag.py:3096} INFO - Sync 1 DAGs
[2024-06-02T19:56:31.172+0000] {logging_mixin.py:188} INFO - [2024-06-02T19:56:31.172+0000] {dag.py:3954} INFO - Setting next_dagrun for example_skip_dag to 2024-06-01 00:00:00+00:00, run_after=2024-06-02 00:00:00+00:00
[2024-06-02T19:56:31.183+0000] {processor.py:183} INFO - Processing /home/airflow/.local/lib/python3.12/site-packages/airflow/example_dags/example_skip_dag.py took 0.043 seconds
[2024-06-02T19:57:01.933+0000] {processor.py:161} INFO - Started process (PID=1828) to work on /home/airflow/.local/lib/python3.12/site-packages/airflow/example_dags/example_skip_dag.py
[2024-06-02T19:57:01.933+0000] {processor.py:830} INFO - Processing file /home/airflow/.local/lib/python3.12/site-packages/airflow/example_dags/example_skip_dag.py for tasks to queue
[2024-06-02T19:57:01.934+0000] {logging_mixin.py:188} INFO - [2024-06-02T19:57:01.934+0000] {dagbag.py:545} INFO - Filling up the DagBag from /home/airflow/.local/lib/python3.12/site-packages/airflow/example_dags/example_skip_dag.py
[2024-06-02T19:57:01.938+0000] {processor.py:840} INFO - DAG(s) 'example_skip_dag' retrieved from /home/airflow/.local/lib/python3.12/site-packages/airflow/example_dags/example_skip_dag.py
[2024-06-02T19:57:01.950+0000] {logging_mixin.py:188} INFO - [2024-06-02T19:57:01.950+0000] {dag.py:3096} INFO - Sync 1 DAGs
[2024-06-02T19:57:01.962+0000] {logging_mixin.py:188} INFO - [2024-06-02T19:57:01.962+0000] {dag.py:3954} INFO - Setting next_dagrun for example_skip_dag to 2024-06-01 00:00:00+00:00, run_after=2024-06-02 00:00:00+00:00
[2024-06-02T19:57:01.972+0000] {processor.py:183} INFO - Processing /home/airflow/.local/lib/python3.12/site-packages/airflow/example_dags/example_skip_dag.py took 0.043 seconds
[2024-06-02T19:57:32.025+0000] {processor.py:161} INFO - Started process (PID=1886) to work on /home/airflow/.local/lib/python3.12/site-packages/airflow/example_dags/example_skip_dag.py
[2024-06-02T19:57:32.026+0000] {processor.py:830} INFO - Processing file /home/airflow/.local/lib/python3.12/site-packages/airflow/example_dags/example_skip_dag.py for tasks to queue
[2024-06-02T19:57:32.027+0000] {logging_mixin.py:188} INFO - [2024-06-02T19:57:32.027+0000] {dagbag.py:545} INFO - Filling up the DagBag from /home/airflow/.local/lib/python3.12/site-packages/airflow/example_dags/example_skip_dag.py
[2024-06-02T19:57:32.031+0000] {processor.py:840} INFO - DAG(s) 'example_skip_dag' retrieved from /home/airflow/.local/lib/python3.12/site-packages/airflow/example_dags/example_skip_dag.py
[2024-06-02T19:57:32.043+0000] {logging_mixin.py:188} INFO - [2024-06-02T19:57:32.043+0000] {dag.py:3096} INFO - Sync 1 DAGs
[2024-06-02T19:57:32.055+0000] {logging_mixin.py:188} INFO - [2024-06-02T19:57:32.054+0000] {dag.py:3954} INFO - Setting next_dagrun for example_skip_dag to 2024-06-01 00:00:00+00:00, run_after=2024-06-02 00:00:00+00:00
[2024-06-02T19:57:32.065+0000] {processor.py:183} INFO - Processing /home/airflow/.local/lib/python3.12/site-packages/airflow/example_dags/example_skip_dag.py took 0.043 seconds
[2024-06-02T19:58:02.843+0000] {processor.py:161} INFO - Started process (PID=1944) to work on /home/airflow/.local/lib/python3.12/site-packages/airflow/example_dags/example_skip_dag.py
[2024-06-02T19:58:02.844+0000] {processor.py:830} INFO - Processing file /home/airflow/.local/lib/python3.12/site-packages/airflow/example_dags/example_skip_dag.py for tasks to queue
[2024-06-02T19:58:02.845+0000] {logging_mixin.py:188} INFO - [2024-06-02T19:58:02.845+0000] {dagbag.py:545} INFO - Filling up the DagBag from /home/airflow/.local/lib/python3.12/site-packages/airflow/example_dags/example_skip_dag.py
[2024-06-02T19:58:02.849+0000] {processor.py:840} INFO - DAG(s) 'example_skip_dag' retrieved from /home/airflow/.local/lib/python3.12/site-packages/airflow/example_dags/example_skip_dag.py
[2024-06-02T19:58:02.861+0000] {logging_mixin.py:188} INFO - [2024-06-02T19:58:02.861+0000] {dag.py:3096} INFO - Sync 1 DAGs
[2024-06-02T19:58:02.873+0000] {logging_mixin.py:188} INFO - [2024-06-02T19:58:02.873+0000] {dag.py:3954} INFO - Setting next_dagrun for example_skip_dag to 2024-06-01 00:00:00+00:00, run_after=2024-06-02 00:00:00+00:00
[2024-06-02T19:58:02.883+0000] {processor.py:183} INFO - Processing /home/airflow/.local/lib/python3.12/site-packages/airflow/example_dags/example_skip_dag.py took 0.043 seconds
[2024-06-02T19:58:33.701+0000] {processor.py:161} INFO - Started process (PID=2002) to work on /home/airflow/.local/lib/python3.12/site-packages/airflow/example_dags/example_skip_dag.py
[2024-06-02T19:58:33.702+0000] {processor.py:830} INFO - Processing file /home/airflow/.local/lib/python3.12/site-packages/airflow/example_dags/example_skip_dag.py for tasks to queue
[2024-06-02T19:58:33.703+0000] {logging_mixin.py:188} INFO - [2024-06-02T19:58:33.703+0000] {dagbag.py:545} INFO - Filling up the DagBag from /home/airflow/.local/lib/python3.12/site-packages/airflow/example_dags/example_skip_dag.py
[2024-06-02T19:58:33.706+0000] {processor.py:840} INFO - DAG(s) 'example_skip_dag' retrieved from /home/airflow/.local/lib/python3.12/site-packages/airflow/example_dags/example_skip_dag.py
[2024-06-02T19:58:33.719+0000] {logging_mixin.py:188} INFO - [2024-06-02T19:58:33.719+0000] {dag.py:3096} INFO - Sync 1 DAGs
[2024-06-02T19:58:33.731+0000] {logging_mixin.py:188} INFO - [2024-06-02T19:58:33.731+0000] {dag.py:3954} INFO - Setting next_dagrun for example_skip_dag to 2024-06-01 00:00:00+00:00, run_after=2024-06-02 00:00:00+00:00
[2024-06-02T19:58:33.824+0000] {processor.py:183} INFO - Processing /home/airflow/.local/lib/python3.12/site-packages/airflow/example_dags/example_skip_dag.py took 0.127 seconds
[2024-06-02T19:59:03.908+0000] {processor.py:161} INFO - Started process (PID=2060) to work on /home/airflow/.local/lib/python3.12/site-packages/airflow/example_dags/example_skip_dag.py
[2024-06-02T19:59:03.909+0000] {processor.py:830} INFO - Processing file /home/airflow/.local/lib/python3.12/site-packages/airflow/example_dags/example_skip_dag.py for tasks to queue
[2024-06-02T19:59:03.910+0000] {logging_mixin.py:188} INFO - [2024-06-02T19:59:03.909+0000] {dagbag.py:545} INFO - Filling up the DagBag from /home/airflow/.local/lib/python3.12/site-packages/airflow/example_dags/example_skip_dag.py
[2024-06-02T19:59:03.913+0000] {processor.py:840} INFO - DAG(s) 'example_skip_dag' retrieved from /home/airflow/.local/lib/python3.12/site-packages/airflow/example_dags/example_skip_dag.py
[2024-06-02T19:59:03.925+0000] {logging_mixin.py:188} INFO - [2024-06-02T19:59:03.925+0000] {dag.py:3096} INFO - Sync 1 DAGs
[2024-06-02T19:59:03.937+0000] {logging_mixin.py:188} INFO - [2024-06-02T19:59:03.937+0000] {dag.py:3954} INFO - Setting next_dagrun for example_skip_dag to 2024-06-01 00:00:00+00:00, run_after=2024-06-02 00:00:00+00:00
[2024-06-02T19:59:04.036+0000] {processor.py:183} INFO - Processing /home/airflow/.local/lib/python3.12/site-packages/airflow/example_dags/example_skip_dag.py took 0.131 seconds
[2024-06-02T19:59:34.190+0000] {processor.py:161} INFO - Started process (PID=2118) to work on /home/airflow/.local/lib/python3.12/site-packages/airflow/example_dags/example_skip_dag.py
[2024-06-02T19:59:34.191+0000] {processor.py:830} INFO - Processing file /home/airflow/.local/lib/python3.12/site-packages/airflow/example_dags/example_skip_dag.py for tasks to queue
[2024-06-02T19:59:34.192+0000] {logging_mixin.py:188} INFO - [2024-06-02T19:59:34.192+0000] {dagbag.py:545} INFO - Filling up the DagBag from /home/airflow/.local/lib/python3.12/site-packages/airflow/example_dags/example_skip_dag.py
[2024-06-02T19:59:34.196+0000] {processor.py:840} INFO - DAG(s) 'example_skip_dag' retrieved from /home/airflow/.local/lib/python3.12/site-packages/airflow/example_dags/example_skip_dag.py
[2024-06-02T19:59:34.209+0000] {logging_mixin.py:188} INFO - [2024-06-02T19:59:34.209+0000] {dag.py:3096} INFO - Sync 1 DAGs
[2024-06-02T19:59:34.221+0000] {logging_mixin.py:188} INFO - [2024-06-02T19:59:34.221+0000] {dag.py:3954} INFO - Setting next_dagrun for example_skip_dag to 2024-06-01 00:00:00+00:00, run_after=2024-06-02 00:00:00+00:00
[2024-06-02T19:59:34.232+0000] {processor.py:183} INFO - Processing /home/airflow/.local/lib/python3.12/site-packages/airflow/example_dags/example_skip_dag.py took 0.045 seconds
[2024-06-02T20:00:05.320+0000] {processor.py:161} INFO - Started process (PID=2176) to work on /home/airflow/.local/lib/python3.12/site-packages/airflow/example_dags/example_skip_dag.py
[2024-06-02T20:00:05.321+0000] {processor.py:830} INFO - Processing file /home/airflow/.local/lib/python3.12/site-packages/airflow/example_dags/example_skip_dag.py for tasks to queue
[2024-06-02T20:00:05.322+0000] {logging_mixin.py:188} INFO - [2024-06-02T20:00:05.322+0000] {dagbag.py:545} INFO - Filling up the DagBag from /home/airflow/.local/lib/python3.12/site-packages/airflow/example_dags/example_skip_dag.py
[2024-06-02T20:00:05.326+0000] {processor.py:840} INFO - DAG(s) 'example_skip_dag' retrieved from /home/airflow/.local/lib/python3.12/site-packages/airflow/example_dags/example_skip_dag.py
[2024-06-02T20:00:05.338+0000] {logging_mixin.py:188} INFO - [2024-06-02T20:00:05.338+0000] {dag.py:3096} INFO - Sync 1 DAGs
[2024-06-02T20:00:05.350+0000] {logging_mixin.py:188} INFO - [2024-06-02T20:00:05.350+0000] {dag.py:3954} INFO - Setting next_dagrun for example_skip_dag to 2024-06-01 00:00:00+00:00, run_after=2024-06-02 00:00:00+00:00
[2024-06-02T20:00:05.360+0000] {processor.py:183} INFO - Processing /home/airflow/.local/lib/python3.12/site-packages/airflow/example_dags/example_skip_dag.py took 0.043 seconds
[2024-06-02T20:00:36.673+0000] {processor.py:161} INFO - Started process (PID=2234) to work on /home/airflow/.local/lib/python3.12/site-packages/airflow/example_dags/example_skip_dag.py
[2024-06-02T20:00:36.673+0000] {processor.py:830} INFO - Processing file /home/airflow/.local/lib/python3.12/site-packages/airflow/example_dags/example_skip_dag.py for tasks to queue
[2024-06-02T20:00:36.675+0000] {logging_mixin.py:188} INFO - [2024-06-02T20:00:36.675+0000] {dagbag.py:545} INFO - Filling up the DagBag from /home/airflow/.local/lib/python3.12/site-packages/airflow/example_dags/example_skip_dag.py
[2024-06-02T20:00:36.679+0000] {processor.py:840} INFO - DAG(s) 'example_skip_dag' retrieved from /home/airflow/.local/lib/python3.12/site-packages/airflow/example_dags/example_skip_dag.py
[2024-06-02T20:00:36.692+0000] {logging_mixin.py:188} INFO - [2024-06-02T20:00:36.692+0000] {dag.py:3096} INFO - Sync 1 DAGs
[2024-06-02T20:00:36.704+0000] {logging_mixin.py:188} INFO - [2024-06-02T20:00:36.704+0000] {dag.py:3954} INFO - Setting next_dagrun for example_skip_dag to 2024-06-01 00:00:00+00:00, run_after=2024-06-02 00:00:00+00:00
[2024-06-02T20:00:36.714+0000] {processor.py:183} INFO - Processing /home/airflow/.local/lib/python3.12/site-packages/airflow/example_dags/example_skip_dag.py took 0.044 seconds
[2024-06-02T20:01:07.427+0000] {processor.py:161} INFO - Started process (PID=2292) to work on /home/airflow/.local/lib/python3.12/site-packages/airflow/example_dags/example_skip_dag.py
[2024-06-02T20:01:07.428+0000] {processor.py:830} INFO - Processing file /home/airflow/.local/lib/python3.12/site-packages/airflow/example_dags/example_skip_dag.py for tasks to queue
[2024-06-02T20:01:07.429+0000] {logging_mixin.py:188} INFO - [2024-06-02T20:01:07.429+0000] {dagbag.py:545} INFO - Filling up the DagBag from /home/airflow/.local/lib/python3.12/site-packages/airflow/example_dags/example_skip_dag.py
[2024-06-02T20:01:07.433+0000] {processor.py:840} INFO - DAG(s) 'example_skip_dag' retrieved from /home/airflow/.local/lib/python3.12/site-packages/airflow/example_dags/example_skip_dag.py
[2024-06-02T20:01:07.444+0000] {logging_mixin.py:188} INFO - [2024-06-02T20:01:07.444+0000] {dag.py:3096} INFO - Sync 1 DAGs
[2024-06-02T20:01:07.456+0000] {logging_mixin.py:188} INFO - [2024-06-02T20:01:07.456+0000] {dag.py:3954} INFO - Setting next_dagrun for example_skip_dag to 2024-06-01 00:00:00+00:00, run_after=2024-06-02 00:00:00+00:00
[2024-06-02T20:01:07.467+0000] {processor.py:183} INFO - Processing /home/airflow/.local/lib/python3.12/site-packages/airflow/example_dags/example_skip_dag.py took 0.043 seconds
[2024-06-02T20:01:38.201+0000] {processor.py:161} INFO - Started process (PID=2350) to work on /home/airflow/.local/lib/python3.12/site-packages/airflow/example_dags/example_skip_dag.py
[2024-06-02T20:01:38.202+0000] {processor.py:830} INFO - Processing file /home/airflow/.local/lib/python3.12/site-packages/airflow/example_dags/example_skip_dag.py for tasks to queue
[2024-06-02T20:01:38.203+0000] {logging_mixin.py:188} INFO - [2024-06-02T20:01:38.203+0000] {dagbag.py:545} INFO - Filling up the DagBag from /home/airflow/.local/lib/python3.12/site-packages/airflow/example_dags/example_skip_dag.py
[2024-06-02T20:01:38.207+0000] {processor.py:840} INFO - DAG(s) 'example_skip_dag' retrieved from /home/airflow/.local/lib/python3.12/site-packages/airflow/example_dags/example_skip_dag.py
[2024-06-02T20:01:38.219+0000] {logging_mixin.py:188} INFO - [2024-06-02T20:01:38.219+0000] {dag.py:3096} INFO - Sync 1 DAGs
[2024-06-02T20:01:38.231+0000] {logging_mixin.py:188} INFO - [2024-06-02T20:01:38.231+0000] {dag.py:3954} INFO - Setting next_dagrun for example_skip_dag to 2024-06-01 00:00:00+00:00, run_after=2024-06-02 00:00:00+00:00
[2024-06-02T20:01:38.241+0000] {processor.py:183} INFO - Processing /home/airflow/.local/lib/python3.12/site-packages/airflow/example_dags/example_skip_dag.py took 0.043 seconds
[2024-06-02T20:02:08.997+0000] {processor.py:161} INFO - Started process (PID=2408) to work on /home/airflow/.local/lib/python3.12/site-packages/airflow/example_dags/example_skip_dag.py
[2024-06-02T20:02:08.998+0000] {processor.py:830} INFO - Processing file /home/airflow/.local/lib/python3.12/site-packages/airflow/example_dags/example_skip_dag.py for tasks to queue
[2024-06-02T20:02:08.999+0000] {logging_mixin.py:188} INFO - [2024-06-02T20:02:08.999+0000] {dagbag.py:545} INFO - Filling up the DagBag from /home/airflow/.local/lib/python3.12/site-packages/airflow/example_dags/example_skip_dag.py
[2024-06-02T20:02:09.003+0000] {processor.py:840} INFO - DAG(s) 'example_skip_dag' retrieved from /home/airflow/.local/lib/python3.12/site-packages/airflow/example_dags/example_skip_dag.py
[2024-06-02T20:02:09.015+0000] {logging_mixin.py:188} INFO - [2024-06-02T20:02:09.015+0000] {dag.py:3096} INFO - Sync 1 DAGs
[2024-06-02T20:02:09.027+0000] {logging_mixin.py:188} INFO - [2024-06-02T20:02:09.027+0000] {dag.py:3954} INFO - Setting next_dagrun for example_skip_dag to 2024-06-01 00:00:00+00:00, run_after=2024-06-02 00:00:00+00:00
[2024-06-02T20:02:09.038+0000] {processor.py:183} INFO - Processing /home/airflow/.local/lib/python3.12/site-packages/airflow/example_dags/example_skip_dag.py took 0.044 seconds
[2024-06-02T20:02:39.665+0000] {processor.py:161} INFO - Started process (PID=2466) to work on /home/airflow/.local/lib/python3.12/site-packages/airflow/example_dags/example_skip_dag.py
[2024-06-02T20:02:39.666+0000] {processor.py:830} INFO - Processing file /home/airflow/.local/lib/python3.12/site-packages/airflow/example_dags/example_skip_dag.py for tasks to queue
[2024-06-02T20:02:39.667+0000] {logging_mixin.py:188} INFO - [2024-06-02T20:02:39.667+0000] {dagbag.py:545} INFO - Filling up the DagBag from /home/airflow/.local/lib/python3.12/site-packages/airflow/example_dags/example_skip_dag.py
[2024-06-02T20:02:39.671+0000] {processor.py:840} INFO - DAG(s) 'example_skip_dag' retrieved from /home/airflow/.local/lib/python3.12/site-packages/airflow/example_dags/example_skip_dag.py
[2024-06-02T20:02:39.682+0000] {logging_mixin.py:188} INFO - [2024-06-02T20:02:39.682+0000] {dag.py:3096} INFO - Sync 1 DAGs
[2024-06-02T20:02:39.694+0000] {logging_mixin.py:188} INFO - [2024-06-02T20:02:39.694+0000] {dag.py:3954} INFO - Setting next_dagrun for example_skip_dag to 2024-06-01 00:00:00+00:00, run_after=2024-06-02 00:00:00+00:00
[2024-06-02T20:02:39.703+0000] {processor.py:183} INFO - Processing /home/airflow/.local/lib/python3.12/site-packages/airflow/example_dags/example_skip_dag.py took 0.041 seconds
[2024-06-02T20:03:10.294+0000] {processor.py:161} INFO - Started process (PID=2524) to work on /home/airflow/.local/lib/python3.12/site-packages/airflow/example_dags/example_skip_dag.py
[2024-06-02T20:03:10.295+0000] {processor.py:830} INFO - Processing file /home/airflow/.local/lib/python3.12/site-packages/airflow/example_dags/example_skip_dag.py for tasks to queue
[2024-06-02T20:03:10.296+0000] {logging_mixin.py:188} INFO - [2024-06-02T20:03:10.296+0000] {dagbag.py:545} INFO - Filling up the DagBag from /home/airflow/.local/lib/python3.12/site-packages/airflow/example_dags/example_skip_dag.py
[2024-06-02T20:03:10.300+0000] {processor.py:840} INFO - DAG(s) 'example_skip_dag' retrieved from /home/airflow/.local/lib/python3.12/site-packages/airflow/example_dags/example_skip_dag.py
[2024-06-02T20:03:10.312+0000] {logging_mixin.py:188} INFO - [2024-06-02T20:03:10.312+0000] {dag.py:3096} INFO - Sync 1 DAGs
[2024-06-02T20:03:10.325+0000] {logging_mixin.py:188} INFO - [2024-06-02T20:03:10.325+0000] {dag.py:3954} INFO - Setting next_dagrun for example_skip_dag to 2024-06-01 00:00:00+00:00, run_after=2024-06-02 00:00:00+00:00
[2024-06-02T20:03:10.335+0000] {processor.py:183} INFO - Processing /home/airflow/.local/lib/python3.12/site-packages/airflow/example_dags/example_skip_dag.py took 0.044 seconds
[2024-06-02T20:03:40.971+0000] {processor.py:161} INFO - Started process (PID=2582) to work on /home/airflow/.local/lib/python3.12/site-packages/airflow/example_dags/example_skip_dag.py
[2024-06-02T20:03:40.972+0000] {processor.py:830} INFO - Processing file /home/airflow/.local/lib/python3.12/site-packages/airflow/example_dags/example_skip_dag.py for tasks to queue
[2024-06-02T20:03:40.974+0000] {logging_mixin.py:188} INFO - [2024-06-02T20:03:40.973+0000] {dagbag.py:545} INFO - Filling up the DagBag from /home/airflow/.local/lib/python3.12/site-packages/airflow/example_dags/example_skip_dag.py
[2024-06-02T20:03:40.977+0000] {processor.py:840} INFO - DAG(s) 'example_skip_dag' retrieved from /home/airflow/.local/lib/python3.12/site-packages/airflow/example_dags/example_skip_dag.py
[2024-06-02T20:03:40.990+0000] {logging_mixin.py:188} INFO - [2024-06-02T20:03:40.990+0000] {dag.py:3096} INFO - Sync 1 DAGs
[2024-06-02T20:03:41.003+0000] {logging_mixin.py:188} INFO - [2024-06-02T20:03:41.003+0000] {dag.py:3954} INFO - Setting next_dagrun for example_skip_dag to 2024-06-01 00:00:00+00:00, run_after=2024-06-02 00:00:00+00:00
[2024-06-02T20:03:41.013+0000] {processor.py:183} INFO - Processing /home/airflow/.local/lib/python3.12/site-packages/airflow/example_dags/example_skip_dag.py took 0.045 seconds
