[2024-06-02T19:29:17.786+0000] {processor.py:161} INFO - Started process (PID=48) to work on /home/airflow/.local/lib/python3.12/site-packages/airflow/example_dags/example_bash_operator.py
[2024-06-02T19:29:17.787+0000] {processor.py:830} INFO - Processing file /home/airflow/.local/lib/python3.12/site-packages/airflow/example_dags/example_bash_operator.py for tasks to queue
[2024-06-02T19:29:17.788+0000] {logging_mixin.py:188} INFO - [2024-06-02T19:29:17.788+0000] {dagbag.py:545} INFO - Filling up the DagBag from /home/airflow/.local/lib/python3.12/site-packages/airflow/example_dags/example_bash_operator.py
[2024-06-02T19:29:17.798+0000] {processor.py:840} INFO - DAG(s) 'example_bash_operator' retrieved from /home/airflow/.local/lib/python3.12/site-packages/airflow/example_dags/example_bash_operator.py
[2024-06-02T19:29:17.866+0000] {logging_mixin.py:188} INFO - [2024-06-02T19:29:17.865+0000] {override.py:1829} INFO - Created Permission View: can edit on DAG:example_bash_operator
[2024-06-02T19:29:17.872+0000] {logging_mixin.py:188} INFO - [2024-06-02T19:29:17.872+0000] {override.py:1829} INFO - Created Permission View: can delete on DAG:example_bash_operator
[2024-06-02T19:29:17.876+0000] {logging_mixin.py:188} INFO - [2024-06-02T19:29:17.876+0000] {override.py:1829} INFO - Created Permission View: can read on DAG:example_bash_operator
[2024-06-02T19:29:17.876+0000] {logging_mixin.py:188} INFO - [2024-06-02T19:29:17.876+0000] {dag.py:3096} INFO - Sync 1 DAGs
[2024-06-02T19:29:17.882+0000] {logging_mixin.py:188} INFO - [2024-06-02T19:29:17.882+0000] {dag.py:3118} INFO - Creating ORM DAG for example_bash_operator
[2024-06-02T19:29:17.889+0000] {logging_mixin.py:188} INFO - [2024-06-02T19:29:17.888+0000] {dag.py:3954} INFO - Setting next_dagrun for example_bash_operator to 2024-06-01 00:00:00+00:00, run_after=2024-06-02 00:00:00+00:00
[2024-06-02T19:29:17.899+0000] {processor.py:183} INFO - Processing /home/airflow/.local/lib/python3.12/site-packages/airflow/example_dags/example_bash_operator.py took 0.116 seconds
[2024-06-02T19:29:48.170+0000] {processor.py:161} INFO - Started process (PID=106) to work on /home/airflow/.local/lib/python3.12/site-packages/airflow/example_dags/example_bash_operator.py
[2024-06-02T19:29:48.171+0000] {processor.py:830} INFO - Processing file /home/airflow/.local/lib/python3.12/site-packages/airflow/example_dags/example_bash_operator.py for tasks to queue
[2024-06-02T19:29:48.172+0000] {logging_mixin.py:188} INFO - [2024-06-02T19:29:48.172+0000] {dagbag.py:545} INFO - Filling up the DagBag from /home/airflow/.local/lib/python3.12/site-packages/airflow/example_dags/example_bash_operator.py
[2024-06-02T19:29:48.178+0000] {processor.py:840} INFO - DAG(s) 'example_bash_operator' retrieved from /home/airflow/.local/lib/python3.12/site-packages/airflow/example_dags/example_bash_operator.py
[2024-06-02T19:29:48.194+0000] {logging_mixin.py:188} INFO - [2024-06-02T19:29:48.194+0000] {dag.py:3096} INFO - Sync 1 DAGs
[2024-06-02T19:29:48.207+0000] {logging_mixin.py:188} INFO - [2024-06-02T19:29:48.207+0000] {dag.py:3954} INFO - Setting next_dagrun for example_bash_operator to 2024-06-01 00:00:00+00:00, run_after=2024-06-02 00:00:00+00:00
[2024-06-02T19:29:48.217+0000] {processor.py:183} INFO - Processing /home/airflow/.local/lib/python3.12/site-packages/airflow/example_dags/example_bash_operator.py took 0.050 seconds
[2024-06-02T19:30:18.925+0000] {processor.py:161} INFO - Started process (PID=164) to work on /home/airflow/.local/lib/python3.12/site-packages/airflow/example_dags/example_bash_operator.py
[2024-06-02T19:30:18.926+0000] {processor.py:830} INFO - Processing file /home/airflow/.local/lib/python3.12/site-packages/airflow/example_dags/example_bash_operator.py for tasks to queue
[2024-06-02T19:30:18.927+0000] {logging_mixin.py:188} INFO - [2024-06-02T19:30:18.927+0000] {dagbag.py:545} INFO - Filling up the DagBag from /home/airflow/.local/lib/python3.12/site-packages/airflow/example_dags/example_bash_operator.py
[2024-06-02T19:30:18.933+0000] {processor.py:840} INFO - DAG(s) 'example_bash_operator' retrieved from /home/airflow/.local/lib/python3.12/site-packages/airflow/example_dags/example_bash_operator.py
[2024-06-02T19:30:18.949+0000] {logging_mixin.py:188} INFO - [2024-06-02T19:30:18.949+0000] {dag.py:3096} INFO - Sync 1 DAGs
[2024-06-02T19:30:18.962+0000] {logging_mixin.py:188} INFO - [2024-06-02T19:30:18.961+0000] {dag.py:3954} INFO - Setting next_dagrun for example_bash_operator to 2024-06-01 00:00:00+00:00, run_after=2024-06-02 00:00:00+00:00
[2024-06-02T19:30:18.971+0000] {processor.py:183} INFO - Processing /home/airflow/.local/lib/python3.12/site-packages/airflow/example_dags/example_bash_operator.py took 0.049 seconds
[2024-06-02T19:30:49.488+0000] {processor.py:161} INFO - Started process (PID=222) to work on /home/airflow/.local/lib/python3.12/site-packages/airflow/example_dags/example_bash_operator.py
[2024-06-02T19:30:49.489+0000] {processor.py:830} INFO - Processing file /home/airflow/.local/lib/python3.12/site-packages/airflow/example_dags/example_bash_operator.py for tasks to queue
[2024-06-02T19:30:49.490+0000] {logging_mixin.py:188} INFO - [2024-06-02T19:30:49.490+0000] {dagbag.py:545} INFO - Filling up the DagBag from /home/airflow/.local/lib/python3.12/site-packages/airflow/example_dags/example_bash_operator.py
[2024-06-02T19:30:49.497+0000] {processor.py:840} INFO - DAG(s) 'example_bash_operator' retrieved from /home/airflow/.local/lib/python3.12/site-packages/airflow/example_dags/example_bash_operator.py
[2024-06-02T19:30:49.512+0000] {logging_mixin.py:188} INFO - [2024-06-02T19:30:49.512+0000] {dag.py:3096} INFO - Sync 1 DAGs
[2024-06-02T19:30:49.526+0000] {logging_mixin.py:188} INFO - [2024-06-02T19:30:49.525+0000] {dag.py:3954} INFO - Setting next_dagrun for example_bash_operator to 2024-06-01 00:00:00+00:00, run_after=2024-06-02 00:00:00+00:00
[2024-06-02T19:30:49.535+0000] {processor.py:183} INFO - Processing /home/airflow/.local/lib/python3.12/site-packages/airflow/example_dags/example_bash_operator.py took 0.050 seconds
[2024-06-02T19:31:20.009+0000] {processor.py:161} INFO - Started process (PID=48) to work on /home/airflow/.local/lib/python3.12/site-packages/airflow/example_dags/example_bash_operator.py
[2024-06-02T19:31:20.010+0000] {processor.py:830} INFO - Processing file /home/airflow/.local/lib/python3.12/site-packages/airflow/example_dags/example_bash_operator.py for tasks to queue
[2024-06-02T19:31:20.011+0000] {logging_mixin.py:188} INFO - [2024-06-02T19:31:20.011+0000] {dagbag.py:545} INFO - Filling up the DagBag from /home/airflow/.local/lib/python3.12/site-packages/airflow/example_dags/example_bash_operator.py
[2024-06-02T19:31:20.018+0000] {processor.py:840} INFO - DAG(s) 'example_bash_operator' retrieved from /home/airflow/.local/lib/python3.12/site-packages/airflow/example_dags/example_bash_operator.py
[2024-06-02T19:31:20.025+0000] {logging_mixin.py:188} INFO - [2024-06-02T19:31:20.025+0000] {dag.py:3096} INFO - Sync 1 DAGs
[2024-06-02T19:31:20.039+0000] {logging_mixin.py:188} INFO - [2024-06-02T19:31:20.039+0000] {dag.py:3954} INFO - Setting next_dagrun for example_bash_operator to 2024-06-01 00:00:00+00:00, run_after=2024-06-02 00:00:00+00:00
[2024-06-02T19:31:20.049+0000] {processor.py:183} INFO - Processing /home/airflow/.local/lib/python3.12/site-packages/airflow/example_dags/example_bash_operator.py took 0.043 seconds
[2024-06-02T19:31:51.125+0000] {processor.py:161} INFO - Started process (PID=106) to work on /home/airflow/.local/lib/python3.12/site-packages/airflow/example_dags/example_bash_operator.py
[2024-06-02T19:31:51.126+0000] {processor.py:830} INFO - Processing file /home/airflow/.local/lib/python3.12/site-packages/airflow/example_dags/example_bash_operator.py for tasks to queue
[2024-06-02T19:31:51.127+0000] {logging_mixin.py:188} INFO - [2024-06-02T19:31:51.127+0000] {dagbag.py:545} INFO - Filling up the DagBag from /home/airflow/.local/lib/python3.12/site-packages/airflow/example_dags/example_bash_operator.py
[2024-06-02T19:31:51.133+0000] {processor.py:840} INFO - DAG(s) 'example_bash_operator' retrieved from /home/airflow/.local/lib/python3.12/site-packages/airflow/example_dags/example_bash_operator.py
[2024-06-02T19:31:51.192+0000] {logging_mixin.py:188} INFO - [2024-06-02T19:31:51.192+0000] {dag.py:3096} INFO - Sync 1 DAGs
[2024-06-02T19:31:51.203+0000] {logging_mixin.py:188} INFO - [2024-06-02T19:31:51.203+0000] {dag.py:3954} INFO - Setting next_dagrun for example_bash_operator to 2024-06-01 00:00:00+00:00, run_after=2024-06-02 00:00:00+00:00
[2024-06-02T19:31:51.214+0000] {processor.py:183} INFO - Processing /home/airflow/.local/lib/python3.12/site-packages/airflow/example_dags/example_bash_operator.py took 0.092 seconds
[2024-06-02T19:32:21.447+0000] {processor.py:161} INFO - Started process (PID=164) to work on /home/airflow/.local/lib/python3.12/site-packages/airflow/example_dags/example_bash_operator.py
[2024-06-02T19:32:21.447+0000] {processor.py:830} INFO - Processing file /home/airflow/.local/lib/python3.12/site-packages/airflow/example_dags/example_bash_operator.py for tasks to queue
[2024-06-02T19:32:21.449+0000] {logging_mixin.py:188} INFO - [2024-06-02T19:32:21.448+0000] {dagbag.py:545} INFO - Filling up the DagBag from /home/airflow/.local/lib/python3.12/site-packages/airflow/example_dags/example_bash_operator.py
[2024-06-02T19:32:21.455+0000] {processor.py:840} INFO - DAG(s) 'example_bash_operator' retrieved from /home/airflow/.local/lib/python3.12/site-packages/airflow/example_dags/example_bash_operator.py
[2024-06-02T19:32:21.472+0000] {logging_mixin.py:188} INFO - [2024-06-02T19:32:21.471+0000] {dag.py:3096} INFO - Sync 1 DAGs
[2024-06-02T19:32:21.484+0000] {logging_mixin.py:188} INFO - [2024-06-02T19:32:21.484+0000] {dag.py:3954} INFO - Setting next_dagrun for example_bash_operator to 2024-06-01 00:00:00+00:00, run_after=2024-06-02 00:00:00+00:00
[2024-06-02T19:32:21.495+0000] {processor.py:183} INFO - Processing /home/airflow/.local/lib/python3.12/site-packages/airflow/example_dags/example_bash_operator.py took 0.051 seconds
[2024-06-02T19:32:52.129+0000] {processor.py:161} INFO - Started process (PID=222) to work on /home/airflow/.local/lib/python3.12/site-packages/airflow/example_dags/example_bash_operator.py
[2024-06-02T19:32:52.130+0000] {processor.py:830} INFO - Processing file /home/airflow/.local/lib/python3.12/site-packages/airflow/example_dags/example_bash_operator.py for tasks to queue
[2024-06-02T19:32:52.131+0000] {logging_mixin.py:188} INFO - [2024-06-02T19:32:52.131+0000] {dagbag.py:545} INFO - Filling up the DagBag from /home/airflow/.local/lib/python3.12/site-packages/airflow/example_dags/example_bash_operator.py
[2024-06-02T19:32:52.138+0000] {processor.py:840} INFO - DAG(s) 'example_bash_operator' retrieved from /home/airflow/.local/lib/python3.12/site-packages/airflow/example_dags/example_bash_operator.py
[2024-06-02T19:32:52.154+0000] {logging_mixin.py:188} INFO - [2024-06-02T19:32:52.154+0000] {dag.py:3096} INFO - Sync 1 DAGs
[2024-06-02T19:32:52.168+0000] {logging_mixin.py:188} INFO - [2024-06-02T19:32:52.167+0000] {dag.py:3954} INFO - Setting next_dagrun for example_bash_operator to 2024-06-01 00:00:00+00:00, run_after=2024-06-02 00:00:00+00:00
[2024-06-02T19:32:52.179+0000] {processor.py:183} INFO - Processing /home/airflow/.local/lib/python3.12/site-packages/airflow/example_dags/example_bash_operator.py took 0.052 seconds
[2024-06-02T19:33:22.837+0000] {processor.py:161} INFO - Started process (PID=280) to work on /home/airflow/.local/lib/python3.12/site-packages/airflow/example_dags/example_bash_operator.py
[2024-06-02T19:33:22.838+0000] {processor.py:830} INFO - Processing file /home/airflow/.local/lib/python3.12/site-packages/airflow/example_dags/example_bash_operator.py for tasks to queue
[2024-06-02T19:33:22.839+0000] {logging_mixin.py:188} INFO - [2024-06-02T19:33:22.839+0000] {dagbag.py:545} INFO - Filling up the DagBag from /home/airflow/.local/lib/python3.12/site-packages/airflow/example_dags/example_bash_operator.py
[2024-06-02T19:33:22.846+0000] {processor.py:840} INFO - DAG(s) 'example_bash_operator' retrieved from /home/airflow/.local/lib/python3.12/site-packages/airflow/example_dags/example_bash_operator.py
[2024-06-02T19:33:22.861+0000] {logging_mixin.py:188} INFO - [2024-06-02T19:33:22.861+0000] {dag.py:3096} INFO - Sync 1 DAGs
[2024-06-02T19:33:22.875+0000] {logging_mixin.py:188} INFO - [2024-06-02T19:33:22.875+0000] {dag.py:3954} INFO - Setting next_dagrun for example_bash_operator to 2024-06-01 00:00:00+00:00, run_after=2024-06-02 00:00:00+00:00
[2024-06-02T19:33:22.885+0000] {processor.py:183} INFO - Processing /home/airflow/.local/lib/python3.12/site-packages/airflow/example_dags/example_bash_operator.py took 0.050 seconds
[2024-06-02T19:33:53.458+0000] {processor.py:161} INFO - Started process (PID=337) to work on /home/airflow/.local/lib/python3.12/site-packages/airflow/example_dags/example_bash_operator.py
[2024-06-02T19:33:53.459+0000] {processor.py:830} INFO - Processing file /home/airflow/.local/lib/python3.12/site-packages/airflow/example_dags/example_bash_operator.py for tasks to queue
[2024-06-02T19:33:53.460+0000] {logging_mixin.py:188} INFO - [2024-06-02T19:33:53.459+0000] {dagbag.py:545} INFO - Filling up the DagBag from /home/airflow/.local/lib/python3.12/site-packages/airflow/example_dags/example_bash_operator.py
[2024-06-02T19:33:53.466+0000] {processor.py:840} INFO - DAG(s) 'example_bash_operator' retrieved from /home/airflow/.local/lib/python3.12/site-packages/airflow/example_dags/example_bash_operator.py
[2024-06-02T19:33:53.481+0000] {logging_mixin.py:188} INFO - [2024-06-02T19:33:53.481+0000] {dag.py:3096} INFO - Sync 1 DAGs
[2024-06-02T19:33:53.494+0000] {logging_mixin.py:188} INFO - [2024-06-02T19:33:53.494+0000] {dag.py:3954} INFO - Setting next_dagrun for example_bash_operator to 2024-06-01 00:00:00+00:00, run_after=2024-06-02 00:00:00+00:00
[2024-06-02T19:33:53.505+0000] {processor.py:183} INFO - Processing /home/airflow/.local/lib/python3.12/site-packages/airflow/example_dags/example_bash_operator.py took 0.050 seconds
[2024-06-02T19:34:24.232+0000] {processor.py:161} INFO - Started process (PID=395) to work on /home/airflow/.local/lib/python3.12/site-packages/airflow/example_dags/example_bash_operator.py
[2024-06-02T19:34:24.232+0000] {processor.py:830} INFO - Processing file /home/airflow/.local/lib/python3.12/site-packages/airflow/example_dags/example_bash_operator.py for tasks to queue
[2024-06-02T19:34:24.234+0000] {logging_mixin.py:188} INFO - [2024-06-02T19:34:24.234+0000] {dagbag.py:545} INFO - Filling up the DagBag from /home/airflow/.local/lib/python3.12/site-packages/airflow/example_dags/example_bash_operator.py
[2024-06-02T19:34:24.240+0000] {processor.py:840} INFO - DAG(s) 'example_bash_operator' retrieved from /home/airflow/.local/lib/python3.12/site-packages/airflow/example_dags/example_bash_operator.py
[2024-06-02T19:34:24.256+0000] {logging_mixin.py:188} INFO - [2024-06-02T19:34:24.256+0000] {dag.py:3096} INFO - Sync 1 DAGs
[2024-06-02T19:34:24.268+0000] {logging_mixin.py:188} INFO - [2024-06-02T19:34:24.268+0000] {dag.py:3954} INFO - Setting next_dagrun for example_bash_operator to 2024-06-01 00:00:00+00:00, run_after=2024-06-02 00:00:00+00:00
[2024-06-02T19:34:24.279+0000] {processor.py:183} INFO - Processing /home/airflow/.local/lib/python3.12/site-packages/airflow/example_dags/example_bash_operator.py took 0.050 seconds
[2024-06-02T19:34:55.014+0000] {processor.py:161} INFO - Started process (PID=453) to work on /home/airflow/.local/lib/python3.12/site-packages/airflow/example_dags/example_bash_operator.py
[2024-06-02T19:34:55.014+0000] {processor.py:830} INFO - Processing file /home/airflow/.local/lib/python3.12/site-packages/airflow/example_dags/example_bash_operator.py for tasks to queue
[2024-06-02T19:34:55.015+0000] {logging_mixin.py:188} INFO - [2024-06-02T19:34:55.015+0000] {dagbag.py:545} INFO - Filling up the DagBag from /home/airflow/.local/lib/python3.12/site-packages/airflow/example_dags/example_bash_operator.py
[2024-06-02T19:34:55.021+0000] {processor.py:840} INFO - DAG(s) 'example_bash_operator' retrieved from /home/airflow/.local/lib/python3.12/site-packages/airflow/example_dags/example_bash_operator.py
[2024-06-02T19:34:55.037+0000] {logging_mixin.py:188} INFO - [2024-06-02T19:34:55.037+0000] {dag.py:3096} INFO - Sync 1 DAGs
[2024-06-02T19:34:55.050+0000] {logging_mixin.py:188} INFO - [2024-06-02T19:34:55.050+0000] {dag.py:3954} INFO - Setting next_dagrun for example_bash_operator to 2024-06-01 00:00:00+00:00, run_after=2024-06-02 00:00:00+00:00
[2024-06-02T19:34:55.060+0000] {processor.py:183} INFO - Processing /home/airflow/.local/lib/python3.12/site-packages/airflow/example_dags/example_bash_operator.py took 0.049 seconds
[2024-06-02T19:35:25.683+0000] {processor.py:161} INFO - Started process (PID=511) to work on /home/airflow/.local/lib/python3.12/site-packages/airflow/example_dags/example_bash_operator.py
[2024-06-02T19:35:25.684+0000] {processor.py:830} INFO - Processing file /home/airflow/.local/lib/python3.12/site-packages/airflow/example_dags/example_bash_operator.py for tasks to queue
[2024-06-02T19:35:25.685+0000] {logging_mixin.py:188} INFO - [2024-06-02T19:35:25.685+0000] {dagbag.py:545} INFO - Filling up the DagBag from /home/airflow/.local/lib/python3.12/site-packages/airflow/example_dags/example_bash_operator.py
[2024-06-02T19:35:25.691+0000] {processor.py:840} INFO - DAG(s) 'example_bash_operator' retrieved from /home/airflow/.local/lib/python3.12/site-packages/airflow/example_dags/example_bash_operator.py
[2024-06-02T19:35:25.706+0000] {logging_mixin.py:188} INFO - [2024-06-02T19:35:25.706+0000] {dag.py:3096} INFO - Sync 1 DAGs
[2024-06-02T19:35:25.720+0000] {logging_mixin.py:188} INFO - [2024-06-02T19:35:25.720+0000] {dag.py:3954} INFO - Setting next_dagrun for example_bash_operator to 2024-06-01 00:00:00+00:00, run_after=2024-06-02 00:00:00+00:00
[2024-06-02T19:35:25.730+0000] {processor.py:183} INFO - Processing /home/airflow/.local/lib/python3.12/site-packages/airflow/example_dags/example_bash_operator.py took 0.051 seconds
[2024-06-02T19:36:19.586+0000] {processor.py:161} INFO - Started process (PID=66) to work on /home/airflow/.local/lib/python3.12/site-packages/airflow/example_dags/example_bash_operator.py
[2024-06-02T19:36:19.587+0000] {processor.py:830} INFO - Processing file /home/airflow/.local/lib/python3.12/site-packages/airflow/example_dags/example_bash_operator.py for tasks to queue
[2024-06-02T19:36:19.589+0000] {logging_mixin.py:188} INFO - [2024-06-02T19:36:19.588+0000] {dagbag.py:545} INFO - Filling up the DagBag from /home/airflow/.local/lib/python3.12/site-packages/airflow/example_dags/example_bash_operator.py
[2024-06-02T19:36:19.599+0000] {processor.py:840} INFO - DAG(s) 'example_bash_operator' retrieved from /home/airflow/.local/lib/python3.12/site-packages/airflow/example_dags/example_bash_operator.py
[2024-06-02T19:36:19.610+0000] {logging_mixin.py:188} INFO - [2024-06-02T19:36:19.610+0000] {dag.py:3096} INFO - Sync 1 DAGs
[2024-06-02T19:36:19.623+0000] {logging_mixin.py:188} INFO - [2024-06-02T19:36:19.623+0000] {dag.py:3954} INFO - Setting next_dagrun for example_bash_operator to 2024-06-01 00:00:00+00:00, run_after=2024-06-02 00:00:00+00:00
[2024-06-02T19:36:19.634+0000] {processor.py:183} INFO - Processing /home/airflow/.local/lib/python3.12/site-packages/airflow/example_dags/example_bash_operator.py took 0.052 seconds
[2024-06-02T19:36:50.460+0000] {processor.py:161} INFO - Started process (PID=124) to work on /home/airflow/.local/lib/python3.12/site-packages/airflow/example_dags/example_bash_operator.py
[2024-06-02T19:36:50.460+0000] {processor.py:830} INFO - Processing file /home/airflow/.local/lib/python3.12/site-packages/airflow/example_dags/example_bash_operator.py for tasks to queue
[2024-06-02T19:36:50.461+0000] {logging_mixin.py:188} INFO - [2024-06-02T19:36:50.461+0000] {dagbag.py:545} INFO - Filling up the DagBag from /home/airflow/.local/lib/python3.12/site-packages/airflow/example_dags/example_bash_operator.py
[2024-06-02T19:36:50.467+0000] {processor.py:840} INFO - DAG(s) 'example_bash_operator' retrieved from /home/airflow/.local/lib/python3.12/site-packages/airflow/example_dags/example_bash_operator.py
[2024-06-02T19:36:50.527+0000] {logging_mixin.py:188} INFO - [2024-06-02T19:36:50.527+0000] {dag.py:3096} INFO - Sync 1 DAGs
[2024-06-02T19:36:50.539+0000] {logging_mixin.py:188} INFO - [2024-06-02T19:36:50.539+0000] {dag.py:3954} INFO - Setting next_dagrun for example_bash_operator to 2024-06-01 00:00:00+00:00, run_after=2024-06-02 00:00:00+00:00
[2024-06-02T19:36:50.550+0000] {processor.py:183} INFO - Processing /home/airflow/.local/lib/python3.12/site-packages/airflow/example_dags/example_bash_operator.py took 0.093 seconds
[2024-06-02T19:37:20.787+0000] {processor.py:161} INFO - Started process (PID=182) to work on /home/airflow/.local/lib/python3.12/site-packages/airflow/example_dags/example_bash_operator.py
[2024-06-02T19:37:20.787+0000] {processor.py:830} INFO - Processing file /home/airflow/.local/lib/python3.12/site-packages/airflow/example_dags/example_bash_operator.py for tasks to queue
[2024-06-02T19:37:20.789+0000] {logging_mixin.py:188} INFO - [2024-06-02T19:37:20.788+0000] {dagbag.py:545} INFO - Filling up the DagBag from /home/airflow/.local/lib/python3.12/site-packages/airflow/example_dags/example_bash_operator.py
[2024-06-02T19:37:20.796+0000] {processor.py:840} INFO - DAG(s) 'example_bash_operator' retrieved from /home/airflow/.local/lib/python3.12/site-packages/airflow/example_dags/example_bash_operator.py
[2024-06-02T19:37:20.812+0000] {logging_mixin.py:188} INFO - [2024-06-02T19:37:20.812+0000] {dag.py:3096} INFO - Sync 1 DAGs
[2024-06-02T19:37:20.825+0000] {logging_mixin.py:188} INFO - [2024-06-02T19:37:20.824+0000] {dag.py:3954} INFO - Setting next_dagrun for example_bash_operator to 2024-06-01 00:00:00+00:00, run_after=2024-06-02 00:00:00+00:00
[2024-06-02T19:37:20.835+0000] {processor.py:183} INFO - Processing /home/airflow/.local/lib/python3.12/site-packages/airflow/example_dags/example_bash_operator.py took 0.051 seconds
[2024-06-02T19:37:51.489+0000] {processor.py:161} INFO - Started process (PID=240) to work on /home/airflow/.local/lib/python3.12/site-packages/airflow/example_dags/example_bash_operator.py
[2024-06-02T19:37:51.490+0000] {processor.py:830} INFO - Processing file /home/airflow/.local/lib/python3.12/site-packages/airflow/example_dags/example_bash_operator.py for tasks to queue
[2024-06-02T19:37:51.491+0000] {logging_mixin.py:188} INFO - [2024-06-02T19:37:51.491+0000] {dagbag.py:545} INFO - Filling up the DagBag from /home/airflow/.local/lib/python3.12/site-packages/airflow/example_dags/example_bash_operator.py
[2024-06-02T19:37:51.497+0000] {processor.py:840} INFO - DAG(s) 'example_bash_operator' retrieved from /home/airflow/.local/lib/python3.12/site-packages/airflow/example_dags/example_bash_operator.py
[2024-06-02T19:37:51.513+0000] {logging_mixin.py:188} INFO - [2024-06-02T19:37:51.512+0000] {dag.py:3096} INFO - Sync 1 DAGs
[2024-06-02T19:37:51.525+0000] {logging_mixin.py:188} INFO - [2024-06-02T19:37:51.525+0000] {dag.py:3954} INFO - Setting next_dagrun for example_bash_operator to 2024-06-01 00:00:00+00:00, run_after=2024-06-02 00:00:00+00:00
[2024-06-02T19:37:51.535+0000] {processor.py:183} INFO - Processing /home/airflow/.local/lib/python3.12/site-packages/airflow/example_dags/example_bash_operator.py took 0.049 seconds
[2024-06-02T19:38:22.156+0000] {processor.py:161} INFO - Started process (PID=298) to work on /home/airflow/.local/lib/python3.12/site-packages/airflow/example_dags/example_bash_operator.py
[2024-06-02T19:38:22.157+0000] {processor.py:830} INFO - Processing file /home/airflow/.local/lib/python3.12/site-packages/airflow/example_dags/example_bash_operator.py for tasks to queue
[2024-06-02T19:38:22.158+0000] {logging_mixin.py:188} INFO - [2024-06-02T19:38:22.158+0000] {dagbag.py:545} INFO - Filling up the DagBag from /home/airflow/.local/lib/python3.12/site-packages/airflow/example_dags/example_bash_operator.py
[2024-06-02T19:38:22.164+0000] {processor.py:840} INFO - DAG(s) 'example_bash_operator' retrieved from /home/airflow/.local/lib/python3.12/site-packages/airflow/example_dags/example_bash_operator.py
[2024-06-02T19:38:22.179+0000] {logging_mixin.py:188} INFO - [2024-06-02T19:38:22.179+0000] {dag.py:3096} INFO - Sync 1 DAGs
[2024-06-02T19:38:22.192+0000] {logging_mixin.py:188} INFO - [2024-06-02T19:38:22.192+0000] {dag.py:3954} INFO - Setting next_dagrun for example_bash_operator to 2024-06-01 00:00:00+00:00, run_after=2024-06-02 00:00:00+00:00
[2024-06-02T19:38:22.202+0000] {processor.py:183} INFO - Processing /home/airflow/.local/lib/python3.12/site-packages/airflow/example_dags/example_bash_operator.py took 0.049 seconds
[2024-06-02T19:38:52.804+0000] {processor.py:161} INFO - Started process (PID=356) to work on /home/airflow/.local/lib/python3.12/site-packages/airflow/example_dags/example_bash_operator.py
[2024-06-02T19:38:52.805+0000] {processor.py:830} INFO - Processing file /home/airflow/.local/lib/python3.12/site-packages/airflow/example_dags/example_bash_operator.py for tasks to queue
[2024-06-02T19:38:52.806+0000] {logging_mixin.py:188} INFO - [2024-06-02T19:38:52.806+0000] {dagbag.py:545} INFO - Filling up the DagBag from /home/airflow/.local/lib/python3.12/site-packages/airflow/example_dags/example_bash_operator.py
[2024-06-02T19:38:52.812+0000] {processor.py:840} INFO - DAG(s) 'example_bash_operator' retrieved from /home/airflow/.local/lib/python3.12/site-packages/airflow/example_dags/example_bash_operator.py
[2024-06-02T19:38:52.829+0000] {logging_mixin.py:188} INFO - [2024-06-02T19:38:52.828+0000] {dag.py:3096} INFO - Sync 1 DAGs
[2024-06-02T19:38:52.842+0000] {logging_mixin.py:188} INFO - [2024-06-02T19:38:52.842+0000] {dag.py:3954} INFO - Setting next_dagrun for example_bash_operator to 2024-06-01 00:00:00+00:00, run_after=2024-06-02 00:00:00+00:00
[2024-06-02T19:38:52.851+0000] {processor.py:183} INFO - Processing /home/airflow/.local/lib/python3.12/site-packages/airflow/example_dags/example_bash_operator.py took 0.051 seconds
[2024-06-02T19:39:23.457+0000] {processor.py:161} INFO - Started process (PID=414) to work on /home/airflow/.local/lib/python3.12/site-packages/airflow/example_dags/example_bash_operator.py
[2024-06-02T19:39:23.458+0000] {processor.py:830} INFO - Processing file /home/airflow/.local/lib/python3.12/site-packages/airflow/example_dags/example_bash_operator.py for tasks to queue
[2024-06-02T19:39:23.459+0000] {logging_mixin.py:188} INFO - [2024-06-02T19:39:23.459+0000] {dagbag.py:545} INFO - Filling up the DagBag from /home/airflow/.local/lib/python3.12/site-packages/airflow/example_dags/example_bash_operator.py
[2024-06-02T19:39:23.465+0000] {processor.py:840} INFO - DAG(s) 'example_bash_operator' retrieved from /home/airflow/.local/lib/python3.12/site-packages/airflow/example_dags/example_bash_operator.py
[2024-06-02T19:39:23.482+0000] {logging_mixin.py:188} INFO - [2024-06-02T19:39:23.482+0000] {dag.py:3096} INFO - Sync 1 DAGs
[2024-06-02T19:39:23.496+0000] {logging_mixin.py:188} INFO - [2024-06-02T19:39:23.495+0000] {dag.py:3954} INFO - Setting next_dagrun for example_bash_operator to 2024-06-01 00:00:00+00:00, run_after=2024-06-02 00:00:00+00:00
[2024-06-02T19:39:23.506+0000] {processor.py:183} INFO - Processing /home/airflow/.local/lib/python3.12/site-packages/airflow/example_dags/example_bash_operator.py took 0.052 seconds
[2024-06-02T19:39:54.112+0000] {processor.py:161} INFO - Started process (PID=472) to work on /home/airflow/.local/lib/python3.12/site-packages/airflow/example_dags/example_bash_operator.py
[2024-06-02T19:39:54.113+0000] {processor.py:830} INFO - Processing file /home/airflow/.local/lib/python3.12/site-packages/airflow/example_dags/example_bash_operator.py for tasks to queue
[2024-06-02T19:39:54.114+0000] {logging_mixin.py:188} INFO - [2024-06-02T19:39:54.114+0000] {dagbag.py:545} INFO - Filling up the DagBag from /home/airflow/.local/lib/python3.12/site-packages/airflow/example_dags/example_bash_operator.py
[2024-06-02T19:39:54.120+0000] {processor.py:840} INFO - DAG(s) 'example_bash_operator' retrieved from /home/airflow/.local/lib/python3.12/site-packages/airflow/example_dags/example_bash_operator.py
[2024-06-02T19:39:54.135+0000] {logging_mixin.py:188} INFO - [2024-06-02T19:39:54.135+0000] {dag.py:3096} INFO - Sync 1 DAGs
[2024-06-02T19:39:54.148+0000] {logging_mixin.py:188} INFO - [2024-06-02T19:39:54.148+0000] {dag.py:3954} INFO - Setting next_dagrun for example_bash_operator to 2024-06-01 00:00:00+00:00, run_after=2024-06-02 00:00:00+00:00
[2024-06-02T19:39:54.159+0000] {processor.py:183} INFO - Processing /home/airflow/.local/lib/python3.12/site-packages/airflow/example_dags/example_bash_operator.py took 0.050 seconds
[2024-06-02T19:40:24.687+0000] {processor.py:161} INFO - Started process (PID=530) to work on /home/airflow/.local/lib/python3.12/site-packages/airflow/example_dags/example_bash_operator.py
[2024-06-02T19:40:24.688+0000] {processor.py:830} INFO - Processing file /home/airflow/.local/lib/python3.12/site-packages/airflow/example_dags/example_bash_operator.py for tasks to queue
[2024-06-02T19:40:24.689+0000] {logging_mixin.py:188} INFO - [2024-06-02T19:40:24.689+0000] {dagbag.py:545} INFO - Filling up the DagBag from /home/airflow/.local/lib/python3.12/site-packages/airflow/example_dags/example_bash_operator.py
[2024-06-02T19:40:24.696+0000] {processor.py:840} INFO - DAG(s) 'example_bash_operator' retrieved from /home/airflow/.local/lib/python3.12/site-packages/airflow/example_dags/example_bash_operator.py
[2024-06-02T19:40:24.713+0000] {logging_mixin.py:188} INFO - [2024-06-02T19:40:24.713+0000] {dag.py:3096} INFO - Sync 1 DAGs
[2024-06-02T19:40:24.727+0000] {logging_mixin.py:188} INFO - [2024-06-02T19:40:24.727+0000] {dag.py:3954} INFO - Setting next_dagrun for example_bash_operator to 2024-06-01 00:00:00+00:00, run_after=2024-06-02 00:00:00+00:00
[2024-06-02T19:40:24.736+0000] {processor.py:183} INFO - Processing /home/airflow/.local/lib/python3.12/site-packages/airflow/example_dags/example_bash_operator.py took 0.052 seconds
[2024-06-02T19:40:55.366+0000] {processor.py:161} INFO - Started process (PID=588) to work on /home/airflow/.local/lib/python3.12/site-packages/airflow/example_dags/example_bash_operator.py
[2024-06-02T19:40:55.366+0000] {processor.py:830} INFO - Processing file /home/airflow/.local/lib/python3.12/site-packages/airflow/example_dags/example_bash_operator.py for tasks to queue
[2024-06-02T19:40:55.367+0000] {logging_mixin.py:188} INFO - [2024-06-02T19:40:55.367+0000] {dagbag.py:545} INFO - Filling up the DagBag from /home/airflow/.local/lib/python3.12/site-packages/airflow/example_dags/example_bash_operator.py
[2024-06-02T19:40:55.374+0000] {processor.py:840} INFO - DAG(s) 'example_bash_operator' retrieved from /home/airflow/.local/lib/python3.12/site-packages/airflow/example_dags/example_bash_operator.py
[2024-06-02T19:40:55.390+0000] {logging_mixin.py:188} INFO - [2024-06-02T19:40:55.390+0000] {dag.py:3096} INFO - Sync 1 DAGs
[2024-06-02T19:40:55.403+0000] {logging_mixin.py:188} INFO - [2024-06-02T19:40:55.402+0000] {dag.py:3954} INFO - Setting next_dagrun for example_bash_operator to 2024-06-01 00:00:00+00:00, run_after=2024-06-02 00:00:00+00:00
[2024-06-02T19:40:55.413+0000] {processor.py:183} INFO - Processing /home/airflow/.local/lib/python3.12/site-packages/airflow/example_dags/example_bash_operator.py took 0.051 seconds
[2024-06-02T19:41:41.206+0000] {processor.py:161} INFO - Started process (PID=66) to work on /home/airflow/.local/lib/python3.12/site-packages/airflow/example_dags/example_bash_operator.py
[2024-06-02T19:41:41.206+0000] {processor.py:830} INFO - Processing file /home/airflow/.local/lib/python3.12/site-packages/airflow/example_dags/example_bash_operator.py for tasks to queue
[2024-06-02T19:41:41.208+0000] {logging_mixin.py:188} INFO - [2024-06-02T19:41:41.207+0000] {dagbag.py:545} INFO - Filling up the DagBag from /home/airflow/.local/lib/python3.12/site-packages/airflow/example_dags/example_bash_operator.py
[2024-06-02T19:41:41.216+0000] {processor.py:840} INFO - DAG(s) 'example_bash_operator' retrieved from /home/airflow/.local/lib/python3.12/site-packages/airflow/example_dags/example_bash_operator.py
[2024-06-02T19:41:41.224+0000] {logging_mixin.py:188} INFO - [2024-06-02T19:41:41.224+0000] {dag.py:3096} INFO - Sync 1 DAGs
[2024-06-02T19:41:41.240+0000] {logging_mixin.py:188} INFO - [2024-06-02T19:41:41.240+0000] {dag.py:3954} INFO - Setting next_dagrun for example_bash_operator to 2024-06-01 00:00:00+00:00, run_after=2024-06-02 00:00:00+00:00
[2024-06-02T19:41:41.251+0000] {processor.py:183} INFO - Processing /home/airflow/.local/lib/python3.12/site-packages/airflow/example_dags/example_bash_operator.py took 0.049 seconds
[2024-06-02T19:42:12.163+0000] {processor.py:161} INFO - Started process (PID=124) to work on /home/airflow/.local/lib/python3.12/site-packages/airflow/example_dags/example_bash_operator.py
[2024-06-02T19:42:12.164+0000] {processor.py:830} INFO - Processing file /home/airflow/.local/lib/python3.12/site-packages/airflow/example_dags/example_bash_operator.py for tasks to queue
[2024-06-02T19:42:12.165+0000] {logging_mixin.py:188} INFO - [2024-06-02T19:42:12.165+0000] {dagbag.py:545} INFO - Filling up the DagBag from /home/airflow/.local/lib/python3.12/site-packages/airflow/example_dags/example_bash_operator.py
[2024-06-02T19:42:12.171+0000] {processor.py:840} INFO - DAG(s) 'example_bash_operator' retrieved from /home/airflow/.local/lib/python3.12/site-packages/airflow/example_dags/example_bash_operator.py
[2024-06-02T19:42:12.234+0000] {logging_mixin.py:188} INFO - [2024-06-02T19:42:12.234+0000] {dag.py:3096} INFO - Sync 1 DAGs
[2024-06-02T19:42:12.245+0000] {logging_mixin.py:188} INFO - [2024-06-02T19:42:12.245+0000] {dag.py:3954} INFO - Setting next_dagrun for example_bash_operator to 2024-06-01 00:00:00+00:00, run_after=2024-06-02 00:00:00+00:00
[2024-06-02T19:42:12.256+0000] {processor.py:183} INFO - Processing /home/airflow/.local/lib/python3.12/site-packages/airflow/example_dags/example_bash_operator.py took 0.096 seconds
[2024-06-02T19:42:42.468+0000] {processor.py:161} INFO - Started process (PID=182) to work on /home/airflow/.local/lib/python3.12/site-packages/airflow/example_dags/example_bash_operator.py
[2024-06-02T19:42:42.468+0000] {processor.py:830} INFO - Processing file /home/airflow/.local/lib/python3.12/site-packages/airflow/example_dags/example_bash_operator.py for tasks to queue
[2024-06-02T19:42:42.470+0000] {logging_mixin.py:188} INFO - [2024-06-02T19:42:42.469+0000] {dagbag.py:545} INFO - Filling up the DagBag from /home/airflow/.local/lib/python3.12/site-packages/airflow/example_dags/example_bash_operator.py
[2024-06-02T19:42:42.476+0000] {processor.py:840} INFO - DAG(s) 'example_bash_operator' retrieved from /home/airflow/.local/lib/python3.12/site-packages/airflow/example_dags/example_bash_operator.py
[2024-06-02T19:42:42.492+0000] {logging_mixin.py:188} INFO - [2024-06-02T19:42:42.492+0000] {dag.py:3096} INFO - Sync 1 DAGs
[2024-06-02T19:42:42.504+0000] {logging_mixin.py:188} INFO - [2024-06-02T19:42:42.504+0000] {dag.py:3954} INFO - Setting next_dagrun for example_bash_operator to 2024-06-01 00:00:00+00:00, run_after=2024-06-02 00:00:00+00:00
[2024-06-02T19:42:42.517+0000] {processor.py:183} INFO - Processing /home/airflow/.local/lib/python3.12/site-packages/airflow/example_dags/example_bash_operator.py took 0.052 seconds
[2024-06-02T19:43:13.225+0000] {processor.py:161} INFO - Started process (PID=240) to work on /home/airflow/.local/lib/python3.12/site-packages/airflow/example_dags/example_bash_operator.py
[2024-06-02T19:43:13.226+0000] {processor.py:830} INFO - Processing file /home/airflow/.local/lib/python3.12/site-packages/airflow/example_dags/example_bash_operator.py for tasks to queue
[2024-06-02T19:43:13.227+0000] {logging_mixin.py:188} INFO - [2024-06-02T19:43:13.227+0000] {dagbag.py:545} INFO - Filling up the DagBag from /home/airflow/.local/lib/python3.12/site-packages/airflow/example_dags/example_bash_operator.py
[2024-06-02T19:43:13.233+0000] {processor.py:840} INFO - DAG(s) 'example_bash_operator' retrieved from /home/airflow/.local/lib/python3.12/site-packages/airflow/example_dags/example_bash_operator.py
[2024-06-02T19:43:13.249+0000] {logging_mixin.py:188} INFO - [2024-06-02T19:43:13.249+0000] {dag.py:3096} INFO - Sync 1 DAGs
[2024-06-02T19:43:13.261+0000] {logging_mixin.py:188} INFO - [2024-06-02T19:43:13.261+0000] {dag.py:3954} INFO - Setting next_dagrun for example_bash_operator to 2024-06-01 00:00:00+00:00, run_after=2024-06-02 00:00:00+00:00
[2024-06-02T19:43:13.271+0000] {processor.py:183} INFO - Processing /home/airflow/.local/lib/python3.12/site-packages/airflow/example_dags/example_bash_operator.py took 0.049 seconds
[2024-06-02T19:43:43.916+0000] {processor.py:161} INFO - Started process (PID=298) to work on /home/airflow/.local/lib/python3.12/site-packages/airflow/example_dags/example_bash_operator.py
[2024-06-02T19:43:43.917+0000] {processor.py:830} INFO - Processing file /home/airflow/.local/lib/python3.12/site-packages/airflow/example_dags/example_bash_operator.py for tasks to queue
[2024-06-02T19:43:43.918+0000] {logging_mixin.py:188} INFO - [2024-06-02T19:43:43.918+0000] {dagbag.py:545} INFO - Filling up the DagBag from /home/airflow/.local/lib/python3.12/site-packages/airflow/example_dags/example_bash_operator.py
[2024-06-02T19:43:43.924+0000] {processor.py:840} INFO - DAG(s) 'example_bash_operator' retrieved from /home/airflow/.local/lib/python3.12/site-packages/airflow/example_dags/example_bash_operator.py
[2024-06-02T19:43:43.940+0000] {logging_mixin.py:188} INFO - [2024-06-02T19:43:43.940+0000] {dag.py:3096} INFO - Sync 1 DAGs
[2024-06-02T19:43:43.952+0000] {logging_mixin.py:188} INFO - [2024-06-02T19:43:43.952+0000] {dag.py:3954} INFO - Setting next_dagrun for example_bash_operator to 2024-06-01 00:00:00+00:00, run_after=2024-06-02 00:00:00+00:00
[2024-06-02T19:43:43.963+0000] {processor.py:183} INFO - Processing /home/airflow/.local/lib/python3.12/site-packages/airflow/example_dags/example_bash_operator.py took 0.050 seconds
[2024-06-02T19:44:14.561+0000] {processor.py:161} INFO - Started process (PID=356) to work on /home/airflow/.local/lib/python3.12/site-packages/airflow/example_dags/example_bash_operator.py
[2024-06-02T19:44:14.561+0000] {processor.py:830} INFO - Processing file /home/airflow/.local/lib/python3.12/site-packages/airflow/example_dags/example_bash_operator.py for tasks to queue
[2024-06-02T19:44:14.562+0000] {logging_mixin.py:188} INFO - [2024-06-02T19:44:14.562+0000] {dagbag.py:545} INFO - Filling up the DagBag from /home/airflow/.local/lib/python3.12/site-packages/airflow/example_dags/example_bash_operator.py
[2024-06-02T19:44:14.568+0000] {processor.py:840} INFO - DAG(s) 'example_bash_operator' retrieved from /home/airflow/.local/lib/python3.12/site-packages/airflow/example_dags/example_bash_operator.py
[2024-06-02T19:44:14.584+0000] {logging_mixin.py:188} INFO - [2024-06-02T19:44:14.584+0000] {dag.py:3096} INFO - Sync 1 DAGs
[2024-06-02T19:44:14.597+0000] {logging_mixin.py:188} INFO - [2024-06-02T19:44:14.597+0000] {dag.py:3954} INFO - Setting next_dagrun for example_bash_operator to 2024-06-01 00:00:00+00:00, run_after=2024-06-02 00:00:00+00:00
[2024-06-02T19:44:14.607+0000] {processor.py:183} INFO - Processing /home/airflow/.local/lib/python3.12/site-packages/airflow/example_dags/example_bash_operator.py took 0.050 seconds
[2024-06-02T19:44:45.184+0000] {processor.py:161} INFO - Started process (PID=414) to work on /home/airflow/.local/lib/python3.12/site-packages/airflow/example_dags/example_bash_operator.py
[2024-06-02T19:44:45.185+0000] {processor.py:830} INFO - Processing file /home/airflow/.local/lib/python3.12/site-packages/airflow/example_dags/example_bash_operator.py for tasks to queue
[2024-06-02T19:44:45.186+0000] {logging_mixin.py:188} INFO - [2024-06-02T19:44:45.186+0000] {dagbag.py:545} INFO - Filling up the DagBag from /home/airflow/.local/lib/python3.12/site-packages/airflow/example_dags/example_bash_operator.py
[2024-06-02T19:44:45.192+0000] {processor.py:840} INFO - DAG(s) 'example_bash_operator' retrieved from /home/airflow/.local/lib/python3.12/site-packages/airflow/example_dags/example_bash_operator.py
[2024-06-02T19:44:45.208+0000] {logging_mixin.py:188} INFO - [2024-06-02T19:44:45.208+0000] {dag.py:3096} INFO - Sync 1 DAGs
[2024-06-02T19:44:45.221+0000] {logging_mixin.py:188} INFO - [2024-06-02T19:44:45.221+0000] {dag.py:3954} INFO - Setting next_dagrun for example_bash_operator to 2024-06-01 00:00:00+00:00, run_after=2024-06-02 00:00:00+00:00
[2024-06-02T19:44:45.231+0000] {processor.py:183} INFO - Processing /home/airflow/.local/lib/python3.12/site-packages/airflow/example_dags/example_bash_operator.py took 0.050 seconds
[2024-06-02T19:45:15.806+0000] {processor.py:161} INFO - Started process (PID=472) to work on /home/airflow/.local/lib/python3.12/site-packages/airflow/example_dags/example_bash_operator.py
[2024-06-02T19:45:15.807+0000] {processor.py:830} INFO - Processing file /home/airflow/.local/lib/python3.12/site-packages/airflow/example_dags/example_bash_operator.py for tasks to queue
[2024-06-02T19:45:15.808+0000] {logging_mixin.py:188} INFO - [2024-06-02T19:45:15.807+0000] {dagbag.py:545} INFO - Filling up the DagBag from /home/airflow/.local/lib/python3.12/site-packages/airflow/example_dags/example_bash_operator.py
[2024-06-02T19:45:15.814+0000] {processor.py:840} INFO - DAG(s) 'example_bash_operator' retrieved from /home/airflow/.local/lib/python3.12/site-packages/airflow/example_dags/example_bash_operator.py
[2024-06-02T19:45:15.830+0000] {logging_mixin.py:188} INFO - [2024-06-02T19:45:15.830+0000] {dag.py:3096} INFO - Sync 1 DAGs
[2024-06-02T19:45:15.842+0000] {logging_mixin.py:188} INFO - [2024-06-02T19:45:15.842+0000] {dag.py:3954} INFO - Setting next_dagrun for example_bash_operator to 2024-06-01 00:00:00+00:00, run_after=2024-06-02 00:00:00+00:00
[2024-06-02T19:45:15.853+0000] {processor.py:183} INFO - Processing /home/airflow/.local/lib/python3.12/site-packages/airflow/example_dags/example_bash_operator.py took 0.051 seconds
[2024-06-02T19:45:46.473+0000] {processor.py:161} INFO - Started process (PID=529) to work on /home/airflow/.local/lib/python3.12/site-packages/airflow/example_dags/example_bash_operator.py
[2024-06-02T19:45:46.474+0000] {processor.py:830} INFO - Processing file /home/airflow/.local/lib/python3.12/site-packages/airflow/example_dags/example_bash_operator.py for tasks to queue
[2024-06-02T19:45:46.475+0000] {logging_mixin.py:188} INFO - [2024-06-02T19:45:46.475+0000] {dagbag.py:545} INFO - Filling up the DagBag from /home/airflow/.local/lib/python3.12/site-packages/airflow/example_dags/example_bash_operator.py
[2024-06-02T19:45:46.481+0000] {processor.py:840} INFO - DAG(s) 'example_bash_operator' retrieved from /home/airflow/.local/lib/python3.12/site-packages/airflow/example_dags/example_bash_operator.py
[2024-06-02T19:45:46.497+0000] {logging_mixin.py:188} INFO - [2024-06-02T19:45:46.497+0000] {dag.py:3096} INFO - Sync 1 DAGs
[2024-06-02T19:45:46.509+0000] {logging_mixin.py:188} INFO - [2024-06-02T19:45:46.509+0000] {dag.py:3954} INFO - Setting next_dagrun for example_bash_operator to 2024-06-01 00:00:00+00:00, run_after=2024-06-02 00:00:00+00:00
[2024-06-02T19:45:46.520+0000] {processor.py:183} INFO - Processing /home/airflow/.local/lib/python3.12/site-packages/airflow/example_dags/example_bash_operator.py took 0.049 seconds
[2024-06-02T19:46:17.161+0000] {processor.py:161} INFO - Started process (PID=587) to work on /home/airflow/.local/lib/python3.12/site-packages/airflow/example_dags/example_bash_operator.py
[2024-06-02T19:46:17.162+0000] {processor.py:830} INFO - Processing file /home/airflow/.local/lib/python3.12/site-packages/airflow/example_dags/example_bash_operator.py for tasks to queue
[2024-06-02T19:46:17.163+0000] {logging_mixin.py:188} INFO - [2024-06-02T19:46:17.163+0000] {dagbag.py:545} INFO - Filling up the DagBag from /home/airflow/.local/lib/python3.12/site-packages/airflow/example_dags/example_bash_operator.py
[2024-06-02T19:46:17.170+0000] {processor.py:840} INFO - DAG(s) 'example_bash_operator' retrieved from /home/airflow/.local/lib/python3.12/site-packages/airflow/example_dags/example_bash_operator.py
[2024-06-02T19:46:17.187+0000] {logging_mixin.py:188} INFO - [2024-06-02T19:46:17.187+0000] {dag.py:3096} INFO - Sync 1 DAGs
[2024-06-02T19:46:17.200+0000] {logging_mixin.py:188} INFO - [2024-06-02T19:46:17.200+0000] {dag.py:3954} INFO - Setting next_dagrun for example_bash_operator to 2024-06-01 00:00:00+00:00, run_after=2024-06-02 00:00:00+00:00
[2024-06-02T19:46:17.211+0000] {processor.py:183} INFO - Processing /home/airflow/.local/lib/python3.12/site-packages/airflow/example_dags/example_bash_operator.py took 0.053 seconds
[2024-06-02T19:46:47.859+0000] {processor.py:161} INFO - Started process (PID=645) to work on /home/airflow/.local/lib/python3.12/site-packages/airflow/example_dags/example_bash_operator.py
[2024-06-02T19:46:47.860+0000] {processor.py:830} INFO - Processing file /home/airflow/.local/lib/python3.12/site-packages/airflow/example_dags/example_bash_operator.py for tasks to queue
[2024-06-02T19:46:47.861+0000] {logging_mixin.py:188} INFO - [2024-06-02T19:46:47.861+0000] {dagbag.py:545} INFO - Filling up the DagBag from /home/airflow/.local/lib/python3.12/site-packages/airflow/example_dags/example_bash_operator.py
[2024-06-02T19:46:47.867+0000] {processor.py:840} INFO - DAG(s) 'example_bash_operator' retrieved from /home/airflow/.local/lib/python3.12/site-packages/airflow/example_dags/example_bash_operator.py
[2024-06-02T19:46:47.883+0000] {logging_mixin.py:188} INFO - [2024-06-02T19:46:47.883+0000] {dag.py:3096} INFO - Sync 1 DAGs
[2024-06-02T19:46:47.895+0000] {logging_mixin.py:188} INFO - [2024-06-02T19:46:47.895+0000] {dag.py:3954} INFO - Setting next_dagrun for example_bash_operator to 2024-06-01 00:00:00+00:00, run_after=2024-06-02 00:00:00+00:00
[2024-06-02T19:46:47.906+0000] {processor.py:183} INFO - Processing /home/airflow/.local/lib/python3.12/site-packages/airflow/example_dags/example_bash_operator.py took 0.050 seconds
[2024-06-02T19:47:18.562+0000] {processor.py:161} INFO - Started process (PID=703) to work on /home/airflow/.local/lib/python3.12/site-packages/airflow/example_dags/example_bash_operator.py
[2024-06-02T19:47:18.563+0000] {processor.py:830} INFO - Processing file /home/airflow/.local/lib/python3.12/site-packages/airflow/example_dags/example_bash_operator.py for tasks to queue
[2024-06-02T19:47:18.565+0000] {logging_mixin.py:188} INFO - [2024-06-02T19:47:18.564+0000] {dagbag.py:545} INFO - Filling up the DagBag from /home/airflow/.local/lib/python3.12/site-packages/airflow/example_dags/example_bash_operator.py
[2024-06-02T19:47:18.571+0000] {processor.py:840} INFO - DAG(s) 'example_bash_operator' retrieved from /home/airflow/.local/lib/python3.12/site-packages/airflow/example_dags/example_bash_operator.py
[2024-06-02T19:47:18.586+0000] {logging_mixin.py:188} INFO - [2024-06-02T19:47:18.586+0000] {dag.py:3096} INFO - Sync 1 DAGs
[2024-06-02T19:47:18.598+0000] {logging_mixin.py:188} INFO - [2024-06-02T19:47:18.598+0000] {dag.py:3954} INFO - Setting next_dagrun for example_bash_operator to 2024-06-01 00:00:00+00:00, run_after=2024-06-02 00:00:00+00:00
[2024-06-02T19:47:18.610+0000] {processor.py:183} INFO - Processing /home/airflow/.local/lib/python3.12/site-packages/airflow/example_dags/example_bash_operator.py took 0.051 seconds
[2024-06-02T19:47:49.320+0000] {processor.py:161} INFO - Started process (PID=761) to work on /home/airflow/.local/lib/python3.12/site-packages/airflow/example_dags/example_bash_operator.py
[2024-06-02T19:47:49.321+0000] {processor.py:830} INFO - Processing file /home/airflow/.local/lib/python3.12/site-packages/airflow/example_dags/example_bash_operator.py for tasks to queue
[2024-06-02T19:47:49.322+0000] {logging_mixin.py:188} INFO - [2024-06-02T19:47:49.322+0000] {dagbag.py:545} INFO - Filling up the DagBag from /home/airflow/.local/lib/python3.12/site-packages/airflow/example_dags/example_bash_operator.py
[2024-06-02T19:47:49.329+0000] {processor.py:840} INFO - DAG(s) 'example_bash_operator' retrieved from /home/airflow/.local/lib/python3.12/site-packages/airflow/example_dags/example_bash_operator.py
[2024-06-02T19:47:49.346+0000] {logging_mixin.py:188} INFO - [2024-06-02T19:47:49.345+0000] {dag.py:3096} INFO - Sync 1 DAGs
[2024-06-02T19:47:49.359+0000] {logging_mixin.py:188} INFO - [2024-06-02T19:47:49.358+0000] {dag.py:3954} INFO - Setting next_dagrun for example_bash_operator to 2024-06-01 00:00:00+00:00, run_after=2024-06-02 00:00:00+00:00
[2024-06-02T19:47:49.369+0000] {processor.py:183} INFO - Processing /home/airflow/.local/lib/python3.12/site-packages/airflow/example_dags/example_bash_operator.py took 0.051 seconds
[2024-06-02T19:48:20.007+0000] {processor.py:161} INFO - Started process (PID=819) to work on /home/airflow/.local/lib/python3.12/site-packages/airflow/example_dags/example_bash_operator.py
[2024-06-02T19:48:20.007+0000] {processor.py:830} INFO - Processing file /home/airflow/.local/lib/python3.12/site-packages/airflow/example_dags/example_bash_operator.py for tasks to queue
[2024-06-02T19:48:20.008+0000] {logging_mixin.py:188} INFO - [2024-06-02T19:48:20.008+0000] {dagbag.py:545} INFO - Filling up the DagBag from /home/airflow/.local/lib/python3.12/site-packages/airflow/example_dags/example_bash_operator.py
[2024-06-02T19:48:20.015+0000] {processor.py:840} INFO - DAG(s) 'example_bash_operator' retrieved from /home/airflow/.local/lib/python3.12/site-packages/airflow/example_dags/example_bash_operator.py
[2024-06-02T19:48:20.030+0000] {logging_mixin.py:188} INFO - [2024-06-02T19:48:20.030+0000] {dag.py:3096} INFO - Sync 1 DAGs
[2024-06-02T19:48:20.042+0000] {logging_mixin.py:188} INFO - [2024-06-02T19:48:20.042+0000] {dag.py:3954} INFO - Setting next_dagrun for example_bash_operator to 2024-06-01 00:00:00+00:00, run_after=2024-06-02 00:00:00+00:00
[2024-06-02T19:48:20.053+0000] {processor.py:183} INFO - Processing /home/airflow/.local/lib/python3.12/site-packages/airflow/example_dags/example_bash_operator.py took 0.049 seconds
[2024-06-02T19:48:50.671+0000] {processor.py:161} INFO - Started process (PID=877) to work on /home/airflow/.local/lib/python3.12/site-packages/airflow/example_dags/example_bash_operator.py
[2024-06-02T19:48:50.672+0000] {processor.py:830} INFO - Processing file /home/airflow/.local/lib/python3.12/site-packages/airflow/example_dags/example_bash_operator.py for tasks to queue
[2024-06-02T19:48:50.673+0000] {logging_mixin.py:188} INFO - [2024-06-02T19:48:50.673+0000] {dagbag.py:545} INFO - Filling up the DagBag from /home/airflow/.local/lib/python3.12/site-packages/airflow/example_dags/example_bash_operator.py
[2024-06-02T19:48:50.680+0000] {processor.py:840} INFO - DAG(s) 'example_bash_operator' retrieved from /home/airflow/.local/lib/python3.12/site-packages/airflow/example_dags/example_bash_operator.py
[2024-06-02T19:48:50.696+0000] {logging_mixin.py:188} INFO - [2024-06-02T19:48:50.696+0000] {dag.py:3096} INFO - Sync 1 DAGs
[2024-06-02T19:48:50.709+0000] {logging_mixin.py:188} INFO - [2024-06-02T19:48:50.708+0000] {dag.py:3954} INFO - Setting next_dagrun for example_bash_operator to 2024-06-01 00:00:00+00:00, run_after=2024-06-02 00:00:00+00:00
[2024-06-02T19:48:50.718+0000] {processor.py:183} INFO - Processing /home/airflow/.local/lib/python3.12/site-packages/airflow/example_dags/example_bash_operator.py took 0.050 seconds
[2024-06-02T19:49:21.306+0000] {processor.py:161} INFO - Started process (PID=935) to work on /home/airflow/.local/lib/python3.12/site-packages/airflow/example_dags/example_bash_operator.py
[2024-06-02T19:49:21.307+0000] {processor.py:830} INFO - Processing file /home/airflow/.local/lib/python3.12/site-packages/airflow/example_dags/example_bash_operator.py for tasks to queue
[2024-06-02T19:49:21.308+0000] {logging_mixin.py:188} INFO - [2024-06-02T19:49:21.308+0000] {dagbag.py:545} INFO - Filling up the DagBag from /home/airflow/.local/lib/python3.12/site-packages/airflow/example_dags/example_bash_operator.py
[2024-06-02T19:49:21.315+0000] {processor.py:840} INFO - DAG(s) 'example_bash_operator' retrieved from /home/airflow/.local/lib/python3.12/site-packages/airflow/example_dags/example_bash_operator.py
[2024-06-02T19:49:21.331+0000] {logging_mixin.py:188} INFO - [2024-06-02T19:49:21.331+0000] {dag.py:3096} INFO - Sync 1 DAGs
[2024-06-02T19:49:21.344+0000] {logging_mixin.py:188} INFO - [2024-06-02T19:49:21.343+0000] {dag.py:3954} INFO - Setting next_dagrun for example_bash_operator to 2024-06-01 00:00:00+00:00, run_after=2024-06-02 00:00:00+00:00
[2024-06-02T19:49:21.354+0000] {processor.py:183} INFO - Processing /home/airflow/.local/lib/python3.12/site-packages/airflow/example_dags/example_bash_operator.py took 0.051 seconds
[2024-06-02T19:49:51.947+0000] {processor.py:161} INFO - Started process (PID=993) to work on /home/airflow/.local/lib/python3.12/site-packages/airflow/example_dags/example_bash_operator.py
[2024-06-02T19:49:51.948+0000] {processor.py:830} INFO - Processing file /home/airflow/.local/lib/python3.12/site-packages/airflow/example_dags/example_bash_operator.py for tasks to queue
[2024-06-02T19:49:51.949+0000] {logging_mixin.py:188} INFO - [2024-06-02T19:49:51.949+0000] {dagbag.py:545} INFO - Filling up the DagBag from /home/airflow/.local/lib/python3.12/site-packages/airflow/example_dags/example_bash_operator.py
[2024-06-02T19:49:51.956+0000] {processor.py:840} INFO - DAG(s) 'example_bash_operator' retrieved from /home/airflow/.local/lib/python3.12/site-packages/airflow/example_dags/example_bash_operator.py
[2024-06-02T19:49:51.971+0000] {logging_mixin.py:188} INFO - [2024-06-02T19:49:51.971+0000] {dag.py:3096} INFO - Sync 1 DAGs
[2024-06-02T19:49:51.983+0000] {logging_mixin.py:188} INFO - [2024-06-02T19:49:51.983+0000] {dag.py:3954} INFO - Setting next_dagrun for example_bash_operator to 2024-06-01 00:00:00+00:00, run_after=2024-06-02 00:00:00+00:00
[2024-06-02T19:49:51.993+0000] {processor.py:183} INFO - Processing /home/airflow/.local/lib/python3.12/site-packages/airflow/example_dags/example_bash_operator.py took 0.048 seconds
[2024-06-02T19:50:22.702+0000] {processor.py:161} INFO - Started process (PID=1051) to work on /home/airflow/.local/lib/python3.12/site-packages/airflow/example_dags/example_bash_operator.py
[2024-06-02T19:50:22.703+0000] {processor.py:830} INFO - Processing file /home/airflow/.local/lib/python3.12/site-packages/airflow/example_dags/example_bash_operator.py for tasks to queue
[2024-06-02T19:50:22.704+0000] {logging_mixin.py:188} INFO - [2024-06-02T19:50:22.703+0000] {dagbag.py:545} INFO - Filling up the DagBag from /home/airflow/.local/lib/python3.12/site-packages/airflow/example_dags/example_bash_operator.py
[2024-06-02T19:50:22.710+0000] {processor.py:840} INFO - DAG(s) 'example_bash_operator' retrieved from /home/airflow/.local/lib/python3.12/site-packages/airflow/example_dags/example_bash_operator.py
[2024-06-02T19:50:22.725+0000] {logging_mixin.py:188} INFO - [2024-06-02T19:50:22.725+0000] {dag.py:3096} INFO - Sync 1 DAGs
[2024-06-02T19:50:22.738+0000] {logging_mixin.py:188} INFO - [2024-06-02T19:50:22.737+0000] {dag.py:3954} INFO - Setting next_dagrun for example_bash_operator to 2024-06-01 00:00:00+00:00, run_after=2024-06-02 00:00:00+00:00
[2024-06-02T19:50:22.748+0000] {processor.py:183} INFO - Processing /home/airflow/.local/lib/python3.12/site-packages/airflow/example_dags/example_bash_operator.py took 0.049 seconds
[2024-06-02T19:50:52.794+0000] {processor.py:161} INFO - Started process (PID=1109) to work on /home/airflow/.local/lib/python3.12/site-packages/airflow/example_dags/example_bash_operator.py
[2024-06-02T19:50:52.795+0000] {processor.py:830} INFO - Processing file /home/airflow/.local/lib/python3.12/site-packages/airflow/example_dags/example_bash_operator.py for tasks to queue
[2024-06-02T19:50:52.796+0000] {logging_mixin.py:188} INFO - [2024-06-02T19:50:52.796+0000] {dagbag.py:545} INFO - Filling up the DagBag from /home/airflow/.local/lib/python3.12/site-packages/airflow/example_dags/example_bash_operator.py
[2024-06-02T19:50:52.802+0000] {processor.py:840} INFO - DAG(s) 'example_bash_operator' retrieved from /home/airflow/.local/lib/python3.12/site-packages/airflow/example_dags/example_bash_operator.py
[2024-06-02T19:50:52.818+0000] {logging_mixin.py:188} INFO - [2024-06-02T19:50:52.818+0000] {dag.py:3096} INFO - Sync 1 DAGs
[2024-06-02T19:50:52.831+0000] {logging_mixin.py:188} INFO - [2024-06-02T19:50:52.831+0000] {dag.py:3954} INFO - Setting next_dagrun for example_bash_operator to 2024-06-01 00:00:00+00:00, run_after=2024-06-02 00:00:00+00:00
[2024-06-02T19:50:52.841+0000] {processor.py:183} INFO - Processing /home/airflow/.local/lib/python3.12/site-packages/airflow/example_dags/example_bash_operator.py took 0.050 seconds
[2024-06-02T19:51:23.024+0000] {processor.py:161} INFO - Started process (PID=1167) to work on /home/airflow/.local/lib/python3.12/site-packages/airflow/example_dags/example_bash_operator.py
[2024-06-02T19:51:23.025+0000] {processor.py:830} INFO - Processing file /home/airflow/.local/lib/python3.12/site-packages/airflow/example_dags/example_bash_operator.py for tasks to queue
[2024-06-02T19:51:23.027+0000] {logging_mixin.py:188} INFO - [2024-06-02T19:51:23.026+0000] {dagbag.py:545} INFO - Filling up the DagBag from /home/airflow/.local/lib/python3.12/site-packages/airflow/example_dags/example_bash_operator.py
[2024-06-02T19:51:23.033+0000] {processor.py:840} INFO - DAG(s) 'example_bash_operator' retrieved from /home/airflow/.local/lib/python3.12/site-packages/airflow/example_dags/example_bash_operator.py
[2024-06-02T19:51:23.050+0000] {logging_mixin.py:188} INFO - [2024-06-02T19:51:23.050+0000] {dag.py:3096} INFO - Sync 1 DAGs
[2024-06-02T19:51:23.063+0000] {logging_mixin.py:188} INFO - [2024-06-02T19:51:23.063+0000] {dag.py:3954} INFO - Setting next_dagrun for example_bash_operator to 2024-06-01 00:00:00+00:00, run_after=2024-06-02 00:00:00+00:00
[2024-06-02T19:51:23.073+0000] {processor.py:183} INFO - Processing /home/airflow/.local/lib/python3.12/site-packages/airflow/example_dags/example_bash_operator.py took 0.053 seconds
[2024-06-02T19:51:53.165+0000] {processor.py:161} INFO - Started process (PID=1225) to work on /home/airflow/.local/lib/python3.12/site-packages/airflow/example_dags/example_bash_operator.py
[2024-06-02T19:51:53.166+0000] {processor.py:830} INFO - Processing file /home/airflow/.local/lib/python3.12/site-packages/airflow/example_dags/example_bash_operator.py for tasks to queue
[2024-06-02T19:51:53.167+0000] {logging_mixin.py:188} INFO - [2024-06-02T19:51:53.167+0000] {dagbag.py:545} INFO - Filling up the DagBag from /home/airflow/.local/lib/python3.12/site-packages/airflow/example_dags/example_bash_operator.py
[2024-06-02T19:51:53.174+0000] {processor.py:840} INFO - DAG(s) 'example_bash_operator' retrieved from /home/airflow/.local/lib/python3.12/site-packages/airflow/example_dags/example_bash_operator.py
[2024-06-02T19:51:53.190+0000] {logging_mixin.py:188} INFO - [2024-06-02T19:51:53.190+0000] {dag.py:3096} INFO - Sync 1 DAGs
[2024-06-02T19:51:53.206+0000] {logging_mixin.py:188} INFO - [2024-06-02T19:51:53.205+0000] {dag.py:3954} INFO - Setting next_dagrun for example_bash_operator to 2024-06-01 00:00:00+00:00, run_after=2024-06-02 00:00:00+00:00
[2024-06-02T19:51:53.217+0000] {processor.py:183} INFO - Processing /home/airflow/.local/lib/python3.12/site-packages/airflow/example_dags/example_bash_operator.py took 0.054 seconds
[2024-06-02T19:52:23.885+0000] {processor.py:161} INFO - Started process (PID=1283) to work on /home/airflow/.local/lib/python3.12/site-packages/airflow/example_dags/example_bash_operator.py
[2024-06-02T19:52:23.886+0000] {processor.py:830} INFO - Processing file /home/airflow/.local/lib/python3.12/site-packages/airflow/example_dags/example_bash_operator.py for tasks to queue
[2024-06-02T19:52:23.887+0000] {logging_mixin.py:188} INFO - [2024-06-02T19:52:23.887+0000] {dagbag.py:545} INFO - Filling up the DagBag from /home/airflow/.local/lib/python3.12/site-packages/airflow/example_dags/example_bash_operator.py
[2024-06-02T19:52:23.895+0000] {processor.py:840} INFO - DAG(s) 'example_bash_operator' retrieved from /home/airflow/.local/lib/python3.12/site-packages/airflow/example_dags/example_bash_operator.py
[2024-06-02T19:52:23.911+0000] {logging_mixin.py:188} INFO - [2024-06-02T19:52:23.911+0000] {dag.py:3096} INFO - Sync 1 DAGs
[2024-06-02T19:52:23.925+0000] {logging_mixin.py:188} INFO - [2024-06-02T19:52:23.925+0000] {dag.py:3954} INFO - Setting next_dagrun for example_bash_operator to 2024-06-01 00:00:00+00:00, run_after=2024-06-02 00:00:00+00:00
[2024-06-02T19:52:23.936+0000] {processor.py:183} INFO - Processing /home/airflow/.local/lib/python3.12/site-packages/airflow/example_dags/example_bash_operator.py took 0.053 seconds
[2024-06-02T19:52:54.606+0000] {processor.py:161} INFO - Started process (PID=1340) to work on /home/airflow/.local/lib/python3.12/site-packages/airflow/example_dags/example_bash_operator.py
[2024-06-02T19:52:54.607+0000] {processor.py:830} INFO - Processing file /home/airflow/.local/lib/python3.12/site-packages/airflow/example_dags/example_bash_operator.py for tasks to queue
[2024-06-02T19:52:54.608+0000] {logging_mixin.py:188} INFO - [2024-06-02T19:52:54.608+0000] {dagbag.py:545} INFO - Filling up the DagBag from /home/airflow/.local/lib/python3.12/site-packages/airflow/example_dags/example_bash_operator.py
[2024-06-02T19:52:54.614+0000] {processor.py:840} INFO - DAG(s) 'example_bash_operator' retrieved from /home/airflow/.local/lib/python3.12/site-packages/airflow/example_dags/example_bash_operator.py
[2024-06-02T19:52:54.630+0000] {logging_mixin.py:188} INFO - [2024-06-02T19:52:54.630+0000] {dag.py:3096} INFO - Sync 1 DAGs
[2024-06-02T19:52:54.643+0000] {logging_mixin.py:188} INFO - [2024-06-02T19:52:54.643+0000] {dag.py:3954} INFO - Setting next_dagrun for example_bash_operator to 2024-06-01 00:00:00+00:00, run_after=2024-06-02 00:00:00+00:00
[2024-06-02T19:52:54.652+0000] {processor.py:183} INFO - Processing /home/airflow/.local/lib/python3.12/site-packages/airflow/example_dags/example_bash_operator.py took 0.050 seconds
[2024-06-02T19:53:25.320+0000] {processor.py:161} INFO - Started process (PID=1404) to work on /home/airflow/.local/lib/python3.12/site-packages/airflow/example_dags/example_bash_operator.py
[2024-06-02T19:53:25.321+0000] {processor.py:830} INFO - Processing file /home/airflow/.local/lib/python3.12/site-packages/airflow/example_dags/example_bash_operator.py for tasks to queue
[2024-06-02T19:53:25.322+0000] {logging_mixin.py:188} INFO - [2024-06-02T19:53:25.322+0000] {dagbag.py:545} INFO - Filling up the DagBag from /home/airflow/.local/lib/python3.12/site-packages/airflow/example_dags/example_bash_operator.py
[2024-06-02T19:53:25.328+0000] {processor.py:840} INFO - DAG(s) 'example_bash_operator' retrieved from /home/airflow/.local/lib/python3.12/site-packages/airflow/example_dags/example_bash_operator.py
[2024-06-02T19:53:25.343+0000] {logging_mixin.py:188} INFO - [2024-06-02T19:53:25.343+0000] {dag.py:3096} INFO - Sync 1 DAGs
[2024-06-02T19:53:25.356+0000] {logging_mixin.py:188} INFO - [2024-06-02T19:53:25.356+0000] {dag.py:3954} INFO - Setting next_dagrun for example_bash_operator to 2024-06-01 00:00:00+00:00, run_after=2024-06-02 00:00:00+00:00
[2024-06-02T19:53:25.367+0000] {processor.py:183} INFO - Processing /home/airflow/.local/lib/python3.12/site-packages/airflow/example_dags/example_bash_operator.py took 0.050 seconds
[2024-06-02T19:53:56.007+0000] {processor.py:161} INFO - Started process (PID=1462) to work on /home/airflow/.local/lib/python3.12/site-packages/airflow/example_dags/example_bash_operator.py
[2024-06-02T19:53:56.008+0000] {processor.py:830} INFO - Processing file /home/airflow/.local/lib/python3.12/site-packages/airflow/example_dags/example_bash_operator.py for tasks to queue
[2024-06-02T19:53:56.009+0000] {logging_mixin.py:188} INFO - [2024-06-02T19:53:56.009+0000] {dagbag.py:545} INFO - Filling up the DagBag from /home/airflow/.local/lib/python3.12/site-packages/airflow/example_dags/example_bash_operator.py
[2024-06-02T19:53:56.016+0000] {processor.py:840} INFO - DAG(s) 'example_bash_operator' retrieved from /home/airflow/.local/lib/python3.12/site-packages/airflow/example_dags/example_bash_operator.py
[2024-06-02T19:53:56.031+0000] {logging_mixin.py:188} INFO - [2024-06-02T19:53:56.031+0000] {dag.py:3096} INFO - Sync 1 DAGs
[2024-06-02T19:53:56.044+0000] {logging_mixin.py:188} INFO - [2024-06-02T19:53:56.044+0000] {dag.py:3954} INFO - Setting next_dagrun for example_bash_operator to 2024-06-01 00:00:00+00:00, run_after=2024-06-02 00:00:00+00:00
[2024-06-02T19:53:56.054+0000] {processor.py:183} INFO - Processing /home/airflow/.local/lib/python3.12/site-packages/airflow/example_dags/example_bash_operator.py took 0.050 seconds
[2024-06-02T19:54:26.741+0000] {processor.py:161} INFO - Started process (PID=1520) to work on /home/airflow/.local/lib/python3.12/site-packages/airflow/example_dags/example_bash_operator.py
[2024-06-02T19:54:26.743+0000] {processor.py:830} INFO - Processing file /home/airflow/.local/lib/python3.12/site-packages/airflow/example_dags/example_bash_operator.py for tasks to queue
[2024-06-02T19:54:26.744+0000] {logging_mixin.py:188} INFO - [2024-06-02T19:54:26.744+0000] {dagbag.py:545} INFO - Filling up the DagBag from /home/airflow/.local/lib/python3.12/site-packages/airflow/example_dags/example_bash_operator.py
[2024-06-02T19:54:26.750+0000] {processor.py:840} INFO - DAG(s) 'example_bash_operator' retrieved from /home/airflow/.local/lib/python3.12/site-packages/airflow/example_dags/example_bash_operator.py
[2024-06-02T19:54:26.767+0000] {logging_mixin.py:188} INFO - [2024-06-02T19:54:26.767+0000] {dag.py:3096} INFO - Sync 1 DAGs
[2024-06-02T19:54:26.780+0000] {logging_mixin.py:188} INFO - [2024-06-02T19:54:26.780+0000] {dag.py:3954} INFO - Setting next_dagrun for example_bash_operator to 2024-06-01 00:00:00+00:00, run_after=2024-06-02 00:00:00+00:00
[2024-06-02T19:54:26.790+0000] {processor.py:183} INFO - Processing /home/airflow/.local/lib/python3.12/site-packages/airflow/example_dags/example_bash_operator.py took 0.053 seconds
[2024-06-02T19:54:57.548+0000] {processor.py:161} INFO - Started process (PID=1578) to work on /home/airflow/.local/lib/python3.12/site-packages/airflow/example_dags/example_bash_operator.py
[2024-06-02T19:54:57.548+0000] {processor.py:830} INFO - Processing file /home/airflow/.local/lib/python3.12/site-packages/airflow/example_dags/example_bash_operator.py for tasks to queue
[2024-06-02T19:54:57.550+0000] {logging_mixin.py:188} INFO - [2024-06-02T19:54:57.550+0000] {dagbag.py:545} INFO - Filling up the DagBag from /home/airflow/.local/lib/python3.12/site-packages/airflow/example_dags/example_bash_operator.py
[2024-06-02T19:54:57.556+0000] {processor.py:840} INFO - DAG(s) 'example_bash_operator' retrieved from /home/airflow/.local/lib/python3.12/site-packages/airflow/example_dags/example_bash_operator.py
[2024-06-02T19:54:57.572+0000] {logging_mixin.py:188} INFO - [2024-06-02T19:54:57.572+0000] {dag.py:3096} INFO - Sync 1 DAGs
[2024-06-02T19:54:57.585+0000] {logging_mixin.py:188} INFO - [2024-06-02T19:54:57.585+0000] {dag.py:3954} INFO - Setting next_dagrun for example_bash_operator to 2024-06-01 00:00:00+00:00, run_after=2024-06-02 00:00:00+00:00
[2024-06-02T19:54:57.596+0000] {processor.py:183} INFO - Processing /home/airflow/.local/lib/python3.12/site-packages/airflow/example_dags/example_bash_operator.py took 0.051 seconds
[2024-06-02T19:55:28.237+0000] {processor.py:161} INFO - Started process (PID=1636) to work on /home/airflow/.local/lib/python3.12/site-packages/airflow/example_dags/example_bash_operator.py
[2024-06-02T19:55:28.238+0000] {processor.py:830} INFO - Processing file /home/airflow/.local/lib/python3.12/site-packages/airflow/example_dags/example_bash_operator.py for tasks to queue
[2024-06-02T19:55:28.239+0000] {logging_mixin.py:188} INFO - [2024-06-02T19:55:28.239+0000] {dagbag.py:545} INFO - Filling up the DagBag from /home/airflow/.local/lib/python3.12/site-packages/airflow/example_dags/example_bash_operator.py
[2024-06-02T19:55:28.245+0000] {processor.py:840} INFO - DAG(s) 'example_bash_operator' retrieved from /home/airflow/.local/lib/python3.12/site-packages/airflow/example_dags/example_bash_operator.py
[2024-06-02T19:55:28.262+0000] {logging_mixin.py:188} INFO - [2024-06-02T19:55:28.262+0000] {dag.py:3096} INFO - Sync 1 DAGs
[2024-06-02T19:55:28.275+0000] {logging_mixin.py:188} INFO - [2024-06-02T19:55:28.275+0000] {dag.py:3954} INFO - Setting next_dagrun for example_bash_operator to 2024-06-01 00:00:00+00:00, run_after=2024-06-02 00:00:00+00:00
[2024-06-02T19:55:28.285+0000] {processor.py:183} INFO - Processing /home/airflow/.local/lib/python3.12/site-packages/airflow/example_dags/example_bash_operator.py took 0.050 seconds
[2024-06-02T19:55:58.941+0000] {processor.py:161} INFO - Started process (PID=1694) to work on /home/airflow/.local/lib/python3.12/site-packages/airflow/example_dags/example_bash_operator.py
[2024-06-02T19:55:58.942+0000] {processor.py:830} INFO - Processing file /home/airflow/.local/lib/python3.12/site-packages/airflow/example_dags/example_bash_operator.py for tasks to queue
[2024-06-02T19:55:58.944+0000] {logging_mixin.py:188} INFO - [2024-06-02T19:55:58.944+0000] {dagbag.py:545} INFO - Filling up the DagBag from /home/airflow/.local/lib/python3.12/site-packages/airflow/example_dags/example_bash_operator.py
[2024-06-02T19:55:58.950+0000] {processor.py:840} INFO - DAG(s) 'example_bash_operator' retrieved from /home/airflow/.local/lib/python3.12/site-packages/airflow/example_dags/example_bash_operator.py
[2024-06-02T19:55:58.966+0000] {logging_mixin.py:188} INFO - [2024-06-02T19:55:58.965+0000] {dag.py:3096} INFO - Sync 1 DAGs
[2024-06-02T19:55:58.978+0000] {logging_mixin.py:188} INFO - [2024-06-02T19:55:58.978+0000] {dag.py:3954} INFO - Setting next_dagrun for example_bash_operator to 2024-06-01 00:00:00+00:00, run_after=2024-06-02 00:00:00+00:00
[2024-06-02T19:55:58.989+0000] {processor.py:183} INFO - Processing /home/airflow/.local/lib/python3.12/site-packages/airflow/example_dags/example_bash_operator.py took 0.050 seconds
[2024-06-02T19:56:29.559+0000] {processor.py:161} INFO - Started process (PID=1752) to work on /home/airflow/.local/lib/python3.12/site-packages/airflow/example_dags/example_bash_operator.py
[2024-06-02T19:56:29.559+0000] {processor.py:830} INFO - Processing file /home/airflow/.local/lib/python3.12/site-packages/airflow/example_dags/example_bash_operator.py for tasks to queue
[2024-06-02T19:56:29.560+0000] {logging_mixin.py:188} INFO - [2024-06-02T19:56:29.560+0000] {dagbag.py:545} INFO - Filling up the DagBag from /home/airflow/.local/lib/python3.12/site-packages/airflow/example_dags/example_bash_operator.py
[2024-06-02T19:56:29.567+0000] {processor.py:840} INFO - DAG(s) 'example_bash_operator' retrieved from /home/airflow/.local/lib/python3.12/site-packages/airflow/example_dags/example_bash_operator.py
[2024-06-02T19:56:29.584+0000] {logging_mixin.py:188} INFO - [2024-06-02T19:56:29.584+0000] {dag.py:3096} INFO - Sync 1 DAGs
[2024-06-02T19:56:29.597+0000] {logging_mixin.py:188} INFO - [2024-06-02T19:56:29.597+0000] {dag.py:3954} INFO - Setting next_dagrun for example_bash_operator to 2024-06-01 00:00:00+00:00, run_after=2024-06-02 00:00:00+00:00
[2024-06-02T19:56:29.607+0000] {processor.py:183} INFO - Processing /home/airflow/.local/lib/python3.12/site-packages/airflow/example_dags/example_bash_operator.py took 0.051 seconds
[2024-06-02T19:57:00.396+0000] {processor.py:161} INFO - Started process (PID=1810) to work on /home/airflow/.local/lib/python3.12/site-packages/airflow/example_dags/example_bash_operator.py
[2024-06-02T19:57:00.397+0000] {processor.py:830} INFO - Processing file /home/airflow/.local/lib/python3.12/site-packages/airflow/example_dags/example_bash_operator.py for tasks to queue
[2024-06-02T19:57:00.398+0000] {logging_mixin.py:188} INFO - [2024-06-02T19:57:00.398+0000] {dagbag.py:545} INFO - Filling up the DagBag from /home/airflow/.local/lib/python3.12/site-packages/airflow/example_dags/example_bash_operator.py
[2024-06-02T19:57:00.404+0000] {processor.py:840} INFO - DAG(s) 'example_bash_operator' retrieved from /home/airflow/.local/lib/python3.12/site-packages/airflow/example_dags/example_bash_operator.py
[2024-06-02T19:57:00.419+0000] {logging_mixin.py:188} INFO - [2024-06-02T19:57:00.419+0000] {dag.py:3096} INFO - Sync 1 DAGs
[2024-06-02T19:57:00.432+0000] {logging_mixin.py:188} INFO - [2024-06-02T19:57:00.431+0000] {dag.py:3954} INFO - Setting next_dagrun for example_bash_operator to 2024-06-01 00:00:00+00:00, run_after=2024-06-02 00:00:00+00:00
[2024-06-02T19:57:00.441+0000] {processor.py:183} INFO - Processing /home/airflow/.local/lib/python3.12/site-packages/airflow/example_dags/example_bash_operator.py took 0.048 seconds
[2024-06-02T19:57:31.159+0000] {processor.py:161} INFO - Started process (PID=1868) to work on /home/airflow/.local/lib/python3.12/site-packages/airflow/example_dags/example_bash_operator.py
[2024-06-02T19:57:31.160+0000] {processor.py:830} INFO - Processing file /home/airflow/.local/lib/python3.12/site-packages/airflow/example_dags/example_bash_operator.py for tasks to queue
[2024-06-02T19:57:31.162+0000] {logging_mixin.py:188} INFO - [2024-06-02T19:57:31.161+0000] {dagbag.py:545} INFO - Filling up the DagBag from /home/airflow/.local/lib/python3.12/site-packages/airflow/example_dags/example_bash_operator.py
[2024-06-02T19:57:31.168+0000] {processor.py:840} INFO - DAG(s) 'example_bash_operator' retrieved from /home/airflow/.local/lib/python3.12/site-packages/airflow/example_dags/example_bash_operator.py
[2024-06-02T19:57:31.184+0000] {logging_mixin.py:188} INFO - [2024-06-02T19:57:31.184+0000] {dag.py:3096} INFO - Sync 1 DAGs
[2024-06-02T19:57:31.197+0000] {logging_mixin.py:188} INFO - [2024-06-02T19:57:31.197+0000] {dag.py:3954} INFO - Setting next_dagrun for example_bash_operator to 2024-06-01 00:00:00+00:00, run_after=2024-06-02 00:00:00+00:00
[2024-06-02T19:57:31.295+0000] {processor.py:183} INFO - Processing /home/airflow/.local/lib/python3.12/site-packages/airflow/example_dags/example_bash_operator.py took 0.139 seconds
[2024-06-02T19:58:02.106+0000] {processor.py:161} INFO - Started process (PID=1926) to work on /home/airflow/.local/lib/python3.12/site-packages/airflow/example_dags/example_bash_operator.py
[2024-06-02T19:58:02.107+0000] {processor.py:830} INFO - Processing file /home/airflow/.local/lib/python3.12/site-packages/airflow/example_dags/example_bash_operator.py for tasks to queue
[2024-06-02T19:58:02.108+0000] {logging_mixin.py:188} INFO - [2024-06-02T19:58:02.108+0000] {dagbag.py:545} INFO - Filling up the DagBag from /home/airflow/.local/lib/python3.12/site-packages/airflow/example_dags/example_bash_operator.py
[2024-06-02T19:58:02.115+0000] {processor.py:840} INFO - DAG(s) 'example_bash_operator' retrieved from /home/airflow/.local/lib/python3.12/site-packages/airflow/example_dags/example_bash_operator.py
[2024-06-02T19:58:02.131+0000] {logging_mixin.py:188} INFO - [2024-06-02T19:58:02.131+0000] {dag.py:3096} INFO - Sync 1 DAGs
[2024-06-02T19:58:02.144+0000] {logging_mixin.py:188} INFO - [2024-06-02T19:58:02.144+0000] {dag.py:3954} INFO - Setting next_dagrun for example_bash_operator to 2024-06-01 00:00:00+00:00, run_after=2024-06-02 00:00:00+00:00
[2024-06-02T19:58:02.155+0000] {processor.py:183} INFO - Processing /home/airflow/.local/lib/python3.12/site-packages/airflow/example_dags/example_bash_operator.py took 0.052 seconds
[2024-06-02T19:58:32.906+0000] {processor.py:161} INFO - Started process (PID=1984) to work on /home/airflow/.local/lib/python3.12/site-packages/airflow/example_dags/example_bash_operator.py
[2024-06-02T19:58:32.907+0000] {processor.py:830} INFO - Processing file /home/airflow/.local/lib/python3.12/site-packages/airflow/example_dags/example_bash_operator.py for tasks to queue
[2024-06-02T19:58:32.908+0000] {logging_mixin.py:188} INFO - [2024-06-02T19:58:32.908+0000] {dagbag.py:545} INFO - Filling up the DagBag from /home/airflow/.local/lib/python3.12/site-packages/airflow/example_dags/example_bash_operator.py
[2024-06-02T19:58:32.914+0000] {processor.py:840} INFO - DAG(s) 'example_bash_operator' retrieved from /home/airflow/.local/lib/python3.12/site-packages/airflow/example_dags/example_bash_operator.py
[2024-06-02T19:58:32.930+0000] {logging_mixin.py:188} INFO - [2024-06-02T19:58:32.930+0000] {dag.py:3096} INFO - Sync 1 DAGs
[2024-06-02T19:58:32.942+0000] {logging_mixin.py:188} INFO - [2024-06-02T19:58:32.942+0000] {dag.py:3954} INFO - Setting next_dagrun for example_bash_operator to 2024-06-01 00:00:00+00:00, run_after=2024-06-02 00:00:00+00:00
[2024-06-02T19:58:32.952+0000] {processor.py:183} INFO - Processing /home/airflow/.local/lib/python3.12/site-packages/airflow/example_dags/example_bash_operator.py took 0.049 seconds
[2024-06-02T19:59:03.092+0000] {processor.py:161} INFO - Started process (PID=2042) to work on /home/airflow/.local/lib/python3.12/site-packages/airflow/example_dags/example_bash_operator.py
[2024-06-02T19:59:03.093+0000] {processor.py:830} INFO - Processing file /home/airflow/.local/lib/python3.12/site-packages/airflow/example_dags/example_bash_operator.py for tasks to queue
[2024-06-02T19:59:03.094+0000] {logging_mixin.py:188} INFO - [2024-06-02T19:59:03.094+0000] {dagbag.py:545} INFO - Filling up the DagBag from /home/airflow/.local/lib/python3.12/site-packages/airflow/example_dags/example_bash_operator.py
[2024-06-02T19:59:03.101+0000] {processor.py:840} INFO - DAG(s) 'example_bash_operator' retrieved from /home/airflow/.local/lib/python3.12/site-packages/airflow/example_dags/example_bash_operator.py
[2024-06-02T19:59:03.117+0000] {logging_mixin.py:188} INFO - [2024-06-02T19:59:03.117+0000] {dag.py:3096} INFO - Sync 1 DAGs
[2024-06-02T19:59:03.129+0000] {logging_mixin.py:188} INFO - [2024-06-02T19:59:03.129+0000] {dag.py:3954} INFO - Setting next_dagrun for example_bash_operator to 2024-06-01 00:00:00+00:00, run_after=2024-06-02 00:00:00+00:00
[2024-06-02T19:59:03.140+0000] {processor.py:183} INFO - Processing /home/airflow/.local/lib/python3.12/site-packages/airflow/example_dags/example_bash_operator.py took 0.051 seconds
[2024-06-02T19:59:33.594+0000] {processor.py:161} INFO - Started process (PID=2100) to work on /home/airflow/.local/lib/python3.12/site-packages/airflow/example_dags/example_bash_operator.py
[2024-06-02T19:59:33.595+0000] {processor.py:830} INFO - Processing file /home/airflow/.local/lib/python3.12/site-packages/airflow/example_dags/example_bash_operator.py for tasks to queue
[2024-06-02T19:59:33.596+0000] {logging_mixin.py:188} INFO - [2024-06-02T19:59:33.596+0000] {dagbag.py:545} INFO - Filling up the DagBag from /home/airflow/.local/lib/python3.12/site-packages/airflow/example_dags/example_bash_operator.py
[2024-06-02T19:59:33.603+0000] {processor.py:840} INFO - DAG(s) 'example_bash_operator' retrieved from /home/airflow/.local/lib/python3.12/site-packages/airflow/example_dags/example_bash_operator.py
[2024-06-02T19:59:33.618+0000] {logging_mixin.py:188} INFO - [2024-06-02T19:59:33.618+0000] {dag.py:3096} INFO - Sync 1 DAGs
[2024-06-02T19:59:33.632+0000] {logging_mixin.py:188} INFO - [2024-06-02T19:59:33.631+0000] {dag.py:3954} INFO - Setting next_dagrun for example_bash_operator to 2024-06-01 00:00:00+00:00, run_after=2024-06-02 00:00:00+00:00
[2024-06-02T19:59:33.642+0000] {processor.py:183} INFO - Processing /home/airflow/.local/lib/python3.12/site-packages/airflow/example_dags/example_bash_operator.py took 0.051 seconds
[2024-06-02T20:00:04.656+0000] {processor.py:161} INFO - Started process (PID=2158) to work on /home/airflow/.local/lib/python3.12/site-packages/airflow/example_dags/example_bash_operator.py
[2024-06-02T20:00:04.657+0000] {processor.py:830} INFO - Processing file /home/airflow/.local/lib/python3.12/site-packages/airflow/example_dags/example_bash_operator.py for tasks to queue
[2024-06-02T20:00:04.659+0000] {logging_mixin.py:188} INFO - [2024-06-02T20:00:04.658+0000] {dagbag.py:545} INFO - Filling up the DagBag from /home/airflow/.local/lib/python3.12/site-packages/airflow/example_dags/example_bash_operator.py
[2024-06-02T20:00:04.665+0000] {processor.py:840} INFO - DAG(s) 'example_bash_operator' retrieved from /home/airflow/.local/lib/python3.12/site-packages/airflow/example_dags/example_bash_operator.py
[2024-06-02T20:00:04.682+0000] {logging_mixin.py:188} INFO - [2024-06-02T20:00:04.682+0000] {dag.py:3096} INFO - Sync 1 DAGs
[2024-06-02T20:00:04.695+0000] {logging_mixin.py:188} INFO - [2024-06-02T20:00:04.695+0000] {dag.py:3954} INFO - Setting next_dagrun for example_bash_operator to 2024-06-01 00:00:00+00:00, run_after=2024-06-02 00:00:00+00:00
[2024-06-02T20:00:04.705+0000] {processor.py:183} INFO - Processing /home/airflow/.local/lib/python3.12/site-packages/airflow/example_dags/example_bash_operator.py took 0.053 seconds
[2024-06-02T20:00:35.468+0000] {processor.py:161} INFO - Started process (PID=2216) to work on /home/airflow/.local/lib/python3.12/site-packages/airflow/example_dags/example_bash_operator.py
[2024-06-02T20:00:35.468+0000] {processor.py:830} INFO - Processing file /home/airflow/.local/lib/python3.12/site-packages/airflow/example_dags/example_bash_operator.py for tasks to queue
[2024-06-02T20:00:35.471+0000] {logging_mixin.py:188} INFO - [2024-06-02T20:00:35.470+0000] {dagbag.py:545} INFO - Filling up the DagBag from /home/airflow/.local/lib/python3.12/site-packages/airflow/example_dags/example_bash_operator.py
[2024-06-02T20:00:35.477+0000] {processor.py:840} INFO - DAG(s) 'example_bash_operator' retrieved from /home/airflow/.local/lib/python3.12/site-packages/airflow/example_dags/example_bash_operator.py
[2024-06-02T20:00:35.581+0000] {logging_mixin.py:188} INFO - [2024-06-02T20:00:35.581+0000] {dag.py:3096} INFO - Sync 1 DAGs
[2024-06-02T20:00:35.593+0000] {logging_mixin.py:188} INFO - [2024-06-02T20:00:35.593+0000] {dag.py:3954} INFO - Setting next_dagrun for example_bash_operator to 2024-06-01 00:00:00+00:00, run_after=2024-06-02 00:00:00+00:00
[2024-06-02T20:00:35.603+0000] {processor.py:183} INFO - Processing /home/airflow/.local/lib/python3.12/site-packages/airflow/example_dags/example_bash_operator.py took 0.139 seconds
[2024-06-02T20:01:05.823+0000] {processor.py:161} INFO - Started process (PID=2274) to work on /home/airflow/.local/lib/python3.12/site-packages/airflow/example_dags/example_bash_operator.py
[2024-06-02T20:01:05.824+0000] {processor.py:830} INFO - Processing file /home/airflow/.local/lib/python3.12/site-packages/airflow/example_dags/example_bash_operator.py for tasks to queue
[2024-06-02T20:01:05.825+0000] {logging_mixin.py:188} INFO - [2024-06-02T20:01:05.825+0000] {dagbag.py:545} INFO - Filling up the DagBag from /home/airflow/.local/lib/python3.12/site-packages/airflow/example_dags/example_bash_operator.py
[2024-06-02T20:01:05.832+0000] {processor.py:840} INFO - DAG(s) 'example_bash_operator' retrieved from /home/airflow/.local/lib/python3.12/site-packages/airflow/example_dags/example_bash_operator.py
[2024-06-02T20:01:05.848+0000] {logging_mixin.py:188} INFO - [2024-06-02T20:01:05.848+0000] {dag.py:3096} INFO - Sync 1 DAGs
[2024-06-02T20:01:05.861+0000] {logging_mixin.py:188} INFO - [2024-06-02T20:01:05.861+0000] {dag.py:3954} INFO - Setting next_dagrun for example_bash_operator to 2024-06-01 00:00:00+00:00, run_after=2024-06-02 00:00:00+00:00
[2024-06-02T20:01:05.871+0000] {processor.py:183} INFO - Processing /home/airflow/.local/lib/python3.12/site-packages/airflow/example_dags/example_bash_operator.py took 0.051 seconds
[2024-06-02T20:01:36.603+0000] {processor.py:161} INFO - Started process (PID=2332) to work on /home/airflow/.local/lib/python3.12/site-packages/airflow/example_dags/example_bash_operator.py
[2024-06-02T20:01:36.604+0000] {processor.py:830} INFO - Processing file /home/airflow/.local/lib/python3.12/site-packages/airflow/example_dags/example_bash_operator.py for tasks to queue
[2024-06-02T20:01:36.605+0000] {logging_mixin.py:188} INFO - [2024-06-02T20:01:36.605+0000] {dagbag.py:545} INFO - Filling up the DagBag from /home/airflow/.local/lib/python3.12/site-packages/airflow/example_dags/example_bash_operator.py
[2024-06-02T20:01:36.611+0000] {processor.py:840} INFO - DAG(s) 'example_bash_operator' retrieved from /home/airflow/.local/lib/python3.12/site-packages/airflow/example_dags/example_bash_operator.py
[2024-06-02T20:01:36.626+0000] {logging_mixin.py:188} INFO - [2024-06-02T20:01:36.626+0000] {dag.py:3096} INFO - Sync 1 DAGs
[2024-06-02T20:01:36.638+0000] {logging_mixin.py:188} INFO - [2024-06-02T20:01:36.638+0000] {dag.py:3954} INFO - Setting next_dagrun for example_bash_operator to 2024-06-01 00:00:00+00:00, run_after=2024-06-02 00:00:00+00:00
[2024-06-02T20:01:36.648+0000] {processor.py:183} INFO - Processing /home/airflow/.local/lib/python3.12/site-packages/airflow/example_dags/example_bash_operator.py took 0.049 seconds
[2024-06-02T20:02:07.424+0000] {processor.py:161} INFO - Started process (PID=2390) to work on /home/airflow/.local/lib/python3.12/site-packages/airflow/example_dags/example_bash_operator.py
[2024-06-02T20:02:07.425+0000] {processor.py:830} INFO - Processing file /home/airflow/.local/lib/python3.12/site-packages/airflow/example_dags/example_bash_operator.py for tasks to queue
[2024-06-02T20:02:07.426+0000] {logging_mixin.py:188} INFO - [2024-06-02T20:02:07.426+0000] {dagbag.py:545} INFO - Filling up the DagBag from /home/airflow/.local/lib/python3.12/site-packages/airflow/example_dags/example_bash_operator.py
[2024-06-02T20:02:07.432+0000] {processor.py:840} INFO - DAG(s) 'example_bash_operator' retrieved from /home/airflow/.local/lib/python3.12/site-packages/airflow/example_dags/example_bash_operator.py
[2024-06-02T20:02:07.448+0000] {logging_mixin.py:188} INFO - [2024-06-02T20:02:07.447+0000] {dag.py:3096} INFO - Sync 1 DAGs
[2024-06-02T20:02:07.460+0000] {logging_mixin.py:188} INFO - [2024-06-02T20:02:07.460+0000] {dag.py:3954} INFO - Setting next_dagrun for example_bash_operator to 2024-06-01 00:00:00+00:00, run_after=2024-06-02 00:00:00+00:00
[2024-06-02T20:02:07.470+0000] {processor.py:183} INFO - Processing /home/airflow/.local/lib/python3.12/site-packages/airflow/example_dags/example_bash_operator.py took 0.049 seconds
[2024-06-02T20:02:38.124+0000] {processor.py:161} INFO - Started process (PID=2448) to work on /home/airflow/.local/lib/python3.12/site-packages/airflow/example_dags/example_bash_operator.py
[2024-06-02T20:02:38.124+0000] {processor.py:830} INFO - Processing file /home/airflow/.local/lib/python3.12/site-packages/airflow/example_dags/example_bash_operator.py for tasks to queue
[2024-06-02T20:02:38.125+0000] {logging_mixin.py:188} INFO - [2024-06-02T20:02:38.125+0000] {dagbag.py:545} INFO - Filling up the DagBag from /home/airflow/.local/lib/python3.12/site-packages/airflow/example_dags/example_bash_operator.py
[2024-06-02T20:02:38.132+0000] {processor.py:840} INFO - DAG(s) 'example_bash_operator' retrieved from /home/airflow/.local/lib/python3.12/site-packages/airflow/example_dags/example_bash_operator.py
[2024-06-02T20:02:38.149+0000] {logging_mixin.py:188} INFO - [2024-06-02T20:02:38.148+0000] {dag.py:3096} INFO - Sync 1 DAGs
[2024-06-02T20:02:38.162+0000] {logging_mixin.py:188} INFO - [2024-06-02T20:02:38.161+0000] {dag.py:3954} INFO - Setting next_dagrun for example_bash_operator to 2024-06-01 00:00:00+00:00, run_after=2024-06-02 00:00:00+00:00
[2024-06-02T20:02:38.171+0000] {processor.py:183} INFO - Processing /home/airflow/.local/lib/python3.12/site-packages/airflow/example_dags/example_bash_operator.py took 0.051 seconds
[2024-06-02T20:03:08.695+0000] {processor.py:161} INFO - Started process (PID=2506) to work on /home/airflow/.local/lib/python3.12/site-packages/airflow/example_dags/example_bash_operator.py
[2024-06-02T20:03:08.696+0000] {processor.py:830} INFO - Processing file /home/airflow/.local/lib/python3.12/site-packages/airflow/example_dags/example_bash_operator.py for tasks to queue
[2024-06-02T20:03:08.697+0000] {logging_mixin.py:188} INFO - [2024-06-02T20:03:08.697+0000] {dagbag.py:545} INFO - Filling up the DagBag from /home/airflow/.local/lib/python3.12/site-packages/airflow/example_dags/example_bash_operator.py
[2024-06-02T20:03:08.704+0000] {processor.py:840} INFO - DAG(s) 'example_bash_operator' retrieved from /home/airflow/.local/lib/python3.12/site-packages/airflow/example_dags/example_bash_operator.py
[2024-06-02T20:03:08.719+0000] {logging_mixin.py:188} INFO - [2024-06-02T20:03:08.719+0000] {dag.py:3096} INFO - Sync 1 DAGs
[2024-06-02T20:03:08.732+0000] {logging_mixin.py:188} INFO - [2024-06-02T20:03:08.732+0000] {dag.py:3954} INFO - Setting next_dagrun for example_bash_operator to 2024-06-01 00:00:00+00:00, run_after=2024-06-02 00:00:00+00:00
[2024-06-02T20:03:08.742+0000] {processor.py:183} INFO - Processing /home/airflow/.local/lib/python3.12/site-packages/airflow/example_dags/example_bash_operator.py took 0.050 seconds
[2024-06-02T20:03:39.397+0000] {processor.py:161} INFO - Started process (PID=2564) to work on /home/airflow/.local/lib/python3.12/site-packages/airflow/example_dags/example_bash_operator.py
[2024-06-02T20:03:39.398+0000] {processor.py:830} INFO - Processing file /home/airflow/.local/lib/python3.12/site-packages/airflow/example_dags/example_bash_operator.py for tasks to queue
[2024-06-02T20:03:39.399+0000] {logging_mixin.py:188} INFO - [2024-06-02T20:03:39.399+0000] {dagbag.py:545} INFO - Filling up the DagBag from /home/airflow/.local/lib/python3.12/site-packages/airflow/example_dags/example_bash_operator.py
[2024-06-02T20:03:39.406+0000] {processor.py:840} INFO - DAG(s) 'example_bash_operator' retrieved from /home/airflow/.local/lib/python3.12/site-packages/airflow/example_dags/example_bash_operator.py
[2024-06-02T20:03:39.421+0000] {logging_mixin.py:188} INFO - [2024-06-02T20:03:39.421+0000] {dag.py:3096} INFO - Sync 1 DAGs
[2024-06-02T20:03:39.434+0000] {logging_mixin.py:188} INFO - [2024-06-02T20:03:39.434+0000] {dag.py:3954} INFO - Setting next_dagrun for example_bash_operator to 2024-06-01 00:00:00+00:00, run_after=2024-06-02 00:00:00+00:00
[2024-06-02T20:03:39.445+0000] {processor.py:183} INFO - Processing /home/airflow/.local/lib/python3.12/site-packages/airflow/example_dags/example_bash_operator.py took 0.050 seconds
