[2024-06-02T19:29:18.428+0000] {processor.py:161} INFO - Started process (PID=57) to work on /home/airflow/.local/lib/python3.12/site-packages/airflow/example_dags/example_sla_dag.py
[2024-06-02T19:29:18.429+0000] {processor.py:830} INFO - Processing file /home/airflow/.local/lib/python3.12/site-packages/airflow/example_dags/example_sla_dag.py for tasks to queue
[2024-06-02T19:29:18.430+0000] {logging_mixin.py:188} INFO - [2024-06-02T19:29:18.430+0000] {dagbag.py:545} INFO - Filling up the DagBag from /home/airflow/.local/lib/python3.12/site-packages/airflow/example_dags/example_sla_dag.py
[2024-06-02T19:29:18.436+0000] {processor.py:840} INFO - DAG(s) 'example_sla_dag' retrieved from /home/airflow/.local/lib/python3.12/site-packages/airflow/example_dags/example_sla_dag.py
[2024-06-02T19:29:18.497+0000] {logging_mixin.py:188} INFO - [2024-06-02T19:29:18.496+0000] {override.py:1829} INFO - Created Permission View: can edit on DAG:example_sla_dag
[2024-06-02T19:29:18.503+0000] {logging_mixin.py:188} INFO - [2024-06-02T19:29:18.503+0000] {override.py:1829} INFO - Created Permission View: can delete on DAG:example_sla_dag
[2024-06-02T19:29:18.507+0000] {logging_mixin.py:188} INFO - [2024-06-02T19:29:18.506+0000] {override.py:1829} INFO - Created Permission View: can read on DAG:example_sla_dag
[2024-06-02T19:29:18.507+0000] {logging_mixin.py:188} INFO - [2024-06-02T19:29:18.507+0000] {dag.py:3096} INFO - Sync 1 DAGs
[2024-06-02T19:29:18.514+0000] {logging_mixin.py:188} INFO - [2024-06-02T19:29:18.514+0000] {dag.py:3118} INFO - Creating ORM DAG for example_sla_dag
[2024-06-02T19:29:18.521+0000] {logging_mixin.py:188} INFO - [2024-06-02T19:29:18.521+0000] {dag.py:3954} INFO - Setting next_dagrun for example_sla_dag to 2024-06-02 19:26:00+00:00, run_after=2024-06-02 19:28:00+00:00
[2024-06-02T19:29:18.530+0000] {processor.py:183} INFO - Processing /home/airflow/.local/lib/python3.12/site-packages/airflow/example_dags/example_sla_dag.py took 0.106 seconds
[2024-06-02T19:29:48.557+0000] {processor.py:161} INFO - Started process (PID=115) to work on /home/airflow/.local/lib/python3.12/site-packages/airflow/example_dags/example_sla_dag.py
[2024-06-02T19:29:48.558+0000] {processor.py:830} INFO - Processing file /home/airflow/.local/lib/python3.12/site-packages/airflow/example_dags/example_sla_dag.py for tasks to queue
[2024-06-02T19:29:48.559+0000] {logging_mixin.py:188} INFO - [2024-06-02T19:29:48.559+0000] {dagbag.py:545} INFO - Filling up the DagBag from /home/airflow/.local/lib/python3.12/site-packages/airflow/example_dags/example_sla_dag.py
[2024-06-02T19:29:48.564+0000] {processor.py:840} INFO - DAG(s) 'example_sla_dag' retrieved from /home/airflow/.local/lib/python3.12/site-packages/airflow/example_dags/example_sla_dag.py
[2024-06-02T19:29:48.576+0000] {logging_mixin.py:188} INFO - [2024-06-02T19:29:48.576+0000] {dag.py:3096} INFO - Sync 1 DAGs
[2024-06-02T19:29:48.590+0000] {logging_mixin.py:188} INFO - [2024-06-02T19:29:48.590+0000] {dag.py:3954} INFO - Setting next_dagrun for example_sla_dag to 2024-06-02 19:26:00+00:00, run_after=2024-06-02 19:28:00+00:00
[2024-06-02T19:29:48.600+0000] {processor.py:183} INFO - Processing /home/airflow/.local/lib/python3.12/site-packages/airflow/example_dags/example_sla_dag.py took 0.046 seconds
[2024-06-02T19:30:19.213+0000] {processor.py:161} INFO - Started process (PID=173) to work on /home/airflow/.local/lib/python3.12/site-packages/airflow/example_dags/example_sla_dag.py
[2024-06-02T19:30:19.213+0000] {processor.py:830} INFO - Processing file /home/airflow/.local/lib/python3.12/site-packages/airflow/example_dags/example_sla_dag.py for tasks to queue
[2024-06-02T19:30:19.214+0000] {logging_mixin.py:188} INFO - [2024-06-02T19:30:19.214+0000] {dagbag.py:545} INFO - Filling up the DagBag from /home/airflow/.local/lib/python3.12/site-packages/airflow/example_dags/example_sla_dag.py
[2024-06-02T19:30:19.219+0000] {processor.py:840} INFO - DAG(s) 'example_sla_dag' retrieved from /home/airflow/.local/lib/python3.12/site-packages/airflow/example_dags/example_sla_dag.py
[2024-06-02T19:30:19.230+0000] {logging_mixin.py:188} INFO - [2024-06-02T19:30:19.230+0000] {dag.py:3096} INFO - Sync 1 DAGs
[2024-06-02T19:30:19.244+0000] {logging_mixin.py:188} INFO - [2024-06-02T19:30:19.244+0000] {dag.py:3954} INFO - Setting next_dagrun for example_sla_dag to 2024-06-02 19:28:00+00:00, run_after=2024-06-02 19:30:00+00:00
[2024-06-02T19:30:19.254+0000] {processor.py:183} INFO - Processing /home/airflow/.local/lib/python3.12/site-packages/airflow/example_dags/example_sla_dag.py took 0.044 seconds
[2024-06-02T19:30:49.745+0000] {processor.py:161} INFO - Started process (PID=231) to work on /home/airflow/.local/lib/python3.12/site-packages/airflow/example_dags/example_sla_dag.py
[2024-06-02T19:30:49.746+0000] {processor.py:830} INFO - Processing file /home/airflow/.local/lib/python3.12/site-packages/airflow/example_dags/example_sla_dag.py for tasks to queue
[2024-06-02T19:30:49.747+0000] {logging_mixin.py:188} INFO - [2024-06-02T19:30:49.747+0000] {dagbag.py:545} INFO - Filling up the DagBag from /home/airflow/.local/lib/python3.12/site-packages/airflow/example_dags/example_sla_dag.py
[2024-06-02T19:30:49.751+0000] {processor.py:840} INFO - DAG(s) 'example_sla_dag' retrieved from /home/airflow/.local/lib/python3.12/site-packages/airflow/example_dags/example_sla_dag.py
[2024-06-02T19:30:49.763+0000] {logging_mixin.py:188} INFO - [2024-06-02T19:30:49.762+0000] {dag.py:3096} INFO - Sync 1 DAGs
[2024-06-02T19:30:49.775+0000] {logging_mixin.py:188} INFO - [2024-06-02T19:30:49.774+0000] {dag.py:3954} INFO - Setting next_dagrun for example_sla_dag to 2024-06-02 19:28:00+00:00, run_after=2024-06-02 19:30:00+00:00
[2024-06-02T19:30:49.785+0000] {processor.py:183} INFO - Processing /home/airflow/.local/lib/python3.12/site-packages/airflow/example_dags/example_sla_dag.py took 0.043 seconds
[2024-06-02T19:31:20.294+0000] {processor.py:161} INFO - Started process (PID=57) to work on /home/airflow/.local/lib/python3.12/site-packages/airflow/example_dags/example_sla_dag.py
[2024-06-02T19:31:20.294+0000] {processor.py:830} INFO - Processing file /home/airflow/.local/lib/python3.12/site-packages/airflow/example_dags/example_sla_dag.py for tasks to queue
[2024-06-02T19:31:20.296+0000] {logging_mixin.py:188} INFO - [2024-06-02T19:31:20.295+0000] {dagbag.py:545} INFO - Filling up the DagBag from /home/airflow/.local/lib/python3.12/site-packages/airflow/example_dags/example_sla_dag.py
[2024-06-02T19:31:20.300+0000] {processor.py:840} INFO - DAG(s) 'example_sla_dag' retrieved from /home/airflow/.local/lib/python3.12/site-packages/airflow/example_dags/example_sla_dag.py
[2024-06-02T19:31:20.306+0000] {logging_mixin.py:188} INFO - [2024-06-02T19:31:20.306+0000] {dag.py:3096} INFO - Sync 1 DAGs
[2024-06-02T19:31:20.321+0000] {logging_mixin.py:188} INFO - [2024-06-02T19:31:20.321+0000] {dag.py:3954} INFO - Setting next_dagrun for example_sla_dag to 2024-06-02 19:28:00+00:00, run_after=2024-06-02 19:30:00+00:00
[2024-06-02T19:31:20.332+0000] {processor.py:183} INFO - Processing /home/airflow/.local/lib/python3.12/site-packages/airflow/example_dags/example_sla_dag.py took 0.041 seconds
[2024-06-02T19:31:51.627+0000] {processor.py:161} INFO - Started process (PID=115) to work on /home/airflow/.local/lib/python3.12/site-packages/airflow/example_dags/example_sla_dag.py
[2024-06-02T19:31:51.628+0000] {processor.py:830} INFO - Processing file /home/airflow/.local/lib/python3.12/site-packages/airflow/example_dags/example_sla_dag.py for tasks to queue
[2024-06-02T19:31:51.629+0000] {logging_mixin.py:188} INFO - [2024-06-02T19:31:51.629+0000] {dagbag.py:545} INFO - Filling up the DagBag from /home/airflow/.local/lib/python3.12/site-packages/airflow/example_dags/example_sla_dag.py
[2024-06-02T19:31:51.635+0000] {processor.py:840} INFO - DAG(s) 'example_sla_dag' retrieved from /home/airflow/.local/lib/python3.12/site-packages/airflow/example_dags/example_sla_dag.py
[2024-06-02T19:31:51.689+0000] {logging_mixin.py:188} INFO - [2024-06-02T19:31:51.689+0000] {dag.py:3096} INFO - Sync 1 DAGs
[2024-06-02T19:31:51.701+0000] {logging_mixin.py:188} INFO - [2024-06-02T19:31:51.701+0000] {dag.py:3954} INFO - Setting next_dagrun for example_sla_dag to 2024-06-02 19:28:00+00:00, run_after=2024-06-02 19:30:00+00:00
[2024-06-02T19:31:51.713+0000] {processor.py:183} INFO - Processing /home/airflow/.local/lib/python3.12/site-packages/airflow/example_dags/example_sla_dag.py took 0.088 seconds
[2024-06-02T19:32:21.748+0000] {processor.py:161} INFO - Started process (PID=173) to work on /home/airflow/.local/lib/python3.12/site-packages/airflow/example_dags/example_sla_dag.py
[2024-06-02T19:32:21.748+0000] {processor.py:830} INFO - Processing file /home/airflow/.local/lib/python3.12/site-packages/airflow/example_dags/example_sla_dag.py for tasks to queue
[2024-06-02T19:32:21.749+0000] {logging_mixin.py:188} INFO - [2024-06-02T19:32:21.749+0000] {dagbag.py:545} INFO - Filling up the DagBag from /home/airflow/.local/lib/python3.12/site-packages/airflow/example_dags/example_sla_dag.py
[2024-06-02T19:32:21.754+0000] {processor.py:840} INFO - DAG(s) 'example_sla_dag' retrieved from /home/airflow/.local/lib/python3.12/site-packages/airflow/example_dags/example_sla_dag.py
[2024-06-02T19:32:21.765+0000] {logging_mixin.py:188} INFO - [2024-06-02T19:32:21.765+0000] {dag.py:3096} INFO - Sync 1 DAGs
[2024-06-02T19:32:21.778+0000] {logging_mixin.py:188} INFO - [2024-06-02T19:32:21.777+0000] {dag.py:3954} INFO - Setting next_dagrun for example_sla_dag to 2024-06-02 19:30:00+00:00, run_after=2024-06-02 19:32:00+00:00
[2024-06-02T19:32:21.788+0000] {processor.py:183} INFO - Processing /home/airflow/.local/lib/python3.12/site-packages/airflow/example_dags/example_sla_dag.py took 0.043 seconds
[2024-06-02T19:32:52.397+0000] {processor.py:161} INFO - Started process (PID=231) to work on /home/airflow/.local/lib/python3.12/site-packages/airflow/example_dags/example_sla_dag.py
[2024-06-02T19:32:52.398+0000] {processor.py:830} INFO - Processing file /home/airflow/.local/lib/python3.12/site-packages/airflow/example_dags/example_sla_dag.py for tasks to queue
[2024-06-02T19:32:52.399+0000] {logging_mixin.py:188} INFO - [2024-06-02T19:32:52.399+0000] {dagbag.py:545} INFO - Filling up the DagBag from /home/airflow/.local/lib/python3.12/site-packages/airflow/example_dags/example_sla_dag.py
[2024-06-02T19:32:52.404+0000] {processor.py:840} INFO - DAG(s) 'example_sla_dag' retrieved from /home/airflow/.local/lib/python3.12/site-packages/airflow/example_dags/example_sla_dag.py
[2024-06-02T19:32:52.415+0000] {logging_mixin.py:188} INFO - [2024-06-02T19:32:52.415+0000] {dag.py:3096} INFO - Sync 1 DAGs
[2024-06-02T19:32:52.428+0000] {logging_mixin.py:188} INFO - [2024-06-02T19:32:52.428+0000] {dag.py:3954} INFO - Setting next_dagrun for example_sla_dag to 2024-06-02 19:30:00+00:00, run_after=2024-06-02 19:32:00+00:00
[2024-06-02T19:32:52.438+0000] {processor.py:183} INFO - Processing /home/airflow/.local/lib/python3.12/site-packages/airflow/example_dags/example_sla_dag.py took 0.044 seconds
[2024-06-02T19:33:23.105+0000] {processor.py:161} INFO - Started process (PID=289) to work on /home/airflow/.local/lib/python3.12/site-packages/airflow/example_dags/example_sla_dag.py
[2024-06-02T19:33:23.106+0000] {processor.py:830} INFO - Processing file /home/airflow/.local/lib/python3.12/site-packages/airflow/example_dags/example_sla_dag.py for tasks to queue
[2024-06-02T19:33:23.107+0000] {logging_mixin.py:188} INFO - [2024-06-02T19:33:23.107+0000] {dagbag.py:545} INFO - Filling up the DagBag from /home/airflow/.local/lib/python3.12/site-packages/airflow/example_dags/example_sla_dag.py
[2024-06-02T19:33:23.112+0000] {processor.py:840} INFO - DAG(s) 'example_sla_dag' retrieved from /home/airflow/.local/lib/python3.12/site-packages/airflow/example_dags/example_sla_dag.py
[2024-06-02T19:33:23.122+0000] {logging_mixin.py:188} INFO - [2024-06-02T19:33:23.122+0000] {dag.py:3096} INFO - Sync 1 DAGs
[2024-06-02T19:33:23.136+0000] {logging_mixin.py:188} INFO - [2024-06-02T19:33:23.136+0000] {dag.py:3954} INFO - Setting next_dagrun for example_sla_dag to 2024-06-02 19:30:00+00:00, run_after=2024-06-02 19:32:00+00:00
[2024-06-02T19:33:23.146+0000] {processor.py:183} INFO - Processing /home/airflow/.local/lib/python3.12/site-packages/airflow/example_dags/example_sla_dag.py took 0.043 seconds
[2024-06-02T19:33:53.745+0000] {processor.py:161} INFO - Started process (PID=346) to work on /home/airflow/.local/lib/python3.12/site-packages/airflow/example_dags/example_sla_dag.py
[2024-06-02T19:33:53.746+0000] {processor.py:830} INFO - Processing file /home/airflow/.local/lib/python3.12/site-packages/airflow/example_dags/example_sla_dag.py for tasks to queue
[2024-06-02T19:33:53.748+0000] {logging_mixin.py:188} INFO - [2024-06-02T19:33:53.747+0000] {dagbag.py:545} INFO - Filling up the DagBag from /home/airflow/.local/lib/python3.12/site-packages/airflow/example_dags/example_sla_dag.py
[2024-06-02T19:33:53.753+0000] {processor.py:840} INFO - DAG(s) 'example_sla_dag' retrieved from /home/airflow/.local/lib/python3.12/site-packages/airflow/example_dags/example_sla_dag.py
[2024-06-02T19:33:53.764+0000] {logging_mixin.py:188} INFO - [2024-06-02T19:33:53.764+0000] {dag.py:3096} INFO - Sync 1 DAGs
[2024-06-02T19:33:53.778+0000] {logging_mixin.py:188} INFO - [2024-06-02T19:33:53.777+0000] {dag.py:3954} INFO - Setting next_dagrun for example_sla_dag to 2024-06-02 19:30:00+00:00, run_after=2024-06-02 19:32:00+00:00
[2024-06-02T19:33:53.788+0000] {processor.py:183} INFO - Processing /home/airflow/.local/lib/python3.12/site-packages/airflow/example_dags/example_sla_dag.py took 0.046 seconds
[2024-06-02T19:34:24.485+0000] {processor.py:161} INFO - Started process (PID=404) to work on /home/airflow/.local/lib/python3.12/site-packages/airflow/example_dags/example_sla_dag.py
[2024-06-02T19:34:24.486+0000] {processor.py:830} INFO - Processing file /home/airflow/.local/lib/python3.12/site-packages/airflow/example_dags/example_sla_dag.py for tasks to queue
[2024-06-02T19:34:24.487+0000] {logging_mixin.py:188} INFO - [2024-06-02T19:34:24.487+0000] {dagbag.py:545} INFO - Filling up the DagBag from /home/airflow/.local/lib/python3.12/site-packages/airflow/example_dags/example_sla_dag.py
[2024-06-02T19:34:24.492+0000] {processor.py:840} INFO - DAG(s) 'example_sla_dag' retrieved from /home/airflow/.local/lib/python3.12/site-packages/airflow/example_dags/example_sla_dag.py
[2024-06-02T19:34:24.503+0000] {logging_mixin.py:188} INFO - [2024-06-02T19:34:24.503+0000] {dag.py:3096} INFO - Sync 1 DAGs
[2024-06-02T19:34:24.516+0000] {logging_mixin.py:188} INFO - [2024-06-02T19:34:24.516+0000] {dag.py:3954} INFO - Setting next_dagrun for example_sla_dag to 2024-06-02 19:32:00+00:00, run_after=2024-06-02 19:34:00+00:00
[2024-06-02T19:34:24.527+0000] {processor.py:183} INFO - Processing /home/airflow/.local/lib/python3.12/site-packages/airflow/example_dags/example_sla_dag.py took 0.045 seconds
[2024-06-02T19:34:55.293+0000] {processor.py:161} INFO - Started process (PID=462) to work on /home/airflow/.local/lib/python3.12/site-packages/airflow/example_dags/example_sla_dag.py
[2024-06-02T19:34:55.294+0000] {processor.py:830} INFO - Processing file /home/airflow/.local/lib/python3.12/site-packages/airflow/example_dags/example_sla_dag.py for tasks to queue
[2024-06-02T19:34:55.296+0000] {logging_mixin.py:188} INFO - [2024-06-02T19:34:55.295+0000] {dagbag.py:545} INFO - Filling up the DagBag from /home/airflow/.local/lib/python3.12/site-packages/airflow/example_dags/example_sla_dag.py
[2024-06-02T19:34:55.301+0000] {processor.py:840} INFO - DAG(s) 'example_sla_dag' retrieved from /home/airflow/.local/lib/python3.12/site-packages/airflow/example_dags/example_sla_dag.py
[2024-06-02T19:34:55.311+0000] {logging_mixin.py:188} INFO - [2024-06-02T19:34:55.311+0000] {dag.py:3096} INFO - Sync 1 DAGs
[2024-06-02T19:34:55.324+0000] {logging_mixin.py:188} INFO - [2024-06-02T19:34:55.324+0000] {dag.py:3954} INFO - Setting next_dagrun for example_sla_dag to 2024-06-02 19:32:00+00:00, run_after=2024-06-02 19:34:00+00:00
[2024-06-02T19:34:55.334+0000] {processor.py:183} INFO - Processing /home/airflow/.local/lib/python3.12/site-packages/airflow/example_dags/example_sla_dag.py took 0.044 seconds
[2024-06-02T19:35:25.957+0000] {processor.py:161} INFO - Started process (PID=520) to work on /home/airflow/.local/lib/python3.12/site-packages/airflow/example_dags/example_sla_dag.py
[2024-06-02T19:35:25.959+0000] {processor.py:830} INFO - Processing file /home/airflow/.local/lib/python3.12/site-packages/airflow/example_dags/example_sla_dag.py for tasks to queue
[2024-06-02T19:35:25.960+0000] {logging_mixin.py:188} INFO - [2024-06-02T19:35:25.960+0000] {dagbag.py:545} INFO - Filling up the DagBag from /home/airflow/.local/lib/python3.12/site-packages/airflow/example_dags/example_sla_dag.py
[2024-06-02T19:35:25.966+0000] {processor.py:840} INFO - DAG(s) 'example_sla_dag' retrieved from /home/airflow/.local/lib/python3.12/site-packages/airflow/example_dags/example_sla_dag.py
[2024-06-02T19:35:25.977+0000] {logging_mixin.py:188} INFO - [2024-06-02T19:35:25.976+0000] {dag.py:3096} INFO - Sync 1 DAGs
[2024-06-02T19:35:25.990+0000] {logging_mixin.py:188} INFO - [2024-06-02T19:35:25.990+0000] {dag.py:3954} INFO - Setting next_dagrun for example_sla_dag to 2024-06-02 19:32:00+00:00, run_after=2024-06-02 19:34:00+00:00
[2024-06-02T19:35:25.999+0000] {processor.py:183} INFO - Processing /home/airflow/.local/lib/python3.12/site-packages/airflow/example_dags/example_sla_dag.py took 0.045 seconds
[2024-06-02T19:36:19.878+0000] {processor.py:161} INFO - Started process (PID=75) to work on /home/airflow/.local/lib/python3.12/site-packages/airflow/example_dags/example_sla_dag.py
[2024-06-02T19:36:19.879+0000] {processor.py:830} INFO - Processing file /home/airflow/.local/lib/python3.12/site-packages/airflow/example_dags/example_sla_dag.py for tasks to queue
[2024-06-02T19:36:19.880+0000] {logging_mixin.py:188} INFO - [2024-06-02T19:36:19.880+0000] {dagbag.py:545} INFO - Filling up the DagBag from /home/airflow/.local/lib/python3.12/site-packages/airflow/example_dags/example_sla_dag.py
[2024-06-02T19:36:19.885+0000] {processor.py:840} INFO - DAG(s) 'example_sla_dag' retrieved from /home/airflow/.local/lib/python3.12/site-packages/airflow/example_dags/example_sla_dag.py
[2024-06-02T19:36:19.892+0000] {logging_mixin.py:188} INFO - [2024-06-02T19:36:19.892+0000] {dag.py:3096} INFO - Sync 1 DAGs
[2024-06-02T19:36:19.907+0000] {logging_mixin.py:188} INFO - [2024-06-02T19:36:19.907+0000] {dag.py:3954} INFO - Setting next_dagrun for example_sla_dag to 2024-06-02 19:34:00+00:00, run_after=2024-06-02 19:36:00+00:00
[2024-06-02T19:36:19.918+0000] {processor.py:183} INFO - Processing /home/airflow/.local/lib/python3.12/site-packages/airflow/example_dags/example_sla_dag.py took 0.043 seconds
[2024-06-02T19:36:50.905+0000] {processor.py:161} INFO - Started process (PID=133) to work on /home/airflow/.local/lib/python3.12/site-packages/airflow/example_dags/example_sla_dag.py
[2024-06-02T19:36:50.906+0000] {processor.py:830} INFO - Processing file /home/airflow/.local/lib/python3.12/site-packages/airflow/example_dags/example_sla_dag.py for tasks to queue
[2024-06-02T19:36:50.907+0000] {logging_mixin.py:188} INFO - [2024-06-02T19:36:50.907+0000] {dagbag.py:545} INFO - Filling up the DagBag from /home/airflow/.local/lib/python3.12/site-packages/airflow/example_dags/example_sla_dag.py
[2024-06-02T19:36:50.912+0000] {processor.py:840} INFO - DAG(s) 'example_sla_dag' retrieved from /home/airflow/.local/lib/python3.12/site-packages/airflow/example_dags/example_sla_dag.py
[2024-06-02T19:36:50.967+0000] {logging_mixin.py:188} INFO - [2024-06-02T19:36:50.966+0000] {dag.py:3096} INFO - Sync 1 DAGs
[2024-06-02T19:36:50.979+0000] {logging_mixin.py:188} INFO - [2024-06-02T19:36:50.979+0000] {dag.py:3954} INFO - Setting next_dagrun for example_sla_dag to 2024-06-02 19:34:00+00:00, run_after=2024-06-02 19:36:00+00:00
[2024-06-02T19:36:50.990+0000] {processor.py:183} INFO - Processing /home/airflow/.local/lib/python3.12/site-packages/airflow/example_dags/example_sla_dag.py took 0.087 seconds
[2024-06-02T19:37:21.064+0000] {processor.py:161} INFO - Started process (PID=191) to work on /home/airflow/.local/lib/python3.12/site-packages/airflow/example_dags/example_sla_dag.py
[2024-06-02T19:37:21.064+0000] {processor.py:830} INFO - Processing file /home/airflow/.local/lib/python3.12/site-packages/airflow/example_dags/example_sla_dag.py for tasks to queue
[2024-06-02T19:37:21.066+0000] {logging_mixin.py:188} INFO - [2024-06-02T19:37:21.065+0000] {dagbag.py:545} INFO - Filling up the DagBag from /home/airflow/.local/lib/python3.12/site-packages/airflow/example_dags/example_sla_dag.py
[2024-06-02T19:37:21.070+0000] {processor.py:840} INFO - DAG(s) 'example_sla_dag' retrieved from /home/airflow/.local/lib/python3.12/site-packages/airflow/example_dags/example_sla_dag.py
[2024-06-02T19:37:21.081+0000] {logging_mixin.py:188} INFO - [2024-06-02T19:37:21.081+0000] {dag.py:3096} INFO - Sync 1 DAGs
[2024-06-02T19:37:21.094+0000] {logging_mixin.py:188} INFO - [2024-06-02T19:37:21.094+0000] {dag.py:3954} INFO - Setting next_dagrun for example_sla_dag to 2024-06-02 19:34:00+00:00, run_after=2024-06-02 19:36:00+00:00
[2024-06-02T19:37:21.103+0000] {processor.py:183} INFO - Processing /home/airflow/.local/lib/python3.12/site-packages/airflow/example_dags/example_sla_dag.py took 0.042 seconds
[2024-06-02T19:37:51.775+0000] {processor.py:161} INFO - Started process (PID=249) to work on /home/airflow/.local/lib/python3.12/site-packages/airflow/example_dags/example_sla_dag.py
[2024-06-02T19:37:51.775+0000] {processor.py:830} INFO - Processing file /home/airflow/.local/lib/python3.12/site-packages/airflow/example_dags/example_sla_dag.py for tasks to queue
[2024-06-02T19:37:51.776+0000] {logging_mixin.py:188} INFO - [2024-06-02T19:37:51.776+0000] {dagbag.py:545} INFO - Filling up the DagBag from /home/airflow/.local/lib/python3.12/site-packages/airflow/example_dags/example_sla_dag.py
[2024-06-02T19:37:51.781+0000] {processor.py:840} INFO - DAG(s) 'example_sla_dag' retrieved from /home/airflow/.local/lib/python3.12/site-packages/airflow/example_dags/example_sla_dag.py
[2024-06-02T19:37:51.791+0000] {logging_mixin.py:188} INFO - [2024-06-02T19:37:51.791+0000] {dag.py:3096} INFO - Sync 1 DAGs
[2024-06-02T19:37:51.804+0000] {logging_mixin.py:188} INFO - [2024-06-02T19:37:51.804+0000] {dag.py:3954} INFO - Setting next_dagrun for example_sla_dag to 2024-06-02 19:34:00+00:00, run_after=2024-06-02 19:36:00+00:00
[2024-06-02T19:37:51.814+0000] {processor.py:183} INFO - Processing /home/airflow/.local/lib/python3.12/site-packages/airflow/example_dags/example_sla_dag.py took 0.043 seconds
[2024-06-02T19:38:22.437+0000] {processor.py:161} INFO - Started process (PID=307) to work on /home/airflow/.local/lib/python3.12/site-packages/airflow/example_dags/example_sla_dag.py
[2024-06-02T19:38:22.438+0000] {processor.py:830} INFO - Processing file /home/airflow/.local/lib/python3.12/site-packages/airflow/example_dags/example_sla_dag.py for tasks to queue
[2024-06-02T19:38:22.439+0000] {logging_mixin.py:188} INFO - [2024-06-02T19:38:22.439+0000] {dagbag.py:545} INFO - Filling up the DagBag from /home/airflow/.local/lib/python3.12/site-packages/airflow/example_dags/example_sla_dag.py
[2024-06-02T19:38:22.443+0000] {processor.py:840} INFO - DAG(s) 'example_sla_dag' retrieved from /home/airflow/.local/lib/python3.12/site-packages/airflow/example_dags/example_sla_dag.py
[2024-06-02T19:38:22.455+0000] {logging_mixin.py:188} INFO - [2024-06-02T19:38:22.455+0000] {dag.py:3096} INFO - Sync 1 DAGs
[2024-06-02T19:38:22.467+0000] {logging_mixin.py:188} INFO - [2024-06-02T19:38:22.467+0000] {dag.py:3954} INFO - Setting next_dagrun for example_sla_dag to 2024-06-02 19:36:00+00:00, run_after=2024-06-02 19:38:00+00:00
[2024-06-02T19:38:22.477+0000] {processor.py:183} INFO - Processing /home/airflow/.local/lib/python3.12/site-packages/airflow/example_dags/example_sla_dag.py took 0.043 seconds
[2024-06-02T19:38:53.075+0000] {processor.py:161} INFO - Started process (PID=365) to work on /home/airflow/.local/lib/python3.12/site-packages/airflow/example_dags/example_sla_dag.py
[2024-06-02T19:38:53.076+0000] {processor.py:830} INFO - Processing file /home/airflow/.local/lib/python3.12/site-packages/airflow/example_dags/example_sla_dag.py for tasks to queue
[2024-06-02T19:38:53.077+0000] {logging_mixin.py:188} INFO - [2024-06-02T19:38:53.077+0000] {dagbag.py:545} INFO - Filling up the DagBag from /home/airflow/.local/lib/python3.12/site-packages/airflow/example_dags/example_sla_dag.py
[2024-06-02T19:38:53.082+0000] {processor.py:840} INFO - DAG(s) 'example_sla_dag' retrieved from /home/airflow/.local/lib/python3.12/site-packages/airflow/example_dags/example_sla_dag.py
[2024-06-02T19:38:53.094+0000] {logging_mixin.py:188} INFO - [2024-06-02T19:38:53.093+0000] {dag.py:3096} INFO - Sync 1 DAGs
[2024-06-02T19:38:53.107+0000] {logging_mixin.py:188} INFO - [2024-06-02T19:38:53.107+0000] {dag.py:3954} INFO - Setting next_dagrun for example_sla_dag to 2024-06-02 19:36:00+00:00, run_after=2024-06-02 19:38:00+00:00
[2024-06-02T19:38:53.118+0000] {processor.py:183} INFO - Processing /home/airflow/.local/lib/python3.12/site-packages/airflow/example_dags/example_sla_dag.py took 0.046 seconds
[2024-06-02T19:39:23.730+0000] {processor.py:161} INFO - Started process (PID=423) to work on /home/airflow/.local/lib/python3.12/site-packages/airflow/example_dags/example_sla_dag.py
[2024-06-02T19:39:23.731+0000] {processor.py:830} INFO - Processing file /home/airflow/.local/lib/python3.12/site-packages/airflow/example_dags/example_sla_dag.py for tasks to queue
[2024-06-02T19:39:23.732+0000] {logging_mixin.py:188} INFO - [2024-06-02T19:39:23.732+0000] {dagbag.py:545} INFO - Filling up the DagBag from /home/airflow/.local/lib/python3.12/site-packages/airflow/example_dags/example_sla_dag.py
[2024-06-02T19:39:23.737+0000] {processor.py:840} INFO - DAG(s) 'example_sla_dag' retrieved from /home/airflow/.local/lib/python3.12/site-packages/airflow/example_dags/example_sla_dag.py
[2024-06-02T19:39:23.748+0000] {logging_mixin.py:188} INFO - [2024-06-02T19:39:23.748+0000] {dag.py:3096} INFO - Sync 1 DAGs
[2024-06-02T19:39:23.761+0000] {logging_mixin.py:188} INFO - [2024-06-02T19:39:23.761+0000] {dag.py:3954} INFO - Setting next_dagrun for example_sla_dag to 2024-06-02 19:36:00+00:00, run_after=2024-06-02 19:38:00+00:00
[2024-06-02T19:39:23.772+0000] {processor.py:183} INFO - Processing /home/airflow/.local/lib/python3.12/site-packages/airflow/example_dags/example_sla_dag.py took 0.045 seconds
[2024-06-02T19:39:54.383+0000] {processor.py:161} INFO - Started process (PID=481) to work on /home/airflow/.local/lib/python3.12/site-packages/airflow/example_dags/example_sla_dag.py
[2024-06-02T19:39:54.384+0000] {processor.py:830} INFO - Processing file /home/airflow/.local/lib/python3.12/site-packages/airflow/example_dags/example_sla_dag.py for tasks to queue
[2024-06-02T19:39:54.385+0000] {logging_mixin.py:188} INFO - [2024-06-02T19:39:54.385+0000] {dagbag.py:545} INFO - Filling up the DagBag from /home/airflow/.local/lib/python3.12/site-packages/airflow/example_dags/example_sla_dag.py
[2024-06-02T19:39:54.389+0000] {processor.py:840} INFO - DAG(s) 'example_sla_dag' retrieved from /home/airflow/.local/lib/python3.12/site-packages/airflow/example_dags/example_sla_dag.py
[2024-06-02T19:39:54.400+0000] {logging_mixin.py:188} INFO - [2024-06-02T19:39:54.400+0000] {dag.py:3096} INFO - Sync 1 DAGs
[2024-06-02T19:39:54.414+0000] {logging_mixin.py:188} INFO - [2024-06-02T19:39:54.414+0000] {dag.py:3954} INFO - Setting next_dagrun for example_sla_dag to 2024-06-02 19:36:00+00:00, run_after=2024-06-02 19:38:00+00:00
[2024-06-02T19:39:54.424+0000] {processor.py:183} INFO - Processing /home/airflow/.local/lib/python3.12/site-packages/airflow/example_dags/example_sla_dag.py took 0.044 seconds
[2024-06-02T19:40:24.953+0000] {processor.py:161} INFO - Started process (PID=539) to work on /home/airflow/.local/lib/python3.12/site-packages/airflow/example_dags/example_sla_dag.py
[2024-06-02T19:40:24.954+0000] {processor.py:830} INFO - Processing file /home/airflow/.local/lib/python3.12/site-packages/airflow/example_dags/example_sla_dag.py for tasks to queue
[2024-06-02T19:40:24.955+0000] {logging_mixin.py:188} INFO - [2024-06-02T19:40:24.955+0000] {dagbag.py:545} INFO - Filling up the DagBag from /home/airflow/.local/lib/python3.12/site-packages/airflow/example_dags/example_sla_dag.py
[2024-06-02T19:40:24.960+0000] {processor.py:840} INFO - DAG(s) 'example_sla_dag' retrieved from /home/airflow/.local/lib/python3.12/site-packages/airflow/example_dags/example_sla_dag.py
[2024-06-02T19:40:24.970+0000] {logging_mixin.py:188} INFO - [2024-06-02T19:40:24.970+0000] {dag.py:3096} INFO - Sync 1 DAGs
[2024-06-02T19:40:24.983+0000] {logging_mixin.py:188} INFO - [2024-06-02T19:40:24.983+0000] {dag.py:3954} INFO - Setting next_dagrun for example_sla_dag to 2024-06-02 19:38:00+00:00, run_after=2024-06-02 19:40:00+00:00
[2024-06-02T19:40:24.993+0000] {processor.py:183} INFO - Processing /home/airflow/.local/lib/python3.12/site-packages/airflow/example_dags/example_sla_dag.py took 0.043 seconds
[2024-06-02T19:40:55.659+0000] {processor.py:161} INFO - Started process (PID=597) to work on /home/airflow/.local/lib/python3.12/site-packages/airflow/example_dags/example_sla_dag.py
[2024-06-02T19:40:55.660+0000] {processor.py:830} INFO - Processing file /home/airflow/.local/lib/python3.12/site-packages/airflow/example_dags/example_sla_dag.py for tasks to queue
[2024-06-02T19:40:55.661+0000] {logging_mixin.py:188} INFO - [2024-06-02T19:40:55.661+0000] {dagbag.py:545} INFO - Filling up the DagBag from /home/airflow/.local/lib/python3.12/site-packages/airflow/example_dags/example_sla_dag.py
[2024-06-02T19:40:55.666+0000] {processor.py:840} INFO - DAG(s) 'example_sla_dag' retrieved from /home/airflow/.local/lib/python3.12/site-packages/airflow/example_dags/example_sla_dag.py
[2024-06-02T19:40:55.679+0000] {logging_mixin.py:188} INFO - [2024-06-02T19:40:55.679+0000] {dag.py:3096} INFO - Sync 1 DAGs
[2024-06-02T19:40:55.693+0000] {logging_mixin.py:188} INFO - [2024-06-02T19:40:55.693+0000] {dag.py:3954} INFO - Setting next_dagrun for example_sla_dag to 2024-06-02 19:38:00+00:00, run_after=2024-06-02 19:40:00+00:00
[2024-06-02T19:40:55.703+0000] {processor.py:183} INFO - Processing /home/airflow/.local/lib/python3.12/site-packages/airflow/example_dags/example_sla_dag.py took 0.048 seconds
[2024-06-02T19:41:41.510+0000] {processor.py:161} INFO - Started process (PID=75) to work on /home/airflow/.local/lib/python3.12/site-packages/airflow/example_dags/example_sla_dag.py
[2024-06-02T19:41:41.511+0000] {processor.py:830} INFO - Processing file /home/airflow/.local/lib/python3.12/site-packages/airflow/example_dags/example_sla_dag.py for tasks to queue
[2024-06-02T19:41:41.512+0000] {logging_mixin.py:188} INFO - [2024-06-02T19:41:41.512+0000] {dagbag.py:545} INFO - Filling up the DagBag from /home/airflow/.local/lib/python3.12/site-packages/airflow/example_dags/example_sla_dag.py
[2024-06-02T19:41:41.519+0000] {processor.py:840} INFO - DAG(s) 'example_sla_dag' retrieved from /home/airflow/.local/lib/python3.12/site-packages/airflow/example_dags/example_sla_dag.py
[2024-06-02T19:41:41.526+0000] {logging_mixin.py:188} INFO - [2024-06-02T19:41:41.526+0000] {dag.py:3096} INFO - Sync 1 DAGs
[2024-06-02T19:41:41.540+0000] {logging_mixin.py:188} INFO - [2024-06-02T19:41:41.540+0000] {dag.py:3954} INFO - Setting next_dagrun for example_sla_dag to 2024-06-02 19:38:00+00:00, run_after=2024-06-02 19:40:00+00:00
[2024-06-02T19:41:41.551+0000] {processor.py:183} INFO - Processing /home/airflow/.local/lib/python3.12/site-packages/airflow/example_dags/example_sla_dag.py took 0.044 seconds
[2024-06-02T19:42:12.673+0000] {processor.py:161} INFO - Started process (PID=133) to work on /home/airflow/.local/lib/python3.12/site-packages/airflow/example_dags/example_sla_dag.py
[2024-06-02T19:42:12.673+0000] {processor.py:830} INFO - Processing file /home/airflow/.local/lib/python3.12/site-packages/airflow/example_dags/example_sla_dag.py for tasks to queue
[2024-06-02T19:42:12.674+0000] {logging_mixin.py:188} INFO - [2024-06-02T19:42:12.674+0000] {dagbag.py:545} INFO - Filling up the DagBag from /home/airflow/.local/lib/python3.12/site-packages/airflow/example_dags/example_sla_dag.py
[2024-06-02T19:42:12.679+0000] {processor.py:840} INFO - DAG(s) 'example_sla_dag' retrieved from /home/airflow/.local/lib/python3.12/site-packages/airflow/example_dags/example_sla_dag.py
[2024-06-02T19:42:12.739+0000] {logging_mixin.py:188} INFO - [2024-06-02T19:42:12.739+0000] {dag.py:3096} INFO - Sync 1 DAGs
[2024-06-02T19:42:12.752+0000] {logging_mixin.py:188} INFO - [2024-06-02T19:42:12.752+0000] {dag.py:3954} INFO - Setting next_dagrun for example_sla_dag to 2024-06-02 19:40:00+00:00, run_after=2024-06-02 19:42:00+00:00
[2024-06-02T19:42:12.763+0000] {processor.py:183} INFO - Processing /home/airflow/.local/lib/python3.12/site-packages/airflow/example_dags/example_sla_dag.py took 0.093 seconds
[2024-06-02T19:42:42.786+0000] {processor.py:161} INFO - Started process (PID=191) to work on /home/airflow/.local/lib/python3.12/site-packages/airflow/example_dags/example_sla_dag.py
[2024-06-02T19:42:42.787+0000] {processor.py:830} INFO - Processing file /home/airflow/.local/lib/python3.12/site-packages/airflow/example_dags/example_sla_dag.py for tasks to queue
[2024-06-02T19:42:42.789+0000] {logging_mixin.py:188} INFO - [2024-06-02T19:42:42.788+0000] {dagbag.py:545} INFO - Filling up the DagBag from /home/airflow/.local/lib/python3.12/site-packages/airflow/example_dags/example_sla_dag.py
[2024-06-02T19:42:42.794+0000] {processor.py:840} INFO - DAG(s) 'example_sla_dag' retrieved from /home/airflow/.local/lib/python3.12/site-packages/airflow/example_dags/example_sla_dag.py
[2024-06-02T19:42:42.806+0000] {logging_mixin.py:188} INFO - [2024-06-02T19:42:42.806+0000] {dag.py:3096} INFO - Sync 1 DAGs
[2024-06-02T19:42:42.820+0000] {logging_mixin.py:188} INFO - [2024-06-02T19:42:42.820+0000] {dag.py:3954} INFO - Setting next_dagrun for example_sla_dag to 2024-06-02 19:40:00+00:00, run_after=2024-06-02 19:42:00+00:00
[2024-06-02T19:42:42.831+0000] {processor.py:183} INFO - Processing /home/airflow/.local/lib/python3.12/site-packages/airflow/example_dags/example_sla_dag.py took 0.048 seconds
[2024-06-02T19:43:13.514+0000] {processor.py:161} INFO - Started process (PID=249) to work on /home/airflow/.local/lib/python3.12/site-packages/airflow/example_dags/example_sla_dag.py
[2024-06-02T19:43:13.514+0000] {processor.py:830} INFO - Processing file /home/airflow/.local/lib/python3.12/site-packages/airflow/example_dags/example_sla_dag.py for tasks to queue
[2024-06-02T19:43:13.516+0000] {logging_mixin.py:188} INFO - [2024-06-02T19:43:13.515+0000] {dagbag.py:545} INFO - Filling up the DagBag from /home/airflow/.local/lib/python3.12/site-packages/airflow/example_dags/example_sla_dag.py
[2024-06-02T19:43:13.521+0000] {processor.py:840} INFO - DAG(s) 'example_sla_dag' retrieved from /home/airflow/.local/lib/python3.12/site-packages/airflow/example_dags/example_sla_dag.py
[2024-06-02T19:43:13.532+0000] {logging_mixin.py:188} INFO - [2024-06-02T19:43:13.531+0000] {dag.py:3096} INFO - Sync 1 DAGs
[2024-06-02T19:43:13.545+0000] {logging_mixin.py:188} INFO - [2024-06-02T19:43:13.544+0000] {dag.py:3954} INFO - Setting next_dagrun for example_sla_dag to 2024-06-02 19:40:00+00:00, run_after=2024-06-02 19:42:00+00:00
[2024-06-02T19:43:13.554+0000] {processor.py:183} INFO - Processing /home/airflow/.local/lib/python3.12/site-packages/airflow/example_dags/example_sla_dag.py took 0.044 seconds
[2024-06-02T19:43:44.213+0000] {processor.py:161} INFO - Started process (PID=307) to work on /home/airflow/.local/lib/python3.12/site-packages/airflow/example_dags/example_sla_dag.py
[2024-06-02T19:43:44.214+0000] {processor.py:830} INFO - Processing file /home/airflow/.local/lib/python3.12/site-packages/airflow/example_dags/example_sla_dag.py for tasks to queue
[2024-06-02T19:43:44.215+0000] {logging_mixin.py:188} INFO - [2024-06-02T19:43:44.215+0000] {dagbag.py:545} INFO - Filling up the DagBag from /home/airflow/.local/lib/python3.12/site-packages/airflow/example_dags/example_sla_dag.py
[2024-06-02T19:43:44.220+0000] {processor.py:840} INFO - DAG(s) 'example_sla_dag' retrieved from /home/airflow/.local/lib/python3.12/site-packages/airflow/example_dags/example_sla_dag.py
[2024-06-02T19:43:44.230+0000] {logging_mixin.py:188} INFO - [2024-06-02T19:43:44.230+0000] {dag.py:3096} INFO - Sync 1 DAGs
[2024-06-02T19:43:44.243+0000] {logging_mixin.py:188} INFO - [2024-06-02T19:43:44.243+0000] {dag.py:3954} INFO - Setting next_dagrun for example_sla_dag to 2024-06-02 19:40:00+00:00, run_after=2024-06-02 19:42:00+00:00
[2024-06-02T19:43:44.253+0000] {processor.py:183} INFO - Processing /home/airflow/.local/lib/python3.12/site-packages/airflow/example_dags/example_sla_dag.py took 0.043 seconds
[2024-06-02T19:44:14.827+0000] {processor.py:161} INFO - Started process (PID=365) to work on /home/airflow/.local/lib/python3.12/site-packages/airflow/example_dags/example_sla_dag.py
[2024-06-02T19:44:14.828+0000] {processor.py:830} INFO - Processing file /home/airflow/.local/lib/python3.12/site-packages/airflow/example_dags/example_sla_dag.py for tasks to queue
[2024-06-02T19:44:14.830+0000] {logging_mixin.py:188} INFO - [2024-06-02T19:44:14.829+0000] {dagbag.py:545} INFO - Filling up the DagBag from /home/airflow/.local/lib/python3.12/site-packages/airflow/example_dags/example_sla_dag.py
[2024-06-02T19:44:14.834+0000] {processor.py:840} INFO - DAG(s) 'example_sla_dag' retrieved from /home/airflow/.local/lib/python3.12/site-packages/airflow/example_dags/example_sla_dag.py
[2024-06-02T19:44:14.845+0000] {logging_mixin.py:188} INFO - [2024-06-02T19:44:14.845+0000] {dag.py:3096} INFO - Sync 1 DAGs
[2024-06-02T19:44:14.858+0000] {logging_mixin.py:188} INFO - [2024-06-02T19:44:14.858+0000] {dag.py:3954} INFO - Setting next_dagrun for example_sla_dag to 2024-06-02 19:42:00+00:00, run_after=2024-06-02 19:44:00+00:00
[2024-06-02T19:44:14.869+0000] {processor.py:183} INFO - Processing /home/airflow/.local/lib/python3.12/site-packages/airflow/example_dags/example_sla_dag.py took 0.045 seconds
[2024-06-02T19:44:45.459+0000] {processor.py:161} INFO - Started process (PID=423) to work on /home/airflow/.local/lib/python3.12/site-packages/airflow/example_dags/example_sla_dag.py
[2024-06-02T19:44:45.460+0000] {processor.py:830} INFO - Processing file /home/airflow/.local/lib/python3.12/site-packages/airflow/example_dags/example_sla_dag.py for tasks to queue
[2024-06-02T19:44:45.461+0000] {logging_mixin.py:188} INFO - [2024-06-02T19:44:45.461+0000] {dagbag.py:545} INFO - Filling up the DagBag from /home/airflow/.local/lib/python3.12/site-packages/airflow/example_dags/example_sla_dag.py
[2024-06-02T19:44:45.466+0000] {processor.py:840} INFO - DAG(s) 'example_sla_dag' retrieved from /home/airflow/.local/lib/python3.12/site-packages/airflow/example_dags/example_sla_dag.py
[2024-06-02T19:44:45.477+0000] {logging_mixin.py:188} INFO - [2024-06-02T19:44:45.477+0000] {dag.py:3096} INFO - Sync 1 DAGs
[2024-06-02T19:44:45.491+0000] {logging_mixin.py:188} INFO - [2024-06-02T19:44:45.490+0000] {dag.py:3954} INFO - Setting next_dagrun for example_sla_dag to 2024-06-02 19:42:00+00:00, run_after=2024-06-02 19:44:00+00:00
[2024-06-02T19:44:45.501+0000] {processor.py:183} INFO - Processing /home/airflow/.local/lib/python3.12/site-packages/airflow/example_dags/example_sla_dag.py took 0.045 seconds
[2024-06-02T19:45:16.091+0000] {processor.py:161} INFO - Started process (PID=481) to work on /home/airflow/.local/lib/python3.12/site-packages/airflow/example_dags/example_sla_dag.py
[2024-06-02T19:45:16.092+0000] {processor.py:830} INFO - Processing file /home/airflow/.local/lib/python3.12/site-packages/airflow/example_dags/example_sla_dag.py for tasks to queue
[2024-06-02T19:45:16.093+0000] {logging_mixin.py:188} INFO - [2024-06-02T19:45:16.093+0000] {dagbag.py:545} INFO - Filling up the DagBag from /home/airflow/.local/lib/python3.12/site-packages/airflow/example_dags/example_sla_dag.py
[2024-06-02T19:45:16.098+0000] {processor.py:840} INFO - DAG(s) 'example_sla_dag' retrieved from /home/airflow/.local/lib/python3.12/site-packages/airflow/example_dags/example_sla_dag.py
[2024-06-02T19:45:16.110+0000] {logging_mixin.py:188} INFO - [2024-06-02T19:45:16.110+0000] {dag.py:3096} INFO - Sync 1 DAGs
[2024-06-02T19:45:16.124+0000] {logging_mixin.py:188} INFO - [2024-06-02T19:45:16.124+0000] {dag.py:3954} INFO - Setting next_dagrun for example_sla_dag to 2024-06-02 19:42:00+00:00, run_after=2024-06-02 19:44:00+00:00
[2024-06-02T19:45:16.134+0000] {processor.py:183} INFO - Processing /home/airflow/.local/lib/python3.12/site-packages/airflow/example_dags/example_sla_dag.py took 0.046 seconds
[2024-06-02T19:45:46.757+0000] {processor.py:161} INFO - Started process (PID=538) to work on /home/airflow/.local/lib/python3.12/site-packages/airflow/example_dags/example_sla_dag.py
[2024-06-02T19:45:46.758+0000] {processor.py:830} INFO - Processing file /home/airflow/.local/lib/python3.12/site-packages/airflow/example_dags/example_sla_dag.py for tasks to queue
[2024-06-02T19:45:46.759+0000] {logging_mixin.py:188} INFO - [2024-06-02T19:45:46.759+0000] {dagbag.py:545} INFO - Filling up the DagBag from /home/airflow/.local/lib/python3.12/site-packages/airflow/example_dags/example_sla_dag.py
[2024-06-02T19:45:46.764+0000] {processor.py:840} INFO - DAG(s) 'example_sla_dag' retrieved from /home/airflow/.local/lib/python3.12/site-packages/airflow/example_dags/example_sla_dag.py
[2024-06-02T19:45:46.775+0000] {logging_mixin.py:188} INFO - [2024-06-02T19:45:46.775+0000] {dag.py:3096} INFO - Sync 1 DAGs
[2024-06-02T19:45:46.789+0000] {logging_mixin.py:188} INFO - [2024-06-02T19:45:46.789+0000] {dag.py:3954} INFO - Setting next_dagrun for example_sla_dag to 2024-06-02 19:42:00+00:00, run_after=2024-06-02 19:44:00+00:00
[2024-06-02T19:45:46.799+0000] {processor.py:183} INFO - Processing /home/airflow/.local/lib/python3.12/site-packages/airflow/example_dags/example_sla_dag.py took 0.045 seconds
[2024-06-02T19:46:17.452+0000] {processor.py:161} INFO - Started process (PID=596) to work on /home/airflow/.local/lib/python3.12/site-packages/airflow/example_dags/example_sla_dag.py
[2024-06-02T19:46:17.453+0000] {processor.py:830} INFO - Processing file /home/airflow/.local/lib/python3.12/site-packages/airflow/example_dags/example_sla_dag.py for tasks to queue
[2024-06-02T19:46:17.454+0000] {logging_mixin.py:188} INFO - [2024-06-02T19:46:17.453+0000] {dagbag.py:545} INFO - Filling up the DagBag from /home/airflow/.local/lib/python3.12/site-packages/airflow/example_dags/example_sla_dag.py
[2024-06-02T19:46:17.458+0000] {processor.py:840} INFO - DAG(s) 'example_sla_dag' retrieved from /home/airflow/.local/lib/python3.12/site-packages/airflow/example_dags/example_sla_dag.py
[2024-06-02T19:46:17.469+0000] {logging_mixin.py:188} INFO - [2024-06-02T19:46:17.469+0000] {dag.py:3096} INFO - Sync 1 DAGs
[2024-06-02T19:46:17.483+0000] {logging_mixin.py:188} INFO - [2024-06-02T19:46:17.483+0000] {dag.py:3954} INFO - Setting next_dagrun for example_sla_dag to 2024-06-02 19:44:00+00:00, run_after=2024-06-02 19:46:00+00:00
[2024-06-02T19:46:17.493+0000] {processor.py:183} INFO - Processing /home/airflow/.local/lib/python3.12/site-packages/airflow/example_dags/example_sla_dag.py took 0.044 seconds
[2024-06-02T19:46:48.161+0000] {processor.py:161} INFO - Started process (PID=654) to work on /home/airflow/.local/lib/python3.12/site-packages/airflow/example_dags/example_sla_dag.py
[2024-06-02T19:46:48.161+0000] {processor.py:830} INFO - Processing file /home/airflow/.local/lib/python3.12/site-packages/airflow/example_dags/example_sla_dag.py for tasks to queue
[2024-06-02T19:46:48.162+0000] {logging_mixin.py:188} INFO - [2024-06-02T19:46:48.162+0000] {dagbag.py:545} INFO - Filling up the DagBag from /home/airflow/.local/lib/python3.12/site-packages/airflow/example_dags/example_sla_dag.py
[2024-06-02T19:46:48.167+0000] {processor.py:840} INFO - DAG(s) 'example_sla_dag' retrieved from /home/airflow/.local/lib/python3.12/site-packages/airflow/example_dags/example_sla_dag.py
[2024-06-02T19:46:48.178+0000] {logging_mixin.py:188} INFO - [2024-06-02T19:46:48.177+0000] {dag.py:3096} INFO - Sync 1 DAGs
[2024-06-02T19:46:48.192+0000] {logging_mixin.py:188} INFO - [2024-06-02T19:46:48.192+0000] {dag.py:3954} INFO - Setting next_dagrun for example_sla_dag to 2024-06-02 19:44:00+00:00, run_after=2024-06-02 19:46:00+00:00
[2024-06-02T19:46:48.202+0000] {processor.py:183} INFO - Processing /home/airflow/.local/lib/python3.12/site-packages/airflow/example_dags/example_sla_dag.py took 0.045 seconds
[2024-06-02T19:47:18.851+0000] {processor.py:161} INFO - Started process (PID=712) to work on /home/airflow/.local/lib/python3.12/site-packages/airflow/example_dags/example_sla_dag.py
[2024-06-02T19:47:18.852+0000] {processor.py:830} INFO - Processing file /home/airflow/.local/lib/python3.12/site-packages/airflow/example_dags/example_sla_dag.py for tasks to queue
[2024-06-02T19:47:18.853+0000] {logging_mixin.py:188} INFO - [2024-06-02T19:47:18.853+0000] {dagbag.py:545} INFO - Filling up the DagBag from /home/airflow/.local/lib/python3.12/site-packages/airflow/example_dags/example_sla_dag.py
[2024-06-02T19:47:18.858+0000] {processor.py:840} INFO - DAG(s) 'example_sla_dag' retrieved from /home/airflow/.local/lib/python3.12/site-packages/airflow/example_dags/example_sla_dag.py
[2024-06-02T19:47:18.869+0000] {logging_mixin.py:188} INFO - [2024-06-02T19:47:18.869+0000] {dag.py:3096} INFO - Sync 1 DAGs
[2024-06-02T19:47:18.882+0000] {logging_mixin.py:188} INFO - [2024-06-02T19:47:18.882+0000] {dag.py:3954} INFO - Setting next_dagrun for example_sla_dag to 2024-06-02 19:44:00+00:00, run_after=2024-06-02 19:46:00+00:00
[2024-06-02T19:47:18.893+0000] {processor.py:183} INFO - Processing /home/airflow/.local/lib/python3.12/site-packages/airflow/example_dags/example_sla_dag.py took 0.045 seconds
[2024-06-02T19:47:49.597+0000] {processor.py:161} INFO - Started process (PID=770) to work on /home/airflow/.local/lib/python3.12/site-packages/airflow/example_dags/example_sla_dag.py
[2024-06-02T19:47:49.598+0000] {processor.py:830} INFO - Processing file /home/airflow/.local/lib/python3.12/site-packages/airflow/example_dags/example_sla_dag.py for tasks to queue
[2024-06-02T19:47:49.599+0000] {logging_mixin.py:188} INFO - [2024-06-02T19:47:49.599+0000] {dagbag.py:545} INFO - Filling up the DagBag from /home/airflow/.local/lib/python3.12/site-packages/airflow/example_dags/example_sla_dag.py
[2024-06-02T19:47:49.604+0000] {processor.py:840} INFO - DAG(s) 'example_sla_dag' retrieved from /home/airflow/.local/lib/python3.12/site-packages/airflow/example_dags/example_sla_dag.py
[2024-06-02T19:47:49.615+0000] {logging_mixin.py:188} INFO - [2024-06-02T19:47:49.615+0000] {dag.py:3096} INFO - Sync 1 DAGs
[2024-06-02T19:47:49.630+0000] {logging_mixin.py:188} INFO - [2024-06-02T19:47:49.629+0000] {dag.py:3954} INFO - Setting next_dagrun for example_sla_dag to 2024-06-02 19:44:00+00:00, run_after=2024-06-02 19:46:00+00:00
[2024-06-02T19:47:49.640+0000] {processor.py:183} INFO - Processing /home/airflow/.local/lib/python3.12/site-packages/airflow/example_dags/example_sla_dag.py took 0.046 seconds
[2024-06-02T19:48:20.313+0000] {processor.py:161} INFO - Started process (PID=828) to work on /home/airflow/.local/lib/python3.12/site-packages/airflow/example_dags/example_sla_dag.py
[2024-06-02T19:48:20.314+0000] {processor.py:830} INFO - Processing file /home/airflow/.local/lib/python3.12/site-packages/airflow/example_dags/example_sla_dag.py for tasks to queue
[2024-06-02T19:48:20.315+0000] {logging_mixin.py:188} INFO - [2024-06-02T19:48:20.315+0000] {dagbag.py:545} INFO - Filling up the DagBag from /home/airflow/.local/lib/python3.12/site-packages/airflow/example_dags/example_sla_dag.py
[2024-06-02T19:48:20.320+0000] {processor.py:840} INFO - DAG(s) 'example_sla_dag' retrieved from /home/airflow/.local/lib/python3.12/site-packages/airflow/example_dags/example_sla_dag.py
[2024-06-02T19:48:20.331+0000] {logging_mixin.py:188} INFO - [2024-06-02T19:48:20.331+0000] {dag.py:3096} INFO - Sync 1 DAGs
[2024-06-02T19:48:20.345+0000] {logging_mixin.py:188} INFO - [2024-06-02T19:48:20.345+0000] {dag.py:3954} INFO - Setting next_dagrun for example_sla_dag to 2024-06-02 19:46:00+00:00, run_after=2024-06-02 19:48:00+00:00
[2024-06-02T19:48:20.355+0000] {processor.py:183} INFO - Processing /home/airflow/.local/lib/python3.12/site-packages/airflow/example_dags/example_sla_dag.py took 0.045 seconds
[2024-06-02T19:48:50.936+0000] {processor.py:161} INFO - Started process (PID=886) to work on /home/airflow/.local/lib/python3.12/site-packages/airflow/example_dags/example_sla_dag.py
[2024-06-02T19:48:50.937+0000] {processor.py:830} INFO - Processing file /home/airflow/.local/lib/python3.12/site-packages/airflow/example_dags/example_sla_dag.py for tasks to queue
[2024-06-02T19:48:50.938+0000] {logging_mixin.py:188} INFO - [2024-06-02T19:48:50.938+0000] {dagbag.py:545} INFO - Filling up the DagBag from /home/airflow/.local/lib/python3.12/site-packages/airflow/example_dags/example_sla_dag.py
[2024-06-02T19:48:50.942+0000] {processor.py:840} INFO - DAG(s) 'example_sla_dag' retrieved from /home/airflow/.local/lib/python3.12/site-packages/airflow/example_dags/example_sla_dag.py
[2024-06-02T19:48:50.954+0000] {logging_mixin.py:188} INFO - [2024-06-02T19:48:50.953+0000] {dag.py:3096} INFO - Sync 1 DAGs
[2024-06-02T19:48:50.968+0000] {logging_mixin.py:188} INFO - [2024-06-02T19:48:50.968+0000] {dag.py:3954} INFO - Setting next_dagrun for example_sla_dag to 2024-06-02 19:46:00+00:00, run_after=2024-06-02 19:48:00+00:00
[2024-06-02T19:48:50.978+0000] {processor.py:183} INFO - Processing /home/airflow/.local/lib/python3.12/site-packages/airflow/example_dags/example_sla_dag.py took 0.045 seconds
[2024-06-02T19:49:21.574+0000] {processor.py:161} INFO - Started process (PID=944) to work on /home/airflow/.local/lib/python3.12/site-packages/airflow/example_dags/example_sla_dag.py
[2024-06-02T19:49:21.575+0000] {processor.py:830} INFO - Processing file /home/airflow/.local/lib/python3.12/site-packages/airflow/example_dags/example_sla_dag.py for tasks to queue
[2024-06-02T19:49:21.576+0000] {logging_mixin.py:188} INFO - [2024-06-02T19:49:21.576+0000] {dagbag.py:545} INFO - Filling up the DagBag from /home/airflow/.local/lib/python3.12/site-packages/airflow/example_dags/example_sla_dag.py
[2024-06-02T19:49:21.581+0000] {processor.py:840} INFO - DAG(s) 'example_sla_dag' retrieved from /home/airflow/.local/lib/python3.12/site-packages/airflow/example_dags/example_sla_dag.py
[2024-06-02T19:49:21.592+0000] {logging_mixin.py:188} INFO - [2024-06-02T19:49:21.592+0000] {dag.py:3096} INFO - Sync 1 DAGs
[2024-06-02T19:49:21.605+0000] {logging_mixin.py:188} INFO - [2024-06-02T19:49:21.605+0000] {dag.py:3954} INFO - Setting next_dagrun for example_sla_dag to 2024-06-02 19:46:00+00:00, run_after=2024-06-02 19:48:00+00:00
[2024-06-02T19:49:21.615+0000] {processor.py:183} INFO - Processing /home/airflow/.local/lib/python3.12/site-packages/airflow/example_dags/example_sla_dag.py took 0.045 seconds
[2024-06-02T19:49:52.213+0000] {processor.py:161} INFO - Started process (PID=1002) to work on /home/airflow/.local/lib/python3.12/site-packages/airflow/example_dags/example_sla_dag.py
[2024-06-02T19:49:52.213+0000] {processor.py:830} INFO - Processing file /home/airflow/.local/lib/python3.12/site-packages/airflow/example_dags/example_sla_dag.py for tasks to queue
[2024-06-02T19:49:52.215+0000] {logging_mixin.py:188} INFO - [2024-06-02T19:49:52.214+0000] {dagbag.py:545} INFO - Filling up the DagBag from /home/airflow/.local/lib/python3.12/site-packages/airflow/example_dags/example_sla_dag.py
[2024-06-02T19:49:52.219+0000] {processor.py:840} INFO - DAG(s) 'example_sla_dag' retrieved from /home/airflow/.local/lib/python3.12/site-packages/airflow/example_dags/example_sla_dag.py
[2024-06-02T19:49:52.230+0000] {logging_mixin.py:188} INFO - [2024-06-02T19:49:52.230+0000] {dag.py:3096} INFO - Sync 1 DAGs
[2024-06-02T19:49:52.243+0000] {logging_mixin.py:188} INFO - [2024-06-02T19:49:52.243+0000] {dag.py:3954} INFO - Setting next_dagrun for example_sla_dag to 2024-06-02 19:46:00+00:00, run_after=2024-06-02 19:48:00+00:00
[2024-06-02T19:49:52.253+0000] {processor.py:183} INFO - Processing /home/airflow/.local/lib/python3.12/site-packages/airflow/example_dags/example_sla_dag.py took 0.044 seconds
[2024-06-02T19:50:23.003+0000] {processor.py:161} INFO - Started process (PID=1060) to work on /home/airflow/.local/lib/python3.12/site-packages/airflow/example_dags/example_sla_dag.py
[2024-06-02T19:50:23.003+0000] {processor.py:830} INFO - Processing file /home/airflow/.local/lib/python3.12/site-packages/airflow/example_dags/example_sla_dag.py for tasks to queue
[2024-06-02T19:50:23.005+0000] {logging_mixin.py:188} INFO - [2024-06-02T19:50:23.005+0000] {dagbag.py:545} INFO - Filling up the DagBag from /home/airflow/.local/lib/python3.12/site-packages/airflow/example_dags/example_sla_dag.py
[2024-06-02T19:50:23.010+0000] {processor.py:840} INFO - DAG(s) 'example_sla_dag' retrieved from /home/airflow/.local/lib/python3.12/site-packages/airflow/example_dags/example_sla_dag.py
[2024-06-02T19:50:23.020+0000] {logging_mixin.py:188} INFO - [2024-06-02T19:50:23.020+0000] {dag.py:3096} INFO - Sync 1 DAGs
[2024-06-02T19:50:23.033+0000] {logging_mixin.py:188} INFO - [2024-06-02T19:50:23.033+0000] {dag.py:3954} INFO - Setting next_dagrun for example_sla_dag to 2024-06-02 19:48:00+00:00, run_after=2024-06-02 19:50:00+00:00
[2024-06-02T19:50:23.044+0000] {processor.py:183} INFO - Processing /home/airflow/.local/lib/python3.12/site-packages/airflow/example_dags/example_sla_dag.py took 0.044 seconds
[2024-06-02T19:50:53.108+0000] {processor.py:161} INFO - Started process (PID=1118) to work on /home/airflow/.local/lib/python3.12/site-packages/airflow/example_dags/example_sla_dag.py
[2024-06-02T19:50:53.108+0000] {processor.py:830} INFO - Processing file /home/airflow/.local/lib/python3.12/site-packages/airflow/example_dags/example_sla_dag.py for tasks to queue
[2024-06-02T19:50:53.110+0000] {logging_mixin.py:188} INFO - [2024-06-02T19:50:53.109+0000] {dagbag.py:545} INFO - Filling up the DagBag from /home/airflow/.local/lib/python3.12/site-packages/airflow/example_dags/example_sla_dag.py
[2024-06-02T19:50:53.114+0000] {processor.py:840} INFO - DAG(s) 'example_sla_dag' retrieved from /home/airflow/.local/lib/python3.12/site-packages/airflow/example_dags/example_sla_dag.py
[2024-06-02T19:50:53.125+0000] {logging_mixin.py:188} INFO - [2024-06-02T19:50:53.125+0000] {dag.py:3096} INFO - Sync 1 DAGs
[2024-06-02T19:50:53.138+0000] {logging_mixin.py:188} INFO - [2024-06-02T19:50:53.137+0000] {dag.py:3954} INFO - Setting next_dagrun for example_sla_dag to 2024-06-02 19:48:00+00:00, run_after=2024-06-02 19:50:00+00:00
[2024-06-02T19:50:53.147+0000] {processor.py:183} INFO - Processing /home/airflow/.local/lib/python3.12/site-packages/airflow/example_dags/example_sla_dag.py took 0.043 seconds
[2024-06-02T19:51:23.318+0000] {processor.py:161} INFO - Started process (PID=1176) to work on /home/airflow/.local/lib/python3.12/site-packages/airflow/example_dags/example_sla_dag.py
[2024-06-02T19:51:23.319+0000] {processor.py:830} INFO - Processing file /home/airflow/.local/lib/python3.12/site-packages/airflow/example_dags/example_sla_dag.py for tasks to queue
[2024-06-02T19:51:23.321+0000] {logging_mixin.py:188} INFO - [2024-06-02T19:51:23.320+0000] {dagbag.py:545} INFO - Filling up the DagBag from /home/airflow/.local/lib/python3.12/site-packages/airflow/example_dags/example_sla_dag.py
[2024-06-02T19:51:23.326+0000] {processor.py:840} INFO - DAG(s) 'example_sla_dag' retrieved from /home/airflow/.local/lib/python3.12/site-packages/airflow/example_dags/example_sla_dag.py
[2024-06-02T19:51:23.337+0000] {logging_mixin.py:188} INFO - [2024-06-02T19:51:23.336+0000] {dag.py:3096} INFO - Sync 1 DAGs
[2024-06-02T19:51:23.350+0000] {logging_mixin.py:188} INFO - [2024-06-02T19:51:23.350+0000] {dag.py:3954} INFO - Setting next_dagrun for example_sla_dag to 2024-06-02 19:48:00+00:00, run_after=2024-06-02 19:50:00+00:00
[2024-06-02T19:51:23.360+0000] {processor.py:183} INFO - Processing /home/airflow/.local/lib/python3.12/site-packages/airflow/example_dags/example_sla_dag.py took 0.045 seconds
[2024-06-02T19:51:53.491+0000] {processor.py:161} INFO - Started process (PID=1234) to work on /home/airflow/.local/lib/python3.12/site-packages/airflow/example_dags/example_sla_dag.py
[2024-06-02T19:51:53.492+0000] {processor.py:830} INFO - Processing file /home/airflow/.local/lib/python3.12/site-packages/airflow/example_dags/example_sla_dag.py for tasks to queue
[2024-06-02T19:51:53.493+0000] {logging_mixin.py:188} INFO - [2024-06-02T19:51:53.493+0000] {dagbag.py:545} INFO - Filling up the DagBag from /home/airflow/.local/lib/python3.12/site-packages/airflow/example_dags/example_sla_dag.py
[2024-06-02T19:51:53.498+0000] {processor.py:840} INFO - DAG(s) 'example_sla_dag' retrieved from /home/airflow/.local/lib/python3.12/site-packages/airflow/example_dags/example_sla_dag.py
[2024-06-02T19:51:53.510+0000] {logging_mixin.py:188} INFO - [2024-06-02T19:51:53.510+0000] {dag.py:3096} INFO - Sync 1 DAGs
[2024-06-02T19:51:53.524+0000] {logging_mixin.py:188} INFO - [2024-06-02T19:51:53.524+0000] {dag.py:3954} INFO - Setting next_dagrun for example_sla_dag to 2024-06-02 19:48:00+00:00, run_after=2024-06-02 19:50:00+00:00
[2024-06-02T19:51:53.535+0000] {processor.py:183} INFO - Processing /home/airflow/.local/lib/python3.12/site-packages/airflow/example_dags/example_sla_dag.py took 0.047 seconds
[2024-06-02T19:52:24.173+0000] {processor.py:161} INFO - Started process (PID=1292) to work on /home/airflow/.local/lib/python3.12/site-packages/airflow/example_dags/example_sla_dag.py
[2024-06-02T19:52:24.173+0000] {processor.py:830} INFO - Processing file /home/airflow/.local/lib/python3.12/site-packages/airflow/example_dags/example_sla_dag.py for tasks to queue
[2024-06-02T19:52:24.175+0000] {logging_mixin.py:188} INFO - [2024-06-02T19:52:24.174+0000] {dagbag.py:545} INFO - Filling up the DagBag from /home/airflow/.local/lib/python3.12/site-packages/airflow/example_dags/example_sla_dag.py
[2024-06-02T19:52:24.179+0000] {processor.py:840} INFO - DAG(s) 'example_sla_dag' retrieved from /home/airflow/.local/lib/python3.12/site-packages/airflow/example_dags/example_sla_dag.py
[2024-06-02T19:52:24.191+0000] {logging_mixin.py:188} INFO - [2024-06-02T19:52:24.191+0000] {dag.py:3096} INFO - Sync 1 DAGs
[2024-06-02T19:52:24.206+0000] {logging_mixin.py:188} INFO - [2024-06-02T19:52:24.205+0000] {dag.py:3954} INFO - Setting next_dagrun for example_sla_dag to 2024-06-02 19:50:00+00:00, run_after=2024-06-02 19:52:00+00:00
[2024-06-02T19:52:24.217+0000] {processor.py:183} INFO - Processing /home/airflow/.local/lib/python3.12/site-packages/airflow/example_dags/example_sla_dag.py took 0.048 seconds
[2024-06-02T19:52:54.911+0000] {processor.py:161} INFO - Started process (PID=1349) to work on /home/airflow/.local/lib/python3.12/site-packages/airflow/example_dags/example_sla_dag.py
[2024-06-02T19:52:54.911+0000] {processor.py:830} INFO - Processing file /home/airflow/.local/lib/python3.12/site-packages/airflow/example_dags/example_sla_dag.py for tasks to queue
[2024-06-02T19:52:54.913+0000] {logging_mixin.py:188} INFO - [2024-06-02T19:52:54.912+0000] {dagbag.py:545} INFO - Filling up the DagBag from /home/airflow/.local/lib/python3.12/site-packages/airflow/example_dags/example_sla_dag.py
[2024-06-02T19:52:54.917+0000] {processor.py:840} INFO - DAG(s) 'example_sla_dag' retrieved from /home/airflow/.local/lib/python3.12/site-packages/airflow/example_dags/example_sla_dag.py
[2024-06-02T19:52:54.929+0000] {logging_mixin.py:188} INFO - [2024-06-02T19:52:54.929+0000] {dag.py:3096} INFO - Sync 1 DAGs
[2024-06-02T19:52:54.944+0000] {logging_mixin.py:188} INFO - [2024-06-02T19:52:54.944+0000] {dag.py:3954} INFO - Setting next_dagrun for example_sla_dag to 2024-06-02 19:50:00+00:00, run_after=2024-06-02 19:52:00+00:00
[2024-06-02T19:52:54.954+0000] {processor.py:183} INFO - Processing /home/airflow/.local/lib/python3.12/site-packages/airflow/example_dags/example_sla_dag.py took 0.046 seconds
[2024-06-02T19:53:25.609+0000] {processor.py:161} INFO - Started process (PID=1413) to work on /home/airflow/.local/lib/python3.12/site-packages/airflow/example_dags/example_sla_dag.py
[2024-06-02T19:53:25.609+0000] {processor.py:830} INFO - Processing file /home/airflow/.local/lib/python3.12/site-packages/airflow/example_dags/example_sla_dag.py for tasks to queue
[2024-06-02T19:53:25.610+0000] {logging_mixin.py:188} INFO - [2024-06-02T19:53:25.610+0000] {dagbag.py:545} INFO - Filling up the DagBag from /home/airflow/.local/lib/python3.12/site-packages/airflow/example_dags/example_sla_dag.py
[2024-06-02T19:53:25.615+0000] {processor.py:840} INFO - DAG(s) 'example_sla_dag' retrieved from /home/airflow/.local/lib/python3.12/site-packages/airflow/example_dags/example_sla_dag.py
[2024-06-02T19:53:25.627+0000] {logging_mixin.py:188} INFO - [2024-06-02T19:53:25.627+0000] {dag.py:3096} INFO - Sync 1 DAGs
[2024-06-02T19:53:25.642+0000] {logging_mixin.py:188} INFO - [2024-06-02T19:53:25.641+0000] {dag.py:3954} INFO - Setting next_dagrun for example_sla_dag to 2024-06-02 19:50:00+00:00, run_after=2024-06-02 19:52:00+00:00
[2024-06-02T19:53:25.652+0000] {processor.py:183} INFO - Processing /home/airflow/.local/lib/python3.12/site-packages/airflow/example_dags/example_sla_dag.py took 0.046 seconds
[2024-06-02T19:53:56.285+0000] {processor.py:161} INFO - Started process (PID=1471) to work on /home/airflow/.local/lib/python3.12/site-packages/airflow/example_dags/example_sla_dag.py
[2024-06-02T19:53:56.286+0000] {processor.py:830} INFO - Processing file /home/airflow/.local/lib/python3.12/site-packages/airflow/example_dags/example_sla_dag.py for tasks to queue
[2024-06-02T19:53:56.287+0000] {logging_mixin.py:188} INFO - [2024-06-02T19:53:56.287+0000] {dagbag.py:545} INFO - Filling up the DagBag from /home/airflow/.local/lib/python3.12/site-packages/airflow/example_dags/example_sla_dag.py
[2024-06-02T19:53:56.293+0000] {processor.py:840} INFO - DAG(s) 'example_sla_dag' retrieved from /home/airflow/.local/lib/python3.12/site-packages/airflow/example_dags/example_sla_dag.py
[2024-06-02T19:53:56.304+0000] {logging_mixin.py:188} INFO - [2024-06-02T19:53:56.303+0000] {dag.py:3096} INFO - Sync 1 DAGs
[2024-06-02T19:53:56.317+0000] {logging_mixin.py:188} INFO - [2024-06-02T19:53:56.317+0000] {dag.py:3954} INFO - Setting next_dagrun for example_sla_dag to 2024-06-02 19:50:00+00:00, run_after=2024-06-02 19:52:00+00:00
[2024-06-02T19:53:56.326+0000] {processor.py:183} INFO - Processing /home/airflow/.local/lib/python3.12/site-packages/airflow/example_dags/example_sla_dag.py took 0.045 seconds
[2024-06-02T19:54:27.001+0000] {processor.py:161} INFO - Started process (PID=1529) to work on /home/airflow/.local/lib/python3.12/site-packages/airflow/example_dags/example_sla_dag.py
[2024-06-02T19:54:27.002+0000] {processor.py:830} INFO - Processing file /home/airflow/.local/lib/python3.12/site-packages/airflow/example_dags/example_sla_dag.py for tasks to queue
[2024-06-02T19:54:27.004+0000] {logging_mixin.py:188} INFO - [2024-06-02T19:54:27.003+0000] {dagbag.py:545} INFO - Filling up the DagBag from /home/airflow/.local/lib/python3.12/site-packages/airflow/example_dags/example_sla_dag.py
[2024-06-02T19:54:27.009+0000] {processor.py:840} INFO - DAG(s) 'example_sla_dag' retrieved from /home/airflow/.local/lib/python3.12/site-packages/airflow/example_dags/example_sla_dag.py
[2024-06-02T19:54:27.021+0000] {logging_mixin.py:188} INFO - [2024-06-02T19:54:27.021+0000] {dag.py:3096} INFO - Sync 1 DAGs
[2024-06-02T19:54:27.034+0000] {logging_mixin.py:188} INFO - [2024-06-02T19:54:27.034+0000] {dag.py:3954} INFO - Setting next_dagrun for example_sla_dag to 2024-06-02 19:52:00+00:00, run_after=2024-06-02 19:54:00+00:00
[2024-06-02T19:54:27.045+0000] {processor.py:183} INFO - Processing /home/airflow/.local/lib/python3.12/site-packages/airflow/example_dags/example_sla_dag.py took 0.047 seconds
[2024-06-02T19:54:57.837+0000] {processor.py:161} INFO - Started process (PID=1587) to work on /home/airflow/.local/lib/python3.12/site-packages/airflow/example_dags/example_sla_dag.py
[2024-06-02T19:54:57.838+0000] {processor.py:830} INFO - Processing file /home/airflow/.local/lib/python3.12/site-packages/airflow/example_dags/example_sla_dag.py for tasks to queue
[2024-06-02T19:54:57.840+0000] {logging_mixin.py:188} INFO - [2024-06-02T19:54:57.839+0000] {dagbag.py:545} INFO - Filling up the DagBag from /home/airflow/.local/lib/python3.12/site-packages/airflow/example_dags/example_sla_dag.py
[2024-06-02T19:54:57.845+0000] {processor.py:840} INFO - DAG(s) 'example_sla_dag' retrieved from /home/airflow/.local/lib/python3.12/site-packages/airflow/example_dags/example_sla_dag.py
[2024-06-02T19:54:57.857+0000] {logging_mixin.py:188} INFO - [2024-06-02T19:54:57.856+0000] {dag.py:3096} INFO - Sync 1 DAGs
[2024-06-02T19:54:57.871+0000] {logging_mixin.py:188} INFO - [2024-06-02T19:54:57.871+0000] {dag.py:3954} INFO - Setting next_dagrun for example_sla_dag to 2024-06-02 19:52:00+00:00, run_after=2024-06-02 19:54:00+00:00
[2024-06-02T19:54:57.881+0000] {processor.py:183} INFO - Processing /home/airflow/.local/lib/python3.12/site-packages/airflow/example_dags/example_sla_dag.py took 0.047 seconds
[2024-06-02T19:55:28.523+0000] {processor.py:161} INFO - Started process (PID=1645) to work on /home/airflow/.local/lib/python3.12/site-packages/airflow/example_dags/example_sla_dag.py
[2024-06-02T19:55:28.524+0000] {processor.py:830} INFO - Processing file /home/airflow/.local/lib/python3.12/site-packages/airflow/example_dags/example_sla_dag.py for tasks to queue
[2024-06-02T19:55:28.525+0000] {logging_mixin.py:188} INFO - [2024-06-02T19:55:28.525+0000] {dagbag.py:545} INFO - Filling up the DagBag from /home/airflow/.local/lib/python3.12/site-packages/airflow/example_dags/example_sla_dag.py
[2024-06-02T19:55:28.531+0000] {processor.py:840} INFO - DAG(s) 'example_sla_dag' retrieved from /home/airflow/.local/lib/python3.12/site-packages/airflow/example_dags/example_sla_dag.py
[2024-06-02T19:55:28.543+0000] {logging_mixin.py:188} INFO - [2024-06-02T19:55:28.543+0000] {dag.py:3096} INFO - Sync 1 DAGs
[2024-06-02T19:55:28.556+0000] {logging_mixin.py:188} INFO - [2024-06-02T19:55:28.556+0000] {dag.py:3954} INFO - Setting next_dagrun for example_sla_dag to 2024-06-02 19:52:00+00:00, run_after=2024-06-02 19:54:00+00:00
[2024-06-02T19:55:28.567+0000] {processor.py:183} INFO - Processing /home/airflow/.local/lib/python3.12/site-packages/airflow/example_dags/example_sla_dag.py took 0.047 seconds
[2024-06-02T19:55:59.193+0000] {processor.py:161} INFO - Started process (PID=1703) to work on /home/airflow/.local/lib/python3.12/site-packages/airflow/example_dags/example_sla_dag.py
[2024-06-02T19:55:59.194+0000] {processor.py:830} INFO - Processing file /home/airflow/.local/lib/python3.12/site-packages/airflow/example_dags/example_sla_dag.py for tasks to queue
[2024-06-02T19:55:59.195+0000] {logging_mixin.py:188} INFO - [2024-06-02T19:55:59.195+0000] {dagbag.py:545} INFO - Filling up the DagBag from /home/airflow/.local/lib/python3.12/site-packages/airflow/example_dags/example_sla_dag.py
[2024-06-02T19:55:59.200+0000] {processor.py:840} INFO - DAG(s) 'example_sla_dag' retrieved from /home/airflow/.local/lib/python3.12/site-packages/airflow/example_dags/example_sla_dag.py
[2024-06-02T19:55:59.210+0000] {logging_mixin.py:188} INFO - [2024-06-02T19:55:59.210+0000] {dag.py:3096} INFO - Sync 1 DAGs
[2024-06-02T19:55:59.224+0000] {logging_mixin.py:188} INFO - [2024-06-02T19:55:59.224+0000] {dag.py:3954} INFO - Setting next_dagrun for example_sla_dag to 2024-06-02 19:52:00+00:00, run_after=2024-06-02 19:54:00+00:00
[2024-06-02T19:55:59.234+0000] {processor.py:183} INFO - Processing /home/airflow/.local/lib/python3.12/site-packages/airflow/example_dags/example_sla_dag.py took 0.044 seconds
[2024-06-02T19:56:29.820+0000] {processor.py:161} INFO - Started process (PID=1761) to work on /home/airflow/.local/lib/python3.12/site-packages/airflow/example_dags/example_sla_dag.py
[2024-06-02T19:56:29.820+0000] {processor.py:830} INFO - Processing file /home/airflow/.local/lib/python3.12/site-packages/airflow/example_dags/example_sla_dag.py for tasks to queue
[2024-06-02T19:56:29.822+0000] {logging_mixin.py:188} INFO - [2024-06-02T19:56:29.821+0000] {dagbag.py:545} INFO - Filling up the DagBag from /home/airflow/.local/lib/python3.12/site-packages/airflow/example_dags/example_sla_dag.py
[2024-06-02T19:56:29.826+0000] {processor.py:840} INFO - DAG(s) 'example_sla_dag' retrieved from /home/airflow/.local/lib/python3.12/site-packages/airflow/example_dags/example_sla_dag.py
[2024-06-02T19:56:29.837+0000] {logging_mixin.py:188} INFO - [2024-06-02T19:56:29.837+0000] {dag.py:3096} INFO - Sync 1 DAGs
[2024-06-02T19:56:29.850+0000] {logging_mixin.py:188} INFO - [2024-06-02T19:56:29.850+0000] {dag.py:3954} INFO - Setting next_dagrun for example_sla_dag to 2024-06-02 19:54:00+00:00, run_after=2024-06-02 19:56:00+00:00
[2024-06-02T19:56:29.860+0000] {processor.py:183} INFO - Processing /home/airflow/.local/lib/python3.12/site-packages/airflow/example_dags/example_sla_dag.py took 0.044 seconds
[2024-06-02T19:57:00.669+0000] {processor.py:161} INFO - Started process (PID=1819) to work on /home/airflow/.local/lib/python3.12/site-packages/airflow/example_dags/example_sla_dag.py
[2024-06-02T19:57:00.670+0000] {processor.py:830} INFO - Processing file /home/airflow/.local/lib/python3.12/site-packages/airflow/example_dags/example_sla_dag.py for tasks to queue
[2024-06-02T19:57:00.671+0000] {logging_mixin.py:188} INFO - [2024-06-02T19:57:00.671+0000] {dagbag.py:545} INFO - Filling up the DagBag from /home/airflow/.local/lib/python3.12/site-packages/airflow/example_dags/example_sla_dag.py
[2024-06-02T19:57:00.676+0000] {processor.py:840} INFO - DAG(s) 'example_sla_dag' retrieved from /home/airflow/.local/lib/python3.12/site-packages/airflow/example_dags/example_sla_dag.py
[2024-06-02T19:57:00.686+0000] {logging_mixin.py:188} INFO - [2024-06-02T19:57:00.686+0000] {dag.py:3096} INFO - Sync 1 DAGs
[2024-06-02T19:57:00.700+0000] {logging_mixin.py:188} INFO - [2024-06-02T19:57:00.700+0000] {dag.py:3954} INFO - Setting next_dagrun for example_sla_dag to 2024-06-02 19:54:00+00:00, run_after=2024-06-02 19:56:00+00:00
[2024-06-02T19:57:00.709+0000] {processor.py:183} INFO - Processing /home/airflow/.local/lib/python3.12/site-packages/airflow/example_dags/example_sla_dag.py took 0.043 seconds
[2024-06-02T19:57:31.705+0000] {processor.py:161} INFO - Started process (PID=1877) to work on /home/airflow/.local/lib/python3.12/site-packages/airflow/example_dags/example_sla_dag.py
[2024-06-02T19:57:31.706+0000] {processor.py:830} INFO - Processing file /home/airflow/.local/lib/python3.12/site-packages/airflow/example_dags/example_sla_dag.py for tasks to queue
[2024-06-02T19:57:31.707+0000] {logging_mixin.py:188} INFO - [2024-06-02T19:57:31.707+0000] {dagbag.py:545} INFO - Filling up the DagBag from /home/airflow/.local/lib/python3.12/site-packages/airflow/example_dags/example_sla_dag.py
[2024-06-02T19:57:31.712+0000] {processor.py:840} INFO - DAG(s) 'example_sla_dag' retrieved from /home/airflow/.local/lib/python3.12/site-packages/airflow/example_dags/example_sla_dag.py
[2024-06-02T19:57:31.724+0000] {logging_mixin.py:188} INFO - [2024-06-02T19:57:31.724+0000] {dag.py:3096} INFO - Sync 1 DAGs
[2024-06-02T19:57:31.737+0000] {logging_mixin.py:188} INFO - [2024-06-02T19:57:31.737+0000] {dag.py:3954} INFO - Setting next_dagrun for example_sla_dag to 2024-06-02 19:54:00+00:00, run_after=2024-06-02 19:56:00+00:00
[2024-06-02T19:57:31.747+0000] {processor.py:183} INFO - Processing /home/airflow/.local/lib/python3.12/site-packages/airflow/example_dags/example_sla_dag.py took 0.045 seconds
[2024-06-02T19:58:02.416+0000] {processor.py:161} INFO - Started process (PID=1935) to work on /home/airflow/.local/lib/python3.12/site-packages/airflow/example_dags/example_sla_dag.py
[2024-06-02T19:58:02.417+0000] {processor.py:830} INFO - Processing file /home/airflow/.local/lib/python3.12/site-packages/airflow/example_dags/example_sla_dag.py for tasks to queue
[2024-06-02T19:58:02.418+0000] {logging_mixin.py:188} INFO - [2024-06-02T19:58:02.418+0000] {dagbag.py:545} INFO - Filling up the DagBag from /home/airflow/.local/lib/python3.12/site-packages/airflow/example_dags/example_sla_dag.py
[2024-06-02T19:58:02.423+0000] {processor.py:840} INFO - DAG(s) 'example_sla_dag' retrieved from /home/airflow/.local/lib/python3.12/site-packages/airflow/example_dags/example_sla_dag.py
[2024-06-02T19:58:02.435+0000] {logging_mixin.py:188} INFO - [2024-06-02T19:58:02.435+0000] {dag.py:3096} INFO - Sync 1 DAGs
[2024-06-02T19:58:02.449+0000] {logging_mixin.py:188} INFO - [2024-06-02T19:58:02.449+0000] {dag.py:3954} INFO - Setting next_dagrun for example_sla_dag to 2024-06-02 19:56:00+00:00, run_after=2024-06-02 19:58:00+00:00
[2024-06-02T19:58:02.549+0000] {processor.py:183} INFO - Processing /home/airflow/.local/lib/python3.12/site-packages/airflow/example_dags/example_sla_dag.py took 0.136 seconds
[2024-06-02T19:58:33.202+0000] {processor.py:161} INFO - Started process (PID=1993) to work on /home/airflow/.local/lib/python3.12/site-packages/airflow/example_dags/example_sla_dag.py
[2024-06-02T19:58:33.203+0000] {processor.py:830} INFO - Processing file /home/airflow/.local/lib/python3.12/site-packages/airflow/example_dags/example_sla_dag.py for tasks to queue
[2024-06-02T19:58:33.205+0000] {logging_mixin.py:188} INFO - [2024-06-02T19:58:33.204+0000] {dagbag.py:545} INFO - Filling up the DagBag from /home/airflow/.local/lib/python3.12/site-packages/airflow/example_dags/example_sla_dag.py
[2024-06-02T19:58:33.209+0000] {processor.py:840} INFO - DAG(s) 'example_sla_dag' retrieved from /home/airflow/.local/lib/python3.12/site-packages/airflow/example_dags/example_sla_dag.py
[2024-06-02T19:58:33.222+0000] {logging_mixin.py:188} INFO - [2024-06-02T19:58:33.221+0000] {dag.py:3096} INFO - Sync 1 DAGs
[2024-06-02T19:58:33.235+0000] {logging_mixin.py:188} INFO - [2024-06-02T19:58:33.235+0000] {dag.py:3954} INFO - Setting next_dagrun for example_sla_dag to 2024-06-02 19:56:00+00:00, run_after=2024-06-02 19:58:00+00:00
[2024-06-02T19:58:33.245+0000] {processor.py:183} INFO - Processing /home/airflow/.local/lib/python3.12/site-packages/airflow/example_dags/example_sla_dag.py took 0.047 seconds
[2024-06-02T19:59:03.366+0000] {processor.py:161} INFO - Started process (PID=2051) to work on /home/airflow/.local/lib/python3.12/site-packages/airflow/example_dags/example_sla_dag.py
[2024-06-02T19:59:03.367+0000] {processor.py:830} INFO - Processing file /home/airflow/.local/lib/python3.12/site-packages/airflow/example_dags/example_sla_dag.py for tasks to queue
[2024-06-02T19:59:03.368+0000] {logging_mixin.py:188} INFO - [2024-06-02T19:59:03.368+0000] {dagbag.py:545} INFO - Filling up the DagBag from /home/airflow/.local/lib/python3.12/site-packages/airflow/example_dags/example_sla_dag.py
[2024-06-02T19:59:03.373+0000] {processor.py:840} INFO - DAG(s) 'example_sla_dag' retrieved from /home/airflow/.local/lib/python3.12/site-packages/airflow/example_dags/example_sla_dag.py
[2024-06-02T19:59:03.385+0000] {logging_mixin.py:188} INFO - [2024-06-02T19:59:03.385+0000] {dag.py:3096} INFO - Sync 1 DAGs
[2024-06-02T19:59:03.399+0000] {logging_mixin.py:188} INFO - [2024-06-02T19:59:03.399+0000] {dag.py:3954} INFO - Setting next_dagrun for example_sla_dag to 2024-06-02 19:56:00+00:00, run_after=2024-06-02 19:58:00+00:00
[2024-06-02T19:59:03.409+0000] {processor.py:183} INFO - Processing /home/airflow/.local/lib/python3.12/site-packages/airflow/example_dags/example_sla_dag.py took 0.047 seconds
[2024-06-02T19:59:33.866+0000] {processor.py:161} INFO - Started process (PID=2109) to work on /home/airflow/.local/lib/python3.12/site-packages/airflow/example_dags/example_sla_dag.py
[2024-06-02T19:59:33.867+0000] {processor.py:830} INFO - Processing file /home/airflow/.local/lib/python3.12/site-packages/airflow/example_dags/example_sla_dag.py for tasks to queue
[2024-06-02T19:59:33.868+0000] {logging_mixin.py:188} INFO - [2024-06-02T19:59:33.867+0000] {dagbag.py:545} INFO - Filling up the DagBag from /home/airflow/.local/lib/python3.12/site-packages/airflow/example_dags/example_sla_dag.py
[2024-06-02T19:59:33.872+0000] {processor.py:840} INFO - DAG(s) 'example_sla_dag' retrieved from /home/airflow/.local/lib/python3.12/site-packages/airflow/example_dags/example_sla_dag.py
[2024-06-02T19:59:33.883+0000] {logging_mixin.py:188} INFO - [2024-06-02T19:59:33.883+0000] {dag.py:3096} INFO - Sync 1 DAGs
[2024-06-02T19:59:33.896+0000] {logging_mixin.py:188} INFO - [2024-06-02T19:59:33.896+0000] {dag.py:3954} INFO - Setting next_dagrun for example_sla_dag to 2024-06-02 19:56:00+00:00, run_after=2024-06-02 19:58:00+00:00
[2024-06-02T19:59:33.906+0000] {processor.py:183} INFO - Processing /home/airflow/.local/lib/python3.12/site-packages/airflow/example_dags/example_sla_dag.py took 0.045 seconds
[2024-06-02T20:00:04.957+0000] {processor.py:161} INFO - Started process (PID=2167) to work on /home/airflow/.local/lib/python3.12/site-packages/airflow/example_dags/example_sla_dag.py
[2024-06-02T20:00:04.958+0000] {processor.py:830} INFO - Processing file /home/airflow/.local/lib/python3.12/site-packages/airflow/example_dags/example_sla_dag.py for tasks to queue
[2024-06-02T20:00:04.959+0000] {logging_mixin.py:188} INFO - [2024-06-02T20:00:04.959+0000] {dagbag.py:545} INFO - Filling up the DagBag from /home/airflow/.local/lib/python3.12/site-packages/airflow/example_dags/example_sla_dag.py
[2024-06-02T20:00:04.964+0000] {processor.py:840} INFO - DAG(s) 'example_sla_dag' retrieved from /home/airflow/.local/lib/python3.12/site-packages/airflow/example_dags/example_sla_dag.py
[2024-06-02T20:00:04.974+0000] {logging_mixin.py:188} INFO - [2024-06-02T20:00:04.974+0000] {dag.py:3096} INFO - Sync 1 DAGs
[2024-06-02T20:00:04.988+0000] {logging_mixin.py:188} INFO - [2024-06-02T20:00:04.988+0000] {dag.py:3954} INFO - Setting next_dagrun for example_sla_dag to 2024-06-02 19:58:00+00:00, run_after=2024-06-02 20:00:00+00:00
[2024-06-02T20:00:04.998+0000] {processor.py:183} INFO - Processing /home/airflow/.local/lib/python3.12/site-packages/airflow/example_dags/example_sla_dag.py took 0.044 seconds
[2024-06-02T20:00:36.152+0000] {processor.py:161} INFO - Started process (PID=2225) to work on /home/airflow/.local/lib/python3.12/site-packages/airflow/example_dags/example_sla_dag.py
[2024-06-02T20:00:36.152+0000] {processor.py:830} INFO - Processing file /home/airflow/.local/lib/python3.12/site-packages/airflow/example_dags/example_sla_dag.py for tasks to queue
[2024-06-02T20:00:36.154+0000] {logging_mixin.py:188} INFO - [2024-06-02T20:00:36.154+0000] {dagbag.py:545} INFO - Filling up the DagBag from /home/airflow/.local/lib/python3.12/site-packages/airflow/example_dags/example_sla_dag.py
[2024-06-02T20:00:36.247+0000] {processor.py:840} INFO - DAG(s) 'example_sla_dag' retrieved from /home/airflow/.local/lib/python3.12/site-packages/airflow/example_dags/example_sla_dag.py
[2024-06-02T20:00:36.258+0000] {logging_mixin.py:188} INFO - [2024-06-02T20:00:36.258+0000] {dag.py:3096} INFO - Sync 1 DAGs
[2024-06-02T20:00:36.271+0000] {logging_mixin.py:188} INFO - [2024-06-02T20:00:36.271+0000] {dag.py:3954} INFO - Setting next_dagrun for example_sla_dag to 2024-06-02 19:58:00+00:00, run_after=2024-06-02 20:00:00+00:00
[2024-06-02T20:00:36.281+0000] {processor.py:183} INFO - Processing /home/airflow/.local/lib/python3.12/site-packages/airflow/example_dags/example_sla_dag.py took 0.133 seconds
[2024-06-02T20:01:07.146+0000] {processor.py:161} INFO - Started process (PID=2283) to work on /home/airflow/.local/lib/python3.12/site-packages/airflow/example_dags/example_sla_dag.py
[2024-06-02T20:01:07.146+0000] {processor.py:830} INFO - Processing file /home/airflow/.local/lib/python3.12/site-packages/airflow/example_dags/example_sla_dag.py for tasks to queue
[2024-06-02T20:01:07.147+0000] {logging_mixin.py:188} INFO - [2024-06-02T20:01:07.147+0000] {dagbag.py:545} INFO - Filling up the DagBag from /home/airflow/.local/lib/python3.12/site-packages/airflow/example_dags/example_sla_dag.py
[2024-06-02T20:01:07.152+0000] {processor.py:840} INFO - DAG(s) 'example_sla_dag' retrieved from /home/airflow/.local/lib/python3.12/site-packages/airflow/example_dags/example_sla_dag.py
[2024-06-02T20:01:07.164+0000] {logging_mixin.py:188} INFO - [2024-06-02T20:01:07.163+0000] {dag.py:3096} INFO - Sync 1 DAGs
[2024-06-02T20:01:07.177+0000] {logging_mixin.py:188} INFO - [2024-06-02T20:01:07.177+0000] {dag.py:3954} INFO - Setting next_dagrun for example_sla_dag to 2024-06-02 19:58:00+00:00, run_after=2024-06-02 20:00:00+00:00
[2024-06-02T20:01:07.186+0000] {processor.py:183} INFO - Processing /home/airflow/.local/lib/python3.12/site-packages/airflow/example_dags/example_sla_dag.py took 0.044 seconds
[2024-06-02T20:01:37.923+0000] {processor.py:161} INFO - Started process (PID=2341) to work on /home/airflow/.local/lib/python3.12/site-packages/airflow/example_dags/example_sla_dag.py
[2024-06-02T20:01:37.924+0000] {processor.py:830} INFO - Processing file /home/airflow/.local/lib/python3.12/site-packages/airflow/example_dags/example_sla_dag.py for tasks to queue
[2024-06-02T20:01:37.926+0000] {logging_mixin.py:188} INFO - [2024-06-02T20:01:37.926+0000] {dagbag.py:545} INFO - Filling up the DagBag from /home/airflow/.local/lib/python3.12/site-packages/airflow/example_dags/example_sla_dag.py
[2024-06-02T20:01:37.931+0000] {processor.py:840} INFO - DAG(s) 'example_sla_dag' retrieved from /home/airflow/.local/lib/python3.12/site-packages/airflow/example_dags/example_sla_dag.py
[2024-06-02T20:01:37.942+0000] {logging_mixin.py:188} INFO - [2024-06-02T20:01:37.942+0000] {dag.py:3096} INFO - Sync 1 DAGs
[2024-06-02T20:01:37.956+0000] {logging_mixin.py:188} INFO - [2024-06-02T20:01:37.956+0000] {dag.py:3954} INFO - Setting next_dagrun for example_sla_dag to 2024-06-02 19:58:00+00:00, run_after=2024-06-02 20:00:00+00:00
[2024-06-02T20:01:37.967+0000] {processor.py:183} INFO - Processing /home/airflow/.local/lib/python3.12/site-packages/airflow/example_dags/example_sla_dag.py took 0.047 seconds
[2024-06-02T20:02:08.681+0000] {processor.py:161} INFO - Started process (PID=2399) to work on /home/airflow/.local/lib/python3.12/site-packages/airflow/example_dags/example_sla_dag.py
[2024-06-02T20:02:08.682+0000] {processor.py:830} INFO - Processing file /home/airflow/.local/lib/python3.12/site-packages/airflow/example_dags/example_sla_dag.py for tasks to queue
[2024-06-02T20:02:08.683+0000] {logging_mixin.py:188} INFO - [2024-06-02T20:02:08.683+0000] {dagbag.py:545} INFO - Filling up the DagBag from /home/airflow/.local/lib/python3.12/site-packages/airflow/example_dags/example_sla_dag.py
[2024-06-02T20:02:08.688+0000] {processor.py:840} INFO - DAG(s) 'example_sla_dag' retrieved from /home/airflow/.local/lib/python3.12/site-packages/airflow/example_dags/example_sla_dag.py
[2024-06-02T20:02:08.698+0000] {logging_mixin.py:188} INFO - [2024-06-02T20:02:08.698+0000] {dag.py:3096} INFO - Sync 1 DAGs
[2024-06-02T20:02:08.711+0000] {logging_mixin.py:188} INFO - [2024-06-02T20:02:08.711+0000] {dag.py:3954} INFO - Setting next_dagrun for example_sla_dag to 2024-06-02 20:00:00+00:00, run_after=2024-06-02 20:02:00+00:00
[2024-06-02T20:02:08.721+0000] {processor.py:183} INFO - Processing /home/airflow/.local/lib/python3.12/site-packages/airflow/example_dags/example_sla_dag.py took 0.043 seconds
[2024-06-02T20:02:39.387+0000] {processor.py:161} INFO - Started process (PID=2457) to work on /home/airflow/.local/lib/python3.12/site-packages/airflow/example_dags/example_sla_dag.py
[2024-06-02T20:02:39.388+0000] {processor.py:830} INFO - Processing file /home/airflow/.local/lib/python3.12/site-packages/airflow/example_dags/example_sla_dag.py for tasks to queue
[2024-06-02T20:02:39.389+0000] {logging_mixin.py:188} INFO - [2024-06-02T20:02:39.389+0000] {dagbag.py:545} INFO - Filling up the DagBag from /home/airflow/.local/lib/python3.12/site-packages/airflow/example_dags/example_sla_dag.py
[2024-06-02T20:02:39.395+0000] {processor.py:840} INFO - DAG(s) 'example_sla_dag' retrieved from /home/airflow/.local/lib/python3.12/site-packages/airflow/example_dags/example_sla_dag.py
[2024-06-02T20:02:39.405+0000] {logging_mixin.py:188} INFO - [2024-06-02T20:02:39.405+0000] {dag.py:3096} INFO - Sync 1 DAGs
[2024-06-02T20:02:39.418+0000] {logging_mixin.py:188} INFO - [2024-06-02T20:02:39.418+0000] {dag.py:3954} INFO - Setting next_dagrun for example_sla_dag to 2024-06-02 20:00:00+00:00, run_after=2024-06-02 20:02:00+00:00
[2024-06-02T20:02:39.428+0000] {processor.py:183} INFO - Processing /home/airflow/.local/lib/python3.12/site-packages/airflow/example_dags/example_sla_dag.py took 0.044 seconds
[2024-06-02T20:03:10.009+0000] {processor.py:161} INFO - Started process (PID=2515) to work on /home/airflow/.local/lib/python3.12/site-packages/airflow/example_dags/example_sla_dag.py
[2024-06-02T20:03:10.010+0000] {processor.py:830} INFO - Processing file /home/airflow/.local/lib/python3.12/site-packages/airflow/example_dags/example_sla_dag.py for tasks to queue
[2024-06-02T20:03:10.011+0000] {logging_mixin.py:188} INFO - [2024-06-02T20:03:10.010+0000] {dagbag.py:545} INFO - Filling up the DagBag from /home/airflow/.local/lib/python3.12/site-packages/airflow/example_dags/example_sla_dag.py
[2024-06-02T20:03:10.015+0000] {processor.py:840} INFO - DAG(s) 'example_sla_dag' retrieved from /home/airflow/.local/lib/python3.12/site-packages/airflow/example_dags/example_sla_dag.py
[2024-06-02T20:03:10.026+0000] {logging_mixin.py:188} INFO - [2024-06-02T20:03:10.026+0000] {dag.py:3096} INFO - Sync 1 DAGs
[2024-06-02T20:03:10.040+0000] {logging_mixin.py:188} INFO - [2024-06-02T20:03:10.040+0000] {dag.py:3954} INFO - Setting next_dagrun for example_sla_dag to 2024-06-02 20:00:00+00:00, run_after=2024-06-02 20:02:00+00:00
[2024-06-02T20:03:10.049+0000] {processor.py:183} INFO - Processing /home/airflow/.local/lib/python3.12/site-packages/airflow/example_dags/example_sla_dag.py took 0.043 seconds
[2024-06-02T20:03:40.707+0000] {processor.py:161} INFO - Started process (PID=2573) to work on /home/airflow/.local/lib/python3.12/site-packages/airflow/example_dags/example_sla_dag.py
[2024-06-02T20:03:40.708+0000] {processor.py:830} INFO - Processing file /home/airflow/.local/lib/python3.12/site-packages/airflow/example_dags/example_sla_dag.py for tasks to queue
[2024-06-02T20:03:40.710+0000] {logging_mixin.py:188} INFO - [2024-06-02T20:03:40.709+0000] {dagbag.py:545} INFO - Filling up the DagBag from /home/airflow/.local/lib/python3.12/site-packages/airflow/example_dags/example_sla_dag.py
[2024-06-02T20:03:40.714+0000] {processor.py:840} INFO - DAG(s) 'example_sla_dag' retrieved from /home/airflow/.local/lib/python3.12/site-packages/airflow/example_dags/example_sla_dag.py
[2024-06-02T20:03:40.725+0000] {logging_mixin.py:188} INFO - [2024-06-02T20:03:40.725+0000] {dag.py:3096} INFO - Sync 1 DAGs
[2024-06-02T20:03:40.739+0000] {logging_mixin.py:188} INFO - [2024-06-02T20:03:40.739+0000] {dag.py:3954} INFO - Setting next_dagrun for example_sla_dag to 2024-06-02 20:00:00+00:00, run_after=2024-06-02 20:02:00+00:00
[2024-06-02T20:03:40.750+0000] {processor.py:183} INFO - Processing /home/airflow/.local/lib/python3.12/site-packages/airflow/example_dags/example_sla_dag.py took 0.046 seconds
