[2024-06-02T19:29:17.795+0000] {processor.py:161} INFO - Started process (PID=49) to work on /home/airflow/.local/lib/python3.12/site-packages/airflow/example_dags/example_short_circuit_operator.py
[2024-06-02T19:29:17.796+0000] {processor.py:830} INFO - Processing file /home/airflow/.local/lib/python3.12/site-packages/airflow/example_dags/example_short_circuit_operator.py for tasks to queue
[2024-06-02T19:29:17.797+0000] {logging_mixin.py:188} INFO - [2024-06-02T19:29:17.797+0000] {dagbag.py:545} INFO - Filling up the DagBag from /home/airflow/.local/lib/python3.12/site-packages/airflow/example_dags/example_short_circuit_operator.py
[2024-06-02T19:29:17.804+0000] {processor.py:840} INFO - DAG(s) 'example_short_circuit_operator' retrieved from /home/airflow/.local/lib/python3.12/site-packages/airflow/example_dags/example_short_circuit_operator.py
[2024-06-02T19:29:17.869+0000] {logging_mixin.py:188} INFO - [2024-06-02T19:29:17.868+0000] {override.py:1829} INFO - Created Permission View: can edit on DAG:example_short_circuit_operator
[2024-06-02T19:29:17.874+0000] {logging_mixin.py:188} INFO - [2024-06-02T19:29:17.874+0000] {override.py:1829} INFO - Created Permission View: can delete on DAG:example_short_circuit_operator
[2024-06-02T19:29:17.878+0000] {logging_mixin.py:188} INFO - [2024-06-02T19:29:17.878+0000] {override.py:1829} INFO - Created Permission View: can read on DAG:example_short_circuit_operator
[2024-06-02T19:29:17.879+0000] {logging_mixin.py:188} INFO - [2024-06-02T19:29:17.879+0000] {dag.py:3096} INFO - Sync 1 DAGs
[2024-06-02T19:29:17.885+0000] {logging_mixin.py:188} INFO - [2024-06-02T19:29:17.885+0000] {dag.py:3118} INFO - Creating ORM DAG for example_short_circuit_operator
[2024-06-02T19:29:17.890+0000] {logging_mixin.py:188} INFO - [2024-06-02T19:29:17.890+0000] {dag.py:3954} INFO - Setting next_dagrun for example_short_circuit_operator to 2024-06-01 00:00:00+00:00, run_after=2024-06-02 00:00:00+00:00
[2024-06-02T19:29:17.900+0000] {processor.py:183} INFO - Processing /home/airflow/.local/lib/python3.12/site-packages/airflow/example_dags/example_short_circuit_operator.py took 0.108 seconds
[2024-06-02T19:29:48.203+0000] {processor.py:161} INFO - Started process (PID=107) to work on /home/airflow/.local/lib/python3.12/site-packages/airflow/example_dags/example_short_circuit_operator.py
[2024-06-02T19:29:48.204+0000] {processor.py:830} INFO - Processing file /home/airflow/.local/lib/python3.12/site-packages/airflow/example_dags/example_short_circuit_operator.py for tasks to queue
[2024-06-02T19:29:48.206+0000] {logging_mixin.py:188} INFO - [2024-06-02T19:29:48.206+0000] {dagbag.py:545} INFO - Filling up the DagBag from /home/airflow/.local/lib/python3.12/site-packages/airflow/example_dags/example_short_circuit_operator.py
[2024-06-02T19:29:48.211+0000] {processor.py:840} INFO - DAG(s) 'example_short_circuit_operator' retrieved from /home/airflow/.local/lib/python3.12/site-packages/airflow/example_dags/example_short_circuit_operator.py
[2024-06-02T19:29:48.224+0000] {logging_mixin.py:188} INFO - [2024-06-02T19:29:48.224+0000] {dag.py:3096} INFO - Sync 1 DAGs
[2024-06-02T19:29:48.237+0000] {logging_mixin.py:188} INFO - [2024-06-02T19:29:48.237+0000] {dag.py:3954} INFO - Setting next_dagrun for example_short_circuit_operator to 2024-06-01 00:00:00+00:00, run_after=2024-06-02 00:00:00+00:00
[2024-06-02T19:29:48.247+0000] {processor.py:183} INFO - Processing /home/airflow/.local/lib/python3.12/site-packages/airflow/example_dags/example_short_circuit_operator.py took 0.047 seconds
[2024-06-02T19:30:18.987+0000] {processor.py:161} INFO - Started process (PID=165) to work on /home/airflow/.local/lib/python3.12/site-packages/airflow/example_dags/example_short_circuit_operator.py
[2024-06-02T19:30:18.988+0000] {processor.py:830} INFO - Processing file /home/airflow/.local/lib/python3.12/site-packages/airflow/example_dags/example_short_circuit_operator.py for tasks to queue
[2024-06-02T19:30:18.989+0000] {logging_mixin.py:188} INFO - [2024-06-02T19:30:18.989+0000] {dagbag.py:545} INFO - Filling up the DagBag from /home/airflow/.local/lib/python3.12/site-packages/airflow/example_dags/example_short_circuit_operator.py
[2024-06-02T19:30:18.995+0000] {processor.py:840} INFO - DAG(s) 'example_short_circuit_operator' retrieved from /home/airflow/.local/lib/python3.12/site-packages/airflow/example_dags/example_short_circuit_operator.py
[2024-06-02T19:30:19.008+0000] {logging_mixin.py:188} INFO - [2024-06-02T19:30:19.008+0000] {dag.py:3096} INFO - Sync 1 DAGs
[2024-06-02T19:30:19.020+0000] {logging_mixin.py:188} INFO - [2024-06-02T19:30:19.020+0000] {dag.py:3954} INFO - Setting next_dagrun for example_short_circuit_operator to 2024-06-01 00:00:00+00:00, run_after=2024-06-02 00:00:00+00:00
[2024-06-02T19:30:19.030+0000] {processor.py:183} INFO - Processing /home/airflow/.local/lib/python3.12/site-packages/airflow/example_dags/example_short_circuit_operator.py took 0.045 seconds
[2024-06-02T19:30:49.514+0000] {processor.py:161} INFO - Started process (PID=223) to work on /home/airflow/.local/lib/python3.12/site-packages/airflow/example_dags/example_short_circuit_operator.py
[2024-06-02T19:30:49.515+0000] {processor.py:830} INFO - Processing file /home/airflow/.local/lib/python3.12/site-packages/airflow/example_dags/example_short_circuit_operator.py for tasks to queue
[2024-06-02T19:30:49.516+0000] {logging_mixin.py:188} INFO - [2024-06-02T19:30:49.516+0000] {dagbag.py:545} INFO - Filling up the DagBag from /home/airflow/.local/lib/python3.12/site-packages/airflow/example_dags/example_short_circuit_operator.py
[2024-06-02T19:30:49.521+0000] {processor.py:840} INFO - DAG(s) 'example_short_circuit_operator' retrieved from /home/airflow/.local/lib/python3.12/site-packages/airflow/example_dags/example_short_circuit_operator.py
[2024-06-02T19:30:49.534+0000] {logging_mixin.py:188} INFO - [2024-06-02T19:30:49.534+0000] {dag.py:3096} INFO - Sync 1 DAGs
[2024-06-02T19:30:49.546+0000] {logging_mixin.py:188} INFO - [2024-06-02T19:30:49.546+0000] {dag.py:3954} INFO - Setting next_dagrun for example_short_circuit_operator to 2024-06-01 00:00:00+00:00, run_after=2024-06-02 00:00:00+00:00
[2024-06-02T19:30:49.556+0000] {processor.py:183} INFO - Processing /home/airflow/.local/lib/python3.12/site-packages/airflow/example_dags/example_short_circuit_operator.py took 0.045 seconds
[2024-06-02T19:31:20.065+0000] {processor.py:161} INFO - Started process (PID=49) to work on /home/airflow/.local/lib/python3.12/site-packages/airflow/example_dags/example_short_circuit_operator.py
[2024-06-02T19:31:20.065+0000] {processor.py:830} INFO - Processing file /home/airflow/.local/lib/python3.12/site-packages/airflow/example_dags/example_short_circuit_operator.py for tasks to queue
[2024-06-02T19:31:20.066+0000] {logging_mixin.py:188} INFO - [2024-06-02T19:31:20.066+0000] {dagbag.py:545} INFO - Filling up the DagBag from /home/airflow/.local/lib/python3.12/site-packages/airflow/example_dags/example_short_circuit_operator.py
[2024-06-02T19:31:20.072+0000] {processor.py:840} INFO - DAG(s) 'example_short_circuit_operator' retrieved from /home/airflow/.local/lib/python3.12/site-packages/airflow/example_dags/example_short_circuit_operator.py
[2024-06-02T19:31:20.080+0000] {logging_mixin.py:188} INFO - [2024-06-02T19:31:20.079+0000] {dag.py:3096} INFO - Sync 1 DAGs
[2024-06-02T19:31:20.093+0000] {logging_mixin.py:188} INFO - [2024-06-02T19:31:20.093+0000] {dag.py:3954} INFO - Setting next_dagrun for example_short_circuit_operator to 2024-06-01 00:00:00+00:00, run_after=2024-06-02 00:00:00+00:00
[2024-06-02T19:31:20.104+0000] {processor.py:183} INFO - Processing /home/airflow/.local/lib/python3.12/site-packages/airflow/example_dags/example_short_circuit_operator.py took 0.042 seconds
[2024-06-02T19:31:51.213+0000] {processor.py:161} INFO - Started process (PID=107) to work on /home/airflow/.local/lib/python3.12/site-packages/airflow/example_dags/example_short_circuit_operator.py
[2024-06-02T19:31:51.214+0000] {processor.py:830} INFO - Processing file /home/airflow/.local/lib/python3.12/site-packages/airflow/example_dags/example_short_circuit_operator.py for tasks to queue
[2024-06-02T19:31:51.215+0000] {logging_mixin.py:188} INFO - [2024-06-02T19:31:51.214+0000] {dagbag.py:545} INFO - Filling up the DagBag from /home/airflow/.local/lib/python3.12/site-packages/airflow/example_dags/example_short_circuit_operator.py
[2024-06-02T19:31:51.219+0000] {processor.py:840} INFO - DAG(s) 'example_short_circuit_operator' retrieved from /home/airflow/.local/lib/python3.12/site-packages/airflow/example_dags/example_short_circuit_operator.py
[2024-06-02T19:31:51.276+0000] {logging_mixin.py:188} INFO - [2024-06-02T19:31:51.276+0000] {dag.py:3096} INFO - Sync 1 DAGs
[2024-06-02T19:31:51.287+0000] {logging_mixin.py:188} INFO - [2024-06-02T19:31:51.287+0000] {dag.py:3954} INFO - Setting next_dagrun for example_short_circuit_operator to 2024-06-01 00:00:00+00:00, run_after=2024-06-02 00:00:00+00:00
[2024-06-02T19:31:51.298+0000] {processor.py:183} INFO - Processing /home/airflow/.local/lib/python3.12/site-packages/airflow/example_dags/example_short_circuit_operator.py took 0.088 seconds
[2024-06-02T19:32:21.462+0000] {processor.py:161} INFO - Started process (PID=165) to work on /home/airflow/.local/lib/python3.12/site-packages/airflow/example_dags/example_short_circuit_operator.py
[2024-06-02T19:32:21.462+0000] {processor.py:830} INFO - Processing file /home/airflow/.local/lib/python3.12/site-packages/airflow/example_dags/example_short_circuit_operator.py for tasks to queue
[2024-06-02T19:32:21.463+0000] {logging_mixin.py:188} INFO - [2024-06-02T19:32:21.463+0000] {dagbag.py:545} INFO - Filling up the DagBag from /home/airflow/.local/lib/python3.12/site-packages/airflow/example_dags/example_short_circuit_operator.py
[2024-06-02T19:32:21.468+0000] {processor.py:840} INFO - DAG(s) 'example_short_circuit_operator' retrieved from /home/airflow/.local/lib/python3.12/site-packages/airflow/example_dags/example_short_circuit_operator.py
[2024-06-02T19:32:21.481+0000] {logging_mixin.py:188} INFO - [2024-06-02T19:32:21.481+0000] {dag.py:3096} INFO - Sync 1 DAGs
[2024-06-02T19:32:21.494+0000] {logging_mixin.py:188} INFO - [2024-06-02T19:32:21.494+0000] {dag.py:3954} INFO - Setting next_dagrun for example_short_circuit_operator to 2024-06-01 00:00:00+00:00, run_after=2024-06-02 00:00:00+00:00
[2024-06-02T19:32:21.505+0000] {processor.py:183} INFO - Processing /home/airflow/.local/lib/python3.12/site-packages/airflow/example_dags/example_short_circuit_operator.py took 0.046 seconds
[2024-06-02T19:32:52.154+0000] {processor.py:161} INFO - Started process (PID=223) to work on /home/airflow/.local/lib/python3.12/site-packages/airflow/example_dags/example_short_circuit_operator.py
[2024-06-02T19:32:52.155+0000] {processor.py:830} INFO - Processing file /home/airflow/.local/lib/python3.12/site-packages/airflow/example_dags/example_short_circuit_operator.py for tasks to queue
[2024-06-02T19:32:52.156+0000] {logging_mixin.py:188} INFO - [2024-06-02T19:32:52.155+0000] {dagbag.py:545} INFO - Filling up the DagBag from /home/airflow/.local/lib/python3.12/site-packages/airflow/example_dags/example_short_circuit_operator.py
[2024-06-02T19:32:52.160+0000] {processor.py:840} INFO - DAG(s) 'example_short_circuit_operator' retrieved from /home/airflow/.local/lib/python3.12/site-packages/airflow/example_dags/example_short_circuit_operator.py
[2024-06-02T19:32:52.173+0000] {logging_mixin.py:188} INFO - [2024-06-02T19:32:52.173+0000] {dag.py:3096} INFO - Sync 1 DAGs
[2024-06-02T19:32:52.187+0000] {logging_mixin.py:188} INFO - [2024-06-02T19:32:52.187+0000] {dag.py:3954} INFO - Setting next_dagrun for example_short_circuit_operator to 2024-06-01 00:00:00+00:00, run_after=2024-06-02 00:00:00+00:00
[2024-06-02T19:32:52.199+0000] {processor.py:183} INFO - Processing /home/airflow/.local/lib/python3.12/site-packages/airflow/example_dags/example_short_circuit_operator.py took 0.049 seconds
[2024-06-02T19:33:22.874+0000] {processor.py:161} INFO - Started process (PID=281) to work on /home/airflow/.local/lib/python3.12/site-packages/airflow/example_dags/example_short_circuit_operator.py
[2024-06-02T19:33:22.874+0000] {processor.py:830} INFO - Processing file /home/airflow/.local/lib/python3.12/site-packages/airflow/example_dags/example_short_circuit_operator.py for tasks to queue
[2024-06-02T19:33:22.876+0000] {logging_mixin.py:188} INFO - [2024-06-02T19:33:22.876+0000] {dagbag.py:545} INFO - Filling up the DagBag from /home/airflow/.local/lib/python3.12/site-packages/airflow/example_dags/example_short_circuit_operator.py
[2024-06-02T19:33:22.880+0000] {processor.py:840} INFO - DAG(s) 'example_short_circuit_operator' retrieved from /home/airflow/.local/lib/python3.12/site-packages/airflow/example_dags/example_short_circuit_operator.py
[2024-06-02T19:33:22.893+0000] {logging_mixin.py:188} INFO - [2024-06-02T19:33:22.893+0000] {dag.py:3096} INFO - Sync 1 DAGs
[2024-06-02T19:33:22.906+0000] {logging_mixin.py:188} INFO - [2024-06-02T19:33:22.905+0000] {dag.py:3954} INFO - Setting next_dagrun for example_short_circuit_operator to 2024-06-01 00:00:00+00:00, run_after=2024-06-02 00:00:00+00:00
[2024-06-02T19:33:22.916+0000] {processor.py:183} INFO - Processing /home/airflow/.local/lib/python3.12/site-packages/airflow/example_dags/example_short_circuit_operator.py took 0.046 seconds
[2024-06-02T19:33:53.500+0000] {processor.py:161} INFO - Started process (PID=338) to work on /home/airflow/.local/lib/python3.12/site-packages/airflow/example_dags/example_short_circuit_operator.py
[2024-06-02T19:33:53.501+0000] {processor.py:830} INFO - Processing file /home/airflow/.local/lib/python3.12/site-packages/airflow/example_dags/example_short_circuit_operator.py for tasks to queue
[2024-06-02T19:33:53.503+0000] {logging_mixin.py:188} INFO - [2024-06-02T19:33:53.503+0000] {dagbag.py:545} INFO - Filling up the DagBag from /home/airflow/.local/lib/python3.12/site-packages/airflow/example_dags/example_short_circuit_operator.py
[2024-06-02T19:33:53.508+0000] {processor.py:840} INFO - DAG(s) 'example_short_circuit_operator' retrieved from /home/airflow/.local/lib/python3.12/site-packages/airflow/example_dags/example_short_circuit_operator.py
[2024-06-02T19:33:53.523+0000] {logging_mixin.py:188} INFO - [2024-06-02T19:33:53.522+0000] {dag.py:3096} INFO - Sync 1 DAGs
[2024-06-02T19:33:53.536+0000] {logging_mixin.py:188} INFO - [2024-06-02T19:33:53.536+0000] {dag.py:3954} INFO - Setting next_dagrun for example_short_circuit_operator to 2024-06-01 00:00:00+00:00, run_after=2024-06-02 00:00:00+00:00
[2024-06-02T19:33:53.546+0000] {processor.py:183} INFO - Processing /home/airflow/.local/lib/python3.12/site-packages/airflow/example_dags/example_short_circuit_operator.py took 0.049 seconds
[2024-06-02T19:34:24.259+0000] {processor.py:161} INFO - Started process (PID=396) to work on /home/airflow/.local/lib/python3.12/site-packages/airflow/example_dags/example_short_circuit_operator.py
[2024-06-02T19:34:24.260+0000] {processor.py:830} INFO - Processing file /home/airflow/.local/lib/python3.12/site-packages/airflow/example_dags/example_short_circuit_operator.py for tasks to queue
[2024-06-02T19:34:24.261+0000] {logging_mixin.py:188} INFO - [2024-06-02T19:34:24.261+0000] {dagbag.py:545} INFO - Filling up the DagBag from /home/airflow/.local/lib/python3.12/site-packages/airflow/example_dags/example_short_circuit_operator.py
[2024-06-02T19:34:24.265+0000] {processor.py:840} INFO - DAG(s) 'example_short_circuit_operator' retrieved from /home/airflow/.local/lib/python3.12/site-packages/airflow/example_dags/example_short_circuit_operator.py
[2024-06-02T19:34:24.278+0000] {logging_mixin.py:188} INFO - [2024-06-02T19:34:24.278+0000] {dag.py:3096} INFO - Sync 1 DAGs
[2024-06-02T19:34:24.290+0000] {logging_mixin.py:188} INFO - [2024-06-02T19:34:24.290+0000] {dag.py:3954} INFO - Setting next_dagrun for example_short_circuit_operator to 2024-06-01 00:00:00+00:00, run_after=2024-06-02 00:00:00+00:00
[2024-06-02T19:34:24.300+0000] {processor.py:183} INFO - Processing /home/airflow/.local/lib/python3.12/site-packages/airflow/example_dags/example_short_circuit_operator.py took 0.044 seconds
[2024-06-02T19:34:55.053+0000] {processor.py:161} INFO - Started process (PID=454) to work on /home/airflow/.local/lib/python3.12/site-packages/airflow/example_dags/example_short_circuit_operator.py
[2024-06-02T19:34:55.054+0000] {processor.py:830} INFO - Processing file /home/airflow/.local/lib/python3.12/site-packages/airflow/example_dags/example_short_circuit_operator.py for tasks to queue
[2024-06-02T19:34:55.055+0000] {logging_mixin.py:188} INFO - [2024-06-02T19:34:55.055+0000] {dagbag.py:545} INFO - Filling up the DagBag from /home/airflow/.local/lib/python3.12/site-packages/airflow/example_dags/example_short_circuit_operator.py
[2024-06-02T19:34:55.059+0000] {processor.py:840} INFO - DAG(s) 'example_short_circuit_operator' retrieved from /home/airflow/.local/lib/python3.12/site-packages/airflow/example_dags/example_short_circuit_operator.py
[2024-06-02T19:34:55.073+0000] {logging_mixin.py:188} INFO - [2024-06-02T19:34:55.073+0000] {dag.py:3096} INFO - Sync 1 DAGs
[2024-06-02T19:34:55.085+0000] {logging_mixin.py:188} INFO - [2024-06-02T19:34:55.085+0000] {dag.py:3954} INFO - Setting next_dagrun for example_short_circuit_operator to 2024-06-01 00:00:00+00:00, run_after=2024-06-02 00:00:00+00:00
[2024-06-02T19:34:55.096+0000] {processor.py:183} INFO - Processing /home/airflow/.local/lib/python3.12/site-packages/airflow/example_dags/example_short_circuit_operator.py took 0.045 seconds
[2024-06-02T19:35:25.716+0000] {processor.py:161} INFO - Started process (PID=512) to work on /home/airflow/.local/lib/python3.12/site-packages/airflow/example_dags/example_short_circuit_operator.py
[2024-06-02T19:35:25.716+0000] {processor.py:830} INFO - Processing file /home/airflow/.local/lib/python3.12/site-packages/airflow/example_dags/example_short_circuit_operator.py for tasks to queue
[2024-06-02T19:35:25.718+0000] {logging_mixin.py:188} INFO - [2024-06-02T19:35:25.718+0000] {dagbag.py:545} INFO - Filling up the DagBag from /home/airflow/.local/lib/python3.12/site-packages/airflow/example_dags/example_short_circuit_operator.py
[2024-06-02T19:35:25.722+0000] {processor.py:840} INFO - DAG(s) 'example_short_circuit_operator' retrieved from /home/airflow/.local/lib/python3.12/site-packages/airflow/example_dags/example_short_circuit_operator.py
[2024-06-02T19:35:25.735+0000] {logging_mixin.py:188} INFO - [2024-06-02T19:35:25.735+0000] {dag.py:3096} INFO - Sync 1 DAGs
[2024-06-02T19:35:25.747+0000] {logging_mixin.py:188} INFO - [2024-06-02T19:35:25.747+0000] {dag.py:3954} INFO - Setting next_dagrun for example_short_circuit_operator to 2024-06-01 00:00:00+00:00, run_after=2024-06-02 00:00:00+00:00
[2024-06-02T19:35:25.758+0000] {processor.py:183} INFO - Processing /home/airflow/.local/lib/python3.12/site-packages/airflow/example_dags/example_short_circuit_operator.py took 0.046 seconds
[2024-06-02T19:36:19.590+0000] {processor.py:161} INFO - Started process (PID=67) to work on /home/airflow/.local/lib/python3.12/site-packages/airflow/example_dags/example_short_circuit_operator.py
[2024-06-02T19:36:19.591+0000] {processor.py:830} INFO - Processing file /home/airflow/.local/lib/python3.12/site-packages/airflow/example_dags/example_short_circuit_operator.py for tasks to queue
[2024-06-02T19:36:19.593+0000] {logging_mixin.py:188} INFO - [2024-06-02T19:36:19.592+0000] {dagbag.py:545} INFO - Filling up the DagBag from /home/airflow/.local/lib/python3.12/site-packages/airflow/example_dags/example_short_circuit_operator.py
[2024-06-02T19:36:19.600+0000] {processor.py:840} INFO - DAG(s) 'example_short_circuit_operator' retrieved from /home/airflow/.local/lib/python3.12/site-packages/airflow/example_dags/example_short_circuit_operator.py
[2024-06-02T19:36:19.611+0000] {logging_mixin.py:188} INFO - [2024-06-02T19:36:19.611+0000] {dag.py:3096} INFO - Sync 1 DAGs
[2024-06-02T19:36:19.623+0000] {logging_mixin.py:188} INFO - [2024-06-02T19:36:19.623+0000] {dag.py:3954} INFO - Setting next_dagrun for example_short_circuit_operator to 2024-06-01 00:00:00+00:00, run_after=2024-06-02 00:00:00+00:00
[2024-06-02T19:36:19.634+0000] {processor.py:183} INFO - Processing /home/airflow/.local/lib/python3.12/site-packages/airflow/example_dags/example_short_circuit_operator.py took 0.047 seconds
[2024-06-02T19:36:50.497+0000] {processor.py:161} INFO - Started process (PID=125) to work on /home/airflow/.local/lib/python3.12/site-packages/airflow/example_dags/example_short_circuit_operator.py
[2024-06-02T19:36:50.498+0000] {processor.py:830} INFO - Processing file /home/airflow/.local/lib/python3.12/site-packages/airflow/example_dags/example_short_circuit_operator.py for tasks to queue
[2024-06-02T19:36:50.499+0000] {logging_mixin.py:188} INFO - [2024-06-02T19:36:50.499+0000] {dagbag.py:545} INFO - Filling up the DagBag from /home/airflow/.local/lib/python3.12/site-packages/airflow/example_dags/example_short_circuit_operator.py
[2024-06-02T19:36:50.503+0000] {processor.py:840} INFO - DAG(s) 'example_short_circuit_operator' retrieved from /home/airflow/.local/lib/python3.12/site-packages/airflow/example_dags/example_short_circuit_operator.py
[2024-06-02T19:36:50.560+0000] {logging_mixin.py:188} INFO - [2024-06-02T19:36:50.559+0000] {dag.py:3096} INFO - Sync 1 DAGs
[2024-06-02T19:36:50.570+0000] {logging_mixin.py:188} INFO - [2024-06-02T19:36:50.570+0000] {dag.py:3954} INFO - Setting next_dagrun for example_short_circuit_operator to 2024-06-01 00:00:00+00:00, run_after=2024-06-02 00:00:00+00:00
[2024-06-02T19:36:50.581+0000] {processor.py:183} INFO - Processing /home/airflow/.local/lib/python3.12/site-packages/airflow/example_dags/example_short_circuit_operator.py took 0.087 seconds
[2024-06-02T19:37:20.832+0000] {processor.py:161} INFO - Started process (PID=183) to work on /home/airflow/.local/lib/python3.12/site-packages/airflow/example_dags/example_short_circuit_operator.py
[2024-06-02T19:37:20.833+0000] {processor.py:830} INFO - Processing file /home/airflow/.local/lib/python3.12/site-packages/airflow/example_dags/example_short_circuit_operator.py for tasks to queue
[2024-06-02T19:37:20.834+0000] {logging_mixin.py:188} INFO - [2024-06-02T19:37:20.834+0000] {dagbag.py:545} INFO - Filling up the DagBag from /home/airflow/.local/lib/python3.12/site-packages/airflow/example_dags/example_short_circuit_operator.py
[2024-06-02T19:37:20.838+0000] {processor.py:840} INFO - DAG(s) 'example_short_circuit_operator' retrieved from /home/airflow/.local/lib/python3.12/site-packages/airflow/example_dags/example_short_circuit_operator.py
[2024-06-02T19:37:20.851+0000] {logging_mixin.py:188} INFO - [2024-06-02T19:37:20.851+0000] {dag.py:3096} INFO - Sync 1 DAGs
[2024-06-02T19:37:20.864+0000] {logging_mixin.py:188} INFO - [2024-06-02T19:37:20.863+0000] {dag.py:3954} INFO - Setting next_dagrun for example_short_circuit_operator to 2024-06-01 00:00:00+00:00, run_after=2024-06-02 00:00:00+00:00
[2024-06-02T19:37:20.873+0000] {processor.py:183} INFO - Processing /home/airflow/.local/lib/python3.12/site-packages/airflow/example_dags/example_short_circuit_operator.py took 0.044 seconds
[2024-06-02T19:37:51.537+0000] {processor.py:161} INFO - Started process (PID=241) to work on /home/airflow/.local/lib/python3.12/site-packages/airflow/example_dags/example_short_circuit_operator.py
[2024-06-02T19:37:51.538+0000] {processor.py:830} INFO - Processing file /home/airflow/.local/lib/python3.12/site-packages/airflow/example_dags/example_short_circuit_operator.py for tasks to queue
[2024-06-02T19:37:51.539+0000] {logging_mixin.py:188} INFO - [2024-06-02T19:37:51.539+0000] {dagbag.py:545} INFO - Filling up the DagBag from /home/airflow/.local/lib/python3.12/site-packages/airflow/example_dags/example_short_circuit_operator.py
[2024-06-02T19:37:51.544+0000] {processor.py:840} INFO - DAG(s) 'example_short_circuit_operator' retrieved from /home/airflow/.local/lib/python3.12/site-packages/airflow/example_dags/example_short_circuit_operator.py
[2024-06-02T19:37:51.557+0000] {logging_mixin.py:188} INFO - [2024-06-02T19:37:51.557+0000] {dag.py:3096} INFO - Sync 1 DAGs
[2024-06-02T19:37:51.569+0000] {logging_mixin.py:188} INFO - [2024-06-02T19:37:51.569+0000] {dag.py:3954} INFO - Setting next_dagrun for example_short_circuit_operator to 2024-06-01 00:00:00+00:00, run_after=2024-06-02 00:00:00+00:00
[2024-06-02T19:37:51.579+0000] {processor.py:183} INFO - Processing /home/airflow/.local/lib/python3.12/site-packages/airflow/example_dags/example_short_circuit_operator.py took 0.045 seconds
[2024-06-02T19:38:22.203+0000] {processor.py:161} INFO - Started process (PID=299) to work on /home/airflow/.local/lib/python3.12/site-packages/airflow/example_dags/example_short_circuit_operator.py
[2024-06-02T19:38:22.204+0000] {processor.py:830} INFO - Processing file /home/airflow/.local/lib/python3.12/site-packages/airflow/example_dags/example_short_circuit_operator.py for tasks to queue
[2024-06-02T19:38:22.205+0000] {logging_mixin.py:188} INFO - [2024-06-02T19:38:22.205+0000] {dagbag.py:545} INFO - Filling up the DagBag from /home/airflow/.local/lib/python3.12/site-packages/airflow/example_dags/example_short_circuit_operator.py
[2024-06-02T19:38:22.209+0000] {processor.py:840} INFO - DAG(s) 'example_short_circuit_operator' retrieved from /home/airflow/.local/lib/python3.12/site-packages/airflow/example_dags/example_short_circuit_operator.py
[2024-06-02T19:38:22.224+0000] {logging_mixin.py:188} INFO - [2024-06-02T19:38:22.223+0000] {dag.py:3096} INFO - Sync 1 DAGs
[2024-06-02T19:38:22.236+0000] {logging_mixin.py:188} INFO - [2024-06-02T19:38:22.236+0000] {dag.py:3954} INFO - Setting next_dagrun for example_short_circuit_operator to 2024-06-01 00:00:00+00:00, run_after=2024-06-02 00:00:00+00:00
[2024-06-02T19:38:22.246+0000] {processor.py:183} INFO - Processing /home/airflow/.local/lib/python3.12/site-packages/airflow/example_dags/example_short_circuit_operator.py took 0.046 seconds
[2024-06-02T19:38:52.832+0000] {processor.py:161} INFO - Started process (PID=357) to work on /home/airflow/.local/lib/python3.12/site-packages/airflow/example_dags/example_short_circuit_operator.py
[2024-06-02T19:38:52.832+0000] {processor.py:830} INFO - Processing file /home/airflow/.local/lib/python3.12/site-packages/airflow/example_dags/example_short_circuit_operator.py for tasks to queue
[2024-06-02T19:38:52.834+0000] {logging_mixin.py:188} INFO - [2024-06-02T19:38:52.834+0000] {dagbag.py:545} INFO - Filling up the DagBag from /home/airflow/.local/lib/python3.12/site-packages/airflow/example_dags/example_short_circuit_operator.py
[2024-06-02T19:38:52.839+0000] {processor.py:840} INFO - DAG(s) 'example_short_circuit_operator' retrieved from /home/airflow/.local/lib/python3.12/site-packages/airflow/example_dags/example_short_circuit_operator.py
[2024-06-02T19:38:52.853+0000] {logging_mixin.py:188} INFO - [2024-06-02T19:38:52.853+0000] {dag.py:3096} INFO - Sync 1 DAGs
[2024-06-02T19:38:52.864+0000] {logging_mixin.py:188} INFO - [2024-06-02T19:38:52.864+0000] {dag.py:3954} INFO - Setting next_dagrun for example_short_circuit_operator to 2024-06-01 00:00:00+00:00, run_after=2024-06-02 00:00:00+00:00
[2024-06-02T19:38:52.875+0000] {processor.py:183} INFO - Processing /home/airflow/.local/lib/python3.12/site-packages/airflow/example_dags/example_short_circuit_operator.py took 0.047 seconds
[2024-06-02T19:39:23.484+0000] {processor.py:161} INFO - Started process (PID=415) to work on /home/airflow/.local/lib/python3.12/site-packages/airflow/example_dags/example_short_circuit_operator.py
[2024-06-02T19:39:23.485+0000] {processor.py:830} INFO - Processing file /home/airflow/.local/lib/python3.12/site-packages/airflow/example_dags/example_short_circuit_operator.py for tasks to queue
[2024-06-02T19:39:23.486+0000] {logging_mixin.py:188} INFO - [2024-06-02T19:39:23.485+0000] {dagbag.py:545} INFO - Filling up the DagBag from /home/airflow/.local/lib/python3.12/site-packages/airflow/example_dags/example_short_circuit_operator.py
[2024-06-02T19:39:23.490+0000] {processor.py:840} INFO - DAG(s) 'example_short_circuit_operator' retrieved from /home/airflow/.local/lib/python3.12/site-packages/airflow/example_dags/example_short_circuit_operator.py
[2024-06-02T19:39:23.503+0000] {logging_mixin.py:188} INFO - [2024-06-02T19:39:23.503+0000] {dag.py:3096} INFO - Sync 1 DAGs
[2024-06-02T19:39:23.515+0000] {logging_mixin.py:188} INFO - [2024-06-02T19:39:23.515+0000] {dag.py:3954} INFO - Setting next_dagrun for example_short_circuit_operator to 2024-06-01 00:00:00+00:00, run_after=2024-06-02 00:00:00+00:00
[2024-06-02T19:39:23.527+0000] {processor.py:183} INFO - Processing /home/airflow/.local/lib/python3.12/site-packages/airflow/example_dags/example_short_circuit_operator.py took 0.046 seconds
[2024-06-02T19:39:54.144+0000] {processor.py:161} INFO - Started process (PID=473) to work on /home/airflow/.local/lib/python3.12/site-packages/airflow/example_dags/example_short_circuit_operator.py
[2024-06-02T19:39:54.145+0000] {processor.py:830} INFO - Processing file /home/airflow/.local/lib/python3.12/site-packages/airflow/example_dags/example_short_circuit_operator.py for tasks to queue
[2024-06-02T19:39:54.146+0000] {logging_mixin.py:188} INFO - [2024-06-02T19:39:54.146+0000] {dagbag.py:545} INFO - Filling up the DagBag from /home/airflow/.local/lib/python3.12/site-packages/airflow/example_dags/example_short_circuit_operator.py
[2024-06-02T19:39:54.150+0000] {processor.py:840} INFO - DAG(s) 'example_short_circuit_operator' retrieved from /home/airflow/.local/lib/python3.12/site-packages/airflow/example_dags/example_short_circuit_operator.py
[2024-06-02T19:39:54.164+0000] {logging_mixin.py:188} INFO - [2024-06-02T19:39:54.164+0000] {dag.py:3096} INFO - Sync 1 DAGs
[2024-06-02T19:39:54.177+0000] {logging_mixin.py:188} INFO - [2024-06-02T19:39:54.176+0000] {dag.py:3954} INFO - Setting next_dagrun for example_short_circuit_operator to 2024-06-01 00:00:00+00:00, run_after=2024-06-02 00:00:00+00:00
[2024-06-02T19:39:54.187+0000] {processor.py:183} INFO - Processing /home/airflow/.local/lib/python3.12/site-packages/airflow/example_dags/example_short_circuit_operator.py took 0.046 seconds
[2024-06-02T19:40:24.723+0000] {processor.py:161} INFO - Started process (PID=531) to work on /home/airflow/.local/lib/python3.12/site-packages/airflow/example_dags/example_short_circuit_operator.py
[2024-06-02T19:40:24.724+0000] {processor.py:830} INFO - Processing file /home/airflow/.local/lib/python3.12/site-packages/airflow/example_dags/example_short_circuit_operator.py for tasks to queue
[2024-06-02T19:40:24.725+0000] {logging_mixin.py:188} INFO - [2024-06-02T19:40:24.725+0000] {dagbag.py:545} INFO - Filling up the DagBag from /home/airflow/.local/lib/python3.12/site-packages/airflow/example_dags/example_short_circuit_operator.py
[2024-06-02T19:40:24.729+0000] {processor.py:840} INFO - DAG(s) 'example_short_circuit_operator' retrieved from /home/airflow/.local/lib/python3.12/site-packages/airflow/example_dags/example_short_circuit_operator.py
[2024-06-02T19:40:24.742+0000] {logging_mixin.py:188} INFO - [2024-06-02T19:40:24.742+0000] {dag.py:3096} INFO - Sync 1 DAGs
[2024-06-02T19:40:24.753+0000] {logging_mixin.py:188} INFO - [2024-06-02T19:40:24.753+0000] {dag.py:3954} INFO - Setting next_dagrun for example_short_circuit_operator to 2024-06-01 00:00:00+00:00, run_after=2024-06-02 00:00:00+00:00
[2024-06-02T19:40:24.763+0000] {processor.py:183} INFO - Processing /home/airflow/.local/lib/python3.12/site-packages/airflow/example_dags/example_short_circuit_operator.py took 0.043 seconds
[2024-06-02T19:40:55.415+0000] {processor.py:161} INFO - Started process (PID=589) to work on /home/airflow/.local/lib/python3.12/site-packages/airflow/example_dags/example_short_circuit_operator.py
[2024-06-02T19:40:55.416+0000] {processor.py:830} INFO - Processing file /home/airflow/.local/lib/python3.12/site-packages/airflow/example_dags/example_short_circuit_operator.py for tasks to queue
[2024-06-02T19:40:55.417+0000] {logging_mixin.py:188} INFO - [2024-06-02T19:40:55.417+0000] {dagbag.py:545} INFO - Filling up the DagBag from /home/airflow/.local/lib/python3.12/site-packages/airflow/example_dags/example_short_circuit_operator.py
[2024-06-02T19:40:55.421+0000] {processor.py:840} INFO - DAG(s) 'example_short_circuit_operator' retrieved from /home/airflow/.local/lib/python3.12/site-packages/airflow/example_dags/example_short_circuit_operator.py
[2024-06-02T19:40:55.435+0000] {logging_mixin.py:188} INFO - [2024-06-02T19:40:55.435+0000] {dag.py:3096} INFO - Sync 1 DAGs
[2024-06-02T19:40:55.448+0000] {logging_mixin.py:188} INFO - [2024-06-02T19:40:55.448+0000] {dag.py:3954} INFO - Setting next_dagrun for example_short_circuit_operator to 2024-06-01 00:00:00+00:00, run_after=2024-06-02 00:00:00+00:00
[2024-06-02T19:40:55.458+0000] {processor.py:183} INFO - Processing /home/airflow/.local/lib/python3.12/site-packages/airflow/example_dags/example_short_circuit_operator.py took 0.046 seconds
[2024-06-02T19:41:41.217+0000] {processor.py:161} INFO - Started process (PID=67) to work on /home/airflow/.local/lib/python3.12/site-packages/airflow/example_dags/example_short_circuit_operator.py
[2024-06-02T19:41:41.217+0000] {processor.py:830} INFO - Processing file /home/airflow/.local/lib/python3.12/site-packages/airflow/example_dags/example_short_circuit_operator.py for tasks to queue
[2024-06-02T19:41:41.219+0000] {logging_mixin.py:188} INFO - [2024-06-02T19:41:41.218+0000] {dagbag.py:545} INFO - Filling up the DagBag from /home/airflow/.local/lib/python3.12/site-packages/airflow/example_dags/example_short_circuit_operator.py
[2024-06-02T19:41:41.225+0000] {processor.py:840} INFO - DAG(s) 'example_short_circuit_operator' retrieved from /home/airflow/.local/lib/python3.12/site-packages/airflow/example_dags/example_short_circuit_operator.py
[2024-06-02T19:41:41.234+0000] {logging_mixin.py:188} INFO - [2024-06-02T19:41:41.233+0000] {dag.py:3096} INFO - Sync 1 DAGs
[2024-06-02T19:41:41.248+0000] {logging_mixin.py:188} INFO - [2024-06-02T19:41:41.248+0000] {dag.py:3954} INFO - Setting next_dagrun for example_short_circuit_operator to 2024-06-01 00:00:00+00:00, run_after=2024-06-02 00:00:00+00:00
[2024-06-02T19:41:41.259+0000] {processor.py:183} INFO - Processing /home/airflow/.local/lib/python3.12/site-packages/airflow/example_dags/example_short_circuit_operator.py took 0.045 seconds
[2024-06-02T19:42:12.245+0000] {processor.py:161} INFO - Started process (PID=125) to work on /home/airflow/.local/lib/python3.12/site-packages/airflow/example_dags/example_short_circuit_operator.py
[2024-06-02T19:42:12.245+0000] {processor.py:830} INFO - Processing file /home/airflow/.local/lib/python3.12/site-packages/airflow/example_dags/example_short_circuit_operator.py for tasks to queue
[2024-06-02T19:42:12.246+0000] {logging_mixin.py:188} INFO - [2024-06-02T19:42:12.246+0000] {dagbag.py:545} INFO - Filling up the DagBag from /home/airflow/.local/lib/python3.12/site-packages/airflow/example_dags/example_short_circuit_operator.py
[2024-06-02T19:42:12.251+0000] {processor.py:840} INFO - DAG(s) 'example_short_circuit_operator' retrieved from /home/airflow/.local/lib/python3.12/site-packages/airflow/example_dags/example_short_circuit_operator.py
[2024-06-02T19:42:12.311+0000] {logging_mixin.py:188} INFO - [2024-06-02T19:42:12.311+0000] {dag.py:3096} INFO - Sync 1 DAGs
[2024-06-02T19:42:12.323+0000] {logging_mixin.py:188} INFO - [2024-06-02T19:42:12.323+0000] {dag.py:3954} INFO - Setting next_dagrun for example_short_circuit_operator to 2024-06-01 00:00:00+00:00, run_after=2024-06-02 00:00:00+00:00
[2024-06-02T19:42:12.334+0000] {processor.py:183} INFO - Processing /home/airflow/.local/lib/python3.12/site-packages/airflow/example_dags/example_short_circuit_operator.py took 0.092 seconds
[2024-06-02T19:42:42.511+0000] {processor.py:161} INFO - Started process (PID=183) to work on /home/airflow/.local/lib/python3.12/site-packages/airflow/example_dags/example_short_circuit_operator.py
[2024-06-02T19:42:42.511+0000] {processor.py:830} INFO - Processing file /home/airflow/.local/lib/python3.12/site-packages/airflow/example_dags/example_short_circuit_operator.py for tasks to queue
[2024-06-02T19:42:42.513+0000] {logging_mixin.py:188} INFO - [2024-06-02T19:42:42.513+0000] {dagbag.py:545} INFO - Filling up the DagBag from /home/airflow/.local/lib/python3.12/site-packages/airflow/example_dags/example_short_circuit_operator.py
[2024-06-02T19:42:42.518+0000] {processor.py:840} INFO - DAG(s) 'example_short_circuit_operator' retrieved from /home/airflow/.local/lib/python3.12/site-packages/airflow/example_dags/example_short_circuit_operator.py
[2024-06-02T19:42:42.534+0000] {logging_mixin.py:188} INFO - [2024-06-02T19:42:42.534+0000] {dag.py:3096} INFO - Sync 1 DAGs
[2024-06-02T19:42:42.550+0000] {logging_mixin.py:188} INFO - [2024-06-02T19:42:42.550+0000] {dag.py:3954} INFO - Setting next_dagrun for example_short_circuit_operator to 2024-06-01 00:00:00+00:00, run_after=2024-06-02 00:00:00+00:00
[2024-06-02T19:42:42.564+0000] {processor.py:183} INFO - Processing /home/airflow/.local/lib/python3.12/site-packages/airflow/example_dags/example_short_circuit_operator.py took 0.057 seconds
[2024-06-02T19:43:13.290+0000] {processor.py:161} INFO - Started process (PID=241) to work on /home/airflow/.local/lib/python3.12/site-packages/airflow/example_dags/example_short_circuit_operator.py
[2024-06-02T19:43:13.290+0000] {processor.py:830} INFO - Processing file /home/airflow/.local/lib/python3.12/site-packages/airflow/example_dags/example_short_circuit_operator.py for tasks to queue
[2024-06-02T19:43:13.292+0000] {logging_mixin.py:188} INFO - [2024-06-02T19:43:13.291+0000] {dagbag.py:545} INFO - Filling up the DagBag from /home/airflow/.local/lib/python3.12/site-packages/airflow/example_dags/example_short_circuit_operator.py
[2024-06-02T19:43:13.296+0000] {processor.py:840} INFO - DAG(s) 'example_short_circuit_operator' retrieved from /home/airflow/.local/lib/python3.12/site-packages/airflow/example_dags/example_short_circuit_operator.py
[2024-06-02T19:43:13.309+0000] {logging_mixin.py:188} INFO - [2024-06-02T19:43:13.309+0000] {dag.py:3096} INFO - Sync 1 DAGs
[2024-06-02T19:43:13.320+0000] {logging_mixin.py:188} INFO - [2024-06-02T19:43:13.320+0000] {dag.py:3954} INFO - Setting next_dagrun for example_short_circuit_operator to 2024-06-01 00:00:00+00:00, run_after=2024-06-02 00:00:00+00:00
[2024-06-02T19:43:13.330+0000] {processor.py:183} INFO - Processing /home/airflow/.local/lib/python3.12/site-packages/airflow/example_dags/example_short_circuit_operator.py took 0.044 seconds
[2024-06-02T19:43:43.979+0000] {processor.py:161} INFO - Started process (PID=299) to work on /home/airflow/.local/lib/python3.12/site-packages/airflow/example_dags/example_short_circuit_operator.py
[2024-06-02T19:43:43.979+0000] {processor.py:830} INFO - Processing file /home/airflow/.local/lib/python3.12/site-packages/airflow/example_dags/example_short_circuit_operator.py for tasks to queue
[2024-06-02T19:43:43.980+0000] {logging_mixin.py:188} INFO - [2024-06-02T19:43:43.980+0000] {dagbag.py:545} INFO - Filling up the DagBag from /home/airflow/.local/lib/python3.12/site-packages/airflow/example_dags/example_short_circuit_operator.py
[2024-06-02T19:43:43.985+0000] {processor.py:840} INFO - DAG(s) 'example_short_circuit_operator' retrieved from /home/airflow/.local/lib/python3.12/site-packages/airflow/example_dags/example_short_circuit_operator.py
[2024-06-02T19:43:43.998+0000] {logging_mixin.py:188} INFO - [2024-06-02T19:43:43.998+0000] {dag.py:3096} INFO - Sync 1 DAGs
[2024-06-02T19:43:44.010+0000] {logging_mixin.py:188} INFO - [2024-06-02T19:43:44.010+0000] {dag.py:3954} INFO - Setting next_dagrun for example_short_circuit_operator to 2024-06-01 00:00:00+00:00, run_after=2024-06-02 00:00:00+00:00
[2024-06-02T19:43:44.021+0000] {processor.py:183} INFO - Processing /home/airflow/.local/lib/python3.12/site-packages/airflow/example_dags/example_short_circuit_operator.py took 0.045 seconds
[2024-06-02T19:44:14.589+0000] {processor.py:161} INFO - Started process (PID=357) to work on /home/airflow/.local/lib/python3.12/site-packages/airflow/example_dags/example_short_circuit_operator.py
[2024-06-02T19:44:14.590+0000] {processor.py:830} INFO - Processing file /home/airflow/.local/lib/python3.12/site-packages/airflow/example_dags/example_short_circuit_operator.py for tasks to queue
[2024-06-02T19:44:14.591+0000] {logging_mixin.py:188} INFO - [2024-06-02T19:44:14.591+0000] {dagbag.py:545} INFO - Filling up the DagBag from /home/airflow/.local/lib/python3.12/site-packages/airflow/example_dags/example_short_circuit_operator.py
[2024-06-02T19:44:14.595+0000] {processor.py:840} INFO - DAG(s) 'example_short_circuit_operator' retrieved from /home/airflow/.local/lib/python3.12/site-packages/airflow/example_dags/example_short_circuit_operator.py
[2024-06-02T19:44:14.609+0000] {logging_mixin.py:188} INFO - [2024-06-02T19:44:14.609+0000] {dag.py:3096} INFO - Sync 1 DAGs
[2024-06-02T19:44:14.621+0000] {logging_mixin.py:188} INFO - [2024-06-02T19:44:14.621+0000] {dag.py:3954} INFO - Setting next_dagrun for example_short_circuit_operator to 2024-06-01 00:00:00+00:00, run_after=2024-06-02 00:00:00+00:00
[2024-06-02T19:44:14.632+0000] {processor.py:183} INFO - Processing /home/airflow/.local/lib/python3.12/site-packages/airflow/example_dags/example_short_circuit_operator.py took 0.046 seconds
[2024-06-02T19:44:45.217+0000] {processor.py:161} INFO - Started process (PID=415) to work on /home/airflow/.local/lib/python3.12/site-packages/airflow/example_dags/example_short_circuit_operator.py
[2024-06-02T19:44:45.217+0000] {processor.py:830} INFO - Processing file /home/airflow/.local/lib/python3.12/site-packages/airflow/example_dags/example_short_circuit_operator.py for tasks to queue
[2024-06-02T19:44:45.220+0000] {logging_mixin.py:188} INFO - [2024-06-02T19:44:45.219+0000] {dagbag.py:545} INFO - Filling up the DagBag from /home/airflow/.local/lib/python3.12/site-packages/airflow/example_dags/example_short_circuit_operator.py
[2024-06-02T19:44:45.224+0000] {processor.py:840} INFO - DAG(s) 'example_short_circuit_operator' retrieved from /home/airflow/.local/lib/python3.12/site-packages/airflow/example_dags/example_short_circuit_operator.py
[2024-06-02T19:44:45.237+0000] {logging_mixin.py:188} INFO - [2024-06-02T19:44:45.237+0000] {dag.py:3096} INFO - Sync 1 DAGs
[2024-06-02T19:44:45.250+0000] {logging_mixin.py:188} INFO - [2024-06-02T19:44:45.250+0000] {dag.py:3954} INFO - Setting next_dagrun for example_short_circuit_operator to 2024-06-01 00:00:00+00:00, run_after=2024-06-02 00:00:00+00:00
[2024-06-02T19:44:45.261+0000] {processor.py:183} INFO - Processing /home/airflow/.local/lib/python3.12/site-packages/airflow/example_dags/example_short_circuit_operator.py took 0.047 seconds
[2024-06-02T19:45:15.853+0000] {processor.py:161} INFO - Started process (PID=473) to work on /home/airflow/.local/lib/python3.12/site-packages/airflow/example_dags/example_short_circuit_operator.py
[2024-06-02T19:45:15.854+0000] {processor.py:830} INFO - Processing file /home/airflow/.local/lib/python3.12/site-packages/airflow/example_dags/example_short_circuit_operator.py for tasks to queue
[2024-06-02T19:45:15.855+0000] {logging_mixin.py:188} INFO - [2024-06-02T19:45:15.855+0000] {dagbag.py:545} INFO - Filling up the DagBag from /home/airflow/.local/lib/python3.12/site-packages/airflow/example_dags/example_short_circuit_operator.py
[2024-06-02T19:45:15.859+0000] {processor.py:840} INFO - DAG(s) 'example_short_circuit_operator' retrieved from /home/airflow/.local/lib/python3.12/site-packages/airflow/example_dags/example_short_circuit_operator.py
[2024-06-02T19:45:15.872+0000] {logging_mixin.py:188} INFO - [2024-06-02T19:45:15.872+0000] {dag.py:3096} INFO - Sync 1 DAGs
[2024-06-02T19:45:15.885+0000] {logging_mixin.py:188} INFO - [2024-06-02T19:45:15.885+0000] {dag.py:3954} INFO - Setting next_dagrun for example_short_circuit_operator to 2024-06-01 00:00:00+00:00, run_after=2024-06-02 00:00:00+00:00
[2024-06-02T19:45:15.895+0000] {processor.py:183} INFO - Processing /home/airflow/.local/lib/python3.12/site-packages/airflow/example_dags/example_short_circuit_operator.py took 0.046 seconds
[2024-06-02T19:45:46.521+0000] {processor.py:161} INFO - Started process (PID=530) to work on /home/airflow/.local/lib/python3.12/site-packages/airflow/example_dags/example_short_circuit_operator.py
[2024-06-02T19:45:46.521+0000] {processor.py:830} INFO - Processing file /home/airflow/.local/lib/python3.12/site-packages/airflow/example_dags/example_short_circuit_operator.py for tasks to queue
[2024-06-02T19:45:46.522+0000] {logging_mixin.py:188} INFO - [2024-06-02T19:45:46.522+0000] {dagbag.py:545} INFO - Filling up the DagBag from /home/airflow/.local/lib/python3.12/site-packages/airflow/example_dags/example_short_circuit_operator.py
[2024-06-02T19:45:46.527+0000] {processor.py:840} INFO - DAG(s) 'example_short_circuit_operator' retrieved from /home/airflow/.local/lib/python3.12/site-packages/airflow/example_dags/example_short_circuit_operator.py
[2024-06-02T19:45:46.540+0000] {logging_mixin.py:188} INFO - [2024-06-02T19:45:46.540+0000] {dag.py:3096} INFO - Sync 1 DAGs
[2024-06-02T19:45:46.552+0000] {logging_mixin.py:188} INFO - [2024-06-02T19:45:46.552+0000] {dag.py:3954} INFO - Setting next_dagrun for example_short_circuit_operator to 2024-06-01 00:00:00+00:00, run_after=2024-06-02 00:00:00+00:00
[2024-06-02T19:45:46.562+0000] {processor.py:183} INFO - Processing /home/airflow/.local/lib/python3.12/site-packages/airflow/example_dags/example_short_circuit_operator.py took 0.045 seconds
[2024-06-02T19:46:17.212+0000] {processor.py:161} INFO - Started process (PID=588) to work on /home/airflow/.local/lib/python3.12/site-packages/airflow/example_dags/example_short_circuit_operator.py
[2024-06-02T19:46:17.212+0000] {processor.py:830} INFO - Processing file /home/airflow/.local/lib/python3.12/site-packages/airflow/example_dags/example_short_circuit_operator.py for tasks to queue
[2024-06-02T19:46:17.213+0000] {logging_mixin.py:188} INFO - [2024-06-02T19:46:17.213+0000] {dagbag.py:545} INFO - Filling up the DagBag from /home/airflow/.local/lib/python3.12/site-packages/airflow/example_dags/example_short_circuit_operator.py
[2024-06-02T19:46:17.218+0000] {processor.py:840} INFO - DAG(s) 'example_short_circuit_operator' retrieved from /home/airflow/.local/lib/python3.12/site-packages/airflow/example_dags/example_short_circuit_operator.py
[2024-06-02T19:46:17.231+0000] {logging_mixin.py:188} INFO - [2024-06-02T19:46:17.231+0000] {dag.py:3096} INFO - Sync 1 DAGs
[2024-06-02T19:46:17.243+0000] {logging_mixin.py:188} INFO - [2024-06-02T19:46:17.243+0000] {dag.py:3954} INFO - Setting next_dagrun for example_short_circuit_operator to 2024-06-01 00:00:00+00:00, run_after=2024-06-02 00:00:00+00:00
[2024-06-02T19:46:17.253+0000] {processor.py:183} INFO - Processing /home/airflow/.local/lib/python3.12/site-packages/airflow/example_dags/example_short_circuit_operator.py took 0.044 seconds
[2024-06-02T19:46:47.911+0000] {processor.py:161} INFO - Started process (PID=646) to work on /home/airflow/.local/lib/python3.12/site-packages/airflow/example_dags/example_short_circuit_operator.py
[2024-06-02T19:46:47.911+0000] {processor.py:830} INFO - Processing file /home/airflow/.local/lib/python3.12/site-packages/airflow/example_dags/example_short_circuit_operator.py for tasks to queue
[2024-06-02T19:46:47.913+0000] {logging_mixin.py:188} INFO - [2024-06-02T19:46:47.912+0000] {dagbag.py:545} INFO - Filling up the DagBag from /home/airflow/.local/lib/python3.12/site-packages/airflow/example_dags/example_short_circuit_operator.py
[2024-06-02T19:46:47.917+0000] {processor.py:840} INFO - DAG(s) 'example_short_circuit_operator' retrieved from /home/airflow/.local/lib/python3.12/site-packages/airflow/example_dags/example_short_circuit_operator.py
[2024-06-02T19:46:47.931+0000] {logging_mixin.py:188} INFO - [2024-06-02T19:46:47.931+0000] {dag.py:3096} INFO - Sync 1 DAGs
[2024-06-02T19:46:47.943+0000] {logging_mixin.py:188} INFO - [2024-06-02T19:46:47.943+0000] {dag.py:3954} INFO - Setting next_dagrun for example_short_circuit_operator to 2024-06-01 00:00:00+00:00, run_after=2024-06-02 00:00:00+00:00
[2024-06-02T19:46:47.954+0000] {processor.py:183} INFO - Processing /home/airflow/.local/lib/python3.12/site-packages/airflow/example_dags/example_short_circuit_operator.py took 0.046 seconds
[2024-06-02T19:47:18.612+0000] {processor.py:161} INFO - Started process (PID=704) to work on /home/airflow/.local/lib/python3.12/site-packages/airflow/example_dags/example_short_circuit_operator.py
[2024-06-02T19:47:18.613+0000] {processor.py:830} INFO - Processing file /home/airflow/.local/lib/python3.12/site-packages/airflow/example_dags/example_short_circuit_operator.py for tasks to queue
[2024-06-02T19:47:18.614+0000] {logging_mixin.py:188} INFO - [2024-06-02T19:47:18.614+0000] {dagbag.py:545} INFO - Filling up the DagBag from /home/airflow/.local/lib/python3.12/site-packages/airflow/example_dags/example_short_circuit_operator.py
[2024-06-02T19:47:18.619+0000] {processor.py:840} INFO - DAG(s) 'example_short_circuit_operator' retrieved from /home/airflow/.local/lib/python3.12/site-packages/airflow/example_dags/example_short_circuit_operator.py
[2024-06-02T19:47:18.634+0000] {logging_mixin.py:188} INFO - [2024-06-02T19:47:18.634+0000] {dag.py:3096} INFO - Sync 1 DAGs
[2024-06-02T19:47:18.646+0000] {logging_mixin.py:188} INFO - [2024-06-02T19:47:18.646+0000] {dag.py:3954} INFO - Setting next_dagrun for example_short_circuit_operator to 2024-06-01 00:00:00+00:00, run_after=2024-06-02 00:00:00+00:00
[2024-06-02T19:47:18.656+0000] {processor.py:183} INFO - Processing /home/airflow/.local/lib/python3.12/site-packages/airflow/example_dags/example_short_circuit_operator.py took 0.048 seconds
[2024-06-02T19:47:49.356+0000] {processor.py:161} INFO - Started process (PID=762) to work on /home/airflow/.local/lib/python3.12/site-packages/airflow/example_dags/example_short_circuit_operator.py
[2024-06-02T19:47:49.356+0000] {processor.py:830} INFO - Processing file /home/airflow/.local/lib/python3.12/site-packages/airflow/example_dags/example_short_circuit_operator.py for tasks to queue
[2024-06-02T19:47:49.358+0000] {logging_mixin.py:188} INFO - [2024-06-02T19:47:49.358+0000] {dagbag.py:545} INFO - Filling up the DagBag from /home/airflow/.local/lib/python3.12/site-packages/airflow/example_dags/example_short_circuit_operator.py
[2024-06-02T19:47:49.362+0000] {processor.py:840} INFO - DAG(s) 'example_short_circuit_operator' retrieved from /home/airflow/.local/lib/python3.12/site-packages/airflow/example_dags/example_short_circuit_operator.py
[2024-06-02T19:47:49.376+0000] {logging_mixin.py:188} INFO - [2024-06-02T19:47:49.375+0000] {dag.py:3096} INFO - Sync 1 DAGs
[2024-06-02T19:47:49.388+0000] {logging_mixin.py:188} INFO - [2024-06-02T19:47:49.388+0000] {dag.py:3954} INFO - Setting next_dagrun for example_short_circuit_operator to 2024-06-01 00:00:00+00:00, run_after=2024-06-02 00:00:00+00:00
[2024-06-02T19:47:49.398+0000] {processor.py:183} INFO - Processing /home/airflow/.local/lib/python3.12/site-packages/airflow/example_dags/example_short_circuit_operator.py took 0.046 seconds
[2024-06-02T19:48:20.055+0000] {processor.py:161} INFO - Started process (PID=820) to work on /home/airflow/.local/lib/python3.12/site-packages/airflow/example_dags/example_short_circuit_operator.py
[2024-06-02T19:48:20.056+0000] {processor.py:830} INFO - Processing file /home/airflow/.local/lib/python3.12/site-packages/airflow/example_dags/example_short_circuit_operator.py for tasks to queue
[2024-06-02T19:48:20.057+0000] {logging_mixin.py:188} INFO - [2024-06-02T19:48:20.057+0000] {dagbag.py:545} INFO - Filling up the DagBag from /home/airflow/.local/lib/python3.12/site-packages/airflow/example_dags/example_short_circuit_operator.py
[2024-06-02T19:48:20.061+0000] {processor.py:840} INFO - DAG(s) 'example_short_circuit_operator' retrieved from /home/airflow/.local/lib/python3.12/site-packages/airflow/example_dags/example_short_circuit_operator.py
[2024-06-02T19:48:20.075+0000] {logging_mixin.py:188} INFO - [2024-06-02T19:48:20.075+0000] {dag.py:3096} INFO - Sync 1 DAGs
[2024-06-02T19:48:20.088+0000] {logging_mixin.py:188} INFO - [2024-06-02T19:48:20.088+0000] {dag.py:3954} INFO - Setting next_dagrun for example_short_circuit_operator to 2024-06-01 00:00:00+00:00, run_after=2024-06-02 00:00:00+00:00
[2024-06-02T19:48:20.098+0000] {processor.py:183} INFO - Processing /home/airflow/.local/lib/python3.12/site-packages/airflow/example_dags/example_short_circuit_operator.py took 0.045 seconds
[2024-06-02T19:48:50.701+0000] {processor.py:161} INFO - Started process (PID=878) to work on /home/airflow/.local/lib/python3.12/site-packages/airflow/example_dags/example_short_circuit_operator.py
[2024-06-02T19:48:50.701+0000] {processor.py:830} INFO - Processing file /home/airflow/.local/lib/python3.12/site-packages/airflow/example_dags/example_short_circuit_operator.py for tasks to queue
[2024-06-02T19:48:50.703+0000] {logging_mixin.py:188} INFO - [2024-06-02T19:48:50.702+0000] {dagbag.py:545} INFO - Filling up the DagBag from /home/airflow/.local/lib/python3.12/site-packages/airflow/example_dags/example_short_circuit_operator.py
[2024-06-02T19:48:50.707+0000] {processor.py:840} INFO - DAG(s) 'example_short_circuit_operator' retrieved from /home/airflow/.local/lib/python3.12/site-packages/airflow/example_dags/example_short_circuit_operator.py
[2024-06-02T19:48:50.721+0000] {logging_mixin.py:188} INFO - [2024-06-02T19:48:50.721+0000] {dag.py:3096} INFO - Sync 1 DAGs
[2024-06-02T19:48:50.732+0000] {logging_mixin.py:188} INFO - [2024-06-02T19:48:50.732+0000] {dag.py:3954} INFO - Setting next_dagrun for example_short_circuit_operator to 2024-06-01 00:00:00+00:00, run_after=2024-06-02 00:00:00+00:00
[2024-06-02T19:48:50.742+0000] {processor.py:183} INFO - Processing /home/airflow/.local/lib/python3.12/site-packages/airflow/example_dags/example_short_circuit_operator.py took 0.045 seconds
[2024-06-02T19:49:21.332+0000] {processor.py:161} INFO - Started process (PID=936) to work on /home/airflow/.local/lib/python3.12/site-packages/airflow/example_dags/example_short_circuit_operator.py
[2024-06-02T19:49:21.333+0000] {processor.py:830} INFO - Processing file /home/airflow/.local/lib/python3.12/site-packages/airflow/example_dags/example_short_circuit_operator.py for tasks to queue
[2024-06-02T19:49:21.334+0000] {logging_mixin.py:188} INFO - [2024-06-02T19:49:21.334+0000] {dagbag.py:545} INFO - Filling up the DagBag from /home/airflow/.local/lib/python3.12/site-packages/airflow/example_dags/example_short_circuit_operator.py
[2024-06-02T19:49:21.338+0000] {processor.py:840} INFO - DAG(s) 'example_short_circuit_operator' retrieved from /home/airflow/.local/lib/python3.12/site-packages/airflow/example_dags/example_short_circuit_operator.py
[2024-06-02T19:49:21.351+0000] {logging_mixin.py:188} INFO - [2024-06-02T19:49:21.351+0000] {dag.py:3096} INFO - Sync 1 DAGs
[2024-06-02T19:49:21.364+0000] {logging_mixin.py:188} INFO - [2024-06-02T19:49:21.364+0000] {dag.py:3954} INFO - Setting next_dagrun for example_short_circuit_operator to 2024-06-01 00:00:00+00:00, run_after=2024-06-02 00:00:00+00:00
[2024-06-02T19:49:21.375+0000] {processor.py:183} INFO - Processing /home/airflow/.local/lib/python3.12/site-packages/airflow/example_dags/example_short_circuit_operator.py took 0.046 seconds
[2024-06-02T19:49:51.978+0000] {processor.py:161} INFO - Started process (PID=994) to work on /home/airflow/.local/lib/python3.12/site-packages/airflow/example_dags/example_short_circuit_operator.py
[2024-06-02T19:49:51.978+0000] {processor.py:830} INFO - Processing file /home/airflow/.local/lib/python3.12/site-packages/airflow/example_dags/example_short_circuit_operator.py for tasks to queue
[2024-06-02T19:49:51.980+0000] {logging_mixin.py:188} INFO - [2024-06-02T19:49:51.979+0000] {dagbag.py:545} INFO - Filling up the DagBag from /home/airflow/.local/lib/python3.12/site-packages/airflow/example_dags/example_short_circuit_operator.py
[2024-06-02T19:49:51.984+0000] {processor.py:840} INFO - DAG(s) 'example_short_circuit_operator' retrieved from /home/airflow/.local/lib/python3.12/site-packages/airflow/example_dags/example_short_circuit_operator.py
[2024-06-02T19:49:51.996+0000] {logging_mixin.py:188} INFO - [2024-06-02T19:49:51.996+0000] {dag.py:3096} INFO - Sync 1 DAGs
[2024-06-02T19:49:52.009+0000] {logging_mixin.py:188} INFO - [2024-06-02T19:49:52.009+0000] {dag.py:3954} INFO - Setting next_dagrun for example_short_circuit_operator to 2024-06-01 00:00:00+00:00, run_after=2024-06-02 00:00:00+00:00
[2024-06-02T19:49:52.019+0000] {processor.py:183} INFO - Processing /home/airflow/.local/lib/python3.12/site-packages/airflow/example_dags/example_short_circuit_operator.py took 0.045 seconds
[2024-06-02T19:50:22.751+0000] {processor.py:161} INFO - Started process (PID=1052) to work on /home/airflow/.local/lib/python3.12/site-packages/airflow/example_dags/example_short_circuit_operator.py
[2024-06-02T19:50:22.753+0000] {processor.py:830} INFO - Processing file /home/airflow/.local/lib/python3.12/site-packages/airflow/example_dags/example_short_circuit_operator.py for tasks to queue
[2024-06-02T19:50:22.754+0000] {logging_mixin.py:188} INFO - [2024-06-02T19:50:22.754+0000] {dagbag.py:545} INFO - Filling up the DagBag from /home/airflow/.local/lib/python3.12/site-packages/airflow/example_dags/example_short_circuit_operator.py
[2024-06-02T19:50:22.759+0000] {processor.py:840} INFO - DAG(s) 'example_short_circuit_operator' retrieved from /home/airflow/.local/lib/python3.12/site-packages/airflow/example_dags/example_short_circuit_operator.py
[2024-06-02T19:50:22.772+0000] {logging_mixin.py:188} INFO - [2024-06-02T19:50:22.772+0000] {dag.py:3096} INFO - Sync 1 DAGs
[2024-06-02T19:50:22.784+0000] {logging_mixin.py:188} INFO - [2024-06-02T19:50:22.784+0000] {dag.py:3954} INFO - Setting next_dagrun for example_short_circuit_operator to 2024-06-01 00:00:00+00:00, run_after=2024-06-02 00:00:00+00:00
[2024-06-02T19:50:22.794+0000] {processor.py:183} INFO - Processing /home/airflow/.local/lib/python3.12/site-packages/airflow/example_dags/example_short_circuit_operator.py took 0.045 seconds
[2024-06-02T19:50:52.816+0000] {processor.py:161} INFO - Started process (PID=1110) to work on /home/airflow/.local/lib/python3.12/site-packages/airflow/example_dags/example_short_circuit_operator.py
[2024-06-02T19:50:52.816+0000] {processor.py:830} INFO - Processing file /home/airflow/.local/lib/python3.12/site-packages/airflow/example_dags/example_short_circuit_operator.py for tasks to queue
[2024-06-02T19:50:52.818+0000] {logging_mixin.py:188} INFO - [2024-06-02T19:50:52.818+0000] {dagbag.py:545} INFO - Filling up the DagBag from /home/airflow/.local/lib/python3.12/site-packages/airflow/example_dags/example_short_circuit_operator.py
[2024-06-02T19:50:52.823+0000] {processor.py:840} INFO - DAG(s) 'example_short_circuit_operator' retrieved from /home/airflow/.local/lib/python3.12/site-packages/airflow/example_dags/example_short_circuit_operator.py
[2024-06-02T19:50:52.838+0000] {logging_mixin.py:188} INFO - [2024-06-02T19:50:52.838+0000] {dag.py:3096} INFO - Sync 1 DAGs
[2024-06-02T19:50:52.850+0000] {logging_mixin.py:188} INFO - [2024-06-02T19:50:52.849+0000] {dag.py:3954} INFO - Setting next_dagrun for example_short_circuit_operator to 2024-06-01 00:00:00+00:00, run_after=2024-06-02 00:00:00+00:00
[2024-06-02T19:50:52.860+0000] {processor.py:183} INFO - Processing /home/airflow/.local/lib/python3.12/site-packages/airflow/example_dags/example_short_circuit_operator.py took 0.048 seconds
[2024-06-02T19:51:23.030+0000] {processor.py:161} INFO - Started process (PID=1168) to work on /home/airflow/.local/lib/python3.12/site-packages/airflow/example_dags/example_short_circuit_operator.py
[2024-06-02T19:51:23.031+0000] {processor.py:830} INFO - Processing file /home/airflow/.local/lib/python3.12/site-packages/airflow/example_dags/example_short_circuit_operator.py for tasks to queue
[2024-06-02T19:51:23.033+0000] {logging_mixin.py:188} INFO - [2024-06-02T19:51:23.032+0000] {dagbag.py:545} INFO - Filling up the DagBag from /home/airflow/.local/lib/python3.12/site-packages/airflow/example_dags/example_short_circuit_operator.py
[2024-06-02T19:51:23.037+0000] {processor.py:840} INFO - DAG(s) 'example_short_circuit_operator' retrieved from /home/airflow/.local/lib/python3.12/site-packages/airflow/example_dags/example_short_circuit_operator.py
[2024-06-02T19:51:23.051+0000] {logging_mixin.py:188} INFO - [2024-06-02T19:51:23.051+0000] {dag.py:3096} INFO - Sync 1 DAGs
[2024-06-02T19:51:23.063+0000] {logging_mixin.py:188} INFO - [2024-06-02T19:51:23.062+0000] {dag.py:3954} INFO - Setting next_dagrun for example_short_circuit_operator to 2024-06-01 00:00:00+00:00, run_after=2024-06-02 00:00:00+00:00
[2024-06-02T19:51:23.073+0000] {processor.py:183} INFO - Processing /home/airflow/.local/lib/python3.12/site-packages/airflow/example_dags/example_short_circuit_operator.py took 0.046 seconds
[2024-06-02T19:51:53.234+0000] {processor.py:161} INFO - Started process (PID=1226) to work on /home/airflow/.local/lib/python3.12/site-packages/airflow/example_dags/example_short_circuit_operator.py
[2024-06-02T19:51:53.235+0000] {processor.py:830} INFO - Processing file /home/airflow/.local/lib/python3.12/site-packages/airflow/example_dags/example_short_circuit_operator.py for tasks to queue
[2024-06-02T19:51:53.237+0000] {logging_mixin.py:188} INFO - [2024-06-02T19:51:53.236+0000] {dagbag.py:545} INFO - Filling up the DagBag from /home/airflow/.local/lib/python3.12/site-packages/airflow/example_dags/example_short_circuit_operator.py
[2024-06-02T19:51:53.241+0000] {processor.py:840} INFO - DAG(s) 'example_short_circuit_operator' retrieved from /home/airflow/.local/lib/python3.12/site-packages/airflow/example_dags/example_short_circuit_operator.py
[2024-06-02T19:51:53.256+0000] {logging_mixin.py:188} INFO - [2024-06-02T19:51:53.256+0000] {dag.py:3096} INFO - Sync 1 DAGs
[2024-06-02T19:51:53.269+0000] {logging_mixin.py:188} INFO - [2024-06-02T19:51:53.269+0000] {dag.py:3954} INFO - Setting next_dagrun for example_short_circuit_operator to 2024-06-01 00:00:00+00:00, run_after=2024-06-02 00:00:00+00:00
[2024-06-02T19:51:53.280+0000] {processor.py:183} INFO - Processing /home/airflow/.local/lib/python3.12/site-packages/airflow/example_dags/example_short_circuit_operator.py took 0.050 seconds
[2024-06-02T19:52:23.924+0000] {processor.py:161} INFO - Started process (PID=1284) to work on /home/airflow/.local/lib/python3.12/site-packages/airflow/example_dags/example_short_circuit_operator.py
[2024-06-02T19:52:23.924+0000] {processor.py:830} INFO - Processing file /home/airflow/.local/lib/python3.12/site-packages/airflow/example_dags/example_short_circuit_operator.py for tasks to queue
[2024-06-02T19:52:23.926+0000] {logging_mixin.py:188} INFO - [2024-06-02T19:52:23.925+0000] {dagbag.py:545} INFO - Filling up the DagBag from /home/airflow/.local/lib/python3.12/site-packages/airflow/example_dags/example_short_circuit_operator.py
[2024-06-02T19:52:23.930+0000] {processor.py:840} INFO - DAG(s) 'example_short_circuit_operator' retrieved from /home/airflow/.local/lib/python3.12/site-packages/airflow/example_dags/example_short_circuit_operator.py
[2024-06-02T19:52:23.943+0000] {logging_mixin.py:188} INFO - [2024-06-02T19:52:23.943+0000] {dag.py:3096} INFO - Sync 1 DAGs
[2024-06-02T19:52:23.956+0000] {logging_mixin.py:188} INFO - [2024-06-02T19:52:23.956+0000] {dag.py:3954} INFO - Setting next_dagrun for example_short_circuit_operator to 2024-06-01 00:00:00+00:00, run_after=2024-06-02 00:00:00+00:00
[2024-06-02T19:52:23.967+0000] {processor.py:183} INFO - Processing /home/airflow/.local/lib/python3.12/site-packages/airflow/example_dags/example_short_circuit_operator.py took 0.046 seconds
[2024-06-02T19:52:54.615+0000] {processor.py:161} INFO - Started process (PID=1341) to work on /home/airflow/.local/lib/python3.12/site-packages/airflow/example_dags/example_short_circuit_operator.py
[2024-06-02T19:52:54.616+0000] {processor.py:830} INFO - Processing file /home/airflow/.local/lib/python3.12/site-packages/airflow/example_dags/example_short_circuit_operator.py for tasks to queue
[2024-06-02T19:52:54.617+0000] {logging_mixin.py:188} INFO - [2024-06-02T19:52:54.617+0000] {dagbag.py:545} INFO - Filling up the DagBag from /home/airflow/.local/lib/python3.12/site-packages/airflow/example_dags/example_short_circuit_operator.py
[2024-06-02T19:52:54.621+0000] {processor.py:840} INFO - DAG(s) 'example_short_circuit_operator' retrieved from /home/airflow/.local/lib/python3.12/site-packages/airflow/example_dags/example_short_circuit_operator.py
[2024-06-02T19:52:54.634+0000] {logging_mixin.py:188} INFO - [2024-06-02T19:52:54.634+0000] {dag.py:3096} INFO - Sync 1 DAGs
[2024-06-02T19:52:54.646+0000] {logging_mixin.py:188} INFO - [2024-06-02T19:52:54.646+0000] {dag.py:3954} INFO - Setting next_dagrun for example_short_circuit_operator to 2024-06-01 00:00:00+00:00, run_after=2024-06-02 00:00:00+00:00
[2024-06-02T19:52:54.656+0000] {processor.py:183} INFO - Processing /home/airflow/.local/lib/python3.12/site-packages/airflow/example_dags/example_short_circuit_operator.py took 0.044 seconds
[2024-06-02T19:53:25.358+0000] {processor.py:161} INFO - Started process (PID=1405) to work on /home/airflow/.local/lib/python3.12/site-packages/airflow/example_dags/example_short_circuit_operator.py
[2024-06-02T19:53:25.359+0000] {processor.py:830} INFO - Processing file /home/airflow/.local/lib/python3.12/site-packages/airflow/example_dags/example_short_circuit_operator.py for tasks to queue
[2024-06-02T19:53:25.361+0000] {logging_mixin.py:188} INFO - [2024-06-02T19:53:25.361+0000] {dagbag.py:545} INFO - Filling up the DagBag from /home/airflow/.local/lib/python3.12/site-packages/airflow/example_dags/example_short_circuit_operator.py
[2024-06-02T19:53:25.366+0000] {processor.py:840} INFO - DAG(s) 'example_short_circuit_operator' retrieved from /home/airflow/.local/lib/python3.12/site-packages/airflow/example_dags/example_short_circuit_operator.py
[2024-06-02T19:53:25.382+0000] {logging_mixin.py:188} INFO - [2024-06-02T19:53:25.381+0000] {dag.py:3096} INFO - Sync 1 DAGs
[2024-06-02T19:53:25.395+0000] {logging_mixin.py:188} INFO - [2024-06-02T19:53:25.395+0000] {dag.py:3954} INFO - Setting next_dagrun for example_short_circuit_operator to 2024-06-01 00:00:00+00:00, run_after=2024-06-02 00:00:00+00:00
[2024-06-02T19:53:25.405+0000] {processor.py:183} INFO - Processing /home/airflow/.local/lib/python3.12/site-packages/airflow/example_dags/example_short_circuit_operator.py took 0.050 seconds
[2024-06-02T19:53:56.047+0000] {processor.py:161} INFO - Started process (PID=1463) to work on /home/airflow/.local/lib/python3.12/site-packages/airflow/example_dags/example_short_circuit_operator.py
[2024-06-02T19:53:56.047+0000] {processor.py:830} INFO - Processing file /home/airflow/.local/lib/python3.12/site-packages/airflow/example_dags/example_short_circuit_operator.py for tasks to queue
[2024-06-02T19:53:56.048+0000] {logging_mixin.py:188} INFO - [2024-06-02T19:53:56.048+0000] {dagbag.py:545} INFO - Filling up the DagBag from /home/airflow/.local/lib/python3.12/site-packages/airflow/example_dags/example_short_circuit_operator.py
[2024-06-02T19:53:56.052+0000] {processor.py:840} INFO - DAG(s) 'example_short_circuit_operator' retrieved from /home/airflow/.local/lib/python3.12/site-packages/airflow/example_dags/example_short_circuit_operator.py
[2024-06-02T19:53:56.066+0000] {logging_mixin.py:188} INFO - [2024-06-02T19:53:56.066+0000] {dag.py:3096} INFO - Sync 1 DAGs
[2024-06-02T19:53:56.078+0000] {logging_mixin.py:188} INFO - [2024-06-02T19:53:56.078+0000] {dag.py:3954} INFO - Setting next_dagrun for example_short_circuit_operator to 2024-06-01 00:00:00+00:00, run_after=2024-06-02 00:00:00+00:00
[2024-06-02T19:53:56.088+0000] {processor.py:183} INFO - Processing /home/airflow/.local/lib/python3.12/site-packages/airflow/example_dags/example_short_circuit_operator.py took 0.044 seconds
[2024-06-02T19:54:26.754+0000] {processor.py:161} INFO - Started process (PID=1521) to work on /home/airflow/.local/lib/python3.12/site-packages/airflow/example_dags/example_short_circuit_operator.py
[2024-06-02T19:54:26.755+0000] {processor.py:830} INFO - Processing file /home/airflow/.local/lib/python3.12/site-packages/airflow/example_dags/example_short_circuit_operator.py for tasks to queue
[2024-06-02T19:54:26.757+0000] {logging_mixin.py:188} INFO - [2024-06-02T19:54:26.756+0000] {dagbag.py:545} INFO - Filling up the DagBag from /home/airflow/.local/lib/python3.12/site-packages/airflow/example_dags/example_short_circuit_operator.py
[2024-06-02T19:54:26.761+0000] {processor.py:840} INFO - DAG(s) 'example_short_circuit_operator' retrieved from /home/airflow/.local/lib/python3.12/site-packages/airflow/example_dags/example_short_circuit_operator.py
[2024-06-02T19:54:26.775+0000] {logging_mixin.py:188} INFO - [2024-06-02T19:54:26.775+0000] {dag.py:3096} INFO - Sync 1 DAGs
[2024-06-02T19:54:26.787+0000] {logging_mixin.py:188} INFO - [2024-06-02T19:54:26.787+0000] {dag.py:3954} INFO - Setting next_dagrun for example_short_circuit_operator to 2024-06-01 00:00:00+00:00, run_after=2024-06-02 00:00:00+00:00
[2024-06-02T19:54:26.798+0000] {processor.py:183} INFO - Processing /home/airflow/.local/lib/python3.12/site-packages/airflow/example_dags/example_short_circuit_operator.py took 0.047 seconds
[2024-06-02T19:54:57.591+0000] {processor.py:161} INFO - Started process (PID=1579) to work on /home/airflow/.local/lib/python3.12/site-packages/airflow/example_dags/example_short_circuit_operator.py
[2024-06-02T19:54:57.591+0000] {processor.py:830} INFO - Processing file /home/airflow/.local/lib/python3.12/site-packages/airflow/example_dags/example_short_circuit_operator.py for tasks to queue
[2024-06-02T19:54:57.593+0000] {logging_mixin.py:188} INFO - [2024-06-02T19:54:57.593+0000] {dagbag.py:545} INFO - Filling up the DagBag from /home/airflow/.local/lib/python3.12/site-packages/airflow/example_dags/example_short_circuit_operator.py
[2024-06-02T19:54:57.597+0000] {processor.py:840} INFO - DAG(s) 'example_short_circuit_operator' retrieved from /home/airflow/.local/lib/python3.12/site-packages/airflow/example_dags/example_short_circuit_operator.py
[2024-06-02T19:54:57.612+0000] {logging_mixin.py:188} INFO - [2024-06-02T19:54:57.611+0000] {dag.py:3096} INFO - Sync 1 DAGs
[2024-06-02T19:54:57.624+0000] {logging_mixin.py:188} INFO - [2024-06-02T19:54:57.624+0000] {dag.py:3954} INFO - Setting next_dagrun for example_short_circuit_operator to 2024-06-01 00:00:00+00:00, run_after=2024-06-02 00:00:00+00:00
[2024-06-02T19:54:57.635+0000] {processor.py:183} INFO - Processing /home/airflow/.local/lib/python3.12/site-packages/airflow/example_dags/example_short_circuit_operator.py took 0.048 seconds
[2024-06-02T19:55:28.280+0000] {processor.py:161} INFO - Started process (PID=1637) to work on /home/airflow/.local/lib/python3.12/site-packages/airflow/example_dags/example_short_circuit_operator.py
[2024-06-02T19:55:28.281+0000] {processor.py:830} INFO - Processing file /home/airflow/.local/lib/python3.12/site-packages/airflow/example_dags/example_short_circuit_operator.py for tasks to queue
[2024-06-02T19:55:28.282+0000] {logging_mixin.py:188} INFO - [2024-06-02T19:55:28.282+0000] {dagbag.py:545} INFO - Filling up the DagBag from /home/airflow/.local/lib/python3.12/site-packages/airflow/example_dags/example_short_circuit_operator.py
[2024-06-02T19:55:28.286+0000] {processor.py:840} INFO - DAG(s) 'example_short_circuit_operator' retrieved from /home/airflow/.local/lib/python3.12/site-packages/airflow/example_dags/example_short_circuit_operator.py
[2024-06-02T19:55:28.300+0000] {logging_mixin.py:188} INFO - [2024-06-02T19:55:28.300+0000] {dag.py:3096} INFO - Sync 1 DAGs
[2024-06-02T19:55:28.313+0000] {logging_mixin.py:188} INFO - [2024-06-02T19:55:28.313+0000] {dag.py:3954} INFO - Setting next_dagrun for example_short_circuit_operator to 2024-06-01 00:00:00+00:00, run_after=2024-06-02 00:00:00+00:00
[2024-06-02T19:55:28.324+0000] {processor.py:183} INFO - Processing /home/airflow/.local/lib/python3.12/site-packages/airflow/example_dags/example_short_circuit_operator.py took 0.046 seconds
[2024-06-02T19:55:58.953+0000] {processor.py:161} INFO - Started process (PID=1695) to work on /home/airflow/.local/lib/python3.12/site-packages/airflow/example_dags/example_short_circuit_operator.py
[2024-06-02T19:55:58.954+0000] {processor.py:830} INFO - Processing file /home/airflow/.local/lib/python3.12/site-packages/airflow/example_dags/example_short_circuit_operator.py for tasks to queue
[2024-06-02T19:55:58.955+0000] {logging_mixin.py:188} INFO - [2024-06-02T19:55:58.955+0000] {dagbag.py:545} INFO - Filling up the DagBag from /home/airflow/.local/lib/python3.12/site-packages/airflow/example_dags/example_short_circuit_operator.py
[2024-06-02T19:55:58.960+0000] {processor.py:840} INFO - DAG(s) 'example_short_circuit_operator' retrieved from /home/airflow/.local/lib/python3.12/site-packages/airflow/example_dags/example_short_circuit_operator.py
[2024-06-02T19:55:58.973+0000] {logging_mixin.py:188} INFO - [2024-06-02T19:55:58.972+0000] {dag.py:3096} INFO - Sync 1 DAGs
[2024-06-02T19:55:58.984+0000] {logging_mixin.py:188} INFO - [2024-06-02T19:55:58.984+0000] {dag.py:3954} INFO - Setting next_dagrun for example_short_circuit_operator to 2024-06-01 00:00:00+00:00, run_after=2024-06-02 00:00:00+00:00
[2024-06-02T19:55:58.995+0000] {processor.py:183} INFO - Processing /home/airflow/.local/lib/python3.12/site-packages/airflow/example_dags/example_short_circuit_operator.py took 0.045 seconds
[2024-06-02T19:56:29.582+0000] {processor.py:161} INFO - Started process (PID=1753) to work on /home/airflow/.local/lib/python3.12/site-packages/airflow/example_dags/example_short_circuit_operator.py
[2024-06-02T19:56:29.583+0000] {processor.py:830} INFO - Processing file /home/airflow/.local/lib/python3.12/site-packages/airflow/example_dags/example_short_circuit_operator.py for tasks to queue
[2024-06-02T19:56:29.584+0000] {logging_mixin.py:188} INFO - [2024-06-02T19:56:29.583+0000] {dagbag.py:545} INFO - Filling up the DagBag from /home/airflow/.local/lib/python3.12/site-packages/airflow/example_dags/example_short_circuit_operator.py
[2024-06-02T19:56:29.588+0000] {processor.py:840} INFO - DAG(s) 'example_short_circuit_operator' retrieved from /home/airflow/.local/lib/python3.12/site-packages/airflow/example_dags/example_short_circuit_operator.py
[2024-06-02T19:56:29.601+0000] {logging_mixin.py:188} INFO - [2024-06-02T19:56:29.601+0000] {dag.py:3096} INFO - Sync 1 DAGs
[2024-06-02T19:56:29.613+0000] {logging_mixin.py:188} INFO - [2024-06-02T19:56:29.613+0000] {dag.py:3954} INFO - Setting next_dagrun for example_short_circuit_operator to 2024-06-01 00:00:00+00:00, run_after=2024-06-02 00:00:00+00:00
[2024-06-02T19:56:29.624+0000] {processor.py:183} INFO - Processing /home/airflow/.local/lib/python3.12/site-packages/airflow/example_dags/example_short_circuit_operator.py took 0.045 seconds
[2024-06-02T19:57:00.435+0000] {processor.py:161} INFO - Started process (PID=1811) to work on /home/airflow/.local/lib/python3.12/site-packages/airflow/example_dags/example_short_circuit_operator.py
[2024-06-02T19:57:00.435+0000] {processor.py:830} INFO - Processing file /home/airflow/.local/lib/python3.12/site-packages/airflow/example_dags/example_short_circuit_operator.py for tasks to queue
[2024-06-02T19:57:00.437+0000] {logging_mixin.py:188} INFO - [2024-06-02T19:57:00.436+0000] {dagbag.py:545} INFO - Filling up the DagBag from /home/airflow/.local/lib/python3.12/site-packages/airflow/example_dags/example_short_circuit_operator.py
[2024-06-02T19:57:00.441+0000] {processor.py:840} INFO - DAG(s) 'example_short_circuit_operator' retrieved from /home/airflow/.local/lib/python3.12/site-packages/airflow/example_dags/example_short_circuit_operator.py
[2024-06-02T19:57:00.454+0000] {logging_mixin.py:188} INFO - [2024-06-02T19:57:00.454+0000] {dag.py:3096} INFO - Sync 1 DAGs
[2024-06-02T19:57:00.466+0000] {logging_mixin.py:188} INFO - [2024-06-02T19:57:00.466+0000] {dag.py:3954} INFO - Setting next_dagrun for example_short_circuit_operator to 2024-06-01 00:00:00+00:00, run_after=2024-06-02 00:00:00+00:00
[2024-06-02T19:57:00.475+0000] {processor.py:183} INFO - Processing /home/airflow/.local/lib/python3.12/site-packages/airflow/example_dags/example_short_circuit_operator.py took 0.044 seconds
[2024-06-02T19:57:31.178+0000] {processor.py:161} INFO - Started process (PID=1869) to work on /home/airflow/.local/lib/python3.12/site-packages/airflow/example_dags/example_short_circuit_operator.py
[2024-06-02T19:57:31.179+0000] {processor.py:830} INFO - Processing file /home/airflow/.local/lib/python3.12/site-packages/airflow/example_dags/example_short_circuit_operator.py for tasks to queue
[2024-06-02T19:57:31.180+0000] {logging_mixin.py:188} INFO - [2024-06-02T19:57:31.180+0000] {dagbag.py:545} INFO - Filling up the DagBag from /home/airflow/.local/lib/python3.12/site-packages/airflow/example_dags/example_short_circuit_operator.py
[2024-06-02T19:57:31.184+0000] {processor.py:840} INFO - DAG(s) 'example_short_circuit_operator' retrieved from /home/airflow/.local/lib/python3.12/site-packages/airflow/example_dags/example_short_circuit_operator.py
[2024-06-02T19:57:31.198+0000] {logging_mixin.py:188} INFO - [2024-06-02T19:57:31.198+0000] {dag.py:3096} INFO - Sync 1 DAGs
[2024-06-02T19:57:31.210+0000] {logging_mixin.py:188} INFO - [2024-06-02T19:57:31.210+0000] {dag.py:3954} INFO - Setting next_dagrun for example_short_circuit_operator to 2024-06-01 00:00:00+00:00, run_after=2024-06-02 00:00:00+00:00
[2024-06-02T19:57:31.308+0000] {processor.py:183} INFO - Processing /home/airflow/.local/lib/python3.12/site-packages/airflow/example_dags/example_short_circuit_operator.py took 0.133 seconds
[2024-06-02T19:58:02.140+0000] {processor.py:161} INFO - Started process (PID=1927) to work on /home/airflow/.local/lib/python3.12/site-packages/airflow/example_dags/example_short_circuit_operator.py
[2024-06-02T19:58:02.141+0000] {processor.py:830} INFO - Processing file /home/airflow/.local/lib/python3.12/site-packages/airflow/example_dags/example_short_circuit_operator.py for tasks to queue
[2024-06-02T19:58:02.143+0000] {logging_mixin.py:188} INFO - [2024-06-02T19:58:02.142+0000] {dagbag.py:545} INFO - Filling up the DagBag from /home/airflow/.local/lib/python3.12/site-packages/airflow/example_dags/example_short_circuit_operator.py
[2024-06-02T19:58:02.147+0000] {processor.py:840} INFO - DAG(s) 'example_short_circuit_operator' retrieved from /home/airflow/.local/lib/python3.12/site-packages/airflow/example_dags/example_short_circuit_operator.py
[2024-06-02T19:58:02.161+0000] {logging_mixin.py:188} INFO - [2024-06-02T19:58:02.161+0000] {dag.py:3096} INFO - Sync 1 DAGs
[2024-06-02T19:58:02.174+0000] {logging_mixin.py:188} INFO - [2024-06-02T19:58:02.174+0000] {dag.py:3954} INFO - Setting next_dagrun for example_short_circuit_operator to 2024-06-01 00:00:00+00:00, run_after=2024-06-02 00:00:00+00:00
[2024-06-02T19:58:02.186+0000] {processor.py:183} INFO - Processing /home/airflow/.local/lib/python3.12/site-packages/airflow/example_dags/example_short_circuit_operator.py took 0.049 seconds
[2024-06-02T19:58:32.918+0000] {processor.py:161} INFO - Started process (PID=1985) to work on /home/airflow/.local/lib/python3.12/site-packages/airflow/example_dags/example_short_circuit_operator.py
[2024-06-02T19:58:32.918+0000] {processor.py:830} INFO - Processing file /home/airflow/.local/lib/python3.12/site-packages/airflow/example_dags/example_short_circuit_operator.py for tasks to queue
[2024-06-02T19:58:32.920+0000] {logging_mixin.py:188} INFO - [2024-06-02T19:58:32.919+0000] {dagbag.py:545} INFO - Filling up the DagBag from /home/airflow/.local/lib/python3.12/site-packages/airflow/example_dags/example_short_circuit_operator.py
[2024-06-02T19:58:32.923+0000] {processor.py:840} INFO - DAG(s) 'example_short_circuit_operator' retrieved from /home/airflow/.local/lib/python3.12/site-packages/airflow/example_dags/example_short_circuit_operator.py
[2024-06-02T19:58:32.937+0000] {logging_mixin.py:188} INFO - [2024-06-02T19:58:32.937+0000] {dag.py:3096} INFO - Sync 1 DAGs
[2024-06-02T19:58:32.950+0000] {logging_mixin.py:188} INFO - [2024-06-02T19:58:32.950+0000] {dag.py:3954} INFO - Setting next_dagrun for example_short_circuit_operator to 2024-06-01 00:00:00+00:00, run_after=2024-06-02 00:00:00+00:00
[2024-06-02T19:58:32.960+0000] {processor.py:183} INFO - Processing /home/airflow/.local/lib/python3.12/site-packages/airflow/example_dags/example_short_circuit_operator.py took 0.045 seconds
[2024-06-02T19:59:03.134+0000] {processor.py:161} INFO - Started process (PID=2043) to work on /home/airflow/.local/lib/python3.12/site-packages/airflow/example_dags/example_short_circuit_operator.py
[2024-06-02T19:59:03.135+0000] {processor.py:830} INFO - Processing file /home/airflow/.local/lib/python3.12/site-packages/airflow/example_dags/example_short_circuit_operator.py for tasks to queue
[2024-06-02T19:59:03.136+0000] {logging_mixin.py:188} INFO - [2024-06-02T19:59:03.136+0000] {dagbag.py:545} INFO - Filling up the DagBag from /home/airflow/.local/lib/python3.12/site-packages/airflow/example_dags/example_short_circuit_operator.py
[2024-06-02T19:59:03.140+0000] {processor.py:840} INFO - DAG(s) 'example_short_circuit_operator' retrieved from /home/airflow/.local/lib/python3.12/site-packages/airflow/example_dags/example_short_circuit_operator.py
[2024-06-02T19:59:03.154+0000] {logging_mixin.py:188} INFO - [2024-06-02T19:59:03.154+0000] {dag.py:3096} INFO - Sync 1 DAGs
[2024-06-02T19:59:03.166+0000] {logging_mixin.py:188} INFO - [2024-06-02T19:59:03.166+0000] {dag.py:3954} INFO - Setting next_dagrun for example_short_circuit_operator to 2024-06-01 00:00:00+00:00, run_after=2024-06-02 00:00:00+00:00
[2024-06-02T19:59:03.177+0000] {processor.py:183} INFO - Processing /home/airflow/.local/lib/python3.12/site-packages/airflow/example_dags/example_short_circuit_operator.py took 0.046 seconds
[2024-06-02T19:59:33.624+0000] {processor.py:161} INFO - Started process (PID=2101) to work on /home/airflow/.local/lib/python3.12/site-packages/airflow/example_dags/example_short_circuit_operator.py
[2024-06-02T19:59:33.625+0000] {processor.py:830} INFO - Processing file /home/airflow/.local/lib/python3.12/site-packages/airflow/example_dags/example_short_circuit_operator.py for tasks to queue
[2024-06-02T19:59:33.626+0000] {logging_mixin.py:188} INFO - [2024-06-02T19:59:33.626+0000] {dagbag.py:545} INFO - Filling up the DagBag from /home/airflow/.local/lib/python3.12/site-packages/airflow/example_dags/example_short_circuit_operator.py
[2024-06-02T19:59:33.631+0000] {processor.py:840} INFO - DAG(s) 'example_short_circuit_operator' retrieved from /home/airflow/.local/lib/python3.12/site-packages/airflow/example_dags/example_short_circuit_operator.py
[2024-06-02T19:59:33.644+0000] {logging_mixin.py:188} INFO - [2024-06-02T19:59:33.644+0000] {dag.py:3096} INFO - Sync 1 DAGs
[2024-06-02T19:59:33.656+0000] {logging_mixin.py:188} INFO - [2024-06-02T19:59:33.656+0000] {dag.py:3954} INFO - Setting next_dagrun for example_short_circuit_operator to 2024-06-01 00:00:00+00:00, run_after=2024-06-02 00:00:00+00:00
[2024-06-02T19:59:33.667+0000] {processor.py:183} INFO - Processing /home/airflow/.local/lib/python3.12/site-packages/airflow/example_dags/example_short_circuit_operator.py took 0.046 seconds
[2024-06-02T20:00:04.722+0000] {processor.py:161} INFO - Started process (PID=2159) to work on /home/airflow/.local/lib/python3.12/site-packages/airflow/example_dags/example_short_circuit_operator.py
[2024-06-02T20:00:04.723+0000] {processor.py:830} INFO - Processing file /home/airflow/.local/lib/python3.12/site-packages/airflow/example_dags/example_short_circuit_operator.py for tasks to queue
[2024-06-02T20:00:04.724+0000] {logging_mixin.py:188} INFO - [2024-06-02T20:00:04.724+0000] {dagbag.py:545} INFO - Filling up the DagBag from /home/airflow/.local/lib/python3.12/site-packages/airflow/example_dags/example_short_circuit_operator.py
[2024-06-02T20:00:04.729+0000] {processor.py:840} INFO - DAG(s) 'example_short_circuit_operator' retrieved from /home/airflow/.local/lib/python3.12/site-packages/airflow/example_dags/example_short_circuit_operator.py
[2024-06-02T20:00:04.742+0000] {logging_mixin.py:188} INFO - [2024-06-02T20:00:04.742+0000] {dag.py:3096} INFO - Sync 1 DAGs
[2024-06-02T20:00:04.755+0000] {logging_mixin.py:188} INFO - [2024-06-02T20:00:04.755+0000] {dag.py:3954} INFO - Setting next_dagrun for example_short_circuit_operator to 2024-06-01 00:00:00+00:00, run_after=2024-06-02 00:00:00+00:00
[2024-06-02T20:00:04.765+0000] {processor.py:183} INFO - Processing /home/airflow/.local/lib/python3.12/site-packages/airflow/example_dags/example_short_circuit_operator.py took 0.046 seconds
[2024-06-02T20:00:35.559+0000] {processor.py:161} INFO - Started process (PID=2217) to work on /home/airflow/.local/lib/python3.12/site-packages/airflow/example_dags/example_short_circuit_operator.py
[2024-06-02T20:00:35.560+0000] {processor.py:830} INFO - Processing file /home/airflow/.local/lib/python3.12/site-packages/airflow/example_dags/example_short_circuit_operator.py for tasks to queue
[2024-06-02T20:00:35.561+0000] {logging_mixin.py:188} INFO - [2024-06-02T20:00:35.561+0000] {dagbag.py:545} INFO - Filling up the DagBag from /home/airflow/.local/lib/python3.12/site-packages/airflow/example_dags/example_short_circuit_operator.py
[2024-06-02T20:00:35.565+0000] {processor.py:840} INFO - DAG(s) 'example_short_circuit_operator' retrieved from /home/airflow/.local/lib/python3.12/site-packages/airflow/example_dags/example_short_circuit_operator.py
[2024-06-02T20:00:35.665+0000] {logging_mixin.py:188} INFO - [2024-06-02T20:00:35.664+0000] {dag.py:3096} INFO - Sync 1 DAGs
[2024-06-02T20:00:35.676+0000] {logging_mixin.py:188} INFO - [2024-06-02T20:00:35.676+0000] {dag.py:3954} INFO - Setting next_dagrun for example_short_circuit_operator to 2024-06-01 00:00:00+00:00, run_after=2024-06-02 00:00:00+00:00
[2024-06-02T20:00:35.686+0000] {processor.py:183} INFO - Processing /home/airflow/.local/lib/python3.12/site-packages/airflow/example_dags/example_short_circuit_operator.py took 0.131 seconds
[2024-06-02T20:01:05.889+0000] {processor.py:161} INFO - Started process (PID=2275) to work on /home/airflow/.local/lib/python3.12/site-packages/airflow/example_dags/example_short_circuit_operator.py
[2024-06-02T20:01:05.890+0000] {processor.py:830} INFO - Processing file /home/airflow/.local/lib/python3.12/site-packages/airflow/example_dags/example_short_circuit_operator.py for tasks to queue
[2024-06-02T20:01:05.891+0000] {logging_mixin.py:188} INFO - [2024-06-02T20:01:05.891+0000] {dagbag.py:545} INFO - Filling up the DagBag from /home/airflow/.local/lib/python3.12/site-packages/airflow/example_dags/example_short_circuit_operator.py
[2024-06-02T20:01:05.896+0000] {processor.py:840} INFO - DAG(s) 'example_short_circuit_operator' retrieved from /home/airflow/.local/lib/python3.12/site-packages/airflow/example_dags/example_short_circuit_operator.py
[2024-06-02T20:01:05.910+0000] {logging_mixin.py:188} INFO - [2024-06-02T20:01:05.910+0000] {dag.py:3096} INFO - Sync 1 DAGs
[2024-06-02T20:01:05.922+0000] {logging_mixin.py:188} INFO - [2024-06-02T20:01:05.922+0000] {dag.py:3954} INFO - Setting next_dagrun for example_short_circuit_operator to 2024-06-01 00:00:00+00:00, run_after=2024-06-02 00:00:00+00:00
[2024-06-02T20:01:05.932+0000] {processor.py:183} INFO - Processing /home/airflow/.local/lib/python3.12/site-packages/airflow/example_dags/example_short_circuit_operator.py took 0.047 seconds
[2024-06-02T20:01:36.665+0000] {processor.py:161} INFO - Started process (PID=2333) to work on /home/airflow/.local/lib/python3.12/site-packages/airflow/example_dags/example_short_circuit_operator.py
[2024-06-02T20:01:36.665+0000] {processor.py:830} INFO - Processing file /home/airflow/.local/lib/python3.12/site-packages/airflow/example_dags/example_short_circuit_operator.py for tasks to queue
[2024-06-02T20:01:36.666+0000] {logging_mixin.py:188} INFO - [2024-06-02T20:01:36.666+0000] {dagbag.py:545} INFO - Filling up the DagBag from /home/airflow/.local/lib/python3.12/site-packages/airflow/example_dags/example_short_circuit_operator.py
[2024-06-02T20:01:36.671+0000] {processor.py:840} INFO - DAG(s) 'example_short_circuit_operator' retrieved from /home/airflow/.local/lib/python3.12/site-packages/airflow/example_dags/example_short_circuit_operator.py
[2024-06-02T20:01:36.684+0000] {logging_mixin.py:188} INFO - [2024-06-02T20:01:36.684+0000] {dag.py:3096} INFO - Sync 1 DAGs
[2024-06-02T20:01:36.695+0000] {logging_mixin.py:188} INFO - [2024-06-02T20:01:36.695+0000] {dag.py:3954} INFO - Setting next_dagrun for example_short_circuit_operator to 2024-06-01 00:00:00+00:00, run_after=2024-06-02 00:00:00+00:00
[2024-06-02T20:01:36.705+0000] {processor.py:183} INFO - Processing /home/airflow/.local/lib/python3.12/site-packages/airflow/example_dags/example_short_circuit_operator.py took 0.043 seconds
[2024-06-02T20:02:07.485+0000] {processor.py:161} INFO - Started process (PID=2391) to work on /home/airflow/.local/lib/python3.12/site-packages/airflow/example_dags/example_short_circuit_operator.py
[2024-06-02T20:02:07.486+0000] {processor.py:830} INFO - Processing file /home/airflow/.local/lib/python3.12/site-packages/airflow/example_dags/example_short_circuit_operator.py for tasks to queue
[2024-06-02T20:02:07.487+0000] {logging_mixin.py:188} INFO - [2024-06-02T20:02:07.487+0000] {dagbag.py:545} INFO - Filling up the DagBag from /home/airflow/.local/lib/python3.12/site-packages/airflow/example_dags/example_short_circuit_operator.py
[2024-06-02T20:02:07.491+0000] {processor.py:840} INFO - DAG(s) 'example_short_circuit_operator' retrieved from /home/airflow/.local/lib/python3.12/site-packages/airflow/example_dags/example_short_circuit_operator.py
[2024-06-02T20:02:07.504+0000] {logging_mixin.py:188} INFO - [2024-06-02T20:02:07.504+0000] {dag.py:3096} INFO - Sync 1 DAGs
[2024-06-02T20:02:07.516+0000] {logging_mixin.py:188} INFO - [2024-06-02T20:02:07.516+0000] {dag.py:3954} INFO - Setting next_dagrun for example_short_circuit_operator to 2024-06-01 00:00:00+00:00, run_after=2024-06-02 00:00:00+00:00
[2024-06-02T20:02:07.525+0000] {processor.py:183} INFO - Processing /home/airflow/.local/lib/python3.12/site-packages/airflow/example_dags/example_short_circuit_operator.py took 0.043 seconds
[2024-06-02T20:02:38.126+0000] {processor.py:161} INFO - Started process (PID=2449) to work on /home/airflow/.local/lib/python3.12/site-packages/airflow/example_dags/example_short_circuit_operator.py
[2024-06-02T20:02:38.127+0000] {processor.py:830} INFO - Processing file /home/airflow/.local/lib/python3.12/site-packages/airflow/example_dags/example_short_circuit_operator.py for tasks to queue
[2024-06-02T20:02:38.128+0000] {logging_mixin.py:188} INFO - [2024-06-02T20:02:38.128+0000] {dagbag.py:545} INFO - Filling up the DagBag from /home/airflow/.local/lib/python3.12/site-packages/airflow/example_dags/example_short_circuit_operator.py
[2024-06-02T20:02:38.132+0000] {processor.py:840} INFO - DAG(s) 'example_short_circuit_operator' retrieved from /home/airflow/.local/lib/python3.12/site-packages/airflow/example_dags/example_short_circuit_operator.py
[2024-06-02T20:02:38.146+0000] {logging_mixin.py:188} INFO - [2024-06-02T20:02:38.146+0000] {dag.py:3096} INFO - Sync 1 DAGs
[2024-06-02T20:02:38.159+0000] {logging_mixin.py:188} INFO - [2024-06-02T20:02:38.159+0000] {dag.py:3954} INFO - Setting next_dagrun for example_short_circuit_operator to 2024-06-01 00:00:00+00:00, run_after=2024-06-02 00:00:00+00:00
[2024-06-02T20:02:38.169+0000] {processor.py:183} INFO - Processing /home/airflow/.local/lib/python3.12/site-packages/airflow/example_dags/example_short_circuit_operator.py took 0.046 seconds
[2024-06-02T20:03:08.729+0000] {processor.py:161} INFO - Started process (PID=2507) to work on /home/airflow/.local/lib/python3.12/site-packages/airflow/example_dags/example_short_circuit_operator.py
[2024-06-02T20:03:08.730+0000] {processor.py:830} INFO - Processing file /home/airflow/.local/lib/python3.12/site-packages/airflow/example_dags/example_short_circuit_operator.py for tasks to queue
[2024-06-02T20:03:08.731+0000] {logging_mixin.py:188} INFO - [2024-06-02T20:03:08.731+0000] {dagbag.py:545} INFO - Filling up the DagBag from /home/airflow/.local/lib/python3.12/site-packages/airflow/example_dags/example_short_circuit_operator.py
[2024-06-02T20:03:08.735+0000] {processor.py:840} INFO - DAG(s) 'example_short_circuit_operator' retrieved from /home/airflow/.local/lib/python3.12/site-packages/airflow/example_dags/example_short_circuit_operator.py
[2024-06-02T20:03:08.748+0000] {logging_mixin.py:188} INFO - [2024-06-02T20:03:08.748+0000] {dag.py:3096} INFO - Sync 1 DAGs
[2024-06-02T20:03:08.760+0000] {logging_mixin.py:188} INFO - [2024-06-02T20:03:08.760+0000] {dag.py:3954} INFO - Setting next_dagrun for example_short_circuit_operator to 2024-06-01 00:00:00+00:00, run_after=2024-06-02 00:00:00+00:00
[2024-06-02T20:03:08.770+0000] {processor.py:183} INFO - Processing /home/airflow/.local/lib/python3.12/site-packages/airflow/example_dags/example_short_circuit_operator.py took 0.044 seconds
[2024-06-02T20:03:39.444+0000] {processor.py:161} INFO - Started process (PID=2565) to work on /home/airflow/.local/lib/python3.12/site-packages/airflow/example_dags/example_short_circuit_operator.py
[2024-06-02T20:03:39.445+0000] {processor.py:830} INFO - Processing file /home/airflow/.local/lib/python3.12/site-packages/airflow/example_dags/example_short_circuit_operator.py for tasks to queue
[2024-06-02T20:03:39.446+0000] {logging_mixin.py:188} INFO - [2024-06-02T20:03:39.446+0000] {dagbag.py:545} INFO - Filling up the DagBag from /home/airflow/.local/lib/python3.12/site-packages/airflow/example_dags/example_short_circuit_operator.py
[2024-06-02T20:03:39.451+0000] {processor.py:840} INFO - DAG(s) 'example_short_circuit_operator' retrieved from /home/airflow/.local/lib/python3.12/site-packages/airflow/example_dags/example_short_circuit_operator.py
[2024-06-02T20:03:39.464+0000] {logging_mixin.py:188} INFO - [2024-06-02T20:03:39.464+0000] {dag.py:3096} INFO - Sync 1 DAGs
[2024-06-02T20:03:39.476+0000] {logging_mixin.py:188} INFO - [2024-06-02T20:03:39.476+0000] {dag.py:3954} INFO - Setting next_dagrun for example_short_circuit_operator to 2024-06-01 00:00:00+00:00, run_after=2024-06-02 00:00:00+00:00
[2024-06-02T20:03:39.487+0000] {processor.py:183} INFO - Processing /home/airflow/.local/lib/python3.12/site-packages/airflow/example_dags/example_short_circuit_operator.py took 0.045 seconds
