[2024-06-02T19:29:17.543+0000] {processor.py:161} INFO - Started process (PID=45) to work on /home/airflow/.local/lib/python3.12/site-packages/airflow/example_dags/example_task_group_decorator.py
[2024-06-02T19:29:17.544+0000] {processor.py:830} INFO - Processing file /home/airflow/.local/lib/python3.12/site-packages/airflow/example_dags/example_task_group_decorator.py for tasks to queue
[2024-06-02T19:29:17.545+0000] {logging_mixin.py:188} INFO - [2024-06-02T19:29:17.545+0000] {dagbag.py:545} INFO - Filling up the DagBag from /home/airflow/.local/lib/python3.12/site-packages/airflow/example_dags/example_task_group_decorator.py
[2024-06-02T19:29:17.555+0000] {processor.py:840} INFO - DAG(s) 'example_task_group_decorator' retrieved from /home/airflow/.local/lib/python3.12/site-packages/airflow/example_dags/example_task_group_decorator.py
[2024-06-02T19:29:17.624+0000] {logging_mixin.py:188} INFO - [2024-06-02T19:29:17.624+0000] {override.py:1829} INFO - Created Permission View: can edit on DAG:example_task_group_decorator
[2024-06-02T19:29:17.630+0000] {logging_mixin.py:188} INFO - [2024-06-02T19:29:17.630+0000] {override.py:1829} INFO - Created Permission View: can delete on DAG:example_task_group_decorator
[2024-06-02T19:29:17.635+0000] {logging_mixin.py:188} INFO - [2024-06-02T19:29:17.634+0000] {override.py:1829} INFO - Created Permission View: can read on DAG:example_task_group_decorator
[2024-06-02T19:29:17.635+0000] {logging_mixin.py:188} INFO - [2024-06-02T19:29:17.635+0000] {dag.py:3096} INFO - Sync 1 DAGs
[2024-06-02T19:29:17.642+0000] {logging_mixin.py:188} INFO - [2024-06-02T19:29:17.641+0000] {dag.py:3118} INFO - Creating ORM DAG for example_task_group_decorator
[2024-06-02T19:29:17.648+0000] {logging_mixin.py:188} INFO - [2024-06-02T19:29:17.648+0000] {dag.py:3954} INFO - Setting next_dagrun for example_task_group_decorator to 2024-06-01 00:00:00+00:00, run_after=2024-06-02 00:00:00+00:00
[2024-06-02T19:29:17.658+0000] {processor.py:183} INFO - Processing /home/airflow/.local/lib/python3.12/site-packages/airflow/example_dags/example_task_group_decorator.py took 0.118 seconds
[2024-06-02T19:29:48.089+0000] {processor.py:161} INFO - Started process (PID=103) to work on /home/airflow/.local/lib/python3.12/site-packages/airflow/example_dags/example_task_group_decorator.py
[2024-06-02T19:29:48.090+0000] {processor.py:830} INFO - Processing file /home/airflow/.local/lib/python3.12/site-packages/airflow/example_dags/example_task_group_decorator.py for tasks to queue
[2024-06-02T19:29:48.091+0000] {logging_mixin.py:188} INFO - [2024-06-02T19:29:48.091+0000] {dagbag.py:545} INFO - Filling up the DagBag from /home/airflow/.local/lib/python3.12/site-packages/airflow/example_dags/example_task_group_decorator.py
[2024-06-02T19:29:48.098+0000] {processor.py:840} INFO - DAG(s) 'example_task_group_decorator' retrieved from /home/airflow/.local/lib/python3.12/site-packages/airflow/example_dags/example_task_group_decorator.py
[2024-06-02T19:29:48.113+0000] {logging_mixin.py:188} INFO - [2024-06-02T19:29:48.113+0000] {dag.py:3096} INFO - Sync 1 DAGs
[2024-06-02T19:29:48.126+0000] {logging_mixin.py:188} INFO - [2024-06-02T19:29:48.125+0000] {dag.py:3954} INFO - Setting next_dagrun for example_task_group_decorator to 2024-06-01 00:00:00+00:00, run_after=2024-06-02 00:00:00+00:00
[2024-06-02T19:29:48.136+0000] {processor.py:183} INFO - Processing /home/airflow/.local/lib/python3.12/site-packages/airflow/example_dags/example_task_group_decorator.py took 0.050 seconds
[2024-06-02T19:30:18.815+0000] {processor.py:161} INFO - Started process (PID=161) to work on /home/airflow/.local/lib/python3.12/site-packages/airflow/example_dags/example_task_group_decorator.py
[2024-06-02T19:30:18.815+0000] {processor.py:830} INFO - Processing file /home/airflow/.local/lib/python3.12/site-packages/airflow/example_dags/example_task_group_decorator.py for tasks to queue
[2024-06-02T19:30:18.816+0000] {logging_mixin.py:188} INFO - [2024-06-02T19:30:18.816+0000] {dagbag.py:545} INFO - Filling up the DagBag from /home/airflow/.local/lib/python3.12/site-packages/airflow/example_dags/example_task_group_decorator.py
[2024-06-02T19:30:18.825+0000] {processor.py:840} INFO - DAG(s) 'example_task_group_decorator' retrieved from /home/airflow/.local/lib/python3.12/site-packages/airflow/example_dags/example_task_group_decorator.py
[2024-06-02T19:30:18.839+0000] {logging_mixin.py:188} INFO - [2024-06-02T19:30:18.838+0000] {dag.py:3096} INFO - Sync 1 DAGs
[2024-06-02T19:30:18.850+0000] {logging_mixin.py:188} INFO - [2024-06-02T19:30:18.850+0000] {dag.py:3954} INFO - Setting next_dagrun for example_task_group_decorator to 2024-06-01 00:00:00+00:00, run_after=2024-06-02 00:00:00+00:00
[2024-06-02T19:30:18.860+0000] {processor.py:183} INFO - Processing /home/airflow/.local/lib/python3.12/site-packages/airflow/example_dags/example_task_group_decorator.py took 0.048 seconds
[2024-06-02T19:30:49.399+0000] {processor.py:161} INFO - Started process (PID=219) to work on /home/airflow/.local/lib/python3.12/site-packages/airflow/example_dags/example_task_group_decorator.py
[2024-06-02T19:30:49.399+0000] {processor.py:830} INFO - Processing file /home/airflow/.local/lib/python3.12/site-packages/airflow/example_dags/example_task_group_decorator.py for tasks to queue
[2024-06-02T19:30:49.402+0000] {logging_mixin.py:188} INFO - [2024-06-02T19:30:49.401+0000] {dagbag.py:545} INFO - Filling up the DagBag from /home/airflow/.local/lib/python3.12/site-packages/airflow/example_dags/example_task_group_decorator.py
[2024-06-02T19:30:49.410+0000] {processor.py:840} INFO - DAG(s) 'example_task_group_decorator' retrieved from /home/airflow/.local/lib/python3.12/site-packages/airflow/example_dags/example_task_group_decorator.py
[2024-06-02T19:30:49.425+0000] {logging_mixin.py:188} INFO - [2024-06-02T19:30:49.425+0000] {dag.py:3096} INFO - Sync 1 DAGs
[2024-06-02T19:30:49.438+0000] {logging_mixin.py:188} INFO - [2024-06-02T19:30:49.438+0000] {dag.py:3954} INFO - Setting next_dagrun for example_task_group_decorator to 2024-06-01 00:00:00+00:00, run_after=2024-06-02 00:00:00+00:00
[2024-06-02T19:30:49.448+0000] {processor.py:183} INFO - Processing /home/airflow/.local/lib/python3.12/site-packages/airflow/example_dags/example_task_group_decorator.py took 0.052 seconds
[2024-06-02T19:31:19.900+0000] {processor.py:161} INFO - Started process (PID=45) to work on /home/airflow/.local/lib/python3.12/site-packages/airflow/example_dags/example_task_group_decorator.py
[2024-06-02T19:31:19.901+0000] {processor.py:830} INFO - Processing file /home/airflow/.local/lib/python3.12/site-packages/airflow/example_dags/example_task_group_decorator.py for tasks to queue
[2024-06-02T19:31:19.903+0000] {logging_mixin.py:188} INFO - [2024-06-02T19:31:19.902+0000] {dagbag.py:545} INFO - Filling up the DagBag from /home/airflow/.local/lib/python3.12/site-packages/airflow/example_dags/example_task_group_decorator.py
[2024-06-02T19:31:19.911+0000] {processor.py:840} INFO - DAG(s) 'example_task_group_decorator' retrieved from /home/airflow/.local/lib/python3.12/site-packages/airflow/example_dags/example_task_group_decorator.py
[2024-06-02T19:31:19.918+0000] {logging_mixin.py:188} INFO - [2024-06-02T19:31:19.918+0000] {dag.py:3096} INFO - Sync 1 DAGs
[2024-06-02T19:31:19.932+0000] {logging_mixin.py:188} INFO - [2024-06-02T19:31:19.932+0000] {dag.py:3954} INFO - Setting next_dagrun for example_task_group_decorator to 2024-06-01 00:00:00+00:00, run_after=2024-06-02 00:00:00+00:00
[2024-06-02T19:31:19.944+0000] {processor.py:183} INFO - Processing /home/airflow/.local/lib/python3.12/site-packages/airflow/example_dags/example_task_group_decorator.py took 0.046 seconds
[2024-06-02T19:31:51.019+0000] {processor.py:161} INFO - Started process (PID=103) to work on /home/airflow/.local/lib/python3.12/site-packages/airflow/example_dags/example_task_group_decorator.py
[2024-06-02T19:31:51.020+0000] {processor.py:830} INFO - Processing file /home/airflow/.local/lib/python3.12/site-packages/airflow/example_dags/example_task_group_decorator.py for tasks to queue
[2024-06-02T19:31:51.021+0000] {logging_mixin.py:188} INFO - [2024-06-02T19:31:51.021+0000] {dagbag.py:545} INFO - Filling up the DagBag from /home/airflow/.local/lib/python3.12/site-packages/airflow/example_dags/example_task_group_decorator.py
[2024-06-02T19:31:51.029+0000] {processor.py:840} INFO - DAG(s) 'example_task_group_decorator' retrieved from /home/airflow/.local/lib/python3.12/site-packages/airflow/example_dags/example_task_group_decorator.py
[2024-06-02T19:31:51.087+0000] {logging_mixin.py:188} INFO - [2024-06-02T19:31:51.087+0000] {dag.py:3096} INFO - Sync 1 DAGs
[2024-06-02T19:31:51.098+0000] {logging_mixin.py:188} INFO - [2024-06-02T19:31:51.098+0000] {dag.py:3954} INFO - Setting next_dagrun for example_task_group_decorator to 2024-06-01 00:00:00+00:00, run_after=2024-06-02 00:00:00+00:00
[2024-06-02T19:31:51.109+0000] {processor.py:183} INFO - Processing /home/airflow/.local/lib/python3.12/site-packages/airflow/example_dags/example_task_group_decorator.py took 0.093 seconds
[2024-06-02T19:32:21.342+0000] {processor.py:161} INFO - Started process (PID=161) to work on /home/airflow/.local/lib/python3.12/site-packages/airflow/example_dags/example_task_group_decorator.py
[2024-06-02T19:32:21.343+0000] {processor.py:830} INFO - Processing file /home/airflow/.local/lib/python3.12/site-packages/airflow/example_dags/example_task_group_decorator.py for tasks to queue
[2024-06-02T19:32:21.344+0000] {logging_mixin.py:188} INFO - [2024-06-02T19:32:21.344+0000] {dagbag.py:545} INFO - Filling up the DagBag from /home/airflow/.local/lib/python3.12/site-packages/airflow/example_dags/example_task_group_decorator.py
[2024-06-02T19:32:21.352+0000] {processor.py:840} INFO - DAG(s) 'example_task_group_decorator' retrieved from /home/airflow/.local/lib/python3.12/site-packages/airflow/example_dags/example_task_group_decorator.py
[2024-06-02T19:32:21.367+0000] {logging_mixin.py:188} INFO - [2024-06-02T19:32:21.367+0000] {dag.py:3096} INFO - Sync 1 DAGs
[2024-06-02T19:32:21.380+0000] {logging_mixin.py:188} INFO - [2024-06-02T19:32:21.380+0000] {dag.py:3954} INFO - Setting next_dagrun for example_task_group_decorator to 2024-06-01 00:00:00+00:00, run_after=2024-06-02 00:00:00+00:00
[2024-06-02T19:32:21.390+0000] {processor.py:183} INFO - Processing /home/airflow/.local/lib/python3.12/site-packages/airflow/example_dags/example_task_group_decorator.py took 0.051 seconds
[2024-06-02T19:32:52.042+0000] {processor.py:161} INFO - Started process (PID=219) to work on /home/airflow/.local/lib/python3.12/site-packages/airflow/example_dags/example_task_group_decorator.py
[2024-06-02T19:32:52.043+0000] {processor.py:830} INFO - Processing file /home/airflow/.local/lib/python3.12/site-packages/airflow/example_dags/example_task_group_decorator.py for tasks to queue
[2024-06-02T19:32:52.044+0000] {logging_mixin.py:188} INFO - [2024-06-02T19:32:52.043+0000] {dagbag.py:545} INFO - Filling up the DagBag from /home/airflow/.local/lib/python3.12/site-packages/airflow/example_dags/example_task_group_decorator.py
[2024-06-02T19:32:52.051+0000] {processor.py:840} INFO - DAG(s) 'example_task_group_decorator' retrieved from /home/airflow/.local/lib/python3.12/site-packages/airflow/example_dags/example_task_group_decorator.py
[2024-06-02T19:32:52.066+0000] {logging_mixin.py:188} INFO - [2024-06-02T19:32:52.065+0000] {dag.py:3096} INFO - Sync 1 DAGs
[2024-06-02T19:32:52.078+0000] {logging_mixin.py:188} INFO - [2024-06-02T19:32:52.078+0000] {dag.py:3954} INFO - Setting next_dagrun for example_task_group_decorator to 2024-06-01 00:00:00+00:00, run_after=2024-06-02 00:00:00+00:00
[2024-06-02T19:32:52.088+0000] {processor.py:183} INFO - Processing /home/airflow/.local/lib/python3.12/site-packages/airflow/example_dags/example_task_group_decorator.py took 0.049 seconds
[2024-06-02T19:33:22.760+0000] {processor.py:161} INFO - Started process (PID=277) to work on /home/airflow/.local/lib/python3.12/site-packages/airflow/example_dags/example_task_group_decorator.py
[2024-06-02T19:33:22.761+0000] {processor.py:830} INFO - Processing file /home/airflow/.local/lib/python3.12/site-packages/airflow/example_dags/example_task_group_decorator.py for tasks to queue
[2024-06-02T19:33:22.762+0000] {logging_mixin.py:188} INFO - [2024-06-02T19:33:22.762+0000] {dagbag.py:545} INFO - Filling up the DagBag from /home/airflow/.local/lib/python3.12/site-packages/airflow/example_dags/example_task_group_decorator.py
[2024-06-02T19:33:22.770+0000] {processor.py:840} INFO - DAG(s) 'example_task_group_decorator' retrieved from /home/airflow/.local/lib/python3.12/site-packages/airflow/example_dags/example_task_group_decorator.py
[2024-06-02T19:33:22.784+0000] {logging_mixin.py:188} INFO - [2024-06-02T19:33:22.784+0000] {dag.py:3096} INFO - Sync 1 DAGs
[2024-06-02T19:33:22.797+0000] {logging_mixin.py:188} INFO - [2024-06-02T19:33:22.797+0000] {dag.py:3954} INFO - Setting next_dagrun for example_task_group_decorator to 2024-06-01 00:00:00+00:00, run_after=2024-06-02 00:00:00+00:00
[2024-06-02T19:33:22.808+0000] {processor.py:183} INFO - Processing /home/airflow/.local/lib/python3.12/site-packages/airflow/example_dags/example_task_group_decorator.py took 0.051 seconds
[2024-06-02T19:33:53.394+0000] {processor.py:161} INFO - Started process (PID=334) to work on /home/airflow/.local/lib/python3.12/site-packages/airflow/example_dags/example_task_group_decorator.py
[2024-06-02T19:33:53.394+0000] {processor.py:830} INFO - Processing file /home/airflow/.local/lib/python3.12/site-packages/airflow/example_dags/example_task_group_decorator.py for tasks to queue
[2024-06-02T19:33:53.395+0000] {logging_mixin.py:188} INFO - [2024-06-02T19:33:53.395+0000] {dagbag.py:545} INFO - Filling up the DagBag from /home/airflow/.local/lib/python3.12/site-packages/airflow/example_dags/example_task_group_decorator.py
[2024-06-02T19:33:53.403+0000] {processor.py:840} INFO - DAG(s) 'example_task_group_decorator' retrieved from /home/airflow/.local/lib/python3.12/site-packages/airflow/example_dags/example_task_group_decorator.py
[2024-06-02T19:33:53.418+0000] {logging_mixin.py:188} INFO - [2024-06-02T19:33:53.418+0000] {dag.py:3096} INFO - Sync 1 DAGs
[2024-06-02T19:33:53.430+0000] {logging_mixin.py:188} INFO - [2024-06-02T19:33:53.429+0000] {dag.py:3954} INFO - Setting next_dagrun for example_task_group_decorator to 2024-06-01 00:00:00+00:00, run_after=2024-06-02 00:00:00+00:00
[2024-06-02T19:33:53.440+0000] {processor.py:183} INFO - Processing /home/airflow/.local/lib/python3.12/site-packages/airflow/example_dags/example_task_group_decorator.py took 0.049 seconds
[2024-06-02T19:34:24.148+0000] {processor.py:161} INFO - Started process (PID=392) to work on /home/airflow/.local/lib/python3.12/site-packages/airflow/example_dags/example_task_group_decorator.py
[2024-06-02T19:34:24.149+0000] {processor.py:830} INFO - Processing file /home/airflow/.local/lib/python3.12/site-packages/airflow/example_dags/example_task_group_decorator.py for tasks to queue
[2024-06-02T19:34:24.150+0000] {logging_mixin.py:188} INFO - [2024-06-02T19:34:24.150+0000] {dagbag.py:545} INFO - Filling up the DagBag from /home/airflow/.local/lib/python3.12/site-packages/airflow/example_dags/example_task_group_decorator.py
[2024-06-02T19:34:24.157+0000] {processor.py:840} INFO - DAG(s) 'example_task_group_decorator' retrieved from /home/airflow/.local/lib/python3.12/site-packages/airflow/example_dags/example_task_group_decorator.py
[2024-06-02T19:34:24.173+0000] {logging_mixin.py:188} INFO - [2024-06-02T19:34:24.173+0000] {dag.py:3096} INFO - Sync 1 DAGs
[2024-06-02T19:34:24.185+0000] {logging_mixin.py:188} INFO - [2024-06-02T19:34:24.185+0000] {dag.py:3954} INFO - Setting next_dagrun for example_task_group_decorator to 2024-06-01 00:00:00+00:00, run_after=2024-06-02 00:00:00+00:00
[2024-06-02T19:34:24.195+0000] {processor.py:183} INFO - Processing /home/airflow/.local/lib/python3.12/site-packages/airflow/example_dags/example_task_group_decorator.py took 0.050 seconds
[2024-06-02T19:34:54.951+0000] {processor.py:161} INFO - Started process (PID=450) to work on /home/airflow/.local/lib/python3.12/site-packages/airflow/example_dags/example_task_group_decorator.py
[2024-06-02T19:34:54.952+0000] {processor.py:830} INFO - Processing file /home/airflow/.local/lib/python3.12/site-packages/airflow/example_dags/example_task_group_decorator.py for tasks to queue
[2024-06-02T19:34:54.953+0000] {logging_mixin.py:188} INFO - [2024-06-02T19:34:54.953+0000] {dagbag.py:545} INFO - Filling up the DagBag from /home/airflow/.local/lib/python3.12/site-packages/airflow/example_dags/example_task_group_decorator.py
[2024-06-02T19:34:54.961+0000] {processor.py:840} INFO - DAG(s) 'example_task_group_decorator' retrieved from /home/airflow/.local/lib/python3.12/site-packages/airflow/example_dags/example_task_group_decorator.py
[2024-06-02T19:34:54.975+0000] {logging_mixin.py:188} INFO - [2024-06-02T19:34:54.975+0000] {dag.py:3096} INFO - Sync 1 DAGs
[2024-06-02T19:34:54.987+0000] {logging_mixin.py:188} INFO - [2024-06-02T19:34:54.987+0000] {dag.py:3954} INFO - Setting next_dagrun for example_task_group_decorator to 2024-06-01 00:00:00+00:00, run_after=2024-06-02 00:00:00+00:00
[2024-06-02T19:34:54.997+0000] {processor.py:183} INFO - Processing /home/airflow/.local/lib/python3.12/site-packages/airflow/example_dags/example_task_group_decorator.py took 0.049 seconds
[2024-06-02T19:35:25.602+0000] {processor.py:161} INFO - Started process (PID=508) to work on /home/airflow/.local/lib/python3.12/site-packages/airflow/example_dags/example_task_group_decorator.py
[2024-06-02T19:35:25.603+0000] {processor.py:830} INFO - Processing file /home/airflow/.local/lib/python3.12/site-packages/airflow/example_dags/example_task_group_decorator.py for tasks to queue
[2024-06-02T19:35:25.604+0000] {logging_mixin.py:188} INFO - [2024-06-02T19:35:25.604+0000] {dagbag.py:545} INFO - Filling up the DagBag from /home/airflow/.local/lib/python3.12/site-packages/airflow/example_dags/example_task_group_decorator.py
[2024-06-02T19:35:25.612+0000] {processor.py:840} INFO - DAG(s) 'example_task_group_decorator' retrieved from /home/airflow/.local/lib/python3.12/site-packages/airflow/example_dags/example_task_group_decorator.py
[2024-06-02T19:35:25.627+0000] {logging_mixin.py:188} INFO - [2024-06-02T19:35:25.627+0000] {dag.py:3096} INFO - Sync 1 DAGs
[2024-06-02T19:35:25.640+0000] {logging_mixin.py:188} INFO - [2024-06-02T19:35:25.639+0000] {dag.py:3954} INFO - Setting next_dagrun for example_task_group_decorator to 2024-06-01 00:00:00+00:00, run_after=2024-06-02 00:00:00+00:00
[2024-06-02T19:35:25.650+0000] {processor.py:183} INFO - Processing /home/airflow/.local/lib/python3.12/site-packages/airflow/example_dags/example_task_group_decorator.py took 0.050 seconds
[2024-06-02T19:36:19.475+0000] {processor.py:161} INFO - Started process (PID=63) to work on /home/airflow/.local/lib/python3.12/site-packages/airflow/example_dags/example_task_group_decorator.py
[2024-06-02T19:36:19.475+0000] {processor.py:830} INFO - Processing file /home/airflow/.local/lib/python3.12/site-packages/airflow/example_dags/example_task_group_decorator.py for tasks to queue
[2024-06-02T19:36:19.477+0000] {logging_mixin.py:188} INFO - [2024-06-02T19:36:19.477+0000] {dagbag.py:545} INFO - Filling up the DagBag from /home/airflow/.local/lib/python3.12/site-packages/airflow/example_dags/example_task_group_decorator.py
[2024-06-02T19:36:19.488+0000] {processor.py:840} INFO - DAG(s) 'example_task_group_decorator' retrieved from /home/airflow/.local/lib/python3.12/site-packages/airflow/example_dags/example_task_group_decorator.py
[2024-06-02T19:36:19.495+0000] {logging_mixin.py:188} INFO - [2024-06-02T19:36:19.495+0000] {dag.py:3096} INFO - Sync 1 DAGs
[2024-06-02T19:36:19.508+0000] {logging_mixin.py:188} INFO - [2024-06-02T19:36:19.508+0000] {dag.py:3954} INFO - Setting next_dagrun for example_task_group_decorator to 2024-06-01 00:00:00+00:00, run_after=2024-06-02 00:00:00+00:00
[2024-06-02T19:36:19.518+0000] {processor.py:183} INFO - Processing /home/airflow/.local/lib/python3.12/site-packages/airflow/example_dags/example_task_group_decorator.py took 0.046 seconds
[2024-06-02T19:36:50.297+0000] {processor.py:161} INFO - Started process (PID=121) to work on /home/airflow/.local/lib/python3.12/site-packages/airflow/example_dags/example_task_group_decorator.py
[2024-06-02T19:36:50.298+0000] {processor.py:830} INFO - Processing file /home/airflow/.local/lib/python3.12/site-packages/airflow/example_dags/example_task_group_decorator.py for tasks to queue
[2024-06-02T19:36:50.299+0000] {logging_mixin.py:188} INFO - [2024-06-02T19:36:50.298+0000] {dagbag.py:545} INFO - Filling up the DagBag from /home/airflow/.local/lib/python3.12/site-packages/airflow/example_dags/example_task_group_decorator.py
[2024-06-02T19:36:50.306+0000] {processor.py:840} INFO - DAG(s) 'example_task_group_decorator' retrieved from /home/airflow/.local/lib/python3.12/site-packages/airflow/example_dags/example_task_group_decorator.py
[2024-06-02T19:36:50.366+0000] {logging_mixin.py:188} INFO - [2024-06-02T19:36:50.366+0000] {dag.py:3096} INFO - Sync 1 DAGs
[2024-06-02T19:36:50.376+0000] {logging_mixin.py:188} INFO - [2024-06-02T19:36:50.376+0000] {dag.py:3954} INFO - Setting next_dagrun for example_task_group_decorator to 2024-06-01 00:00:00+00:00, run_after=2024-06-02 00:00:00+00:00
[2024-06-02T19:36:50.387+0000] {processor.py:183} INFO - Processing /home/airflow/.local/lib/python3.12/site-packages/airflow/example_dags/example_task_group_decorator.py took 0.094 seconds
[2024-06-02T19:37:20.719+0000] {processor.py:161} INFO - Started process (PID=179) to work on /home/airflow/.local/lib/python3.12/site-packages/airflow/example_dags/example_task_group_decorator.py
[2024-06-02T19:37:20.719+0000] {processor.py:830} INFO - Processing file /home/airflow/.local/lib/python3.12/site-packages/airflow/example_dags/example_task_group_decorator.py for tasks to queue
[2024-06-02T19:37:20.721+0000] {logging_mixin.py:188} INFO - [2024-06-02T19:37:20.720+0000] {dagbag.py:545} INFO - Filling up the DagBag from /home/airflow/.local/lib/python3.12/site-packages/airflow/example_dags/example_task_group_decorator.py
[2024-06-02T19:37:20.729+0000] {processor.py:840} INFO - DAG(s) 'example_task_group_decorator' retrieved from /home/airflow/.local/lib/python3.12/site-packages/airflow/example_dags/example_task_group_decorator.py
[2024-06-02T19:37:20.744+0000] {logging_mixin.py:188} INFO - [2024-06-02T19:37:20.744+0000] {dag.py:3096} INFO - Sync 1 DAGs
[2024-06-02T19:37:20.756+0000] {logging_mixin.py:188} INFO - [2024-06-02T19:37:20.756+0000] {dag.py:3954} INFO - Setting next_dagrun for example_task_group_decorator to 2024-06-01 00:00:00+00:00, run_after=2024-06-02 00:00:00+00:00
[2024-06-02T19:37:20.766+0000] {processor.py:183} INFO - Processing /home/airflow/.local/lib/python3.12/site-packages/airflow/example_dags/example_task_group_decorator.py took 0.051 seconds
[2024-06-02T19:37:51.373+0000] {processor.py:161} INFO - Started process (PID=237) to work on /home/airflow/.local/lib/python3.12/site-packages/airflow/example_dags/example_task_group_decorator.py
[2024-06-02T19:37:51.375+0000] {processor.py:830} INFO - Processing file /home/airflow/.local/lib/python3.12/site-packages/airflow/example_dags/example_task_group_decorator.py for tasks to queue
[2024-06-02T19:37:51.376+0000] {logging_mixin.py:188} INFO - [2024-06-02T19:37:51.376+0000] {dagbag.py:545} INFO - Filling up the DagBag from /home/airflow/.local/lib/python3.12/site-packages/airflow/example_dags/example_task_group_decorator.py
[2024-06-02T19:37:51.384+0000] {processor.py:840} INFO - DAG(s) 'example_task_group_decorator' retrieved from /home/airflow/.local/lib/python3.12/site-packages/airflow/example_dags/example_task_group_decorator.py
[2024-06-02T19:37:51.399+0000] {logging_mixin.py:188} INFO - [2024-06-02T19:37:51.399+0000] {dag.py:3096} INFO - Sync 1 DAGs
[2024-06-02T19:37:51.411+0000] {logging_mixin.py:188} INFO - [2024-06-02T19:37:51.411+0000] {dag.py:3954} INFO - Setting next_dagrun for example_task_group_decorator to 2024-06-01 00:00:00+00:00, run_after=2024-06-02 00:00:00+00:00
[2024-06-02T19:37:51.420+0000] {processor.py:183} INFO - Processing /home/airflow/.local/lib/python3.12/site-packages/airflow/example_dags/example_task_group_decorator.py took 0.050 seconds
[2024-06-02T19:38:22.044+0000] {processor.py:161} INFO - Started process (PID=295) to work on /home/airflow/.local/lib/python3.12/site-packages/airflow/example_dags/example_task_group_decorator.py
[2024-06-02T19:38:22.045+0000] {processor.py:830} INFO - Processing file /home/airflow/.local/lib/python3.12/site-packages/airflow/example_dags/example_task_group_decorator.py for tasks to queue
[2024-06-02T19:38:22.046+0000] {logging_mixin.py:188} INFO - [2024-06-02T19:38:22.046+0000] {dagbag.py:545} INFO - Filling up the DagBag from /home/airflow/.local/lib/python3.12/site-packages/airflow/example_dags/example_task_group_decorator.py
[2024-06-02T19:38:22.054+0000] {processor.py:840} INFO - DAG(s) 'example_task_group_decorator' retrieved from /home/airflow/.local/lib/python3.12/site-packages/airflow/example_dags/example_task_group_decorator.py
[2024-06-02T19:38:22.069+0000] {logging_mixin.py:188} INFO - [2024-06-02T19:38:22.068+0000] {dag.py:3096} INFO - Sync 1 DAGs
[2024-06-02T19:38:22.080+0000] {logging_mixin.py:188} INFO - [2024-06-02T19:38:22.080+0000] {dag.py:3954} INFO - Setting next_dagrun for example_task_group_decorator to 2024-06-01 00:00:00+00:00, run_after=2024-06-02 00:00:00+00:00
[2024-06-02T19:38:22.090+0000] {processor.py:183} INFO - Processing /home/airflow/.local/lib/python3.12/site-packages/airflow/example_dags/example_task_group_decorator.py took 0.049 seconds
[2024-06-02T19:38:52.715+0000] {processor.py:161} INFO - Started process (PID=353) to work on /home/airflow/.local/lib/python3.12/site-packages/airflow/example_dags/example_task_group_decorator.py
[2024-06-02T19:38:52.715+0000] {processor.py:830} INFO - Processing file /home/airflow/.local/lib/python3.12/site-packages/airflow/example_dags/example_task_group_decorator.py for tasks to queue
[2024-06-02T19:38:52.716+0000] {logging_mixin.py:188} INFO - [2024-06-02T19:38:52.716+0000] {dagbag.py:545} INFO - Filling up the DagBag from /home/airflow/.local/lib/python3.12/site-packages/airflow/example_dags/example_task_group_decorator.py
[2024-06-02T19:38:52.725+0000] {processor.py:840} INFO - DAG(s) 'example_task_group_decorator' retrieved from /home/airflow/.local/lib/python3.12/site-packages/airflow/example_dags/example_task_group_decorator.py
[2024-06-02T19:38:52.739+0000] {logging_mixin.py:188} INFO - [2024-06-02T19:38:52.739+0000] {dag.py:3096} INFO - Sync 1 DAGs
[2024-06-02T19:38:52.753+0000] {logging_mixin.py:188} INFO - [2024-06-02T19:38:52.752+0000] {dag.py:3954} INFO - Setting next_dagrun for example_task_group_decorator to 2024-06-01 00:00:00+00:00, run_after=2024-06-02 00:00:00+00:00
[2024-06-02T19:38:52.763+0000] {processor.py:183} INFO - Processing /home/airflow/.local/lib/python3.12/site-packages/airflow/example_dags/example_task_group_decorator.py took 0.052 seconds
[2024-06-02T19:39:23.366+0000] {processor.py:161} INFO - Started process (PID=411) to work on /home/airflow/.local/lib/python3.12/site-packages/airflow/example_dags/example_task_group_decorator.py
[2024-06-02T19:39:23.367+0000] {processor.py:830} INFO - Processing file /home/airflow/.local/lib/python3.12/site-packages/airflow/example_dags/example_task_group_decorator.py for tasks to queue
[2024-06-02T19:39:23.368+0000] {logging_mixin.py:188} INFO - [2024-06-02T19:39:23.368+0000] {dagbag.py:545} INFO - Filling up the DagBag from /home/airflow/.local/lib/python3.12/site-packages/airflow/example_dags/example_task_group_decorator.py
[2024-06-02T19:39:23.376+0000] {processor.py:840} INFO - DAG(s) 'example_task_group_decorator' retrieved from /home/airflow/.local/lib/python3.12/site-packages/airflow/example_dags/example_task_group_decorator.py
[2024-06-02T19:39:23.390+0000] {logging_mixin.py:188} INFO - [2024-06-02T19:39:23.390+0000] {dag.py:3096} INFO - Sync 1 DAGs
[2024-06-02T19:39:23.403+0000] {logging_mixin.py:188} INFO - [2024-06-02T19:39:23.403+0000] {dag.py:3954} INFO - Setting next_dagrun for example_task_group_decorator to 2024-06-01 00:00:00+00:00, run_after=2024-06-02 00:00:00+00:00
[2024-06-02T19:39:23.414+0000] {processor.py:183} INFO - Processing /home/airflow/.local/lib/python3.12/site-packages/airflow/example_dags/example_task_group_decorator.py took 0.051 seconds
[2024-06-02T19:39:54.030+0000] {processor.py:161} INFO - Started process (PID=469) to work on /home/airflow/.local/lib/python3.12/site-packages/airflow/example_dags/example_task_group_decorator.py
[2024-06-02T19:39:54.031+0000] {processor.py:830} INFO - Processing file /home/airflow/.local/lib/python3.12/site-packages/airflow/example_dags/example_task_group_decorator.py for tasks to queue
[2024-06-02T19:39:54.032+0000] {logging_mixin.py:188} INFO - [2024-06-02T19:39:54.032+0000] {dagbag.py:545} INFO - Filling up the DagBag from /home/airflow/.local/lib/python3.12/site-packages/airflow/example_dags/example_task_group_decorator.py
[2024-06-02T19:39:54.041+0000] {processor.py:840} INFO - DAG(s) 'example_task_group_decorator' retrieved from /home/airflow/.local/lib/python3.12/site-packages/airflow/example_dags/example_task_group_decorator.py
[2024-06-02T19:39:54.055+0000] {logging_mixin.py:188} INFO - [2024-06-02T19:39:54.055+0000] {dag.py:3096} INFO - Sync 1 DAGs
[2024-06-02T19:39:54.067+0000] {logging_mixin.py:188} INFO - [2024-06-02T19:39:54.067+0000] {dag.py:3954} INFO - Setting next_dagrun for example_task_group_decorator to 2024-06-01 00:00:00+00:00, run_after=2024-06-02 00:00:00+00:00
[2024-06-02T19:39:54.077+0000] {processor.py:183} INFO - Processing /home/airflow/.local/lib/python3.12/site-packages/airflow/example_dags/example_task_group_decorator.py took 0.050 seconds
[2024-06-02T19:40:24.607+0000] {processor.py:161} INFO - Started process (PID=527) to work on /home/airflow/.local/lib/python3.12/site-packages/airflow/example_dags/example_task_group_decorator.py
[2024-06-02T19:40:24.608+0000] {processor.py:830} INFO - Processing file /home/airflow/.local/lib/python3.12/site-packages/airflow/example_dags/example_task_group_decorator.py for tasks to queue
[2024-06-02T19:40:24.609+0000] {logging_mixin.py:188} INFO - [2024-06-02T19:40:24.609+0000] {dagbag.py:545} INFO - Filling up the DagBag from /home/airflow/.local/lib/python3.12/site-packages/airflow/example_dags/example_task_group_decorator.py
[2024-06-02T19:40:24.618+0000] {processor.py:840} INFO - DAG(s) 'example_task_group_decorator' retrieved from /home/airflow/.local/lib/python3.12/site-packages/airflow/example_dags/example_task_group_decorator.py
[2024-06-02T19:40:24.632+0000] {logging_mixin.py:188} INFO - [2024-06-02T19:40:24.632+0000] {dag.py:3096} INFO - Sync 1 DAGs
[2024-06-02T19:40:24.644+0000] {logging_mixin.py:188} INFO - [2024-06-02T19:40:24.644+0000] {dag.py:3954} INFO - Setting next_dagrun for example_task_group_decorator to 2024-06-01 00:00:00+00:00, run_after=2024-06-02 00:00:00+00:00
[2024-06-02T19:40:24.654+0000] {processor.py:183} INFO - Processing /home/airflow/.local/lib/python3.12/site-packages/airflow/example_dags/example_task_group_decorator.py took 0.050 seconds
[2024-06-02T19:40:55.248+0000] {processor.py:161} INFO - Started process (PID=585) to work on /home/airflow/.local/lib/python3.12/site-packages/airflow/example_dags/example_task_group_decorator.py
[2024-06-02T19:40:55.249+0000] {processor.py:830} INFO - Processing file /home/airflow/.local/lib/python3.12/site-packages/airflow/example_dags/example_task_group_decorator.py for tasks to queue
[2024-06-02T19:40:55.250+0000] {logging_mixin.py:188} INFO - [2024-06-02T19:40:55.250+0000] {dagbag.py:545} INFO - Filling up the DagBag from /home/airflow/.local/lib/python3.12/site-packages/airflow/example_dags/example_task_group_decorator.py
[2024-06-02T19:40:55.259+0000] {processor.py:840} INFO - DAG(s) 'example_task_group_decorator' retrieved from /home/airflow/.local/lib/python3.12/site-packages/airflow/example_dags/example_task_group_decorator.py
[2024-06-02T19:40:55.273+0000] {logging_mixin.py:188} INFO - [2024-06-02T19:40:55.273+0000] {dag.py:3096} INFO - Sync 1 DAGs
[2024-06-02T19:40:55.285+0000] {logging_mixin.py:188} INFO - [2024-06-02T19:40:55.285+0000] {dag.py:3954} INFO - Setting next_dagrun for example_task_group_decorator to 2024-06-01 00:00:00+00:00, run_after=2024-06-02 00:00:00+00:00
[2024-06-02T19:40:55.295+0000] {processor.py:183} INFO - Processing /home/airflow/.local/lib/python3.12/site-packages/airflow/example_dags/example_task_group_decorator.py took 0.050 seconds
[2024-06-02T19:41:41.103+0000] {processor.py:161} INFO - Started process (PID=63) to work on /home/airflow/.local/lib/python3.12/site-packages/airflow/example_dags/example_task_group_decorator.py
[2024-06-02T19:41:41.104+0000] {processor.py:830} INFO - Processing file /home/airflow/.local/lib/python3.12/site-packages/airflow/example_dags/example_task_group_decorator.py for tasks to queue
[2024-06-02T19:41:41.105+0000] {logging_mixin.py:188} INFO - [2024-06-02T19:41:41.105+0000] {dagbag.py:545} INFO - Filling up the DagBag from /home/airflow/.local/lib/python3.12/site-packages/airflow/example_dags/example_task_group_decorator.py
[2024-06-02T19:41:41.115+0000] {processor.py:840} INFO - DAG(s) 'example_task_group_decorator' retrieved from /home/airflow/.local/lib/python3.12/site-packages/airflow/example_dags/example_task_group_decorator.py
[2024-06-02T19:41:41.122+0000] {logging_mixin.py:188} INFO - [2024-06-02T19:41:41.122+0000] {dag.py:3096} INFO - Sync 1 DAGs
[2024-06-02T19:41:41.137+0000] {logging_mixin.py:188} INFO - [2024-06-02T19:41:41.137+0000] {dag.py:3954} INFO - Setting next_dagrun for example_task_group_decorator to 2024-06-01 00:00:00+00:00, run_after=2024-06-02 00:00:00+00:00
[2024-06-02T19:41:41.148+0000] {processor.py:183} INFO - Processing /home/airflow/.local/lib/python3.12/site-packages/airflow/example_dags/example_task_group_decorator.py took 0.048 seconds
[2024-06-02T19:42:12.038+0000] {processor.py:161} INFO - Started process (PID=121) to work on /home/airflow/.local/lib/python3.12/site-packages/airflow/example_dags/example_task_group_decorator.py
[2024-06-02T19:42:12.038+0000] {processor.py:830} INFO - Processing file /home/airflow/.local/lib/python3.12/site-packages/airflow/example_dags/example_task_group_decorator.py for tasks to queue
[2024-06-02T19:42:12.040+0000] {logging_mixin.py:188} INFO - [2024-06-02T19:42:12.040+0000] {dagbag.py:545} INFO - Filling up the DagBag from /home/airflow/.local/lib/python3.12/site-packages/airflow/example_dags/example_task_group_decorator.py
[2024-06-02T19:42:12.048+0000] {processor.py:840} INFO - DAG(s) 'example_task_group_decorator' retrieved from /home/airflow/.local/lib/python3.12/site-packages/airflow/example_dags/example_task_group_decorator.py
[2024-06-02T19:42:12.108+0000] {logging_mixin.py:188} INFO - [2024-06-02T19:42:12.108+0000] {dag.py:3096} INFO - Sync 1 DAGs
[2024-06-02T19:42:12.120+0000] {logging_mixin.py:188} INFO - [2024-06-02T19:42:12.120+0000] {dag.py:3954} INFO - Setting next_dagrun for example_task_group_decorator to 2024-06-01 00:00:00+00:00, run_after=2024-06-02 00:00:00+00:00
[2024-06-02T19:42:12.131+0000] {processor.py:183} INFO - Processing /home/airflow/.local/lib/python3.12/site-packages/airflow/example_dags/example_task_group_decorator.py took 0.096 seconds
[2024-06-02T19:42:42.396+0000] {processor.py:161} INFO - Started process (PID=179) to work on /home/airflow/.local/lib/python3.12/site-packages/airflow/example_dags/example_task_group_decorator.py
[2024-06-02T19:42:42.397+0000] {processor.py:830} INFO - Processing file /home/airflow/.local/lib/python3.12/site-packages/airflow/example_dags/example_task_group_decorator.py for tasks to queue
[2024-06-02T19:42:42.398+0000] {logging_mixin.py:188} INFO - [2024-06-02T19:42:42.398+0000] {dagbag.py:545} INFO - Filling up the DagBag from /home/airflow/.local/lib/python3.12/site-packages/airflow/example_dags/example_task_group_decorator.py
[2024-06-02T19:42:42.406+0000] {processor.py:840} INFO - DAG(s) 'example_task_group_decorator' retrieved from /home/airflow/.local/lib/python3.12/site-packages/airflow/example_dags/example_task_group_decorator.py
[2024-06-02T19:42:42.421+0000] {logging_mixin.py:188} INFO - [2024-06-02T19:42:42.421+0000] {dag.py:3096} INFO - Sync 1 DAGs
[2024-06-02T19:42:42.434+0000] {logging_mixin.py:188} INFO - [2024-06-02T19:42:42.433+0000] {dag.py:3954} INFO - Setting next_dagrun for example_task_group_decorator to 2024-06-01 00:00:00+00:00, run_after=2024-06-02 00:00:00+00:00
[2024-06-02T19:42:42.444+0000] {processor.py:183} INFO - Processing /home/airflow/.local/lib/python3.12/site-packages/airflow/example_dags/example_task_group_decorator.py took 0.051 seconds
[2024-06-02T19:43:13.113+0000] {processor.py:161} INFO - Started process (PID=237) to work on /home/airflow/.local/lib/python3.12/site-packages/airflow/example_dags/example_task_group_decorator.py
[2024-06-02T19:43:13.113+0000] {processor.py:830} INFO - Processing file /home/airflow/.local/lib/python3.12/site-packages/airflow/example_dags/example_task_group_decorator.py for tasks to queue
[2024-06-02T19:43:13.114+0000] {logging_mixin.py:188} INFO - [2024-06-02T19:43:13.114+0000] {dagbag.py:545} INFO - Filling up the DagBag from /home/airflow/.local/lib/python3.12/site-packages/airflow/example_dags/example_task_group_decorator.py
[2024-06-02T19:43:13.122+0000] {processor.py:840} INFO - DAG(s) 'example_task_group_decorator' retrieved from /home/airflow/.local/lib/python3.12/site-packages/airflow/example_dags/example_task_group_decorator.py
[2024-06-02T19:43:13.137+0000] {logging_mixin.py:188} INFO - [2024-06-02T19:43:13.137+0000] {dag.py:3096} INFO - Sync 1 DAGs
[2024-06-02T19:43:13.148+0000] {logging_mixin.py:188} INFO - [2024-06-02T19:43:13.148+0000] {dag.py:3954} INFO - Setting next_dagrun for example_task_group_decorator to 2024-06-01 00:00:00+00:00, run_after=2024-06-02 00:00:00+00:00
[2024-06-02T19:43:13.158+0000] {processor.py:183} INFO - Processing /home/airflow/.local/lib/python3.12/site-packages/airflow/example_dags/example_task_group_decorator.py took 0.048 seconds
[2024-06-02T19:43:43.805+0000] {processor.py:161} INFO - Started process (PID=295) to work on /home/airflow/.local/lib/python3.12/site-packages/airflow/example_dags/example_task_group_decorator.py
[2024-06-02T19:43:43.805+0000] {processor.py:830} INFO - Processing file /home/airflow/.local/lib/python3.12/site-packages/airflow/example_dags/example_task_group_decorator.py for tasks to queue
[2024-06-02T19:43:43.806+0000] {logging_mixin.py:188} INFO - [2024-06-02T19:43:43.806+0000] {dagbag.py:545} INFO - Filling up the DagBag from /home/airflow/.local/lib/python3.12/site-packages/airflow/example_dags/example_task_group_decorator.py
[2024-06-02T19:43:43.814+0000] {processor.py:840} INFO - DAG(s) 'example_task_group_decorator' retrieved from /home/airflow/.local/lib/python3.12/site-packages/airflow/example_dags/example_task_group_decorator.py
[2024-06-02T19:43:43.828+0000] {logging_mixin.py:188} INFO - [2024-06-02T19:43:43.828+0000] {dag.py:3096} INFO - Sync 1 DAGs
[2024-06-02T19:43:43.841+0000] {logging_mixin.py:188} INFO - [2024-06-02T19:43:43.840+0000] {dag.py:3954} INFO - Setting next_dagrun for example_task_group_decorator to 2024-06-01 00:00:00+00:00, run_after=2024-06-02 00:00:00+00:00
[2024-06-02T19:43:43.850+0000] {processor.py:183} INFO - Processing /home/airflow/.local/lib/python3.12/site-packages/airflow/example_dags/example_task_group_decorator.py took 0.049 seconds
[2024-06-02T19:44:14.474+0000] {processor.py:161} INFO - Started process (PID=353) to work on /home/airflow/.local/lib/python3.12/site-packages/airflow/example_dags/example_task_group_decorator.py
[2024-06-02T19:44:14.474+0000] {processor.py:830} INFO - Processing file /home/airflow/.local/lib/python3.12/site-packages/airflow/example_dags/example_task_group_decorator.py for tasks to queue
[2024-06-02T19:44:14.475+0000] {logging_mixin.py:188} INFO - [2024-06-02T19:44:14.475+0000] {dagbag.py:545} INFO - Filling up the DagBag from /home/airflow/.local/lib/python3.12/site-packages/airflow/example_dags/example_task_group_decorator.py
[2024-06-02T19:44:14.483+0000] {processor.py:840} INFO - DAG(s) 'example_task_group_decorator' retrieved from /home/airflow/.local/lib/python3.12/site-packages/airflow/example_dags/example_task_group_decorator.py
[2024-06-02T19:44:14.498+0000] {logging_mixin.py:188} INFO - [2024-06-02T19:44:14.498+0000] {dag.py:3096} INFO - Sync 1 DAGs
[2024-06-02T19:44:14.512+0000] {logging_mixin.py:188} INFO - [2024-06-02T19:44:14.512+0000] {dag.py:3954} INFO - Setting next_dagrun for example_task_group_decorator to 2024-06-01 00:00:00+00:00, run_after=2024-06-02 00:00:00+00:00
[2024-06-02T19:44:14.523+0000] {processor.py:183} INFO - Processing /home/airflow/.local/lib/python3.12/site-packages/airflow/example_dags/example_task_group_decorator.py took 0.052 seconds
[2024-06-02T19:44:45.099+0000] {processor.py:161} INFO - Started process (PID=411) to work on /home/airflow/.local/lib/python3.12/site-packages/airflow/example_dags/example_task_group_decorator.py
[2024-06-02T19:44:45.100+0000] {processor.py:830} INFO - Processing file /home/airflow/.local/lib/python3.12/site-packages/airflow/example_dags/example_task_group_decorator.py for tasks to queue
[2024-06-02T19:44:45.101+0000] {logging_mixin.py:188} INFO - [2024-06-02T19:44:45.101+0000] {dagbag.py:545} INFO - Filling up the DagBag from /home/airflow/.local/lib/python3.12/site-packages/airflow/example_dags/example_task_group_decorator.py
[2024-06-02T19:44:45.109+0000] {processor.py:840} INFO - DAG(s) 'example_task_group_decorator' retrieved from /home/airflow/.local/lib/python3.12/site-packages/airflow/example_dags/example_task_group_decorator.py
[2024-06-02T19:44:45.126+0000] {logging_mixin.py:188} INFO - [2024-06-02T19:44:45.126+0000] {dag.py:3096} INFO - Sync 1 DAGs
[2024-06-02T19:44:45.139+0000] {logging_mixin.py:188} INFO - [2024-06-02T19:44:45.139+0000] {dag.py:3954} INFO - Setting next_dagrun for example_task_group_decorator to 2024-06-01 00:00:00+00:00, run_after=2024-06-02 00:00:00+00:00
[2024-06-02T19:44:45.149+0000] {processor.py:183} INFO - Processing /home/airflow/.local/lib/python3.12/site-packages/airflow/example_dags/example_task_group_decorator.py took 0.053 seconds
[2024-06-02T19:45:15.733+0000] {processor.py:161} INFO - Started process (PID=469) to work on /home/airflow/.local/lib/python3.12/site-packages/airflow/example_dags/example_task_group_decorator.py
[2024-06-02T19:45:15.733+0000] {processor.py:830} INFO - Processing file /home/airflow/.local/lib/python3.12/site-packages/airflow/example_dags/example_task_group_decorator.py for tasks to queue
[2024-06-02T19:45:15.734+0000] {logging_mixin.py:188} INFO - [2024-06-02T19:45:15.734+0000] {dagbag.py:545} INFO - Filling up the DagBag from /home/airflow/.local/lib/python3.12/site-packages/airflow/example_dags/example_task_group_decorator.py
[2024-06-02T19:45:15.743+0000] {processor.py:840} INFO - DAG(s) 'example_task_group_decorator' retrieved from /home/airflow/.local/lib/python3.12/site-packages/airflow/example_dags/example_task_group_decorator.py
[2024-06-02T19:45:15.758+0000] {logging_mixin.py:188} INFO - [2024-06-02T19:45:15.757+0000] {dag.py:3096} INFO - Sync 1 DAGs
[2024-06-02T19:45:15.770+0000] {logging_mixin.py:188} INFO - [2024-06-02T19:45:15.770+0000] {dag.py:3954} INFO - Setting next_dagrun for example_task_group_decorator to 2024-06-01 00:00:00+00:00, run_after=2024-06-02 00:00:00+00:00
[2024-06-02T19:45:15.781+0000] {processor.py:183} INFO - Processing /home/airflow/.local/lib/python3.12/site-packages/airflow/example_dags/example_task_group_decorator.py took 0.052 seconds
[2024-06-02T19:45:46.359+0000] {processor.py:161} INFO - Started process (PID=526) to work on /home/airflow/.local/lib/python3.12/site-packages/airflow/example_dags/example_task_group_decorator.py
[2024-06-02T19:45:46.360+0000] {processor.py:830} INFO - Processing file /home/airflow/.local/lib/python3.12/site-packages/airflow/example_dags/example_task_group_decorator.py for tasks to queue
[2024-06-02T19:45:46.361+0000] {logging_mixin.py:188} INFO - [2024-06-02T19:45:46.361+0000] {dagbag.py:545} INFO - Filling up the DagBag from /home/airflow/.local/lib/python3.12/site-packages/airflow/example_dags/example_task_group_decorator.py
[2024-06-02T19:45:46.369+0000] {processor.py:840} INFO - DAG(s) 'example_task_group_decorator' retrieved from /home/airflow/.local/lib/python3.12/site-packages/airflow/example_dags/example_task_group_decorator.py
[2024-06-02T19:45:46.383+0000] {logging_mixin.py:188} INFO - [2024-06-02T19:45:46.383+0000] {dag.py:3096} INFO - Sync 1 DAGs
[2024-06-02T19:45:46.395+0000] {logging_mixin.py:188} INFO - [2024-06-02T19:45:46.395+0000] {dag.py:3954} INFO - Setting next_dagrun for example_task_group_decorator to 2024-06-01 00:00:00+00:00, run_after=2024-06-02 00:00:00+00:00
[2024-06-02T19:45:46.406+0000] {processor.py:183} INFO - Processing /home/airflow/.local/lib/python3.12/site-packages/airflow/example_dags/example_task_group_decorator.py took 0.050 seconds
[2024-06-02T19:46:17.049+0000] {processor.py:161} INFO - Started process (PID=584) to work on /home/airflow/.local/lib/python3.12/site-packages/airflow/example_dags/example_task_group_decorator.py
[2024-06-02T19:46:17.050+0000] {processor.py:830} INFO - Processing file /home/airflow/.local/lib/python3.12/site-packages/airflow/example_dags/example_task_group_decorator.py for tasks to queue
[2024-06-02T19:46:17.052+0000] {logging_mixin.py:188} INFO - [2024-06-02T19:46:17.051+0000] {dagbag.py:545} INFO - Filling up the DagBag from /home/airflow/.local/lib/python3.12/site-packages/airflow/example_dags/example_task_group_decorator.py
[2024-06-02T19:46:17.060+0000] {processor.py:840} INFO - DAG(s) 'example_task_group_decorator' retrieved from /home/airflow/.local/lib/python3.12/site-packages/airflow/example_dags/example_task_group_decorator.py
[2024-06-02T19:46:17.073+0000] {logging_mixin.py:188} INFO - [2024-06-02T19:46:17.073+0000] {dag.py:3096} INFO - Sync 1 DAGs
[2024-06-02T19:46:17.086+0000] {logging_mixin.py:188} INFO - [2024-06-02T19:46:17.085+0000] {dag.py:3954} INFO - Setting next_dagrun for example_task_group_decorator to 2024-06-01 00:00:00+00:00, run_after=2024-06-02 00:00:00+00:00
[2024-06-02T19:46:17.095+0000] {processor.py:183} INFO - Processing /home/airflow/.local/lib/python3.12/site-packages/airflow/example_dags/example_task_group_decorator.py took 0.049 seconds
[2024-06-02T19:46:47.743+0000] {processor.py:161} INFO - Started process (PID=642) to work on /home/airflow/.local/lib/python3.12/site-packages/airflow/example_dags/example_task_group_decorator.py
[2024-06-02T19:46:47.743+0000] {processor.py:830} INFO - Processing file /home/airflow/.local/lib/python3.12/site-packages/airflow/example_dags/example_task_group_decorator.py for tasks to queue
[2024-06-02T19:46:47.744+0000] {logging_mixin.py:188} INFO - [2024-06-02T19:46:47.744+0000] {dagbag.py:545} INFO - Filling up the DagBag from /home/airflow/.local/lib/python3.12/site-packages/airflow/example_dags/example_task_group_decorator.py
[2024-06-02T19:46:47.752+0000] {processor.py:840} INFO - DAG(s) 'example_task_group_decorator' retrieved from /home/airflow/.local/lib/python3.12/site-packages/airflow/example_dags/example_task_group_decorator.py
[2024-06-02T19:46:47.767+0000] {logging_mixin.py:188} INFO - [2024-06-02T19:46:47.767+0000] {dag.py:3096} INFO - Sync 1 DAGs
[2024-06-02T19:46:47.779+0000] {logging_mixin.py:188} INFO - [2024-06-02T19:46:47.779+0000] {dag.py:3954} INFO - Setting next_dagrun for example_task_group_decorator to 2024-06-01 00:00:00+00:00, run_after=2024-06-02 00:00:00+00:00
[2024-06-02T19:46:47.790+0000] {processor.py:183} INFO - Processing /home/airflow/.local/lib/python3.12/site-packages/airflow/example_dags/example_task_group_decorator.py took 0.050 seconds
[2024-06-02T19:47:18.450+0000] {processor.py:161} INFO - Started process (PID=700) to work on /home/airflow/.local/lib/python3.12/site-packages/airflow/example_dags/example_task_group_decorator.py
[2024-06-02T19:47:18.450+0000] {processor.py:830} INFO - Processing file /home/airflow/.local/lib/python3.12/site-packages/airflow/example_dags/example_task_group_decorator.py for tasks to queue
[2024-06-02T19:47:18.451+0000] {logging_mixin.py:188} INFO - [2024-06-02T19:47:18.451+0000] {dagbag.py:545} INFO - Filling up the DagBag from /home/airflow/.local/lib/python3.12/site-packages/airflow/example_dags/example_task_group_decorator.py
[2024-06-02T19:47:18.459+0000] {processor.py:840} INFO - DAG(s) 'example_task_group_decorator' retrieved from /home/airflow/.local/lib/python3.12/site-packages/airflow/example_dags/example_task_group_decorator.py
[2024-06-02T19:47:18.473+0000] {logging_mixin.py:188} INFO - [2024-06-02T19:47:18.473+0000] {dag.py:3096} INFO - Sync 1 DAGs
[2024-06-02T19:47:18.486+0000] {logging_mixin.py:188} INFO - [2024-06-02T19:47:18.486+0000] {dag.py:3954} INFO - Setting next_dagrun for example_task_group_decorator to 2024-06-01 00:00:00+00:00, run_after=2024-06-02 00:00:00+00:00
[2024-06-02T19:47:18.497+0000] {processor.py:183} INFO - Processing /home/airflow/.local/lib/python3.12/site-packages/airflow/example_dags/example_task_group_decorator.py took 0.050 seconds
[2024-06-02T19:47:49.238+0000] {processor.py:161} INFO - Started process (PID=758) to work on /home/airflow/.local/lib/python3.12/site-packages/airflow/example_dags/example_task_group_decorator.py
[2024-06-02T19:47:49.239+0000] {processor.py:830} INFO - Processing file /home/airflow/.local/lib/python3.12/site-packages/airflow/example_dags/example_task_group_decorator.py for tasks to queue
[2024-06-02T19:47:49.240+0000] {logging_mixin.py:188} INFO - [2024-06-02T19:47:49.240+0000] {dagbag.py:545} INFO - Filling up the DagBag from /home/airflow/.local/lib/python3.12/site-packages/airflow/example_dags/example_task_group_decorator.py
[2024-06-02T19:47:49.248+0000] {processor.py:840} INFO - DAG(s) 'example_task_group_decorator' retrieved from /home/airflow/.local/lib/python3.12/site-packages/airflow/example_dags/example_task_group_decorator.py
[2024-06-02T19:47:49.263+0000] {logging_mixin.py:188} INFO - [2024-06-02T19:47:49.263+0000] {dag.py:3096} INFO - Sync 1 DAGs
[2024-06-02T19:47:49.276+0000] {logging_mixin.py:188} INFO - [2024-06-02T19:47:49.276+0000] {dag.py:3954} INFO - Setting next_dagrun for example_task_group_decorator to 2024-06-01 00:00:00+00:00, run_after=2024-06-02 00:00:00+00:00
[2024-06-02T19:47:49.286+0000] {processor.py:183} INFO - Processing /home/airflow/.local/lib/python3.12/site-packages/airflow/example_dags/example_task_group_decorator.py took 0.051 seconds
[2024-06-02T19:48:19.895+0000] {processor.py:161} INFO - Started process (PID=816) to work on /home/airflow/.local/lib/python3.12/site-packages/airflow/example_dags/example_task_group_decorator.py
[2024-06-02T19:48:19.895+0000] {processor.py:830} INFO - Processing file /home/airflow/.local/lib/python3.12/site-packages/airflow/example_dags/example_task_group_decorator.py for tasks to queue
[2024-06-02T19:48:19.896+0000] {logging_mixin.py:188} INFO - [2024-06-02T19:48:19.896+0000] {dagbag.py:545} INFO - Filling up the DagBag from /home/airflow/.local/lib/python3.12/site-packages/airflow/example_dags/example_task_group_decorator.py
[2024-06-02T19:48:19.904+0000] {processor.py:840} INFO - DAG(s) 'example_task_group_decorator' retrieved from /home/airflow/.local/lib/python3.12/site-packages/airflow/example_dags/example_task_group_decorator.py
[2024-06-02T19:48:19.919+0000] {logging_mixin.py:188} INFO - [2024-06-02T19:48:19.919+0000] {dag.py:3096} INFO - Sync 1 DAGs
[2024-06-02T19:48:19.931+0000] {logging_mixin.py:188} INFO - [2024-06-02T19:48:19.931+0000] {dag.py:3954} INFO - Setting next_dagrun for example_task_group_decorator to 2024-06-01 00:00:00+00:00, run_after=2024-06-02 00:00:00+00:00
[2024-06-02T19:48:19.941+0000] {processor.py:183} INFO - Processing /home/airflow/.local/lib/python3.12/site-packages/airflow/example_dags/example_task_group_decorator.py took 0.049 seconds
[2024-06-02T19:48:50.586+0000] {processor.py:161} INFO - Started process (PID=874) to work on /home/airflow/.local/lib/python3.12/site-packages/airflow/example_dags/example_task_group_decorator.py
[2024-06-02T19:48:50.586+0000] {processor.py:830} INFO - Processing file /home/airflow/.local/lib/python3.12/site-packages/airflow/example_dags/example_task_group_decorator.py for tasks to queue
[2024-06-02T19:48:50.587+0000] {logging_mixin.py:188} INFO - [2024-06-02T19:48:50.587+0000] {dagbag.py:545} INFO - Filling up the DagBag from /home/airflow/.local/lib/python3.12/site-packages/airflow/example_dags/example_task_group_decorator.py
[2024-06-02T19:48:50.596+0000] {processor.py:840} INFO - DAG(s) 'example_task_group_decorator' retrieved from /home/airflow/.local/lib/python3.12/site-packages/airflow/example_dags/example_task_group_decorator.py
[2024-06-02T19:48:50.610+0000] {logging_mixin.py:188} INFO - [2024-06-02T19:48:50.610+0000] {dag.py:3096} INFO - Sync 1 DAGs
[2024-06-02T19:48:50.623+0000] {logging_mixin.py:188} INFO - [2024-06-02T19:48:50.623+0000] {dag.py:3954} INFO - Setting next_dagrun for example_task_group_decorator to 2024-06-01 00:00:00+00:00, run_after=2024-06-02 00:00:00+00:00
[2024-06-02T19:48:50.633+0000] {processor.py:183} INFO - Processing /home/airflow/.local/lib/python3.12/site-packages/airflow/example_dags/example_task_group_decorator.py took 0.051 seconds
[2024-06-02T19:49:21.214+0000] {processor.py:161} INFO - Started process (PID=932) to work on /home/airflow/.local/lib/python3.12/site-packages/airflow/example_dags/example_task_group_decorator.py
[2024-06-02T19:49:21.215+0000] {processor.py:830} INFO - Processing file /home/airflow/.local/lib/python3.12/site-packages/airflow/example_dags/example_task_group_decorator.py for tasks to queue
[2024-06-02T19:49:21.216+0000] {logging_mixin.py:188} INFO - [2024-06-02T19:49:21.216+0000] {dagbag.py:545} INFO - Filling up the DagBag from /home/airflow/.local/lib/python3.12/site-packages/airflow/example_dags/example_task_group_decorator.py
[2024-06-02T19:49:21.225+0000] {processor.py:840} INFO - DAG(s) 'example_task_group_decorator' retrieved from /home/airflow/.local/lib/python3.12/site-packages/airflow/example_dags/example_task_group_decorator.py
[2024-06-02T19:49:21.239+0000] {logging_mixin.py:188} INFO - [2024-06-02T19:49:21.239+0000] {dag.py:3096} INFO - Sync 1 DAGs
[2024-06-02T19:49:21.253+0000] {logging_mixin.py:188} INFO - [2024-06-02T19:49:21.253+0000] {dag.py:3954} INFO - Setting next_dagrun for example_task_group_decorator to 2024-06-01 00:00:00+00:00, run_after=2024-06-02 00:00:00+00:00
[2024-06-02T19:49:21.263+0000] {processor.py:183} INFO - Processing /home/airflow/.local/lib/python3.12/site-packages/airflow/example_dags/example_task_group_decorator.py took 0.052 seconds
[2024-06-02T19:49:51.863+0000] {processor.py:161} INFO - Started process (PID=990) to work on /home/airflow/.local/lib/python3.12/site-packages/airflow/example_dags/example_task_group_decorator.py
[2024-06-02T19:49:51.864+0000] {processor.py:830} INFO - Processing file /home/airflow/.local/lib/python3.12/site-packages/airflow/example_dags/example_task_group_decorator.py for tasks to queue
[2024-06-02T19:49:51.865+0000] {logging_mixin.py:188} INFO - [2024-06-02T19:49:51.865+0000] {dagbag.py:545} INFO - Filling up the DagBag from /home/airflow/.local/lib/python3.12/site-packages/airflow/example_dags/example_task_group_decorator.py
[2024-06-02T19:49:51.873+0000] {processor.py:840} INFO - DAG(s) 'example_task_group_decorator' retrieved from /home/airflow/.local/lib/python3.12/site-packages/airflow/example_dags/example_task_group_decorator.py
[2024-06-02T19:49:51.888+0000] {logging_mixin.py:188} INFO - [2024-06-02T19:49:51.888+0000] {dag.py:3096} INFO - Sync 1 DAGs
[2024-06-02T19:49:51.901+0000] {logging_mixin.py:188} INFO - [2024-06-02T19:49:51.900+0000] {dag.py:3954} INFO - Setting next_dagrun for example_task_group_decorator to 2024-06-01 00:00:00+00:00, run_after=2024-06-02 00:00:00+00:00
[2024-06-02T19:49:51.911+0000] {processor.py:183} INFO - Processing /home/airflow/.local/lib/python3.12/site-packages/airflow/example_dags/example_task_group_decorator.py took 0.051 seconds
[2024-06-02T19:50:22.581+0000] {processor.py:161} INFO - Started process (PID=1048) to work on /home/airflow/.local/lib/python3.12/site-packages/airflow/example_dags/example_task_group_decorator.py
[2024-06-02T19:50:22.582+0000] {processor.py:830} INFO - Processing file /home/airflow/.local/lib/python3.12/site-packages/airflow/example_dags/example_task_group_decorator.py for tasks to queue
[2024-06-02T19:50:22.583+0000] {logging_mixin.py:188} INFO - [2024-06-02T19:50:22.583+0000] {dagbag.py:545} INFO - Filling up the DagBag from /home/airflow/.local/lib/python3.12/site-packages/airflow/example_dags/example_task_group_decorator.py
[2024-06-02T19:50:22.591+0000] {processor.py:840} INFO - DAG(s) 'example_task_group_decorator' retrieved from /home/airflow/.local/lib/python3.12/site-packages/airflow/example_dags/example_task_group_decorator.py
[2024-06-02T19:50:22.607+0000] {logging_mixin.py:188} INFO - [2024-06-02T19:50:22.607+0000] {dag.py:3096} INFO - Sync 1 DAGs
[2024-06-02T19:50:22.622+0000] {logging_mixin.py:188} INFO - [2024-06-02T19:50:22.622+0000] {dag.py:3954} INFO - Setting next_dagrun for example_task_group_decorator to 2024-06-01 00:00:00+00:00, run_after=2024-06-02 00:00:00+00:00
[2024-06-02T19:50:22.633+0000] {processor.py:183} INFO - Processing /home/airflow/.local/lib/python3.12/site-packages/airflow/example_dags/example_task_group_decorator.py took 0.054 seconds
[2024-06-02T19:50:52.699+0000] {processor.py:161} INFO - Started process (PID=1106) to work on /home/airflow/.local/lib/python3.12/site-packages/airflow/example_dags/example_task_group_decorator.py
[2024-06-02T19:50:52.700+0000] {processor.py:830} INFO - Processing file /home/airflow/.local/lib/python3.12/site-packages/airflow/example_dags/example_task_group_decorator.py for tasks to queue
[2024-06-02T19:50:52.701+0000] {logging_mixin.py:188} INFO - [2024-06-02T19:50:52.701+0000] {dagbag.py:545} INFO - Filling up the DagBag from /home/airflow/.local/lib/python3.12/site-packages/airflow/example_dags/example_task_group_decorator.py
[2024-06-02T19:50:52.709+0000] {processor.py:840} INFO - DAG(s) 'example_task_group_decorator' retrieved from /home/airflow/.local/lib/python3.12/site-packages/airflow/example_dags/example_task_group_decorator.py
[2024-06-02T19:50:52.723+0000] {logging_mixin.py:188} INFO - [2024-06-02T19:50:52.723+0000] {dag.py:3096} INFO - Sync 1 DAGs
[2024-06-02T19:50:52.736+0000] {logging_mixin.py:188} INFO - [2024-06-02T19:50:52.736+0000] {dag.py:3954} INFO - Setting next_dagrun for example_task_group_decorator to 2024-06-01 00:00:00+00:00, run_after=2024-06-02 00:00:00+00:00
[2024-06-02T19:50:52.746+0000] {processor.py:183} INFO - Processing /home/airflow/.local/lib/python3.12/site-packages/airflow/example_dags/example_task_group_decorator.py took 0.050 seconds
[2024-06-02T19:51:22.920+0000] {processor.py:161} INFO - Started process (PID=1164) to work on /home/airflow/.local/lib/python3.12/site-packages/airflow/example_dags/example_task_group_decorator.py
[2024-06-02T19:51:22.920+0000] {processor.py:830} INFO - Processing file /home/airflow/.local/lib/python3.12/site-packages/airflow/example_dags/example_task_group_decorator.py for tasks to queue
[2024-06-02T19:51:22.921+0000] {logging_mixin.py:188} INFO - [2024-06-02T19:51:22.921+0000] {dagbag.py:545} INFO - Filling up the DagBag from /home/airflow/.local/lib/python3.12/site-packages/airflow/example_dags/example_task_group_decorator.py
[2024-06-02T19:51:22.929+0000] {processor.py:840} INFO - DAG(s) 'example_task_group_decorator' retrieved from /home/airflow/.local/lib/python3.12/site-packages/airflow/example_dags/example_task_group_decorator.py
[2024-06-02T19:51:22.943+0000] {logging_mixin.py:188} INFO - [2024-06-02T19:51:22.943+0000] {dag.py:3096} INFO - Sync 1 DAGs
[2024-06-02T19:51:22.955+0000] {logging_mixin.py:188} INFO - [2024-06-02T19:51:22.954+0000] {dag.py:3954} INFO - Setting next_dagrun for example_task_group_decorator to 2024-06-01 00:00:00+00:00, run_after=2024-06-02 00:00:00+00:00
[2024-06-02T19:51:22.964+0000] {processor.py:183} INFO - Processing /home/airflow/.local/lib/python3.12/site-packages/airflow/example_dags/example_task_group_decorator.py took 0.047 seconds
[2024-06-02T19:51:53.043+0000] {processor.py:161} INFO - Started process (PID=1222) to work on /home/airflow/.local/lib/python3.12/site-packages/airflow/example_dags/example_task_group_decorator.py
[2024-06-02T19:51:53.043+0000] {processor.py:830} INFO - Processing file /home/airflow/.local/lib/python3.12/site-packages/airflow/example_dags/example_task_group_decorator.py for tasks to queue
[2024-06-02T19:51:53.045+0000] {logging_mixin.py:188} INFO - [2024-06-02T19:51:53.044+0000] {dagbag.py:545} INFO - Filling up the DagBag from /home/airflow/.local/lib/python3.12/site-packages/airflow/example_dags/example_task_group_decorator.py
[2024-06-02T19:51:53.053+0000] {processor.py:840} INFO - DAG(s) 'example_task_group_decorator' retrieved from /home/airflow/.local/lib/python3.12/site-packages/airflow/example_dags/example_task_group_decorator.py
[2024-06-02T19:51:53.069+0000] {logging_mixin.py:188} INFO - [2024-06-02T19:51:53.068+0000] {dag.py:3096} INFO - Sync 1 DAGs
[2024-06-02T19:51:53.082+0000] {logging_mixin.py:188} INFO - [2024-06-02T19:51:53.081+0000] {dag.py:3954} INFO - Setting next_dagrun for example_task_group_decorator to 2024-06-01 00:00:00+00:00, run_after=2024-06-02 00:00:00+00:00
[2024-06-02T19:51:53.092+0000] {processor.py:183} INFO - Processing /home/airflow/.local/lib/python3.12/site-packages/airflow/example_dags/example_task_group_decorator.py took 0.053 seconds
[2024-06-02T19:52:23.803+0000] {processor.py:161} INFO - Started process (PID=1280) to work on /home/airflow/.local/lib/python3.12/site-packages/airflow/example_dags/example_task_group_decorator.py
[2024-06-02T19:52:23.804+0000] {processor.py:830} INFO - Processing file /home/airflow/.local/lib/python3.12/site-packages/airflow/example_dags/example_task_group_decorator.py for tasks to queue
[2024-06-02T19:52:23.806+0000] {logging_mixin.py:188} INFO - [2024-06-02T19:52:23.805+0000] {dagbag.py:545} INFO - Filling up the DagBag from /home/airflow/.local/lib/python3.12/site-packages/airflow/example_dags/example_task_group_decorator.py
[2024-06-02T19:52:23.815+0000] {processor.py:840} INFO - DAG(s) 'example_task_group_decorator' retrieved from /home/airflow/.local/lib/python3.12/site-packages/airflow/example_dags/example_task_group_decorator.py
[2024-06-02T19:52:23.831+0000] {logging_mixin.py:188} INFO - [2024-06-02T19:52:23.831+0000] {dag.py:3096} INFO - Sync 1 DAGs
[2024-06-02T19:52:23.843+0000] {logging_mixin.py:188} INFO - [2024-06-02T19:52:23.843+0000] {dag.py:3954} INFO - Setting next_dagrun for example_task_group_decorator to 2024-06-01 00:00:00+00:00, run_after=2024-06-02 00:00:00+00:00
[2024-06-02T19:52:23.854+0000] {processor.py:183} INFO - Processing /home/airflow/.local/lib/python3.12/site-packages/airflow/example_dags/example_task_group_decorator.py took 0.054 seconds
[2024-06-02T19:52:54.499+0000] {processor.py:161} INFO - Started process (PID=1337) to work on /home/airflow/.local/lib/python3.12/site-packages/airflow/example_dags/example_task_group_decorator.py
[2024-06-02T19:52:54.499+0000] {processor.py:830} INFO - Processing file /home/airflow/.local/lib/python3.12/site-packages/airflow/example_dags/example_task_group_decorator.py for tasks to queue
[2024-06-02T19:52:54.500+0000] {logging_mixin.py:188} INFO - [2024-06-02T19:52:54.500+0000] {dagbag.py:545} INFO - Filling up the DagBag from /home/airflow/.local/lib/python3.12/site-packages/airflow/example_dags/example_task_group_decorator.py
[2024-06-02T19:52:54.508+0000] {processor.py:840} INFO - DAG(s) 'example_task_group_decorator' retrieved from /home/airflow/.local/lib/python3.12/site-packages/airflow/example_dags/example_task_group_decorator.py
[2024-06-02T19:52:54.522+0000] {logging_mixin.py:188} INFO - [2024-06-02T19:52:54.522+0000] {dag.py:3096} INFO - Sync 1 DAGs
[2024-06-02T19:52:54.534+0000] {logging_mixin.py:188} INFO - [2024-06-02T19:52:54.534+0000] {dag.py:3954} INFO - Setting next_dagrun for example_task_group_decorator to 2024-06-01 00:00:00+00:00, run_after=2024-06-02 00:00:00+00:00
[2024-06-02T19:52:54.544+0000] {processor.py:183} INFO - Processing /home/airflow/.local/lib/python3.12/site-packages/airflow/example_dags/example_task_group_decorator.py took 0.048 seconds
[2024-06-02T19:53:25.248+0000] {processor.py:161} INFO - Started process (PID=1395) to work on /home/airflow/.local/lib/python3.12/site-packages/airflow/example_dags/example_task_group_decorator.py
[2024-06-02T19:53:25.249+0000] {processor.py:830} INFO - Processing file /home/airflow/.local/lib/python3.12/site-packages/airflow/example_dags/example_task_group_decorator.py for tasks to queue
[2024-06-02T19:53:25.251+0000] {logging_mixin.py:188} INFO - [2024-06-02T19:53:25.250+0000] {dagbag.py:545} INFO - Filling up the DagBag from /home/airflow/.local/lib/python3.12/site-packages/airflow/example_dags/example_task_group_decorator.py
[2024-06-02T19:53:25.260+0000] {processor.py:840} INFO - DAG(s) 'example_task_group_decorator' retrieved from /home/airflow/.local/lib/python3.12/site-packages/airflow/example_dags/example_task_group_decorator.py
[2024-06-02T19:53:25.275+0000] {logging_mixin.py:188} INFO - [2024-06-02T19:53:25.275+0000] {dag.py:3096} INFO - Sync 1 DAGs
[2024-06-02T19:53:25.290+0000] {logging_mixin.py:188} INFO - [2024-06-02T19:53:25.290+0000] {dag.py:3954} INFO - Setting next_dagrun for example_task_group_decorator to 2024-06-01 00:00:00+00:00, run_after=2024-06-02 00:00:00+00:00
[2024-06-02T19:53:25.303+0000] {processor.py:183} INFO - Processing /home/airflow/.local/lib/python3.12/site-packages/airflow/example_dags/example_task_group_decorator.py took 0.058 seconds
[2024-06-02T19:53:55.943+0000] {processor.py:161} INFO - Started process (PID=1459) to work on /home/airflow/.local/lib/python3.12/site-packages/airflow/example_dags/example_task_group_decorator.py
[2024-06-02T19:53:55.944+0000] {processor.py:830} INFO - Processing file /home/airflow/.local/lib/python3.12/site-packages/airflow/example_dags/example_task_group_decorator.py for tasks to queue
[2024-06-02T19:53:55.945+0000] {logging_mixin.py:188} INFO - [2024-06-02T19:53:55.945+0000] {dagbag.py:545} INFO - Filling up the DagBag from /home/airflow/.local/lib/python3.12/site-packages/airflow/example_dags/example_task_group_decorator.py
[2024-06-02T19:53:55.954+0000] {processor.py:840} INFO - DAG(s) 'example_task_group_decorator' retrieved from /home/airflow/.local/lib/python3.12/site-packages/airflow/example_dags/example_task_group_decorator.py
[2024-06-02T19:53:55.968+0000] {logging_mixin.py:188} INFO - [2024-06-02T19:53:55.967+0000] {dag.py:3096} INFO - Sync 1 DAGs
[2024-06-02T19:53:55.980+0000] {logging_mixin.py:188} INFO - [2024-06-02T19:53:55.980+0000] {dag.py:3954} INFO - Setting next_dagrun for example_task_group_decorator to 2024-06-01 00:00:00+00:00, run_after=2024-06-02 00:00:00+00:00
[2024-06-02T19:53:55.990+0000] {processor.py:183} INFO - Processing /home/airflow/.local/lib/python3.12/site-packages/airflow/example_dags/example_task_group_decorator.py took 0.050 seconds
[2024-06-02T19:54:26.638+0000] {processor.py:161} INFO - Started process (PID=1517) to work on /home/airflow/.local/lib/python3.12/site-packages/airflow/example_dags/example_task_group_decorator.py
[2024-06-02T19:54:26.639+0000] {processor.py:830} INFO - Processing file /home/airflow/.local/lib/python3.12/site-packages/airflow/example_dags/example_task_group_decorator.py for tasks to queue
[2024-06-02T19:54:26.640+0000] {logging_mixin.py:188} INFO - [2024-06-02T19:54:26.640+0000] {dagbag.py:545} INFO - Filling up the DagBag from /home/airflow/.local/lib/python3.12/site-packages/airflow/example_dags/example_task_group_decorator.py
[2024-06-02T19:54:26.648+0000] {processor.py:840} INFO - DAG(s) 'example_task_group_decorator' retrieved from /home/airflow/.local/lib/python3.12/site-packages/airflow/example_dags/example_task_group_decorator.py
[2024-06-02T19:54:26.662+0000] {logging_mixin.py:188} INFO - [2024-06-02T19:54:26.662+0000] {dag.py:3096} INFO - Sync 1 DAGs
[2024-06-02T19:54:26.674+0000] {logging_mixin.py:188} INFO - [2024-06-02T19:54:26.674+0000] {dag.py:3954} INFO - Setting next_dagrun for example_task_group_decorator to 2024-06-01 00:00:00+00:00, run_after=2024-06-02 00:00:00+00:00
[2024-06-02T19:54:26.685+0000] {processor.py:183} INFO - Processing /home/airflow/.local/lib/python3.12/site-packages/airflow/example_dags/example_task_group_decorator.py took 0.050 seconds
[2024-06-02T19:54:57.483+0000] {processor.py:161} INFO - Started process (PID=1575) to work on /home/airflow/.local/lib/python3.12/site-packages/airflow/example_dags/example_task_group_decorator.py
[2024-06-02T19:54:57.484+0000] {processor.py:830} INFO - Processing file /home/airflow/.local/lib/python3.12/site-packages/airflow/example_dags/example_task_group_decorator.py for tasks to queue
[2024-06-02T19:54:57.485+0000] {logging_mixin.py:188} INFO - [2024-06-02T19:54:57.485+0000] {dagbag.py:545} INFO - Filling up the DagBag from /home/airflow/.local/lib/python3.12/site-packages/airflow/example_dags/example_task_group_decorator.py
[2024-06-02T19:54:57.494+0000] {processor.py:840} INFO - DAG(s) 'example_task_group_decorator' retrieved from /home/airflow/.local/lib/python3.12/site-packages/airflow/example_dags/example_task_group_decorator.py
[2024-06-02T19:54:57.508+0000] {logging_mixin.py:188} INFO - [2024-06-02T19:54:57.508+0000] {dag.py:3096} INFO - Sync 1 DAGs
[2024-06-02T19:54:57.521+0000] {logging_mixin.py:188} INFO - [2024-06-02T19:54:57.521+0000] {dag.py:3954} INFO - Setting next_dagrun for example_task_group_decorator to 2024-06-01 00:00:00+00:00, run_after=2024-06-02 00:00:00+00:00
[2024-06-02T19:54:57.531+0000] {processor.py:183} INFO - Processing /home/airflow/.local/lib/python3.12/site-packages/airflow/example_dags/example_task_group_decorator.py took 0.052 seconds
[2024-06-02T19:55:28.174+0000] {processor.py:161} INFO - Started process (PID=1633) to work on /home/airflow/.local/lib/python3.12/site-packages/airflow/example_dags/example_task_group_decorator.py
[2024-06-02T19:55:28.175+0000] {processor.py:830} INFO - Processing file /home/airflow/.local/lib/python3.12/site-packages/airflow/example_dags/example_task_group_decorator.py for tasks to queue
[2024-06-02T19:55:28.176+0000] {logging_mixin.py:188} INFO - [2024-06-02T19:55:28.176+0000] {dagbag.py:545} INFO - Filling up the DagBag from /home/airflow/.local/lib/python3.12/site-packages/airflow/example_dags/example_task_group_decorator.py
[2024-06-02T19:55:28.185+0000] {processor.py:840} INFO - DAG(s) 'example_task_group_decorator' retrieved from /home/airflow/.local/lib/python3.12/site-packages/airflow/example_dags/example_task_group_decorator.py
[2024-06-02T19:55:28.199+0000] {logging_mixin.py:188} INFO - [2024-06-02T19:55:28.199+0000] {dag.py:3096} INFO - Sync 1 DAGs
[2024-06-02T19:55:28.212+0000] {logging_mixin.py:188} INFO - [2024-06-02T19:55:28.212+0000] {dag.py:3954} INFO - Setting next_dagrun for example_task_group_decorator to 2024-06-01 00:00:00+00:00, run_after=2024-06-02 00:00:00+00:00
[2024-06-02T19:55:28.222+0000] {processor.py:183} INFO - Processing /home/airflow/.local/lib/python3.12/site-packages/airflow/example_dags/example_task_group_decorator.py took 0.051 seconds
[2024-06-02T19:55:58.838+0000] {processor.py:161} INFO - Started process (PID=1691) to work on /home/airflow/.local/lib/python3.12/site-packages/airflow/example_dags/example_task_group_decorator.py
[2024-06-02T19:55:58.839+0000] {processor.py:830} INFO - Processing file /home/airflow/.local/lib/python3.12/site-packages/airflow/example_dags/example_task_group_decorator.py for tasks to queue
[2024-06-02T19:55:58.840+0000] {logging_mixin.py:188} INFO - [2024-06-02T19:55:58.840+0000] {dagbag.py:545} INFO - Filling up the DagBag from /home/airflow/.local/lib/python3.12/site-packages/airflow/example_dags/example_task_group_decorator.py
[2024-06-02T19:55:58.848+0000] {processor.py:840} INFO - DAG(s) 'example_task_group_decorator' retrieved from /home/airflow/.local/lib/python3.12/site-packages/airflow/example_dags/example_task_group_decorator.py
[2024-06-02T19:55:58.862+0000] {logging_mixin.py:188} INFO - [2024-06-02T19:55:58.862+0000] {dag.py:3096} INFO - Sync 1 DAGs
[2024-06-02T19:55:58.873+0000] {logging_mixin.py:188} INFO - [2024-06-02T19:55:58.873+0000] {dag.py:3954} INFO - Setting next_dagrun for example_task_group_decorator to 2024-06-01 00:00:00+00:00, run_after=2024-06-02 00:00:00+00:00
[2024-06-02T19:55:58.884+0000] {processor.py:183} INFO - Processing /home/airflow/.local/lib/python3.12/site-packages/airflow/example_dags/example_task_group_decorator.py took 0.048 seconds
[2024-06-02T19:56:29.468+0000] {processor.py:161} INFO - Started process (PID=1749) to work on /home/airflow/.local/lib/python3.12/site-packages/airflow/example_dags/example_task_group_decorator.py
[2024-06-02T19:56:29.468+0000] {processor.py:830} INFO - Processing file /home/airflow/.local/lib/python3.12/site-packages/airflow/example_dags/example_task_group_decorator.py for tasks to queue
[2024-06-02T19:56:29.470+0000] {logging_mixin.py:188} INFO - [2024-06-02T19:56:29.469+0000] {dagbag.py:545} INFO - Filling up the DagBag from /home/airflow/.local/lib/python3.12/site-packages/airflow/example_dags/example_task_group_decorator.py
[2024-06-02T19:56:29.478+0000] {processor.py:840} INFO - DAG(s) 'example_task_group_decorator' retrieved from /home/airflow/.local/lib/python3.12/site-packages/airflow/example_dags/example_task_group_decorator.py
[2024-06-02T19:56:29.492+0000] {logging_mixin.py:188} INFO - [2024-06-02T19:56:29.492+0000] {dag.py:3096} INFO - Sync 1 DAGs
[2024-06-02T19:56:29.504+0000] {logging_mixin.py:188} INFO - [2024-06-02T19:56:29.504+0000] {dag.py:3954} INFO - Setting next_dagrun for example_task_group_decorator to 2024-06-01 00:00:00+00:00, run_after=2024-06-02 00:00:00+00:00
[2024-06-02T19:56:29.514+0000] {processor.py:183} INFO - Processing /home/airflow/.local/lib/python3.12/site-packages/airflow/example_dags/example_task_group_decorator.py took 0.049 seconds
[2024-06-02T19:57:00.332+0000] {processor.py:161} INFO - Started process (PID=1807) to work on /home/airflow/.local/lib/python3.12/site-packages/airflow/example_dags/example_task_group_decorator.py
[2024-06-02T19:57:00.333+0000] {processor.py:830} INFO - Processing file /home/airflow/.local/lib/python3.12/site-packages/airflow/example_dags/example_task_group_decorator.py for tasks to queue
[2024-06-02T19:57:00.334+0000] {logging_mixin.py:188} INFO - [2024-06-02T19:57:00.334+0000] {dagbag.py:545} INFO - Filling up the DagBag from /home/airflow/.local/lib/python3.12/site-packages/airflow/example_dags/example_task_group_decorator.py
[2024-06-02T19:57:00.343+0000] {processor.py:840} INFO - DAG(s) 'example_task_group_decorator' retrieved from /home/airflow/.local/lib/python3.12/site-packages/airflow/example_dags/example_task_group_decorator.py
[2024-06-02T19:57:00.357+0000] {logging_mixin.py:188} INFO - [2024-06-02T19:57:00.357+0000] {dag.py:3096} INFO - Sync 1 DAGs
[2024-06-02T19:57:00.369+0000] {logging_mixin.py:188} INFO - [2024-06-02T19:57:00.369+0000] {dag.py:3954} INFO - Setting next_dagrun for example_task_group_decorator to 2024-06-01 00:00:00+00:00, run_after=2024-06-02 00:00:00+00:00
[2024-06-02T19:57:00.380+0000] {processor.py:183} INFO - Processing /home/airflow/.local/lib/python3.12/site-packages/airflow/example_dags/example_task_group_decorator.py took 0.051 seconds
[2024-06-02T19:57:31.017+0000] {processor.py:161} INFO - Started process (PID=1865) to work on /home/airflow/.local/lib/python3.12/site-packages/airflow/example_dags/example_task_group_decorator.py
[2024-06-02T19:57:31.017+0000] {processor.py:830} INFO - Processing file /home/airflow/.local/lib/python3.12/site-packages/airflow/example_dags/example_task_group_decorator.py for tasks to queue
[2024-06-02T19:57:31.019+0000] {logging_mixin.py:188} INFO - [2024-06-02T19:57:31.018+0000] {dagbag.py:545} INFO - Filling up the DagBag from /home/airflow/.local/lib/python3.12/site-packages/airflow/example_dags/example_task_group_decorator.py
[2024-06-02T19:57:31.027+0000] {processor.py:840} INFO - DAG(s) 'example_task_group_decorator' retrieved from /home/airflow/.local/lib/python3.12/site-packages/airflow/example_dags/example_task_group_decorator.py
[2024-06-02T19:57:31.042+0000] {logging_mixin.py:188} INFO - [2024-06-02T19:57:31.042+0000] {dag.py:3096} INFO - Sync 1 DAGs
[2024-06-02T19:57:31.055+0000] {logging_mixin.py:188} INFO - [2024-06-02T19:57:31.055+0000] {dag.py:3954} INFO - Setting next_dagrun for example_task_group_decorator to 2024-06-01 00:00:00+00:00, run_after=2024-06-02 00:00:00+00:00
[2024-06-02T19:57:31.157+0000] {processor.py:183} INFO - Processing /home/airflow/.local/lib/python3.12/site-packages/airflow/example_dags/example_task_group_decorator.py took 0.144 seconds
[2024-06-02T19:58:02.014+0000] {processor.py:161} INFO - Started process (PID=1923) to work on /home/airflow/.local/lib/python3.12/site-packages/airflow/example_dags/example_task_group_decorator.py
[2024-06-02T19:58:02.014+0000] {processor.py:830} INFO - Processing file /home/airflow/.local/lib/python3.12/site-packages/airflow/example_dags/example_task_group_decorator.py for tasks to queue
[2024-06-02T19:58:02.016+0000] {logging_mixin.py:188} INFO - [2024-06-02T19:58:02.016+0000] {dagbag.py:545} INFO - Filling up the DagBag from /home/airflow/.local/lib/python3.12/site-packages/airflow/example_dags/example_task_group_decorator.py
[2024-06-02T19:58:02.025+0000] {processor.py:840} INFO - DAG(s) 'example_task_group_decorator' retrieved from /home/airflow/.local/lib/python3.12/site-packages/airflow/example_dags/example_task_group_decorator.py
[2024-06-02T19:58:02.042+0000] {logging_mixin.py:188} INFO - [2024-06-02T19:58:02.042+0000] {dag.py:3096} INFO - Sync 1 DAGs
[2024-06-02T19:58:02.057+0000] {logging_mixin.py:188} INFO - [2024-06-02T19:58:02.057+0000] {dag.py:3954} INFO - Setting next_dagrun for example_task_group_decorator to 2024-06-01 00:00:00+00:00, run_after=2024-06-02 00:00:00+00:00
[2024-06-02T19:58:02.069+0000] {processor.py:183} INFO - Processing /home/airflow/.local/lib/python3.12/site-packages/airflow/example_dags/example_task_group_decorator.py took 0.058 seconds
[2024-06-02T19:58:32.805+0000] {processor.py:161} INFO - Started process (PID=1981) to work on /home/airflow/.local/lib/python3.12/site-packages/airflow/example_dags/example_task_group_decorator.py
[2024-06-02T19:58:32.805+0000] {processor.py:830} INFO - Processing file /home/airflow/.local/lib/python3.12/site-packages/airflow/example_dags/example_task_group_decorator.py for tasks to queue
[2024-06-02T19:58:32.806+0000] {logging_mixin.py:188} INFO - [2024-06-02T19:58:32.806+0000] {dagbag.py:545} INFO - Filling up the DagBag from /home/airflow/.local/lib/python3.12/site-packages/airflow/example_dags/example_task_group_decorator.py
[2024-06-02T19:58:32.815+0000] {processor.py:840} INFO - DAG(s) 'example_task_group_decorator' retrieved from /home/airflow/.local/lib/python3.12/site-packages/airflow/example_dags/example_task_group_decorator.py
[2024-06-02T19:58:32.829+0000] {logging_mixin.py:188} INFO - [2024-06-02T19:58:32.829+0000] {dag.py:3096} INFO - Sync 1 DAGs
[2024-06-02T19:58:32.841+0000] {logging_mixin.py:188} INFO - [2024-06-02T19:58:32.841+0000] {dag.py:3954} INFO - Setting next_dagrun for example_task_group_decorator to 2024-06-01 00:00:00+00:00, run_after=2024-06-02 00:00:00+00:00
[2024-06-02T19:58:32.851+0000] {processor.py:183} INFO - Processing /home/airflow/.local/lib/python3.12/site-packages/airflow/example_dags/example_task_group_decorator.py took 0.049 seconds
[2024-06-02T19:59:03.016+0000] {processor.py:161} INFO - Started process (PID=2039) to work on /home/airflow/.local/lib/python3.12/site-packages/airflow/example_dags/example_task_group_decorator.py
[2024-06-02T19:59:03.017+0000] {processor.py:830} INFO - Processing file /home/airflow/.local/lib/python3.12/site-packages/airflow/example_dags/example_task_group_decorator.py for tasks to queue
[2024-06-02T19:59:03.019+0000] {logging_mixin.py:188} INFO - [2024-06-02T19:59:03.018+0000] {dagbag.py:545} INFO - Filling up the DagBag from /home/airflow/.local/lib/python3.12/site-packages/airflow/example_dags/example_task_group_decorator.py
[2024-06-02T19:59:03.027+0000] {processor.py:840} INFO - DAG(s) 'example_task_group_decorator' retrieved from /home/airflow/.local/lib/python3.12/site-packages/airflow/example_dags/example_task_group_decorator.py
[2024-06-02T19:59:03.042+0000] {logging_mixin.py:188} INFO - [2024-06-02T19:59:03.042+0000] {dag.py:3096} INFO - Sync 1 DAGs
[2024-06-02T19:59:03.054+0000] {logging_mixin.py:188} INFO - [2024-06-02T19:59:03.054+0000] {dag.py:3954} INFO - Setting next_dagrun for example_task_group_decorator to 2024-06-01 00:00:00+00:00, run_after=2024-06-02 00:00:00+00:00
[2024-06-02T19:59:03.064+0000] {processor.py:183} INFO - Processing /home/airflow/.local/lib/python3.12/site-packages/airflow/example_dags/example_task_group_decorator.py took 0.052 seconds
[2024-06-02T19:59:33.507+0000] {processor.py:161} INFO - Started process (PID=2097) to work on /home/airflow/.local/lib/python3.12/site-packages/airflow/example_dags/example_task_group_decorator.py
[2024-06-02T19:59:33.508+0000] {processor.py:830} INFO - Processing file /home/airflow/.local/lib/python3.12/site-packages/airflow/example_dags/example_task_group_decorator.py for tasks to queue
[2024-06-02T19:59:33.510+0000] {logging_mixin.py:188} INFO - [2024-06-02T19:59:33.509+0000] {dagbag.py:545} INFO - Filling up the DagBag from /home/airflow/.local/lib/python3.12/site-packages/airflow/example_dags/example_task_group_decorator.py
[2024-06-02T19:59:33.518+0000] {processor.py:840} INFO - DAG(s) 'example_task_group_decorator' retrieved from /home/airflow/.local/lib/python3.12/site-packages/airflow/example_dags/example_task_group_decorator.py
[2024-06-02T19:59:33.532+0000] {logging_mixin.py:188} INFO - [2024-06-02T19:59:33.532+0000] {dag.py:3096} INFO - Sync 1 DAGs
[2024-06-02T19:59:33.545+0000] {logging_mixin.py:188} INFO - [2024-06-02T19:59:33.545+0000] {dag.py:3954} INFO - Setting next_dagrun for example_task_group_decorator to 2024-06-01 00:00:00+00:00, run_after=2024-06-02 00:00:00+00:00
[2024-06-02T19:59:33.555+0000] {processor.py:183} INFO - Processing /home/airflow/.local/lib/python3.12/site-packages/airflow/example_dags/example_task_group_decorator.py took 0.051 seconds
[2024-06-02T20:00:04.535+0000] {processor.py:161} INFO - Started process (PID=2155) to work on /home/airflow/.local/lib/python3.12/site-packages/airflow/example_dags/example_task_group_decorator.py
[2024-06-02T20:00:04.536+0000] {processor.py:830} INFO - Processing file /home/airflow/.local/lib/python3.12/site-packages/airflow/example_dags/example_task_group_decorator.py for tasks to queue
[2024-06-02T20:00:04.537+0000] {logging_mixin.py:188} INFO - [2024-06-02T20:00:04.537+0000] {dagbag.py:545} INFO - Filling up the DagBag from /home/airflow/.local/lib/python3.12/site-packages/airflow/example_dags/example_task_group_decorator.py
[2024-06-02T20:00:04.545+0000] {processor.py:840} INFO - DAG(s) 'example_task_group_decorator' retrieved from /home/airflow/.local/lib/python3.12/site-packages/airflow/example_dags/example_task_group_decorator.py
[2024-06-02T20:00:04.561+0000] {logging_mixin.py:188} INFO - [2024-06-02T20:00:04.561+0000] {dag.py:3096} INFO - Sync 1 DAGs
[2024-06-02T20:00:04.574+0000] {logging_mixin.py:188} INFO - [2024-06-02T20:00:04.574+0000] {dag.py:3954} INFO - Setting next_dagrun for example_task_group_decorator to 2024-06-01 00:00:00+00:00, run_after=2024-06-02 00:00:00+00:00
[2024-06-02T20:00:04.585+0000] {processor.py:183} INFO - Processing /home/airflow/.local/lib/python3.12/site-packages/airflow/example_dags/example_task_group_decorator.py took 0.054 seconds
[2024-06-02T20:00:35.262+0000] {processor.py:161} INFO - Started process (PID=2213) to work on /home/airflow/.local/lib/python3.12/site-packages/airflow/example_dags/example_task_group_decorator.py
[2024-06-02T20:00:35.263+0000] {processor.py:830} INFO - Processing file /home/airflow/.local/lib/python3.12/site-packages/airflow/example_dags/example_task_group_decorator.py for tasks to queue
[2024-06-02T20:00:35.264+0000] {logging_mixin.py:188} INFO - [2024-06-02T20:00:35.264+0000] {dagbag.py:545} INFO - Filling up the DagBag from /home/airflow/.local/lib/python3.12/site-packages/airflow/example_dags/example_task_group_decorator.py
[2024-06-02T20:00:35.363+0000] {processor.py:840} INFO - DAG(s) 'example_task_group_decorator' retrieved from /home/airflow/.local/lib/python3.12/site-packages/airflow/example_dags/example_task_group_decorator.py
[2024-06-02T20:00:35.377+0000] {logging_mixin.py:188} INFO - [2024-06-02T20:00:35.377+0000] {dag.py:3096} INFO - Sync 1 DAGs
[2024-06-02T20:00:35.389+0000] {logging_mixin.py:188} INFO - [2024-06-02T20:00:35.389+0000] {dag.py:3954} INFO - Setting next_dagrun for example_task_group_decorator to 2024-06-01 00:00:00+00:00, run_after=2024-06-02 00:00:00+00:00
[2024-06-02T20:00:35.400+0000] {processor.py:183} INFO - Processing /home/airflow/.local/lib/python3.12/site-packages/airflow/example_dags/example_task_group_decorator.py took 0.141 seconds
[2024-06-02T20:01:05.706+0000] {processor.py:161} INFO - Started process (PID=2271) to work on /home/airflow/.local/lib/python3.12/site-packages/airflow/example_dags/example_task_group_decorator.py
[2024-06-02T20:01:05.707+0000] {processor.py:830} INFO - Processing file /home/airflow/.local/lib/python3.12/site-packages/airflow/example_dags/example_task_group_decorator.py for tasks to queue
[2024-06-02T20:01:05.708+0000] {logging_mixin.py:188} INFO - [2024-06-02T20:01:05.708+0000] {dagbag.py:545} INFO - Filling up the DagBag from /home/airflow/.local/lib/python3.12/site-packages/airflow/example_dags/example_task_group_decorator.py
[2024-06-02T20:01:05.717+0000] {processor.py:840} INFO - DAG(s) 'example_task_group_decorator' retrieved from /home/airflow/.local/lib/python3.12/site-packages/airflow/example_dags/example_task_group_decorator.py
[2024-06-02T20:01:05.731+0000] {logging_mixin.py:188} INFO - [2024-06-02T20:01:05.731+0000] {dag.py:3096} INFO - Sync 1 DAGs
[2024-06-02T20:01:05.744+0000] {logging_mixin.py:188} INFO - [2024-06-02T20:01:05.743+0000] {dag.py:3954} INFO - Setting next_dagrun for example_task_group_decorator to 2024-06-01 00:00:00+00:00, run_after=2024-06-02 00:00:00+00:00
[2024-06-02T20:01:05.754+0000] {processor.py:183} INFO - Processing /home/airflow/.local/lib/python3.12/site-packages/airflow/example_dags/example_task_group_decorator.py took 0.051 seconds
[2024-06-02T20:01:36.490+0000] {processor.py:161} INFO - Started process (PID=2329) to work on /home/airflow/.local/lib/python3.12/site-packages/airflow/example_dags/example_task_group_decorator.py
[2024-06-02T20:01:36.490+0000] {processor.py:830} INFO - Processing file /home/airflow/.local/lib/python3.12/site-packages/airflow/example_dags/example_task_group_decorator.py for tasks to queue
[2024-06-02T20:01:36.491+0000] {logging_mixin.py:188} INFO - [2024-06-02T20:01:36.491+0000] {dagbag.py:545} INFO - Filling up the DagBag from /home/airflow/.local/lib/python3.12/site-packages/airflow/example_dags/example_task_group_decorator.py
[2024-06-02T20:01:36.499+0000] {processor.py:840} INFO - DAG(s) 'example_task_group_decorator' retrieved from /home/airflow/.local/lib/python3.12/site-packages/airflow/example_dags/example_task_group_decorator.py
[2024-06-02T20:01:36.514+0000] {logging_mixin.py:188} INFO - [2024-06-02T20:01:36.514+0000] {dag.py:3096} INFO - Sync 1 DAGs
[2024-06-02T20:01:36.525+0000] {logging_mixin.py:188} INFO - [2024-06-02T20:01:36.525+0000] {dag.py:3954} INFO - Setting next_dagrun for example_task_group_decorator to 2024-06-01 00:00:00+00:00, run_after=2024-06-02 00:00:00+00:00
[2024-06-02T20:01:36.536+0000] {processor.py:183} INFO - Processing /home/airflow/.local/lib/python3.12/site-packages/airflow/example_dags/example_task_group_decorator.py took 0.049 seconds
[2024-06-02T20:02:07.312+0000] {processor.py:161} INFO - Started process (PID=2387) to work on /home/airflow/.local/lib/python3.12/site-packages/airflow/example_dags/example_task_group_decorator.py
[2024-06-02T20:02:07.313+0000] {processor.py:830} INFO - Processing file /home/airflow/.local/lib/python3.12/site-packages/airflow/example_dags/example_task_group_decorator.py for tasks to queue
[2024-06-02T20:02:07.314+0000] {logging_mixin.py:188} INFO - [2024-06-02T20:02:07.314+0000] {dagbag.py:545} INFO - Filling up the DagBag from /home/airflow/.local/lib/python3.12/site-packages/airflow/example_dags/example_task_group_decorator.py
[2024-06-02T20:02:07.322+0000] {processor.py:840} INFO - DAG(s) 'example_task_group_decorator' retrieved from /home/airflow/.local/lib/python3.12/site-packages/airflow/example_dags/example_task_group_decorator.py
[2024-06-02T20:02:07.336+0000] {logging_mixin.py:188} INFO - [2024-06-02T20:02:07.336+0000] {dag.py:3096} INFO - Sync 1 DAGs
[2024-06-02T20:02:07.348+0000] {logging_mixin.py:188} INFO - [2024-06-02T20:02:07.348+0000] {dag.py:3954} INFO - Setting next_dagrun for example_task_group_decorator to 2024-06-01 00:00:00+00:00, run_after=2024-06-02 00:00:00+00:00
[2024-06-02T20:02:07.358+0000] {processor.py:183} INFO - Processing /home/airflow/.local/lib/python3.12/site-packages/airflow/example_dags/example_task_group_decorator.py took 0.049 seconds
[2024-06-02T20:02:38.011+0000] {processor.py:161} INFO - Started process (PID=2445) to work on /home/airflow/.local/lib/python3.12/site-packages/airflow/example_dags/example_task_group_decorator.py
[2024-06-02T20:02:38.011+0000] {processor.py:830} INFO - Processing file /home/airflow/.local/lib/python3.12/site-packages/airflow/example_dags/example_task_group_decorator.py for tasks to queue
[2024-06-02T20:02:38.012+0000] {logging_mixin.py:188} INFO - [2024-06-02T20:02:38.012+0000] {dagbag.py:545} INFO - Filling up the DagBag from /home/airflow/.local/lib/python3.12/site-packages/airflow/example_dags/example_task_group_decorator.py
[2024-06-02T20:02:38.021+0000] {processor.py:840} INFO - DAG(s) 'example_task_group_decorator' retrieved from /home/airflow/.local/lib/python3.12/site-packages/airflow/example_dags/example_task_group_decorator.py
[2024-06-02T20:02:38.036+0000] {logging_mixin.py:188} INFO - [2024-06-02T20:02:38.036+0000] {dag.py:3096} INFO - Sync 1 DAGs
[2024-06-02T20:02:38.048+0000] {logging_mixin.py:188} INFO - [2024-06-02T20:02:38.048+0000] {dag.py:3954} INFO - Setting next_dagrun for example_task_group_decorator to 2024-06-01 00:00:00+00:00, run_after=2024-06-02 00:00:00+00:00
[2024-06-02T20:02:38.058+0000] {processor.py:183} INFO - Processing /home/airflow/.local/lib/python3.12/site-packages/airflow/example_dags/example_task_group_decorator.py took 0.051 seconds
[2024-06-02T20:03:08.615+0000] {processor.py:161} INFO - Started process (PID=2503) to work on /home/airflow/.local/lib/python3.12/site-packages/airflow/example_dags/example_task_group_decorator.py
[2024-06-02T20:03:08.616+0000] {processor.py:830} INFO - Processing file /home/airflow/.local/lib/python3.12/site-packages/airflow/example_dags/example_task_group_decorator.py for tasks to queue
[2024-06-02T20:03:08.617+0000] {logging_mixin.py:188} INFO - [2024-06-02T20:03:08.617+0000] {dagbag.py:545} INFO - Filling up the DagBag from /home/airflow/.local/lib/python3.12/site-packages/airflow/example_dags/example_task_group_decorator.py
[2024-06-02T20:03:08.625+0000] {processor.py:840} INFO - DAG(s) 'example_task_group_decorator' retrieved from /home/airflow/.local/lib/python3.12/site-packages/airflow/example_dags/example_task_group_decorator.py
[2024-06-02T20:03:08.639+0000] {logging_mixin.py:188} INFO - [2024-06-02T20:03:08.639+0000] {dag.py:3096} INFO - Sync 1 DAGs
[2024-06-02T20:03:08.652+0000] {logging_mixin.py:188} INFO - [2024-06-02T20:03:08.652+0000] {dag.py:3954} INFO - Setting next_dagrun for example_task_group_decorator to 2024-06-01 00:00:00+00:00, run_after=2024-06-02 00:00:00+00:00
[2024-06-02T20:03:08.662+0000] {processor.py:183} INFO - Processing /home/airflow/.local/lib/python3.12/site-packages/airflow/example_dags/example_task_group_decorator.py took 0.051 seconds
[2024-06-02T20:03:39.323+0000] {processor.py:161} INFO - Started process (PID=2561) to work on /home/airflow/.local/lib/python3.12/site-packages/airflow/example_dags/example_task_group_decorator.py
[2024-06-02T20:03:39.324+0000] {processor.py:830} INFO - Processing file /home/airflow/.local/lib/python3.12/site-packages/airflow/example_dags/example_task_group_decorator.py for tasks to queue
[2024-06-02T20:03:39.325+0000] {logging_mixin.py:188} INFO - [2024-06-02T20:03:39.325+0000] {dagbag.py:545} INFO - Filling up the DagBag from /home/airflow/.local/lib/python3.12/site-packages/airflow/example_dags/example_task_group_decorator.py
[2024-06-02T20:03:39.334+0000] {processor.py:840} INFO - DAG(s) 'example_task_group_decorator' retrieved from /home/airflow/.local/lib/python3.12/site-packages/airflow/example_dags/example_task_group_decorator.py
[2024-06-02T20:03:39.349+0000] {logging_mixin.py:188} INFO - [2024-06-02T20:03:39.349+0000] {dag.py:3096} INFO - Sync 1 DAGs
[2024-06-02T20:03:39.361+0000] {logging_mixin.py:188} INFO - [2024-06-02T20:03:39.361+0000] {dag.py:3954} INFO - Setting next_dagrun for example_task_group_decorator to 2024-06-01 00:00:00+00:00, run_after=2024-06-02 00:00:00+00:00
[2024-06-02T20:03:39.373+0000] {processor.py:183} INFO - Processing /home/airflow/.local/lib/python3.12/site-packages/airflow/example_dags/example_task_group_decorator.py took 0.053 seconds
