[2024-06-02T19:29:19.214+0000] {processor.py:161} INFO - Started process (PID=69) to work on /home/airflow/.local/lib/python3.12/site-packages/airflow/example_dags/example_task_group.py
[2024-06-02T19:29:19.215+0000] {processor.py:830} INFO - Processing file /home/airflow/.local/lib/python3.12/site-packages/airflow/example_dags/example_task_group.py for tasks to queue
[2024-06-02T19:29:19.217+0000] {logging_mixin.py:188} INFO - [2024-06-02T19:29:19.216+0000] {dagbag.py:545} INFO - Filling up the DagBag from /home/airflow/.local/lib/python3.12/site-packages/airflow/example_dags/example_task_group.py
[2024-06-02T19:29:19.232+0000] {processor.py:840} INFO - DAG(s) 'example_task_group' retrieved from /home/airflow/.local/lib/python3.12/site-packages/airflow/example_dags/example_task_group.py
[2024-06-02T19:29:19.293+0000] {logging_mixin.py:188} INFO - [2024-06-02T19:29:19.293+0000] {override.py:1829} INFO - Created Permission View: can edit on DAG:example_task_group
[2024-06-02T19:29:19.299+0000] {logging_mixin.py:188} INFO - [2024-06-02T19:29:19.299+0000] {override.py:1829} INFO - Created Permission View: can delete on DAG:example_task_group
[2024-06-02T19:29:19.303+0000] {logging_mixin.py:188} INFO - [2024-06-02T19:29:19.303+0000] {override.py:1829} INFO - Created Permission View: can read on DAG:example_task_group
[2024-06-02T19:29:19.304+0000] {logging_mixin.py:188} INFO - [2024-06-02T19:29:19.304+0000] {dag.py:3096} INFO - Sync 1 DAGs
[2024-06-02T19:29:19.310+0000] {logging_mixin.py:188} INFO - [2024-06-02T19:29:19.310+0000] {dag.py:3118} INFO - Creating ORM DAG for example_task_group
[2024-06-02T19:29:19.316+0000] {logging_mixin.py:188} INFO - [2024-06-02T19:29:19.316+0000] {dag.py:3954} INFO - Setting next_dagrun for example_task_group to 2024-06-01 00:00:00+00:00, run_after=2024-06-02 00:00:00+00:00
[2024-06-02T19:29:19.327+0000] {processor.py:183} INFO - Processing /home/airflow/.local/lib/python3.12/site-packages/airflow/example_dags/example_task_group.py took 0.115 seconds
[2024-06-02T19:29:49.909+0000] {processor.py:161} INFO - Started process (PID=127) to work on /home/airflow/.local/lib/python3.12/site-packages/airflow/example_dags/example_task_group.py
[2024-06-02T19:29:49.910+0000] {processor.py:830} INFO - Processing file /home/airflow/.local/lib/python3.12/site-packages/airflow/example_dags/example_task_group.py for tasks to queue
[2024-06-02T19:29:49.911+0000] {logging_mixin.py:188} INFO - [2024-06-02T19:29:49.911+0000] {dagbag.py:545} INFO - Filling up the DagBag from /home/airflow/.local/lib/python3.12/site-packages/airflow/example_dags/example_task_group.py
[2024-06-02T19:29:49.915+0000] {processor.py:840} INFO - DAG(s) 'example_task_group' retrieved from /home/airflow/.local/lib/python3.12/site-packages/airflow/example_dags/example_task_group.py
[2024-06-02T19:29:49.929+0000] {logging_mixin.py:188} INFO - [2024-06-02T19:29:49.929+0000] {dag.py:3096} INFO - Sync 1 DAGs
[2024-06-02T19:29:49.941+0000] {logging_mixin.py:188} INFO - [2024-06-02T19:29:49.941+0000] {dag.py:3954} INFO - Setting next_dagrun for example_task_group to 2024-06-01 00:00:00+00:00, run_after=2024-06-02 00:00:00+00:00
[2024-06-02T19:29:49.951+0000] {processor.py:183} INFO - Processing /home/airflow/.local/lib/python3.12/site-packages/airflow/example_dags/example_task_group.py took 0.045 seconds
[2024-06-02T19:30:20.562+0000] {processor.py:161} INFO - Started process (PID=185) to work on /home/airflow/.local/lib/python3.12/site-packages/airflow/example_dags/example_task_group.py
[2024-06-02T19:30:20.562+0000] {processor.py:830} INFO - Processing file /home/airflow/.local/lib/python3.12/site-packages/airflow/example_dags/example_task_group.py for tasks to queue
[2024-06-02T19:30:20.563+0000] {logging_mixin.py:188} INFO - [2024-06-02T19:30:20.563+0000] {dagbag.py:545} INFO - Filling up the DagBag from /home/airflow/.local/lib/python3.12/site-packages/airflow/example_dags/example_task_group.py
[2024-06-02T19:30:20.567+0000] {processor.py:840} INFO - DAG(s) 'example_task_group' retrieved from /home/airflow/.local/lib/python3.12/site-packages/airflow/example_dags/example_task_group.py
[2024-06-02T19:30:20.580+0000] {logging_mixin.py:188} INFO - [2024-06-02T19:30:20.580+0000] {dag.py:3096} INFO - Sync 1 DAGs
[2024-06-02T19:30:20.593+0000] {logging_mixin.py:188} INFO - [2024-06-02T19:30:20.593+0000] {dag.py:3954} INFO - Setting next_dagrun for example_task_group to 2024-06-01 00:00:00+00:00, run_after=2024-06-02 00:00:00+00:00
[2024-06-02T19:30:20.603+0000] {processor.py:183} INFO - Processing /home/airflow/.local/lib/python3.12/site-packages/airflow/example_dags/example_task_group.py took 0.045 seconds
[2024-06-02T19:31:20.635+0000] {processor.py:161} INFO - Started process (PID=69) to work on /home/airflow/.local/lib/python3.12/site-packages/airflow/example_dags/example_task_group.py
[2024-06-02T19:31:20.636+0000] {processor.py:830} INFO - Processing file /home/airflow/.local/lib/python3.12/site-packages/airflow/example_dags/example_task_group.py for tasks to queue
[2024-06-02T19:31:20.637+0000] {logging_mixin.py:188} INFO - [2024-06-02T19:31:20.637+0000] {dagbag.py:545} INFO - Filling up the DagBag from /home/airflow/.local/lib/python3.12/site-packages/airflow/example_dags/example_task_group.py
[2024-06-02T19:31:20.641+0000] {processor.py:840} INFO - DAG(s) 'example_task_group' retrieved from /home/airflow/.local/lib/python3.12/site-packages/airflow/example_dags/example_task_group.py
[2024-06-02T19:31:20.648+0000] {logging_mixin.py:188} INFO - [2024-06-02T19:31:20.648+0000] {dag.py:3096} INFO - Sync 1 DAGs
[2024-06-02T19:31:20.661+0000] {logging_mixin.py:188} INFO - [2024-06-02T19:31:20.661+0000] {dag.py:3954} INFO - Setting next_dagrun for example_task_group to 2024-06-01 00:00:00+00:00, run_after=2024-06-02 00:00:00+00:00
[2024-06-02T19:31:20.671+0000] {processor.py:183} INFO - Processing /home/airflow/.local/lib/python3.12/site-packages/airflow/example_dags/example_task_group.py took 0.039 seconds
[2024-06-02T19:31:52.255+0000] {processor.py:161} INFO - Started process (PID=127) to work on /home/airflow/.local/lib/python3.12/site-packages/airflow/example_dags/example_task_group.py
[2024-06-02T19:31:52.256+0000] {processor.py:830} INFO - Processing file /home/airflow/.local/lib/python3.12/site-packages/airflow/example_dags/example_task_group.py for tasks to queue
[2024-06-02T19:31:52.257+0000] {logging_mixin.py:188} INFO - [2024-06-02T19:31:52.257+0000] {dagbag.py:545} INFO - Filling up the DagBag from /home/airflow/.local/lib/python3.12/site-packages/airflow/example_dags/example_task_group.py
[2024-06-02T19:31:52.261+0000] {processor.py:840} INFO - DAG(s) 'example_task_group' retrieved from /home/airflow/.local/lib/python3.12/site-packages/airflow/example_dags/example_task_group.py
[2024-06-02T19:31:52.324+0000] {logging_mixin.py:188} INFO - [2024-06-02T19:31:52.324+0000] {dag.py:3096} INFO - Sync 1 DAGs
[2024-06-02T19:31:52.336+0000] {logging_mixin.py:188} INFO - [2024-06-02T19:31:52.336+0000] {dag.py:3954} INFO - Setting next_dagrun for example_task_group to 2024-06-01 00:00:00+00:00, run_after=2024-06-02 00:00:00+00:00
[2024-06-02T19:31:52.347+0000] {processor.py:183} INFO - Processing /home/airflow/.local/lib/python3.12/site-packages/airflow/example_dags/example_task_group.py took 0.095 seconds
[2024-06-02T19:32:23.117+0000] {processor.py:161} INFO - Started process (PID=185) to work on /home/airflow/.local/lib/python3.12/site-packages/airflow/example_dags/example_task_group.py
[2024-06-02T19:32:23.118+0000] {processor.py:830} INFO - Processing file /home/airflow/.local/lib/python3.12/site-packages/airflow/example_dags/example_task_group.py for tasks to queue
[2024-06-02T19:32:23.120+0000] {logging_mixin.py:188} INFO - [2024-06-02T19:32:23.119+0000] {dagbag.py:545} INFO - Filling up the DagBag from /home/airflow/.local/lib/python3.12/site-packages/airflow/example_dags/example_task_group.py
[2024-06-02T19:32:23.124+0000] {processor.py:840} INFO - DAG(s) 'example_task_group' retrieved from /home/airflow/.local/lib/python3.12/site-packages/airflow/example_dags/example_task_group.py
[2024-06-02T19:32:23.137+0000] {logging_mixin.py:188} INFO - [2024-06-02T19:32:23.137+0000] {dag.py:3096} INFO - Sync 1 DAGs
[2024-06-02T19:32:23.150+0000] {logging_mixin.py:188} INFO - [2024-06-02T19:32:23.150+0000] {dag.py:3954} INFO - Setting next_dagrun for example_task_group to 2024-06-01 00:00:00+00:00, run_after=2024-06-02 00:00:00+00:00
[2024-06-02T19:32:23.160+0000] {processor.py:183} INFO - Processing /home/airflow/.local/lib/python3.12/site-packages/airflow/example_dags/example_task_group.py took 0.046 seconds
[2024-06-02T19:32:53.834+0000] {processor.py:161} INFO - Started process (PID=243) to work on /home/airflow/.local/lib/python3.12/site-packages/airflow/example_dags/example_task_group.py
[2024-06-02T19:32:53.835+0000] {processor.py:830} INFO - Processing file /home/airflow/.local/lib/python3.12/site-packages/airflow/example_dags/example_task_group.py for tasks to queue
[2024-06-02T19:32:53.836+0000] {logging_mixin.py:188} INFO - [2024-06-02T19:32:53.836+0000] {dagbag.py:545} INFO - Filling up the DagBag from /home/airflow/.local/lib/python3.12/site-packages/airflow/example_dags/example_task_group.py
[2024-06-02T19:32:53.840+0000] {processor.py:840} INFO - DAG(s) 'example_task_group' retrieved from /home/airflow/.local/lib/python3.12/site-packages/airflow/example_dags/example_task_group.py
[2024-06-02T19:32:53.851+0000] {logging_mixin.py:188} INFO - [2024-06-02T19:32:53.851+0000] {dag.py:3096} INFO - Sync 1 DAGs
[2024-06-02T19:32:53.863+0000] {logging_mixin.py:188} INFO - [2024-06-02T19:32:53.863+0000] {dag.py:3954} INFO - Setting next_dagrun for example_task_group to 2024-06-01 00:00:00+00:00, run_after=2024-06-02 00:00:00+00:00
[2024-06-02T19:32:53.873+0000] {processor.py:183} INFO - Processing /home/airflow/.local/lib/python3.12/site-packages/airflow/example_dags/example_task_group.py took 0.042 seconds
[2024-06-02T19:33:24.448+0000] {processor.py:161} INFO - Started process (PID=301) to work on /home/airflow/.local/lib/python3.12/site-packages/airflow/example_dags/example_task_group.py
[2024-06-02T19:33:24.448+0000] {processor.py:830} INFO - Processing file /home/airflow/.local/lib/python3.12/site-packages/airflow/example_dags/example_task_group.py for tasks to queue
[2024-06-02T19:33:24.449+0000] {logging_mixin.py:188} INFO - [2024-06-02T19:33:24.449+0000] {dagbag.py:545} INFO - Filling up the DagBag from /home/airflow/.local/lib/python3.12/site-packages/airflow/example_dags/example_task_group.py
[2024-06-02T19:33:24.453+0000] {processor.py:840} INFO - DAG(s) 'example_task_group' retrieved from /home/airflow/.local/lib/python3.12/site-packages/airflow/example_dags/example_task_group.py
[2024-06-02T19:33:24.465+0000] {logging_mixin.py:188} INFO - [2024-06-02T19:33:24.465+0000] {dag.py:3096} INFO - Sync 1 DAGs
[2024-06-02T19:33:24.477+0000] {logging_mixin.py:188} INFO - [2024-06-02T19:33:24.477+0000] {dag.py:3954} INFO - Setting next_dagrun for example_task_group to 2024-06-01 00:00:00+00:00, run_after=2024-06-02 00:00:00+00:00
[2024-06-02T19:33:24.487+0000] {processor.py:183} INFO - Processing /home/airflow/.local/lib/python3.12/site-packages/airflow/example_dags/example_task_group.py took 0.043 seconds
[2024-06-02T19:33:55.183+0000] {processor.py:161} INFO - Started process (PID=358) to work on /home/airflow/.local/lib/python3.12/site-packages/airflow/example_dags/example_task_group.py
[2024-06-02T19:33:55.184+0000] {processor.py:830} INFO - Processing file /home/airflow/.local/lib/python3.12/site-packages/airflow/example_dags/example_task_group.py for tasks to queue
[2024-06-02T19:33:55.185+0000] {logging_mixin.py:188} INFO - [2024-06-02T19:33:55.185+0000] {dagbag.py:545} INFO - Filling up the DagBag from /home/airflow/.local/lib/python3.12/site-packages/airflow/example_dags/example_task_group.py
[2024-06-02T19:33:55.189+0000] {processor.py:840} INFO - DAG(s) 'example_task_group' retrieved from /home/airflow/.local/lib/python3.12/site-packages/airflow/example_dags/example_task_group.py
[2024-06-02T19:33:55.200+0000] {logging_mixin.py:188} INFO - [2024-06-02T19:33:55.200+0000] {dag.py:3096} INFO - Sync 1 DAGs
[2024-06-02T19:33:55.212+0000] {logging_mixin.py:188} INFO - [2024-06-02T19:33:55.212+0000] {dag.py:3954} INFO - Setting next_dagrun for example_task_group to 2024-06-01 00:00:00+00:00, run_after=2024-06-02 00:00:00+00:00
[2024-06-02T19:33:55.222+0000] {processor.py:183} INFO - Processing /home/airflow/.local/lib/python3.12/site-packages/airflow/example_dags/example_task_group.py took 0.042 seconds
[2024-06-02T19:34:25.923+0000] {processor.py:161} INFO - Started process (PID=416) to work on /home/airflow/.local/lib/python3.12/site-packages/airflow/example_dags/example_task_group.py
[2024-06-02T19:34:25.924+0000] {processor.py:830} INFO - Processing file /home/airflow/.local/lib/python3.12/site-packages/airflow/example_dags/example_task_group.py for tasks to queue
[2024-06-02T19:34:25.925+0000] {logging_mixin.py:188} INFO - [2024-06-02T19:34:25.925+0000] {dagbag.py:545} INFO - Filling up the DagBag from /home/airflow/.local/lib/python3.12/site-packages/airflow/example_dags/example_task_group.py
[2024-06-02T19:34:25.929+0000] {processor.py:840} INFO - DAG(s) 'example_task_group' retrieved from /home/airflow/.local/lib/python3.12/site-packages/airflow/example_dags/example_task_group.py
[2024-06-02T19:34:25.941+0000] {logging_mixin.py:188} INFO - [2024-06-02T19:34:25.941+0000] {dag.py:3096} INFO - Sync 1 DAGs
[2024-06-02T19:34:25.953+0000] {logging_mixin.py:188} INFO - [2024-06-02T19:34:25.953+0000] {dag.py:3954} INFO - Setting next_dagrun for example_task_group to 2024-06-01 00:00:00+00:00, run_after=2024-06-02 00:00:00+00:00
[2024-06-02T19:34:25.963+0000] {processor.py:183} INFO - Processing /home/airflow/.local/lib/python3.12/site-packages/airflow/example_dags/example_task_group.py took 0.042 seconds
[2024-06-02T19:34:56.667+0000] {processor.py:161} INFO - Started process (PID=474) to work on /home/airflow/.local/lib/python3.12/site-packages/airflow/example_dags/example_task_group.py
[2024-06-02T19:34:56.667+0000] {processor.py:830} INFO - Processing file /home/airflow/.local/lib/python3.12/site-packages/airflow/example_dags/example_task_group.py for tasks to queue
[2024-06-02T19:34:56.669+0000] {logging_mixin.py:188} INFO - [2024-06-02T19:34:56.669+0000] {dagbag.py:545} INFO - Filling up the DagBag from /home/airflow/.local/lib/python3.12/site-packages/airflow/example_dags/example_task_group.py
[2024-06-02T19:34:56.673+0000] {processor.py:840} INFO - DAG(s) 'example_task_group' retrieved from /home/airflow/.local/lib/python3.12/site-packages/airflow/example_dags/example_task_group.py
[2024-06-02T19:34:56.686+0000] {logging_mixin.py:188} INFO - [2024-06-02T19:34:56.686+0000] {dag.py:3096} INFO - Sync 1 DAGs
[2024-06-02T19:34:56.699+0000] {logging_mixin.py:188} INFO - [2024-06-02T19:34:56.699+0000] {dag.py:3954} INFO - Setting next_dagrun for example_task_group to 2024-06-01 00:00:00+00:00, run_after=2024-06-02 00:00:00+00:00
[2024-06-02T19:34:56.709+0000] {processor.py:183} INFO - Processing /home/airflow/.local/lib/python3.12/site-packages/airflow/example_dags/example_task_group.py took 0.046 seconds
[2024-06-02T19:35:27.301+0000] {processor.py:161} INFO - Started process (PID=532) to work on /home/airflow/.local/lib/python3.12/site-packages/airflow/example_dags/example_task_group.py
[2024-06-02T19:35:27.302+0000] {processor.py:830} INFO - Processing file /home/airflow/.local/lib/python3.12/site-packages/airflow/example_dags/example_task_group.py for tasks to queue
[2024-06-02T19:35:27.303+0000] {logging_mixin.py:188} INFO - [2024-06-02T19:35:27.303+0000] {dagbag.py:545} INFO - Filling up the DagBag from /home/airflow/.local/lib/python3.12/site-packages/airflow/example_dags/example_task_group.py
[2024-06-02T19:35:27.307+0000] {processor.py:840} INFO - DAG(s) 'example_task_group' retrieved from /home/airflow/.local/lib/python3.12/site-packages/airflow/example_dags/example_task_group.py
[2024-06-02T19:35:27.319+0000] {logging_mixin.py:188} INFO - [2024-06-02T19:35:27.319+0000] {dag.py:3096} INFO - Sync 1 DAGs
[2024-06-02T19:35:27.331+0000] {logging_mixin.py:188} INFO - [2024-06-02T19:35:27.331+0000] {dag.py:3954} INFO - Setting next_dagrun for example_task_group to 2024-06-01 00:00:00+00:00, run_after=2024-06-02 00:00:00+00:00
[2024-06-02T19:35:27.342+0000] {processor.py:183} INFO - Processing /home/airflow/.local/lib/python3.12/site-packages/airflow/example_dags/example_task_group.py took 0.044 seconds
[2024-06-02T19:36:20.268+0000] {processor.py:161} INFO - Started process (PID=87) to work on /home/airflow/.local/lib/python3.12/site-packages/airflow/example_dags/example_task_group.py
[2024-06-02T19:36:20.268+0000] {processor.py:830} INFO - Processing file /home/airflow/.local/lib/python3.12/site-packages/airflow/example_dags/example_task_group.py for tasks to queue
[2024-06-02T19:36:20.269+0000] {logging_mixin.py:188} INFO - [2024-06-02T19:36:20.269+0000] {dagbag.py:545} INFO - Filling up the DagBag from /home/airflow/.local/lib/python3.12/site-packages/airflow/example_dags/example_task_group.py
[2024-06-02T19:36:20.274+0000] {processor.py:840} INFO - DAG(s) 'example_task_group' retrieved from /home/airflow/.local/lib/python3.12/site-packages/airflow/example_dags/example_task_group.py
[2024-06-02T19:36:20.281+0000] {logging_mixin.py:188} INFO - [2024-06-02T19:36:20.281+0000] {dag.py:3096} INFO - Sync 1 DAGs
[2024-06-02T19:36:20.295+0000] {logging_mixin.py:188} INFO - [2024-06-02T19:36:20.295+0000] {dag.py:3954} INFO - Setting next_dagrun for example_task_group to 2024-06-01 00:00:00+00:00, run_after=2024-06-02 00:00:00+00:00
[2024-06-02T19:36:20.307+0000] {processor.py:183} INFO - Processing /home/airflow/.local/lib/python3.12/site-packages/airflow/example_dags/example_task_group.py took 0.043 seconds
[2024-06-02T19:36:51.668+0000] {processor.py:161} INFO - Started process (PID=145) to work on /home/airflow/.local/lib/python3.12/site-packages/airflow/example_dags/example_task_group.py
[2024-06-02T19:36:51.669+0000] {processor.py:830} INFO - Processing file /home/airflow/.local/lib/python3.12/site-packages/airflow/example_dags/example_task_group.py for tasks to queue
[2024-06-02T19:36:51.670+0000] {logging_mixin.py:188} INFO - [2024-06-02T19:36:51.670+0000] {dagbag.py:545} INFO - Filling up the DagBag from /home/airflow/.local/lib/python3.12/site-packages/airflow/example_dags/example_task_group.py
[2024-06-02T19:36:51.674+0000] {processor.py:840} INFO - DAG(s) 'example_task_group' retrieved from /home/airflow/.local/lib/python3.12/site-packages/airflow/example_dags/example_task_group.py
[2024-06-02T19:36:51.729+0000] {logging_mixin.py:188} INFO - [2024-06-02T19:36:51.729+0000] {dag.py:3096} INFO - Sync 1 DAGs
[2024-06-02T19:36:51.742+0000] {logging_mixin.py:188} INFO - [2024-06-02T19:36:51.742+0000] {dag.py:3954} INFO - Setting next_dagrun for example_task_group to 2024-06-01 00:00:00+00:00, run_after=2024-06-02 00:00:00+00:00
[2024-06-02T19:36:51.753+0000] {processor.py:183} INFO - Processing /home/airflow/.local/lib/python3.12/site-packages/airflow/example_dags/example_task_group.py took 0.087 seconds
[2024-06-02T19:37:22.413+0000] {processor.py:161} INFO - Started process (PID=203) to work on /home/airflow/.local/lib/python3.12/site-packages/airflow/example_dags/example_task_group.py
[2024-06-02T19:37:22.414+0000] {processor.py:830} INFO - Processing file /home/airflow/.local/lib/python3.12/site-packages/airflow/example_dags/example_task_group.py for tasks to queue
[2024-06-02T19:37:22.415+0000] {logging_mixin.py:188} INFO - [2024-06-02T19:37:22.415+0000] {dagbag.py:545} INFO - Filling up the DagBag from /home/airflow/.local/lib/python3.12/site-packages/airflow/example_dags/example_task_group.py
[2024-06-02T19:37:22.419+0000] {processor.py:840} INFO - DAG(s) 'example_task_group' retrieved from /home/airflow/.local/lib/python3.12/site-packages/airflow/example_dags/example_task_group.py
[2024-06-02T19:37:22.431+0000] {logging_mixin.py:188} INFO - [2024-06-02T19:37:22.431+0000] {dag.py:3096} INFO - Sync 1 DAGs
[2024-06-02T19:37:22.444+0000] {logging_mixin.py:188} INFO - [2024-06-02T19:37:22.444+0000] {dag.py:3954} INFO - Setting next_dagrun for example_task_group to 2024-06-01 00:00:00+00:00, run_after=2024-06-02 00:00:00+00:00
[2024-06-02T19:37:22.454+0000] {processor.py:183} INFO - Processing /home/airflow/.local/lib/python3.12/site-packages/airflow/example_dags/example_task_group.py took 0.044 seconds
[2024-06-02T19:37:53.116+0000] {processor.py:161} INFO - Started process (PID=261) to work on /home/airflow/.local/lib/python3.12/site-packages/airflow/example_dags/example_task_group.py
[2024-06-02T19:37:53.117+0000] {processor.py:830} INFO - Processing file /home/airflow/.local/lib/python3.12/site-packages/airflow/example_dags/example_task_group.py for tasks to queue
[2024-06-02T19:37:53.118+0000] {logging_mixin.py:188} INFO - [2024-06-02T19:37:53.118+0000] {dagbag.py:545} INFO - Filling up the DagBag from /home/airflow/.local/lib/python3.12/site-packages/airflow/example_dags/example_task_group.py
[2024-06-02T19:37:53.122+0000] {processor.py:840} INFO - DAG(s) 'example_task_group' retrieved from /home/airflow/.local/lib/python3.12/site-packages/airflow/example_dags/example_task_group.py
[2024-06-02T19:37:53.134+0000] {logging_mixin.py:188} INFO - [2024-06-02T19:37:53.134+0000] {dag.py:3096} INFO - Sync 1 DAGs
[2024-06-02T19:37:53.146+0000] {logging_mixin.py:188} INFO - [2024-06-02T19:37:53.146+0000] {dag.py:3954} INFO - Setting next_dagrun for example_task_group to 2024-06-01 00:00:00+00:00, run_after=2024-06-02 00:00:00+00:00
[2024-06-02T19:37:53.156+0000] {processor.py:183} INFO - Processing /home/airflow/.local/lib/python3.12/site-packages/airflow/example_dags/example_task_group.py took 0.043 seconds
[2024-06-02T19:38:23.789+0000] {processor.py:161} INFO - Started process (PID=319) to work on /home/airflow/.local/lib/python3.12/site-packages/airflow/example_dags/example_task_group.py
[2024-06-02T19:38:23.789+0000] {processor.py:830} INFO - Processing file /home/airflow/.local/lib/python3.12/site-packages/airflow/example_dags/example_task_group.py for tasks to queue
[2024-06-02T19:38:23.790+0000] {logging_mixin.py:188} INFO - [2024-06-02T19:38:23.790+0000] {dagbag.py:545} INFO - Filling up the DagBag from /home/airflow/.local/lib/python3.12/site-packages/airflow/example_dags/example_task_group.py
[2024-06-02T19:38:23.795+0000] {processor.py:840} INFO - DAG(s) 'example_task_group' retrieved from /home/airflow/.local/lib/python3.12/site-packages/airflow/example_dags/example_task_group.py
[2024-06-02T19:38:23.807+0000] {logging_mixin.py:188} INFO - [2024-06-02T19:38:23.807+0000] {dag.py:3096} INFO - Sync 1 DAGs
[2024-06-02T19:38:23.818+0000] {logging_mixin.py:188} INFO - [2024-06-02T19:38:23.818+0000] {dag.py:3954} INFO - Setting next_dagrun for example_task_group to 2024-06-01 00:00:00+00:00, run_after=2024-06-02 00:00:00+00:00
[2024-06-02T19:38:23.828+0000] {processor.py:183} INFO - Processing /home/airflow/.local/lib/python3.12/site-packages/airflow/example_dags/example_task_group.py took 0.043 seconds
[2024-06-02T19:38:54.444+0000] {processor.py:161} INFO - Started process (PID=377) to work on /home/airflow/.local/lib/python3.12/site-packages/airflow/example_dags/example_task_group.py
[2024-06-02T19:38:54.445+0000] {processor.py:830} INFO - Processing file /home/airflow/.local/lib/python3.12/site-packages/airflow/example_dags/example_task_group.py for tasks to queue
[2024-06-02T19:38:54.446+0000] {logging_mixin.py:188} INFO - [2024-06-02T19:38:54.446+0000] {dagbag.py:545} INFO - Filling up the DagBag from /home/airflow/.local/lib/python3.12/site-packages/airflow/example_dags/example_task_group.py
[2024-06-02T19:38:54.450+0000] {processor.py:840} INFO - DAG(s) 'example_task_group' retrieved from /home/airflow/.local/lib/python3.12/site-packages/airflow/example_dags/example_task_group.py
[2024-06-02T19:38:54.463+0000] {logging_mixin.py:188} INFO - [2024-06-02T19:38:54.463+0000] {dag.py:3096} INFO - Sync 1 DAGs
[2024-06-02T19:38:54.475+0000] {logging_mixin.py:188} INFO - [2024-06-02T19:38:54.475+0000] {dag.py:3954} INFO - Setting next_dagrun for example_task_group to 2024-06-01 00:00:00+00:00, run_after=2024-06-02 00:00:00+00:00
[2024-06-02T19:38:54.485+0000] {processor.py:183} INFO - Processing /home/airflow/.local/lib/python3.12/site-packages/airflow/example_dags/example_task_group.py took 0.044 seconds
[2024-06-02T19:39:25.110+0000] {processor.py:161} INFO - Started process (PID=435) to work on /home/airflow/.local/lib/python3.12/site-packages/airflow/example_dags/example_task_group.py
[2024-06-02T19:39:25.112+0000] {processor.py:830} INFO - Processing file /home/airflow/.local/lib/python3.12/site-packages/airflow/example_dags/example_task_group.py for tasks to queue
[2024-06-02T19:39:25.113+0000] {logging_mixin.py:188} INFO - [2024-06-02T19:39:25.113+0000] {dagbag.py:545} INFO - Filling up the DagBag from /home/airflow/.local/lib/python3.12/site-packages/airflow/example_dags/example_task_group.py
[2024-06-02T19:39:25.118+0000] {processor.py:840} INFO - DAG(s) 'example_task_group' retrieved from /home/airflow/.local/lib/python3.12/site-packages/airflow/example_dags/example_task_group.py
[2024-06-02T19:39:25.131+0000] {logging_mixin.py:188} INFO - [2024-06-02T19:39:25.131+0000] {dag.py:3096} INFO - Sync 1 DAGs
[2024-06-02T19:39:25.143+0000] {logging_mixin.py:188} INFO - [2024-06-02T19:39:25.143+0000] {dag.py:3954} INFO - Setting next_dagrun for example_task_group to 2024-06-01 00:00:00+00:00, run_after=2024-06-02 00:00:00+00:00
[2024-06-02T19:39:25.153+0000] {processor.py:183} INFO - Processing /home/airflow/.local/lib/python3.12/site-packages/airflow/example_dags/example_task_group.py took 0.046 seconds
[2024-06-02T19:39:55.745+0000] {processor.py:161} INFO - Started process (PID=493) to work on /home/airflow/.local/lib/python3.12/site-packages/airflow/example_dags/example_task_group.py
[2024-06-02T19:39:55.746+0000] {processor.py:830} INFO - Processing file /home/airflow/.local/lib/python3.12/site-packages/airflow/example_dags/example_task_group.py for tasks to queue
[2024-06-02T19:39:55.747+0000] {logging_mixin.py:188} INFO - [2024-06-02T19:39:55.746+0000] {dagbag.py:545} INFO - Filling up the DagBag from /home/airflow/.local/lib/python3.12/site-packages/airflow/example_dags/example_task_group.py
[2024-06-02T19:39:55.751+0000] {processor.py:840} INFO - DAG(s) 'example_task_group' retrieved from /home/airflow/.local/lib/python3.12/site-packages/airflow/example_dags/example_task_group.py
[2024-06-02T19:39:55.763+0000] {logging_mixin.py:188} INFO - [2024-06-02T19:39:55.763+0000] {dag.py:3096} INFO - Sync 1 DAGs
[2024-06-02T19:39:55.775+0000] {logging_mixin.py:188} INFO - [2024-06-02T19:39:55.775+0000] {dag.py:3954} INFO - Setting next_dagrun for example_task_group to 2024-06-01 00:00:00+00:00, run_after=2024-06-02 00:00:00+00:00
[2024-06-02T19:39:55.786+0000] {processor.py:183} INFO - Processing /home/airflow/.local/lib/python3.12/site-packages/airflow/example_dags/example_task_group.py took 0.044 seconds
[2024-06-02T19:40:26.319+0000] {processor.py:161} INFO - Started process (PID=551) to work on /home/airflow/.local/lib/python3.12/site-packages/airflow/example_dags/example_task_group.py
[2024-06-02T19:40:26.320+0000] {processor.py:830} INFO - Processing file /home/airflow/.local/lib/python3.12/site-packages/airflow/example_dags/example_task_group.py for tasks to queue
[2024-06-02T19:40:26.321+0000] {logging_mixin.py:188} INFO - [2024-06-02T19:40:26.321+0000] {dagbag.py:545} INFO - Filling up the DagBag from /home/airflow/.local/lib/python3.12/site-packages/airflow/example_dags/example_task_group.py
[2024-06-02T19:40:26.325+0000] {processor.py:840} INFO - DAG(s) 'example_task_group' retrieved from /home/airflow/.local/lib/python3.12/site-packages/airflow/example_dags/example_task_group.py
[2024-06-02T19:40:26.337+0000] {logging_mixin.py:188} INFO - [2024-06-02T19:40:26.337+0000] {dag.py:3096} INFO - Sync 1 DAGs
[2024-06-02T19:40:26.349+0000] {logging_mixin.py:188} INFO - [2024-06-02T19:40:26.349+0000] {dag.py:3954} INFO - Setting next_dagrun for example_task_group to 2024-06-01 00:00:00+00:00, run_after=2024-06-02 00:00:00+00:00
[2024-06-02T19:40:26.359+0000] {processor.py:183} INFO - Processing /home/airflow/.local/lib/python3.12/site-packages/airflow/example_dags/example_task_group.py took 0.044 seconds
[2024-06-02T19:40:57.008+0000] {processor.py:161} INFO - Started process (PID=609) to work on /home/airflow/.local/lib/python3.12/site-packages/airflow/example_dags/example_task_group.py
[2024-06-02T19:40:57.009+0000] {processor.py:830} INFO - Processing file /home/airflow/.local/lib/python3.12/site-packages/airflow/example_dags/example_task_group.py for tasks to queue
[2024-06-02T19:40:57.010+0000] {logging_mixin.py:188} INFO - [2024-06-02T19:40:57.010+0000] {dagbag.py:545} INFO - Filling up the DagBag from /home/airflow/.local/lib/python3.12/site-packages/airflow/example_dags/example_task_group.py
[2024-06-02T19:40:57.014+0000] {processor.py:840} INFO - DAG(s) 'example_task_group' retrieved from /home/airflow/.local/lib/python3.12/site-packages/airflow/example_dags/example_task_group.py
[2024-06-02T19:40:57.027+0000] {logging_mixin.py:188} INFO - [2024-06-02T19:40:57.027+0000] {dag.py:3096} INFO - Sync 1 DAGs
[2024-06-02T19:40:57.040+0000] {logging_mixin.py:188} INFO - [2024-06-02T19:40:57.040+0000] {dag.py:3954} INFO - Setting next_dagrun for example_task_group to 2024-06-01 00:00:00+00:00, run_after=2024-06-02 00:00:00+00:00
[2024-06-02T19:40:57.050+0000] {processor.py:183} INFO - Processing /home/airflow/.local/lib/python3.12/site-packages/airflow/example_dags/example_task_group.py took 0.046 seconds
[2024-06-02T19:41:41.869+0000] {processor.py:161} INFO - Started process (PID=87) to work on /home/airflow/.local/lib/python3.12/site-packages/airflow/example_dags/example_task_group.py
[2024-06-02T19:41:41.870+0000] {processor.py:830} INFO - Processing file /home/airflow/.local/lib/python3.12/site-packages/airflow/example_dags/example_task_group.py for tasks to queue
[2024-06-02T19:41:41.871+0000] {logging_mixin.py:188} INFO - [2024-06-02T19:41:41.871+0000] {dagbag.py:545} INFO - Filling up the DagBag from /home/airflow/.local/lib/python3.12/site-packages/airflow/example_dags/example_task_group.py
[2024-06-02T19:41:41.876+0000] {processor.py:840} INFO - DAG(s) 'example_task_group' retrieved from /home/airflow/.local/lib/python3.12/site-packages/airflow/example_dags/example_task_group.py
[2024-06-02T19:41:41.883+0000] {logging_mixin.py:188} INFO - [2024-06-02T19:41:41.883+0000] {dag.py:3096} INFO - Sync 1 DAGs
[2024-06-02T19:41:41.898+0000] {logging_mixin.py:188} INFO - [2024-06-02T19:41:41.897+0000] {dag.py:3954} INFO - Setting next_dagrun for example_task_group to 2024-06-01 00:00:00+00:00, run_after=2024-06-02 00:00:00+00:00
[2024-06-02T19:41:41.908+0000] {processor.py:183} INFO - Processing /home/airflow/.local/lib/python3.12/site-packages/airflow/example_dags/example_task_group.py took 0.041 seconds
[2024-06-02T19:42:13.313+0000] {processor.py:161} INFO - Started process (PID=145) to work on /home/airflow/.local/lib/python3.12/site-packages/airflow/example_dags/example_task_group.py
[2024-06-02T19:42:13.314+0000] {processor.py:830} INFO - Processing file /home/airflow/.local/lib/python3.12/site-packages/airflow/example_dags/example_task_group.py for tasks to queue
[2024-06-02T19:42:13.315+0000] {logging_mixin.py:188} INFO - [2024-06-02T19:42:13.315+0000] {dagbag.py:545} INFO - Filling up the DagBag from /home/airflow/.local/lib/python3.12/site-packages/airflow/example_dags/example_task_group.py
[2024-06-02T19:42:13.319+0000] {processor.py:840} INFO - DAG(s) 'example_task_group' retrieved from /home/airflow/.local/lib/python3.12/site-packages/airflow/example_dags/example_task_group.py
[2024-06-02T19:42:13.378+0000] {logging_mixin.py:188} INFO - [2024-06-02T19:42:13.378+0000] {dag.py:3096} INFO - Sync 1 DAGs
[2024-06-02T19:42:13.389+0000] {logging_mixin.py:188} INFO - [2024-06-02T19:42:13.388+0000] {dag.py:3954} INFO - Setting next_dagrun for example_task_group to 2024-06-01 00:00:00+00:00, run_after=2024-06-02 00:00:00+00:00
[2024-06-02T19:42:13.399+0000] {processor.py:183} INFO - Processing /home/airflow/.local/lib/python3.12/site-packages/airflow/example_dags/example_task_group.py took 0.089 seconds
[2024-06-02T19:42:44.169+0000] {processor.py:161} INFO - Started process (PID=203) to work on /home/airflow/.local/lib/python3.12/site-packages/airflow/example_dags/example_task_group.py
[2024-06-02T19:42:44.169+0000] {processor.py:830} INFO - Processing file /home/airflow/.local/lib/python3.12/site-packages/airflow/example_dags/example_task_group.py for tasks to queue
[2024-06-02T19:42:44.171+0000] {logging_mixin.py:188} INFO - [2024-06-02T19:42:44.171+0000] {dagbag.py:545} INFO - Filling up the DagBag from /home/airflow/.local/lib/python3.12/site-packages/airflow/example_dags/example_task_group.py
[2024-06-02T19:42:44.175+0000] {processor.py:840} INFO - DAG(s) 'example_task_group' retrieved from /home/airflow/.local/lib/python3.12/site-packages/airflow/example_dags/example_task_group.py
[2024-06-02T19:42:44.187+0000] {logging_mixin.py:188} INFO - [2024-06-02T19:42:44.187+0000] {dag.py:3096} INFO - Sync 1 DAGs
[2024-06-02T19:42:44.199+0000] {logging_mixin.py:188} INFO - [2024-06-02T19:42:44.199+0000] {dag.py:3954} INFO - Setting next_dagrun for example_task_group to 2024-06-01 00:00:00+00:00, run_after=2024-06-02 00:00:00+00:00
[2024-06-02T19:42:44.210+0000] {processor.py:183} INFO - Processing /home/airflow/.local/lib/python3.12/site-packages/airflow/example_dags/example_task_group.py took 0.045 seconds
[2024-06-02T19:43:14.863+0000] {processor.py:161} INFO - Started process (PID=261) to work on /home/airflow/.local/lib/python3.12/site-packages/airflow/example_dags/example_task_group.py
[2024-06-02T19:43:14.863+0000] {processor.py:830} INFO - Processing file /home/airflow/.local/lib/python3.12/site-packages/airflow/example_dags/example_task_group.py for tasks to queue
[2024-06-02T19:43:14.864+0000] {logging_mixin.py:188} INFO - [2024-06-02T19:43:14.864+0000] {dagbag.py:545} INFO - Filling up the DagBag from /home/airflow/.local/lib/python3.12/site-packages/airflow/example_dags/example_task_group.py
[2024-06-02T19:43:14.869+0000] {processor.py:840} INFO - DAG(s) 'example_task_group' retrieved from /home/airflow/.local/lib/python3.12/site-packages/airflow/example_dags/example_task_group.py
[2024-06-02T19:43:14.881+0000] {logging_mixin.py:188} INFO - [2024-06-02T19:43:14.881+0000] {dag.py:3096} INFO - Sync 1 DAGs
[2024-06-02T19:43:14.893+0000] {logging_mixin.py:188} INFO - [2024-06-02T19:43:14.893+0000] {dag.py:3954} INFO - Setting next_dagrun for example_task_group to 2024-06-01 00:00:00+00:00, run_after=2024-06-02 00:00:00+00:00
[2024-06-02T19:43:14.903+0000] {processor.py:183} INFO - Processing /home/airflow/.local/lib/python3.12/site-packages/airflow/example_dags/example_task_group.py took 0.043 seconds
[2024-06-02T19:43:45.561+0000] {processor.py:161} INFO - Started process (PID=319) to work on /home/airflow/.local/lib/python3.12/site-packages/airflow/example_dags/example_task_group.py
[2024-06-02T19:43:45.561+0000] {processor.py:830} INFO - Processing file /home/airflow/.local/lib/python3.12/site-packages/airflow/example_dags/example_task_group.py for tasks to queue
[2024-06-02T19:43:45.563+0000] {logging_mixin.py:188} INFO - [2024-06-02T19:43:45.562+0000] {dagbag.py:545} INFO - Filling up the DagBag from /home/airflow/.local/lib/python3.12/site-packages/airflow/example_dags/example_task_group.py
[2024-06-02T19:43:45.567+0000] {processor.py:840} INFO - DAG(s) 'example_task_group' retrieved from /home/airflow/.local/lib/python3.12/site-packages/airflow/example_dags/example_task_group.py
[2024-06-02T19:43:45.579+0000] {logging_mixin.py:188} INFO - [2024-06-02T19:43:45.579+0000] {dag.py:3096} INFO - Sync 1 DAGs
[2024-06-02T19:43:45.591+0000] {logging_mixin.py:188} INFO - [2024-06-02T19:43:45.591+0000] {dag.py:3954} INFO - Setting next_dagrun for example_task_group to 2024-06-01 00:00:00+00:00, run_after=2024-06-02 00:00:00+00:00
[2024-06-02T19:43:45.601+0000] {processor.py:183} INFO - Processing /home/airflow/.local/lib/python3.12/site-packages/airflow/example_dags/example_task_group.py took 0.043 seconds
[2024-06-02T19:44:16.183+0000] {processor.py:161} INFO - Started process (PID=377) to work on /home/airflow/.local/lib/python3.12/site-packages/airflow/example_dags/example_task_group.py
[2024-06-02T19:44:16.184+0000] {processor.py:830} INFO - Processing file /home/airflow/.local/lib/python3.12/site-packages/airflow/example_dags/example_task_group.py for tasks to queue
[2024-06-02T19:44:16.185+0000] {logging_mixin.py:188} INFO - [2024-06-02T19:44:16.185+0000] {dagbag.py:545} INFO - Filling up the DagBag from /home/airflow/.local/lib/python3.12/site-packages/airflow/example_dags/example_task_group.py
[2024-06-02T19:44:16.189+0000] {processor.py:840} INFO - DAG(s) 'example_task_group' retrieved from /home/airflow/.local/lib/python3.12/site-packages/airflow/example_dags/example_task_group.py
[2024-06-02T19:44:16.201+0000] {logging_mixin.py:188} INFO - [2024-06-02T19:44:16.201+0000] {dag.py:3096} INFO - Sync 1 DAGs
[2024-06-02T19:44:16.214+0000] {logging_mixin.py:188} INFO - [2024-06-02T19:44:16.213+0000] {dag.py:3954} INFO - Setting next_dagrun for example_task_group to 2024-06-01 00:00:00+00:00, run_after=2024-06-02 00:00:00+00:00
[2024-06-02T19:44:16.224+0000] {processor.py:183} INFO - Processing /home/airflow/.local/lib/python3.12/site-packages/airflow/example_dags/example_task_group.py took 0.044 seconds
[2024-06-02T19:44:46.807+0000] {processor.py:161} INFO - Started process (PID=435) to work on /home/airflow/.local/lib/python3.12/site-packages/airflow/example_dags/example_task_group.py
[2024-06-02T19:44:46.808+0000] {processor.py:830} INFO - Processing file /home/airflow/.local/lib/python3.12/site-packages/airflow/example_dags/example_task_group.py for tasks to queue
[2024-06-02T19:44:46.809+0000] {logging_mixin.py:188} INFO - [2024-06-02T19:44:46.809+0000] {dagbag.py:545} INFO - Filling up the DagBag from /home/airflow/.local/lib/python3.12/site-packages/airflow/example_dags/example_task_group.py
[2024-06-02T19:44:46.813+0000] {processor.py:840} INFO - DAG(s) 'example_task_group' retrieved from /home/airflow/.local/lib/python3.12/site-packages/airflow/example_dags/example_task_group.py
[2024-06-02T19:44:46.826+0000] {logging_mixin.py:188} INFO - [2024-06-02T19:44:46.825+0000] {dag.py:3096} INFO - Sync 1 DAGs
[2024-06-02T19:44:46.839+0000] {logging_mixin.py:188} INFO - [2024-06-02T19:44:46.838+0000] {dag.py:3954} INFO - Setting next_dagrun for example_task_group to 2024-06-01 00:00:00+00:00, run_after=2024-06-02 00:00:00+00:00
[2024-06-02T19:44:46.848+0000] {processor.py:183} INFO - Processing /home/airflow/.local/lib/python3.12/site-packages/airflow/example_dags/example_task_group.py took 0.044 seconds
[2024-06-02T19:45:17.442+0000] {processor.py:161} INFO - Started process (PID=493) to work on /home/airflow/.local/lib/python3.12/site-packages/airflow/example_dags/example_task_group.py
[2024-06-02T19:45:17.442+0000] {processor.py:830} INFO - Processing file /home/airflow/.local/lib/python3.12/site-packages/airflow/example_dags/example_task_group.py for tasks to queue
[2024-06-02T19:45:17.444+0000] {logging_mixin.py:188} INFO - [2024-06-02T19:45:17.443+0000] {dagbag.py:545} INFO - Filling up the DagBag from /home/airflow/.local/lib/python3.12/site-packages/airflow/example_dags/example_task_group.py
[2024-06-02T19:45:17.448+0000] {processor.py:840} INFO - DAG(s) 'example_task_group' retrieved from /home/airflow/.local/lib/python3.12/site-packages/airflow/example_dags/example_task_group.py
[2024-06-02T19:45:17.461+0000] {logging_mixin.py:188} INFO - [2024-06-02T19:45:17.460+0000] {dag.py:3096} INFO - Sync 1 DAGs
[2024-06-02T19:45:17.474+0000] {logging_mixin.py:188} INFO - [2024-06-02T19:45:17.474+0000] {dag.py:3954} INFO - Setting next_dagrun for example_task_group to 2024-06-01 00:00:00+00:00, run_after=2024-06-02 00:00:00+00:00
[2024-06-02T19:45:17.484+0000] {processor.py:183} INFO - Processing /home/airflow/.local/lib/python3.12/site-packages/airflow/example_dags/example_task_group.py took 0.045 seconds
[2024-06-02T19:45:48.113+0000] {processor.py:161} INFO - Started process (PID=550) to work on /home/airflow/.local/lib/python3.12/site-packages/airflow/example_dags/example_task_group.py
[2024-06-02T19:45:48.113+0000] {processor.py:830} INFO - Processing file /home/airflow/.local/lib/python3.12/site-packages/airflow/example_dags/example_task_group.py for tasks to queue
[2024-06-02T19:45:48.114+0000] {logging_mixin.py:188} INFO - [2024-06-02T19:45:48.114+0000] {dagbag.py:545} INFO - Filling up the DagBag from /home/airflow/.local/lib/python3.12/site-packages/airflow/example_dags/example_task_group.py
[2024-06-02T19:45:48.119+0000] {processor.py:840} INFO - DAG(s) 'example_task_group' retrieved from /home/airflow/.local/lib/python3.12/site-packages/airflow/example_dags/example_task_group.py
[2024-06-02T19:45:48.132+0000] {logging_mixin.py:188} INFO - [2024-06-02T19:45:48.131+0000] {dag.py:3096} INFO - Sync 1 DAGs
[2024-06-02T19:45:48.144+0000] {logging_mixin.py:188} INFO - [2024-06-02T19:45:48.144+0000] {dag.py:3954} INFO - Setting next_dagrun for example_task_group to 2024-06-01 00:00:00+00:00, run_after=2024-06-02 00:00:00+00:00
[2024-06-02T19:45:48.154+0000] {processor.py:183} INFO - Processing /home/airflow/.local/lib/python3.12/site-packages/airflow/example_dags/example_task_group.py took 0.044 seconds
[2024-06-02T19:46:18.802+0000] {processor.py:161} INFO - Started process (PID=608) to work on /home/airflow/.local/lib/python3.12/site-packages/airflow/example_dags/example_task_group.py
[2024-06-02T19:46:18.803+0000] {processor.py:830} INFO - Processing file /home/airflow/.local/lib/python3.12/site-packages/airflow/example_dags/example_task_group.py for tasks to queue
[2024-06-02T19:46:18.804+0000] {logging_mixin.py:188} INFO - [2024-06-02T19:46:18.804+0000] {dagbag.py:545} INFO - Filling up the DagBag from /home/airflow/.local/lib/python3.12/site-packages/airflow/example_dags/example_task_group.py
[2024-06-02T19:46:18.808+0000] {processor.py:840} INFO - DAG(s) 'example_task_group' retrieved from /home/airflow/.local/lib/python3.12/site-packages/airflow/example_dags/example_task_group.py
[2024-06-02T19:46:18.820+0000] {logging_mixin.py:188} INFO - [2024-06-02T19:46:18.820+0000] {dag.py:3096} INFO - Sync 1 DAGs
[2024-06-02T19:46:18.832+0000] {logging_mixin.py:188} INFO - [2024-06-02T19:46:18.832+0000] {dag.py:3954} INFO - Setting next_dagrun for example_task_group to 2024-06-01 00:00:00+00:00, run_after=2024-06-02 00:00:00+00:00
[2024-06-02T19:46:18.842+0000] {processor.py:183} INFO - Processing /home/airflow/.local/lib/python3.12/site-packages/airflow/example_dags/example_task_group.py took 0.043 seconds
[2024-06-02T19:46:49.514+0000] {processor.py:161} INFO - Started process (PID=666) to work on /home/airflow/.local/lib/python3.12/site-packages/airflow/example_dags/example_task_group.py
[2024-06-02T19:46:49.515+0000] {processor.py:830} INFO - Processing file /home/airflow/.local/lib/python3.12/site-packages/airflow/example_dags/example_task_group.py for tasks to queue
[2024-06-02T19:46:49.516+0000] {logging_mixin.py:188} INFO - [2024-06-02T19:46:49.516+0000] {dagbag.py:545} INFO - Filling up the DagBag from /home/airflow/.local/lib/python3.12/site-packages/airflow/example_dags/example_task_group.py
[2024-06-02T19:46:49.520+0000] {processor.py:840} INFO - DAG(s) 'example_task_group' retrieved from /home/airflow/.local/lib/python3.12/site-packages/airflow/example_dags/example_task_group.py
[2024-06-02T19:46:49.533+0000] {logging_mixin.py:188} INFO - [2024-06-02T19:46:49.533+0000] {dag.py:3096} INFO - Sync 1 DAGs
[2024-06-02T19:46:49.545+0000] {logging_mixin.py:188} INFO - [2024-06-02T19:46:49.545+0000] {dag.py:3954} INFO - Setting next_dagrun for example_task_group to 2024-06-01 00:00:00+00:00, run_after=2024-06-02 00:00:00+00:00
[2024-06-02T19:46:49.555+0000] {processor.py:183} INFO - Processing /home/airflow/.local/lib/python3.12/site-packages/airflow/example_dags/example_task_group.py took 0.044 seconds
[2024-06-02T19:47:20.280+0000] {processor.py:161} INFO - Started process (PID=724) to work on /home/airflow/.local/lib/python3.12/site-packages/airflow/example_dags/example_task_group.py
[2024-06-02T19:47:20.280+0000] {processor.py:830} INFO - Processing file /home/airflow/.local/lib/python3.12/site-packages/airflow/example_dags/example_task_group.py for tasks to queue
[2024-06-02T19:47:20.282+0000] {logging_mixin.py:188} INFO - [2024-06-02T19:47:20.281+0000] {dagbag.py:545} INFO - Filling up the DagBag from /home/airflow/.local/lib/python3.12/site-packages/airflow/example_dags/example_task_group.py
[2024-06-02T19:47:20.286+0000] {processor.py:840} INFO - DAG(s) 'example_task_group' retrieved from /home/airflow/.local/lib/python3.12/site-packages/airflow/example_dags/example_task_group.py
[2024-06-02T19:47:20.300+0000] {logging_mixin.py:188} INFO - [2024-06-02T19:47:20.300+0000] {dag.py:3096} INFO - Sync 1 DAGs
[2024-06-02T19:47:20.312+0000] {logging_mixin.py:188} INFO - [2024-06-02T19:47:20.311+0000] {dag.py:3954} INFO - Setting next_dagrun for example_task_group to 2024-06-01 00:00:00+00:00, run_after=2024-06-02 00:00:00+00:00
[2024-06-02T19:47:20.322+0000] {processor.py:183} INFO - Processing /home/airflow/.local/lib/python3.12/site-packages/airflow/example_dags/example_task_group.py took 0.045 seconds
[2024-06-02T19:47:50.946+0000] {processor.py:161} INFO - Started process (PID=782) to work on /home/airflow/.local/lib/python3.12/site-packages/airflow/example_dags/example_task_group.py
[2024-06-02T19:47:50.947+0000] {processor.py:830} INFO - Processing file /home/airflow/.local/lib/python3.12/site-packages/airflow/example_dags/example_task_group.py for tasks to queue
[2024-06-02T19:47:50.948+0000] {logging_mixin.py:188} INFO - [2024-06-02T19:47:50.948+0000] {dagbag.py:545} INFO - Filling up the DagBag from /home/airflow/.local/lib/python3.12/site-packages/airflow/example_dags/example_task_group.py
[2024-06-02T19:47:50.952+0000] {processor.py:840} INFO - DAG(s) 'example_task_group' retrieved from /home/airflow/.local/lib/python3.12/site-packages/airflow/example_dags/example_task_group.py
[2024-06-02T19:47:50.965+0000] {logging_mixin.py:188} INFO - [2024-06-02T19:47:50.965+0000] {dag.py:3096} INFO - Sync 1 DAGs
[2024-06-02T19:47:50.977+0000] {logging_mixin.py:188} INFO - [2024-06-02T19:47:50.977+0000] {dag.py:3954} INFO - Setting next_dagrun for example_task_group to 2024-06-01 00:00:00+00:00, run_after=2024-06-02 00:00:00+00:00
[2024-06-02T19:47:50.987+0000] {processor.py:183} INFO - Processing /home/airflow/.local/lib/python3.12/site-packages/airflow/example_dags/example_task_group.py took 0.044 seconds
[2024-06-02T19:48:21.667+0000] {processor.py:161} INFO - Started process (PID=840) to work on /home/airflow/.local/lib/python3.12/site-packages/airflow/example_dags/example_task_group.py
[2024-06-02T19:48:21.668+0000] {processor.py:830} INFO - Processing file /home/airflow/.local/lib/python3.12/site-packages/airflow/example_dags/example_task_group.py for tasks to queue
[2024-06-02T19:48:21.669+0000] {logging_mixin.py:188} INFO - [2024-06-02T19:48:21.669+0000] {dagbag.py:545} INFO - Filling up the DagBag from /home/airflow/.local/lib/python3.12/site-packages/airflow/example_dags/example_task_group.py
[2024-06-02T19:48:21.673+0000] {processor.py:840} INFO - DAG(s) 'example_task_group' retrieved from /home/airflow/.local/lib/python3.12/site-packages/airflow/example_dags/example_task_group.py
[2024-06-02T19:48:21.685+0000] {logging_mixin.py:188} INFO - [2024-06-02T19:48:21.685+0000] {dag.py:3096} INFO - Sync 1 DAGs
[2024-06-02T19:48:21.698+0000] {logging_mixin.py:188} INFO - [2024-06-02T19:48:21.698+0000] {dag.py:3954} INFO - Setting next_dagrun for example_task_group to 2024-06-01 00:00:00+00:00, run_after=2024-06-02 00:00:00+00:00
[2024-06-02T19:48:21.707+0000] {processor.py:183} INFO - Processing /home/airflow/.local/lib/python3.12/site-packages/airflow/example_dags/example_task_group.py took 0.043 seconds
[2024-06-02T19:48:52.284+0000] {processor.py:161} INFO - Started process (PID=898) to work on /home/airflow/.local/lib/python3.12/site-packages/airflow/example_dags/example_task_group.py
[2024-06-02T19:48:52.284+0000] {processor.py:830} INFO - Processing file /home/airflow/.local/lib/python3.12/site-packages/airflow/example_dags/example_task_group.py for tasks to queue
[2024-06-02T19:48:52.285+0000] {logging_mixin.py:188} INFO - [2024-06-02T19:48:52.285+0000] {dagbag.py:545} INFO - Filling up the DagBag from /home/airflow/.local/lib/python3.12/site-packages/airflow/example_dags/example_task_group.py
[2024-06-02T19:48:52.290+0000] {processor.py:840} INFO - DAG(s) 'example_task_group' retrieved from /home/airflow/.local/lib/python3.12/site-packages/airflow/example_dags/example_task_group.py
[2024-06-02T19:48:52.303+0000] {logging_mixin.py:188} INFO - [2024-06-02T19:48:52.303+0000] {dag.py:3096} INFO - Sync 1 DAGs
[2024-06-02T19:48:52.314+0000] {logging_mixin.py:188} INFO - [2024-06-02T19:48:52.314+0000] {dag.py:3954} INFO - Setting next_dagrun for example_task_group to 2024-06-01 00:00:00+00:00, run_after=2024-06-02 00:00:00+00:00
[2024-06-02T19:48:52.324+0000] {processor.py:183} INFO - Processing /home/airflow/.local/lib/python3.12/site-packages/airflow/example_dags/example_task_group.py took 0.044 seconds
[2024-06-02T19:49:22.938+0000] {processor.py:161} INFO - Started process (PID=956) to work on /home/airflow/.local/lib/python3.12/site-packages/airflow/example_dags/example_task_group.py
[2024-06-02T19:49:22.938+0000] {processor.py:830} INFO - Processing file /home/airflow/.local/lib/python3.12/site-packages/airflow/example_dags/example_task_group.py for tasks to queue
[2024-06-02T19:49:22.940+0000] {logging_mixin.py:188} INFO - [2024-06-02T19:49:22.939+0000] {dagbag.py:545} INFO - Filling up the DagBag from /home/airflow/.local/lib/python3.12/site-packages/airflow/example_dags/example_task_group.py
[2024-06-02T19:49:22.944+0000] {processor.py:840} INFO - DAG(s) 'example_task_group' retrieved from /home/airflow/.local/lib/python3.12/site-packages/airflow/example_dags/example_task_group.py
[2024-06-02T19:49:22.958+0000] {logging_mixin.py:188} INFO - [2024-06-02T19:49:22.958+0000] {dag.py:3096} INFO - Sync 1 DAGs
[2024-06-02T19:49:22.971+0000] {logging_mixin.py:188} INFO - [2024-06-02T19:49:22.971+0000] {dag.py:3954} INFO - Setting next_dagrun for example_task_group to 2024-06-01 00:00:00+00:00, run_after=2024-06-02 00:00:00+00:00
[2024-06-02T19:49:22.982+0000] {processor.py:183} INFO - Processing /home/airflow/.local/lib/python3.12/site-packages/airflow/example_dags/example_task_group.py took 0.047 seconds
[2024-06-02T19:49:53.570+0000] {processor.py:161} INFO - Started process (PID=1014) to work on /home/airflow/.local/lib/python3.12/site-packages/airflow/example_dags/example_task_group.py
[2024-06-02T19:49:53.570+0000] {processor.py:830} INFO - Processing file /home/airflow/.local/lib/python3.12/site-packages/airflow/example_dags/example_task_group.py for tasks to queue
[2024-06-02T19:49:53.571+0000] {logging_mixin.py:188} INFO - [2024-06-02T19:49:53.571+0000] {dagbag.py:545} INFO - Filling up the DagBag from /home/airflow/.local/lib/python3.12/site-packages/airflow/example_dags/example_task_group.py
[2024-06-02T19:49:53.576+0000] {processor.py:840} INFO - DAG(s) 'example_task_group' retrieved from /home/airflow/.local/lib/python3.12/site-packages/airflow/example_dags/example_task_group.py
[2024-06-02T19:49:53.588+0000] {logging_mixin.py:188} INFO - [2024-06-02T19:49:53.588+0000] {dag.py:3096} INFO - Sync 1 DAGs
[2024-06-02T19:49:53.601+0000] {logging_mixin.py:188} INFO - [2024-06-02T19:49:53.601+0000] {dag.py:3954} INFO - Setting next_dagrun for example_task_group to 2024-06-01 00:00:00+00:00, run_after=2024-06-02 00:00:00+00:00
[2024-06-02T19:49:53.611+0000] {processor.py:183} INFO - Processing /home/airflow/.local/lib/python3.12/site-packages/airflow/example_dags/example_task_group.py took 0.045 seconds
[2024-06-02T19:50:24.435+0000] {processor.py:161} INFO - Started process (PID=1072) to work on /home/airflow/.local/lib/python3.12/site-packages/airflow/example_dags/example_task_group.py
[2024-06-02T19:50:24.436+0000] {processor.py:830} INFO - Processing file /home/airflow/.local/lib/python3.12/site-packages/airflow/example_dags/example_task_group.py for tasks to queue
[2024-06-02T19:50:24.437+0000] {logging_mixin.py:188} INFO - [2024-06-02T19:50:24.436+0000] {dagbag.py:545} INFO - Filling up the DagBag from /home/airflow/.local/lib/python3.12/site-packages/airflow/example_dags/example_task_group.py
[2024-06-02T19:50:24.440+0000] {processor.py:840} INFO - DAG(s) 'example_task_group' retrieved from /home/airflow/.local/lib/python3.12/site-packages/airflow/example_dags/example_task_group.py
[2024-06-02T19:50:24.452+0000] {logging_mixin.py:188} INFO - [2024-06-02T19:50:24.452+0000] {dag.py:3096} INFO - Sync 1 DAGs
[2024-06-02T19:50:24.463+0000] {logging_mixin.py:188} INFO - [2024-06-02T19:50:24.463+0000] {dag.py:3954} INFO - Setting next_dagrun for example_task_group to 2024-06-01 00:00:00+00:00, run_after=2024-06-02 00:00:00+00:00
[2024-06-02T19:50:24.473+0000] {processor.py:183} INFO - Processing /home/airflow/.local/lib/python3.12/site-packages/airflow/example_dags/example_task_group.py took 0.041 seconds
[2024-06-02T19:50:54.548+0000] {processor.py:161} INFO - Started process (PID=1130) to work on /home/airflow/.local/lib/python3.12/site-packages/airflow/example_dags/example_task_group.py
[2024-06-02T19:50:54.549+0000] {processor.py:830} INFO - Processing file /home/airflow/.local/lib/python3.12/site-packages/airflow/example_dags/example_task_group.py for tasks to queue
[2024-06-02T19:50:54.550+0000] {logging_mixin.py:188} INFO - [2024-06-02T19:50:54.550+0000] {dagbag.py:545} INFO - Filling up the DagBag from /home/airflow/.local/lib/python3.12/site-packages/airflow/example_dags/example_task_group.py
[2024-06-02T19:50:54.554+0000] {processor.py:840} INFO - DAG(s) 'example_task_group' retrieved from /home/airflow/.local/lib/python3.12/site-packages/airflow/example_dags/example_task_group.py
[2024-06-02T19:50:54.566+0000] {logging_mixin.py:188} INFO - [2024-06-02T19:50:54.565+0000] {dag.py:3096} INFO - Sync 1 DAGs
[2024-06-02T19:50:54.577+0000] {logging_mixin.py:188} INFO - [2024-06-02T19:50:54.577+0000] {dag.py:3954} INFO - Setting next_dagrun for example_task_group to 2024-06-01 00:00:00+00:00, run_after=2024-06-02 00:00:00+00:00
[2024-06-02T19:50:54.588+0000] {processor.py:183} INFO - Processing /home/airflow/.local/lib/python3.12/site-packages/airflow/example_dags/example_task_group.py took 0.042 seconds
[2024-06-02T19:51:24.756+0000] {processor.py:161} INFO - Started process (PID=1188) to work on /home/airflow/.local/lib/python3.12/site-packages/airflow/example_dags/example_task_group.py
[2024-06-02T19:51:24.757+0000] {processor.py:830} INFO - Processing file /home/airflow/.local/lib/python3.12/site-packages/airflow/example_dags/example_task_group.py for tasks to queue
[2024-06-02T19:51:24.758+0000] {logging_mixin.py:188} INFO - [2024-06-02T19:51:24.758+0000] {dagbag.py:545} INFO - Filling up the DagBag from /home/airflow/.local/lib/python3.12/site-packages/airflow/example_dags/example_task_group.py
[2024-06-02T19:51:24.763+0000] {processor.py:840} INFO - DAG(s) 'example_task_group' retrieved from /home/airflow/.local/lib/python3.12/site-packages/airflow/example_dags/example_task_group.py
[2024-06-02T19:51:24.775+0000] {logging_mixin.py:188} INFO - [2024-06-02T19:51:24.774+0000] {dag.py:3096} INFO - Sync 1 DAGs
[2024-06-02T19:51:24.786+0000] {logging_mixin.py:188} INFO - [2024-06-02T19:51:24.786+0000] {dag.py:3954} INFO - Setting next_dagrun for example_task_group to 2024-06-01 00:00:00+00:00, run_after=2024-06-02 00:00:00+00:00
[2024-06-02T19:51:24.796+0000] {processor.py:183} INFO - Processing /home/airflow/.local/lib/python3.12/site-packages/airflow/example_dags/example_task_group.py took 0.043 seconds
[2024-06-02T19:51:54.849+0000] {processor.py:161} INFO - Started process (PID=1246) to work on /home/airflow/.local/lib/python3.12/site-packages/airflow/example_dags/example_task_group.py
[2024-06-02T19:51:54.850+0000] {processor.py:830} INFO - Processing file /home/airflow/.local/lib/python3.12/site-packages/airflow/example_dags/example_task_group.py for tasks to queue
[2024-06-02T19:51:54.851+0000] {logging_mixin.py:188} INFO - [2024-06-02T19:51:54.851+0000] {dagbag.py:545} INFO - Filling up the DagBag from /home/airflow/.local/lib/python3.12/site-packages/airflow/example_dags/example_task_group.py
[2024-06-02T19:51:54.855+0000] {processor.py:840} INFO - DAG(s) 'example_task_group' retrieved from /home/airflow/.local/lib/python3.12/site-packages/airflow/example_dags/example_task_group.py
[2024-06-02T19:51:54.868+0000] {logging_mixin.py:188} INFO - [2024-06-02T19:51:54.868+0000] {dag.py:3096} INFO - Sync 1 DAGs
[2024-06-02T19:51:54.881+0000] {logging_mixin.py:188} INFO - [2024-06-02T19:51:54.881+0000] {dag.py:3954} INFO - Setting next_dagrun for example_task_group to 2024-06-01 00:00:00+00:00, run_after=2024-06-02 00:00:00+00:00
[2024-06-02T19:51:54.892+0000] {processor.py:183} INFO - Processing /home/airflow/.local/lib/python3.12/site-packages/airflow/example_dags/example_task_group.py took 0.046 seconds
[2024-06-02T19:52:25.555+0000] {processor.py:161} INFO - Started process (PID=1309) to work on /home/airflow/.local/lib/python3.12/site-packages/airflow/example_dags/example_task_group.py
[2024-06-02T19:52:25.556+0000] {processor.py:830} INFO - Processing file /home/airflow/.local/lib/python3.12/site-packages/airflow/example_dags/example_task_group.py for tasks to queue
[2024-06-02T19:52:25.557+0000] {logging_mixin.py:188} INFO - [2024-06-02T19:52:25.557+0000] {dagbag.py:545} INFO - Filling up the DagBag from /home/airflow/.local/lib/python3.12/site-packages/airflow/example_dags/example_task_group.py
[2024-06-02T19:52:25.561+0000] {processor.py:840} INFO - DAG(s) 'example_task_group' retrieved from /home/airflow/.local/lib/python3.12/site-packages/airflow/example_dags/example_task_group.py
[2024-06-02T19:52:25.574+0000] {logging_mixin.py:188} INFO - [2024-06-02T19:52:25.574+0000] {dag.py:3096} INFO - Sync 1 DAGs
[2024-06-02T19:52:25.586+0000] {logging_mixin.py:188} INFO - [2024-06-02T19:52:25.586+0000] {dag.py:3954} INFO - Setting next_dagrun for example_task_group to 2024-06-01 00:00:00+00:00, run_after=2024-06-02 00:00:00+00:00
[2024-06-02T19:52:25.596+0000] {processor.py:183} INFO - Processing /home/airflow/.local/lib/python3.12/site-packages/airflow/example_dags/example_task_group.py took 0.044 seconds
[2024-06-02T19:52:56.262+0000] {processor.py:161} INFO - Started process (PID=1367) to work on /home/airflow/.local/lib/python3.12/site-packages/airflow/example_dags/example_task_group.py
[2024-06-02T19:52:56.263+0000] {processor.py:830} INFO - Processing file /home/airflow/.local/lib/python3.12/site-packages/airflow/example_dags/example_task_group.py for tasks to queue
[2024-06-02T19:52:56.265+0000] {logging_mixin.py:188} INFO - [2024-06-02T19:52:56.264+0000] {dagbag.py:545} INFO - Filling up the DagBag from /home/airflow/.local/lib/python3.12/site-packages/airflow/example_dags/example_task_group.py
[2024-06-02T19:52:56.269+0000] {processor.py:840} INFO - DAG(s) 'example_task_group' retrieved from /home/airflow/.local/lib/python3.12/site-packages/airflow/example_dags/example_task_group.py
[2024-06-02T19:52:56.282+0000] {logging_mixin.py:188} INFO - [2024-06-02T19:52:56.282+0000] {dag.py:3096} INFO - Sync 1 DAGs
[2024-06-02T19:52:56.296+0000] {logging_mixin.py:188} INFO - [2024-06-02T19:52:56.296+0000] {dag.py:3954} INFO - Setting next_dagrun for example_task_group to 2024-06-01 00:00:00+00:00, run_after=2024-06-02 00:00:00+00:00
[2024-06-02T19:52:56.306+0000] {processor.py:183} INFO - Processing /home/airflow/.local/lib/python3.12/site-packages/airflow/example_dags/example_task_group.py took 0.047 seconds
[2024-06-02T19:53:26.966+0000] {processor.py:161} INFO - Started process (PID=1425) to work on /home/airflow/.local/lib/python3.12/site-packages/airflow/example_dags/example_task_group.py
[2024-06-02T19:53:26.967+0000] {processor.py:830} INFO - Processing file /home/airflow/.local/lib/python3.12/site-packages/airflow/example_dags/example_task_group.py for tasks to queue
[2024-06-02T19:53:26.968+0000] {logging_mixin.py:188} INFO - [2024-06-02T19:53:26.968+0000] {dagbag.py:545} INFO - Filling up the DagBag from /home/airflow/.local/lib/python3.12/site-packages/airflow/example_dags/example_task_group.py
[2024-06-02T19:53:26.972+0000] {processor.py:840} INFO - DAG(s) 'example_task_group' retrieved from /home/airflow/.local/lib/python3.12/site-packages/airflow/example_dags/example_task_group.py
[2024-06-02T19:53:26.984+0000] {logging_mixin.py:188} INFO - [2024-06-02T19:53:26.984+0000] {dag.py:3096} INFO - Sync 1 DAGs
[2024-06-02T19:53:26.996+0000] {logging_mixin.py:188} INFO - [2024-06-02T19:53:26.996+0000] {dag.py:3954} INFO - Setting next_dagrun for example_task_group to 2024-06-01 00:00:00+00:00, run_after=2024-06-02 00:00:00+00:00
[2024-06-02T19:53:27.006+0000] {processor.py:183} INFO - Processing /home/airflow/.local/lib/python3.12/site-packages/airflow/example_dags/example_task_group.py took 0.043 seconds
[2024-06-02T19:53:57.669+0000] {processor.py:161} INFO - Started process (PID=1483) to work on /home/airflow/.local/lib/python3.12/site-packages/airflow/example_dags/example_task_group.py
[2024-06-02T19:53:57.669+0000] {processor.py:830} INFO - Processing file /home/airflow/.local/lib/python3.12/site-packages/airflow/example_dags/example_task_group.py for tasks to queue
[2024-06-02T19:53:57.670+0000] {logging_mixin.py:188} INFO - [2024-06-02T19:53:57.670+0000] {dagbag.py:545} INFO - Filling up the DagBag from /home/airflow/.local/lib/python3.12/site-packages/airflow/example_dags/example_task_group.py
[2024-06-02T19:53:57.675+0000] {processor.py:840} INFO - DAG(s) 'example_task_group' retrieved from /home/airflow/.local/lib/python3.12/site-packages/airflow/example_dags/example_task_group.py
[2024-06-02T19:53:57.689+0000] {logging_mixin.py:188} INFO - [2024-06-02T19:53:57.689+0000] {dag.py:3096} INFO - Sync 1 DAGs
[2024-06-02T19:53:57.702+0000] {logging_mixin.py:188} INFO - [2024-06-02T19:53:57.702+0000] {dag.py:3954} INFO - Setting next_dagrun for example_task_group to 2024-06-01 00:00:00+00:00, run_after=2024-06-02 00:00:00+00:00
[2024-06-02T19:53:57.713+0000] {processor.py:183} INFO - Processing /home/airflow/.local/lib/python3.12/site-packages/airflow/example_dags/example_task_group.py took 0.048 seconds
[2024-06-02T19:54:28.437+0000] {processor.py:161} INFO - Started process (PID=1541) to work on /home/airflow/.local/lib/python3.12/site-packages/airflow/example_dags/example_task_group.py
[2024-06-02T19:54:28.438+0000] {processor.py:830} INFO - Processing file /home/airflow/.local/lib/python3.12/site-packages/airflow/example_dags/example_task_group.py for tasks to queue
[2024-06-02T19:54:28.439+0000] {logging_mixin.py:188} INFO - [2024-06-02T19:54:28.439+0000] {dagbag.py:545} INFO - Filling up the DagBag from /home/airflow/.local/lib/python3.12/site-packages/airflow/example_dags/example_task_group.py
[2024-06-02T19:54:28.443+0000] {processor.py:840} INFO - DAG(s) 'example_task_group' retrieved from /home/airflow/.local/lib/python3.12/site-packages/airflow/example_dags/example_task_group.py
[2024-06-02T19:54:28.455+0000] {logging_mixin.py:188} INFO - [2024-06-02T19:54:28.455+0000] {dag.py:3096} INFO - Sync 1 DAGs
[2024-06-02T19:54:28.467+0000] {logging_mixin.py:188} INFO - [2024-06-02T19:54:28.466+0000] {dag.py:3954} INFO - Setting next_dagrun for example_task_group to 2024-06-01 00:00:00+00:00, run_after=2024-06-02 00:00:00+00:00
[2024-06-02T19:54:28.477+0000] {processor.py:183} INFO - Processing /home/airflow/.local/lib/python3.12/site-packages/airflow/example_dags/example_task_group.py took 0.043 seconds
[2024-06-02T19:54:59.191+0000] {processor.py:161} INFO - Started process (PID=1599) to work on /home/airflow/.local/lib/python3.12/site-packages/airflow/example_dags/example_task_group.py
[2024-06-02T19:54:59.192+0000] {processor.py:830} INFO - Processing file /home/airflow/.local/lib/python3.12/site-packages/airflow/example_dags/example_task_group.py for tasks to queue
[2024-06-02T19:54:59.193+0000] {logging_mixin.py:188} INFO - [2024-06-02T19:54:59.193+0000] {dagbag.py:545} INFO - Filling up the DagBag from /home/airflow/.local/lib/python3.12/site-packages/airflow/example_dags/example_task_group.py
[2024-06-02T19:54:59.197+0000] {processor.py:840} INFO - DAG(s) 'example_task_group' retrieved from /home/airflow/.local/lib/python3.12/site-packages/airflow/example_dags/example_task_group.py
[2024-06-02T19:54:59.210+0000] {logging_mixin.py:188} INFO - [2024-06-02T19:54:59.210+0000] {dag.py:3096} INFO - Sync 1 DAGs
[2024-06-02T19:54:59.222+0000] {logging_mixin.py:188} INFO - [2024-06-02T19:54:59.222+0000] {dag.py:3954} INFO - Setting next_dagrun for example_task_group to 2024-06-01 00:00:00+00:00, run_after=2024-06-02 00:00:00+00:00
[2024-06-02T19:54:59.233+0000] {processor.py:183} INFO - Processing /home/airflow/.local/lib/python3.12/site-packages/airflow/example_dags/example_task_group.py took 0.045 seconds
[2024-06-02T19:55:29.880+0000] {processor.py:161} INFO - Started process (PID=1657) to work on /home/airflow/.local/lib/python3.12/site-packages/airflow/example_dags/example_task_group.py
[2024-06-02T19:55:29.881+0000] {processor.py:830} INFO - Processing file /home/airflow/.local/lib/python3.12/site-packages/airflow/example_dags/example_task_group.py for tasks to queue
[2024-06-02T19:55:29.882+0000] {logging_mixin.py:188} INFO - [2024-06-02T19:55:29.882+0000] {dagbag.py:545} INFO - Filling up the DagBag from /home/airflow/.local/lib/python3.12/site-packages/airflow/example_dags/example_task_group.py
[2024-06-02T19:55:29.887+0000] {processor.py:840} INFO - DAG(s) 'example_task_group' retrieved from /home/airflow/.local/lib/python3.12/site-packages/airflow/example_dags/example_task_group.py
[2024-06-02T19:55:29.900+0000] {logging_mixin.py:188} INFO - [2024-06-02T19:55:29.900+0000] {dag.py:3096} INFO - Sync 1 DAGs
[2024-06-02T19:55:29.912+0000] {logging_mixin.py:188} INFO - [2024-06-02T19:55:29.912+0000] {dag.py:3954} INFO - Setting next_dagrun for example_task_group to 2024-06-01 00:00:00+00:00, run_after=2024-06-02 00:00:00+00:00
[2024-06-02T19:55:29.922+0000] {processor.py:183} INFO - Processing /home/airflow/.local/lib/python3.12/site-packages/airflow/example_dags/example_task_group.py took 0.045 seconds
[2024-06-02T19:56:00.548+0000] {processor.py:161} INFO - Started process (PID=1715) to work on /home/airflow/.local/lib/python3.12/site-packages/airflow/example_dags/example_task_group.py
[2024-06-02T19:56:00.548+0000] {processor.py:830} INFO - Processing file /home/airflow/.local/lib/python3.12/site-packages/airflow/example_dags/example_task_group.py for tasks to queue
[2024-06-02T19:56:00.550+0000] {logging_mixin.py:188} INFO - [2024-06-02T19:56:00.549+0000] {dagbag.py:545} INFO - Filling up the DagBag from /home/airflow/.local/lib/python3.12/site-packages/airflow/example_dags/example_task_group.py
[2024-06-02T19:56:00.554+0000] {processor.py:840} INFO - DAG(s) 'example_task_group' retrieved from /home/airflow/.local/lib/python3.12/site-packages/airflow/example_dags/example_task_group.py
[2024-06-02T19:56:00.566+0000] {logging_mixin.py:188} INFO - [2024-06-02T19:56:00.566+0000] {dag.py:3096} INFO - Sync 1 DAGs
[2024-06-02T19:56:00.577+0000] {logging_mixin.py:188} INFO - [2024-06-02T19:56:00.577+0000] {dag.py:3954} INFO - Setting next_dagrun for example_task_group to 2024-06-01 00:00:00+00:00, run_after=2024-06-02 00:00:00+00:00
[2024-06-02T19:56:00.588+0000] {processor.py:183} INFO - Processing /home/airflow/.local/lib/python3.12/site-packages/airflow/example_dags/example_task_group.py took 0.043 seconds
[2024-06-02T19:56:31.251+0000] {processor.py:161} INFO - Started process (PID=1773) to work on /home/airflow/.local/lib/python3.12/site-packages/airflow/example_dags/example_task_group.py
[2024-06-02T19:56:31.252+0000] {processor.py:830} INFO - Processing file /home/airflow/.local/lib/python3.12/site-packages/airflow/example_dags/example_task_group.py for tasks to queue
[2024-06-02T19:56:31.253+0000] {logging_mixin.py:188} INFO - [2024-06-02T19:56:31.253+0000] {dagbag.py:545} INFO - Filling up the DagBag from /home/airflow/.local/lib/python3.12/site-packages/airflow/example_dags/example_task_group.py
[2024-06-02T19:56:31.258+0000] {processor.py:840} INFO - DAG(s) 'example_task_group' retrieved from /home/airflow/.local/lib/python3.12/site-packages/airflow/example_dags/example_task_group.py
[2024-06-02T19:56:31.270+0000] {logging_mixin.py:188} INFO - [2024-06-02T19:56:31.270+0000] {dag.py:3096} INFO - Sync 1 DAGs
[2024-06-02T19:56:31.282+0000] {logging_mixin.py:188} INFO - [2024-06-02T19:56:31.282+0000] {dag.py:3954} INFO - Setting next_dagrun for example_task_group to 2024-06-01 00:00:00+00:00, run_after=2024-06-02 00:00:00+00:00
[2024-06-02T19:56:31.293+0000] {processor.py:183} INFO - Processing /home/airflow/.local/lib/python3.12/site-packages/airflow/example_dags/example_task_group.py took 0.045 seconds
[2024-06-02T19:57:02.014+0000] {processor.py:161} INFO - Started process (PID=1831) to work on /home/airflow/.local/lib/python3.12/site-packages/airflow/example_dags/example_task_group.py
[2024-06-02T19:57:02.015+0000] {processor.py:830} INFO - Processing file /home/airflow/.local/lib/python3.12/site-packages/airflow/example_dags/example_task_group.py for tasks to queue
[2024-06-02T19:57:02.016+0000] {logging_mixin.py:188} INFO - [2024-06-02T19:57:02.016+0000] {dagbag.py:545} INFO - Filling up the DagBag from /home/airflow/.local/lib/python3.12/site-packages/airflow/example_dags/example_task_group.py
[2024-06-02T19:57:02.020+0000] {processor.py:840} INFO - DAG(s) 'example_task_group' retrieved from /home/airflow/.local/lib/python3.12/site-packages/airflow/example_dags/example_task_group.py
[2024-06-02T19:57:02.032+0000] {logging_mixin.py:188} INFO - [2024-06-02T19:57:02.032+0000] {dag.py:3096} INFO - Sync 1 DAGs
[2024-06-02T19:57:02.044+0000] {logging_mixin.py:188} INFO - [2024-06-02T19:57:02.044+0000] {dag.py:3954} INFO - Setting next_dagrun for example_task_group to 2024-06-01 00:00:00+00:00, run_after=2024-06-02 00:00:00+00:00
[2024-06-02T19:57:02.055+0000] {processor.py:183} INFO - Processing /home/airflow/.local/lib/python3.12/site-packages/airflow/example_dags/example_task_group.py took 0.043 seconds
[2024-06-02T19:57:32.117+0000] {processor.py:161} INFO - Started process (PID=1889) to work on /home/airflow/.local/lib/python3.12/site-packages/airflow/example_dags/example_task_group.py
[2024-06-02T19:57:32.118+0000] {processor.py:830} INFO - Processing file /home/airflow/.local/lib/python3.12/site-packages/airflow/example_dags/example_task_group.py for tasks to queue
[2024-06-02T19:57:32.119+0000] {logging_mixin.py:188} INFO - [2024-06-02T19:57:32.119+0000] {dagbag.py:545} INFO - Filling up the DagBag from /home/airflow/.local/lib/python3.12/site-packages/airflow/example_dags/example_task_group.py
[2024-06-02T19:57:32.123+0000] {processor.py:840} INFO - DAG(s) 'example_task_group' retrieved from /home/airflow/.local/lib/python3.12/site-packages/airflow/example_dags/example_task_group.py
[2024-06-02T19:57:32.136+0000] {logging_mixin.py:188} INFO - [2024-06-02T19:57:32.136+0000] {dag.py:3096} INFO - Sync 1 DAGs
[2024-06-02T19:57:32.147+0000] {logging_mixin.py:188} INFO - [2024-06-02T19:57:32.147+0000] {dag.py:3954} INFO - Setting next_dagrun for example_task_group to 2024-06-01 00:00:00+00:00, run_after=2024-06-02 00:00:00+00:00
[2024-06-02T19:57:32.157+0000] {processor.py:183} INFO - Processing /home/airflow/.local/lib/python3.12/site-packages/airflow/example_dags/example_task_group.py took 0.043 seconds
[2024-06-02T19:58:02.922+0000] {processor.py:161} INFO - Started process (PID=1947) to work on /home/airflow/.local/lib/python3.12/site-packages/airflow/example_dags/example_task_group.py
[2024-06-02T19:58:02.923+0000] {processor.py:830} INFO - Processing file /home/airflow/.local/lib/python3.12/site-packages/airflow/example_dags/example_task_group.py for tasks to queue
[2024-06-02T19:58:02.925+0000] {logging_mixin.py:188} INFO - [2024-06-02T19:58:02.924+0000] {dagbag.py:545} INFO - Filling up the DagBag from /home/airflow/.local/lib/python3.12/site-packages/airflow/example_dags/example_task_group.py
[2024-06-02T19:58:02.929+0000] {processor.py:840} INFO - DAG(s) 'example_task_group' retrieved from /home/airflow/.local/lib/python3.12/site-packages/airflow/example_dags/example_task_group.py
[2024-06-02T19:58:02.941+0000] {logging_mixin.py:188} INFO - [2024-06-02T19:58:02.941+0000] {dag.py:3096} INFO - Sync 1 DAGs
[2024-06-02T19:58:02.954+0000] {logging_mixin.py:188} INFO - [2024-06-02T19:58:02.954+0000] {dag.py:3954} INFO - Setting next_dagrun for example_task_group to 2024-06-01 00:00:00+00:00, run_after=2024-06-02 00:00:00+00:00
[2024-06-02T19:58:02.965+0000] {processor.py:183} INFO - Processing /home/airflow/.local/lib/python3.12/site-packages/airflow/example_dags/example_task_group.py took 0.045 seconds
[2024-06-02T19:58:33.900+0000] {processor.py:161} INFO - Started process (PID=2005) to work on /home/airflow/.local/lib/python3.12/site-packages/airflow/example_dags/example_task_group.py
[2024-06-02T19:58:33.901+0000] {processor.py:830} INFO - Processing file /home/airflow/.local/lib/python3.12/site-packages/airflow/example_dags/example_task_group.py for tasks to queue
[2024-06-02T19:58:33.902+0000] {logging_mixin.py:188} INFO - [2024-06-02T19:58:33.902+0000] {dagbag.py:545} INFO - Filling up the DagBag from /home/airflow/.local/lib/python3.12/site-packages/airflow/example_dags/example_task_group.py
[2024-06-02T19:58:33.906+0000] {processor.py:840} INFO - DAG(s) 'example_task_group' retrieved from /home/airflow/.local/lib/python3.12/site-packages/airflow/example_dags/example_task_group.py
[2024-06-02T19:58:33.919+0000] {logging_mixin.py:188} INFO - [2024-06-02T19:58:33.919+0000] {dag.py:3096} INFO - Sync 1 DAGs
[2024-06-02T19:58:34.017+0000] {logging_mixin.py:188} INFO - [2024-06-02T19:58:34.017+0000] {dag.py:3954} INFO - Setting next_dagrun for example_task_group to 2024-06-01 00:00:00+00:00, run_after=2024-06-02 00:00:00+00:00
[2024-06-02T19:58:34.027+0000] {processor.py:183} INFO - Processing /home/airflow/.local/lib/python3.12/site-packages/airflow/example_dags/example_task_group.py took 0.131 seconds
[2024-06-02T19:59:04.110+0000] {processor.py:161} INFO - Started process (PID=2063) to work on /home/airflow/.local/lib/python3.12/site-packages/airflow/example_dags/example_task_group.py
[2024-06-02T19:59:04.111+0000] {processor.py:830} INFO - Processing file /home/airflow/.local/lib/python3.12/site-packages/airflow/example_dags/example_task_group.py for tasks to queue
[2024-06-02T19:59:04.112+0000] {logging_mixin.py:188} INFO - [2024-06-02T19:59:04.112+0000] {dagbag.py:545} INFO - Filling up the DagBag from /home/airflow/.local/lib/python3.12/site-packages/airflow/example_dags/example_task_group.py
[2024-06-02T19:59:04.116+0000] {processor.py:840} INFO - DAG(s) 'example_task_group' retrieved from /home/airflow/.local/lib/python3.12/site-packages/airflow/example_dags/example_task_group.py
[2024-06-02T19:59:04.128+0000] {logging_mixin.py:188} INFO - [2024-06-02T19:59:04.128+0000] {dag.py:3096} INFO - Sync 1 DAGs
[2024-06-02T19:59:04.139+0000] {logging_mixin.py:188} INFO - [2024-06-02T19:59:04.139+0000] {dag.py:3954} INFO - Setting next_dagrun for example_task_group to 2024-06-01 00:00:00+00:00, run_after=2024-06-02 00:00:00+00:00
[2024-06-02T19:59:04.233+0000] {processor.py:183} INFO - Processing /home/airflow/.local/lib/python3.12/site-packages/airflow/example_dags/example_task_group.py took 0.125 seconds
[2024-06-02T19:59:34.287+0000] {processor.py:161} INFO - Started process (PID=2121) to work on /home/airflow/.local/lib/python3.12/site-packages/airflow/example_dags/example_task_group.py
[2024-06-02T19:59:34.288+0000] {processor.py:830} INFO - Processing file /home/airflow/.local/lib/python3.12/site-packages/airflow/example_dags/example_task_group.py for tasks to queue
[2024-06-02T19:59:34.289+0000] {logging_mixin.py:188} INFO - [2024-06-02T19:59:34.289+0000] {dagbag.py:545} INFO - Filling up the DagBag from /home/airflow/.local/lib/python3.12/site-packages/airflow/example_dags/example_task_group.py
[2024-06-02T19:59:34.294+0000] {processor.py:840} INFO - DAG(s) 'example_task_group' retrieved from /home/airflow/.local/lib/python3.12/site-packages/airflow/example_dags/example_task_group.py
[2024-06-02T19:59:34.306+0000] {logging_mixin.py:188} INFO - [2024-06-02T19:59:34.306+0000] {dag.py:3096} INFO - Sync 1 DAGs
[2024-06-02T19:59:34.318+0000] {logging_mixin.py:188} INFO - [2024-06-02T19:59:34.318+0000] {dag.py:3954} INFO - Setting next_dagrun for example_task_group to 2024-06-01 00:00:00+00:00, run_after=2024-06-02 00:00:00+00:00
[2024-06-02T19:59:34.329+0000] {processor.py:183} INFO - Processing /home/airflow/.local/lib/python3.12/site-packages/airflow/example_dags/example_task_group.py took 0.045 seconds
[2024-06-02T20:00:05.425+0000] {processor.py:161} INFO - Started process (PID=2179) to work on /home/airflow/.local/lib/python3.12/site-packages/airflow/example_dags/example_task_group.py
[2024-06-02T20:00:05.426+0000] {processor.py:830} INFO - Processing file /home/airflow/.local/lib/python3.12/site-packages/airflow/example_dags/example_task_group.py for tasks to queue
[2024-06-02T20:00:05.427+0000] {logging_mixin.py:188} INFO - [2024-06-02T20:00:05.427+0000] {dagbag.py:545} INFO - Filling up the DagBag from /home/airflow/.local/lib/python3.12/site-packages/airflow/example_dags/example_task_group.py
[2024-06-02T20:00:05.431+0000] {processor.py:840} INFO - DAG(s) 'example_task_group' retrieved from /home/airflow/.local/lib/python3.12/site-packages/airflow/example_dags/example_task_group.py
[2024-06-02T20:00:05.443+0000] {logging_mixin.py:188} INFO - [2024-06-02T20:00:05.443+0000] {dag.py:3096} INFO - Sync 1 DAGs
[2024-06-02T20:00:05.456+0000] {logging_mixin.py:188} INFO - [2024-06-02T20:00:05.455+0000] {dag.py:3954} INFO - Setting next_dagrun for example_task_group to 2024-06-01 00:00:00+00:00, run_after=2024-06-02 00:00:00+00:00
[2024-06-02T20:00:05.465+0000] {processor.py:183} INFO - Processing /home/airflow/.local/lib/python3.12/site-packages/airflow/example_dags/example_task_group.py took 0.043 seconds
[2024-06-02T20:00:36.751+0000] {processor.py:161} INFO - Started process (PID=2237) to work on /home/airflow/.local/lib/python3.12/site-packages/airflow/example_dags/example_task_group.py
[2024-06-02T20:00:36.752+0000] {processor.py:830} INFO - Processing file /home/airflow/.local/lib/python3.12/site-packages/airflow/example_dags/example_task_group.py for tasks to queue
[2024-06-02T20:00:36.753+0000] {logging_mixin.py:188} INFO - [2024-06-02T20:00:36.753+0000] {dagbag.py:545} INFO - Filling up the DagBag from /home/airflow/.local/lib/python3.12/site-packages/airflow/example_dags/example_task_group.py
[2024-06-02T20:00:36.757+0000] {processor.py:840} INFO - DAG(s) 'example_task_group' retrieved from /home/airflow/.local/lib/python3.12/site-packages/airflow/example_dags/example_task_group.py
[2024-06-02T20:00:36.769+0000] {logging_mixin.py:188} INFO - [2024-06-02T20:00:36.769+0000] {dag.py:3096} INFO - Sync 1 DAGs
[2024-06-02T20:00:36.781+0000] {logging_mixin.py:188} INFO - [2024-06-02T20:00:36.781+0000] {dag.py:3954} INFO - Setting next_dagrun for example_task_group to 2024-06-01 00:00:00+00:00, run_after=2024-06-02 00:00:00+00:00
[2024-06-02T20:00:36.792+0000] {processor.py:183} INFO - Processing /home/airflow/.local/lib/python3.12/site-packages/airflow/example_dags/example_task_group.py took 0.044 seconds
[2024-06-02T20:01:07.527+0000] {processor.py:161} INFO - Started process (PID=2295) to work on /home/airflow/.local/lib/python3.12/site-packages/airflow/example_dags/example_task_group.py
[2024-06-02T20:01:07.527+0000] {processor.py:830} INFO - Processing file /home/airflow/.local/lib/python3.12/site-packages/airflow/example_dags/example_task_group.py for tasks to queue
[2024-06-02T20:01:07.528+0000] {logging_mixin.py:188} INFO - [2024-06-02T20:01:07.528+0000] {dagbag.py:545} INFO - Filling up the DagBag from /home/airflow/.local/lib/python3.12/site-packages/airflow/example_dags/example_task_group.py
[2024-06-02T20:01:07.533+0000] {processor.py:840} INFO - DAG(s) 'example_task_group' retrieved from /home/airflow/.local/lib/python3.12/site-packages/airflow/example_dags/example_task_group.py
[2024-06-02T20:01:07.545+0000] {logging_mixin.py:188} INFO - [2024-06-02T20:01:07.545+0000] {dag.py:3096} INFO - Sync 1 DAGs
[2024-06-02T20:01:07.557+0000] {logging_mixin.py:188} INFO - [2024-06-02T20:01:07.556+0000] {dag.py:3954} INFO - Setting next_dagrun for example_task_group to 2024-06-01 00:00:00+00:00, run_after=2024-06-02 00:00:00+00:00
[2024-06-02T20:01:07.567+0000] {processor.py:183} INFO - Processing /home/airflow/.local/lib/python3.12/site-packages/airflow/example_dags/example_task_group.py took 0.043 seconds
[2024-06-02T20:01:38.305+0000] {processor.py:161} INFO - Started process (PID=2353) to work on /home/airflow/.local/lib/python3.12/site-packages/airflow/example_dags/example_task_group.py
[2024-06-02T20:01:38.306+0000] {processor.py:830} INFO - Processing file /home/airflow/.local/lib/python3.12/site-packages/airflow/example_dags/example_task_group.py for tasks to queue
[2024-06-02T20:01:38.307+0000] {logging_mixin.py:188} INFO - [2024-06-02T20:01:38.307+0000] {dagbag.py:545} INFO - Filling up the DagBag from /home/airflow/.local/lib/python3.12/site-packages/airflow/example_dags/example_task_group.py
[2024-06-02T20:01:38.311+0000] {processor.py:840} INFO - DAG(s) 'example_task_group' retrieved from /home/airflow/.local/lib/python3.12/site-packages/airflow/example_dags/example_task_group.py
[2024-06-02T20:01:38.323+0000] {logging_mixin.py:188} INFO - [2024-06-02T20:01:38.323+0000] {dag.py:3096} INFO - Sync 1 DAGs
[2024-06-02T20:01:38.335+0000] {logging_mixin.py:188} INFO - [2024-06-02T20:01:38.335+0000] {dag.py:3954} INFO - Setting next_dagrun for example_task_group to 2024-06-01 00:00:00+00:00, run_after=2024-06-02 00:00:00+00:00
[2024-06-02T20:01:38.345+0000] {processor.py:183} INFO - Processing /home/airflow/.local/lib/python3.12/site-packages/airflow/example_dags/example_task_group.py took 0.044 seconds
[2024-06-02T20:02:09.078+0000] {processor.py:161} INFO - Started process (PID=2411) to work on /home/airflow/.local/lib/python3.12/site-packages/airflow/example_dags/example_task_group.py
[2024-06-02T20:02:09.079+0000] {processor.py:830} INFO - Processing file /home/airflow/.local/lib/python3.12/site-packages/airflow/example_dags/example_task_group.py for tasks to queue
[2024-06-02T20:02:09.080+0000] {logging_mixin.py:188} INFO - [2024-06-02T20:02:09.080+0000] {dagbag.py:545} INFO - Filling up the DagBag from /home/airflow/.local/lib/python3.12/site-packages/airflow/example_dags/example_task_group.py
[2024-06-02T20:02:09.084+0000] {processor.py:840} INFO - DAG(s) 'example_task_group' retrieved from /home/airflow/.local/lib/python3.12/site-packages/airflow/example_dags/example_task_group.py
[2024-06-02T20:02:09.096+0000] {logging_mixin.py:188} INFO - [2024-06-02T20:02:09.096+0000] {dag.py:3096} INFO - Sync 1 DAGs
[2024-06-02T20:02:09.109+0000] {logging_mixin.py:188} INFO - [2024-06-02T20:02:09.109+0000] {dag.py:3954} INFO - Setting next_dagrun for example_task_group to 2024-06-01 00:00:00+00:00, run_after=2024-06-02 00:00:00+00:00
[2024-06-02T20:02:09.120+0000] {processor.py:183} INFO - Processing /home/airflow/.local/lib/python3.12/site-packages/airflow/example_dags/example_task_group.py took 0.045 seconds
[2024-06-02T20:02:39.763+0000] {processor.py:161} INFO - Started process (PID=2469) to work on /home/airflow/.local/lib/python3.12/site-packages/airflow/example_dags/example_task_group.py
[2024-06-02T20:02:39.764+0000] {processor.py:830} INFO - Processing file /home/airflow/.local/lib/python3.12/site-packages/airflow/example_dags/example_task_group.py for tasks to queue
[2024-06-02T20:02:39.765+0000] {logging_mixin.py:188} INFO - [2024-06-02T20:02:39.765+0000] {dagbag.py:545} INFO - Filling up the DagBag from /home/airflow/.local/lib/python3.12/site-packages/airflow/example_dags/example_task_group.py
[2024-06-02T20:02:39.769+0000] {processor.py:840} INFO - DAG(s) 'example_task_group' retrieved from /home/airflow/.local/lib/python3.12/site-packages/airflow/example_dags/example_task_group.py
[2024-06-02T20:02:39.781+0000] {logging_mixin.py:188} INFO - [2024-06-02T20:02:39.781+0000] {dag.py:3096} INFO - Sync 1 DAGs
[2024-06-02T20:02:39.794+0000] {logging_mixin.py:188} INFO - [2024-06-02T20:02:39.794+0000] {dag.py:3954} INFO - Setting next_dagrun for example_task_group to 2024-06-01 00:00:00+00:00, run_after=2024-06-02 00:00:00+00:00
[2024-06-02T20:02:39.804+0000] {processor.py:183} INFO - Processing /home/airflow/.local/lib/python3.12/site-packages/airflow/example_dags/example_task_group.py took 0.044 seconds
[2024-06-02T20:03:10.396+0000] {processor.py:161} INFO - Started process (PID=2527) to work on /home/airflow/.local/lib/python3.12/site-packages/airflow/example_dags/example_task_group.py
[2024-06-02T20:03:10.397+0000] {processor.py:830} INFO - Processing file /home/airflow/.local/lib/python3.12/site-packages/airflow/example_dags/example_task_group.py for tasks to queue
[2024-06-02T20:03:10.398+0000] {logging_mixin.py:188} INFO - [2024-06-02T20:03:10.398+0000] {dagbag.py:545} INFO - Filling up the DagBag from /home/airflow/.local/lib/python3.12/site-packages/airflow/example_dags/example_task_group.py
[2024-06-02T20:03:10.403+0000] {processor.py:840} INFO - DAG(s) 'example_task_group' retrieved from /home/airflow/.local/lib/python3.12/site-packages/airflow/example_dags/example_task_group.py
[2024-06-02T20:03:10.415+0000] {logging_mixin.py:188} INFO - [2024-06-02T20:03:10.415+0000] {dag.py:3096} INFO - Sync 1 DAGs
[2024-06-02T20:03:10.428+0000] {logging_mixin.py:188} INFO - [2024-06-02T20:03:10.428+0000] {dag.py:3954} INFO - Setting next_dagrun for example_task_group to 2024-06-01 00:00:00+00:00, run_after=2024-06-02 00:00:00+00:00
[2024-06-02T20:03:10.438+0000] {processor.py:183} INFO - Processing /home/airflow/.local/lib/python3.12/site-packages/airflow/example_dags/example_task_group.py took 0.045 seconds
[2024-06-02T20:03:41.051+0000] {processor.py:161} INFO - Started process (PID=2585) to work on /home/airflow/.local/lib/python3.12/site-packages/airflow/example_dags/example_task_group.py
[2024-06-02T20:03:41.052+0000] {processor.py:830} INFO - Processing file /home/airflow/.local/lib/python3.12/site-packages/airflow/example_dags/example_task_group.py for tasks to queue
[2024-06-02T20:03:41.053+0000] {logging_mixin.py:188} INFO - [2024-06-02T20:03:41.053+0000] {dagbag.py:545} INFO - Filling up the DagBag from /home/airflow/.local/lib/python3.12/site-packages/airflow/example_dags/example_task_group.py
[2024-06-02T20:03:41.057+0000] {processor.py:840} INFO - DAG(s) 'example_task_group' retrieved from /home/airflow/.local/lib/python3.12/site-packages/airflow/example_dags/example_task_group.py
[2024-06-02T20:03:41.069+0000] {logging_mixin.py:188} INFO - [2024-06-02T20:03:41.069+0000] {dag.py:3096} INFO - Sync 1 DAGs
[2024-06-02T20:03:41.082+0000] {logging_mixin.py:188} INFO - [2024-06-02T20:03:41.082+0000] {dag.py:3954} INFO - Setting next_dagrun for example_task_group to 2024-06-01 00:00:00+00:00, run_after=2024-06-02 00:00:00+00:00
[2024-06-02T20:03:41.092+0000] {processor.py:183} INFO - Processing /home/airflow/.local/lib/python3.12/site-packages/airflow/example_dags/example_task_group.py took 0.043 seconds
