[2024-06-02T19:29:17.286+0000] {processor.py:161} INFO - Started process (PID=41) to work on /home/airflow/.local/lib/python3.12/site-packages/airflow/example_dags/example_branch_labels.py
[2024-06-02T19:29:17.287+0000] {processor.py:830} INFO - Processing file /home/airflow/.local/lib/python3.12/site-packages/airflow/example_dags/example_branch_labels.py for tasks to queue
[2024-06-02T19:29:17.288+0000] {logging_mixin.py:188} INFO - [2024-06-02T19:29:17.288+0000] {dagbag.py:545} INFO - Filling up the DagBag from /home/airflow/.local/lib/python3.12/site-packages/airflow/example_dags/example_branch_labels.py
[2024-06-02T19:29:17.295+0000] {processor.py:840} INFO - DAG(s) 'example_branch_labels' retrieved from /home/airflow/.local/lib/python3.12/site-packages/airflow/example_dags/example_branch_labels.py
[2024-06-02T19:29:17.359+0000] {logging_mixin.py:188} INFO - [2024-06-02T19:29:17.358+0000] {override.py:1829} INFO - Created Permission View: can edit on DAG:example_branch_labels
[2024-06-02T19:29:17.366+0000] {logging_mixin.py:188} INFO - [2024-06-02T19:29:17.366+0000] {override.py:1829} INFO - Created Permission View: can delete on DAG:example_branch_labels
[2024-06-02T19:29:17.370+0000] {logging_mixin.py:188} INFO - [2024-06-02T19:29:17.370+0000] {override.py:1829} INFO - Created Permission View: can read on DAG:example_branch_labels
[2024-06-02T19:29:17.371+0000] {logging_mixin.py:188} INFO - [2024-06-02T19:29:17.371+0000] {dag.py:3096} INFO - Sync 1 DAGs
[2024-06-02T19:29:17.377+0000] {logging_mixin.py:188} INFO - [2024-06-02T19:29:17.377+0000] {dag.py:3118} INFO - Creating ORM DAG for example_branch_labels
[2024-06-02T19:29:17.384+0000] {logging_mixin.py:188} INFO - [2024-06-02T19:29:17.384+0000] {dag.py:3954} INFO - Setting next_dagrun for example_branch_labels to 2024-06-01 00:00:00+00:00, run_after=2024-06-02 00:00:00+00:00
[2024-06-02T19:29:17.393+0000] {processor.py:183} INFO - Processing /home/airflow/.local/lib/python3.12/site-packages/airflow/example_dags/example_branch_labels.py took 0.111 seconds
[2024-06-02T19:29:47.975+0000] {processor.py:161} INFO - Started process (PID=99) to work on /home/airflow/.local/lib/python3.12/site-packages/airflow/example_dags/example_branch_labels.py
[2024-06-02T19:29:47.975+0000] {processor.py:830} INFO - Processing file /home/airflow/.local/lib/python3.12/site-packages/airflow/example_dags/example_branch_labels.py for tasks to queue
[2024-06-02T19:29:47.977+0000] {logging_mixin.py:188} INFO - [2024-06-02T19:29:47.976+0000] {dagbag.py:545} INFO - Filling up the DagBag from /home/airflow/.local/lib/python3.12/site-packages/airflow/example_dags/example_branch_labels.py
[2024-06-02T19:29:47.982+0000] {processor.py:840} INFO - DAG(s) 'example_branch_labels' retrieved from /home/airflow/.local/lib/python3.12/site-packages/airflow/example_dags/example_branch_labels.py
[2024-06-02T19:29:47.995+0000] {logging_mixin.py:188} INFO - [2024-06-02T19:29:47.995+0000] {dag.py:3096} INFO - Sync 1 DAGs
[2024-06-02T19:29:48.008+0000] {logging_mixin.py:188} INFO - [2024-06-02T19:29:48.008+0000] {dag.py:3954} INFO - Setting next_dagrun for example_branch_labels to 2024-06-01 00:00:00+00:00, run_after=2024-06-02 00:00:00+00:00
[2024-06-02T19:29:48.018+0000] {processor.py:183} INFO - Processing /home/airflow/.local/lib/python3.12/site-packages/airflow/example_dags/example_branch_labels.py took 0.046 seconds
[2024-06-02T19:30:18.642+0000] {processor.py:161} INFO - Started process (PID=157) to work on /home/airflow/.local/lib/python3.12/site-packages/airflow/example_dags/example_branch_labels.py
[2024-06-02T19:30:18.643+0000] {processor.py:830} INFO - Processing file /home/airflow/.local/lib/python3.12/site-packages/airflow/example_dags/example_branch_labels.py for tasks to queue
[2024-06-02T19:30:18.644+0000] {logging_mixin.py:188} INFO - [2024-06-02T19:30:18.643+0000] {dagbag.py:545} INFO - Filling up the DagBag from /home/airflow/.local/lib/python3.12/site-packages/airflow/example_dags/example_branch_labels.py
[2024-06-02T19:30:18.648+0000] {processor.py:840} INFO - DAG(s) 'example_branch_labels' retrieved from /home/airflow/.local/lib/python3.12/site-packages/airflow/example_dags/example_branch_labels.py
[2024-06-02T19:30:18.660+0000] {logging_mixin.py:188} INFO - [2024-06-02T19:30:18.660+0000] {dag.py:3096} INFO - Sync 1 DAGs
[2024-06-02T19:30:18.673+0000] {logging_mixin.py:188} INFO - [2024-06-02T19:30:18.672+0000] {dag.py:3954} INFO - Setting next_dagrun for example_branch_labels to 2024-06-01 00:00:00+00:00, run_after=2024-06-02 00:00:00+00:00
[2024-06-02T19:30:18.682+0000] {processor.py:183} INFO - Processing /home/airflow/.local/lib/python3.12/site-packages/airflow/example_dags/example_branch_labels.py took 0.043 seconds
[2024-06-02T19:30:49.290+0000] {processor.py:161} INFO - Started process (PID=215) to work on /home/airflow/.local/lib/python3.12/site-packages/airflow/example_dags/example_branch_labels.py
[2024-06-02T19:30:49.291+0000] {processor.py:830} INFO - Processing file /home/airflow/.local/lib/python3.12/site-packages/airflow/example_dags/example_branch_labels.py for tasks to queue
[2024-06-02T19:30:49.292+0000] {logging_mixin.py:188} INFO - [2024-06-02T19:30:49.292+0000] {dagbag.py:545} INFO - Filling up the DagBag from /home/airflow/.local/lib/python3.12/site-packages/airflow/example_dags/example_branch_labels.py
[2024-06-02T19:30:49.296+0000] {processor.py:840} INFO - DAG(s) 'example_branch_labels' retrieved from /home/airflow/.local/lib/python3.12/site-packages/airflow/example_dags/example_branch_labels.py
[2024-06-02T19:30:49.308+0000] {logging_mixin.py:188} INFO - [2024-06-02T19:30:49.308+0000] {dag.py:3096} INFO - Sync 1 DAGs
[2024-06-02T19:30:49.321+0000] {logging_mixin.py:188} INFO - [2024-06-02T19:30:49.321+0000] {dag.py:3954} INFO - Setting next_dagrun for example_branch_labels to 2024-06-01 00:00:00+00:00, run_after=2024-06-02 00:00:00+00:00
[2024-06-02T19:30:49.331+0000] {processor.py:183} INFO - Processing /home/airflow/.local/lib/python3.12/site-packages/airflow/example_dags/example_branch_labels.py took 0.044 seconds
[2024-06-02T19:31:19.740+0000] {processor.py:161} INFO - Started process (PID=41) to work on /home/airflow/.local/lib/python3.12/site-packages/airflow/example_dags/example_branch_labels.py
[2024-06-02T19:31:19.740+0000] {processor.py:830} INFO - Processing file /home/airflow/.local/lib/python3.12/site-packages/airflow/example_dags/example_branch_labels.py for tasks to queue
[2024-06-02T19:31:19.741+0000] {logging_mixin.py:188} INFO - [2024-06-02T19:31:19.741+0000] {dagbag.py:545} INFO - Filling up the DagBag from /home/airflow/.local/lib/python3.12/site-packages/airflow/example_dags/example_branch_labels.py
[2024-06-02T19:31:19.747+0000] {processor.py:840} INFO - DAG(s) 'example_branch_labels' retrieved from /home/airflow/.local/lib/python3.12/site-packages/airflow/example_dags/example_branch_labels.py
[2024-06-02T19:31:19.754+0000] {logging_mixin.py:188} INFO - [2024-06-02T19:31:19.754+0000] {dag.py:3096} INFO - Sync 1 DAGs
[2024-06-02T19:31:19.770+0000] {logging_mixin.py:188} INFO - [2024-06-02T19:31:19.769+0000] {dag.py:3954} INFO - Setting next_dagrun for example_branch_labels to 2024-06-01 00:00:00+00:00, run_after=2024-06-02 00:00:00+00:00
[2024-06-02T19:31:19.780+0000] {processor.py:183} INFO - Processing /home/airflow/.local/lib/python3.12/site-packages/airflow/example_dags/example_branch_labels.py took 0.044 seconds
[2024-06-02T19:31:50.719+0000] {processor.py:161} INFO - Started process (PID=99) to work on /home/airflow/.local/lib/python3.12/site-packages/airflow/example_dags/example_branch_labels.py
[2024-06-02T19:31:50.720+0000] {processor.py:830} INFO - Processing file /home/airflow/.local/lib/python3.12/site-packages/airflow/example_dags/example_branch_labels.py for tasks to queue
[2024-06-02T19:31:50.721+0000] {logging_mixin.py:188} INFO - [2024-06-02T19:31:50.721+0000] {dagbag.py:545} INFO - Filling up the DagBag from /home/airflow/.local/lib/python3.12/site-packages/airflow/example_dags/example_branch_labels.py
[2024-06-02T19:31:50.726+0000] {processor.py:840} INFO - DAG(s) 'example_branch_labels' retrieved from /home/airflow/.local/lib/python3.12/site-packages/airflow/example_dags/example_branch_labels.py
[2024-06-02T19:31:50.781+0000] {logging_mixin.py:188} INFO - [2024-06-02T19:31:50.781+0000] {dag.py:3096} INFO - Sync 1 DAGs
[2024-06-02T19:31:50.793+0000] {logging_mixin.py:188} INFO - [2024-06-02T19:31:50.792+0000] {dag.py:3954} INFO - Setting next_dagrun for example_branch_labels to 2024-06-01 00:00:00+00:00, run_after=2024-06-02 00:00:00+00:00
[2024-06-02T19:31:50.802+0000] {processor.py:183} INFO - Processing /home/airflow/.local/lib/python3.12/site-packages/airflow/example_dags/example_branch_labels.py took 0.086 seconds
[2024-06-02T19:32:21.227+0000] {processor.py:161} INFO - Started process (PID=157) to work on /home/airflow/.local/lib/python3.12/site-packages/airflow/example_dags/example_branch_labels.py
[2024-06-02T19:32:21.228+0000] {processor.py:830} INFO - Processing file /home/airflow/.local/lib/python3.12/site-packages/airflow/example_dags/example_branch_labels.py for tasks to queue
[2024-06-02T19:32:21.230+0000] {logging_mixin.py:188} INFO - [2024-06-02T19:32:21.229+0000] {dagbag.py:545} INFO - Filling up the DagBag from /home/airflow/.local/lib/python3.12/site-packages/airflow/example_dags/example_branch_labels.py
[2024-06-02T19:32:21.234+0000] {processor.py:840} INFO - DAG(s) 'example_branch_labels' retrieved from /home/airflow/.local/lib/python3.12/site-packages/airflow/example_dags/example_branch_labels.py
[2024-06-02T19:32:21.246+0000] {logging_mixin.py:188} INFO - [2024-06-02T19:32:21.245+0000] {dag.py:3096} INFO - Sync 1 DAGs
[2024-06-02T19:32:21.257+0000] {logging_mixin.py:188} INFO - [2024-06-02T19:32:21.257+0000] {dag.py:3954} INFO - Setting next_dagrun for example_branch_labels to 2024-06-01 00:00:00+00:00, run_after=2024-06-02 00:00:00+00:00
[2024-06-02T19:32:21.267+0000] {processor.py:183} INFO - Processing /home/airflow/.local/lib/python3.12/site-packages/airflow/example_dags/example_branch_labels.py took 0.043 seconds
[2024-06-02T19:32:51.934+0000] {processor.py:161} INFO - Started process (PID=215) to work on /home/airflow/.local/lib/python3.12/site-packages/airflow/example_dags/example_branch_labels.py
[2024-06-02T19:32:51.934+0000] {processor.py:830} INFO - Processing file /home/airflow/.local/lib/python3.12/site-packages/airflow/example_dags/example_branch_labels.py for tasks to queue
[2024-06-02T19:32:51.936+0000] {logging_mixin.py:188} INFO - [2024-06-02T19:32:51.935+0000] {dagbag.py:545} INFO - Filling up the DagBag from /home/airflow/.local/lib/python3.12/site-packages/airflow/example_dags/example_branch_labels.py
[2024-06-02T19:32:51.940+0000] {processor.py:840} INFO - DAG(s) 'example_branch_labels' retrieved from /home/airflow/.local/lib/python3.12/site-packages/airflow/example_dags/example_branch_labels.py
[2024-06-02T19:32:51.952+0000] {logging_mixin.py:188} INFO - [2024-06-02T19:32:51.952+0000] {dag.py:3096} INFO - Sync 1 DAGs
[2024-06-02T19:32:51.964+0000] {logging_mixin.py:188} INFO - [2024-06-02T19:32:51.964+0000] {dag.py:3954} INFO - Setting next_dagrun for example_branch_labels to 2024-06-01 00:00:00+00:00, run_after=2024-06-02 00:00:00+00:00
[2024-06-02T19:32:51.974+0000] {processor.py:183} INFO - Processing /home/airflow/.local/lib/python3.12/site-packages/airflow/example_dags/example_branch_labels.py took 0.043 seconds
[2024-06-02T19:33:22.649+0000] {processor.py:161} INFO - Started process (PID=273) to work on /home/airflow/.local/lib/python3.12/site-packages/airflow/example_dags/example_branch_labels.py
[2024-06-02T19:33:22.650+0000] {processor.py:830} INFO - Processing file /home/airflow/.local/lib/python3.12/site-packages/airflow/example_dags/example_branch_labels.py for tasks to queue
[2024-06-02T19:33:22.651+0000] {logging_mixin.py:188} INFO - [2024-06-02T19:33:22.651+0000] {dagbag.py:545} INFO - Filling up the DagBag from /home/airflow/.local/lib/python3.12/site-packages/airflow/example_dags/example_branch_labels.py
[2024-06-02T19:33:22.656+0000] {processor.py:840} INFO - DAG(s) 'example_branch_labels' retrieved from /home/airflow/.local/lib/python3.12/site-packages/airflow/example_dags/example_branch_labels.py
[2024-06-02T19:33:22.669+0000] {logging_mixin.py:188} INFO - [2024-06-02T19:33:22.669+0000] {dag.py:3096} INFO - Sync 1 DAGs
[2024-06-02T19:33:22.681+0000] {logging_mixin.py:188} INFO - [2024-06-02T19:33:22.681+0000] {dag.py:3954} INFO - Setting next_dagrun for example_branch_labels to 2024-06-01 00:00:00+00:00, run_after=2024-06-02 00:00:00+00:00
[2024-06-02T19:33:22.691+0000] {processor.py:183} INFO - Processing /home/airflow/.local/lib/python3.12/site-packages/airflow/example_dags/example_branch_labels.py took 0.045 seconds
[2024-06-02T19:33:53.215+0000] {processor.py:161} INFO - Started process (PID=330) to work on /home/airflow/.local/lib/python3.12/site-packages/airflow/example_dags/example_branch_labels.py
[2024-06-02T19:33:53.216+0000] {processor.py:830} INFO - Processing file /home/airflow/.local/lib/python3.12/site-packages/airflow/example_dags/example_branch_labels.py for tasks to queue
[2024-06-02T19:33:53.217+0000] {logging_mixin.py:188} INFO - [2024-06-02T19:33:53.217+0000] {dagbag.py:545} INFO - Filling up the DagBag from /home/airflow/.local/lib/python3.12/site-packages/airflow/example_dags/example_branch_labels.py
[2024-06-02T19:33:53.221+0000] {processor.py:840} INFO - DAG(s) 'example_branch_labels' retrieved from /home/airflow/.local/lib/python3.12/site-packages/airflow/example_dags/example_branch_labels.py
[2024-06-02T19:33:53.233+0000] {logging_mixin.py:188} INFO - [2024-06-02T19:33:53.233+0000] {dag.py:3096} INFO - Sync 1 DAGs
[2024-06-02T19:33:53.246+0000] {logging_mixin.py:188} INFO - [2024-06-02T19:33:53.245+0000] {dag.py:3954} INFO - Setting next_dagrun for example_branch_labels to 2024-06-01 00:00:00+00:00, run_after=2024-06-02 00:00:00+00:00
[2024-06-02T19:33:53.256+0000] {processor.py:183} INFO - Processing /home/airflow/.local/lib/python3.12/site-packages/airflow/example_dags/example_branch_labels.py took 0.043 seconds
[2024-06-02T19:34:24.042+0000] {processor.py:161} INFO - Started process (PID=388) to work on /home/airflow/.local/lib/python3.12/site-packages/airflow/example_dags/example_branch_labels.py
[2024-06-02T19:34:24.043+0000] {processor.py:830} INFO - Processing file /home/airflow/.local/lib/python3.12/site-packages/airflow/example_dags/example_branch_labels.py for tasks to queue
[2024-06-02T19:34:24.044+0000] {logging_mixin.py:188} INFO - [2024-06-02T19:34:24.044+0000] {dagbag.py:545} INFO - Filling up the DagBag from /home/airflow/.local/lib/python3.12/site-packages/airflow/example_dags/example_branch_labels.py
[2024-06-02T19:34:24.048+0000] {processor.py:840} INFO - DAG(s) 'example_branch_labels' retrieved from /home/airflow/.local/lib/python3.12/site-packages/airflow/example_dags/example_branch_labels.py
[2024-06-02T19:34:24.060+0000] {logging_mixin.py:188} INFO - [2024-06-02T19:34:24.060+0000] {dag.py:3096} INFO - Sync 1 DAGs
[2024-06-02T19:34:24.072+0000] {logging_mixin.py:188} INFO - [2024-06-02T19:34:24.072+0000] {dag.py:3954} INFO - Setting next_dagrun for example_branch_labels to 2024-06-01 00:00:00+00:00, run_after=2024-06-02 00:00:00+00:00
[2024-06-02T19:34:24.082+0000] {processor.py:183} INFO - Processing /home/airflow/.local/lib/python3.12/site-packages/airflow/example_dags/example_branch_labels.py took 0.042 seconds
[2024-06-02T19:34:54.791+0000] {processor.py:161} INFO - Started process (PID=446) to work on /home/airflow/.local/lib/python3.12/site-packages/airflow/example_dags/example_branch_labels.py
[2024-06-02T19:34:54.791+0000] {processor.py:830} INFO - Processing file /home/airflow/.local/lib/python3.12/site-packages/airflow/example_dags/example_branch_labels.py for tasks to queue
[2024-06-02T19:34:54.792+0000] {logging_mixin.py:188} INFO - [2024-06-02T19:34:54.792+0000] {dagbag.py:545} INFO - Filling up the DagBag from /home/airflow/.local/lib/python3.12/site-packages/airflow/example_dags/example_branch_labels.py
[2024-06-02T19:34:54.797+0000] {processor.py:840} INFO - DAG(s) 'example_branch_labels' retrieved from /home/airflow/.local/lib/python3.12/site-packages/airflow/example_dags/example_branch_labels.py
[2024-06-02T19:34:54.809+0000] {logging_mixin.py:188} INFO - [2024-06-02T19:34:54.808+0000] {dag.py:3096} INFO - Sync 1 DAGs
[2024-06-02T19:34:54.822+0000] {logging_mixin.py:188} INFO - [2024-06-02T19:34:54.822+0000] {dag.py:3954} INFO - Setting next_dagrun for example_branch_labels to 2024-06-01 00:00:00+00:00, run_after=2024-06-02 00:00:00+00:00
[2024-06-02T19:34:54.832+0000] {processor.py:183} INFO - Processing /home/airflow/.local/lib/python3.12/site-packages/airflow/example_dags/example_branch_labels.py took 0.045 seconds
[2024-06-02T19:35:25.489+0000] {processor.py:161} INFO - Started process (PID=504) to work on /home/airflow/.local/lib/python3.12/site-packages/airflow/example_dags/example_branch_labels.py
[2024-06-02T19:35:25.489+0000] {processor.py:830} INFO - Processing file /home/airflow/.local/lib/python3.12/site-packages/airflow/example_dags/example_branch_labels.py for tasks to queue
[2024-06-02T19:35:25.490+0000] {logging_mixin.py:188} INFO - [2024-06-02T19:35:25.490+0000] {dagbag.py:545} INFO - Filling up the DagBag from /home/airflow/.local/lib/python3.12/site-packages/airflow/example_dags/example_branch_labels.py
[2024-06-02T19:35:25.495+0000] {processor.py:840} INFO - DAG(s) 'example_branch_labels' retrieved from /home/airflow/.local/lib/python3.12/site-packages/airflow/example_dags/example_branch_labels.py
[2024-06-02T19:35:25.506+0000] {logging_mixin.py:188} INFO - [2024-06-02T19:35:25.506+0000] {dag.py:3096} INFO - Sync 1 DAGs
[2024-06-02T19:35:25.519+0000] {logging_mixin.py:188} INFO - [2024-06-02T19:35:25.519+0000] {dag.py:3954} INFO - Setting next_dagrun for example_branch_labels to 2024-06-01 00:00:00+00:00, run_after=2024-06-02 00:00:00+00:00
[2024-06-02T19:35:25.530+0000] {processor.py:183} INFO - Processing /home/airflow/.local/lib/python3.12/site-packages/airflow/example_dags/example_branch_labels.py took 0.045 seconds
[2024-06-02T19:36:19.364+0000] {processor.py:161} INFO - Started process (PID=59) to work on /home/airflow/.local/lib/python3.12/site-packages/airflow/example_dags/example_branch_labels.py
[2024-06-02T19:36:19.365+0000] {processor.py:830} INFO - Processing file /home/airflow/.local/lib/python3.12/site-packages/airflow/example_dags/example_branch_labels.py for tasks to queue
[2024-06-02T19:36:19.366+0000] {logging_mixin.py:188} INFO - [2024-06-02T19:36:19.366+0000] {dagbag.py:545} INFO - Filling up the DagBag from /home/airflow/.local/lib/python3.12/site-packages/airflow/example_dags/example_branch_labels.py
[2024-06-02T19:36:19.372+0000] {processor.py:840} INFO - DAG(s) 'example_branch_labels' retrieved from /home/airflow/.local/lib/python3.12/site-packages/airflow/example_dags/example_branch_labels.py
[2024-06-02T19:36:19.380+0000] {logging_mixin.py:188} INFO - [2024-06-02T19:36:19.379+0000] {dag.py:3096} INFO - Sync 1 DAGs
[2024-06-02T19:36:19.394+0000] {logging_mixin.py:188} INFO - [2024-06-02T19:36:19.394+0000] {dag.py:3954} INFO - Setting next_dagrun for example_branch_labels to 2024-06-01 00:00:00+00:00, run_after=2024-06-02 00:00:00+00:00
[2024-06-02T19:36:19.404+0000] {processor.py:183} INFO - Processing /home/airflow/.local/lib/python3.12/site-packages/airflow/example_dags/example_branch_labels.py took 0.043 seconds
[2024-06-02T19:36:50.092+0000] {processor.py:161} INFO - Started process (PID=117) to work on /home/airflow/.local/lib/python3.12/site-packages/airflow/example_dags/example_branch_labels.py
[2024-06-02T19:36:50.093+0000] {processor.py:830} INFO - Processing file /home/airflow/.local/lib/python3.12/site-packages/airflow/example_dags/example_branch_labels.py for tasks to queue
[2024-06-02T19:36:50.094+0000] {logging_mixin.py:188} INFO - [2024-06-02T19:36:50.094+0000] {dagbag.py:545} INFO - Filling up the DagBag from /home/airflow/.local/lib/python3.12/site-packages/airflow/example_dags/example_branch_labels.py
[2024-06-02T19:36:50.098+0000] {processor.py:840} INFO - DAG(s) 'example_branch_labels' retrieved from /home/airflow/.local/lib/python3.12/site-packages/airflow/example_dags/example_branch_labels.py
[2024-06-02T19:36:50.160+0000] {logging_mixin.py:188} INFO - [2024-06-02T19:36:50.160+0000] {dag.py:3096} INFO - Sync 1 DAGs
[2024-06-02T19:36:50.171+0000] {logging_mixin.py:188} INFO - [2024-06-02T19:36:50.171+0000] {dag.py:3954} INFO - Setting next_dagrun for example_branch_labels to 2024-06-01 00:00:00+00:00, run_after=2024-06-02 00:00:00+00:00
[2024-06-02T19:36:50.181+0000] {processor.py:183} INFO - Processing /home/airflow/.local/lib/python3.12/site-packages/airflow/example_dags/example_branch_labels.py took 0.092 seconds
[2024-06-02T19:37:20.606+0000] {processor.py:161} INFO - Started process (PID=175) to work on /home/airflow/.local/lib/python3.12/site-packages/airflow/example_dags/example_branch_labels.py
[2024-06-02T19:37:20.606+0000] {processor.py:830} INFO - Processing file /home/airflow/.local/lib/python3.12/site-packages/airflow/example_dags/example_branch_labels.py for tasks to queue
[2024-06-02T19:37:20.608+0000] {logging_mixin.py:188} INFO - [2024-06-02T19:37:20.607+0000] {dagbag.py:545} INFO - Filling up the DagBag from /home/airflow/.local/lib/python3.12/site-packages/airflow/example_dags/example_branch_labels.py
[2024-06-02T19:37:20.612+0000] {processor.py:840} INFO - DAG(s) 'example_branch_labels' retrieved from /home/airflow/.local/lib/python3.12/site-packages/airflow/example_dags/example_branch_labels.py
[2024-06-02T19:37:20.625+0000] {logging_mixin.py:188} INFO - [2024-06-02T19:37:20.625+0000] {dag.py:3096} INFO - Sync 1 DAGs
[2024-06-02T19:37:20.637+0000] {logging_mixin.py:188} INFO - [2024-06-02T19:37:20.637+0000] {dag.py:3954} INFO - Setting next_dagrun for example_branch_labels to 2024-06-01 00:00:00+00:00, run_after=2024-06-02 00:00:00+00:00
[2024-06-02T19:37:20.647+0000] {processor.py:183} INFO - Processing /home/airflow/.local/lib/python3.12/site-packages/airflow/example_dags/example_branch_labels.py took 0.045 seconds
[2024-06-02T19:37:51.197+0000] {processor.py:161} INFO - Started process (PID=233) to work on /home/airflow/.local/lib/python3.12/site-packages/airflow/example_dags/example_branch_labels.py
[2024-06-02T19:37:51.197+0000] {processor.py:830} INFO - Processing file /home/airflow/.local/lib/python3.12/site-packages/airflow/example_dags/example_branch_labels.py for tasks to queue
[2024-06-02T19:37:51.199+0000] {logging_mixin.py:188} INFO - [2024-06-02T19:37:51.198+0000] {dagbag.py:545} INFO - Filling up the DagBag from /home/airflow/.local/lib/python3.12/site-packages/airflow/example_dags/example_branch_labels.py
[2024-06-02T19:37:51.203+0000] {processor.py:840} INFO - DAG(s) 'example_branch_labels' retrieved from /home/airflow/.local/lib/python3.12/site-packages/airflow/example_dags/example_branch_labels.py
[2024-06-02T19:37:51.215+0000] {logging_mixin.py:188} INFO - [2024-06-02T19:37:51.215+0000] {dag.py:3096} INFO - Sync 1 DAGs
[2024-06-02T19:37:51.228+0000] {logging_mixin.py:188} INFO - [2024-06-02T19:37:51.228+0000] {dag.py:3954} INFO - Setting next_dagrun for example_branch_labels to 2024-06-01 00:00:00+00:00, run_after=2024-06-02 00:00:00+00:00
[2024-06-02T19:37:51.237+0000] {processor.py:183} INFO - Processing /home/airflow/.local/lib/python3.12/site-packages/airflow/example_dags/example_branch_labels.py took 0.044 seconds
[2024-06-02T19:38:21.867+0000] {processor.py:161} INFO - Started process (PID=291) to work on /home/airflow/.local/lib/python3.12/site-packages/airflow/example_dags/example_branch_labels.py
[2024-06-02T19:38:21.868+0000] {processor.py:830} INFO - Processing file /home/airflow/.local/lib/python3.12/site-packages/airflow/example_dags/example_branch_labels.py for tasks to queue
[2024-06-02T19:38:21.869+0000] {logging_mixin.py:188} INFO - [2024-06-02T19:38:21.869+0000] {dagbag.py:545} INFO - Filling up the DagBag from /home/airflow/.local/lib/python3.12/site-packages/airflow/example_dags/example_branch_labels.py
[2024-06-02T19:38:21.874+0000] {processor.py:840} INFO - DAG(s) 'example_branch_labels' retrieved from /home/airflow/.local/lib/python3.12/site-packages/airflow/example_dags/example_branch_labels.py
[2024-06-02T19:38:21.886+0000] {logging_mixin.py:188} INFO - [2024-06-02T19:38:21.886+0000] {dag.py:3096} INFO - Sync 1 DAGs
[2024-06-02T19:38:21.899+0000] {logging_mixin.py:188} INFO - [2024-06-02T19:38:21.899+0000] {dag.py:3954} INFO - Setting next_dagrun for example_branch_labels to 2024-06-01 00:00:00+00:00, run_after=2024-06-02 00:00:00+00:00
[2024-06-02T19:38:21.909+0000] {processor.py:183} INFO - Processing /home/airflow/.local/lib/python3.12/site-packages/airflow/example_dags/example_branch_labels.py took 0.044 seconds
[2024-06-02T19:38:52.597+0000] {processor.py:161} INFO - Started process (PID=349) to work on /home/airflow/.local/lib/python3.12/site-packages/airflow/example_dags/example_branch_labels.py
[2024-06-02T19:38:52.597+0000] {processor.py:830} INFO - Processing file /home/airflow/.local/lib/python3.12/site-packages/airflow/example_dags/example_branch_labels.py for tasks to queue
[2024-06-02T19:38:52.599+0000] {logging_mixin.py:188} INFO - [2024-06-02T19:38:52.598+0000] {dagbag.py:545} INFO - Filling up the DagBag from /home/airflow/.local/lib/python3.12/site-packages/airflow/example_dags/example_branch_labels.py
[2024-06-02T19:38:52.603+0000] {processor.py:840} INFO - DAG(s) 'example_branch_labels' retrieved from /home/airflow/.local/lib/python3.12/site-packages/airflow/example_dags/example_branch_labels.py
[2024-06-02T19:38:52.616+0000] {logging_mixin.py:188} INFO - [2024-06-02T19:38:52.616+0000] {dag.py:3096} INFO - Sync 1 DAGs
[2024-06-02T19:38:52.628+0000] {logging_mixin.py:188} INFO - [2024-06-02T19:38:52.628+0000] {dag.py:3954} INFO - Setting next_dagrun for example_branch_labels to 2024-06-01 00:00:00+00:00, run_after=2024-06-02 00:00:00+00:00
[2024-06-02T19:38:52.639+0000] {processor.py:183} INFO - Processing /home/airflow/.local/lib/python3.12/site-packages/airflow/example_dags/example_branch_labels.py took 0.046 seconds
[2024-06-02T19:39:23.254+0000] {processor.py:161} INFO - Started process (PID=407) to work on /home/airflow/.local/lib/python3.12/site-packages/airflow/example_dags/example_branch_labels.py
[2024-06-02T19:39:23.255+0000] {processor.py:830} INFO - Processing file /home/airflow/.local/lib/python3.12/site-packages/airflow/example_dags/example_branch_labels.py for tasks to queue
[2024-06-02T19:39:23.256+0000] {logging_mixin.py:188} INFO - [2024-06-02T19:39:23.256+0000] {dagbag.py:545} INFO - Filling up the DagBag from /home/airflow/.local/lib/python3.12/site-packages/airflow/example_dags/example_branch_labels.py
[2024-06-02T19:39:23.261+0000] {processor.py:840} INFO - DAG(s) 'example_branch_labels' retrieved from /home/airflow/.local/lib/python3.12/site-packages/airflow/example_dags/example_branch_labels.py
[2024-06-02T19:39:23.273+0000] {logging_mixin.py:188} INFO - [2024-06-02T19:39:23.273+0000] {dag.py:3096} INFO - Sync 1 DAGs
[2024-06-02T19:39:23.285+0000] {logging_mixin.py:188} INFO - [2024-06-02T19:39:23.285+0000] {dag.py:3954} INFO - Setting next_dagrun for example_branch_labels to 2024-06-01 00:00:00+00:00, run_after=2024-06-02 00:00:00+00:00
[2024-06-02T19:39:23.295+0000] {processor.py:183} INFO - Processing /home/airflow/.local/lib/python3.12/site-packages/airflow/example_dags/example_branch_labels.py took 0.044 seconds
[2024-06-02T19:39:53.917+0000] {processor.py:161} INFO - Started process (PID=465) to work on /home/airflow/.local/lib/python3.12/site-packages/airflow/example_dags/example_branch_labels.py
[2024-06-02T19:39:53.918+0000] {processor.py:830} INFO - Processing file /home/airflow/.local/lib/python3.12/site-packages/airflow/example_dags/example_branch_labels.py for tasks to queue
[2024-06-02T19:39:53.919+0000] {logging_mixin.py:188} INFO - [2024-06-02T19:39:53.919+0000] {dagbag.py:545} INFO - Filling up the DagBag from /home/airflow/.local/lib/python3.12/site-packages/airflow/example_dags/example_branch_labels.py
[2024-06-02T19:39:53.924+0000] {processor.py:840} INFO - DAG(s) 'example_branch_labels' retrieved from /home/airflow/.local/lib/python3.12/site-packages/airflow/example_dags/example_branch_labels.py
[2024-06-02T19:39:53.936+0000] {logging_mixin.py:188} INFO - [2024-06-02T19:39:53.936+0000] {dag.py:3096} INFO - Sync 1 DAGs
[2024-06-02T19:39:53.948+0000] {logging_mixin.py:188} INFO - [2024-06-02T19:39:53.948+0000] {dag.py:3954} INFO - Setting next_dagrun for example_branch_labels to 2024-06-01 00:00:00+00:00, run_after=2024-06-02 00:00:00+00:00
[2024-06-02T19:39:53.960+0000] {processor.py:183} INFO - Processing /home/airflow/.local/lib/python3.12/site-packages/airflow/example_dags/example_branch_labels.py took 0.045 seconds
[2024-06-02T19:40:24.496+0000] {processor.py:161} INFO - Started process (PID=523) to work on /home/airflow/.local/lib/python3.12/site-packages/airflow/example_dags/example_branch_labels.py
[2024-06-02T19:40:24.497+0000] {processor.py:830} INFO - Processing file /home/airflow/.local/lib/python3.12/site-packages/airflow/example_dags/example_branch_labels.py for tasks to queue
[2024-06-02T19:40:24.498+0000] {logging_mixin.py:188} INFO - [2024-06-02T19:40:24.498+0000] {dagbag.py:545} INFO - Filling up the DagBag from /home/airflow/.local/lib/python3.12/site-packages/airflow/example_dags/example_branch_labels.py
[2024-06-02T19:40:24.502+0000] {processor.py:840} INFO - DAG(s) 'example_branch_labels' retrieved from /home/airflow/.local/lib/python3.12/site-packages/airflow/example_dags/example_branch_labels.py
[2024-06-02T19:40:24.514+0000] {logging_mixin.py:188} INFO - [2024-06-02T19:40:24.514+0000] {dag.py:3096} INFO - Sync 1 DAGs
[2024-06-02T19:40:24.527+0000] {logging_mixin.py:188} INFO - [2024-06-02T19:40:24.527+0000] {dag.py:3954} INFO - Setting next_dagrun for example_branch_labels to 2024-06-01 00:00:00+00:00, run_after=2024-06-02 00:00:00+00:00
[2024-06-02T19:40:24.536+0000] {processor.py:183} INFO - Processing /home/airflow/.local/lib/python3.12/site-packages/airflow/example_dags/example_branch_labels.py took 0.043 seconds
[2024-06-02T19:40:55.067+0000] {processor.py:161} INFO - Started process (PID=581) to work on /home/airflow/.local/lib/python3.12/site-packages/airflow/example_dags/example_branch_labels.py
[2024-06-02T19:40:55.068+0000] {processor.py:830} INFO - Processing file /home/airflow/.local/lib/python3.12/site-packages/airflow/example_dags/example_branch_labels.py for tasks to queue
[2024-06-02T19:40:55.069+0000] {logging_mixin.py:188} INFO - [2024-06-02T19:40:55.069+0000] {dagbag.py:545} INFO - Filling up the DagBag from /home/airflow/.local/lib/python3.12/site-packages/airflow/example_dags/example_branch_labels.py
[2024-06-02T19:40:55.074+0000] {processor.py:840} INFO - DAG(s) 'example_branch_labels' retrieved from /home/airflow/.local/lib/python3.12/site-packages/airflow/example_dags/example_branch_labels.py
[2024-06-02T19:40:55.086+0000] {logging_mixin.py:188} INFO - [2024-06-02T19:40:55.086+0000] {dag.py:3096} INFO - Sync 1 DAGs
[2024-06-02T19:40:55.099+0000] {logging_mixin.py:188} INFO - [2024-06-02T19:40:55.099+0000] {dag.py:3954} INFO - Setting next_dagrun for example_branch_labels to 2024-06-01 00:00:00+00:00, run_after=2024-06-02 00:00:00+00:00
[2024-06-02T19:40:55.108+0000] {processor.py:183} INFO - Processing /home/airflow/.local/lib/python3.12/site-packages/airflow/example_dags/example_branch_labels.py took 0.045 seconds
[2024-06-02T19:41:40.990+0000] {processor.py:161} INFO - Started process (PID=59) to work on /home/airflow/.local/lib/python3.12/site-packages/airflow/example_dags/example_branch_labels.py
[2024-06-02T19:41:40.991+0000] {processor.py:830} INFO - Processing file /home/airflow/.local/lib/python3.12/site-packages/airflow/example_dags/example_branch_labels.py for tasks to queue
[2024-06-02T19:41:40.992+0000] {logging_mixin.py:188} INFO - [2024-06-02T19:41:40.992+0000] {dagbag.py:545} INFO - Filling up the DagBag from /home/airflow/.local/lib/python3.12/site-packages/airflow/example_dags/example_branch_labels.py
[2024-06-02T19:41:40.997+0000] {processor.py:840} INFO - DAG(s) 'example_branch_labels' retrieved from /home/airflow/.local/lib/python3.12/site-packages/airflow/example_dags/example_branch_labels.py
[2024-06-02T19:41:41.006+0000] {logging_mixin.py:188} INFO - [2024-06-02T19:41:41.005+0000] {dag.py:3096} INFO - Sync 1 DAGs
[2024-06-02T19:41:41.022+0000] {logging_mixin.py:188} INFO - [2024-06-02T19:41:41.022+0000] {dag.py:3954} INFO - Setting next_dagrun for example_branch_labels to 2024-06-01 00:00:00+00:00, run_after=2024-06-02 00:00:00+00:00
[2024-06-02T19:41:41.033+0000] {processor.py:183} INFO - Processing /home/airflow/.local/lib/python3.12/site-packages/airflow/example_dags/example_branch_labels.py took 0.046 seconds
[2024-06-02T19:42:11.838+0000] {processor.py:161} INFO - Started process (PID=117) to work on /home/airflow/.local/lib/python3.12/site-packages/airflow/example_dags/example_branch_labels.py
[2024-06-02T19:42:11.839+0000] {processor.py:830} INFO - Processing file /home/airflow/.local/lib/python3.12/site-packages/airflow/example_dags/example_branch_labels.py for tasks to queue
[2024-06-02T19:42:11.841+0000] {logging_mixin.py:188} INFO - [2024-06-02T19:42:11.840+0000] {dagbag.py:545} INFO - Filling up the DagBag from /home/airflow/.local/lib/python3.12/site-packages/airflow/example_dags/example_branch_labels.py
[2024-06-02T19:42:11.845+0000] {processor.py:840} INFO - DAG(s) 'example_branch_labels' retrieved from /home/airflow/.local/lib/python3.12/site-packages/airflow/example_dags/example_branch_labels.py
[2024-06-02T19:42:11.901+0000] {logging_mixin.py:188} INFO - [2024-06-02T19:42:11.901+0000] {dag.py:3096} INFO - Sync 1 DAGs
[2024-06-02T19:42:11.913+0000] {logging_mixin.py:188} INFO - [2024-06-02T19:42:11.912+0000] {dag.py:3954} INFO - Setting next_dagrun for example_branch_labels to 2024-06-01 00:00:00+00:00, run_after=2024-06-02 00:00:00+00:00
[2024-06-02T19:42:11.923+0000] {processor.py:183} INFO - Processing /home/airflow/.local/lib/python3.12/site-packages/airflow/example_dags/example_branch_labels.py took 0.088 seconds
[2024-06-02T19:42:42.282+0000] {processor.py:161} INFO - Started process (PID=175) to work on /home/airflow/.local/lib/python3.12/site-packages/airflow/example_dags/example_branch_labels.py
[2024-06-02T19:42:42.282+0000] {processor.py:830} INFO - Processing file /home/airflow/.local/lib/python3.12/site-packages/airflow/example_dags/example_branch_labels.py for tasks to queue
[2024-06-02T19:42:42.283+0000] {logging_mixin.py:188} INFO - [2024-06-02T19:42:42.283+0000] {dagbag.py:545} INFO - Filling up the DagBag from /home/airflow/.local/lib/python3.12/site-packages/airflow/example_dags/example_branch_labels.py
[2024-06-02T19:42:42.288+0000] {processor.py:840} INFO - DAG(s) 'example_branch_labels' retrieved from /home/airflow/.local/lib/python3.12/site-packages/airflow/example_dags/example_branch_labels.py
[2024-06-02T19:42:42.300+0000] {logging_mixin.py:188} INFO - [2024-06-02T19:42:42.300+0000] {dag.py:3096} INFO - Sync 1 DAGs
[2024-06-02T19:42:42.312+0000] {logging_mixin.py:188} INFO - [2024-06-02T19:42:42.312+0000] {dag.py:3954} INFO - Setting next_dagrun for example_branch_labels to 2024-06-01 00:00:00+00:00, run_after=2024-06-02 00:00:00+00:00
[2024-06-02T19:42:42.321+0000] {processor.py:183} INFO - Processing /home/airflow/.local/lib/python3.12/site-packages/airflow/example_dags/example_branch_labels.py took 0.043 seconds
[2024-06-02T19:43:12.935+0000] {processor.py:161} INFO - Started process (PID=233) to work on /home/airflow/.local/lib/python3.12/site-packages/airflow/example_dags/example_branch_labels.py
[2024-06-02T19:43:12.936+0000] {processor.py:830} INFO - Processing file /home/airflow/.local/lib/python3.12/site-packages/airflow/example_dags/example_branch_labels.py for tasks to queue
[2024-06-02T19:43:12.937+0000] {logging_mixin.py:188} INFO - [2024-06-02T19:43:12.936+0000] {dagbag.py:545} INFO - Filling up the DagBag from /home/airflow/.local/lib/python3.12/site-packages/airflow/example_dags/example_branch_labels.py
[2024-06-02T19:43:12.941+0000] {processor.py:840} INFO - DAG(s) 'example_branch_labels' retrieved from /home/airflow/.local/lib/python3.12/site-packages/airflow/example_dags/example_branch_labels.py
[2024-06-02T19:43:12.954+0000] {logging_mixin.py:188} INFO - [2024-06-02T19:43:12.954+0000] {dag.py:3096} INFO - Sync 1 DAGs
[2024-06-02T19:43:12.966+0000] {logging_mixin.py:188} INFO - [2024-06-02T19:43:12.966+0000] {dag.py:3954} INFO - Setting next_dagrun for example_branch_labels to 2024-06-01 00:00:00+00:00, run_after=2024-06-02 00:00:00+00:00
[2024-06-02T19:43:12.976+0000] {processor.py:183} INFO - Processing /home/airflow/.local/lib/python3.12/site-packages/airflow/example_dags/example_branch_labels.py took 0.044 seconds
[2024-06-02T19:43:43.630+0000] {processor.py:161} INFO - Started process (PID=291) to work on /home/airflow/.local/lib/python3.12/site-packages/airflow/example_dags/example_branch_labels.py
[2024-06-02T19:43:43.630+0000] {processor.py:830} INFO - Processing file /home/airflow/.local/lib/python3.12/site-packages/airflow/example_dags/example_branch_labels.py for tasks to queue
[2024-06-02T19:43:43.631+0000] {logging_mixin.py:188} INFO - [2024-06-02T19:43:43.631+0000] {dagbag.py:545} INFO - Filling up the DagBag from /home/airflow/.local/lib/python3.12/site-packages/airflow/example_dags/example_branch_labels.py
[2024-06-02T19:43:43.636+0000] {processor.py:840} INFO - DAG(s) 'example_branch_labels' retrieved from /home/airflow/.local/lib/python3.12/site-packages/airflow/example_dags/example_branch_labels.py
[2024-06-02T19:43:43.647+0000] {logging_mixin.py:188} INFO - [2024-06-02T19:43:43.647+0000] {dag.py:3096} INFO - Sync 1 DAGs
[2024-06-02T19:43:43.660+0000] {logging_mixin.py:188} INFO - [2024-06-02T19:43:43.660+0000] {dag.py:3954} INFO - Setting next_dagrun for example_branch_labels to 2024-06-01 00:00:00+00:00, run_after=2024-06-02 00:00:00+00:00
[2024-06-02T19:43:43.670+0000] {processor.py:183} INFO - Processing /home/airflow/.local/lib/python3.12/site-packages/airflow/example_dags/example_branch_labels.py took 0.043 seconds
[2024-06-02T19:44:14.363+0000] {processor.py:161} INFO - Started process (PID=349) to work on /home/airflow/.local/lib/python3.12/site-packages/airflow/example_dags/example_branch_labels.py
[2024-06-02T19:44:14.364+0000] {processor.py:830} INFO - Processing file /home/airflow/.local/lib/python3.12/site-packages/airflow/example_dags/example_branch_labels.py for tasks to queue
[2024-06-02T19:44:14.365+0000] {logging_mixin.py:188} INFO - [2024-06-02T19:44:14.365+0000] {dagbag.py:545} INFO - Filling up the DagBag from /home/airflow/.local/lib/python3.12/site-packages/airflow/example_dags/example_branch_labels.py
[2024-06-02T19:44:14.369+0000] {processor.py:840} INFO - DAG(s) 'example_branch_labels' retrieved from /home/airflow/.local/lib/python3.12/site-packages/airflow/example_dags/example_branch_labels.py
[2024-06-02T19:44:14.381+0000] {logging_mixin.py:188} INFO - [2024-06-02T19:44:14.381+0000] {dag.py:3096} INFO - Sync 1 DAGs
[2024-06-02T19:44:14.394+0000] {logging_mixin.py:188} INFO - [2024-06-02T19:44:14.394+0000] {dag.py:3954} INFO - Setting next_dagrun for example_branch_labels to 2024-06-01 00:00:00+00:00, run_after=2024-06-02 00:00:00+00:00
[2024-06-02T19:44:14.404+0000] {processor.py:183} INFO - Processing /home/airflow/.local/lib/python3.12/site-packages/airflow/example_dags/example_branch_labels.py took 0.044 seconds
[2024-06-02T19:44:44.989+0000] {processor.py:161} INFO - Started process (PID=407) to work on /home/airflow/.local/lib/python3.12/site-packages/airflow/example_dags/example_branch_labels.py
[2024-06-02T19:44:44.989+0000] {processor.py:830} INFO - Processing file /home/airflow/.local/lib/python3.12/site-packages/airflow/example_dags/example_branch_labels.py for tasks to queue
[2024-06-02T19:44:44.991+0000] {logging_mixin.py:188} INFO - [2024-06-02T19:44:44.990+0000] {dagbag.py:545} INFO - Filling up the DagBag from /home/airflow/.local/lib/python3.12/site-packages/airflow/example_dags/example_branch_labels.py
[2024-06-02T19:44:44.995+0000] {processor.py:840} INFO - DAG(s) 'example_branch_labels' retrieved from /home/airflow/.local/lib/python3.12/site-packages/airflow/example_dags/example_branch_labels.py
[2024-06-02T19:44:45.008+0000] {logging_mixin.py:188} INFO - [2024-06-02T19:44:45.008+0000] {dag.py:3096} INFO - Sync 1 DAGs
[2024-06-02T19:44:45.020+0000] {logging_mixin.py:188} INFO - [2024-06-02T19:44:45.020+0000] {dag.py:3954} INFO - Setting next_dagrun for example_branch_labels to 2024-06-01 00:00:00+00:00, run_after=2024-06-02 00:00:00+00:00
[2024-06-02T19:44:45.030+0000] {processor.py:183} INFO - Processing /home/airflow/.local/lib/python3.12/site-packages/airflow/example_dags/example_branch_labels.py took 0.044 seconds
[2024-06-02T19:45:15.622+0000] {processor.py:161} INFO - Started process (PID=465) to work on /home/airflow/.local/lib/python3.12/site-packages/airflow/example_dags/example_branch_labels.py
[2024-06-02T19:45:15.623+0000] {processor.py:830} INFO - Processing file /home/airflow/.local/lib/python3.12/site-packages/airflow/example_dags/example_branch_labels.py for tasks to queue
[2024-06-02T19:45:15.624+0000] {logging_mixin.py:188} INFO - [2024-06-02T19:45:15.624+0000] {dagbag.py:545} INFO - Filling up the DagBag from /home/airflow/.local/lib/python3.12/site-packages/airflow/example_dags/example_branch_labels.py
[2024-06-02T19:45:15.628+0000] {processor.py:840} INFO - DAG(s) 'example_branch_labels' retrieved from /home/airflow/.local/lib/python3.12/site-packages/airflow/example_dags/example_branch_labels.py
[2024-06-02T19:45:15.641+0000] {logging_mixin.py:188} INFO - [2024-06-02T19:45:15.641+0000] {dag.py:3096} INFO - Sync 1 DAGs
[2024-06-02T19:45:15.653+0000] {logging_mixin.py:188} INFO - [2024-06-02T19:45:15.653+0000] {dag.py:3954} INFO - Setting next_dagrun for example_branch_labels to 2024-06-01 00:00:00+00:00, run_after=2024-06-02 00:00:00+00:00
[2024-06-02T19:45:15.664+0000] {processor.py:183} INFO - Processing /home/airflow/.local/lib/python3.12/site-packages/airflow/example_dags/example_branch_labels.py took 0.045 seconds
[2024-06-02T19:45:46.183+0000] {processor.py:161} INFO - Started process (PID=522) to work on /home/airflow/.local/lib/python3.12/site-packages/airflow/example_dags/example_branch_labels.py
[2024-06-02T19:45:46.184+0000] {processor.py:830} INFO - Processing file /home/airflow/.local/lib/python3.12/site-packages/airflow/example_dags/example_branch_labels.py for tasks to queue
[2024-06-02T19:45:46.185+0000] {logging_mixin.py:188} INFO - [2024-06-02T19:45:46.185+0000] {dagbag.py:545} INFO - Filling up the DagBag from /home/airflow/.local/lib/python3.12/site-packages/airflow/example_dags/example_branch_labels.py
[2024-06-02T19:45:46.189+0000] {processor.py:840} INFO - DAG(s) 'example_branch_labels' retrieved from /home/airflow/.local/lib/python3.12/site-packages/airflow/example_dags/example_branch_labels.py
[2024-06-02T19:45:46.201+0000] {logging_mixin.py:188} INFO - [2024-06-02T19:45:46.201+0000] {dag.py:3096} INFO - Sync 1 DAGs
[2024-06-02T19:45:46.214+0000] {logging_mixin.py:188} INFO - [2024-06-02T19:45:46.214+0000] {dag.py:3954} INFO - Setting next_dagrun for example_branch_labels to 2024-06-01 00:00:00+00:00, run_after=2024-06-02 00:00:00+00:00
[2024-06-02T19:45:46.223+0000] {processor.py:183} INFO - Processing /home/airflow/.local/lib/python3.12/site-packages/airflow/example_dags/example_branch_labels.py took 0.043 seconds
[2024-06-02T19:46:16.877+0000] {processor.py:161} INFO - Started process (PID=580) to work on /home/airflow/.local/lib/python3.12/site-packages/airflow/example_dags/example_branch_labels.py
[2024-06-02T19:46:16.878+0000] {processor.py:830} INFO - Processing file /home/airflow/.local/lib/python3.12/site-packages/airflow/example_dags/example_branch_labels.py for tasks to queue
[2024-06-02T19:46:16.879+0000] {logging_mixin.py:188} INFO - [2024-06-02T19:46:16.879+0000] {dagbag.py:545} INFO - Filling up the DagBag from /home/airflow/.local/lib/python3.12/site-packages/airflow/example_dags/example_branch_labels.py
[2024-06-02T19:46:16.883+0000] {processor.py:840} INFO - DAG(s) 'example_branch_labels' retrieved from /home/airflow/.local/lib/python3.12/site-packages/airflow/example_dags/example_branch_labels.py
[2024-06-02T19:46:16.894+0000] {logging_mixin.py:188} INFO - [2024-06-02T19:46:16.894+0000] {dag.py:3096} INFO - Sync 1 DAGs
[2024-06-02T19:46:16.906+0000] {logging_mixin.py:188} INFO - [2024-06-02T19:46:16.906+0000] {dag.py:3954} INFO - Setting next_dagrun for example_branch_labels to 2024-06-01 00:00:00+00:00, run_after=2024-06-02 00:00:00+00:00
[2024-06-02T19:46:16.916+0000] {processor.py:183} INFO - Processing /home/airflow/.local/lib/python3.12/site-packages/airflow/example_dags/example_branch_labels.py took 0.042 seconds
[2024-06-02T19:46:47.564+0000] {processor.py:161} INFO - Started process (PID=638) to work on /home/airflow/.local/lib/python3.12/site-packages/airflow/example_dags/example_branch_labels.py
[2024-06-02T19:46:47.564+0000] {processor.py:830} INFO - Processing file /home/airflow/.local/lib/python3.12/site-packages/airflow/example_dags/example_branch_labels.py for tasks to queue
[2024-06-02T19:46:47.565+0000] {logging_mixin.py:188} INFO - [2024-06-02T19:46:47.565+0000] {dagbag.py:545} INFO - Filling up the DagBag from /home/airflow/.local/lib/python3.12/site-packages/airflow/example_dags/example_branch_labels.py
[2024-06-02T19:46:47.569+0000] {processor.py:840} INFO - DAG(s) 'example_branch_labels' retrieved from /home/airflow/.local/lib/python3.12/site-packages/airflow/example_dags/example_branch_labels.py
[2024-06-02T19:46:47.582+0000] {logging_mixin.py:188} INFO - [2024-06-02T19:46:47.582+0000] {dag.py:3096} INFO - Sync 1 DAGs
[2024-06-02T19:46:47.596+0000] {logging_mixin.py:188} INFO - [2024-06-02T19:46:47.596+0000] {dag.py:3954} INFO - Setting next_dagrun for example_branch_labels to 2024-06-01 00:00:00+00:00, run_after=2024-06-02 00:00:00+00:00
[2024-06-02T19:46:47.606+0000] {processor.py:183} INFO - Processing /home/airflow/.local/lib/python3.12/site-packages/airflow/example_dags/example_branch_labels.py took 0.045 seconds
[2024-06-02T19:47:18.275+0000] {processor.py:161} INFO - Started process (PID=696) to work on /home/airflow/.local/lib/python3.12/site-packages/airflow/example_dags/example_branch_labels.py
[2024-06-02T19:47:18.276+0000] {processor.py:830} INFO - Processing file /home/airflow/.local/lib/python3.12/site-packages/airflow/example_dags/example_branch_labels.py for tasks to queue
[2024-06-02T19:47:18.277+0000] {logging_mixin.py:188} INFO - [2024-06-02T19:47:18.277+0000] {dagbag.py:545} INFO - Filling up the DagBag from /home/airflow/.local/lib/python3.12/site-packages/airflow/example_dags/example_branch_labels.py
[2024-06-02T19:47:18.281+0000] {processor.py:840} INFO - DAG(s) 'example_branch_labels' retrieved from /home/airflow/.local/lib/python3.12/site-packages/airflow/example_dags/example_branch_labels.py
[2024-06-02T19:47:18.293+0000] {logging_mixin.py:188} INFO - [2024-06-02T19:47:18.293+0000] {dag.py:3096} INFO - Sync 1 DAGs
[2024-06-02T19:47:18.306+0000] {logging_mixin.py:188} INFO - [2024-06-02T19:47:18.306+0000] {dag.py:3954} INFO - Setting next_dagrun for example_branch_labels to 2024-06-01 00:00:00+00:00, run_after=2024-06-02 00:00:00+00:00
[2024-06-02T19:47:18.315+0000] {processor.py:183} INFO - Processing /home/airflow/.local/lib/python3.12/site-packages/airflow/example_dags/example_branch_labels.py took 0.043 seconds
[2024-06-02T19:47:49.126+0000] {processor.py:161} INFO - Started process (PID=754) to work on /home/airflow/.local/lib/python3.12/site-packages/airflow/example_dags/example_branch_labels.py
[2024-06-02T19:47:49.127+0000] {processor.py:830} INFO - Processing file /home/airflow/.local/lib/python3.12/site-packages/airflow/example_dags/example_branch_labels.py for tasks to queue
[2024-06-02T19:47:49.128+0000] {logging_mixin.py:188} INFO - [2024-06-02T19:47:49.128+0000] {dagbag.py:545} INFO - Filling up the DagBag from /home/airflow/.local/lib/python3.12/site-packages/airflow/example_dags/example_branch_labels.py
[2024-06-02T19:47:49.133+0000] {processor.py:840} INFO - DAG(s) 'example_branch_labels' retrieved from /home/airflow/.local/lib/python3.12/site-packages/airflow/example_dags/example_branch_labels.py
[2024-06-02T19:47:49.145+0000] {logging_mixin.py:188} INFO - [2024-06-02T19:47:49.145+0000] {dag.py:3096} INFO - Sync 1 DAGs
[2024-06-02T19:47:49.158+0000] {logging_mixin.py:188} INFO - [2024-06-02T19:47:49.158+0000] {dag.py:3954} INFO - Setting next_dagrun for example_branch_labels to 2024-06-01 00:00:00+00:00, run_after=2024-06-02 00:00:00+00:00
[2024-06-02T19:47:49.168+0000] {processor.py:183} INFO - Processing /home/airflow/.local/lib/python3.12/site-packages/airflow/example_dags/example_branch_labels.py took 0.045 seconds
[2024-06-02T19:48:19.713+0000] {processor.py:161} INFO - Started process (PID=812) to work on /home/airflow/.local/lib/python3.12/site-packages/airflow/example_dags/example_branch_labels.py
[2024-06-02T19:48:19.713+0000] {processor.py:830} INFO - Processing file /home/airflow/.local/lib/python3.12/site-packages/airflow/example_dags/example_branch_labels.py for tasks to queue
[2024-06-02T19:48:19.714+0000] {logging_mixin.py:188} INFO - [2024-06-02T19:48:19.714+0000] {dagbag.py:545} INFO - Filling up the DagBag from /home/airflow/.local/lib/python3.12/site-packages/airflow/example_dags/example_branch_labels.py
[2024-06-02T19:48:19.719+0000] {processor.py:840} INFO - DAG(s) 'example_branch_labels' retrieved from /home/airflow/.local/lib/python3.12/site-packages/airflow/example_dags/example_branch_labels.py
[2024-06-02T19:48:19.731+0000] {logging_mixin.py:188} INFO - [2024-06-02T19:48:19.731+0000] {dag.py:3096} INFO - Sync 1 DAGs
[2024-06-02T19:48:19.744+0000] {logging_mixin.py:188} INFO - [2024-06-02T19:48:19.744+0000] {dag.py:3954} INFO - Setting next_dagrun for example_branch_labels to 2024-06-01 00:00:00+00:00, run_after=2024-06-02 00:00:00+00:00
[2024-06-02T19:48:19.753+0000] {processor.py:183} INFO - Processing /home/airflow/.local/lib/python3.12/site-packages/airflow/example_dags/example_branch_labels.py took 0.043 seconds
[2024-06-02T19:48:50.475+0000] {processor.py:161} INFO - Started process (PID=870) to work on /home/airflow/.local/lib/python3.12/site-packages/airflow/example_dags/example_branch_labels.py
[2024-06-02T19:48:50.475+0000] {processor.py:830} INFO - Processing file /home/airflow/.local/lib/python3.12/site-packages/airflow/example_dags/example_branch_labels.py for tasks to queue
[2024-06-02T19:48:50.476+0000] {logging_mixin.py:188} INFO - [2024-06-02T19:48:50.476+0000] {dagbag.py:545} INFO - Filling up the DagBag from /home/airflow/.local/lib/python3.12/site-packages/airflow/example_dags/example_branch_labels.py
[2024-06-02T19:48:50.481+0000] {processor.py:840} INFO - DAG(s) 'example_branch_labels' retrieved from /home/airflow/.local/lib/python3.12/site-packages/airflow/example_dags/example_branch_labels.py
[2024-06-02T19:48:50.493+0000] {logging_mixin.py:188} INFO - [2024-06-02T19:48:50.493+0000] {dag.py:3096} INFO - Sync 1 DAGs
[2024-06-02T19:48:50.506+0000] {logging_mixin.py:188} INFO - [2024-06-02T19:48:50.505+0000] {dag.py:3954} INFO - Setting next_dagrun for example_branch_labels to 2024-06-01 00:00:00+00:00, run_after=2024-06-02 00:00:00+00:00
[2024-06-02T19:48:50.515+0000] {processor.py:183} INFO - Processing /home/airflow/.local/lib/python3.12/site-packages/airflow/example_dags/example_branch_labels.py took 0.044 seconds
[2024-06-02T19:49:21.101+0000] {processor.py:161} INFO - Started process (PID=928) to work on /home/airflow/.local/lib/python3.12/site-packages/airflow/example_dags/example_branch_labels.py
[2024-06-02T19:49:21.102+0000] {processor.py:830} INFO - Processing file /home/airflow/.local/lib/python3.12/site-packages/airflow/example_dags/example_branch_labels.py for tasks to queue
[2024-06-02T19:49:21.103+0000] {logging_mixin.py:188} INFO - [2024-06-02T19:49:21.103+0000] {dagbag.py:545} INFO - Filling up the DagBag from /home/airflow/.local/lib/python3.12/site-packages/airflow/example_dags/example_branch_labels.py
[2024-06-02T19:49:21.108+0000] {processor.py:840} INFO - DAG(s) 'example_branch_labels' retrieved from /home/airflow/.local/lib/python3.12/site-packages/airflow/example_dags/example_branch_labels.py
[2024-06-02T19:49:21.120+0000] {logging_mixin.py:188} INFO - [2024-06-02T19:49:21.120+0000] {dag.py:3096} INFO - Sync 1 DAGs
[2024-06-02T19:49:21.133+0000] {logging_mixin.py:188} INFO - [2024-06-02T19:49:21.132+0000] {dag.py:3954} INFO - Setting next_dagrun for example_branch_labels to 2024-06-01 00:00:00+00:00, run_after=2024-06-02 00:00:00+00:00
[2024-06-02T19:49:21.142+0000] {processor.py:183} INFO - Processing /home/airflow/.local/lib/python3.12/site-packages/airflow/example_dags/example_branch_labels.py took 0.044 seconds
[2024-06-02T19:49:51.754+0000] {processor.py:161} INFO - Started process (PID=986) to work on /home/airflow/.local/lib/python3.12/site-packages/airflow/example_dags/example_branch_labels.py
[2024-06-02T19:49:51.755+0000] {processor.py:830} INFO - Processing file /home/airflow/.local/lib/python3.12/site-packages/airflow/example_dags/example_branch_labels.py for tasks to queue
[2024-06-02T19:49:51.756+0000] {logging_mixin.py:188} INFO - [2024-06-02T19:49:51.756+0000] {dagbag.py:545} INFO - Filling up the DagBag from /home/airflow/.local/lib/python3.12/site-packages/airflow/example_dags/example_branch_labels.py
[2024-06-02T19:49:51.761+0000] {processor.py:840} INFO - DAG(s) 'example_branch_labels' retrieved from /home/airflow/.local/lib/python3.12/site-packages/airflow/example_dags/example_branch_labels.py
[2024-06-02T19:49:51.772+0000] {logging_mixin.py:188} INFO - [2024-06-02T19:49:51.772+0000] {dag.py:3096} INFO - Sync 1 DAGs
[2024-06-02T19:49:51.784+0000] {logging_mixin.py:188} INFO - [2024-06-02T19:49:51.784+0000] {dag.py:3954} INFO - Setting next_dagrun for example_branch_labels to 2024-06-01 00:00:00+00:00, run_after=2024-06-02 00:00:00+00:00
[2024-06-02T19:49:51.794+0000] {processor.py:183} INFO - Processing /home/airflow/.local/lib/python3.12/site-packages/airflow/example_dags/example_branch_labels.py took 0.043 seconds
[2024-06-02T19:50:22.392+0000] {processor.py:161} INFO - Started process (PID=1044) to work on /home/airflow/.local/lib/python3.12/site-packages/airflow/example_dags/example_branch_labels.py
[2024-06-02T19:50:22.393+0000] {processor.py:830} INFO - Processing file /home/airflow/.local/lib/python3.12/site-packages/airflow/example_dags/example_branch_labels.py for tasks to queue
[2024-06-02T19:50:22.394+0000] {logging_mixin.py:188} INFO - [2024-06-02T19:50:22.394+0000] {dagbag.py:545} INFO - Filling up the DagBag from /home/airflow/.local/lib/python3.12/site-packages/airflow/example_dags/example_branch_labels.py
[2024-06-02T19:50:22.398+0000] {processor.py:840} INFO - DAG(s) 'example_branch_labels' retrieved from /home/airflow/.local/lib/python3.12/site-packages/airflow/example_dags/example_branch_labels.py
[2024-06-02T19:50:22.410+0000] {logging_mixin.py:188} INFO - [2024-06-02T19:50:22.410+0000] {dag.py:3096} INFO - Sync 1 DAGs
[2024-06-02T19:50:22.426+0000] {logging_mixin.py:188} INFO - [2024-06-02T19:50:22.426+0000] {dag.py:3954} INFO - Setting next_dagrun for example_branch_labels to 2024-06-01 00:00:00+00:00, run_after=2024-06-02 00:00:00+00:00
[2024-06-02T19:50:22.435+0000] {processor.py:183} INFO - Processing /home/airflow/.local/lib/python3.12/site-packages/airflow/example_dags/example_branch_labels.py took 0.046 seconds
[2024-06-02T19:50:52.576+0000] {processor.py:161} INFO - Started process (PID=1102) to work on /home/airflow/.local/lib/python3.12/site-packages/airflow/example_dags/example_branch_labels.py
[2024-06-02T19:50:52.577+0000] {processor.py:830} INFO - Processing file /home/airflow/.local/lib/python3.12/site-packages/airflow/example_dags/example_branch_labels.py for tasks to queue
[2024-06-02T19:50:52.578+0000] {logging_mixin.py:188} INFO - [2024-06-02T19:50:52.578+0000] {dagbag.py:545} INFO - Filling up the DagBag from /home/airflow/.local/lib/python3.12/site-packages/airflow/example_dags/example_branch_labels.py
[2024-06-02T19:50:52.582+0000] {processor.py:840} INFO - DAG(s) 'example_branch_labels' retrieved from /home/airflow/.local/lib/python3.12/site-packages/airflow/example_dags/example_branch_labels.py
[2024-06-02T19:50:52.594+0000] {logging_mixin.py:188} INFO - [2024-06-02T19:50:52.593+0000] {dag.py:3096} INFO - Sync 1 DAGs
[2024-06-02T19:50:52.606+0000] {logging_mixin.py:188} INFO - [2024-06-02T19:50:52.606+0000] {dag.py:3954} INFO - Setting next_dagrun for example_branch_labels to 2024-06-01 00:00:00+00:00, run_after=2024-06-02 00:00:00+00:00
[2024-06-02T19:50:52.616+0000] {processor.py:183} INFO - Processing /home/airflow/.local/lib/python3.12/site-packages/airflow/example_dags/example_branch_labels.py took 0.042 seconds
[2024-06-02T19:51:22.730+0000] {processor.py:161} INFO - Started process (PID=1160) to work on /home/airflow/.local/lib/python3.12/site-packages/airflow/example_dags/example_branch_labels.py
[2024-06-02T19:51:22.730+0000] {processor.py:830} INFO - Processing file /home/airflow/.local/lib/python3.12/site-packages/airflow/example_dags/example_branch_labels.py for tasks to queue
[2024-06-02T19:51:22.733+0000] {logging_mixin.py:188} INFO - [2024-06-02T19:51:22.732+0000] {dagbag.py:545} INFO - Filling up the DagBag from /home/airflow/.local/lib/python3.12/site-packages/airflow/example_dags/example_branch_labels.py
[2024-06-02T19:51:22.737+0000] {processor.py:840} INFO - DAG(s) 'example_branch_labels' retrieved from /home/airflow/.local/lib/python3.12/site-packages/airflow/example_dags/example_branch_labels.py
[2024-06-02T19:51:22.750+0000] {logging_mixin.py:188} INFO - [2024-06-02T19:51:22.750+0000] {dag.py:3096} INFO - Sync 1 DAGs
[2024-06-02T19:51:22.763+0000] {logging_mixin.py:188} INFO - [2024-06-02T19:51:22.763+0000] {dag.py:3954} INFO - Setting next_dagrun for example_branch_labels to 2024-06-01 00:00:00+00:00, run_after=2024-06-02 00:00:00+00:00
[2024-06-02T19:51:22.773+0000] {processor.py:183} INFO - Processing /home/airflow/.local/lib/python3.12/site-packages/airflow/example_dags/example_branch_labels.py took 0.047 seconds
[2024-06-02T19:51:52.855+0000] {processor.py:161} INFO - Started process (PID=1218) to work on /home/airflow/.local/lib/python3.12/site-packages/airflow/example_dags/example_branch_labels.py
[2024-06-02T19:51:52.856+0000] {processor.py:830} INFO - Processing file /home/airflow/.local/lib/python3.12/site-packages/airflow/example_dags/example_branch_labels.py for tasks to queue
[2024-06-02T19:51:52.857+0000] {logging_mixin.py:188} INFO - [2024-06-02T19:51:52.857+0000] {dagbag.py:545} INFO - Filling up the DagBag from /home/airflow/.local/lib/python3.12/site-packages/airflow/example_dags/example_branch_labels.py
[2024-06-02T19:51:52.862+0000] {processor.py:840} INFO - DAG(s) 'example_branch_labels' retrieved from /home/airflow/.local/lib/python3.12/site-packages/airflow/example_dags/example_branch_labels.py
[2024-06-02T19:51:52.874+0000] {logging_mixin.py:188} INFO - [2024-06-02T19:51:52.874+0000] {dag.py:3096} INFO - Sync 1 DAGs
[2024-06-02T19:51:52.888+0000] {logging_mixin.py:188} INFO - [2024-06-02T19:51:52.888+0000] {dag.py:3954} INFO - Setting next_dagrun for example_branch_labels to 2024-06-01 00:00:00+00:00, run_after=2024-06-02 00:00:00+00:00
[2024-06-02T19:51:52.899+0000] {processor.py:183} INFO - Processing /home/airflow/.local/lib/python3.12/site-packages/airflow/example_dags/example_branch_labels.py took 0.047 seconds
[2024-06-02T19:52:23.692+0000] {processor.py:161} INFO - Started process (PID=1276) to work on /home/airflow/.local/lib/python3.12/site-packages/airflow/example_dags/example_branch_labels.py
[2024-06-02T19:52:23.692+0000] {processor.py:830} INFO - Processing file /home/airflow/.local/lib/python3.12/site-packages/airflow/example_dags/example_branch_labels.py for tasks to queue
[2024-06-02T19:52:23.693+0000] {logging_mixin.py:188} INFO - [2024-06-02T19:52:23.693+0000] {dagbag.py:545} INFO - Filling up the DagBag from /home/airflow/.local/lib/python3.12/site-packages/airflow/example_dags/example_branch_labels.py
[2024-06-02T19:52:23.697+0000] {processor.py:840} INFO - DAG(s) 'example_branch_labels' retrieved from /home/airflow/.local/lib/python3.12/site-packages/airflow/example_dags/example_branch_labels.py
[2024-06-02T19:52:23.710+0000] {logging_mixin.py:188} INFO - [2024-06-02T19:52:23.710+0000] {dag.py:3096} INFO - Sync 1 DAGs
[2024-06-02T19:52:23.722+0000] {logging_mixin.py:188} INFO - [2024-06-02T19:52:23.722+0000] {dag.py:3954} INFO - Setting next_dagrun for example_branch_labels to 2024-06-01 00:00:00+00:00, run_after=2024-06-02 00:00:00+00:00
[2024-06-02T19:52:23.732+0000] {processor.py:183} INFO - Processing /home/airflow/.local/lib/python3.12/site-packages/airflow/example_dags/example_branch_labels.py took 0.044 seconds
[2024-06-02T19:52:54.381+0000] {processor.py:161} INFO - Started process (PID=1333) to work on /home/airflow/.local/lib/python3.12/site-packages/airflow/example_dags/example_branch_labels.py
[2024-06-02T19:52:54.382+0000] {processor.py:830} INFO - Processing file /home/airflow/.local/lib/python3.12/site-packages/airflow/example_dags/example_branch_labels.py for tasks to queue
[2024-06-02T19:52:54.383+0000] {logging_mixin.py:188} INFO - [2024-06-02T19:52:54.383+0000] {dagbag.py:545} INFO - Filling up the DagBag from /home/airflow/.local/lib/python3.12/site-packages/airflow/example_dags/example_branch_labels.py
[2024-06-02T19:52:54.388+0000] {processor.py:840} INFO - DAG(s) 'example_branch_labels' retrieved from /home/airflow/.local/lib/python3.12/site-packages/airflow/example_dags/example_branch_labels.py
[2024-06-02T19:52:54.400+0000] {logging_mixin.py:188} INFO - [2024-06-02T19:52:54.400+0000] {dag.py:3096} INFO - Sync 1 DAGs
[2024-06-02T19:52:54.414+0000] {logging_mixin.py:188} INFO - [2024-06-02T19:52:54.413+0000] {dag.py:3954} INFO - Setting next_dagrun for example_branch_labels to 2024-06-01 00:00:00+00:00, run_after=2024-06-02 00:00:00+00:00
[2024-06-02T19:52:54.424+0000] {processor.py:183} INFO - Processing /home/airflow/.local/lib/python3.12/site-packages/airflow/example_dags/example_branch_labels.py took 0.046 seconds
[2024-06-02T19:53:25.085+0000] {processor.py:161} INFO - Started process (PID=1391) to work on /home/airflow/.local/lib/python3.12/site-packages/airflow/example_dags/example_branch_labels.py
[2024-06-02T19:53:25.085+0000] {processor.py:830} INFO - Processing file /home/airflow/.local/lib/python3.12/site-packages/airflow/example_dags/example_branch_labels.py for tasks to queue
[2024-06-02T19:53:25.087+0000] {logging_mixin.py:188} INFO - [2024-06-02T19:53:25.086+0000] {dagbag.py:545} INFO - Filling up the DagBag from /home/airflow/.local/lib/python3.12/site-packages/airflow/example_dags/example_branch_labels.py
[2024-06-02T19:53:25.091+0000] {processor.py:840} INFO - DAG(s) 'example_branch_labels' retrieved from /home/airflow/.local/lib/python3.12/site-packages/airflow/example_dags/example_branch_labels.py
[2024-06-02T19:53:25.103+0000] {logging_mixin.py:188} INFO - [2024-06-02T19:53:25.103+0000] {dag.py:3096} INFO - Sync 1 DAGs
[2024-06-02T19:53:25.116+0000] {logging_mixin.py:188} INFO - [2024-06-02T19:53:25.116+0000] {dag.py:3954} INFO - Setting next_dagrun for example_branch_labels to 2024-06-01 00:00:00+00:00, run_after=2024-06-02 00:00:00+00:00
[2024-06-02T19:53:25.126+0000] {processor.py:183} INFO - Processing /home/airflow/.local/lib/python3.12/site-packages/airflow/example_dags/example_branch_labels.py took 0.044 seconds
[2024-06-02T19:53:55.776+0000] {processor.py:161} INFO - Started process (PID=1455) to work on /home/airflow/.local/lib/python3.12/site-packages/airflow/example_dags/example_branch_labels.py
[2024-06-02T19:53:55.777+0000] {processor.py:830} INFO - Processing file /home/airflow/.local/lib/python3.12/site-packages/airflow/example_dags/example_branch_labels.py for tasks to queue
[2024-06-02T19:53:55.779+0000] {logging_mixin.py:188} INFO - [2024-06-02T19:53:55.778+0000] {dagbag.py:545} INFO - Filling up the DagBag from /home/airflow/.local/lib/python3.12/site-packages/airflow/example_dags/example_branch_labels.py
[2024-06-02T19:53:55.783+0000] {processor.py:840} INFO - DAG(s) 'example_branch_labels' retrieved from /home/airflow/.local/lib/python3.12/site-packages/airflow/example_dags/example_branch_labels.py
[2024-06-02T19:53:55.795+0000] {logging_mixin.py:188} INFO - [2024-06-02T19:53:55.795+0000] {dag.py:3096} INFO - Sync 1 DAGs
[2024-06-02T19:53:55.809+0000] {logging_mixin.py:188} INFO - [2024-06-02T19:53:55.809+0000] {dag.py:3954} INFO - Setting next_dagrun for example_branch_labels to 2024-06-01 00:00:00+00:00, run_after=2024-06-02 00:00:00+00:00
[2024-06-02T19:53:55.819+0000] {processor.py:183} INFO - Processing /home/airflow/.local/lib/python3.12/site-packages/airflow/example_dags/example_branch_labels.py took 0.047 seconds
[2024-06-02T19:54:26.525+0000] {processor.py:161} INFO - Started process (PID=1513) to work on /home/airflow/.local/lib/python3.12/site-packages/airflow/example_dags/example_branch_labels.py
[2024-06-02T19:54:26.526+0000] {processor.py:830} INFO - Processing file /home/airflow/.local/lib/python3.12/site-packages/airflow/example_dags/example_branch_labels.py for tasks to queue
[2024-06-02T19:54:26.527+0000] {logging_mixin.py:188} INFO - [2024-06-02T19:54:26.527+0000] {dagbag.py:545} INFO - Filling up the DagBag from /home/airflow/.local/lib/python3.12/site-packages/airflow/example_dags/example_branch_labels.py
[2024-06-02T19:54:26.531+0000] {processor.py:840} INFO - DAG(s) 'example_branch_labels' retrieved from /home/airflow/.local/lib/python3.12/site-packages/airflow/example_dags/example_branch_labels.py
[2024-06-02T19:54:26.544+0000] {logging_mixin.py:188} INFO - [2024-06-02T19:54:26.544+0000] {dag.py:3096} INFO - Sync 1 DAGs
[2024-06-02T19:54:26.557+0000] {logging_mixin.py:188} INFO - [2024-06-02T19:54:26.556+0000] {dag.py:3954} INFO - Setting next_dagrun for example_branch_labels to 2024-06-01 00:00:00+00:00, run_after=2024-06-02 00:00:00+00:00
[2024-06-02T19:54:26.566+0000] {processor.py:183} INFO - Processing /home/airflow/.local/lib/python3.12/site-packages/airflow/example_dags/example_branch_labels.py took 0.045 seconds
[2024-06-02T19:54:57.301+0000] {processor.py:161} INFO - Started process (PID=1571) to work on /home/airflow/.local/lib/python3.12/site-packages/airflow/example_dags/example_branch_labels.py
[2024-06-02T19:54:57.302+0000] {processor.py:830} INFO - Processing file /home/airflow/.local/lib/python3.12/site-packages/airflow/example_dags/example_branch_labels.py for tasks to queue
[2024-06-02T19:54:57.304+0000] {logging_mixin.py:188} INFO - [2024-06-02T19:54:57.303+0000] {dagbag.py:545} INFO - Filling up the DagBag from /home/airflow/.local/lib/python3.12/site-packages/airflow/example_dags/example_branch_labels.py
[2024-06-02T19:54:57.308+0000] {processor.py:840} INFO - DAG(s) 'example_branch_labels' retrieved from /home/airflow/.local/lib/python3.12/site-packages/airflow/example_dags/example_branch_labels.py
[2024-06-02T19:54:57.321+0000] {logging_mixin.py:188} INFO - [2024-06-02T19:54:57.320+0000] {dag.py:3096} INFO - Sync 1 DAGs
[2024-06-02T19:54:57.333+0000] {logging_mixin.py:188} INFO - [2024-06-02T19:54:57.333+0000] {dag.py:3954} INFO - Setting next_dagrun for example_branch_labels to 2024-06-01 00:00:00+00:00, run_after=2024-06-02 00:00:00+00:00
[2024-06-02T19:54:57.343+0000] {processor.py:183} INFO - Processing /home/airflow/.local/lib/python3.12/site-packages/airflow/example_dags/example_branch_labels.py took 0.046 seconds
[2024-06-02T19:55:28.009+0000] {processor.py:161} INFO - Started process (PID=1629) to work on /home/airflow/.local/lib/python3.12/site-packages/airflow/example_dags/example_branch_labels.py
[2024-06-02T19:55:28.010+0000] {processor.py:830} INFO - Processing file /home/airflow/.local/lib/python3.12/site-packages/airflow/example_dags/example_branch_labels.py for tasks to queue
[2024-06-02T19:55:28.011+0000] {logging_mixin.py:188} INFO - [2024-06-02T19:55:28.011+0000] {dagbag.py:545} INFO - Filling up the DagBag from /home/airflow/.local/lib/python3.12/site-packages/airflow/example_dags/example_branch_labels.py
[2024-06-02T19:55:28.015+0000] {processor.py:840} INFO - DAG(s) 'example_branch_labels' retrieved from /home/airflow/.local/lib/python3.12/site-packages/airflow/example_dags/example_branch_labels.py
[2024-06-02T19:55:28.027+0000] {logging_mixin.py:188} INFO - [2024-06-02T19:55:28.027+0000] {dag.py:3096} INFO - Sync 1 DAGs
[2024-06-02T19:55:28.040+0000] {logging_mixin.py:188} INFO - [2024-06-02T19:55:28.040+0000] {dag.py:3954} INFO - Setting next_dagrun for example_branch_labels to 2024-06-01 00:00:00+00:00, run_after=2024-06-02 00:00:00+00:00
[2024-06-02T19:55:28.050+0000] {processor.py:183} INFO - Processing /home/airflow/.local/lib/python3.12/site-packages/airflow/example_dags/example_branch_labels.py took 0.044 seconds
[2024-06-02T19:55:58.721+0000] {processor.py:161} INFO - Started process (PID=1687) to work on /home/airflow/.local/lib/python3.12/site-packages/airflow/example_dags/example_branch_labels.py
[2024-06-02T19:55:58.723+0000] {processor.py:830} INFO - Processing file /home/airflow/.local/lib/python3.12/site-packages/airflow/example_dags/example_branch_labels.py for tasks to queue
[2024-06-02T19:55:58.724+0000] {logging_mixin.py:188} INFO - [2024-06-02T19:55:58.724+0000] {dagbag.py:545} INFO - Filling up the DagBag from /home/airflow/.local/lib/python3.12/site-packages/airflow/example_dags/example_branch_labels.py
[2024-06-02T19:55:58.729+0000] {processor.py:840} INFO - DAG(s) 'example_branch_labels' retrieved from /home/airflow/.local/lib/python3.12/site-packages/airflow/example_dags/example_branch_labels.py
[2024-06-02T19:55:58.742+0000] {logging_mixin.py:188} INFO - [2024-06-02T19:55:58.742+0000] {dag.py:3096} INFO - Sync 1 DAGs
[2024-06-02T19:55:58.754+0000] {logging_mixin.py:188} INFO - [2024-06-02T19:55:58.754+0000] {dag.py:3954} INFO - Setting next_dagrun for example_branch_labels to 2024-06-01 00:00:00+00:00, run_after=2024-06-02 00:00:00+00:00
[2024-06-02T19:55:58.765+0000] {processor.py:183} INFO - Processing /home/airflow/.local/lib/python3.12/site-packages/airflow/example_dags/example_branch_labels.py took 0.047 seconds
[2024-06-02T19:56:29.358+0000] {processor.py:161} INFO - Started process (PID=1745) to work on /home/airflow/.local/lib/python3.12/site-packages/airflow/example_dags/example_branch_labels.py
[2024-06-02T19:56:29.359+0000] {processor.py:830} INFO - Processing file /home/airflow/.local/lib/python3.12/site-packages/airflow/example_dags/example_branch_labels.py for tasks to queue
[2024-06-02T19:56:29.360+0000] {logging_mixin.py:188} INFO - [2024-06-02T19:56:29.360+0000] {dagbag.py:545} INFO - Filling up the DagBag from /home/airflow/.local/lib/python3.12/site-packages/airflow/example_dags/example_branch_labels.py
[2024-06-02T19:56:29.364+0000] {processor.py:840} INFO - DAG(s) 'example_branch_labels' retrieved from /home/airflow/.local/lib/python3.12/site-packages/airflow/example_dags/example_branch_labels.py
[2024-06-02T19:56:29.376+0000] {logging_mixin.py:188} INFO - [2024-06-02T19:56:29.376+0000] {dag.py:3096} INFO - Sync 1 DAGs
[2024-06-02T19:56:29.389+0000] {logging_mixin.py:188} INFO - [2024-06-02T19:56:29.389+0000] {dag.py:3954} INFO - Setting next_dagrun for example_branch_labels to 2024-06-01 00:00:00+00:00, run_after=2024-06-02 00:00:00+00:00
[2024-06-02T19:56:29.399+0000] {processor.py:183} INFO - Processing /home/airflow/.local/lib/python3.12/site-packages/airflow/example_dags/example_branch_labels.py took 0.044 seconds
[2024-06-02T19:57:00.163+0000] {processor.py:161} INFO - Started process (PID=1803) to work on /home/airflow/.local/lib/python3.12/site-packages/airflow/example_dags/example_branch_labels.py
[2024-06-02T19:57:00.164+0000] {processor.py:830} INFO - Processing file /home/airflow/.local/lib/python3.12/site-packages/airflow/example_dags/example_branch_labels.py for tasks to queue
[2024-06-02T19:57:00.165+0000] {logging_mixin.py:188} INFO - [2024-06-02T19:57:00.165+0000] {dagbag.py:545} INFO - Filling up the DagBag from /home/airflow/.local/lib/python3.12/site-packages/airflow/example_dags/example_branch_labels.py
[2024-06-02T19:57:00.170+0000] {processor.py:840} INFO - DAG(s) 'example_branch_labels' retrieved from /home/airflow/.local/lib/python3.12/site-packages/airflow/example_dags/example_branch_labels.py
[2024-06-02T19:57:00.182+0000] {logging_mixin.py:188} INFO - [2024-06-02T19:57:00.182+0000] {dag.py:3096} INFO - Sync 1 DAGs
[2024-06-02T19:57:00.196+0000] {logging_mixin.py:188} INFO - [2024-06-02T19:57:00.196+0000] {dag.py:3954} INFO - Setting next_dagrun for example_branch_labels to 2024-06-01 00:00:00+00:00, run_after=2024-06-02 00:00:00+00:00
[2024-06-02T19:57:00.208+0000] {processor.py:183} INFO - Processing /home/airflow/.local/lib/python3.12/site-packages/airflow/example_dags/example_branch_labels.py took 0.047 seconds
[2024-06-02T19:57:30.903+0000] {processor.py:161} INFO - Started process (PID=1861) to work on /home/airflow/.local/lib/python3.12/site-packages/airflow/example_dags/example_branch_labels.py
[2024-06-02T19:57:30.904+0000] {processor.py:830} INFO - Processing file /home/airflow/.local/lib/python3.12/site-packages/airflow/example_dags/example_branch_labels.py for tasks to queue
[2024-06-02T19:57:30.905+0000] {logging_mixin.py:188} INFO - [2024-06-02T19:57:30.905+0000] {dagbag.py:545} INFO - Filling up the DagBag from /home/airflow/.local/lib/python3.12/site-packages/airflow/example_dags/example_branch_labels.py
[2024-06-02T19:57:30.909+0000] {processor.py:840} INFO - DAG(s) 'example_branch_labels' retrieved from /home/airflow/.local/lib/python3.12/site-packages/airflow/example_dags/example_branch_labels.py
[2024-06-02T19:57:30.922+0000] {logging_mixin.py:188} INFO - [2024-06-02T19:57:30.922+0000] {dag.py:3096} INFO - Sync 1 DAGs
[2024-06-02T19:57:30.934+0000] {logging_mixin.py:188} INFO - [2024-06-02T19:57:30.934+0000] {dag.py:3954} INFO - Setting next_dagrun for example_branch_labels to 2024-06-01 00:00:00+00:00, run_after=2024-06-02 00:00:00+00:00
[2024-06-02T19:57:30.944+0000] {processor.py:183} INFO - Processing /home/airflow/.local/lib/python3.12/site-packages/airflow/example_dags/example_branch_labels.py took 0.044 seconds
[2024-06-02T19:58:01.897+0000] {processor.py:161} INFO - Started process (PID=1919) to work on /home/airflow/.local/lib/python3.12/site-packages/airflow/example_dags/example_branch_labels.py
[2024-06-02T19:58:01.898+0000] {processor.py:830} INFO - Processing file /home/airflow/.local/lib/python3.12/site-packages/airflow/example_dags/example_branch_labels.py for tasks to queue
[2024-06-02T19:58:01.899+0000] {logging_mixin.py:188} INFO - [2024-06-02T19:58:01.899+0000] {dagbag.py:545} INFO - Filling up the DagBag from /home/airflow/.local/lib/python3.12/site-packages/airflow/example_dags/example_branch_labels.py
[2024-06-02T19:58:01.904+0000] {processor.py:840} INFO - DAG(s) 'example_branch_labels' retrieved from /home/airflow/.local/lib/python3.12/site-packages/airflow/example_dags/example_branch_labels.py
[2024-06-02T19:58:01.916+0000] {logging_mixin.py:188} INFO - [2024-06-02T19:58:01.916+0000] {dag.py:3096} INFO - Sync 1 DAGs
[2024-06-02T19:58:01.929+0000] {logging_mixin.py:188} INFO - [2024-06-02T19:58:01.929+0000] {dag.py:3954} INFO - Setting next_dagrun for example_branch_labels to 2024-06-01 00:00:00+00:00, run_after=2024-06-02 00:00:00+00:00
[2024-06-02T19:58:01.939+0000] {processor.py:183} INFO - Processing /home/airflow/.local/lib/python3.12/site-packages/airflow/example_dags/example_branch_labels.py took 0.045 seconds
[2024-06-02T19:58:32.692+0000] {processor.py:161} INFO - Started process (PID=1977) to work on /home/airflow/.local/lib/python3.12/site-packages/airflow/example_dags/example_branch_labels.py
[2024-06-02T19:58:32.693+0000] {processor.py:830} INFO - Processing file /home/airflow/.local/lib/python3.12/site-packages/airflow/example_dags/example_branch_labels.py for tasks to queue
[2024-06-02T19:58:32.695+0000] {logging_mixin.py:188} INFO - [2024-06-02T19:58:32.694+0000] {dagbag.py:545} INFO - Filling up the DagBag from /home/airflow/.local/lib/python3.12/site-packages/airflow/example_dags/example_branch_labels.py
[2024-06-02T19:58:32.699+0000] {processor.py:840} INFO - DAG(s) 'example_branch_labels' retrieved from /home/airflow/.local/lib/python3.12/site-packages/airflow/example_dags/example_branch_labels.py
[2024-06-02T19:58:32.711+0000] {logging_mixin.py:188} INFO - [2024-06-02T19:58:32.711+0000] {dag.py:3096} INFO - Sync 1 DAGs
[2024-06-02T19:58:32.724+0000] {logging_mixin.py:188} INFO - [2024-06-02T19:58:32.724+0000] {dag.py:3954} INFO - Setting next_dagrun for example_branch_labels to 2024-06-01 00:00:00+00:00, run_after=2024-06-02 00:00:00+00:00
[2024-06-02T19:58:32.734+0000] {processor.py:183} INFO - Processing /home/airflow/.local/lib/python3.12/site-packages/airflow/example_dags/example_branch_labels.py took 0.045 seconds
[2024-06-02T19:59:02.902+0000] {processor.py:161} INFO - Started process (PID=2035) to work on /home/airflow/.local/lib/python3.12/site-packages/airflow/example_dags/example_branch_labels.py
[2024-06-02T19:59:02.902+0000] {processor.py:830} INFO - Processing file /home/airflow/.local/lib/python3.12/site-packages/airflow/example_dags/example_branch_labels.py for tasks to queue
[2024-06-02T19:59:02.904+0000] {logging_mixin.py:188} INFO - [2024-06-02T19:59:02.904+0000] {dagbag.py:545} INFO - Filling up the DagBag from /home/airflow/.local/lib/python3.12/site-packages/airflow/example_dags/example_branch_labels.py
[2024-06-02T19:59:02.908+0000] {processor.py:840} INFO - DAG(s) 'example_branch_labels' retrieved from /home/airflow/.local/lib/python3.12/site-packages/airflow/example_dags/example_branch_labels.py
[2024-06-02T19:59:02.921+0000] {logging_mixin.py:188} INFO - [2024-06-02T19:59:02.921+0000] {dag.py:3096} INFO - Sync 1 DAGs
[2024-06-02T19:59:02.932+0000] {logging_mixin.py:188} INFO - [2024-06-02T19:59:02.932+0000] {dag.py:3954} INFO - Setting next_dagrun for example_branch_labels to 2024-06-01 00:00:00+00:00, run_after=2024-06-02 00:00:00+00:00
[2024-06-02T19:59:02.942+0000] {processor.py:183} INFO - Processing /home/airflow/.local/lib/python3.12/site-packages/airflow/example_dags/example_branch_labels.py took 0.043 seconds
[2024-06-02T19:59:33.395+0000] {processor.py:161} INFO - Started process (PID=2093) to work on /home/airflow/.local/lib/python3.12/site-packages/airflow/example_dags/example_branch_labels.py
[2024-06-02T19:59:33.395+0000] {processor.py:830} INFO - Processing file /home/airflow/.local/lib/python3.12/site-packages/airflow/example_dags/example_branch_labels.py for tasks to queue
[2024-06-02T19:59:33.397+0000] {logging_mixin.py:188} INFO - [2024-06-02T19:59:33.396+0000] {dagbag.py:545} INFO - Filling up the DagBag from /home/airflow/.local/lib/python3.12/site-packages/airflow/example_dags/example_branch_labels.py
[2024-06-02T19:59:33.401+0000] {processor.py:840} INFO - DAG(s) 'example_branch_labels' retrieved from /home/airflow/.local/lib/python3.12/site-packages/airflow/example_dags/example_branch_labels.py
[2024-06-02T19:59:33.414+0000] {logging_mixin.py:188} INFO - [2024-06-02T19:59:33.413+0000] {dag.py:3096} INFO - Sync 1 DAGs
[2024-06-02T19:59:33.426+0000] {logging_mixin.py:188} INFO - [2024-06-02T19:59:33.426+0000] {dag.py:3954} INFO - Setting next_dagrun for example_branch_labels to 2024-06-01 00:00:00+00:00, run_after=2024-06-02 00:00:00+00:00
[2024-06-02T19:59:33.437+0000] {processor.py:183} INFO - Processing /home/airflow/.local/lib/python3.12/site-packages/airflow/example_dags/example_branch_labels.py took 0.045 seconds
[2024-06-02T20:00:04.351+0000] {processor.py:161} INFO - Started process (PID=2151) to work on /home/airflow/.local/lib/python3.12/site-packages/airflow/example_dags/example_branch_labels.py
[2024-06-02T20:00:04.352+0000] {processor.py:830} INFO - Processing file /home/airflow/.local/lib/python3.12/site-packages/airflow/example_dags/example_branch_labels.py for tasks to queue
[2024-06-02T20:00:04.353+0000] {logging_mixin.py:188} INFO - [2024-06-02T20:00:04.353+0000] {dagbag.py:545} INFO - Filling up the DagBag from /home/airflow/.local/lib/python3.12/site-packages/airflow/example_dags/example_branch_labels.py
[2024-06-02T20:00:04.357+0000] {processor.py:840} INFO - DAG(s) 'example_branch_labels' retrieved from /home/airflow/.local/lib/python3.12/site-packages/airflow/example_dags/example_branch_labels.py
[2024-06-02T20:00:04.370+0000] {logging_mixin.py:188} INFO - [2024-06-02T20:00:04.370+0000] {dag.py:3096} INFO - Sync 1 DAGs
[2024-06-02T20:00:04.382+0000] {logging_mixin.py:188} INFO - [2024-06-02T20:00:04.382+0000] {dag.py:3954} INFO - Setting next_dagrun for example_branch_labels to 2024-06-01 00:00:00+00:00, run_after=2024-06-02 00:00:00+00:00
[2024-06-02T20:00:04.392+0000] {processor.py:183} INFO - Processing /home/airflow/.local/lib/python3.12/site-packages/airflow/example_dags/example_branch_labels.py took 0.044 seconds
[2024-06-02T20:00:34.952+0000] {processor.py:161} INFO - Started process (PID=2209) to work on /home/airflow/.local/lib/python3.12/site-packages/airflow/example_dags/example_branch_labels.py
[2024-06-02T20:00:34.953+0000] {processor.py:830} INFO - Processing file /home/airflow/.local/lib/python3.12/site-packages/airflow/example_dags/example_branch_labels.py for tasks to queue
[2024-06-02T20:00:34.954+0000] {logging_mixin.py:188} INFO - [2024-06-02T20:00:34.954+0000] {dagbag.py:545} INFO - Filling up the DagBag from /home/airflow/.local/lib/python3.12/site-packages/airflow/example_dags/example_branch_labels.py
[2024-06-02T20:00:34.959+0000] {processor.py:840} INFO - DAG(s) 'example_branch_labels' retrieved from /home/airflow/.local/lib/python3.12/site-packages/airflow/example_dags/example_branch_labels.py
[2024-06-02T20:00:34.972+0000] {logging_mixin.py:188} INFO - [2024-06-02T20:00:34.972+0000] {dag.py:3096} INFO - Sync 1 DAGs
[2024-06-02T20:00:35.084+0000] {logging_mixin.py:188} INFO - [2024-06-02T20:00:35.084+0000] {dag.py:3954} INFO - Setting next_dagrun for example_branch_labels to 2024-06-01 00:00:00+00:00, run_after=2024-06-02 00:00:00+00:00
[2024-06-02T20:00:35.094+0000] {processor.py:183} INFO - Processing /home/airflow/.local/lib/python3.12/site-packages/airflow/example_dags/example_branch_labels.py took 0.145 seconds
[2024-06-02T20:01:05.514+0000] {processor.py:161} INFO - Started process (PID=2267) to work on /home/airflow/.local/lib/python3.12/site-packages/airflow/example_dags/example_branch_labels.py
[2024-06-02T20:01:05.515+0000] {processor.py:830} INFO - Processing file /home/airflow/.local/lib/python3.12/site-packages/airflow/example_dags/example_branch_labels.py for tasks to queue
[2024-06-02T20:01:05.517+0000] {logging_mixin.py:188} INFO - [2024-06-02T20:01:05.517+0000] {dagbag.py:545} INFO - Filling up the DagBag from /home/airflow/.local/lib/python3.12/site-packages/airflow/example_dags/example_branch_labels.py
[2024-06-02T20:01:05.521+0000] {processor.py:840} INFO - DAG(s) 'example_branch_labels' retrieved from /home/airflow/.local/lib/python3.12/site-packages/airflow/example_dags/example_branch_labels.py
[2024-06-02T20:01:05.535+0000] {logging_mixin.py:188} INFO - [2024-06-02T20:01:05.535+0000] {dag.py:3096} INFO - Sync 1 DAGs
[2024-06-02T20:01:05.549+0000] {logging_mixin.py:188} INFO - [2024-06-02T20:01:05.548+0000] {dag.py:3954} INFO - Setting next_dagrun for example_branch_labels to 2024-06-01 00:00:00+00:00, run_after=2024-06-02 00:00:00+00:00
[2024-06-02T20:01:05.560+0000] {processor.py:183} INFO - Processing /home/airflow/.local/lib/python3.12/site-packages/airflow/example_dags/example_branch_labels.py took 0.049 seconds
[2024-06-02T20:01:36.311+0000] {processor.py:161} INFO - Started process (PID=2325) to work on /home/airflow/.local/lib/python3.12/site-packages/airflow/example_dags/example_branch_labels.py
[2024-06-02T20:01:36.311+0000] {processor.py:830} INFO - Processing file /home/airflow/.local/lib/python3.12/site-packages/airflow/example_dags/example_branch_labels.py for tasks to queue
[2024-06-02T20:01:36.312+0000] {logging_mixin.py:188} INFO - [2024-06-02T20:01:36.312+0000] {dagbag.py:545} INFO - Filling up the DagBag from /home/airflow/.local/lib/python3.12/site-packages/airflow/example_dags/example_branch_labels.py
[2024-06-02T20:01:36.317+0000] {processor.py:840} INFO - DAG(s) 'example_branch_labels' retrieved from /home/airflow/.local/lib/python3.12/site-packages/airflow/example_dags/example_branch_labels.py
[2024-06-02T20:01:36.331+0000] {logging_mixin.py:188} INFO - [2024-06-02T20:01:36.330+0000] {dag.py:3096} INFO - Sync 1 DAGs
[2024-06-02T20:01:36.343+0000] {logging_mixin.py:188} INFO - [2024-06-02T20:01:36.343+0000] {dag.py:3954} INFO - Setting next_dagrun for example_branch_labels to 2024-06-01 00:00:00+00:00, run_after=2024-06-02 00:00:00+00:00
[2024-06-02T20:01:36.352+0000] {processor.py:183} INFO - Processing /home/airflow/.local/lib/python3.12/site-packages/airflow/example_dags/example_branch_labels.py took 0.045 seconds
[2024-06-02T20:02:07.136+0000] {processor.py:161} INFO - Started process (PID=2383) to work on /home/airflow/.local/lib/python3.12/site-packages/airflow/example_dags/example_branch_labels.py
[2024-06-02T20:02:07.136+0000] {processor.py:830} INFO - Processing file /home/airflow/.local/lib/python3.12/site-packages/airflow/example_dags/example_branch_labels.py for tasks to queue
[2024-06-02T20:02:07.138+0000] {logging_mixin.py:188} INFO - [2024-06-02T20:02:07.138+0000] {dagbag.py:545} INFO - Filling up the DagBag from /home/airflow/.local/lib/python3.12/site-packages/airflow/example_dags/example_branch_labels.py
[2024-06-02T20:02:07.143+0000] {processor.py:840} INFO - DAG(s) 'example_branch_labels' retrieved from /home/airflow/.local/lib/python3.12/site-packages/airflow/example_dags/example_branch_labels.py
[2024-06-02T20:02:07.155+0000] {logging_mixin.py:188} INFO - [2024-06-02T20:02:07.155+0000] {dag.py:3096} INFO - Sync 1 DAGs
[2024-06-02T20:02:07.168+0000] {logging_mixin.py:188} INFO - [2024-06-02T20:02:07.168+0000] {dag.py:3954} INFO - Setting next_dagrun for example_branch_labels to 2024-06-01 00:00:00+00:00, run_after=2024-06-02 00:00:00+00:00
[2024-06-02T20:02:07.177+0000] {processor.py:183} INFO - Processing /home/airflow/.local/lib/python3.12/site-packages/airflow/example_dags/example_branch_labels.py took 0.045 seconds
[2024-06-02T20:02:37.898+0000] {processor.py:161} INFO - Started process (PID=2441) to work on /home/airflow/.local/lib/python3.12/site-packages/airflow/example_dags/example_branch_labels.py
[2024-06-02T20:02:37.898+0000] {processor.py:830} INFO - Processing file /home/airflow/.local/lib/python3.12/site-packages/airflow/example_dags/example_branch_labels.py for tasks to queue
[2024-06-02T20:02:37.899+0000] {logging_mixin.py:188} INFO - [2024-06-02T20:02:37.899+0000] {dagbag.py:545} INFO - Filling up the DagBag from /home/airflow/.local/lib/python3.12/site-packages/airflow/example_dags/example_branch_labels.py
[2024-06-02T20:02:37.903+0000] {processor.py:840} INFO - DAG(s) 'example_branch_labels' retrieved from /home/airflow/.local/lib/python3.12/site-packages/airflow/example_dags/example_branch_labels.py
[2024-06-02T20:02:37.916+0000] {logging_mixin.py:188} INFO - [2024-06-02T20:02:37.915+0000] {dag.py:3096} INFO - Sync 1 DAGs
[2024-06-02T20:02:37.928+0000] {logging_mixin.py:188} INFO - [2024-06-02T20:02:37.928+0000] {dag.py:3954} INFO - Setting next_dagrun for example_branch_labels to 2024-06-01 00:00:00+00:00, run_after=2024-06-02 00:00:00+00:00
[2024-06-02T20:02:37.938+0000] {processor.py:183} INFO - Processing /home/airflow/.local/lib/python3.12/site-packages/airflow/example_dags/example_branch_labels.py took 0.044 seconds
[2024-06-02T20:03:08.501+0000] {processor.py:161} INFO - Started process (PID=2499) to work on /home/airflow/.local/lib/python3.12/site-packages/airflow/example_dags/example_branch_labels.py
[2024-06-02T20:03:08.502+0000] {processor.py:830} INFO - Processing file /home/airflow/.local/lib/python3.12/site-packages/airflow/example_dags/example_branch_labels.py for tasks to queue
[2024-06-02T20:03:08.503+0000] {logging_mixin.py:188} INFO - [2024-06-02T20:03:08.503+0000] {dagbag.py:545} INFO - Filling up the DagBag from /home/airflow/.local/lib/python3.12/site-packages/airflow/example_dags/example_branch_labels.py
[2024-06-02T20:03:08.508+0000] {processor.py:840} INFO - DAG(s) 'example_branch_labels' retrieved from /home/airflow/.local/lib/python3.12/site-packages/airflow/example_dags/example_branch_labels.py
[2024-06-02T20:03:08.520+0000] {logging_mixin.py:188} INFO - [2024-06-02T20:03:08.520+0000] {dag.py:3096} INFO - Sync 1 DAGs
[2024-06-02T20:03:08.533+0000] {logging_mixin.py:188} INFO - [2024-06-02T20:03:08.533+0000] {dag.py:3954} INFO - Setting next_dagrun for example_branch_labels to 2024-06-01 00:00:00+00:00, run_after=2024-06-02 00:00:00+00:00
[2024-06-02T20:03:08.544+0000] {processor.py:183} INFO - Processing /home/airflow/.local/lib/python3.12/site-packages/airflow/example_dags/example_branch_labels.py took 0.046 seconds
[2024-06-02T20:03:39.207+0000] {processor.py:161} INFO - Started process (PID=2557) to work on /home/airflow/.local/lib/python3.12/site-packages/airflow/example_dags/example_branch_labels.py
[2024-06-02T20:03:39.208+0000] {processor.py:830} INFO - Processing file /home/airflow/.local/lib/python3.12/site-packages/airflow/example_dags/example_branch_labels.py for tasks to queue
[2024-06-02T20:03:39.210+0000] {logging_mixin.py:188} INFO - [2024-06-02T20:03:39.209+0000] {dagbag.py:545} INFO - Filling up the DagBag from /home/airflow/.local/lib/python3.12/site-packages/airflow/example_dags/example_branch_labels.py
[2024-06-02T20:03:39.214+0000] {processor.py:840} INFO - DAG(s) 'example_branch_labels' retrieved from /home/airflow/.local/lib/python3.12/site-packages/airflow/example_dags/example_branch_labels.py
[2024-06-02T20:03:39.226+0000] {logging_mixin.py:188} INFO - [2024-06-02T20:03:39.226+0000] {dag.py:3096} INFO - Sync 1 DAGs
[2024-06-02T20:03:39.238+0000] {logging_mixin.py:188} INFO - [2024-06-02T20:03:39.238+0000] {dag.py:3954} INFO - Setting next_dagrun for example_branch_labels to 2024-06-01 00:00:00+00:00, run_after=2024-06-02 00:00:00+00:00
[2024-06-02T20:03:39.248+0000] {processor.py:183} INFO - Processing /home/airflow/.local/lib/python3.12/site-packages/airflow/example_dags/example_branch_labels.py took 0.045 seconds
