[2024-06-02T19:29:18.340+0000] {processor.py:161} INFO - Started process (PID=56) to work on /home/airflow/.local/lib/python3.12/site-packages/airflow/example_dags/example_sensors.py
[2024-06-02T19:29:18.341+0000] {processor.py:830} INFO - Processing file /home/airflow/.local/lib/python3.12/site-packages/airflow/example_dags/example_sensors.py for tasks to queue
[2024-06-02T19:29:18.342+0000] {logging_mixin.py:188} INFO - [2024-06-02T19:29:18.341+0000] {dagbag.py:545} INFO - Filling up the DagBag from /home/airflow/.local/lib/python3.12/site-packages/airflow/example_dags/example_sensors.py
[2024-06-02T19:29:18.348+0000] {processor.py:840} INFO - DAG(s) 'example_sensors' retrieved from /home/airflow/.local/lib/python3.12/site-packages/airflow/example_dags/example_sensors.py
[2024-06-02T19:29:18.413+0000] {logging_mixin.py:188} INFO - [2024-06-02T19:29:18.412+0000] {override.py:1829} INFO - Created Permission View: can edit on DAG:example_sensors
[2024-06-02T19:29:18.418+0000] {logging_mixin.py:188} INFO - [2024-06-02T19:29:18.418+0000] {override.py:1829} INFO - Created Permission View: can delete on DAG:example_sensors
[2024-06-02T19:29:18.422+0000] {logging_mixin.py:188} INFO - [2024-06-02T19:29:18.422+0000] {override.py:1829} INFO - Created Permission View: can read on DAG:example_sensors
[2024-06-02T19:29:18.422+0000] {logging_mixin.py:188} INFO - [2024-06-02T19:29:18.422+0000] {dag.py:3096} INFO - Sync 1 DAGs
[2024-06-02T19:29:18.429+0000] {logging_mixin.py:188} INFO - [2024-06-02T19:29:18.429+0000] {dag.py:3118} INFO - Creating ORM DAG for example_sensors
[2024-06-02T19:29:18.429+0000] {logging_mixin.py:188} INFO - [2024-06-02T19:29:18.429+0000] {dag.py:3954} INFO - Setting next_dagrun for example_sensors to None, run_after=None
[2024-06-02T19:29:18.438+0000] {processor.py:183} INFO - Processing /home/airflow/.local/lib/python3.12/site-packages/airflow/example_dags/example_sensors.py took 0.101 seconds
[2024-06-02T19:29:48.497+0000] {processor.py:161} INFO - Started process (PID=114) to work on /home/airflow/.local/lib/python3.12/site-packages/airflow/example_dags/example_sensors.py
[2024-06-02T19:29:48.497+0000] {processor.py:830} INFO - Processing file /home/airflow/.local/lib/python3.12/site-packages/airflow/example_dags/example_sensors.py for tasks to queue
[2024-06-02T19:29:48.499+0000] {logging_mixin.py:188} INFO - [2024-06-02T19:29:48.498+0000] {dagbag.py:545} INFO - Filling up the DagBag from /home/airflow/.local/lib/python3.12/site-packages/airflow/example_dags/example_sensors.py
[2024-06-02T19:29:48.504+0000] {processor.py:840} INFO - DAG(s) 'example_sensors' retrieved from /home/airflow/.local/lib/python3.12/site-packages/airflow/example_dags/example_sensors.py
[2024-06-02T19:29:48.520+0000] {logging_mixin.py:188} INFO - [2024-06-02T19:29:48.519+0000] {dag.py:3096} INFO - Sync 1 DAGs
[2024-06-02T19:29:48.528+0000] {logging_mixin.py:188} INFO - [2024-06-02T19:29:48.528+0000] {dag.py:3954} INFO - Setting next_dagrun for example_sensors to None, run_after=None
[2024-06-02T19:29:48.539+0000] {processor.py:183} INFO - Processing /home/airflow/.local/lib/python3.12/site-packages/airflow/example_dags/example_sensors.py took 0.046 seconds
[2024-06-02T19:30:19.170+0000] {processor.py:161} INFO - Started process (PID=172) to work on /home/airflow/.local/lib/python3.12/site-packages/airflow/example_dags/example_sensors.py
[2024-06-02T19:30:19.171+0000] {processor.py:830} INFO - Processing file /home/airflow/.local/lib/python3.12/site-packages/airflow/example_dags/example_sensors.py for tasks to queue
[2024-06-02T19:30:19.172+0000] {logging_mixin.py:188} INFO - [2024-06-02T19:30:19.172+0000] {dagbag.py:545} INFO - Filling up the DagBag from /home/airflow/.local/lib/python3.12/site-packages/airflow/example_dags/example_sensors.py
[2024-06-02T19:30:19.177+0000] {processor.py:840} INFO - DAG(s) 'example_sensors' retrieved from /home/airflow/.local/lib/python3.12/site-packages/airflow/example_dags/example_sensors.py
[2024-06-02T19:30:19.191+0000] {logging_mixin.py:188} INFO - [2024-06-02T19:30:19.191+0000] {dag.py:3096} INFO - Sync 1 DAGs
[2024-06-02T19:30:19.198+0000] {logging_mixin.py:188} INFO - [2024-06-02T19:30:19.198+0000] {dag.py:3954} INFO - Setting next_dagrun for example_sensors to None, run_after=None
[2024-06-02T19:30:19.209+0000] {processor.py:183} INFO - Processing /home/airflow/.local/lib/python3.12/site-packages/airflow/example_dags/example_sensors.py took 0.041 seconds
[2024-06-02T19:30:49.732+0000] {processor.py:161} INFO - Started process (PID=230) to work on /home/airflow/.local/lib/python3.12/site-packages/airflow/example_dags/example_sensors.py
[2024-06-02T19:30:49.733+0000] {processor.py:830} INFO - Processing file /home/airflow/.local/lib/python3.12/site-packages/airflow/example_dags/example_sensors.py for tasks to queue
[2024-06-02T19:30:49.734+0000] {logging_mixin.py:188} INFO - [2024-06-02T19:30:49.734+0000] {dagbag.py:545} INFO - Filling up the DagBag from /home/airflow/.local/lib/python3.12/site-packages/airflow/example_dags/example_sensors.py
[2024-06-02T19:30:49.739+0000] {processor.py:840} INFO - DAG(s) 'example_sensors' retrieved from /home/airflow/.local/lib/python3.12/site-packages/airflow/example_dags/example_sensors.py
[2024-06-02T19:30:49.754+0000] {logging_mixin.py:188} INFO - [2024-06-02T19:30:49.754+0000] {dag.py:3096} INFO - Sync 1 DAGs
[2024-06-02T19:30:49.761+0000] {logging_mixin.py:188} INFO - [2024-06-02T19:30:49.761+0000] {dag.py:3954} INFO - Setting next_dagrun for example_sensors to None, run_after=None
[2024-06-02T19:30:49.771+0000] {processor.py:183} INFO - Processing /home/airflow/.local/lib/python3.12/site-packages/airflow/example_dags/example_sensors.py took 0.042 seconds
[2024-06-02T19:31:20.280+0000] {processor.py:161} INFO - Started process (PID=56) to work on /home/airflow/.local/lib/python3.12/site-packages/airflow/example_dags/example_sensors.py
[2024-06-02T19:31:20.281+0000] {processor.py:830} INFO - Processing file /home/airflow/.local/lib/python3.12/site-packages/airflow/example_dags/example_sensors.py for tasks to queue
[2024-06-02T19:31:20.282+0000] {logging_mixin.py:188} INFO - [2024-06-02T19:31:20.282+0000] {dagbag.py:545} INFO - Filling up the DagBag from /home/airflow/.local/lib/python3.12/site-packages/airflow/example_dags/example_sensors.py
[2024-06-02T19:31:20.287+0000] {processor.py:840} INFO - DAG(s) 'example_sensors' retrieved from /home/airflow/.local/lib/python3.12/site-packages/airflow/example_dags/example_sensors.py
[2024-06-02T19:31:20.295+0000] {logging_mixin.py:188} INFO - [2024-06-02T19:31:20.295+0000] {dag.py:3096} INFO - Sync 1 DAGs
[2024-06-02T19:31:20.302+0000] {logging_mixin.py:188} INFO - [2024-06-02T19:31:20.302+0000] {dag.py:3954} INFO - Setting next_dagrun for example_sensors to None, run_after=None
[2024-06-02T19:31:20.313+0000] {processor.py:183} INFO - Processing /home/airflow/.local/lib/python3.12/site-packages/airflow/example_dags/example_sensors.py took 0.036 seconds
[2024-06-02T19:31:51.546+0000] {processor.py:161} INFO - Started process (PID=114) to work on /home/airflow/.local/lib/python3.12/site-packages/airflow/example_dags/example_sensors.py
[2024-06-02T19:31:51.547+0000] {processor.py:830} INFO - Processing file /home/airflow/.local/lib/python3.12/site-packages/airflow/example_dags/example_sensors.py for tasks to queue
[2024-06-02T19:31:51.548+0000] {logging_mixin.py:188} INFO - [2024-06-02T19:31:51.548+0000] {dagbag.py:545} INFO - Filling up the DagBag from /home/airflow/.local/lib/python3.12/site-packages/airflow/example_dags/example_sensors.py
[2024-06-02T19:31:51.552+0000] {processor.py:840} INFO - DAG(s) 'example_sensors' retrieved from /home/airflow/.local/lib/python3.12/site-packages/airflow/example_dags/example_sensors.py
[2024-06-02T19:31:51.612+0000] {logging_mixin.py:188} INFO - [2024-06-02T19:31:51.612+0000] {dag.py:3096} INFO - Sync 1 DAGs
[2024-06-02T19:31:51.618+0000] {logging_mixin.py:188} INFO - [2024-06-02T19:31:51.617+0000] {dag.py:3954} INFO - Setting next_dagrun for example_sensors to None, run_after=None
[2024-06-02T19:31:51.629+0000] {processor.py:183} INFO - Processing /home/airflow/.local/lib/python3.12/site-packages/airflow/example_dags/example_sensors.py took 0.086 seconds
[2024-06-02T19:32:21.694+0000] {processor.py:161} INFO - Started process (PID=172) to work on /home/airflow/.local/lib/python3.12/site-packages/airflow/example_dags/example_sensors.py
[2024-06-02T19:32:21.694+0000] {processor.py:830} INFO - Processing file /home/airflow/.local/lib/python3.12/site-packages/airflow/example_dags/example_sensors.py for tasks to queue
[2024-06-02T19:32:21.696+0000] {logging_mixin.py:188} INFO - [2024-06-02T19:32:21.695+0000] {dagbag.py:545} INFO - Filling up the DagBag from /home/airflow/.local/lib/python3.12/site-packages/airflow/example_dags/example_sensors.py
[2024-06-02T19:32:21.701+0000] {processor.py:840} INFO - DAG(s) 'example_sensors' retrieved from /home/airflow/.local/lib/python3.12/site-packages/airflow/example_dags/example_sensors.py
[2024-06-02T19:32:21.715+0000] {logging_mixin.py:188} INFO - [2024-06-02T19:32:21.714+0000] {dag.py:3096} INFO - Sync 1 DAGs
[2024-06-02T19:32:21.722+0000] {logging_mixin.py:188} INFO - [2024-06-02T19:32:21.721+0000] {dag.py:3954} INFO - Setting next_dagrun for example_sensors to None, run_after=None
[2024-06-02T19:32:21.732+0000] {processor.py:183} INFO - Processing /home/airflow/.local/lib/python3.12/site-packages/airflow/example_dags/example_sensors.py took 0.042 seconds
[2024-06-02T19:32:52.380+0000] {processor.py:161} INFO - Started process (PID=230) to work on /home/airflow/.local/lib/python3.12/site-packages/airflow/example_dags/example_sensors.py
[2024-06-02T19:32:52.381+0000] {processor.py:830} INFO - Processing file /home/airflow/.local/lib/python3.12/site-packages/airflow/example_dags/example_sensors.py for tasks to queue
[2024-06-02T19:32:52.382+0000] {logging_mixin.py:188} INFO - [2024-06-02T19:32:52.382+0000] {dagbag.py:545} INFO - Filling up the DagBag from /home/airflow/.local/lib/python3.12/site-packages/airflow/example_dags/example_sensors.py
[2024-06-02T19:32:52.388+0000] {processor.py:840} INFO - DAG(s) 'example_sensors' retrieved from /home/airflow/.local/lib/python3.12/site-packages/airflow/example_dags/example_sensors.py
[2024-06-02T19:32:52.403+0000] {logging_mixin.py:188} INFO - [2024-06-02T19:32:52.403+0000] {dag.py:3096} INFO - Sync 1 DAGs
[2024-06-02T19:32:52.410+0000] {logging_mixin.py:188} INFO - [2024-06-02T19:32:52.410+0000] {dag.py:3954} INFO - Setting next_dagrun for example_sensors to None, run_after=None
[2024-06-02T19:32:52.420+0000] {processor.py:183} INFO - Processing /home/airflow/.local/lib/python3.12/site-packages/airflow/example_dags/example_sensors.py took 0.043 seconds
[2024-06-02T19:33:23.077+0000] {processor.py:161} INFO - Started process (PID=288) to work on /home/airflow/.local/lib/python3.12/site-packages/airflow/example_dags/example_sensors.py
[2024-06-02T19:33:23.077+0000] {processor.py:830} INFO - Processing file /home/airflow/.local/lib/python3.12/site-packages/airflow/example_dags/example_sensors.py for tasks to queue
[2024-06-02T19:33:23.079+0000] {logging_mixin.py:188} INFO - [2024-06-02T19:33:23.078+0000] {dagbag.py:545} INFO - Filling up the DagBag from /home/airflow/.local/lib/python3.12/site-packages/airflow/example_dags/example_sensors.py
[2024-06-02T19:33:23.083+0000] {processor.py:840} INFO - DAG(s) 'example_sensors' retrieved from /home/airflow/.local/lib/python3.12/site-packages/airflow/example_dags/example_sensors.py
[2024-06-02T19:33:23.098+0000] {logging_mixin.py:188} INFO - [2024-06-02T19:33:23.098+0000] {dag.py:3096} INFO - Sync 1 DAGs
[2024-06-02T19:33:23.105+0000] {logging_mixin.py:188} INFO - [2024-06-02T19:33:23.105+0000] {dag.py:3954} INFO - Setting next_dagrun for example_sensors to None, run_after=None
[2024-06-02T19:33:23.115+0000] {processor.py:183} INFO - Processing /home/airflow/.local/lib/python3.12/site-packages/airflow/example_dags/example_sensors.py took 0.042 seconds
[2024-06-02T19:33:53.708+0000] {processor.py:161} INFO - Started process (PID=345) to work on /home/airflow/.local/lib/python3.12/site-packages/airflow/example_dags/example_sensors.py
[2024-06-02T19:33:53.709+0000] {processor.py:830} INFO - Processing file /home/airflow/.local/lib/python3.12/site-packages/airflow/example_dags/example_sensors.py for tasks to queue
[2024-06-02T19:33:53.710+0000] {logging_mixin.py:188} INFO - [2024-06-02T19:33:53.710+0000] {dagbag.py:545} INFO - Filling up the DagBag from /home/airflow/.local/lib/python3.12/site-packages/airflow/example_dags/example_sensors.py
[2024-06-02T19:33:53.715+0000] {processor.py:840} INFO - DAG(s) 'example_sensors' retrieved from /home/airflow/.local/lib/python3.12/site-packages/airflow/example_dags/example_sensors.py
[2024-06-02T19:33:53.729+0000] {logging_mixin.py:188} INFO - [2024-06-02T19:33:53.729+0000] {dag.py:3096} INFO - Sync 1 DAGs
[2024-06-02T19:33:53.737+0000] {logging_mixin.py:188} INFO - [2024-06-02T19:33:53.736+0000] {dag.py:3954} INFO - Setting next_dagrun for example_sensors to None, run_after=None
[2024-06-02T19:33:53.747+0000] {processor.py:183} INFO - Processing /home/airflow/.local/lib/python3.12/site-packages/airflow/example_dags/example_sensors.py took 0.044 seconds
[2024-06-02T19:34:24.471+0000] {processor.py:161} INFO - Started process (PID=403) to work on /home/airflow/.local/lib/python3.12/site-packages/airflow/example_dags/example_sensors.py
[2024-06-02T19:34:24.471+0000] {processor.py:830} INFO - Processing file /home/airflow/.local/lib/python3.12/site-packages/airflow/example_dags/example_sensors.py for tasks to queue
[2024-06-02T19:34:24.473+0000] {logging_mixin.py:188} INFO - [2024-06-02T19:34:24.473+0000] {dagbag.py:545} INFO - Filling up the DagBag from /home/airflow/.local/lib/python3.12/site-packages/airflow/example_dags/example_sensors.py
[2024-06-02T19:34:24.478+0000] {processor.py:840} INFO - DAG(s) 'example_sensors' retrieved from /home/airflow/.local/lib/python3.12/site-packages/airflow/example_dags/example_sensors.py
[2024-06-02T19:34:24.493+0000] {logging_mixin.py:188} INFO - [2024-06-02T19:34:24.492+0000] {dag.py:3096} INFO - Sync 1 DAGs
[2024-06-02T19:34:24.499+0000] {logging_mixin.py:188} INFO - [2024-06-02T19:34:24.499+0000] {dag.py:3954} INFO - Setting next_dagrun for example_sensors to None, run_after=None
[2024-06-02T19:34:24.509+0000] {processor.py:183} INFO - Processing /home/airflow/.local/lib/python3.12/site-packages/airflow/example_dags/example_sensors.py took 0.041 seconds
[2024-06-02T19:34:55.260+0000] {processor.py:161} INFO - Started process (PID=461) to work on /home/airflow/.local/lib/python3.12/site-packages/airflow/example_dags/example_sensors.py
[2024-06-02T19:34:55.261+0000] {processor.py:830} INFO - Processing file /home/airflow/.local/lib/python3.12/site-packages/airflow/example_dags/example_sensors.py for tasks to queue
[2024-06-02T19:34:55.262+0000] {logging_mixin.py:188} INFO - [2024-06-02T19:34:55.262+0000] {dagbag.py:545} INFO - Filling up the DagBag from /home/airflow/.local/lib/python3.12/site-packages/airflow/example_dags/example_sensors.py
[2024-06-02T19:34:55.267+0000] {processor.py:840} INFO - DAG(s) 'example_sensors' retrieved from /home/airflow/.local/lib/python3.12/site-packages/airflow/example_dags/example_sensors.py
[2024-06-02T19:34:55.282+0000] {logging_mixin.py:188} INFO - [2024-06-02T19:34:55.282+0000] {dag.py:3096} INFO - Sync 1 DAGs
[2024-06-02T19:34:55.289+0000] {logging_mixin.py:188} INFO - [2024-06-02T19:34:55.289+0000] {dag.py:3954} INFO - Setting next_dagrun for example_sensors to None, run_after=None
[2024-06-02T19:34:55.300+0000] {processor.py:183} INFO - Processing /home/airflow/.local/lib/python3.12/site-packages/airflow/example_dags/example_sensors.py took 0.042 seconds
[2024-06-02T19:35:25.931+0000] {processor.py:161} INFO - Started process (PID=519) to work on /home/airflow/.local/lib/python3.12/site-packages/airflow/example_dags/example_sensors.py
[2024-06-02T19:35:25.932+0000] {processor.py:830} INFO - Processing file /home/airflow/.local/lib/python3.12/site-packages/airflow/example_dags/example_sensors.py for tasks to queue
[2024-06-02T19:35:25.933+0000] {logging_mixin.py:188} INFO - [2024-06-02T19:35:25.933+0000] {dagbag.py:545} INFO - Filling up the DagBag from /home/airflow/.local/lib/python3.12/site-packages/airflow/example_dags/example_sensors.py
[2024-06-02T19:35:25.938+0000] {processor.py:840} INFO - DAG(s) 'example_sensors' retrieved from /home/airflow/.local/lib/python3.12/site-packages/airflow/example_dags/example_sensors.py
[2024-06-02T19:35:25.954+0000] {logging_mixin.py:188} INFO - [2024-06-02T19:35:25.954+0000] {dag.py:3096} INFO - Sync 1 DAGs
[2024-06-02T19:35:25.962+0000] {logging_mixin.py:188} INFO - [2024-06-02T19:35:25.962+0000] {dag.py:3954} INFO - Setting next_dagrun for example_sensors to None, run_after=None
[2024-06-02T19:35:25.974+0000] {processor.py:183} INFO - Processing /home/airflow/.local/lib/python3.12/site-packages/airflow/example_dags/example_sensors.py took 0.046 seconds
[2024-06-02T19:36:19.832+0000] {processor.py:161} INFO - Started process (PID=74) to work on /home/airflow/.local/lib/python3.12/site-packages/airflow/example_dags/example_sensors.py
[2024-06-02T19:36:19.833+0000] {processor.py:830} INFO - Processing file /home/airflow/.local/lib/python3.12/site-packages/airflow/example_dags/example_sensors.py for tasks to queue
[2024-06-02T19:36:19.834+0000] {logging_mixin.py:188} INFO - [2024-06-02T19:36:19.834+0000] {dagbag.py:545} INFO - Filling up the DagBag from /home/airflow/.local/lib/python3.12/site-packages/airflow/example_dags/example_sensors.py
[2024-06-02T19:36:19.839+0000] {processor.py:840} INFO - DAG(s) 'example_sensors' retrieved from /home/airflow/.local/lib/python3.12/site-packages/airflow/example_dags/example_sensors.py
[2024-06-02T19:36:19.846+0000] {logging_mixin.py:188} INFO - [2024-06-02T19:36:19.846+0000] {dag.py:3096} INFO - Sync 1 DAGs
[2024-06-02T19:36:19.853+0000] {logging_mixin.py:188} INFO - [2024-06-02T19:36:19.853+0000] {dag.py:3954} INFO - Setting next_dagrun for example_sensors to None, run_after=None
[2024-06-02T19:36:19.863+0000] {processor.py:183} INFO - Processing /home/airflow/.local/lib/python3.12/site-packages/airflow/example_dags/example_sensors.py took 0.034 seconds
[2024-06-02T19:36:50.878+0000] {processor.py:161} INFO - Started process (PID=132) to work on /home/airflow/.local/lib/python3.12/site-packages/airflow/example_dags/example_sensors.py
[2024-06-02T19:36:50.879+0000] {processor.py:830} INFO - Processing file /home/airflow/.local/lib/python3.12/site-packages/airflow/example_dags/example_sensors.py for tasks to queue
[2024-06-02T19:36:50.880+0000] {logging_mixin.py:188} INFO - [2024-06-02T19:36:50.880+0000] {dagbag.py:545} INFO - Filling up the DagBag from /home/airflow/.local/lib/python3.12/site-packages/airflow/example_dags/example_sensors.py
[2024-06-02T19:36:50.885+0000] {processor.py:840} INFO - DAG(s) 'example_sensors' retrieved from /home/airflow/.local/lib/python3.12/site-packages/airflow/example_dags/example_sensors.py
[2024-06-02T19:36:50.945+0000] {logging_mixin.py:188} INFO - [2024-06-02T19:36:50.944+0000] {dag.py:3096} INFO - Sync 1 DAGs
[2024-06-02T19:36:50.951+0000] {logging_mixin.py:188} INFO - [2024-06-02T19:36:50.951+0000] {dag.py:3954} INFO - Setting next_dagrun for example_sensors to None, run_after=None
[2024-06-02T19:36:50.962+0000] {processor.py:183} INFO - Processing /home/airflow/.local/lib/python3.12/site-packages/airflow/example_dags/example_sensors.py took 0.087 seconds
[2024-06-02T19:37:21.030+0000] {processor.py:161} INFO - Started process (PID=190) to work on /home/airflow/.local/lib/python3.12/site-packages/airflow/example_dags/example_sensors.py
[2024-06-02T19:37:21.030+0000] {processor.py:830} INFO - Processing file /home/airflow/.local/lib/python3.12/site-packages/airflow/example_dags/example_sensors.py for tasks to queue
[2024-06-02T19:37:21.031+0000] {logging_mixin.py:188} INFO - [2024-06-02T19:37:21.031+0000] {dagbag.py:545} INFO - Filling up the DagBag from /home/airflow/.local/lib/python3.12/site-packages/airflow/example_dags/example_sensors.py
[2024-06-02T19:37:21.036+0000] {processor.py:840} INFO - DAG(s) 'example_sensors' retrieved from /home/airflow/.local/lib/python3.12/site-packages/airflow/example_dags/example_sensors.py
[2024-06-02T19:37:21.050+0000] {logging_mixin.py:188} INFO - [2024-06-02T19:37:21.050+0000] {dag.py:3096} INFO - Sync 1 DAGs
[2024-06-02T19:37:21.057+0000] {logging_mixin.py:188} INFO - [2024-06-02T19:37:21.057+0000] {dag.py:3954} INFO - Setting next_dagrun for example_sensors to None, run_after=None
[2024-06-02T19:37:21.067+0000] {processor.py:183} INFO - Processing /home/airflow/.local/lib/python3.12/site-packages/airflow/example_dags/example_sensors.py took 0.040 seconds
[2024-06-02T19:37:51.728+0000] {processor.py:161} INFO - Started process (PID=248) to work on /home/airflow/.local/lib/python3.12/site-packages/airflow/example_dags/example_sensors.py
[2024-06-02T19:37:51.728+0000] {processor.py:830} INFO - Processing file /home/airflow/.local/lib/python3.12/site-packages/airflow/example_dags/example_sensors.py for tasks to queue
[2024-06-02T19:37:51.730+0000] {logging_mixin.py:188} INFO - [2024-06-02T19:37:51.729+0000] {dagbag.py:545} INFO - Filling up the DagBag from /home/airflow/.local/lib/python3.12/site-packages/airflow/example_dags/example_sensors.py
[2024-06-02T19:37:51.735+0000] {processor.py:840} INFO - DAG(s) 'example_sensors' retrieved from /home/airflow/.local/lib/python3.12/site-packages/airflow/example_dags/example_sensors.py
[2024-06-02T19:37:51.749+0000] {logging_mixin.py:188} INFO - [2024-06-02T19:37:51.749+0000] {dag.py:3096} INFO - Sync 1 DAGs
[2024-06-02T19:37:51.755+0000] {logging_mixin.py:188} INFO - [2024-06-02T19:37:51.755+0000] {dag.py:3954} INFO - Setting next_dagrun for example_sensors to None, run_after=None
[2024-06-02T19:37:51.766+0000] {processor.py:183} INFO - Processing /home/airflow/.local/lib/python3.12/site-packages/airflow/example_dags/example_sensors.py took 0.041 seconds
[2024-06-02T19:38:22.393+0000] {processor.py:161} INFO - Started process (PID=306) to work on /home/airflow/.local/lib/python3.12/site-packages/airflow/example_dags/example_sensors.py
[2024-06-02T19:38:22.394+0000] {processor.py:830} INFO - Processing file /home/airflow/.local/lib/python3.12/site-packages/airflow/example_dags/example_sensors.py for tasks to queue
[2024-06-02T19:38:22.395+0000] {logging_mixin.py:188} INFO - [2024-06-02T19:38:22.395+0000] {dagbag.py:545} INFO - Filling up the DagBag from /home/airflow/.local/lib/python3.12/site-packages/airflow/example_dags/example_sensors.py
[2024-06-02T19:38:22.400+0000] {processor.py:840} INFO - DAG(s) 'example_sensors' retrieved from /home/airflow/.local/lib/python3.12/site-packages/airflow/example_dags/example_sensors.py
[2024-06-02T19:38:22.414+0000] {logging_mixin.py:188} INFO - [2024-06-02T19:38:22.414+0000] {dag.py:3096} INFO - Sync 1 DAGs
[2024-06-02T19:38:22.420+0000] {logging_mixin.py:188} INFO - [2024-06-02T19:38:22.420+0000] {dag.py:3954} INFO - Setting next_dagrun for example_sensors to None, run_after=None
[2024-06-02T19:38:22.430+0000] {processor.py:183} INFO - Processing /home/airflow/.local/lib/python3.12/site-packages/airflow/example_dags/example_sensors.py took 0.040 seconds
[2024-06-02T19:38:53.052+0000] {processor.py:161} INFO - Started process (PID=364) to work on /home/airflow/.local/lib/python3.12/site-packages/airflow/example_dags/example_sensors.py
[2024-06-02T19:38:53.053+0000] {processor.py:830} INFO - Processing file /home/airflow/.local/lib/python3.12/site-packages/airflow/example_dags/example_sensors.py for tasks to queue
[2024-06-02T19:38:53.054+0000] {logging_mixin.py:188} INFO - [2024-06-02T19:38:53.054+0000] {dagbag.py:545} INFO - Filling up the DagBag from /home/airflow/.local/lib/python3.12/site-packages/airflow/example_dags/example_sensors.py
[2024-06-02T19:38:53.060+0000] {processor.py:840} INFO - DAG(s) 'example_sensors' retrieved from /home/airflow/.local/lib/python3.12/site-packages/airflow/example_dags/example_sensors.py
[2024-06-02T19:38:53.075+0000] {logging_mixin.py:188} INFO - [2024-06-02T19:38:53.075+0000] {dag.py:3096} INFO - Sync 1 DAGs
[2024-06-02T19:38:53.082+0000] {logging_mixin.py:188} INFO - [2024-06-02T19:38:53.082+0000] {dag.py:3954} INFO - Setting next_dagrun for example_sensors to None, run_after=None
[2024-06-02T19:38:53.092+0000] {processor.py:183} INFO - Processing /home/airflow/.local/lib/python3.12/site-packages/airflow/example_dags/example_sensors.py took 0.043 seconds
[2024-06-02T19:39:23.713+0000] {processor.py:161} INFO - Started process (PID=422) to work on /home/airflow/.local/lib/python3.12/site-packages/airflow/example_dags/example_sensors.py
[2024-06-02T19:39:23.714+0000] {processor.py:830} INFO - Processing file /home/airflow/.local/lib/python3.12/site-packages/airflow/example_dags/example_sensors.py for tasks to queue
[2024-06-02T19:39:23.715+0000] {logging_mixin.py:188} INFO - [2024-06-02T19:39:23.715+0000] {dagbag.py:545} INFO - Filling up the DagBag from /home/airflow/.local/lib/python3.12/site-packages/airflow/example_dags/example_sensors.py
[2024-06-02T19:39:23.720+0000] {processor.py:840} INFO - DAG(s) 'example_sensors' retrieved from /home/airflow/.local/lib/python3.12/site-packages/airflow/example_dags/example_sensors.py
[2024-06-02T19:39:23.736+0000] {logging_mixin.py:188} INFO - [2024-06-02T19:39:23.735+0000] {dag.py:3096} INFO - Sync 1 DAGs
[2024-06-02T19:39:23.744+0000] {logging_mixin.py:188} INFO - [2024-06-02T19:39:23.744+0000] {dag.py:3954} INFO - Setting next_dagrun for example_sensors to None, run_after=None
[2024-06-02T19:39:23.755+0000] {processor.py:183} INFO - Processing /home/airflow/.local/lib/python3.12/site-packages/airflow/example_dags/example_sensors.py took 0.044 seconds
[2024-06-02T19:39:54.355+0000] {processor.py:161} INFO - Started process (PID=480) to work on /home/airflow/.local/lib/python3.12/site-packages/airflow/example_dags/example_sensors.py
[2024-06-02T19:39:54.356+0000] {processor.py:830} INFO - Processing file /home/airflow/.local/lib/python3.12/site-packages/airflow/example_dags/example_sensors.py for tasks to queue
[2024-06-02T19:39:54.357+0000] {logging_mixin.py:188} INFO - [2024-06-02T19:39:54.357+0000] {dagbag.py:545} INFO - Filling up the DagBag from /home/airflow/.local/lib/python3.12/site-packages/airflow/example_dags/example_sensors.py
[2024-06-02T19:39:54.363+0000] {processor.py:840} INFO - DAG(s) 'example_sensors' retrieved from /home/airflow/.local/lib/python3.12/site-packages/airflow/example_dags/example_sensors.py
[2024-06-02T19:39:54.377+0000] {logging_mixin.py:188} INFO - [2024-06-02T19:39:54.377+0000] {dag.py:3096} INFO - Sync 1 DAGs
[2024-06-02T19:39:54.385+0000] {logging_mixin.py:188} INFO - [2024-06-02T19:39:54.385+0000] {dag.py:3954} INFO - Setting next_dagrun for example_sensors to None, run_after=None
[2024-06-02T19:39:54.395+0000] {processor.py:183} INFO - Processing /home/airflow/.local/lib/python3.12/site-packages/airflow/example_dags/example_sensors.py took 0.043 seconds
[2024-06-02T19:40:24.931+0000] {processor.py:161} INFO - Started process (PID=538) to work on /home/airflow/.local/lib/python3.12/site-packages/airflow/example_dags/example_sensors.py
[2024-06-02T19:40:24.931+0000] {processor.py:830} INFO - Processing file /home/airflow/.local/lib/python3.12/site-packages/airflow/example_dags/example_sensors.py for tasks to queue
[2024-06-02T19:40:24.932+0000] {logging_mixin.py:188} INFO - [2024-06-02T19:40:24.932+0000] {dagbag.py:545} INFO - Filling up the DagBag from /home/airflow/.local/lib/python3.12/site-packages/airflow/example_dags/example_sensors.py
[2024-06-02T19:40:24.937+0000] {processor.py:840} INFO - DAG(s) 'example_sensors' retrieved from /home/airflow/.local/lib/python3.12/site-packages/airflow/example_dags/example_sensors.py
[2024-06-02T19:40:24.952+0000] {logging_mixin.py:188} INFO - [2024-06-02T19:40:24.952+0000] {dag.py:3096} INFO - Sync 1 DAGs
[2024-06-02T19:40:24.959+0000] {logging_mixin.py:188} INFO - [2024-06-02T19:40:24.959+0000] {dag.py:3954} INFO - Setting next_dagrun for example_sensors to None, run_after=None
[2024-06-02T19:40:24.969+0000] {processor.py:183} INFO - Processing /home/airflow/.local/lib/python3.12/site-packages/airflow/example_dags/example_sensors.py took 0.042 seconds
[2024-06-02T19:40:55.613+0000] {processor.py:161} INFO - Started process (PID=596) to work on /home/airflow/.local/lib/python3.12/site-packages/airflow/example_dags/example_sensors.py
[2024-06-02T19:40:55.614+0000] {processor.py:830} INFO - Processing file /home/airflow/.local/lib/python3.12/site-packages/airflow/example_dags/example_sensors.py for tasks to queue
[2024-06-02T19:40:55.615+0000] {logging_mixin.py:188} INFO - [2024-06-02T19:40:55.615+0000] {dagbag.py:545} INFO - Filling up the DagBag from /home/airflow/.local/lib/python3.12/site-packages/airflow/example_dags/example_sensors.py
[2024-06-02T19:40:55.621+0000] {processor.py:840} INFO - DAG(s) 'example_sensors' retrieved from /home/airflow/.local/lib/python3.12/site-packages/airflow/example_dags/example_sensors.py
[2024-06-02T19:40:55.635+0000] {logging_mixin.py:188} INFO - [2024-06-02T19:40:55.635+0000] {dag.py:3096} INFO - Sync 1 DAGs
[2024-06-02T19:40:55.643+0000] {logging_mixin.py:188} INFO - [2024-06-02T19:40:55.642+0000] {dag.py:3954} INFO - Setting next_dagrun for example_sensors to None, run_after=None
[2024-06-02T19:40:55.653+0000] {processor.py:183} INFO - Processing /home/airflow/.local/lib/python3.12/site-packages/airflow/example_dags/example_sensors.py took 0.043 seconds
[2024-06-02T19:41:41.457+0000] {processor.py:161} INFO - Started process (PID=74) to work on /home/airflow/.local/lib/python3.12/site-packages/airflow/example_dags/example_sensors.py
[2024-06-02T19:41:41.458+0000] {processor.py:830} INFO - Processing file /home/airflow/.local/lib/python3.12/site-packages/airflow/example_dags/example_sensors.py for tasks to queue
[2024-06-02T19:41:41.459+0000] {logging_mixin.py:188} INFO - [2024-06-02T19:41:41.459+0000] {dagbag.py:545} INFO - Filling up the DagBag from /home/airflow/.local/lib/python3.12/site-packages/airflow/example_dags/example_sensors.py
[2024-06-02T19:41:41.465+0000] {processor.py:840} INFO - DAG(s) 'example_sensors' retrieved from /home/airflow/.local/lib/python3.12/site-packages/airflow/example_dags/example_sensors.py
[2024-06-02T19:41:41.472+0000] {logging_mixin.py:188} INFO - [2024-06-02T19:41:41.472+0000] {dag.py:3096} INFO - Sync 1 DAGs
[2024-06-02T19:41:41.480+0000] {logging_mixin.py:188} INFO - [2024-06-02T19:41:41.480+0000] {dag.py:3954} INFO - Setting next_dagrun for example_sensors to None, run_after=None
[2024-06-02T19:41:41.492+0000] {processor.py:183} INFO - Processing /home/airflow/.local/lib/python3.12/site-packages/airflow/example_dags/example_sensors.py took 0.037 seconds
[2024-06-02T19:42:12.597+0000] {processor.py:161} INFO - Started process (PID=132) to work on /home/airflow/.local/lib/python3.12/site-packages/airflow/example_dags/example_sensors.py
[2024-06-02T19:42:12.598+0000] {processor.py:830} INFO - Processing file /home/airflow/.local/lib/python3.12/site-packages/airflow/example_dags/example_sensors.py for tasks to queue
[2024-06-02T19:42:12.599+0000] {logging_mixin.py:188} INFO - [2024-06-02T19:42:12.599+0000] {dagbag.py:545} INFO - Filling up the DagBag from /home/airflow/.local/lib/python3.12/site-packages/airflow/example_dags/example_sensors.py
[2024-06-02T19:42:12.604+0000] {processor.py:840} INFO - DAG(s) 'example_sensors' retrieved from /home/airflow/.local/lib/python3.12/site-packages/airflow/example_dags/example_sensors.py
[2024-06-02T19:42:12.666+0000] {logging_mixin.py:188} INFO - [2024-06-02T19:42:12.665+0000] {dag.py:3096} INFO - Sync 1 DAGs
[2024-06-02T19:42:12.672+0000] {logging_mixin.py:188} INFO - [2024-06-02T19:42:12.672+0000] {dag.py:3954} INFO - Setting next_dagrun for example_sensors to None, run_after=None
[2024-06-02T19:42:12.683+0000] {processor.py:183} INFO - Processing /home/airflow/.local/lib/python3.12/site-packages/airflow/example_dags/example_sensors.py took 0.088 seconds
[2024-06-02T19:42:42.744+0000] {processor.py:161} INFO - Started process (PID=190) to work on /home/airflow/.local/lib/python3.12/site-packages/airflow/example_dags/example_sensors.py
[2024-06-02T19:42:42.744+0000] {processor.py:830} INFO - Processing file /home/airflow/.local/lib/python3.12/site-packages/airflow/example_dags/example_sensors.py for tasks to queue
[2024-06-02T19:42:42.746+0000] {logging_mixin.py:188} INFO - [2024-06-02T19:42:42.745+0000] {dagbag.py:545} INFO - Filling up the DagBag from /home/airflow/.local/lib/python3.12/site-packages/airflow/example_dags/example_sensors.py
[2024-06-02T19:42:42.751+0000] {processor.py:840} INFO - DAG(s) 'example_sensors' retrieved from /home/airflow/.local/lib/python3.12/site-packages/airflow/example_dags/example_sensors.py
[2024-06-02T19:42:42.768+0000] {logging_mixin.py:188} INFO - [2024-06-02T19:42:42.768+0000] {dag.py:3096} INFO - Sync 1 DAGs
[2024-06-02T19:42:42.777+0000] {logging_mixin.py:188} INFO - [2024-06-02T19:42:42.777+0000] {dag.py:3954} INFO - Setting next_dagrun for example_sensors to None, run_after=None
[2024-06-02T19:42:42.789+0000] {processor.py:183} INFO - Processing /home/airflow/.local/lib/python3.12/site-packages/airflow/example_dags/example_sensors.py took 0.049 seconds
[2024-06-02T19:43:13.470+0000] {processor.py:161} INFO - Started process (PID=248) to work on /home/airflow/.local/lib/python3.12/site-packages/airflow/example_dags/example_sensors.py
[2024-06-02T19:43:13.471+0000] {processor.py:830} INFO - Processing file /home/airflow/.local/lib/python3.12/site-packages/airflow/example_dags/example_sensors.py for tasks to queue
[2024-06-02T19:43:13.472+0000] {logging_mixin.py:188} INFO - [2024-06-02T19:43:13.472+0000] {dagbag.py:545} INFO - Filling up the DagBag from /home/airflow/.local/lib/python3.12/site-packages/airflow/example_dags/example_sensors.py
[2024-06-02T19:43:13.477+0000] {processor.py:840} INFO - DAG(s) 'example_sensors' retrieved from /home/airflow/.local/lib/python3.12/site-packages/airflow/example_dags/example_sensors.py
[2024-06-02T19:43:13.490+0000] {logging_mixin.py:188} INFO - [2024-06-02T19:43:13.490+0000] {dag.py:3096} INFO - Sync 1 DAGs
[2024-06-02T19:43:13.497+0000] {logging_mixin.py:188} INFO - [2024-06-02T19:43:13.497+0000] {dag.py:3954} INFO - Setting next_dagrun for example_sensors to None, run_after=None
[2024-06-02T19:43:13.507+0000] {processor.py:183} INFO - Processing /home/airflow/.local/lib/python3.12/site-packages/airflow/example_dags/example_sensors.py took 0.040 seconds
[2024-06-02T19:43:44.167+0000] {processor.py:161} INFO - Started process (PID=306) to work on /home/airflow/.local/lib/python3.12/site-packages/airflow/example_dags/example_sensors.py
[2024-06-02T19:43:44.167+0000] {processor.py:830} INFO - Processing file /home/airflow/.local/lib/python3.12/site-packages/airflow/example_dags/example_sensors.py for tasks to queue
[2024-06-02T19:43:44.169+0000] {logging_mixin.py:188} INFO - [2024-06-02T19:43:44.168+0000] {dagbag.py:545} INFO - Filling up the DagBag from /home/airflow/.local/lib/python3.12/site-packages/airflow/example_dags/example_sensors.py
[2024-06-02T19:43:44.174+0000] {processor.py:840} INFO - DAG(s) 'example_sensors' retrieved from /home/airflow/.local/lib/python3.12/site-packages/airflow/example_dags/example_sensors.py
[2024-06-02T19:43:44.188+0000] {logging_mixin.py:188} INFO - [2024-06-02T19:43:44.188+0000] {dag.py:3096} INFO - Sync 1 DAGs
[2024-06-02T19:43:44.195+0000] {logging_mixin.py:188} INFO - [2024-06-02T19:43:44.195+0000] {dag.py:3954} INFO - Setting next_dagrun for example_sensors to None, run_after=None
[2024-06-02T19:43:44.205+0000] {processor.py:183} INFO - Processing /home/airflow/.local/lib/python3.12/site-packages/airflow/example_dags/example_sensors.py took 0.042 seconds
[2024-06-02T19:44:14.805+0000] {processor.py:161} INFO - Started process (PID=364) to work on /home/airflow/.local/lib/python3.12/site-packages/airflow/example_dags/example_sensors.py
[2024-06-02T19:44:14.805+0000] {processor.py:830} INFO - Processing file /home/airflow/.local/lib/python3.12/site-packages/airflow/example_dags/example_sensors.py for tasks to queue
[2024-06-02T19:44:14.807+0000] {logging_mixin.py:188} INFO - [2024-06-02T19:44:14.806+0000] {dagbag.py:545} INFO - Filling up the DagBag from /home/airflow/.local/lib/python3.12/site-packages/airflow/example_dags/example_sensors.py
[2024-06-02T19:44:14.811+0000] {processor.py:840} INFO - DAG(s) 'example_sensors' retrieved from /home/airflow/.local/lib/python3.12/site-packages/airflow/example_dags/example_sensors.py
[2024-06-02T19:44:14.826+0000] {logging_mixin.py:188} INFO - [2024-06-02T19:44:14.826+0000] {dag.py:3096} INFO - Sync 1 DAGs
[2024-06-02T19:44:14.834+0000] {logging_mixin.py:188} INFO - [2024-06-02T19:44:14.834+0000] {dag.py:3954} INFO - Setting next_dagrun for example_sensors to None, run_after=None
[2024-06-02T19:44:14.844+0000] {processor.py:183} INFO - Processing /home/airflow/.local/lib/python3.12/site-packages/airflow/example_dags/example_sensors.py took 0.043 seconds
[2024-06-02T19:44:45.430+0000] {processor.py:161} INFO - Started process (PID=422) to work on /home/airflow/.local/lib/python3.12/site-packages/airflow/example_dags/example_sensors.py
[2024-06-02T19:44:45.431+0000] {processor.py:830} INFO - Processing file /home/airflow/.local/lib/python3.12/site-packages/airflow/example_dags/example_sensors.py for tasks to queue
[2024-06-02T19:44:45.432+0000] {logging_mixin.py:188} INFO - [2024-06-02T19:44:45.432+0000] {dagbag.py:545} INFO - Filling up the DagBag from /home/airflow/.local/lib/python3.12/site-packages/airflow/example_dags/example_sensors.py
[2024-06-02T19:44:45.437+0000] {processor.py:840} INFO - DAG(s) 'example_sensors' retrieved from /home/airflow/.local/lib/python3.12/site-packages/airflow/example_dags/example_sensors.py
[2024-06-02T19:44:45.452+0000] {logging_mixin.py:188} INFO - [2024-06-02T19:44:45.452+0000] {dag.py:3096} INFO - Sync 1 DAGs
[2024-06-02T19:44:45.459+0000] {logging_mixin.py:188} INFO - [2024-06-02T19:44:45.459+0000] {dag.py:3954} INFO - Setting next_dagrun for example_sensors to None, run_after=None
[2024-06-02T19:44:45.470+0000] {processor.py:183} INFO - Processing /home/airflow/.local/lib/python3.12/site-packages/airflow/example_dags/example_sensors.py took 0.043 seconds
[2024-06-02T19:45:16.050+0000] {processor.py:161} INFO - Started process (PID=480) to work on /home/airflow/.local/lib/python3.12/site-packages/airflow/example_dags/example_sensors.py
[2024-06-02T19:45:16.051+0000] {processor.py:830} INFO - Processing file /home/airflow/.local/lib/python3.12/site-packages/airflow/example_dags/example_sensors.py for tasks to queue
[2024-06-02T19:45:16.053+0000] {logging_mixin.py:188} INFO - [2024-06-02T19:45:16.052+0000] {dagbag.py:545} INFO - Filling up the DagBag from /home/airflow/.local/lib/python3.12/site-packages/airflow/example_dags/example_sensors.py
[2024-06-02T19:45:16.058+0000] {processor.py:840} INFO - DAG(s) 'example_sensors' retrieved from /home/airflow/.local/lib/python3.12/site-packages/airflow/example_dags/example_sensors.py
[2024-06-02T19:45:16.073+0000] {logging_mixin.py:188} INFO - [2024-06-02T19:45:16.073+0000] {dag.py:3096} INFO - Sync 1 DAGs
[2024-06-02T19:45:16.080+0000] {logging_mixin.py:188} INFO - [2024-06-02T19:45:16.080+0000] {dag.py:3954} INFO - Setting next_dagrun for example_sensors to None, run_after=None
[2024-06-02T19:45:16.090+0000] {processor.py:183} INFO - Processing /home/airflow/.local/lib/python3.12/site-packages/airflow/example_dags/example_sensors.py took 0.043 seconds
[2024-06-02T19:45:46.714+0000] {processor.py:161} INFO - Started process (PID=537) to work on /home/airflow/.local/lib/python3.12/site-packages/airflow/example_dags/example_sensors.py
[2024-06-02T19:45:46.714+0000] {processor.py:830} INFO - Processing file /home/airflow/.local/lib/python3.12/site-packages/airflow/example_dags/example_sensors.py for tasks to queue
[2024-06-02T19:45:46.715+0000] {logging_mixin.py:188} INFO - [2024-06-02T19:45:46.715+0000] {dagbag.py:545} INFO - Filling up the DagBag from /home/airflow/.local/lib/python3.12/site-packages/airflow/example_dags/example_sensors.py
[2024-06-02T19:45:46.721+0000] {processor.py:840} INFO - DAG(s) 'example_sensors' retrieved from /home/airflow/.local/lib/python3.12/site-packages/airflow/example_dags/example_sensors.py
[2024-06-02T19:45:46.735+0000] {logging_mixin.py:188} INFO - [2024-06-02T19:45:46.735+0000] {dag.py:3096} INFO - Sync 1 DAGs
[2024-06-02T19:45:46.743+0000] {logging_mixin.py:188} INFO - [2024-06-02T19:45:46.743+0000] {dag.py:3954} INFO - Setting next_dagrun for example_sensors to None, run_after=None
[2024-06-02T19:45:46.754+0000] {processor.py:183} INFO - Processing /home/airflow/.local/lib/python3.12/site-packages/airflow/example_dags/example_sensors.py took 0.043 seconds
[2024-06-02T19:46:17.407+0000] {processor.py:161} INFO - Started process (PID=595) to work on /home/airflow/.local/lib/python3.12/site-packages/airflow/example_dags/example_sensors.py
[2024-06-02T19:46:17.408+0000] {processor.py:830} INFO - Processing file /home/airflow/.local/lib/python3.12/site-packages/airflow/example_dags/example_sensors.py for tasks to queue
[2024-06-02T19:46:17.409+0000] {logging_mixin.py:188} INFO - [2024-06-02T19:46:17.409+0000] {dagbag.py:545} INFO - Filling up the DagBag from /home/airflow/.local/lib/python3.12/site-packages/airflow/example_dags/example_sensors.py
[2024-06-02T19:46:17.414+0000] {processor.py:840} INFO - DAG(s) 'example_sensors' retrieved from /home/airflow/.local/lib/python3.12/site-packages/airflow/example_dags/example_sensors.py
[2024-06-02T19:46:17.429+0000] {logging_mixin.py:188} INFO - [2024-06-02T19:46:17.428+0000] {dag.py:3096} INFO - Sync 1 DAGs
[2024-06-02T19:46:17.435+0000] {logging_mixin.py:188} INFO - [2024-06-02T19:46:17.435+0000] {dag.py:3954} INFO - Setting next_dagrun for example_sensors to None, run_after=None
[2024-06-02T19:46:17.445+0000] {processor.py:183} INFO - Processing /home/airflow/.local/lib/python3.12/site-packages/airflow/example_dags/example_sensors.py took 0.042 seconds
[2024-06-02T19:46:48.141+0000] {processor.py:161} INFO - Started process (PID=653) to work on /home/airflow/.local/lib/python3.12/site-packages/airflow/example_dags/example_sensors.py
[2024-06-02T19:46:48.142+0000] {processor.py:830} INFO - Processing file /home/airflow/.local/lib/python3.12/site-packages/airflow/example_dags/example_sensors.py for tasks to queue
[2024-06-02T19:46:48.143+0000] {logging_mixin.py:188} INFO - [2024-06-02T19:46:48.143+0000] {dagbag.py:545} INFO - Filling up the DagBag from /home/airflow/.local/lib/python3.12/site-packages/airflow/example_dags/example_sensors.py
[2024-06-02T19:46:48.148+0000] {processor.py:840} INFO - DAG(s) 'example_sensors' retrieved from /home/airflow/.local/lib/python3.12/site-packages/airflow/example_dags/example_sensors.py
[2024-06-02T19:46:48.163+0000] {logging_mixin.py:188} INFO - [2024-06-02T19:46:48.162+0000] {dag.py:3096} INFO - Sync 1 DAGs
[2024-06-02T19:46:48.170+0000] {logging_mixin.py:188} INFO - [2024-06-02T19:46:48.169+0000] {dag.py:3954} INFO - Setting next_dagrun for example_sensors to None, run_after=None
[2024-06-02T19:46:48.179+0000] {processor.py:183} INFO - Processing /home/airflow/.local/lib/python3.12/site-packages/airflow/example_dags/example_sensors.py took 0.041 seconds
[2024-06-02T19:47:18.809+0000] {processor.py:161} INFO - Started process (PID=711) to work on /home/airflow/.local/lib/python3.12/site-packages/airflow/example_dags/example_sensors.py
[2024-06-02T19:47:18.810+0000] {processor.py:830} INFO - Processing file /home/airflow/.local/lib/python3.12/site-packages/airflow/example_dags/example_sensors.py for tasks to queue
[2024-06-02T19:47:18.811+0000] {logging_mixin.py:188} INFO - [2024-06-02T19:47:18.811+0000] {dagbag.py:545} INFO - Filling up the DagBag from /home/airflow/.local/lib/python3.12/site-packages/airflow/example_dags/example_sensors.py
[2024-06-02T19:47:18.816+0000] {processor.py:840} INFO - DAG(s) 'example_sensors' retrieved from /home/airflow/.local/lib/python3.12/site-packages/airflow/example_dags/example_sensors.py
[2024-06-02T19:47:18.831+0000] {logging_mixin.py:188} INFO - [2024-06-02T19:47:18.831+0000] {dag.py:3096} INFO - Sync 1 DAGs
[2024-06-02T19:47:18.838+0000] {logging_mixin.py:188} INFO - [2024-06-02T19:47:18.838+0000] {dag.py:3954} INFO - Setting next_dagrun for example_sensors to None, run_after=None
[2024-06-02T19:47:18.848+0000] {processor.py:183} INFO - Processing /home/airflow/.local/lib/python3.12/site-packages/airflow/example_dags/example_sensors.py took 0.042 seconds
[2024-06-02T19:47:49.568+0000] {processor.py:161} INFO - Started process (PID=769) to work on /home/airflow/.local/lib/python3.12/site-packages/airflow/example_dags/example_sensors.py
[2024-06-02T19:47:49.569+0000] {processor.py:830} INFO - Processing file /home/airflow/.local/lib/python3.12/site-packages/airflow/example_dags/example_sensors.py for tasks to queue
[2024-06-02T19:47:49.570+0000] {logging_mixin.py:188} INFO - [2024-06-02T19:47:49.570+0000] {dagbag.py:545} INFO - Filling up the DagBag from /home/airflow/.local/lib/python3.12/site-packages/airflow/example_dags/example_sensors.py
[2024-06-02T19:47:49.575+0000] {processor.py:840} INFO - DAG(s) 'example_sensors' retrieved from /home/airflow/.local/lib/python3.12/site-packages/airflow/example_dags/example_sensors.py
[2024-06-02T19:47:49.590+0000] {logging_mixin.py:188} INFO - [2024-06-02T19:47:49.590+0000] {dag.py:3096} INFO - Sync 1 DAGs
[2024-06-02T19:47:49.598+0000] {logging_mixin.py:188} INFO - [2024-06-02T19:47:49.598+0000] {dag.py:3954} INFO - Setting next_dagrun for example_sensors to None, run_after=None
[2024-06-02T19:47:49.609+0000] {processor.py:183} INFO - Processing /home/airflow/.local/lib/python3.12/site-packages/airflow/example_dags/example_sensors.py took 0.044 seconds
[2024-06-02T19:48:20.287+0000] {processor.py:161} INFO - Started process (PID=827) to work on /home/airflow/.local/lib/python3.12/site-packages/airflow/example_dags/example_sensors.py
[2024-06-02T19:48:20.288+0000] {processor.py:830} INFO - Processing file /home/airflow/.local/lib/python3.12/site-packages/airflow/example_dags/example_sensors.py for tasks to queue
[2024-06-02T19:48:20.289+0000] {logging_mixin.py:188} INFO - [2024-06-02T19:48:20.289+0000] {dagbag.py:545} INFO - Filling up the DagBag from /home/airflow/.local/lib/python3.12/site-packages/airflow/example_dags/example_sensors.py
[2024-06-02T19:48:20.295+0000] {processor.py:840} INFO - DAG(s) 'example_sensors' retrieved from /home/airflow/.local/lib/python3.12/site-packages/airflow/example_dags/example_sensors.py
[2024-06-02T19:48:20.311+0000] {logging_mixin.py:188} INFO - [2024-06-02T19:48:20.311+0000] {dag.py:3096} INFO - Sync 1 DAGs
[2024-06-02T19:48:20.319+0000] {logging_mixin.py:188} INFO - [2024-06-02T19:48:20.318+0000] {dag.py:3954} INFO - Setting next_dagrun for example_sensors to None, run_after=None
[2024-06-02T19:48:20.329+0000] {processor.py:183} INFO - Processing /home/airflow/.local/lib/python3.12/site-packages/airflow/example_dags/example_sensors.py took 0.045 seconds
[2024-06-02T19:48:50.913+0000] {processor.py:161} INFO - Started process (PID=885) to work on /home/airflow/.local/lib/python3.12/site-packages/airflow/example_dags/example_sensors.py
[2024-06-02T19:48:50.914+0000] {processor.py:830} INFO - Processing file /home/airflow/.local/lib/python3.12/site-packages/airflow/example_dags/example_sensors.py for tasks to queue
[2024-06-02T19:48:50.915+0000] {logging_mixin.py:188} INFO - [2024-06-02T19:48:50.915+0000] {dagbag.py:545} INFO - Filling up the DagBag from /home/airflow/.local/lib/python3.12/site-packages/airflow/example_dags/example_sensors.py
[2024-06-02T19:48:50.920+0000] {processor.py:840} INFO - DAG(s) 'example_sensors' retrieved from /home/airflow/.local/lib/python3.12/site-packages/airflow/example_dags/example_sensors.py
[2024-06-02T19:48:50.935+0000] {logging_mixin.py:188} INFO - [2024-06-02T19:48:50.935+0000] {dag.py:3096} INFO - Sync 1 DAGs
[2024-06-02T19:48:50.943+0000] {logging_mixin.py:188} INFO - [2024-06-02T19:48:50.942+0000] {dag.py:3954} INFO - Setting next_dagrun for example_sensors to None, run_after=None
[2024-06-02T19:48:50.953+0000] {processor.py:183} INFO - Processing /home/airflow/.local/lib/python3.12/site-packages/airflow/example_dags/example_sensors.py took 0.043 seconds
[2024-06-02T19:49:21.553+0000] {processor.py:161} INFO - Started process (PID=943) to work on /home/airflow/.local/lib/python3.12/site-packages/airflow/example_dags/example_sensors.py
[2024-06-02T19:49:21.553+0000] {processor.py:830} INFO - Processing file /home/airflow/.local/lib/python3.12/site-packages/airflow/example_dags/example_sensors.py for tasks to queue
[2024-06-02T19:49:21.554+0000] {logging_mixin.py:188} INFO - [2024-06-02T19:49:21.554+0000] {dagbag.py:545} INFO - Filling up the DagBag from /home/airflow/.local/lib/python3.12/site-packages/airflow/example_dags/example_sensors.py
[2024-06-02T19:49:21.560+0000] {processor.py:840} INFO - DAG(s) 'example_sensors' retrieved from /home/airflow/.local/lib/python3.12/site-packages/airflow/example_dags/example_sensors.py
[2024-06-02T19:49:21.575+0000] {logging_mixin.py:188} INFO - [2024-06-02T19:49:21.575+0000] {dag.py:3096} INFO - Sync 1 DAGs
[2024-06-02T19:49:21.582+0000] {logging_mixin.py:188} INFO - [2024-06-02T19:49:21.582+0000] {dag.py:3954} INFO - Setting next_dagrun for example_sensors to None, run_after=None
[2024-06-02T19:49:21.592+0000] {processor.py:183} INFO - Processing /home/airflow/.local/lib/python3.12/site-packages/airflow/example_dags/example_sensors.py took 0.043 seconds
[2024-06-02T19:49:52.192+0000] {processor.py:161} INFO - Started process (PID=1001) to work on /home/airflow/.local/lib/python3.12/site-packages/airflow/example_dags/example_sensors.py
[2024-06-02T19:49:52.193+0000] {processor.py:830} INFO - Processing file /home/airflow/.local/lib/python3.12/site-packages/airflow/example_dags/example_sensors.py for tasks to queue
[2024-06-02T19:49:52.194+0000] {logging_mixin.py:188} INFO - [2024-06-02T19:49:52.194+0000] {dagbag.py:545} INFO - Filling up the DagBag from /home/airflow/.local/lib/python3.12/site-packages/airflow/example_dags/example_sensors.py
[2024-06-02T19:49:52.200+0000] {processor.py:840} INFO - DAG(s) 'example_sensors' retrieved from /home/airflow/.local/lib/python3.12/site-packages/airflow/example_dags/example_sensors.py
[2024-06-02T19:49:52.215+0000] {logging_mixin.py:188} INFO - [2024-06-02T19:49:52.215+0000] {dag.py:3096} INFO - Sync 1 DAGs
[2024-06-02T19:49:52.222+0000] {logging_mixin.py:188} INFO - [2024-06-02T19:49:52.221+0000] {dag.py:3954} INFO - Setting next_dagrun for example_sensors to None, run_after=None
[2024-06-02T19:49:52.231+0000] {processor.py:183} INFO - Processing /home/airflow/.local/lib/python3.12/site-packages/airflow/example_dags/example_sensors.py took 0.042 seconds
[2024-06-02T19:50:22.982+0000] {processor.py:161} INFO - Started process (PID=1059) to work on /home/airflow/.local/lib/python3.12/site-packages/airflow/example_dags/example_sensors.py
[2024-06-02T19:50:22.983+0000] {processor.py:830} INFO - Processing file /home/airflow/.local/lib/python3.12/site-packages/airflow/example_dags/example_sensors.py for tasks to queue
[2024-06-02T19:50:22.984+0000] {logging_mixin.py:188} INFO - [2024-06-02T19:50:22.984+0000] {dagbag.py:545} INFO - Filling up the DagBag from /home/airflow/.local/lib/python3.12/site-packages/airflow/example_dags/example_sensors.py
[2024-06-02T19:50:22.989+0000] {processor.py:840} INFO - DAG(s) 'example_sensors' retrieved from /home/airflow/.local/lib/python3.12/site-packages/airflow/example_dags/example_sensors.py
[2024-06-02T19:50:23.004+0000] {logging_mixin.py:188} INFO - [2024-06-02T19:50:23.004+0000] {dag.py:3096} INFO - Sync 1 DAGs
[2024-06-02T19:50:23.011+0000] {logging_mixin.py:188} INFO - [2024-06-02T19:50:23.011+0000] {dag.py:3954} INFO - Setting next_dagrun for example_sensors to None, run_after=None
[2024-06-02T19:50:23.022+0000] {processor.py:183} INFO - Processing /home/airflow/.local/lib/python3.12/site-packages/airflow/example_dags/example_sensors.py took 0.043 seconds
[2024-06-02T19:50:53.052+0000] {processor.py:161} INFO - Started process (PID=1117) to work on /home/airflow/.local/lib/python3.12/site-packages/airflow/example_dags/example_sensors.py
[2024-06-02T19:50:53.053+0000] {processor.py:830} INFO - Processing file /home/airflow/.local/lib/python3.12/site-packages/airflow/example_dags/example_sensors.py for tasks to queue
[2024-06-02T19:50:53.054+0000] {logging_mixin.py:188} INFO - [2024-06-02T19:50:53.054+0000] {dagbag.py:545} INFO - Filling up the DagBag from /home/airflow/.local/lib/python3.12/site-packages/airflow/example_dags/example_sensors.py
[2024-06-02T19:50:53.059+0000] {processor.py:840} INFO - DAG(s) 'example_sensors' retrieved from /home/airflow/.local/lib/python3.12/site-packages/airflow/example_dags/example_sensors.py
[2024-06-02T19:50:53.074+0000] {logging_mixin.py:188} INFO - [2024-06-02T19:50:53.074+0000] {dag.py:3096} INFO - Sync 1 DAGs
[2024-06-02T19:50:53.081+0000] {logging_mixin.py:188} INFO - [2024-06-02T19:50:53.081+0000] {dag.py:3954} INFO - Setting next_dagrun for example_sensors to None, run_after=None
[2024-06-02T19:50:53.092+0000] {processor.py:183} INFO - Processing /home/airflow/.local/lib/python3.12/site-packages/airflow/example_dags/example_sensors.py took 0.042 seconds
[2024-06-02T19:51:23.266+0000] {processor.py:161} INFO - Started process (PID=1175) to work on /home/airflow/.local/lib/python3.12/site-packages/airflow/example_dags/example_sensors.py
[2024-06-02T19:51:23.267+0000] {processor.py:830} INFO - Processing file /home/airflow/.local/lib/python3.12/site-packages/airflow/example_dags/example_sensors.py for tasks to queue
[2024-06-02T19:51:23.268+0000] {logging_mixin.py:188} INFO - [2024-06-02T19:51:23.268+0000] {dagbag.py:545} INFO - Filling up the DagBag from /home/airflow/.local/lib/python3.12/site-packages/airflow/example_dags/example_sensors.py
[2024-06-02T19:51:23.275+0000] {processor.py:840} INFO - DAG(s) 'example_sensors' retrieved from /home/airflow/.local/lib/python3.12/site-packages/airflow/example_dags/example_sensors.py
[2024-06-02T19:51:23.291+0000] {logging_mixin.py:188} INFO - [2024-06-02T19:51:23.291+0000] {dag.py:3096} INFO - Sync 1 DAGs
[2024-06-02T19:51:23.298+0000] {logging_mixin.py:188} INFO - [2024-06-02T19:51:23.298+0000] {dag.py:3954} INFO - Setting next_dagrun for example_sensors to None, run_after=None
[2024-06-02T19:51:23.308+0000] {processor.py:183} INFO - Processing /home/airflow/.local/lib/python3.12/site-packages/airflow/example_dags/example_sensors.py took 0.045 seconds
[2024-06-02T19:51:53.476+0000] {processor.py:161} INFO - Started process (PID=1233) to work on /home/airflow/.local/lib/python3.12/site-packages/airflow/example_dags/example_sensors.py
[2024-06-02T19:51:53.476+0000] {processor.py:830} INFO - Processing file /home/airflow/.local/lib/python3.12/site-packages/airflow/example_dags/example_sensors.py for tasks to queue
[2024-06-02T19:51:53.477+0000] {logging_mixin.py:188} INFO - [2024-06-02T19:51:53.477+0000] {dagbag.py:545} INFO - Filling up the DagBag from /home/airflow/.local/lib/python3.12/site-packages/airflow/example_dags/example_sensors.py
[2024-06-02T19:51:53.483+0000] {processor.py:840} INFO - DAG(s) 'example_sensors' retrieved from /home/airflow/.local/lib/python3.12/site-packages/airflow/example_dags/example_sensors.py
[2024-06-02T19:51:53.499+0000] {logging_mixin.py:188} INFO - [2024-06-02T19:51:53.498+0000] {dag.py:3096} INFO - Sync 1 DAGs
[2024-06-02T19:51:53.506+0000] {logging_mixin.py:188} INFO - [2024-06-02T19:51:53.506+0000] {dag.py:3954} INFO - Setting next_dagrun for example_sensors to None, run_after=None
[2024-06-02T19:51:53.516+0000] {processor.py:183} INFO - Processing /home/airflow/.local/lib/python3.12/site-packages/airflow/example_dags/example_sensors.py took 0.044 seconds
[2024-06-02T19:52:24.143+0000] {processor.py:161} INFO - Started process (PID=1291) to work on /home/airflow/.local/lib/python3.12/site-packages/airflow/example_dags/example_sensors.py
[2024-06-02T19:52:24.144+0000] {processor.py:830} INFO - Processing file /home/airflow/.local/lib/python3.12/site-packages/airflow/example_dags/example_sensors.py for tasks to queue
[2024-06-02T19:52:24.145+0000] {logging_mixin.py:188} INFO - [2024-06-02T19:52:24.145+0000] {dagbag.py:545} INFO - Filling up the DagBag from /home/airflow/.local/lib/python3.12/site-packages/airflow/example_dags/example_sensors.py
[2024-06-02T19:52:24.150+0000] {processor.py:840} INFO - DAG(s) 'example_sensors' retrieved from /home/airflow/.local/lib/python3.12/site-packages/airflow/example_dags/example_sensors.py
[2024-06-02T19:52:24.166+0000] {logging_mixin.py:188} INFO - [2024-06-02T19:52:24.166+0000] {dag.py:3096} INFO - Sync 1 DAGs
[2024-06-02T19:52:24.174+0000] {logging_mixin.py:188} INFO - [2024-06-02T19:52:24.173+0000] {dag.py:3954} INFO - Setting next_dagrun for example_sensors to None, run_after=None
[2024-06-02T19:52:24.185+0000] {processor.py:183} INFO - Processing /home/airflow/.local/lib/python3.12/site-packages/airflow/example_dags/example_sensors.py took 0.045 seconds
[2024-06-02T19:52:54.860+0000] {processor.py:161} INFO - Started process (PID=1348) to work on /home/airflow/.local/lib/python3.12/site-packages/airflow/example_dags/example_sensors.py
[2024-06-02T19:52:54.861+0000] {processor.py:830} INFO - Processing file /home/airflow/.local/lib/python3.12/site-packages/airflow/example_dags/example_sensors.py for tasks to queue
[2024-06-02T19:52:54.862+0000] {logging_mixin.py:188} INFO - [2024-06-02T19:52:54.862+0000] {dagbag.py:545} INFO - Filling up the DagBag from /home/airflow/.local/lib/python3.12/site-packages/airflow/example_dags/example_sensors.py
[2024-06-02T19:52:54.868+0000] {processor.py:840} INFO - DAG(s) 'example_sensors' retrieved from /home/airflow/.local/lib/python3.12/site-packages/airflow/example_dags/example_sensors.py
[2024-06-02T19:52:54.884+0000] {logging_mixin.py:188} INFO - [2024-06-02T19:52:54.883+0000] {dag.py:3096} INFO - Sync 1 DAGs
[2024-06-02T19:52:54.892+0000] {logging_mixin.py:188} INFO - [2024-06-02T19:52:54.891+0000] {dag.py:3954} INFO - Setting next_dagrun for example_sensors to None, run_after=None
[2024-06-02T19:52:54.903+0000] {processor.py:183} INFO - Processing /home/airflow/.local/lib/python3.12/site-packages/airflow/example_dags/example_sensors.py took 0.046 seconds
[2024-06-02T19:53:25.572+0000] {processor.py:161} INFO - Started process (PID=1412) to work on /home/airflow/.local/lib/python3.12/site-packages/airflow/example_dags/example_sensors.py
[2024-06-02T19:53:25.573+0000] {processor.py:830} INFO - Processing file /home/airflow/.local/lib/python3.12/site-packages/airflow/example_dags/example_sensors.py for tasks to queue
[2024-06-02T19:53:25.574+0000] {logging_mixin.py:188} INFO - [2024-06-02T19:53:25.574+0000] {dagbag.py:545} INFO - Filling up the DagBag from /home/airflow/.local/lib/python3.12/site-packages/airflow/example_dags/example_sensors.py
[2024-06-02T19:53:25.580+0000] {processor.py:840} INFO - DAG(s) 'example_sensors' retrieved from /home/airflow/.local/lib/python3.12/site-packages/airflow/example_dags/example_sensors.py
[2024-06-02T19:53:25.596+0000] {logging_mixin.py:188} INFO - [2024-06-02T19:53:25.595+0000] {dag.py:3096} INFO - Sync 1 DAGs
[2024-06-02T19:53:25.603+0000] {logging_mixin.py:188} INFO - [2024-06-02T19:53:25.603+0000] {dag.py:3954} INFO - Setting next_dagrun for example_sensors to None, run_after=None
[2024-06-02T19:53:25.614+0000] {processor.py:183} INFO - Processing /home/airflow/.local/lib/python3.12/site-packages/airflow/example_dags/example_sensors.py took 0.045 seconds
[2024-06-02T19:53:56.254+0000] {processor.py:161} INFO - Started process (PID=1470) to work on /home/airflow/.local/lib/python3.12/site-packages/airflow/example_dags/example_sensors.py
[2024-06-02T19:53:56.254+0000] {processor.py:830} INFO - Processing file /home/airflow/.local/lib/python3.12/site-packages/airflow/example_dags/example_sensors.py for tasks to queue
[2024-06-02T19:53:56.255+0000] {logging_mixin.py:188} INFO - [2024-06-02T19:53:56.255+0000] {dagbag.py:545} INFO - Filling up the DagBag from /home/airflow/.local/lib/python3.12/site-packages/airflow/example_dags/example_sensors.py
[2024-06-02T19:53:56.260+0000] {processor.py:840} INFO - DAG(s) 'example_sensors' retrieved from /home/airflow/.local/lib/python3.12/site-packages/airflow/example_dags/example_sensors.py
[2024-06-02T19:53:56.275+0000] {logging_mixin.py:188} INFO - [2024-06-02T19:53:56.275+0000] {dag.py:3096} INFO - Sync 1 DAGs
[2024-06-02T19:53:56.282+0000] {logging_mixin.py:188} INFO - [2024-06-02T19:53:56.282+0000] {dag.py:3954} INFO - Setting next_dagrun for example_sensors to None, run_after=None
[2024-06-02T19:53:56.293+0000] {processor.py:183} INFO - Processing /home/airflow/.local/lib/python3.12/site-packages/airflow/example_dags/example_sensors.py took 0.043 seconds
[2024-06-02T19:54:26.987+0000] {processor.py:161} INFO - Started process (PID=1528) to work on /home/airflow/.local/lib/python3.12/site-packages/airflow/example_dags/example_sensors.py
[2024-06-02T19:54:26.988+0000] {processor.py:830} INFO - Processing file /home/airflow/.local/lib/python3.12/site-packages/airflow/example_dags/example_sensors.py for tasks to queue
[2024-06-02T19:54:26.989+0000] {logging_mixin.py:188} INFO - [2024-06-02T19:54:26.989+0000] {dagbag.py:545} INFO - Filling up the DagBag from /home/airflow/.local/lib/python3.12/site-packages/airflow/example_dags/example_sensors.py
[2024-06-02T19:54:26.994+0000] {processor.py:840} INFO - DAG(s) 'example_sensors' retrieved from /home/airflow/.local/lib/python3.12/site-packages/airflow/example_dags/example_sensors.py
[2024-06-02T19:54:27.010+0000] {logging_mixin.py:188} INFO - [2024-06-02T19:54:27.010+0000] {dag.py:3096} INFO - Sync 1 DAGs
[2024-06-02T19:54:27.017+0000] {logging_mixin.py:188} INFO - [2024-06-02T19:54:27.017+0000] {dag.py:3954} INFO - Setting next_dagrun for example_sensors to None, run_after=None
[2024-06-02T19:54:27.027+0000] {processor.py:183} INFO - Processing /home/airflow/.local/lib/python3.12/site-packages/airflow/example_dags/example_sensors.py took 0.044 seconds
[2024-06-02T19:54:57.797+0000] {processor.py:161} INFO - Started process (PID=1586) to work on /home/airflow/.local/lib/python3.12/site-packages/airflow/example_dags/example_sensors.py
[2024-06-02T19:54:57.798+0000] {processor.py:830} INFO - Processing file /home/airflow/.local/lib/python3.12/site-packages/airflow/example_dags/example_sensors.py for tasks to queue
[2024-06-02T19:54:57.799+0000] {logging_mixin.py:188} INFO - [2024-06-02T19:54:57.799+0000] {dagbag.py:545} INFO - Filling up the DagBag from /home/airflow/.local/lib/python3.12/site-packages/airflow/example_dags/example_sensors.py
[2024-06-02T19:54:57.804+0000] {processor.py:840} INFO - DAG(s) 'example_sensors' retrieved from /home/airflow/.local/lib/python3.12/site-packages/airflow/example_dags/example_sensors.py
[2024-06-02T19:54:57.820+0000] {logging_mixin.py:188} INFO - [2024-06-02T19:54:57.820+0000] {dag.py:3096} INFO - Sync 1 DAGs
[2024-06-02T19:54:57.827+0000] {logging_mixin.py:188} INFO - [2024-06-02T19:54:57.827+0000] {dag.py:3954} INFO - Setting next_dagrun for example_sensors to None, run_after=None
[2024-06-02T19:54:57.838+0000] {processor.py:183} INFO - Processing /home/airflow/.local/lib/python3.12/site-packages/airflow/example_dags/example_sensors.py took 0.044 seconds
[2024-06-02T19:55:28.484+0000] {processor.py:161} INFO - Started process (PID=1644) to work on /home/airflow/.local/lib/python3.12/site-packages/airflow/example_dags/example_sensors.py
[2024-06-02T19:55:28.485+0000] {processor.py:830} INFO - Processing file /home/airflow/.local/lib/python3.12/site-packages/airflow/example_dags/example_sensors.py for tasks to queue
[2024-06-02T19:55:28.486+0000] {logging_mixin.py:188} INFO - [2024-06-02T19:55:28.486+0000] {dagbag.py:545} INFO - Filling up the DagBag from /home/airflow/.local/lib/python3.12/site-packages/airflow/example_dags/example_sensors.py
[2024-06-02T19:55:28.492+0000] {processor.py:840} INFO - DAG(s) 'example_sensors' retrieved from /home/airflow/.local/lib/python3.12/site-packages/airflow/example_dags/example_sensors.py
[2024-06-02T19:55:28.507+0000] {logging_mixin.py:188} INFO - [2024-06-02T19:55:28.507+0000] {dag.py:3096} INFO - Sync 1 DAGs
[2024-06-02T19:55:28.515+0000] {logging_mixin.py:188} INFO - [2024-06-02T19:55:28.514+0000] {dag.py:3954} INFO - Setting next_dagrun for example_sensors to None, run_after=None
[2024-06-02T19:55:28.525+0000] {processor.py:183} INFO - Processing /home/airflow/.local/lib/python3.12/site-packages/airflow/example_dags/example_sensors.py took 0.044 seconds
[2024-06-02T19:55:59.178+0000] {processor.py:161} INFO - Started process (PID=1702) to work on /home/airflow/.local/lib/python3.12/site-packages/airflow/example_dags/example_sensors.py
[2024-06-02T19:55:59.178+0000] {processor.py:830} INFO - Processing file /home/airflow/.local/lib/python3.12/site-packages/airflow/example_dags/example_sensors.py for tasks to queue
[2024-06-02T19:55:59.179+0000] {logging_mixin.py:188} INFO - [2024-06-02T19:55:59.179+0000] {dagbag.py:545} INFO - Filling up the DagBag from /home/airflow/.local/lib/python3.12/site-packages/airflow/example_dags/example_sensors.py
[2024-06-02T19:55:59.185+0000] {processor.py:840} INFO - DAG(s) 'example_sensors' retrieved from /home/airflow/.local/lib/python3.12/site-packages/airflow/example_dags/example_sensors.py
[2024-06-02T19:55:59.200+0000] {logging_mixin.py:188} INFO - [2024-06-02T19:55:59.200+0000] {dag.py:3096} INFO - Sync 1 DAGs
[2024-06-02T19:55:59.207+0000] {logging_mixin.py:188} INFO - [2024-06-02T19:55:59.207+0000] {dag.py:3954} INFO - Setting next_dagrun for example_sensors to None, run_after=None
[2024-06-02T19:55:59.217+0000] {processor.py:183} INFO - Processing /home/airflow/.local/lib/python3.12/site-packages/airflow/example_dags/example_sensors.py took 0.042 seconds
[2024-06-02T19:56:29.806+0000] {processor.py:161} INFO - Started process (PID=1760) to work on /home/airflow/.local/lib/python3.12/site-packages/airflow/example_dags/example_sensors.py
[2024-06-02T19:56:29.807+0000] {processor.py:830} INFO - Processing file /home/airflow/.local/lib/python3.12/site-packages/airflow/example_dags/example_sensors.py for tasks to queue
[2024-06-02T19:56:29.808+0000] {logging_mixin.py:188} INFO - [2024-06-02T19:56:29.808+0000] {dagbag.py:545} INFO - Filling up the DagBag from /home/airflow/.local/lib/python3.12/site-packages/airflow/example_dags/example_sensors.py
[2024-06-02T19:56:29.814+0000] {processor.py:840} INFO - DAG(s) 'example_sensors' retrieved from /home/airflow/.local/lib/python3.12/site-packages/airflow/example_dags/example_sensors.py
[2024-06-02T19:56:29.829+0000] {logging_mixin.py:188} INFO - [2024-06-02T19:56:29.829+0000] {dag.py:3096} INFO - Sync 1 DAGs
[2024-06-02T19:56:29.837+0000] {logging_mixin.py:188} INFO - [2024-06-02T19:56:29.837+0000] {dag.py:3954} INFO - Setting next_dagrun for example_sensors to None, run_after=None
[2024-06-02T19:56:29.847+0000] {processor.py:183} INFO - Processing /home/airflow/.local/lib/python3.12/site-packages/airflow/example_dags/example_sensors.py took 0.044 seconds
[2024-06-02T19:57:00.635+0000] {processor.py:161} INFO - Started process (PID=1818) to work on /home/airflow/.local/lib/python3.12/site-packages/airflow/example_dags/example_sensors.py
[2024-06-02T19:57:00.636+0000] {processor.py:830} INFO - Processing file /home/airflow/.local/lib/python3.12/site-packages/airflow/example_dags/example_sensors.py for tasks to queue
[2024-06-02T19:57:00.637+0000] {logging_mixin.py:188} INFO - [2024-06-02T19:57:00.637+0000] {dagbag.py:545} INFO - Filling up the DagBag from /home/airflow/.local/lib/python3.12/site-packages/airflow/example_dags/example_sensors.py
[2024-06-02T19:57:00.643+0000] {processor.py:840} INFO - DAG(s) 'example_sensors' retrieved from /home/airflow/.local/lib/python3.12/site-packages/airflow/example_dags/example_sensors.py
[2024-06-02T19:57:00.657+0000] {logging_mixin.py:188} INFO - [2024-06-02T19:57:00.657+0000] {dag.py:3096} INFO - Sync 1 DAGs
[2024-06-02T19:57:00.664+0000] {logging_mixin.py:188} INFO - [2024-06-02T19:57:00.664+0000] {dag.py:3954} INFO - Setting next_dagrun for example_sensors to None, run_after=None
[2024-06-02T19:57:00.674+0000] {processor.py:183} INFO - Processing /home/airflow/.local/lib/python3.12/site-packages/airflow/example_dags/example_sensors.py took 0.042 seconds
[2024-06-02T19:57:31.684+0000] {processor.py:161} INFO - Started process (PID=1876) to work on /home/airflow/.local/lib/python3.12/site-packages/airflow/example_dags/example_sensors.py
[2024-06-02T19:57:31.685+0000] {processor.py:830} INFO - Processing file /home/airflow/.local/lib/python3.12/site-packages/airflow/example_dags/example_sensors.py for tasks to queue
[2024-06-02T19:57:31.686+0000] {logging_mixin.py:188} INFO - [2024-06-02T19:57:31.686+0000] {dagbag.py:545} INFO - Filling up the DagBag from /home/airflow/.local/lib/python3.12/site-packages/airflow/example_dags/example_sensors.py
[2024-06-02T19:57:31.692+0000] {processor.py:840} INFO - DAG(s) 'example_sensors' retrieved from /home/airflow/.local/lib/python3.12/site-packages/airflow/example_dags/example_sensors.py
[2024-06-02T19:57:31.707+0000] {logging_mixin.py:188} INFO - [2024-06-02T19:57:31.707+0000] {dag.py:3096} INFO - Sync 1 DAGs
[2024-06-02T19:57:31.715+0000] {logging_mixin.py:188} INFO - [2024-06-02T19:57:31.715+0000] {dag.py:3954} INFO - Setting next_dagrun for example_sensors to None, run_after=None
[2024-06-02T19:57:31.726+0000] {processor.py:183} INFO - Processing /home/airflow/.local/lib/python3.12/site-packages/airflow/example_dags/example_sensors.py took 0.045 seconds
[2024-06-02T19:58:02.356+0000] {processor.py:161} INFO - Started process (PID=1934) to work on /home/airflow/.local/lib/python3.12/site-packages/airflow/example_dags/example_sensors.py
[2024-06-02T19:58:02.356+0000] {processor.py:830} INFO - Processing file /home/airflow/.local/lib/python3.12/site-packages/airflow/example_dags/example_sensors.py for tasks to queue
[2024-06-02T19:58:02.357+0000] {logging_mixin.py:188} INFO - [2024-06-02T19:58:02.357+0000] {dagbag.py:545} INFO - Filling up the DagBag from /home/airflow/.local/lib/python3.12/site-packages/airflow/example_dags/example_sensors.py
[2024-06-02T19:58:02.363+0000] {processor.py:840} INFO - DAG(s) 'example_sensors' retrieved from /home/airflow/.local/lib/python3.12/site-packages/airflow/example_dags/example_sensors.py
[2024-06-02T19:58:02.379+0000] {logging_mixin.py:188} INFO - [2024-06-02T19:58:02.379+0000] {dag.py:3096} INFO - Sync 1 DAGs
[2024-06-02T19:58:02.387+0000] {logging_mixin.py:188} INFO - [2024-06-02T19:58:02.387+0000] {dag.py:3954} INFO - Setting next_dagrun for example_sensors to None, run_after=None
[2024-06-02T19:58:02.399+0000] {processor.py:183} INFO - Processing /home/airflow/.local/lib/python3.12/site-packages/airflow/example_dags/example_sensors.py took 0.046 seconds
[2024-06-02T19:58:33.145+0000] {processor.py:161} INFO - Started process (PID=1992) to work on /home/airflow/.local/lib/python3.12/site-packages/airflow/example_dags/example_sensors.py
[2024-06-02T19:58:33.146+0000] {processor.py:830} INFO - Processing file /home/airflow/.local/lib/python3.12/site-packages/airflow/example_dags/example_sensors.py for tasks to queue
[2024-06-02T19:58:33.147+0000] {logging_mixin.py:188} INFO - [2024-06-02T19:58:33.147+0000] {dagbag.py:545} INFO - Filling up the DagBag from /home/airflow/.local/lib/python3.12/site-packages/airflow/example_dags/example_sensors.py
[2024-06-02T19:58:33.153+0000] {processor.py:840} INFO - DAG(s) 'example_sensors' retrieved from /home/airflow/.local/lib/python3.12/site-packages/airflow/example_dags/example_sensors.py
[2024-06-02T19:58:33.168+0000] {logging_mixin.py:188} INFO - [2024-06-02T19:58:33.168+0000] {dag.py:3096} INFO - Sync 1 DAGs
[2024-06-02T19:58:33.175+0000] {logging_mixin.py:188} INFO - [2024-06-02T19:58:33.175+0000] {dag.py:3954} INFO - Setting next_dagrun for example_sensors to None, run_after=None
[2024-06-02T19:58:33.185+0000] {processor.py:183} INFO - Processing /home/airflow/.local/lib/python3.12/site-packages/airflow/example_dags/example_sensors.py took 0.043 seconds
[2024-06-02T19:59:03.306+0000] {processor.py:161} INFO - Started process (PID=2049) to work on /home/airflow/.local/lib/python3.12/site-packages/airflow/example_dags/example_sensors.py
[2024-06-02T19:59:03.307+0000] {processor.py:830} INFO - Processing file /home/airflow/.local/lib/python3.12/site-packages/airflow/example_dags/example_sensors.py for tasks to queue
[2024-06-02T19:59:03.308+0000] {logging_mixin.py:188} INFO - [2024-06-02T19:59:03.308+0000] {dagbag.py:545} INFO - Filling up the DagBag from /home/airflow/.local/lib/python3.12/site-packages/airflow/example_dags/example_sensors.py
[2024-06-02T19:59:03.313+0000] {processor.py:840} INFO - DAG(s) 'example_sensors' retrieved from /home/airflow/.local/lib/python3.12/site-packages/airflow/example_dags/example_sensors.py
[2024-06-02T19:59:03.327+0000] {logging_mixin.py:188} INFO - [2024-06-02T19:59:03.327+0000] {dag.py:3096} INFO - Sync 1 DAGs
[2024-06-02T19:59:03.335+0000] {logging_mixin.py:188} INFO - [2024-06-02T19:59:03.335+0000] {dag.py:3954} INFO - Setting next_dagrun for example_sensors to None, run_after=None
[2024-06-02T19:59:03.348+0000] {processor.py:183} INFO - Processing /home/airflow/.local/lib/python3.12/site-packages/airflow/example_dags/example_sensors.py took 0.045 seconds
[2024-06-02T19:59:33.838+0000] {processor.py:161} INFO - Started process (PID=2108) to work on /home/airflow/.local/lib/python3.12/site-packages/airflow/example_dags/example_sensors.py
[2024-06-02T19:59:33.838+0000] {processor.py:830} INFO - Processing file /home/airflow/.local/lib/python3.12/site-packages/airflow/example_dags/example_sensors.py for tasks to queue
[2024-06-02T19:59:33.840+0000] {logging_mixin.py:188} INFO - [2024-06-02T19:59:33.839+0000] {dagbag.py:545} INFO - Filling up the DagBag from /home/airflow/.local/lib/python3.12/site-packages/airflow/example_dags/example_sensors.py
[2024-06-02T19:59:33.845+0000] {processor.py:840} INFO - DAG(s) 'example_sensors' retrieved from /home/airflow/.local/lib/python3.12/site-packages/airflow/example_dags/example_sensors.py
[2024-06-02T19:59:33.860+0000] {logging_mixin.py:188} INFO - [2024-06-02T19:59:33.860+0000] {dag.py:3096} INFO - Sync 1 DAGs
[2024-06-02T19:59:33.869+0000] {logging_mixin.py:188} INFO - [2024-06-02T19:59:33.869+0000] {dag.py:3954} INFO - Setting next_dagrun for example_sensors to None, run_after=None
[2024-06-02T19:59:33.879+0000] {processor.py:183} INFO - Processing /home/airflow/.local/lib/python3.12/site-packages/airflow/example_dags/example_sensors.py took 0.045 seconds
[2024-06-02T20:00:04.916+0000] {processor.py:161} INFO - Started process (PID=2166) to work on /home/airflow/.local/lib/python3.12/site-packages/airflow/example_dags/example_sensors.py
[2024-06-02T20:00:04.916+0000] {processor.py:830} INFO - Processing file /home/airflow/.local/lib/python3.12/site-packages/airflow/example_dags/example_sensors.py for tasks to queue
[2024-06-02T20:00:04.918+0000] {logging_mixin.py:188} INFO - [2024-06-02T20:00:04.917+0000] {dagbag.py:545} INFO - Filling up the DagBag from /home/airflow/.local/lib/python3.12/site-packages/airflow/example_dags/example_sensors.py
[2024-06-02T20:00:04.923+0000] {processor.py:840} INFO - DAG(s) 'example_sensors' retrieved from /home/airflow/.local/lib/python3.12/site-packages/airflow/example_dags/example_sensors.py
[2024-06-02T20:00:04.938+0000] {logging_mixin.py:188} INFO - [2024-06-02T20:00:04.938+0000] {dag.py:3096} INFO - Sync 1 DAGs
[2024-06-02T20:00:04.945+0000] {logging_mixin.py:188} INFO - [2024-06-02T20:00:04.945+0000] {dag.py:3954} INFO - Setting next_dagrun for example_sensors to None, run_after=None
[2024-06-02T20:00:04.955+0000] {processor.py:183} INFO - Processing /home/airflow/.local/lib/python3.12/site-packages/airflow/example_dags/example_sensors.py took 0.043 seconds
[2024-06-02T20:00:36.075+0000] {processor.py:161} INFO - Started process (PID=2224) to work on /home/airflow/.local/lib/python3.12/site-packages/airflow/example_dags/example_sensors.py
[2024-06-02T20:00:36.075+0000] {processor.py:830} INFO - Processing file /home/airflow/.local/lib/python3.12/site-packages/airflow/example_dags/example_sensors.py for tasks to queue
[2024-06-02T20:00:36.077+0000] {logging_mixin.py:188} INFO - [2024-06-02T20:00:36.076+0000] {dagbag.py:545} INFO - Filling up the DagBag from /home/airflow/.local/lib/python3.12/site-packages/airflow/example_dags/example_sensors.py
[2024-06-02T20:00:36.173+0000] {processor.py:840} INFO - DAG(s) 'example_sensors' retrieved from /home/airflow/.local/lib/python3.12/site-packages/airflow/example_dags/example_sensors.py
[2024-06-02T20:00:36.188+0000] {logging_mixin.py:188} INFO - [2024-06-02T20:00:36.188+0000] {dag.py:3096} INFO - Sync 1 DAGs
[2024-06-02T20:00:36.195+0000] {logging_mixin.py:188} INFO - [2024-06-02T20:00:36.195+0000] {dag.py:3954} INFO - Setting next_dagrun for example_sensors to None, run_after=None
[2024-06-02T20:00:36.205+0000] {processor.py:183} INFO - Processing /home/airflow/.local/lib/python3.12/site-packages/airflow/example_dags/example_sensors.py took 0.134 seconds
[2024-06-02T20:01:07.091+0000] {processor.py:161} INFO - Started process (PID=2282) to work on /home/airflow/.local/lib/python3.12/site-packages/airflow/example_dags/example_sensors.py
[2024-06-02T20:01:07.092+0000] {processor.py:830} INFO - Processing file /home/airflow/.local/lib/python3.12/site-packages/airflow/example_dags/example_sensors.py for tasks to queue
[2024-06-02T20:01:07.093+0000] {logging_mixin.py:188} INFO - [2024-06-02T20:01:07.093+0000] {dagbag.py:545} INFO - Filling up the DagBag from /home/airflow/.local/lib/python3.12/site-packages/airflow/example_dags/example_sensors.py
[2024-06-02T20:01:07.098+0000] {processor.py:840} INFO - DAG(s) 'example_sensors' retrieved from /home/airflow/.local/lib/python3.12/site-packages/airflow/example_dags/example_sensors.py
[2024-06-02T20:01:07.113+0000] {logging_mixin.py:188} INFO - [2024-06-02T20:01:07.113+0000] {dag.py:3096} INFO - Sync 1 DAGs
[2024-06-02T20:01:07.120+0000] {logging_mixin.py:188} INFO - [2024-06-02T20:01:07.120+0000] {dag.py:3954} INFO - Setting next_dagrun for example_sensors to None, run_after=None
[2024-06-02T20:01:07.130+0000] {processor.py:183} INFO - Processing /home/airflow/.local/lib/python3.12/site-packages/airflow/example_dags/example_sensors.py took 0.042 seconds
[2024-06-02T20:01:37.911+0000] {processor.py:161} INFO - Started process (PID=2340) to work on /home/airflow/.local/lib/python3.12/site-packages/airflow/example_dags/example_sensors.py
[2024-06-02T20:01:37.912+0000] {processor.py:830} INFO - Processing file /home/airflow/.local/lib/python3.12/site-packages/airflow/example_dags/example_sensors.py for tasks to queue
[2024-06-02T20:01:37.913+0000] {logging_mixin.py:188} INFO - [2024-06-02T20:01:37.913+0000] {dagbag.py:545} INFO - Filling up the DagBag from /home/airflow/.local/lib/python3.12/site-packages/airflow/example_dags/example_sensors.py
[2024-06-02T20:01:37.918+0000] {processor.py:840} INFO - DAG(s) 'example_sensors' retrieved from /home/airflow/.local/lib/python3.12/site-packages/airflow/example_dags/example_sensors.py
[2024-06-02T20:01:37.933+0000] {logging_mixin.py:188} INFO - [2024-06-02T20:01:37.933+0000] {dag.py:3096} INFO - Sync 1 DAGs
[2024-06-02T20:01:37.941+0000] {logging_mixin.py:188} INFO - [2024-06-02T20:01:37.941+0000] {dag.py:3954} INFO - Setting next_dagrun for example_sensors to None, run_after=None
[2024-06-02T20:01:37.951+0000] {processor.py:183} INFO - Processing /home/airflow/.local/lib/python3.12/site-packages/airflow/example_dags/example_sensors.py took 0.044 seconds
[2024-06-02T20:02:08.673+0000] {processor.py:161} INFO - Started process (PID=2398) to work on /home/airflow/.local/lib/python3.12/site-packages/airflow/example_dags/example_sensors.py
[2024-06-02T20:02:08.673+0000] {processor.py:830} INFO - Processing file /home/airflow/.local/lib/python3.12/site-packages/airflow/example_dags/example_sensors.py for tasks to queue
[2024-06-02T20:02:08.674+0000] {logging_mixin.py:188} INFO - [2024-06-02T20:02:08.674+0000] {dagbag.py:545} INFO - Filling up the DagBag from /home/airflow/.local/lib/python3.12/site-packages/airflow/example_dags/example_sensors.py
[2024-06-02T20:02:08.679+0000] {processor.py:840} INFO - DAG(s) 'example_sensors' retrieved from /home/airflow/.local/lib/python3.12/site-packages/airflow/example_dags/example_sensors.py
[2024-06-02T20:02:08.694+0000] {logging_mixin.py:188} INFO - [2024-06-02T20:02:08.694+0000] {dag.py:3096} INFO - Sync 1 DAGs
[2024-06-02T20:02:08.701+0000] {logging_mixin.py:188} INFO - [2024-06-02T20:02:08.701+0000] {dag.py:3954} INFO - Setting next_dagrun for example_sensors to None, run_after=None
[2024-06-02T20:02:08.711+0000] {processor.py:183} INFO - Processing /home/airflow/.local/lib/python3.12/site-packages/airflow/example_dags/example_sensors.py took 0.041 seconds
[2024-06-02T20:02:39.376+0000] {processor.py:161} INFO - Started process (PID=2456) to work on /home/airflow/.local/lib/python3.12/site-packages/airflow/example_dags/example_sensors.py
[2024-06-02T20:02:39.376+0000] {processor.py:830} INFO - Processing file /home/airflow/.local/lib/python3.12/site-packages/airflow/example_dags/example_sensors.py for tasks to queue
[2024-06-02T20:02:39.378+0000] {logging_mixin.py:188} INFO - [2024-06-02T20:02:39.377+0000] {dagbag.py:545} INFO - Filling up the DagBag from /home/airflow/.local/lib/python3.12/site-packages/airflow/example_dags/example_sensors.py
[2024-06-02T20:02:39.383+0000] {processor.py:840} INFO - DAG(s) 'example_sensors' retrieved from /home/airflow/.local/lib/python3.12/site-packages/airflow/example_dags/example_sensors.py
[2024-06-02T20:02:39.399+0000] {logging_mixin.py:188} INFO - [2024-06-02T20:02:39.399+0000] {dag.py:3096} INFO - Sync 1 DAGs
[2024-06-02T20:02:39.406+0000] {logging_mixin.py:188} INFO - [2024-06-02T20:02:39.406+0000] {dag.py:3954} INFO - Setting next_dagrun for example_sensors to None, run_after=None
[2024-06-02T20:02:39.416+0000] {processor.py:183} INFO - Processing /home/airflow/.local/lib/python3.12/site-packages/airflow/example_dags/example_sensors.py took 0.044 seconds
[2024-06-02T20:03:09.953+0000] {processor.py:161} INFO - Started process (PID=2514) to work on /home/airflow/.local/lib/python3.12/site-packages/airflow/example_dags/example_sensors.py
[2024-06-02T20:03:09.953+0000] {processor.py:830} INFO - Processing file /home/airflow/.local/lib/python3.12/site-packages/airflow/example_dags/example_sensors.py for tasks to queue
[2024-06-02T20:03:09.954+0000] {logging_mixin.py:188} INFO - [2024-06-02T20:03:09.954+0000] {dagbag.py:545} INFO - Filling up the DagBag from /home/airflow/.local/lib/python3.12/site-packages/airflow/example_dags/example_sensors.py
[2024-06-02T20:03:09.961+0000] {processor.py:840} INFO - DAG(s) 'example_sensors' retrieved from /home/airflow/.local/lib/python3.12/site-packages/airflow/example_dags/example_sensors.py
[2024-06-02T20:03:09.976+0000] {logging_mixin.py:188} INFO - [2024-06-02T20:03:09.975+0000] {dag.py:3096} INFO - Sync 1 DAGs
[2024-06-02T20:03:09.983+0000] {logging_mixin.py:188} INFO - [2024-06-02T20:03:09.983+0000] {dag.py:3954} INFO - Setting next_dagrun for example_sensors to None, run_after=None
[2024-06-02T20:03:09.994+0000] {processor.py:183} INFO - Processing /home/airflow/.local/lib/python3.12/site-packages/airflow/example_dags/example_sensors.py took 0.044 seconds
[2024-06-02T20:03:40.653+0000] {processor.py:161} INFO - Started process (PID=2572) to work on /home/airflow/.local/lib/python3.12/site-packages/airflow/example_dags/example_sensors.py
[2024-06-02T20:03:40.654+0000] {processor.py:830} INFO - Processing file /home/airflow/.local/lib/python3.12/site-packages/airflow/example_dags/example_sensors.py for tasks to queue
[2024-06-02T20:03:40.655+0000] {logging_mixin.py:188} INFO - [2024-06-02T20:03:40.655+0000] {dagbag.py:545} INFO - Filling up the DagBag from /home/airflow/.local/lib/python3.12/site-packages/airflow/example_dags/example_sensors.py
[2024-06-02T20:03:40.660+0000] {processor.py:840} INFO - DAG(s) 'example_sensors' retrieved from /home/airflow/.local/lib/python3.12/site-packages/airflow/example_dags/example_sensors.py
[2024-06-02T20:03:40.674+0000] {logging_mixin.py:188} INFO - [2024-06-02T20:03:40.674+0000] {dag.py:3096} INFO - Sync 1 DAGs
[2024-06-02T20:03:40.681+0000] {logging_mixin.py:188} INFO - [2024-06-02T20:03:40.681+0000] {dag.py:3954} INFO - Setting next_dagrun for example_sensors to None, run_after=None
[2024-06-02T20:03:40.692+0000] {processor.py:183} INFO - Processing /home/airflow/.local/lib/python3.12/site-packages/airflow/example_dags/example_sensors.py took 0.041 seconds
