[2024-06-02T19:29:18.941+0000] {processor.py:161} INFO - Started process (PID=64) to work on /home/airflow/.local/lib/python3.12/site-packages/airflow/example_dags/example_python_operator.py
[2024-06-02T19:29:18.941+0000] {processor.py:830} INFO - Processing file /home/airflow/.local/lib/python3.12/site-packages/airflow/example_dags/example_python_operator.py for tasks to queue
[2024-06-02T19:29:18.943+0000] {logging_mixin.py:188} INFO - [2024-06-02T19:29:18.942+0000] {dagbag.py:545} INFO - Filling up the DagBag from /home/airflow/.local/lib/python3.12/site-packages/airflow/example_dags/example_python_operator.py
[2024-06-02T19:29:18.949+0000] {processor.py:840} INFO - DAG(s) 'example_python_operator' retrieved from /home/airflow/.local/lib/python3.12/site-packages/airflow/example_dags/example_python_operator.py
[2024-06-02T19:29:19.011+0000] {logging_mixin.py:188} INFO - [2024-06-02T19:29:19.010+0000] {override.py:1829} INFO - Created Permission View: can edit on DAG:example_python_operator
[2024-06-02T19:29:19.017+0000] {logging_mixin.py:188} INFO - [2024-06-02T19:29:19.017+0000] {override.py:1829} INFO - Created Permission View: can delete on DAG:example_python_operator
[2024-06-02T19:29:19.021+0000] {logging_mixin.py:188} INFO - [2024-06-02T19:29:19.021+0000] {override.py:1829} INFO - Created Permission View: can read on DAG:example_python_operator
[2024-06-02T19:29:19.022+0000] {logging_mixin.py:188} INFO - [2024-06-02T19:29:19.022+0000] {dag.py:3096} INFO - Sync 1 DAGs
[2024-06-02T19:29:19.028+0000] {logging_mixin.py:188} INFO - [2024-06-02T19:29:19.028+0000] {dag.py:3118} INFO - Creating ORM DAG for example_python_operator
[2024-06-02T19:29:19.029+0000] {logging_mixin.py:188} INFO - [2024-06-02T19:29:19.029+0000] {dag.py:3954} INFO - Setting next_dagrun for example_python_operator to None, run_after=None
[2024-06-02T19:29:19.039+0000] {processor.py:183} INFO - Processing /home/airflow/.local/lib/python3.12/site-packages/airflow/example_dags/example_python_operator.py took 0.101 seconds
[2024-06-02T19:29:49.774+0000] {processor.py:161} INFO - Started process (PID=122) to work on /home/airflow/.local/lib/python3.12/site-packages/airflow/example_dags/example_python_operator.py
[2024-06-02T19:29:49.775+0000] {processor.py:830} INFO - Processing file /home/airflow/.local/lib/python3.12/site-packages/airflow/example_dags/example_python_operator.py for tasks to queue
[2024-06-02T19:29:49.776+0000] {logging_mixin.py:188} INFO - [2024-06-02T19:29:49.776+0000] {dagbag.py:545} INFO - Filling up the DagBag from /home/airflow/.local/lib/python3.12/site-packages/airflow/example_dags/example_python_operator.py
[2024-06-02T19:29:49.782+0000] {processor.py:840} INFO - DAG(s) 'example_python_operator' retrieved from /home/airflow/.local/lib/python3.12/site-packages/airflow/example_dags/example_python_operator.py
[2024-06-02T19:29:49.795+0000] {logging_mixin.py:188} INFO - [2024-06-02T19:29:49.795+0000] {dag.py:3096} INFO - Sync 1 DAGs
[2024-06-02T19:29:49.803+0000] {logging_mixin.py:188} INFO - [2024-06-02T19:29:49.803+0000] {dag.py:3954} INFO - Setting next_dagrun for example_python_operator to None, run_after=None
[2024-06-02T19:29:49.813+0000] {processor.py:183} INFO - Processing /home/airflow/.local/lib/python3.12/site-packages/airflow/example_dags/example_python_operator.py took 0.042 seconds
[2024-06-02T19:30:20.421+0000] {processor.py:161} INFO - Started process (PID=180) to work on /home/airflow/.local/lib/python3.12/site-packages/airflow/example_dags/example_python_operator.py
[2024-06-02T19:30:20.422+0000] {processor.py:830} INFO - Processing file /home/airflow/.local/lib/python3.12/site-packages/airflow/example_dags/example_python_operator.py for tasks to queue
[2024-06-02T19:30:20.423+0000] {logging_mixin.py:188} INFO - [2024-06-02T19:30:20.423+0000] {dagbag.py:545} INFO - Filling up the DagBag from /home/airflow/.local/lib/python3.12/site-packages/airflow/example_dags/example_python_operator.py
[2024-06-02T19:30:20.430+0000] {processor.py:840} INFO - DAG(s) 'example_python_operator' retrieved from /home/airflow/.local/lib/python3.12/site-packages/airflow/example_dags/example_python_operator.py
[2024-06-02T19:30:20.443+0000] {logging_mixin.py:188} INFO - [2024-06-02T19:30:20.443+0000] {dag.py:3096} INFO - Sync 1 DAGs
[2024-06-02T19:30:20.450+0000] {logging_mixin.py:188} INFO - [2024-06-02T19:30:20.450+0000] {dag.py:3954} INFO - Setting next_dagrun for example_python_operator to None, run_after=None
[2024-06-02T19:30:20.460+0000] {processor.py:183} INFO - Processing /home/airflow/.local/lib/python3.12/site-packages/airflow/example_dags/example_python_operator.py took 0.043 seconds
[2024-06-02T19:31:20.532+0000] {processor.py:161} INFO - Started process (PID=64) to work on /home/airflow/.local/lib/python3.12/site-packages/airflow/example_dags/example_python_operator.py
[2024-06-02T19:31:20.532+0000] {processor.py:830} INFO - Processing file /home/airflow/.local/lib/python3.12/site-packages/airflow/example_dags/example_python_operator.py for tasks to queue
[2024-06-02T19:31:20.534+0000] {logging_mixin.py:188} INFO - [2024-06-02T19:31:20.533+0000] {dagbag.py:545} INFO - Filling up the DagBag from /home/airflow/.local/lib/python3.12/site-packages/airflow/example_dags/example_python_operator.py
[2024-06-02T19:31:20.539+0000] {processor.py:840} INFO - DAG(s) 'example_python_operator' retrieved from /home/airflow/.local/lib/python3.12/site-packages/airflow/example_dags/example_python_operator.py
[2024-06-02T19:31:20.546+0000] {logging_mixin.py:188} INFO - [2024-06-02T19:31:20.546+0000] {dag.py:3096} INFO - Sync 1 DAGs
[2024-06-02T19:31:20.553+0000] {logging_mixin.py:188} INFO - [2024-06-02T19:31:20.553+0000] {dag.py:3954} INFO - Setting next_dagrun for example_python_operator to None, run_after=None
[2024-06-02T19:31:20.563+0000] {processor.py:183} INFO - Processing /home/airflow/.local/lib/python3.12/site-packages/airflow/example_dags/example_python_operator.py took 0.035 seconds
[2024-06-02T19:31:52.009+0000] {processor.py:161} INFO - Started process (PID=122) to work on /home/airflow/.local/lib/python3.12/site-packages/airflow/example_dags/example_python_operator.py
[2024-06-02T19:31:52.009+0000] {processor.py:830} INFO - Processing file /home/airflow/.local/lib/python3.12/site-packages/airflow/example_dags/example_python_operator.py for tasks to queue
[2024-06-02T19:31:52.011+0000] {logging_mixin.py:188} INFO - [2024-06-02T19:31:52.010+0000] {dagbag.py:545} INFO - Filling up the DagBag from /home/airflow/.local/lib/python3.12/site-packages/airflow/example_dags/example_python_operator.py
[2024-06-02T19:31:52.016+0000] {processor.py:840} INFO - DAG(s) 'example_python_operator' retrieved from /home/airflow/.local/lib/python3.12/site-packages/airflow/example_dags/example_python_operator.py
[2024-06-02T19:31:52.076+0000] {logging_mixin.py:188} INFO - [2024-06-02T19:31:52.076+0000] {dag.py:3096} INFO - Sync 1 DAGs
[2024-06-02T19:31:52.083+0000] {logging_mixin.py:188} INFO - [2024-06-02T19:31:52.083+0000] {dag.py:3954} INFO - Setting next_dagrun for example_python_operator to None, run_after=None
[2024-06-02T19:31:52.094+0000] {processor.py:183} INFO - Processing /home/airflow/.local/lib/python3.12/site-packages/airflow/example_dags/example_python_operator.py took 0.088 seconds
[2024-06-02T19:32:22.965+0000] {processor.py:161} INFO - Started process (PID=180) to work on /home/airflow/.local/lib/python3.12/site-packages/airflow/example_dags/example_python_operator.py
[2024-06-02T19:32:22.965+0000] {processor.py:830} INFO - Processing file /home/airflow/.local/lib/python3.12/site-packages/airflow/example_dags/example_python_operator.py for tasks to queue
[2024-06-02T19:32:22.967+0000] {logging_mixin.py:188} INFO - [2024-06-02T19:32:22.967+0000] {dagbag.py:545} INFO - Filling up the DagBag from /home/airflow/.local/lib/python3.12/site-packages/airflow/example_dags/example_python_operator.py
[2024-06-02T19:32:22.972+0000] {processor.py:840} INFO - DAG(s) 'example_python_operator' retrieved from /home/airflow/.local/lib/python3.12/site-packages/airflow/example_dags/example_python_operator.py
[2024-06-02T19:32:22.986+0000] {logging_mixin.py:188} INFO - [2024-06-02T19:32:22.986+0000] {dag.py:3096} INFO - Sync 1 DAGs
[2024-06-02T19:32:22.996+0000] {logging_mixin.py:188} INFO - [2024-06-02T19:32:22.996+0000] {dag.py:3954} INFO - Setting next_dagrun for example_python_operator to None, run_after=None
[2024-06-02T19:32:23.008+0000] {processor.py:183} INFO - Processing /home/airflow/.local/lib/python3.12/site-packages/airflow/example_dags/example_python_operator.py took 0.046 seconds
[2024-06-02T19:32:53.668+0000] {processor.py:161} INFO - Started process (PID=238) to work on /home/airflow/.local/lib/python3.12/site-packages/airflow/example_dags/example_python_operator.py
[2024-06-02T19:32:53.669+0000] {processor.py:830} INFO - Processing file /home/airflow/.local/lib/python3.12/site-packages/airflow/example_dags/example_python_operator.py for tasks to queue
[2024-06-02T19:32:53.670+0000] {logging_mixin.py:188} INFO - [2024-06-02T19:32:53.670+0000] {dagbag.py:545} INFO - Filling up the DagBag from /home/airflow/.local/lib/python3.12/site-packages/airflow/example_dags/example_python_operator.py
[2024-06-02T19:32:53.676+0000] {processor.py:840} INFO - DAG(s) 'example_python_operator' retrieved from /home/airflow/.local/lib/python3.12/site-packages/airflow/example_dags/example_python_operator.py
[2024-06-02T19:32:53.689+0000] {logging_mixin.py:188} INFO - [2024-06-02T19:32:53.689+0000] {dag.py:3096} INFO - Sync 1 DAGs
[2024-06-02T19:32:53.697+0000] {logging_mixin.py:188} INFO - [2024-06-02T19:32:53.697+0000] {dag.py:3954} INFO - Setting next_dagrun for example_python_operator to None, run_after=None
[2024-06-02T19:32:53.708+0000] {processor.py:183} INFO - Processing /home/airflow/.local/lib/python3.12/site-packages/airflow/example_dags/example_python_operator.py took 0.043 seconds
[2024-06-02T19:33:24.317+0000] {processor.py:161} INFO - Started process (PID=296) to work on /home/airflow/.local/lib/python3.12/site-packages/airflow/example_dags/example_python_operator.py
[2024-06-02T19:33:24.318+0000] {processor.py:830} INFO - Processing file /home/airflow/.local/lib/python3.12/site-packages/airflow/example_dags/example_python_operator.py for tasks to queue
[2024-06-02T19:33:24.319+0000] {logging_mixin.py:188} INFO - [2024-06-02T19:33:24.319+0000] {dagbag.py:545} INFO - Filling up the DagBag from /home/airflow/.local/lib/python3.12/site-packages/airflow/example_dags/example_python_operator.py
[2024-06-02T19:33:24.324+0000] {processor.py:840} INFO - DAG(s) 'example_python_operator' retrieved from /home/airflow/.local/lib/python3.12/site-packages/airflow/example_dags/example_python_operator.py
[2024-06-02T19:33:24.336+0000] {logging_mixin.py:188} INFO - [2024-06-02T19:33:24.336+0000] {dag.py:3096} INFO - Sync 1 DAGs
[2024-06-02T19:33:24.343+0000] {logging_mixin.py:188} INFO - [2024-06-02T19:33:24.343+0000] {dag.py:3954} INFO - Setting next_dagrun for example_python_operator to None, run_after=None
[2024-06-02T19:33:24.352+0000] {processor.py:183} INFO - Processing /home/airflow/.local/lib/python3.12/site-packages/airflow/example_dags/example_python_operator.py took 0.039 seconds
[2024-06-02T19:33:55.022+0000] {processor.py:161} INFO - Started process (PID=353) to work on /home/airflow/.local/lib/python3.12/site-packages/airflow/example_dags/example_python_operator.py
[2024-06-02T19:33:55.022+0000] {processor.py:830} INFO - Processing file /home/airflow/.local/lib/python3.12/site-packages/airflow/example_dags/example_python_operator.py for tasks to queue
[2024-06-02T19:33:55.023+0000] {logging_mixin.py:188} INFO - [2024-06-02T19:33:55.023+0000] {dagbag.py:545} INFO - Filling up the DagBag from /home/airflow/.local/lib/python3.12/site-packages/airflow/example_dags/example_python_operator.py
[2024-06-02T19:33:55.029+0000] {processor.py:840} INFO - DAG(s) 'example_python_operator' retrieved from /home/airflow/.local/lib/python3.12/site-packages/airflow/example_dags/example_python_operator.py
[2024-06-02T19:33:55.042+0000] {logging_mixin.py:188} INFO - [2024-06-02T19:33:55.041+0000] {dag.py:3096} INFO - Sync 1 DAGs
[2024-06-02T19:33:55.049+0000] {logging_mixin.py:188} INFO - [2024-06-02T19:33:55.049+0000] {dag.py:3954} INFO - Setting next_dagrun for example_python_operator to None, run_after=None
[2024-06-02T19:33:55.059+0000] {processor.py:183} INFO - Processing /home/airflow/.local/lib/python3.12/site-packages/airflow/example_dags/example_python_operator.py took 0.041 seconds
[2024-06-02T19:34:25.763+0000] {processor.py:161} INFO - Started process (PID=411) to work on /home/airflow/.local/lib/python3.12/site-packages/airflow/example_dags/example_python_operator.py
[2024-06-02T19:34:25.764+0000] {processor.py:830} INFO - Processing file /home/airflow/.local/lib/python3.12/site-packages/airflow/example_dags/example_python_operator.py for tasks to queue
[2024-06-02T19:34:25.765+0000] {logging_mixin.py:188} INFO - [2024-06-02T19:34:25.765+0000] {dagbag.py:545} INFO - Filling up the DagBag from /home/airflow/.local/lib/python3.12/site-packages/airflow/example_dags/example_python_operator.py
[2024-06-02T19:34:25.770+0000] {processor.py:840} INFO - DAG(s) 'example_python_operator' retrieved from /home/airflow/.local/lib/python3.12/site-packages/airflow/example_dags/example_python_operator.py
[2024-06-02T19:34:25.783+0000] {logging_mixin.py:188} INFO - [2024-06-02T19:34:25.783+0000] {dag.py:3096} INFO - Sync 1 DAGs
[2024-06-02T19:34:25.790+0000] {logging_mixin.py:188} INFO - [2024-06-02T19:34:25.790+0000] {dag.py:3954} INFO - Setting next_dagrun for example_python_operator to None, run_after=None
[2024-06-02T19:34:25.801+0000] {processor.py:183} INFO - Processing /home/airflow/.local/lib/python3.12/site-packages/airflow/example_dags/example_python_operator.py took 0.041 seconds
[2024-06-02T19:34:56.512+0000] {processor.py:161} INFO - Started process (PID=469) to work on /home/airflow/.local/lib/python3.12/site-packages/airflow/example_dags/example_python_operator.py
[2024-06-02T19:34:56.513+0000] {processor.py:830} INFO - Processing file /home/airflow/.local/lib/python3.12/site-packages/airflow/example_dags/example_python_operator.py for tasks to queue
[2024-06-02T19:34:56.514+0000] {logging_mixin.py:188} INFO - [2024-06-02T19:34:56.514+0000] {dagbag.py:545} INFO - Filling up the DagBag from /home/airflow/.local/lib/python3.12/site-packages/airflow/example_dags/example_python_operator.py
[2024-06-02T19:34:56.520+0000] {processor.py:840} INFO - DAG(s) 'example_python_operator' retrieved from /home/airflow/.local/lib/python3.12/site-packages/airflow/example_dags/example_python_operator.py
[2024-06-02T19:34:56.536+0000] {logging_mixin.py:188} INFO - [2024-06-02T19:34:56.535+0000] {dag.py:3096} INFO - Sync 1 DAGs
[2024-06-02T19:34:56.544+0000] {logging_mixin.py:188} INFO - [2024-06-02T19:34:56.544+0000] {dag.py:3954} INFO - Setting next_dagrun for example_python_operator to None, run_after=None
[2024-06-02T19:34:56.556+0000] {processor.py:183} INFO - Processing /home/airflow/.local/lib/python3.12/site-packages/airflow/example_dags/example_python_operator.py took 0.048 seconds
[2024-06-02T19:35:27.165+0000] {processor.py:161} INFO - Started process (PID=527) to work on /home/airflow/.local/lib/python3.12/site-packages/airflow/example_dags/example_python_operator.py
[2024-06-02T19:35:27.165+0000] {processor.py:830} INFO - Processing file /home/airflow/.local/lib/python3.12/site-packages/airflow/example_dags/example_python_operator.py for tasks to queue
[2024-06-02T19:35:27.166+0000] {logging_mixin.py:188} INFO - [2024-06-02T19:35:27.166+0000] {dagbag.py:545} INFO - Filling up the DagBag from /home/airflow/.local/lib/python3.12/site-packages/airflow/example_dags/example_python_operator.py
[2024-06-02T19:35:27.172+0000] {processor.py:840} INFO - DAG(s) 'example_python_operator' retrieved from /home/airflow/.local/lib/python3.12/site-packages/airflow/example_dags/example_python_operator.py
[2024-06-02T19:35:27.185+0000] {logging_mixin.py:188} INFO - [2024-06-02T19:35:27.184+0000] {dag.py:3096} INFO - Sync 1 DAGs
[2024-06-02T19:35:27.192+0000] {logging_mixin.py:188} INFO - [2024-06-02T19:35:27.192+0000] {dag.py:3954} INFO - Setting next_dagrun for example_python_operator to None, run_after=None
[2024-06-02T19:35:27.202+0000] {processor.py:183} INFO - Processing /home/airflow/.local/lib/python3.12/site-packages/airflow/example_dags/example_python_operator.py took 0.041 seconds
[2024-06-02T19:36:20.108+0000] {processor.py:161} INFO - Started process (PID=82) to work on /home/airflow/.local/lib/python3.12/site-packages/airflow/example_dags/example_python_operator.py
[2024-06-02T19:36:20.109+0000] {processor.py:830} INFO - Processing file /home/airflow/.local/lib/python3.12/site-packages/airflow/example_dags/example_python_operator.py for tasks to queue
[2024-06-02T19:36:20.110+0000] {logging_mixin.py:188} INFO - [2024-06-02T19:36:20.110+0000] {dagbag.py:545} INFO - Filling up the DagBag from /home/airflow/.local/lib/python3.12/site-packages/airflow/example_dags/example_python_operator.py
[2024-06-02T19:36:20.117+0000] {processor.py:840} INFO - DAG(s) 'example_python_operator' retrieved from /home/airflow/.local/lib/python3.12/site-packages/airflow/example_dags/example_python_operator.py
[2024-06-02T19:36:20.124+0000] {logging_mixin.py:188} INFO - [2024-06-02T19:36:20.124+0000] {dag.py:3096} INFO - Sync 1 DAGs
[2024-06-02T19:36:20.132+0000] {logging_mixin.py:188} INFO - [2024-06-02T19:36:20.132+0000] {dag.py:3954} INFO - Setting next_dagrun for example_python_operator to None, run_after=None
[2024-06-02T19:36:20.143+0000] {processor.py:183} INFO - Processing /home/airflow/.local/lib/python3.12/site-packages/airflow/example_dags/example_python_operator.py took 0.038 seconds
[2024-06-02T19:36:51.381+0000] {processor.py:161} INFO - Started process (PID=140) to work on /home/airflow/.local/lib/python3.12/site-packages/airflow/example_dags/example_python_operator.py
[2024-06-02T19:36:51.382+0000] {processor.py:830} INFO - Processing file /home/airflow/.local/lib/python3.12/site-packages/airflow/example_dags/example_python_operator.py for tasks to queue
[2024-06-02T19:36:51.383+0000] {logging_mixin.py:188} INFO - [2024-06-02T19:36:51.383+0000] {dagbag.py:545} INFO - Filling up the DagBag from /home/airflow/.local/lib/python3.12/site-packages/airflow/example_dags/example_python_operator.py
[2024-06-02T19:36:51.389+0000] {processor.py:840} INFO - DAG(s) 'example_python_operator' retrieved from /home/airflow/.local/lib/python3.12/site-packages/airflow/example_dags/example_python_operator.py
[2024-06-02T19:36:51.445+0000] {logging_mixin.py:188} INFO - [2024-06-02T19:36:51.445+0000] {dag.py:3096} INFO - Sync 1 DAGs
[2024-06-02T19:36:51.453+0000] {logging_mixin.py:188} INFO - [2024-06-02T19:36:51.452+0000] {dag.py:3954} INFO - Setting next_dagrun for example_python_operator to None, run_after=None
[2024-06-02T19:36:51.463+0000] {processor.py:183} INFO - Processing /home/airflow/.local/lib/python3.12/site-packages/airflow/example_dags/example_python_operator.py took 0.085 seconds
[2024-06-02T19:37:22.259+0000] {processor.py:161} INFO - Started process (PID=198) to work on /home/airflow/.local/lib/python3.12/site-packages/airflow/example_dags/example_python_operator.py
[2024-06-02T19:37:22.260+0000] {processor.py:830} INFO - Processing file /home/airflow/.local/lib/python3.12/site-packages/airflow/example_dags/example_python_operator.py for tasks to queue
[2024-06-02T19:37:22.261+0000] {logging_mixin.py:188} INFO - [2024-06-02T19:37:22.261+0000] {dagbag.py:545} INFO - Filling up the DagBag from /home/airflow/.local/lib/python3.12/site-packages/airflow/example_dags/example_python_operator.py
[2024-06-02T19:37:22.267+0000] {processor.py:840} INFO - DAG(s) 'example_python_operator' retrieved from /home/airflow/.local/lib/python3.12/site-packages/airflow/example_dags/example_python_operator.py
[2024-06-02T19:37:22.279+0000] {logging_mixin.py:188} INFO - [2024-06-02T19:37:22.279+0000] {dag.py:3096} INFO - Sync 1 DAGs
[2024-06-02T19:37:22.286+0000] {logging_mixin.py:188} INFO - [2024-06-02T19:37:22.286+0000] {dag.py:3954} INFO - Setting next_dagrun for example_python_operator to None, run_after=None
[2024-06-02T19:37:22.297+0000] {processor.py:183} INFO - Processing /home/airflow/.local/lib/python3.12/site-packages/airflow/example_dags/example_python_operator.py took 0.040 seconds
[2024-06-02T19:37:52.964+0000] {processor.py:161} INFO - Started process (PID=256) to work on /home/airflow/.local/lib/python3.12/site-packages/airflow/example_dags/example_python_operator.py
[2024-06-02T19:37:52.965+0000] {processor.py:830} INFO - Processing file /home/airflow/.local/lib/python3.12/site-packages/airflow/example_dags/example_python_operator.py for tasks to queue
[2024-06-02T19:37:52.966+0000] {logging_mixin.py:188} INFO - [2024-06-02T19:37:52.966+0000] {dagbag.py:545} INFO - Filling up the DagBag from /home/airflow/.local/lib/python3.12/site-packages/airflow/example_dags/example_python_operator.py
[2024-06-02T19:37:52.972+0000] {processor.py:840} INFO - DAG(s) 'example_python_operator' retrieved from /home/airflow/.local/lib/python3.12/site-packages/airflow/example_dags/example_python_operator.py
[2024-06-02T19:37:52.985+0000] {logging_mixin.py:188} INFO - [2024-06-02T19:37:52.984+0000] {dag.py:3096} INFO - Sync 1 DAGs
[2024-06-02T19:37:52.992+0000] {logging_mixin.py:188} INFO - [2024-06-02T19:37:52.992+0000] {dag.py:3954} INFO - Setting next_dagrun for example_python_operator to None, run_after=None
[2024-06-02T19:37:53.004+0000] {processor.py:183} INFO - Processing /home/airflow/.local/lib/python3.12/site-packages/airflow/example_dags/example_python_operator.py took 0.043 seconds
[2024-06-02T19:38:23.635+0000] {processor.py:161} INFO - Started process (PID=314) to work on /home/airflow/.local/lib/python3.12/site-packages/airflow/example_dags/example_python_operator.py
[2024-06-02T19:38:23.635+0000] {processor.py:830} INFO - Processing file /home/airflow/.local/lib/python3.12/site-packages/airflow/example_dags/example_python_operator.py for tasks to queue
[2024-06-02T19:38:23.636+0000] {logging_mixin.py:188} INFO - [2024-06-02T19:38:23.636+0000] {dagbag.py:545} INFO - Filling up the DagBag from /home/airflow/.local/lib/python3.12/site-packages/airflow/example_dags/example_python_operator.py
[2024-06-02T19:38:23.643+0000] {processor.py:840} INFO - DAG(s) 'example_python_operator' retrieved from /home/airflow/.local/lib/python3.12/site-packages/airflow/example_dags/example_python_operator.py
[2024-06-02T19:38:23.656+0000] {logging_mixin.py:188} INFO - [2024-06-02T19:38:23.656+0000] {dag.py:3096} INFO - Sync 1 DAGs
[2024-06-02T19:38:23.663+0000] {logging_mixin.py:188} INFO - [2024-06-02T19:38:23.663+0000] {dag.py:3954} INFO - Setting next_dagrun for example_python_operator to None, run_after=None
[2024-06-02T19:38:23.675+0000] {processor.py:183} INFO - Processing /home/airflow/.local/lib/python3.12/site-packages/airflow/example_dags/example_python_operator.py took 0.044 seconds
[2024-06-02T19:38:54.291+0000] {processor.py:161} INFO - Started process (PID=372) to work on /home/airflow/.local/lib/python3.12/site-packages/airflow/example_dags/example_python_operator.py
[2024-06-02T19:38:54.292+0000] {processor.py:830} INFO - Processing file /home/airflow/.local/lib/python3.12/site-packages/airflow/example_dags/example_python_operator.py for tasks to queue
[2024-06-02T19:38:54.293+0000] {logging_mixin.py:188} INFO - [2024-06-02T19:38:54.293+0000] {dagbag.py:545} INFO - Filling up the DagBag from /home/airflow/.local/lib/python3.12/site-packages/airflow/example_dags/example_python_operator.py
[2024-06-02T19:38:54.299+0000] {processor.py:840} INFO - DAG(s) 'example_python_operator' retrieved from /home/airflow/.local/lib/python3.12/site-packages/airflow/example_dags/example_python_operator.py
[2024-06-02T19:38:54.313+0000] {logging_mixin.py:188} INFO - [2024-06-02T19:38:54.313+0000] {dag.py:3096} INFO - Sync 1 DAGs
[2024-06-02T19:38:54.321+0000] {logging_mixin.py:188} INFO - [2024-06-02T19:38:54.321+0000] {dag.py:3954} INFO - Setting next_dagrun for example_python_operator to None, run_after=None
[2024-06-02T19:38:54.333+0000] {processor.py:183} INFO - Processing /home/airflow/.local/lib/python3.12/site-packages/airflow/example_dags/example_python_operator.py took 0.045 seconds
[2024-06-02T19:39:24.956+0000] {processor.py:161} INFO - Started process (PID=430) to work on /home/airflow/.local/lib/python3.12/site-packages/airflow/example_dags/example_python_operator.py
[2024-06-02T19:39:24.957+0000] {processor.py:830} INFO - Processing file /home/airflow/.local/lib/python3.12/site-packages/airflow/example_dags/example_python_operator.py for tasks to queue
[2024-06-02T19:39:24.958+0000] {logging_mixin.py:188} INFO - [2024-06-02T19:39:24.958+0000] {dagbag.py:545} INFO - Filling up the DagBag from /home/airflow/.local/lib/python3.12/site-packages/airflow/example_dags/example_python_operator.py
[2024-06-02T19:39:24.964+0000] {processor.py:840} INFO - DAG(s) 'example_python_operator' retrieved from /home/airflow/.local/lib/python3.12/site-packages/airflow/example_dags/example_python_operator.py
[2024-06-02T19:39:24.977+0000] {logging_mixin.py:188} INFO - [2024-06-02T19:39:24.977+0000] {dag.py:3096} INFO - Sync 1 DAGs
[2024-06-02T19:39:24.984+0000] {logging_mixin.py:188} INFO - [2024-06-02T19:39:24.984+0000] {dag.py:3954} INFO - Setting next_dagrun for example_python_operator to None, run_after=None
[2024-06-02T19:39:24.996+0000] {processor.py:183} INFO - Processing /home/airflow/.local/lib/python3.12/site-packages/airflow/example_dags/example_python_operator.py took 0.043 seconds
[2024-06-02T19:39:55.600+0000] {processor.py:161} INFO - Started process (PID=488) to work on /home/airflow/.local/lib/python3.12/site-packages/airflow/example_dags/example_python_operator.py
[2024-06-02T19:39:55.600+0000] {processor.py:830} INFO - Processing file /home/airflow/.local/lib/python3.12/site-packages/airflow/example_dags/example_python_operator.py for tasks to queue
[2024-06-02T19:39:55.601+0000] {logging_mixin.py:188} INFO - [2024-06-02T19:39:55.601+0000] {dagbag.py:545} INFO - Filling up the DagBag from /home/airflow/.local/lib/python3.12/site-packages/airflow/example_dags/example_python_operator.py
[2024-06-02T19:39:55.607+0000] {processor.py:840} INFO - DAG(s) 'example_python_operator' retrieved from /home/airflow/.local/lib/python3.12/site-packages/airflow/example_dags/example_python_operator.py
[2024-06-02T19:39:55.620+0000] {logging_mixin.py:188} INFO - [2024-06-02T19:39:55.620+0000] {dag.py:3096} INFO - Sync 1 DAGs
[2024-06-02T19:39:55.628+0000] {logging_mixin.py:188} INFO - [2024-06-02T19:39:55.628+0000] {dag.py:3954} INFO - Setting next_dagrun for example_python_operator to None, run_after=None
[2024-06-02T19:39:55.639+0000] {processor.py:183} INFO - Processing /home/airflow/.local/lib/python3.12/site-packages/airflow/example_dags/example_python_operator.py took 0.043 seconds
[2024-06-02T19:40:26.167+0000] {processor.py:161} INFO - Started process (PID=546) to work on /home/airflow/.local/lib/python3.12/site-packages/airflow/example_dags/example_python_operator.py
[2024-06-02T19:40:26.168+0000] {processor.py:830} INFO - Processing file /home/airflow/.local/lib/python3.12/site-packages/airflow/example_dags/example_python_operator.py for tasks to queue
[2024-06-02T19:40:26.169+0000] {logging_mixin.py:188} INFO - [2024-06-02T19:40:26.169+0000] {dagbag.py:545} INFO - Filling up the DagBag from /home/airflow/.local/lib/python3.12/site-packages/airflow/example_dags/example_python_operator.py
[2024-06-02T19:40:26.175+0000] {processor.py:840} INFO - DAG(s) 'example_python_operator' retrieved from /home/airflow/.local/lib/python3.12/site-packages/airflow/example_dags/example_python_operator.py
[2024-06-02T19:40:26.188+0000] {logging_mixin.py:188} INFO - [2024-06-02T19:40:26.188+0000] {dag.py:3096} INFO - Sync 1 DAGs
[2024-06-02T19:40:26.195+0000] {logging_mixin.py:188} INFO - [2024-06-02T19:40:26.195+0000] {dag.py:3954} INFO - Setting next_dagrun for example_python_operator to None, run_after=None
[2024-06-02T19:40:26.205+0000] {processor.py:183} INFO - Processing /home/airflow/.local/lib/python3.12/site-packages/airflow/example_dags/example_python_operator.py took 0.041 seconds
[2024-06-02T19:40:56.862+0000] {processor.py:161} INFO - Started process (PID=604) to work on /home/airflow/.local/lib/python3.12/site-packages/airflow/example_dags/example_python_operator.py
[2024-06-02T19:40:56.863+0000] {processor.py:830} INFO - Processing file /home/airflow/.local/lib/python3.12/site-packages/airflow/example_dags/example_python_operator.py for tasks to queue
[2024-06-02T19:40:56.864+0000] {logging_mixin.py:188} INFO - [2024-06-02T19:40:56.864+0000] {dagbag.py:545} INFO - Filling up the DagBag from /home/airflow/.local/lib/python3.12/site-packages/airflow/example_dags/example_python_operator.py
[2024-06-02T19:40:56.870+0000] {processor.py:840} INFO - DAG(s) 'example_python_operator' retrieved from /home/airflow/.local/lib/python3.12/site-packages/airflow/example_dags/example_python_operator.py
[2024-06-02T19:40:56.883+0000] {logging_mixin.py:188} INFO - [2024-06-02T19:40:56.883+0000] {dag.py:3096} INFO - Sync 1 DAGs
[2024-06-02T19:40:56.890+0000] {logging_mixin.py:188} INFO - [2024-06-02T19:40:56.890+0000] {dag.py:3954} INFO - Setting next_dagrun for example_python_operator to None, run_after=None
[2024-06-02T19:40:56.900+0000] {processor.py:183} INFO - Processing /home/airflow/.local/lib/python3.12/site-packages/airflow/example_dags/example_python_operator.py took 0.041 seconds
[2024-06-02T19:41:41.736+0000] {processor.py:161} INFO - Started process (PID=82) to work on /home/airflow/.local/lib/python3.12/site-packages/airflow/example_dags/example_python_operator.py
[2024-06-02T19:41:41.736+0000] {processor.py:830} INFO - Processing file /home/airflow/.local/lib/python3.12/site-packages/airflow/example_dags/example_python_operator.py for tasks to queue
[2024-06-02T19:41:41.737+0000] {logging_mixin.py:188} INFO - [2024-06-02T19:41:41.737+0000] {dagbag.py:545} INFO - Filling up the DagBag from /home/airflow/.local/lib/python3.12/site-packages/airflow/example_dags/example_python_operator.py
[2024-06-02T19:41:41.744+0000] {processor.py:840} INFO - DAG(s) 'example_python_operator' retrieved from /home/airflow/.local/lib/python3.12/site-packages/airflow/example_dags/example_python_operator.py
[2024-06-02T19:41:41.751+0000] {logging_mixin.py:188} INFO - [2024-06-02T19:41:41.751+0000] {dag.py:3096} INFO - Sync 1 DAGs
[2024-06-02T19:41:41.758+0000] {logging_mixin.py:188} INFO - [2024-06-02T19:41:41.758+0000] {dag.py:3954} INFO - Setting next_dagrun for example_python_operator to None, run_after=None
[2024-06-02T19:41:41.770+0000] {processor.py:183} INFO - Processing /home/airflow/.local/lib/python3.12/site-packages/airflow/example_dags/example_python_operator.py took 0.037 seconds
[2024-06-02T19:42:13.064+0000] {processor.py:161} INFO - Started process (PID=140) to work on /home/airflow/.local/lib/python3.12/site-packages/airflow/example_dags/example_python_operator.py
[2024-06-02T19:42:13.064+0000] {processor.py:830} INFO - Processing file /home/airflow/.local/lib/python3.12/site-packages/airflow/example_dags/example_python_operator.py for tasks to queue
[2024-06-02T19:42:13.065+0000] {logging_mixin.py:188} INFO - [2024-06-02T19:42:13.065+0000] {dagbag.py:545} INFO - Filling up the DagBag from /home/airflow/.local/lib/python3.12/site-packages/airflow/example_dags/example_python_operator.py
[2024-06-02T19:42:13.071+0000] {processor.py:840} INFO - DAG(s) 'example_python_operator' retrieved from /home/airflow/.local/lib/python3.12/site-packages/airflow/example_dags/example_python_operator.py
[2024-06-02T19:42:13.129+0000] {logging_mixin.py:188} INFO - [2024-06-02T19:42:13.129+0000] {dag.py:3096} INFO - Sync 1 DAGs
[2024-06-02T19:42:13.135+0000] {logging_mixin.py:188} INFO - [2024-06-02T19:42:13.135+0000] {dag.py:3954} INFO - Setting next_dagrun for example_python_operator to None, run_after=None
[2024-06-02T19:42:13.146+0000] {processor.py:183} INFO - Processing /home/airflow/.local/lib/python3.12/site-packages/airflow/example_dags/example_python_operator.py took 0.086 seconds
[2024-06-02T19:42:44.023+0000] {processor.py:161} INFO - Started process (PID=198) to work on /home/airflow/.local/lib/python3.12/site-packages/airflow/example_dags/example_python_operator.py
[2024-06-02T19:42:44.024+0000] {processor.py:830} INFO - Processing file /home/airflow/.local/lib/python3.12/site-packages/airflow/example_dags/example_python_operator.py for tasks to queue
[2024-06-02T19:42:44.025+0000] {logging_mixin.py:188} INFO - [2024-06-02T19:42:44.025+0000] {dagbag.py:545} INFO - Filling up the DagBag from /home/airflow/.local/lib/python3.12/site-packages/airflow/example_dags/example_python_operator.py
[2024-06-02T19:42:44.031+0000] {processor.py:840} INFO - DAG(s) 'example_python_operator' retrieved from /home/airflow/.local/lib/python3.12/site-packages/airflow/example_dags/example_python_operator.py
[2024-06-02T19:42:44.045+0000] {logging_mixin.py:188} INFO - [2024-06-02T19:42:44.045+0000] {dag.py:3096} INFO - Sync 1 DAGs
[2024-06-02T19:42:44.053+0000] {logging_mixin.py:188} INFO - [2024-06-02T19:42:44.052+0000] {dag.py:3954} INFO - Setting next_dagrun for example_python_operator to None, run_after=None
[2024-06-02T19:42:44.064+0000] {processor.py:183} INFO - Processing /home/airflow/.local/lib/python3.12/site-packages/airflow/example_dags/example_python_operator.py took 0.044 seconds
[2024-06-02T19:43:14.726+0000] {processor.py:161} INFO - Started process (PID=256) to work on /home/airflow/.local/lib/python3.12/site-packages/airflow/example_dags/example_python_operator.py
[2024-06-02T19:43:14.726+0000] {processor.py:830} INFO - Processing file /home/airflow/.local/lib/python3.12/site-packages/airflow/example_dags/example_python_operator.py for tasks to queue
[2024-06-02T19:43:14.727+0000] {logging_mixin.py:188} INFO - [2024-06-02T19:43:14.727+0000] {dagbag.py:545} INFO - Filling up the DagBag from /home/airflow/.local/lib/python3.12/site-packages/airflow/example_dags/example_python_operator.py
[2024-06-02T19:43:14.733+0000] {processor.py:840} INFO - DAG(s) 'example_python_operator' retrieved from /home/airflow/.local/lib/python3.12/site-packages/airflow/example_dags/example_python_operator.py
[2024-06-02T19:43:14.747+0000] {logging_mixin.py:188} INFO - [2024-06-02T19:43:14.747+0000] {dag.py:3096} INFO - Sync 1 DAGs
[2024-06-02T19:43:14.755+0000] {logging_mixin.py:188} INFO - [2024-06-02T19:43:14.755+0000] {dag.py:3954} INFO - Setting next_dagrun for example_python_operator to None, run_after=None
[2024-06-02T19:43:14.766+0000] {processor.py:183} INFO - Processing /home/airflow/.local/lib/python3.12/site-packages/airflow/example_dags/example_python_operator.py took 0.043 seconds
[2024-06-02T19:43:45.425+0000] {processor.py:161} INFO - Started process (PID=314) to work on /home/airflow/.local/lib/python3.12/site-packages/airflow/example_dags/example_python_operator.py
[2024-06-02T19:43:45.426+0000] {processor.py:830} INFO - Processing file /home/airflow/.local/lib/python3.12/site-packages/airflow/example_dags/example_python_operator.py for tasks to queue
[2024-06-02T19:43:45.427+0000] {logging_mixin.py:188} INFO - [2024-06-02T19:43:45.427+0000] {dagbag.py:545} INFO - Filling up the DagBag from /home/airflow/.local/lib/python3.12/site-packages/airflow/example_dags/example_python_operator.py
[2024-06-02T19:43:45.433+0000] {processor.py:840} INFO - DAG(s) 'example_python_operator' retrieved from /home/airflow/.local/lib/python3.12/site-packages/airflow/example_dags/example_python_operator.py
[2024-06-02T19:43:45.446+0000] {logging_mixin.py:188} INFO - [2024-06-02T19:43:45.446+0000] {dag.py:3096} INFO - Sync 1 DAGs
[2024-06-02T19:43:45.453+0000] {logging_mixin.py:188} INFO - [2024-06-02T19:43:45.453+0000] {dag.py:3954} INFO - Setting next_dagrun for example_python_operator to None, run_after=None
[2024-06-02T19:43:45.464+0000] {processor.py:183} INFO - Processing /home/airflow/.local/lib/python3.12/site-packages/airflow/example_dags/example_python_operator.py took 0.041 seconds
[2024-06-02T19:44:16.039+0000] {processor.py:161} INFO - Started process (PID=372) to work on /home/airflow/.local/lib/python3.12/site-packages/airflow/example_dags/example_python_operator.py
[2024-06-02T19:44:16.040+0000] {processor.py:830} INFO - Processing file /home/airflow/.local/lib/python3.12/site-packages/airflow/example_dags/example_python_operator.py for tasks to queue
[2024-06-02T19:44:16.042+0000] {logging_mixin.py:188} INFO - [2024-06-02T19:44:16.041+0000] {dagbag.py:545} INFO - Filling up the DagBag from /home/airflow/.local/lib/python3.12/site-packages/airflow/example_dags/example_python_operator.py
[2024-06-02T19:44:16.048+0000] {processor.py:840} INFO - DAG(s) 'example_python_operator' retrieved from /home/airflow/.local/lib/python3.12/site-packages/airflow/example_dags/example_python_operator.py
[2024-06-02T19:44:16.061+0000] {logging_mixin.py:188} INFO - [2024-06-02T19:44:16.061+0000] {dag.py:3096} INFO - Sync 1 DAGs
[2024-06-02T19:44:16.069+0000] {logging_mixin.py:188} INFO - [2024-06-02T19:44:16.069+0000] {dag.py:3954} INFO - Setting next_dagrun for example_python_operator to None, run_after=None
[2024-06-02T19:44:16.079+0000] {processor.py:183} INFO - Processing /home/airflow/.local/lib/python3.12/site-packages/airflow/example_dags/example_python_operator.py took 0.043 seconds
[2024-06-02T19:44:46.670+0000] {processor.py:161} INFO - Started process (PID=430) to work on /home/airflow/.local/lib/python3.12/site-packages/airflow/example_dags/example_python_operator.py
[2024-06-02T19:44:46.671+0000] {processor.py:830} INFO - Processing file /home/airflow/.local/lib/python3.12/site-packages/airflow/example_dags/example_python_operator.py for tasks to queue
[2024-06-02T19:44:46.672+0000] {logging_mixin.py:188} INFO - [2024-06-02T19:44:46.672+0000] {dagbag.py:545} INFO - Filling up the DagBag from /home/airflow/.local/lib/python3.12/site-packages/airflow/example_dags/example_python_operator.py
[2024-06-02T19:44:46.679+0000] {processor.py:840} INFO - DAG(s) 'example_python_operator' retrieved from /home/airflow/.local/lib/python3.12/site-packages/airflow/example_dags/example_python_operator.py
[2024-06-02T19:44:46.692+0000] {logging_mixin.py:188} INFO - [2024-06-02T19:44:46.691+0000] {dag.py:3096} INFO - Sync 1 DAGs
[2024-06-02T19:44:46.699+0000] {logging_mixin.py:188} INFO - [2024-06-02T19:44:46.699+0000] {dag.py:3954} INFO - Setting next_dagrun for example_python_operator to None, run_after=None
[2024-06-02T19:44:46.710+0000] {processor.py:183} INFO - Processing /home/airflow/.local/lib/python3.12/site-packages/airflow/example_dags/example_python_operator.py took 0.043 seconds
[2024-06-02T19:45:17.306+0000] {processor.py:161} INFO - Started process (PID=488) to work on /home/airflow/.local/lib/python3.12/site-packages/airflow/example_dags/example_python_operator.py
[2024-06-02T19:45:17.306+0000] {processor.py:830} INFO - Processing file /home/airflow/.local/lib/python3.12/site-packages/airflow/example_dags/example_python_operator.py for tasks to queue
[2024-06-02T19:45:17.307+0000] {logging_mixin.py:188} INFO - [2024-06-02T19:45:17.307+0000] {dagbag.py:545} INFO - Filling up the DagBag from /home/airflow/.local/lib/python3.12/site-packages/airflow/example_dags/example_python_operator.py
[2024-06-02T19:45:17.313+0000] {processor.py:840} INFO - DAG(s) 'example_python_operator' retrieved from /home/airflow/.local/lib/python3.12/site-packages/airflow/example_dags/example_python_operator.py
[2024-06-02T19:45:17.327+0000] {logging_mixin.py:188} INFO - [2024-06-02T19:45:17.327+0000] {dag.py:3096} INFO - Sync 1 DAGs
[2024-06-02T19:45:17.334+0000] {logging_mixin.py:188} INFO - [2024-06-02T19:45:17.334+0000] {dag.py:3954} INFO - Setting next_dagrun for example_python_operator to None, run_after=None
[2024-06-02T19:45:17.344+0000] {processor.py:183} INFO - Processing /home/airflow/.local/lib/python3.12/site-packages/airflow/example_dags/example_python_operator.py took 0.042 seconds
[2024-06-02T19:45:47.975+0000] {processor.py:161} INFO - Started process (PID=545) to work on /home/airflow/.local/lib/python3.12/site-packages/airflow/example_dags/example_python_operator.py
[2024-06-02T19:45:47.976+0000] {processor.py:830} INFO - Processing file /home/airflow/.local/lib/python3.12/site-packages/airflow/example_dags/example_python_operator.py for tasks to queue
[2024-06-02T19:45:47.977+0000] {logging_mixin.py:188} INFO - [2024-06-02T19:45:47.977+0000] {dagbag.py:545} INFO - Filling up the DagBag from /home/airflow/.local/lib/python3.12/site-packages/airflow/example_dags/example_python_operator.py
[2024-06-02T19:45:47.983+0000] {processor.py:840} INFO - DAG(s) 'example_python_operator' retrieved from /home/airflow/.local/lib/python3.12/site-packages/airflow/example_dags/example_python_operator.py
[2024-06-02T19:45:47.996+0000] {logging_mixin.py:188} INFO - [2024-06-02T19:45:47.996+0000] {dag.py:3096} INFO - Sync 1 DAGs
[2024-06-02T19:45:48.004+0000] {logging_mixin.py:188} INFO - [2024-06-02T19:45:48.004+0000] {dag.py:3954} INFO - Setting next_dagrun for example_python_operator to None, run_after=None
[2024-06-02T19:45:48.015+0000] {processor.py:183} INFO - Processing /home/airflow/.local/lib/python3.12/site-packages/airflow/example_dags/example_python_operator.py took 0.044 seconds
[2024-06-02T19:46:18.661+0000] {processor.py:161} INFO - Started process (PID=603) to work on /home/airflow/.local/lib/python3.12/site-packages/airflow/example_dags/example_python_operator.py
[2024-06-02T19:46:18.662+0000] {processor.py:830} INFO - Processing file /home/airflow/.local/lib/python3.12/site-packages/airflow/example_dags/example_python_operator.py for tasks to queue
[2024-06-02T19:46:18.663+0000] {logging_mixin.py:188} INFO - [2024-06-02T19:46:18.663+0000] {dagbag.py:545} INFO - Filling up the DagBag from /home/airflow/.local/lib/python3.12/site-packages/airflow/example_dags/example_python_operator.py
[2024-06-02T19:46:18.669+0000] {processor.py:840} INFO - DAG(s) 'example_python_operator' retrieved from /home/airflow/.local/lib/python3.12/site-packages/airflow/example_dags/example_python_operator.py
[2024-06-02T19:46:18.681+0000] {logging_mixin.py:188} INFO - [2024-06-02T19:46:18.681+0000] {dag.py:3096} INFO - Sync 1 DAGs
[2024-06-02T19:46:18.689+0000] {logging_mixin.py:188} INFO - [2024-06-02T19:46:18.688+0000] {dag.py:3954} INFO - Setting next_dagrun for example_python_operator to None, run_after=None
[2024-06-02T19:46:18.699+0000] {processor.py:183} INFO - Processing /home/airflow/.local/lib/python3.12/site-packages/airflow/example_dags/example_python_operator.py took 0.041 seconds
[2024-06-02T19:46:49.372+0000] {processor.py:161} INFO - Started process (PID=661) to work on /home/airflow/.local/lib/python3.12/site-packages/airflow/example_dags/example_python_operator.py
[2024-06-02T19:46:49.373+0000] {processor.py:830} INFO - Processing file /home/airflow/.local/lib/python3.12/site-packages/airflow/example_dags/example_python_operator.py for tasks to queue
[2024-06-02T19:46:49.374+0000] {logging_mixin.py:188} INFO - [2024-06-02T19:46:49.374+0000] {dagbag.py:545} INFO - Filling up the DagBag from /home/airflow/.local/lib/python3.12/site-packages/airflow/example_dags/example_python_operator.py
[2024-06-02T19:46:49.381+0000] {processor.py:840} INFO - DAG(s) 'example_python_operator' retrieved from /home/airflow/.local/lib/python3.12/site-packages/airflow/example_dags/example_python_operator.py
[2024-06-02T19:46:49.394+0000] {logging_mixin.py:188} INFO - [2024-06-02T19:46:49.394+0000] {dag.py:3096} INFO - Sync 1 DAGs
[2024-06-02T19:46:49.401+0000] {logging_mixin.py:188} INFO - [2024-06-02T19:46:49.401+0000] {dag.py:3954} INFO - Setting next_dagrun for example_python_operator to None, run_after=None
[2024-06-02T19:46:49.411+0000] {processor.py:183} INFO - Processing /home/airflow/.local/lib/python3.12/site-packages/airflow/example_dags/example_python_operator.py took 0.042 seconds
[2024-06-02T19:47:20.123+0000] {processor.py:161} INFO - Started process (PID=719) to work on /home/airflow/.local/lib/python3.12/site-packages/airflow/example_dags/example_python_operator.py
[2024-06-02T19:47:20.124+0000] {processor.py:830} INFO - Processing file /home/airflow/.local/lib/python3.12/site-packages/airflow/example_dags/example_python_operator.py for tasks to queue
[2024-06-02T19:47:20.125+0000] {logging_mixin.py:188} INFO - [2024-06-02T19:47:20.125+0000] {dagbag.py:545} INFO - Filling up the DagBag from /home/airflow/.local/lib/python3.12/site-packages/airflow/example_dags/example_python_operator.py
[2024-06-02T19:47:20.131+0000] {processor.py:840} INFO - DAG(s) 'example_python_operator' retrieved from /home/airflow/.local/lib/python3.12/site-packages/airflow/example_dags/example_python_operator.py
[2024-06-02T19:47:20.144+0000] {logging_mixin.py:188} INFO - [2024-06-02T19:47:20.144+0000] {dag.py:3096} INFO - Sync 1 DAGs
[2024-06-02T19:47:20.152+0000] {logging_mixin.py:188} INFO - [2024-06-02T19:47:20.152+0000] {dag.py:3954} INFO - Setting next_dagrun for example_python_operator to None, run_after=None
[2024-06-02T19:47:20.162+0000] {processor.py:183} INFO - Processing /home/airflow/.local/lib/python3.12/site-packages/airflow/example_dags/example_python_operator.py took 0.042 seconds
[2024-06-02T19:47:50.811+0000] {processor.py:161} INFO - Started process (PID=777) to work on /home/airflow/.local/lib/python3.12/site-packages/airflow/example_dags/example_python_operator.py
[2024-06-02T19:47:50.811+0000] {processor.py:830} INFO - Processing file /home/airflow/.local/lib/python3.12/site-packages/airflow/example_dags/example_python_operator.py for tasks to queue
[2024-06-02T19:47:50.813+0000] {logging_mixin.py:188} INFO - [2024-06-02T19:47:50.813+0000] {dagbag.py:545} INFO - Filling up the DagBag from /home/airflow/.local/lib/python3.12/site-packages/airflow/example_dags/example_python_operator.py
[2024-06-02T19:47:50.820+0000] {processor.py:840} INFO - DAG(s) 'example_python_operator' retrieved from /home/airflow/.local/lib/python3.12/site-packages/airflow/example_dags/example_python_operator.py
[2024-06-02T19:47:50.833+0000] {logging_mixin.py:188} INFO - [2024-06-02T19:47:50.833+0000] {dag.py:3096} INFO - Sync 1 DAGs
[2024-06-02T19:47:50.841+0000] {logging_mixin.py:188} INFO - [2024-06-02T19:47:50.841+0000] {dag.py:3954} INFO - Setting next_dagrun for example_python_operator to None, run_after=None
[2024-06-02T19:47:50.852+0000] {processor.py:183} INFO - Processing /home/airflow/.local/lib/python3.12/site-packages/airflow/example_dags/example_python_operator.py took 0.044 seconds
[2024-06-02T19:48:21.529+0000] {processor.py:161} INFO - Started process (PID=835) to work on /home/airflow/.local/lib/python3.12/site-packages/airflow/example_dags/example_python_operator.py
[2024-06-02T19:48:21.529+0000] {processor.py:830} INFO - Processing file /home/airflow/.local/lib/python3.12/site-packages/airflow/example_dags/example_python_operator.py for tasks to queue
[2024-06-02T19:48:21.531+0000] {logging_mixin.py:188} INFO - [2024-06-02T19:48:21.530+0000] {dagbag.py:545} INFO - Filling up the DagBag from /home/airflow/.local/lib/python3.12/site-packages/airflow/example_dags/example_python_operator.py
[2024-06-02T19:48:21.537+0000] {processor.py:840} INFO - DAG(s) 'example_python_operator' retrieved from /home/airflow/.local/lib/python3.12/site-packages/airflow/example_dags/example_python_operator.py
[2024-06-02T19:48:21.549+0000] {logging_mixin.py:188} INFO - [2024-06-02T19:48:21.549+0000] {dag.py:3096} INFO - Sync 1 DAGs
[2024-06-02T19:48:21.557+0000] {logging_mixin.py:188} INFO - [2024-06-02T19:48:21.557+0000] {dag.py:3954} INFO - Setting next_dagrun for example_python_operator to None, run_after=None
[2024-06-02T19:48:21.567+0000] {processor.py:183} INFO - Processing /home/airflow/.local/lib/python3.12/site-packages/airflow/example_dags/example_python_operator.py took 0.042 seconds
[2024-06-02T19:48:52.147+0000] {processor.py:161} INFO - Started process (PID=893) to work on /home/airflow/.local/lib/python3.12/site-packages/airflow/example_dags/example_python_operator.py
[2024-06-02T19:48:52.148+0000] {processor.py:830} INFO - Processing file /home/airflow/.local/lib/python3.12/site-packages/airflow/example_dags/example_python_operator.py for tasks to queue
[2024-06-02T19:48:52.149+0000] {logging_mixin.py:188} INFO - [2024-06-02T19:48:52.149+0000] {dagbag.py:545} INFO - Filling up the DagBag from /home/airflow/.local/lib/python3.12/site-packages/airflow/example_dags/example_python_operator.py
[2024-06-02T19:48:52.155+0000] {processor.py:840} INFO - DAG(s) 'example_python_operator' retrieved from /home/airflow/.local/lib/python3.12/site-packages/airflow/example_dags/example_python_operator.py
[2024-06-02T19:48:52.169+0000] {logging_mixin.py:188} INFO - [2024-06-02T19:48:52.168+0000] {dag.py:3096} INFO - Sync 1 DAGs
[2024-06-02T19:48:52.177+0000] {logging_mixin.py:188} INFO - [2024-06-02T19:48:52.176+0000] {dag.py:3954} INFO - Setting next_dagrun for example_python_operator to None, run_after=None
[2024-06-02T19:48:52.187+0000] {processor.py:183} INFO - Processing /home/airflow/.local/lib/python3.12/site-packages/airflow/example_dags/example_python_operator.py took 0.043 seconds
[2024-06-02T19:49:22.792+0000] {processor.py:161} INFO - Started process (PID=951) to work on /home/airflow/.local/lib/python3.12/site-packages/airflow/example_dags/example_python_operator.py
[2024-06-02T19:49:22.792+0000] {processor.py:830} INFO - Processing file /home/airflow/.local/lib/python3.12/site-packages/airflow/example_dags/example_python_operator.py for tasks to queue
[2024-06-02T19:49:22.794+0000] {logging_mixin.py:188} INFO - [2024-06-02T19:49:22.793+0000] {dagbag.py:545} INFO - Filling up the DagBag from /home/airflow/.local/lib/python3.12/site-packages/airflow/example_dags/example_python_operator.py
[2024-06-02T19:49:22.800+0000] {processor.py:840} INFO - DAG(s) 'example_python_operator' retrieved from /home/airflow/.local/lib/python3.12/site-packages/airflow/example_dags/example_python_operator.py
[2024-06-02T19:49:22.813+0000] {logging_mixin.py:188} INFO - [2024-06-02T19:49:22.813+0000] {dag.py:3096} INFO - Sync 1 DAGs
[2024-06-02T19:49:22.821+0000] {logging_mixin.py:188} INFO - [2024-06-02T19:49:22.821+0000] {dag.py:3954} INFO - Setting next_dagrun for example_python_operator to None, run_after=None
[2024-06-02T19:49:22.833+0000] {processor.py:183} INFO - Processing /home/airflow/.local/lib/python3.12/site-packages/airflow/example_dags/example_python_operator.py took 0.044 seconds
[2024-06-02T19:49:53.428+0000] {processor.py:161} INFO - Started process (PID=1009) to work on /home/airflow/.local/lib/python3.12/site-packages/airflow/example_dags/example_python_operator.py
[2024-06-02T19:49:53.428+0000] {processor.py:830} INFO - Processing file /home/airflow/.local/lib/python3.12/site-packages/airflow/example_dags/example_python_operator.py for tasks to queue
[2024-06-02T19:49:53.429+0000] {logging_mixin.py:188} INFO - [2024-06-02T19:49:53.429+0000] {dagbag.py:545} INFO - Filling up the DagBag from /home/airflow/.local/lib/python3.12/site-packages/airflow/example_dags/example_python_operator.py
[2024-06-02T19:49:53.436+0000] {processor.py:840} INFO - DAG(s) 'example_python_operator' retrieved from /home/airflow/.local/lib/python3.12/site-packages/airflow/example_dags/example_python_operator.py
[2024-06-02T19:49:53.450+0000] {logging_mixin.py:188} INFO - [2024-06-02T19:49:53.449+0000] {dag.py:3096} INFO - Sync 1 DAGs
[2024-06-02T19:49:53.457+0000] {logging_mixin.py:188} INFO - [2024-06-02T19:49:53.457+0000] {dag.py:3954} INFO - Setting next_dagrun for example_python_operator to None, run_after=None
[2024-06-02T19:49:53.468+0000] {processor.py:183} INFO - Processing /home/airflow/.local/lib/python3.12/site-packages/airflow/example_dags/example_python_operator.py took 0.044 seconds
[2024-06-02T19:50:24.271+0000] {processor.py:161} INFO - Started process (PID=1067) to work on /home/airflow/.local/lib/python3.12/site-packages/airflow/example_dags/example_python_operator.py
[2024-06-02T19:50:24.272+0000] {processor.py:830} INFO - Processing file /home/airflow/.local/lib/python3.12/site-packages/airflow/example_dags/example_python_operator.py for tasks to queue
[2024-06-02T19:50:24.273+0000] {logging_mixin.py:188} INFO - [2024-06-02T19:50:24.273+0000] {dagbag.py:545} INFO - Filling up the DagBag from /home/airflow/.local/lib/python3.12/site-packages/airflow/example_dags/example_python_operator.py
[2024-06-02T19:50:24.279+0000] {processor.py:840} INFO - DAG(s) 'example_python_operator' retrieved from /home/airflow/.local/lib/python3.12/site-packages/airflow/example_dags/example_python_operator.py
[2024-06-02T19:50:24.291+0000] {logging_mixin.py:188} INFO - [2024-06-02T19:50:24.291+0000] {dag.py:3096} INFO - Sync 1 DAGs
[2024-06-02T19:50:24.298+0000] {logging_mixin.py:188} INFO - [2024-06-02T19:50:24.298+0000] {dag.py:3954} INFO - Setting next_dagrun for example_python_operator to None, run_after=None
[2024-06-02T19:50:24.308+0000] {processor.py:183} INFO - Processing /home/airflow/.local/lib/python3.12/site-packages/airflow/example_dags/example_python_operator.py took 0.040 seconds
[2024-06-02T19:50:54.379+0000] {processor.py:161} INFO - Started process (PID=1125) to work on /home/airflow/.local/lib/python3.12/site-packages/airflow/example_dags/example_python_operator.py
[2024-06-02T19:50:54.380+0000] {processor.py:830} INFO - Processing file /home/airflow/.local/lib/python3.12/site-packages/airflow/example_dags/example_python_operator.py for tasks to queue
[2024-06-02T19:50:54.381+0000] {logging_mixin.py:188} INFO - [2024-06-02T19:50:54.381+0000] {dagbag.py:545} INFO - Filling up the DagBag from /home/airflow/.local/lib/python3.12/site-packages/airflow/example_dags/example_python_operator.py
[2024-06-02T19:50:54.387+0000] {processor.py:840} INFO - DAG(s) 'example_python_operator' retrieved from /home/airflow/.local/lib/python3.12/site-packages/airflow/example_dags/example_python_operator.py
[2024-06-02T19:50:54.400+0000] {logging_mixin.py:188} INFO - [2024-06-02T19:50:54.400+0000] {dag.py:3096} INFO - Sync 1 DAGs
[2024-06-02T19:50:54.408+0000] {logging_mixin.py:188} INFO - [2024-06-02T19:50:54.408+0000] {dag.py:3954} INFO - Setting next_dagrun for example_python_operator to None, run_after=None
[2024-06-02T19:50:54.418+0000] {processor.py:183} INFO - Processing /home/airflow/.local/lib/python3.12/site-packages/airflow/example_dags/example_python_operator.py took 0.042 seconds
[2024-06-02T19:51:24.588+0000] {processor.py:161} INFO - Started process (PID=1183) to work on /home/airflow/.local/lib/python3.12/site-packages/airflow/example_dags/example_python_operator.py
[2024-06-02T19:51:24.588+0000] {processor.py:830} INFO - Processing file /home/airflow/.local/lib/python3.12/site-packages/airflow/example_dags/example_python_operator.py for tasks to queue
[2024-06-02T19:51:24.589+0000] {logging_mixin.py:188} INFO - [2024-06-02T19:51:24.589+0000] {dagbag.py:545} INFO - Filling up the DagBag from /home/airflow/.local/lib/python3.12/site-packages/airflow/example_dags/example_python_operator.py
[2024-06-02T19:51:24.596+0000] {processor.py:840} INFO - DAG(s) 'example_python_operator' retrieved from /home/airflow/.local/lib/python3.12/site-packages/airflow/example_dags/example_python_operator.py
[2024-06-02T19:51:24.609+0000] {logging_mixin.py:188} INFO - [2024-06-02T19:51:24.609+0000] {dag.py:3096} INFO - Sync 1 DAGs
[2024-06-02T19:51:24.618+0000] {logging_mixin.py:188} INFO - [2024-06-02T19:51:24.618+0000] {dag.py:3954} INFO - Setting next_dagrun for example_python_operator to None, run_after=None
[2024-06-02T19:51:24.629+0000] {processor.py:183} INFO - Processing /home/airflow/.local/lib/python3.12/site-packages/airflow/example_dags/example_python_operator.py took 0.045 seconds
[2024-06-02T19:51:54.711+0000] {processor.py:161} INFO - Started process (PID=1241) to work on /home/airflow/.local/lib/python3.12/site-packages/airflow/example_dags/example_python_operator.py
[2024-06-02T19:51:54.712+0000] {processor.py:830} INFO - Processing file /home/airflow/.local/lib/python3.12/site-packages/airflow/example_dags/example_python_operator.py for tasks to queue
[2024-06-02T19:51:54.713+0000] {logging_mixin.py:188} INFO - [2024-06-02T19:51:54.713+0000] {dagbag.py:545} INFO - Filling up the DagBag from /home/airflow/.local/lib/python3.12/site-packages/airflow/example_dags/example_python_operator.py
[2024-06-02T19:51:54.719+0000] {processor.py:840} INFO - DAG(s) 'example_python_operator' retrieved from /home/airflow/.local/lib/python3.12/site-packages/airflow/example_dags/example_python_operator.py
[2024-06-02T19:51:54.733+0000] {logging_mixin.py:188} INFO - [2024-06-02T19:51:54.733+0000] {dag.py:3096} INFO - Sync 1 DAGs
[2024-06-02T19:51:54.741+0000] {logging_mixin.py:188} INFO - [2024-06-02T19:51:54.741+0000] {dag.py:3954} INFO - Setting next_dagrun for example_python_operator to None, run_after=None
[2024-06-02T19:51:54.751+0000] {processor.py:183} INFO - Processing /home/airflow/.local/lib/python3.12/site-packages/airflow/example_dags/example_python_operator.py took 0.042 seconds
[2024-06-02T19:52:25.400+0000] {processor.py:161} INFO - Started process (PID=1304) to work on /home/airflow/.local/lib/python3.12/site-packages/airflow/example_dags/example_python_operator.py
[2024-06-02T19:52:25.401+0000] {processor.py:830} INFO - Processing file /home/airflow/.local/lib/python3.12/site-packages/airflow/example_dags/example_python_operator.py for tasks to queue
[2024-06-02T19:52:25.403+0000] {logging_mixin.py:188} INFO - [2024-06-02T19:52:25.402+0000] {dagbag.py:545} INFO - Filling up the DagBag from /home/airflow/.local/lib/python3.12/site-packages/airflow/example_dags/example_python_operator.py
[2024-06-02T19:52:25.409+0000] {processor.py:840} INFO - DAG(s) 'example_python_operator' retrieved from /home/airflow/.local/lib/python3.12/site-packages/airflow/example_dags/example_python_operator.py
[2024-06-02T19:52:25.423+0000] {logging_mixin.py:188} INFO - [2024-06-02T19:52:25.423+0000] {dag.py:3096} INFO - Sync 1 DAGs
[2024-06-02T19:52:25.431+0000] {logging_mixin.py:188} INFO - [2024-06-02T19:52:25.431+0000] {dag.py:3954} INFO - Setting next_dagrun for example_python_operator to None, run_after=None
[2024-06-02T19:52:25.442+0000] {processor.py:183} INFO - Processing /home/airflow/.local/lib/python3.12/site-packages/airflow/example_dags/example_python_operator.py took 0.045 seconds
[2024-06-02T19:52:56.125+0000] {processor.py:161} INFO - Started process (PID=1362) to work on /home/airflow/.local/lib/python3.12/site-packages/airflow/example_dags/example_python_operator.py
[2024-06-02T19:52:56.126+0000] {processor.py:830} INFO - Processing file /home/airflow/.local/lib/python3.12/site-packages/airflow/example_dags/example_python_operator.py for tasks to queue
[2024-06-02T19:52:56.127+0000] {logging_mixin.py:188} INFO - [2024-06-02T19:52:56.127+0000] {dagbag.py:545} INFO - Filling up the DagBag from /home/airflow/.local/lib/python3.12/site-packages/airflow/example_dags/example_python_operator.py
[2024-06-02T19:52:56.133+0000] {processor.py:840} INFO - DAG(s) 'example_python_operator' retrieved from /home/airflow/.local/lib/python3.12/site-packages/airflow/example_dags/example_python_operator.py
[2024-06-02T19:52:56.146+0000] {logging_mixin.py:188} INFO - [2024-06-02T19:52:56.146+0000] {dag.py:3096} INFO - Sync 1 DAGs
[2024-06-02T19:52:56.153+0000] {logging_mixin.py:188} INFO - [2024-06-02T19:52:56.153+0000] {dag.py:3954} INFO - Setting next_dagrun for example_python_operator to None, run_after=None
[2024-06-02T19:52:56.164+0000] {processor.py:183} INFO - Processing /home/airflow/.local/lib/python3.12/site-packages/airflow/example_dags/example_python_operator.py took 0.041 seconds
[2024-06-02T19:53:26.824+0000] {processor.py:161} INFO - Started process (PID=1420) to work on /home/airflow/.local/lib/python3.12/site-packages/airflow/example_dags/example_python_operator.py
[2024-06-02T19:53:26.825+0000] {processor.py:830} INFO - Processing file /home/airflow/.local/lib/python3.12/site-packages/airflow/example_dags/example_python_operator.py for tasks to queue
[2024-06-02T19:53:26.826+0000] {logging_mixin.py:188} INFO - [2024-06-02T19:53:26.826+0000] {dagbag.py:545} INFO - Filling up the DagBag from /home/airflow/.local/lib/python3.12/site-packages/airflow/example_dags/example_python_operator.py
[2024-06-02T19:53:26.832+0000] {processor.py:840} INFO - DAG(s) 'example_python_operator' retrieved from /home/airflow/.local/lib/python3.12/site-packages/airflow/example_dags/example_python_operator.py
[2024-06-02T19:53:26.845+0000] {logging_mixin.py:188} INFO - [2024-06-02T19:53:26.845+0000] {dag.py:3096} INFO - Sync 1 DAGs
[2024-06-02T19:53:26.852+0000] {logging_mixin.py:188} INFO - [2024-06-02T19:53:26.852+0000] {dag.py:3954} INFO - Setting next_dagrun for example_python_operator to None, run_after=None
[2024-06-02T19:53:26.862+0000] {processor.py:183} INFO - Processing /home/airflow/.local/lib/python3.12/site-packages/airflow/example_dags/example_python_operator.py took 0.041 seconds
[2024-06-02T19:53:57.518+0000] {processor.py:161} INFO - Started process (PID=1478) to work on /home/airflow/.local/lib/python3.12/site-packages/airflow/example_dags/example_python_operator.py
[2024-06-02T19:53:57.519+0000] {processor.py:830} INFO - Processing file /home/airflow/.local/lib/python3.12/site-packages/airflow/example_dags/example_python_operator.py for tasks to queue
[2024-06-02T19:53:57.522+0000] {logging_mixin.py:188} INFO - [2024-06-02T19:53:57.521+0000] {dagbag.py:545} INFO - Filling up the DagBag from /home/airflow/.local/lib/python3.12/site-packages/airflow/example_dags/example_python_operator.py
[2024-06-02T19:53:57.528+0000] {processor.py:840} INFO - DAG(s) 'example_python_operator' retrieved from /home/airflow/.local/lib/python3.12/site-packages/airflow/example_dags/example_python_operator.py
[2024-06-02T19:53:57.542+0000] {logging_mixin.py:188} INFO - [2024-06-02T19:53:57.542+0000] {dag.py:3096} INFO - Sync 1 DAGs
[2024-06-02T19:53:57.550+0000] {logging_mixin.py:188} INFO - [2024-06-02T19:53:57.550+0000] {dag.py:3954} INFO - Setting next_dagrun for example_python_operator to None, run_after=None
[2024-06-02T19:53:57.561+0000] {processor.py:183} INFO - Processing /home/airflow/.local/lib/python3.12/site-packages/airflow/example_dags/example_python_operator.py took 0.046 seconds
[2024-06-02T19:54:28.272+0000] {processor.py:161} INFO - Started process (PID=1536) to work on /home/airflow/.local/lib/python3.12/site-packages/airflow/example_dags/example_python_operator.py
[2024-06-02T19:54:28.273+0000] {processor.py:830} INFO - Processing file /home/airflow/.local/lib/python3.12/site-packages/airflow/example_dags/example_python_operator.py for tasks to queue
[2024-06-02T19:54:28.274+0000] {logging_mixin.py:188} INFO - [2024-06-02T19:54:28.274+0000] {dagbag.py:545} INFO - Filling up the DagBag from /home/airflow/.local/lib/python3.12/site-packages/airflow/example_dags/example_python_operator.py
[2024-06-02T19:54:28.280+0000] {processor.py:840} INFO - DAG(s) 'example_python_operator' retrieved from /home/airflow/.local/lib/python3.12/site-packages/airflow/example_dags/example_python_operator.py
[2024-06-02T19:54:28.292+0000] {logging_mixin.py:188} INFO - [2024-06-02T19:54:28.292+0000] {dag.py:3096} INFO - Sync 1 DAGs
[2024-06-02T19:54:28.300+0000] {logging_mixin.py:188} INFO - [2024-06-02T19:54:28.300+0000] {dag.py:3954} INFO - Setting next_dagrun for example_python_operator to None, run_after=None
[2024-06-02T19:54:28.309+0000] {processor.py:183} INFO - Processing /home/airflow/.local/lib/python3.12/site-packages/airflow/example_dags/example_python_operator.py took 0.041 seconds
[2024-06-02T19:54:59.053+0000] {processor.py:161} INFO - Started process (PID=1594) to work on /home/airflow/.local/lib/python3.12/site-packages/airflow/example_dags/example_python_operator.py
[2024-06-02T19:54:59.053+0000] {processor.py:830} INFO - Processing file /home/airflow/.local/lib/python3.12/site-packages/airflow/example_dags/example_python_operator.py for tasks to queue
[2024-06-02T19:54:59.054+0000] {logging_mixin.py:188} INFO - [2024-06-02T19:54:59.054+0000] {dagbag.py:545} INFO - Filling up the DagBag from /home/airflow/.local/lib/python3.12/site-packages/airflow/example_dags/example_python_operator.py
[2024-06-02T19:54:59.060+0000] {processor.py:840} INFO - DAG(s) 'example_python_operator' retrieved from /home/airflow/.local/lib/python3.12/site-packages/airflow/example_dags/example_python_operator.py
[2024-06-02T19:54:59.073+0000] {logging_mixin.py:188} INFO - [2024-06-02T19:54:59.073+0000] {dag.py:3096} INFO - Sync 1 DAGs
[2024-06-02T19:54:59.081+0000] {logging_mixin.py:188} INFO - [2024-06-02T19:54:59.081+0000] {dag.py:3954} INFO - Setting next_dagrun for example_python_operator to None, run_after=None
[2024-06-02T19:54:59.091+0000] {processor.py:183} INFO - Processing /home/airflow/.local/lib/python3.12/site-packages/airflow/example_dags/example_python_operator.py took 0.042 seconds
[2024-06-02T19:55:29.740+0000] {processor.py:161} INFO - Started process (PID=1652) to work on /home/airflow/.local/lib/python3.12/site-packages/airflow/example_dags/example_python_operator.py
[2024-06-02T19:55:29.741+0000] {processor.py:830} INFO - Processing file /home/airflow/.local/lib/python3.12/site-packages/airflow/example_dags/example_python_operator.py for tasks to queue
[2024-06-02T19:55:29.742+0000] {logging_mixin.py:188} INFO - [2024-06-02T19:55:29.742+0000] {dagbag.py:545} INFO - Filling up the DagBag from /home/airflow/.local/lib/python3.12/site-packages/airflow/example_dags/example_python_operator.py
[2024-06-02T19:55:29.748+0000] {processor.py:840} INFO - DAG(s) 'example_python_operator' retrieved from /home/airflow/.local/lib/python3.12/site-packages/airflow/example_dags/example_python_operator.py
[2024-06-02T19:55:29.762+0000] {logging_mixin.py:188} INFO - [2024-06-02T19:55:29.762+0000] {dag.py:3096} INFO - Sync 1 DAGs
[2024-06-02T19:55:29.770+0000] {logging_mixin.py:188} INFO - [2024-06-02T19:55:29.769+0000] {dag.py:3954} INFO - Setting next_dagrun for example_python_operator to None, run_after=None
[2024-06-02T19:55:29.780+0000] {processor.py:183} INFO - Processing /home/airflow/.local/lib/python3.12/site-packages/airflow/example_dags/example_python_operator.py took 0.043 seconds
[2024-06-02T19:56:00.404+0000] {processor.py:161} INFO - Started process (PID=1710) to work on /home/airflow/.local/lib/python3.12/site-packages/airflow/example_dags/example_python_operator.py
[2024-06-02T19:56:00.404+0000] {processor.py:830} INFO - Processing file /home/airflow/.local/lib/python3.12/site-packages/airflow/example_dags/example_python_operator.py for tasks to queue
[2024-06-02T19:56:00.405+0000] {logging_mixin.py:188} INFO - [2024-06-02T19:56:00.405+0000] {dagbag.py:545} INFO - Filling up the DagBag from /home/airflow/.local/lib/python3.12/site-packages/airflow/example_dags/example_python_operator.py
[2024-06-02T19:56:00.411+0000] {processor.py:840} INFO - DAG(s) 'example_python_operator' retrieved from /home/airflow/.local/lib/python3.12/site-packages/airflow/example_dags/example_python_operator.py
[2024-06-02T19:56:00.425+0000] {logging_mixin.py:188} INFO - [2024-06-02T19:56:00.424+0000] {dag.py:3096} INFO - Sync 1 DAGs
[2024-06-02T19:56:00.432+0000] {logging_mixin.py:188} INFO - [2024-06-02T19:56:00.431+0000] {dag.py:3954} INFO - Setting next_dagrun for example_python_operator to None, run_after=None
[2024-06-02T19:56:00.442+0000] {processor.py:183} INFO - Processing /home/airflow/.local/lib/python3.12/site-packages/airflow/example_dags/example_python_operator.py took 0.041 seconds
[2024-06-02T19:56:31.090+0000] {processor.py:161} INFO - Started process (PID=1768) to work on /home/airflow/.local/lib/python3.12/site-packages/airflow/example_dags/example_python_operator.py
[2024-06-02T19:56:31.091+0000] {processor.py:830} INFO - Processing file /home/airflow/.local/lib/python3.12/site-packages/airflow/example_dags/example_python_operator.py for tasks to queue
[2024-06-02T19:56:31.092+0000] {logging_mixin.py:188} INFO - [2024-06-02T19:56:31.092+0000] {dagbag.py:545} INFO - Filling up the DagBag from /home/airflow/.local/lib/python3.12/site-packages/airflow/example_dags/example_python_operator.py
[2024-06-02T19:56:31.099+0000] {processor.py:840} INFO - DAG(s) 'example_python_operator' retrieved from /home/airflow/.local/lib/python3.12/site-packages/airflow/example_dags/example_python_operator.py
[2024-06-02T19:56:31.111+0000] {logging_mixin.py:188} INFO - [2024-06-02T19:56:31.111+0000] {dag.py:3096} INFO - Sync 1 DAGs
[2024-06-02T19:56:31.117+0000] {logging_mixin.py:188} INFO - [2024-06-02T19:56:31.117+0000] {dag.py:3954} INFO - Setting next_dagrun for example_python_operator to None, run_after=None
[2024-06-02T19:56:31.127+0000] {processor.py:183} INFO - Processing /home/airflow/.local/lib/python3.12/site-packages/airflow/example_dags/example_python_operator.py took 0.041 seconds
[2024-06-02T19:57:01.878+0000] {processor.py:161} INFO - Started process (PID=1826) to work on /home/airflow/.local/lib/python3.12/site-packages/airflow/example_dags/example_python_operator.py
[2024-06-02T19:57:01.879+0000] {processor.py:830} INFO - Processing file /home/airflow/.local/lib/python3.12/site-packages/airflow/example_dags/example_python_operator.py for tasks to queue
[2024-06-02T19:57:01.880+0000] {logging_mixin.py:188} INFO - [2024-06-02T19:57:01.880+0000] {dagbag.py:545} INFO - Filling up the DagBag from /home/airflow/.local/lib/python3.12/site-packages/airflow/example_dags/example_python_operator.py
[2024-06-02T19:57:01.887+0000] {processor.py:840} INFO - DAG(s) 'example_python_operator' retrieved from /home/airflow/.local/lib/python3.12/site-packages/airflow/example_dags/example_python_operator.py
[2024-06-02T19:57:01.899+0000] {logging_mixin.py:188} INFO - [2024-06-02T19:57:01.899+0000] {dag.py:3096} INFO - Sync 1 DAGs
[2024-06-02T19:57:01.906+0000] {logging_mixin.py:188} INFO - [2024-06-02T19:57:01.906+0000] {dag.py:3954} INFO - Setting next_dagrun for example_python_operator to None, run_after=None
[2024-06-02T19:57:01.917+0000] {processor.py:183} INFO - Processing /home/airflow/.local/lib/python3.12/site-packages/airflow/example_dags/example_python_operator.py took 0.041 seconds
[2024-06-02T19:57:31.971+0000] {processor.py:161} INFO - Started process (PID=1884) to work on /home/airflow/.local/lib/python3.12/site-packages/airflow/example_dags/example_python_operator.py
[2024-06-02T19:57:31.971+0000] {processor.py:830} INFO - Processing file /home/airflow/.local/lib/python3.12/site-packages/airflow/example_dags/example_python_operator.py for tasks to queue
[2024-06-02T19:57:31.973+0000] {logging_mixin.py:188} INFO - [2024-06-02T19:57:31.972+0000] {dagbag.py:545} INFO - Filling up the DagBag from /home/airflow/.local/lib/python3.12/site-packages/airflow/example_dags/example_python_operator.py
[2024-06-02T19:57:31.979+0000] {processor.py:840} INFO - DAG(s) 'example_python_operator' retrieved from /home/airflow/.local/lib/python3.12/site-packages/airflow/example_dags/example_python_operator.py
[2024-06-02T19:57:31.991+0000] {logging_mixin.py:188} INFO - [2024-06-02T19:57:31.991+0000] {dag.py:3096} INFO - Sync 1 DAGs
[2024-06-02T19:57:31.998+0000] {logging_mixin.py:188} INFO - [2024-06-02T19:57:31.998+0000] {dag.py:3954} INFO - Setting next_dagrun for example_python_operator to None, run_after=None
[2024-06-02T19:57:32.008+0000] {processor.py:183} INFO - Processing /home/airflow/.local/lib/python3.12/site-packages/airflow/example_dags/example_python_operator.py took 0.040 seconds
[2024-06-02T19:58:02.787+0000] {processor.py:161} INFO - Started process (PID=1942) to work on /home/airflow/.local/lib/python3.12/site-packages/airflow/example_dags/example_python_operator.py
[2024-06-02T19:58:02.788+0000] {processor.py:830} INFO - Processing file /home/airflow/.local/lib/python3.12/site-packages/airflow/example_dags/example_python_operator.py for tasks to queue
[2024-06-02T19:58:02.789+0000] {logging_mixin.py:188} INFO - [2024-06-02T19:58:02.789+0000] {dagbag.py:545} INFO - Filling up the DagBag from /home/airflow/.local/lib/python3.12/site-packages/airflow/example_dags/example_python_operator.py
[2024-06-02T19:58:02.795+0000] {processor.py:840} INFO - DAG(s) 'example_python_operator' retrieved from /home/airflow/.local/lib/python3.12/site-packages/airflow/example_dags/example_python_operator.py
[2024-06-02T19:58:02.808+0000] {logging_mixin.py:188} INFO - [2024-06-02T19:58:02.808+0000] {dag.py:3096} INFO - Sync 1 DAGs
[2024-06-02T19:58:02.816+0000] {logging_mixin.py:188} INFO - [2024-06-02T19:58:02.816+0000] {dag.py:3954} INFO - Setting next_dagrun for example_python_operator to None, run_after=None
[2024-06-02T19:58:02.826+0000] {processor.py:183} INFO - Processing /home/airflow/.local/lib/python3.12/site-packages/airflow/example_dags/example_python_operator.py took 0.042 seconds
[2024-06-02T19:58:33.556+0000] {processor.py:161} INFO - Started process (PID=2000) to work on /home/airflow/.local/lib/python3.12/site-packages/airflow/example_dags/example_python_operator.py
[2024-06-02T19:58:33.557+0000] {processor.py:830} INFO - Processing file /home/airflow/.local/lib/python3.12/site-packages/airflow/example_dags/example_python_operator.py for tasks to queue
[2024-06-02T19:58:33.558+0000] {logging_mixin.py:188} INFO - [2024-06-02T19:58:33.558+0000] {dagbag.py:545} INFO - Filling up the DagBag from /home/airflow/.local/lib/python3.12/site-packages/airflow/example_dags/example_python_operator.py
[2024-06-02T19:58:33.564+0000] {processor.py:840} INFO - DAG(s) 'example_python_operator' retrieved from /home/airflow/.local/lib/python3.12/site-packages/airflow/example_dags/example_python_operator.py
[2024-06-02T19:58:33.578+0000] {logging_mixin.py:188} INFO - [2024-06-02T19:58:33.578+0000] {dag.py:3096} INFO - Sync 1 DAGs
[2024-06-02T19:58:33.585+0000] {logging_mixin.py:188} INFO - [2024-06-02T19:58:33.585+0000] {dag.py:3954} INFO - Setting next_dagrun for example_python_operator to None, run_after=None
[2024-06-02T19:58:33.682+0000] {processor.py:183} INFO - Processing /home/airflow/.local/lib/python3.12/site-packages/airflow/example_dags/example_python_operator.py took 0.129 seconds
[2024-06-02T19:59:03.769+0000] {processor.py:161} INFO - Started process (PID=2058) to work on /home/airflow/.local/lib/python3.12/site-packages/airflow/example_dags/example_python_operator.py
[2024-06-02T19:59:03.770+0000] {processor.py:830} INFO - Processing file /home/airflow/.local/lib/python3.12/site-packages/airflow/example_dags/example_python_operator.py for tasks to queue
[2024-06-02T19:59:03.771+0000] {logging_mixin.py:188} INFO - [2024-06-02T19:59:03.771+0000] {dagbag.py:545} INFO - Filling up the DagBag from /home/airflow/.local/lib/python3.12/site-packages/airflow/example_dags/example_python_operator.py
[2024-06-02T19:59:03.777+0000] {processor.py:840} INFO - DAG(s) 'example_python_operator' retrieved from /home/airflow/.local/lib/python3.12/site-packages/airflow/example_dags/example_python_operator.py
[2024-06-02T19:59:03.790+0000] {logging_mixin.py:188} INFO - [2024-06-02T19:59:03.789+0000] {dag.py:3096} INFO - Sync 1 DAGs
[2024-06-02T19:59:03.796+0000] {logging_mixin.py:188} INFO - [2024-06-02T19:59:03.796+0000] {dag.py:3954} INFO - Setting next_dagrun for example_python_operator to None, run_after=None
[2024-06-02T19:59:03.807+0000] {processor.py:183} INFO - Processing /home/airflow/.local/lib/python3.12/site-packages/airflow/example_dags/example_python_operator.py took 0.040 seconds
[2024-06-02T19:59:34.134+0000] {processor.py:161} INFO - Started process (PID=2116) to work on /home/airflow/.local/lib/python3.12/site-packages/airflow/example_dags/example_python_operator.py
[2024-06-02T19:59:34.135+0000] {processor.py:830} INFO - Processing file /home/airflow/.local/lib/python3.12/site-packages/airflow/example_dags/example_python_operator.py for tasks to queue
[2024-06-02T19:59:34.136+0000] {logging_mixin.py:188} INFO - [2024-06-02T19:59:34.136+0000] {dagbag.py:545} INFO - Filling up the DagBag from /home/airflow/.local/lib/python3.12/site-packages/airflow/example_dags/example_python_operator.py
[2024-06-02T19:59:34.142+0000] {processor.py:840} INFO - DAG(s) 'example_python_operator' retrieved from /home/airflow/.local/lib/python3.12/site-packages/airflow/example_dags/example_python_operator.py
[2024-06-02T19:59:34.155+0000] {logging_mixin.py:188} INFO - [2024-06-02T19:59:34.155+0000] {dag.py:3096} INFO - Sync 1 DAGs
[2024-06-02T19:59:34.163+0000] {logging_mixin.py:188} INFO - [2024-06-02T19:59:34.163+0000] {dag.py:3954} INFO - Setting next_dagrun for example_python_operator to None, run_after=None
[2024-06-02T19:59:34.173+0000] {processor.py:183} INFO - Processing /home/airflow/.local/lib/python3.12/site-packages/airflow/example_dags/example_python_operator.py took 0.042 seconds
[2024-06-02T20:00:05.209+0000] {processor.py:161} INFO - Started process (PID=2174) to work on /home/airflow/.local/lib/python3.12/site-packages/airflow/example_dags/example_python_operator.py
[2024-06-02T20:00:05.210+0000] {processor.py:830} INFO - Processing file /home/airflow/.local/lib/python3.12/site-packages/airflow/example_dags/example_python_operator.py for tasks to queue
[2024-06-02T20:00:05.212+0000] {logging_mixin.py:188} INFO - [2024-06-02T20:00:05.211+0000] {dagbag.py:545} INFO - Filling up the DagBag from /home/airflow/.local/lib/python3.12/site-packages/airflow/example_dags/example_python_operator.py
[2024-06-02T20:00:05.218+0000] {processor.py:840} INFO - DAG(s) 'example_python_operator' retrieved from /home/airflow/.local/lib/python3.12/site-packages/airflow/example_dags/example_python_operator.py
[2024-06-02T20:00:05.231+0000] {logging_mixin.py:188} INFO - [2024-06-02T20:00:05.231+0000] {dag.py:3096} INFO - Sync 1 DAGs
[2024-06-02T20:00:05.238+0000] {logging_mixin.py:188} INFO - [2024-06-02T20:00:05.238+0000] {dag.py:3954} INFO - Setting next_dagrun for example_python_operator to None, run_after=None
[2024-06-02T20:00:05.249+0000] {processor.py:183} INFO - Processing /home/airflow/.local/lib/python3.12/site-packages/airflow/example_dags/example_python_operator.py took 0.043 seconds
[2024-06-02T20:00:36.615+0000] {processor.py:161} INFO - Started process (PID=2232) to work on /home/airflow/.local/lib/python3.12/site-packages/airflow/example_dags/example_python_operator.py
[2024-06-02T20:00:36.615+0000] {processor.py:830} INFO - Processing file /home/airflow/.local/lib/python3.12/site-packages/airflow/example_dags/example_python_operator.py for tasks to queue
[2024-06-02T20:00:36.616+0000] {logging_mixin.py:188} INFO - [2024-06-02T20:00:36.616+0000] {dagbag.py:545} INFO - Filling up the DagBag from /home/airflow/.local/lib/python3.12/site-packages/airflow/example_dags/example_python_operator.py
[2024-06-02T20:00:36.622+0000] {processor.py:840} INFO - DAG(s) 'example_python_operator' retrieved from /home/airflow/.local/lib/python3.12/site-packages/airflow/example_dags/example_python_operator.py
[2024-06-02T20:00:36.636+0000] {logging_mixin.py:188} INFO - [2024-06-02T20:00:36.636+0000] {dag.py:3096} INFO - Sync 1 DAGs
[2024-06-02T20:00:36.644+0000] {logging_mixin.py:188} INFO - [2024-06-02T20:00:36.644+0000] {dag.py:3954} INFO - Setting next_dagrun for example_python_operator to None, run_after=None
[2024-06-02T20:00:36.655+0000] {processor.py:183} INFO - Processing /home/airflow/.local/lib/python3.12/site-packages/airflow/example_dags/example_python_operator.py took 0.044 seconds
[2024-06-02T20:01:07.374+0000] {processor.py:161} INFO - Started process (PID=2290) to work on /home/airflow/.local/lib/python3.12/site-packages/airflow/example_dags/example_python_operator.py
[2024-06-02T20:01:07.375+0000] {processor.py:830} INFO - Processing file /home/airflow/.local/lib/python3.12/site-packages/airflow/example_dags/example_python_operator.py for tasks to queue
[2024-06-02T20:01:07.376+0000] {logging_mixin.py:188} INFO - [2024-06-02T20:01:07.376+0000] {dagbag.py:545} INFO - Filling up the DagBag from /home/airflow/.local/lib/python3.12/site-packages/airflow/example_dags/example_python_operator.py
[2024-06-02T20:01:07.382+0000] {processor.py:840} INFO - DAG(s) 'example_python_operator' retrieved from /home/airflow/.local/lib/python3.12/site-packages/airflow/example_dags/example_python_operator.py
[2024-06-02T20:01:07.394+0000] {logging_mixin.py:188} INFO - [2024-06-02T20:01:07.394+0000] {dag.py:3096} INFO - Sync 1 DAGs
[2024-06-02T20:01:07.401+0000] {logging_mixin.py:188} INFO - [2024-06-02T20:01:07.401+0000] {dag.py:3954} INFO - Setting next_dagrun for example_python_operator to None, run_after=None
[2024-06-02T20:01:07.411+0000] {processor.py:183} INFO - Processing /home/airflow/.local/lib/python3.12/site-packages/airflow/example_dags/example_python_operator.py took 0.040 seconds
[2024-06-02T20:01:38.147+0000] {processor.py:161} INFO - Started process (PID=2348) to work on /home/airflow/.local/lib/python3.12/site-packages/airflow/example_dags/example_python_operator.py
[2024-06-02T20:01:38.148+0000] {processor.py:830} INFO - Processing file /home/airflow/.local/lib/python3.12/site-packages/airflow/example_dags/example_python_operator.py for tasks to queue
[2024-06-02T20:01:38.149+0000] {logging_mixin.py:188} INFO - [2024-06-02T20:01:38.149+0000] {dagbag.py:545} INFO - Filling up the DagBag from /home/airflow/.local/lib/python3.12/site-packages/airflow/example_dags/example_python_operator.py
[2024-06-02T20:01:38.154+0000] {processor.py:840} INFO - DAG(s) 'example_python_operator' retrieved from /home/airflow/.local/lib/python3.12/site-packages/airflow/example_dags/example_python_operator.py
[2024-06-02T20:01:38.167+0000] {logging_mixin.py:188} INFO - [2024-06-02T20:01:38.167+0000] {dag.py:3096} INFO - Sync 1 DAGs
[2024-06-02T20:01:38.174+0000] {logging_mixin.py:188} INFO - [2024-06-02T20:01:38.174+0000] {dag.py:3954} INFO - Setting next_dagrun for example_python_operator to None, run_after=None
[2024-06-02T20:01:38.185+0000] {processor.py:183} INFO - Processing /home/airflow/.local/lib/python3.12/site-packages/airflow/example_dags/example_python_operator.py took 0.040 seconds
[2024-06-02T20:02:08.942+0000] {processor.py:161} INFO - Started process (PID=2406) to work on /home/airflow/.local/lib/python3.12/site-packages/airflow/example_dags/example_python_operator.py
[2024-06-02T20:02:08.942+0000] {processor.py:830} INFO - Processing file /home/airflow/.local/lib/python3.12/site-packages/airflow/example_dags/example_python_operator.py for tasks to queue
[2024-06-02T20:02:08.944+0000] {logging_mixin.py:188} INFO - [2024-06-02T20:02:08.943+0000] {dagbag.py:545} INFO - Filling up the DagBag from /home/airflow/.local/lib/python3.12/site-packages/airflow/example_dags/example_python_operator.py
[2024-06-02T20:02:08.949+0000] {processor.py:840} INFO - DAG(s) 'example_python_operator' retrieved from /home/airflow/.local/lib/python3.12/site-packages/airflow/example_dags/example_python_operator.py
[2024-06-02T20:02:08.963+0000] {logging_mixin.py:188} INFO - [2024-06-02T20:02:08.963+0000] {dag.py:3096} INFO - Sync 1 DAGs
[2024-06-02T20:02:08.970+0000] {logging_mixin.py:188} INFO - [2024-06-02T20:02:08.970+0000] {dag.py:3954} INFO - Setting next_dagrun for example_python_operator to None, run_after=None
[2024-06-02T20:02:08.981+0000] {processor.py:183} INFO - Processing /home/airflow/.local/lib/python3.12/site-packages/airflow/example_dags/example_python_operator.py took 0.042 seconds
[2024-06-02T20:02:39.611+0000] {processor.py:161} INFO - Started process (PID=2464) to work on /home/airflow/.local/lib/python3.12/site-packages/airflow/example_dags/example_python_operator.py
[2024-06-02T20:02:39.612+0000] {processor.py:830} INFO - Processing file /home/airflow/.local/lib/python3.12/site-packages/airflow/example_dags/example_python_operator.py for tasks to queue
[2024-06-02T20:02:39.613+0000] {logging_mixin.py:188} INFO - [2024-06-02T20:02:39.613+0000] {dagbag.py:545} INFO - Filling up the DagBag from /home/airflow/.local/lib/python3.12/site-packages/airflow/example_dags/example_python_operator.py
[2024-06-02T20:02:39.619+0000] {processor.py:840} INFO - DAG(s) 'example_python_operator' retrieved from /home/airflow/.local/lib/python3.12/site-packages/airflow/example_dags/example_python_operator.py
[2024-06-02T20:02:39.631+0000] {logging_mixin.py:188} INFO - [2024-06-02T20:02:39.631+0000] {dag.py:3096} INFO - Sync 1 DAGs
[2024-06-02T20:02:39.638+0000] {logging_mixin.py:188} INFO - [2024-06-02T20:02:39.638+0000] {dag.py:3954} INFO - Setting next_dagrun for example_python_operator to None, run_after=None
[2024-06-02T20:02:39.649+0000] {processor.py:183} INFO - Processing /home/airflow/.local/lib/python3.12/site-packages/airflow/example_dags/example_python_operator.py took 0.041 seconds
[2024-06-02T20:03:10.238+0000] {processor.py:161} INFO - Started process (PID=2522) to work on /home/airflow/.local/lib/python3.12/site-packages/airflow/example_dags/example_python_operator.py
[2024-06-02T20:03:10.239+0000] {processor.py:830} INFO - Processing file /home/airflow/.local/lib/python3.12/site-packages/airflow/example_dags/example_python_operator.py for tasks to queue
[2024-06-02T20:03:10.240+0000] {logging_mixin.py:188} INFO - [2024-06-02T20:03:10.240+0000] {dagbag.py:545} INFO - Filling up the DagBag from /home/airflow/.local/lib/python3.12/site-packages/airflow/example_dags/example_python_operator.py
[2024-06-02T20:03:10.246+0000] {processor.py:840} INFO - DAG(s) 'example_python_operator' retrieved from /home/airflow/.local/lib/python3.12/site-packages/airflow/example_dags/example_python_operator.py
[2024-06-02T20:03:10.259+0000] {logging_mixin.py:188} INFO - [2024-06-02T20:03:10.259+0000] {dag.py:3096} INFO - Sync 1 DAGs
[2024-06-02T20:03:10.266+0000] {logging_mixin.py:188} INFO - [2024-06-02T20:03:10.266+0000] {dag.py:3954} INFO - Setting next_dagrun for example_python_operator to None, run_after=None
[2024-06-02T20:03:10.277+0000] {processor.py:183} INFO - Processing /home/airflow/.local/lib/python3.12/site-packages/airflow/example_dags/example_python_operator.py took 0.042 seconds
[2024-06-02T20:03:40.917+0000] {processor.py:161} INFO - Started process (PID=2580) to work on /home/airflow/.local/lib/python3.12/site-packages/airflow/example_dags/example_python_operator.py
[2024-06-02T20:03:40.918+0000] {processor.py:830} INFO - Processing file /home/airflow/.local/lib/python3.12/site-packages/airflow/example_dags/example_python_operator.py for tasks to queue
[2024-06-02T20:03:40.919+0000] {logging_mixin.py:188} INFO - [2024-06-02T20:03:40.919+0000] {dagbag.py:545} INFO - Filling up the DagBag from /home/airflow/.local/lib/python3.12/site-packages/airflow/example_dags/example_python_operator.py
[2024-06-02T20:03:40.925+0000] {processor.py:840} INFO - DAG(s) 'example_python_operator' retrieved from /home/airflow/.local/lib/python3.12/site-packages/airflow/example_dags/example_python_operator.py
[2024-06-02T20:03:40.937+0000] {logging_mixin.py:188} INFO - [2024-06-02T20:03:40.937+0000] {dag.py:3096} INFO - Sync 1 DAGs
[2024-06-02T20:03:40.945+0000] {logging_mixin.py:188} INFO - [2024-06-02T20:03:40.945+0000] {dag.py:3954} INFO - Setting next_dagrun for example_python_operator to None, run_after=None
[2024-06-02T20:03:40.955+0000] {processor.py:183} INFO - Processing /home/airflow/.local/lib/python3.12/site-packages/airflow/example_dags/example_python_operator.py took 0.041 seconds
