[2024-06-02T19:29:17.665+0000] {processor.py:161} INFO - Started process (PID=46) to work on /home/airflow/.local/lib/python3.12/site-packages/airflow/example_dags/example_trigger_target_dag.py
[2024-06-02T19:29:17.666+0000] {processor.py:830} INFO - Processing file /home/airflow/.local/lib/python3.12/site-packages/airflow/example_dags/example_trigger_target_dag.py for tasks to queue
[2024-06-02T19:29:17.667+0000] {logging_mixin.py:188} INFO - [2024-06-02T19:29:17.667+0000] {dagbag.py:545} INFO - Filling up the DagBag from /home/airflow/.local/lib/python3.12/site-packages/airflow/example_dags/example_trigger_target_dag.py
[2024-06-02T19:29:17.675+0000] {processor.py:840} INFO - DAG(s) 'example_trigger_target_dag' retrieved from /home/airflow/.local/lib/python3.12/site-packages/airflow/example_dags/example_trigger_target_dag.py
[2024-06-02T19:29:17.738+0000] {logging_mixin.py:188} INFO - [2024-06-02T19:29:17.737+0000] {override.py:1829} INFO - Created Permission View: can edit on DAG:example_trigger_target_dag
[2024-06-02T19:29:17.745+0000] {logging_mixin.py:188} INFO - [2024-06-02T19:29:17.744+0000] {override.py:1829} INFO - Created Permission View: can delete on DAG:example_trigger_target_dag
[2024-06-02T19:29:17.749+0000] {logging_mixin.py:188} INFO - [2024-06-02T19:29:17.748+0000] {override.py:1829} INFO - Created Permission View: can read on DAG:example_trigger_target_dag
[2024-06-02T19:29:17.750+0000] {logging_mixin.py:188} INFO - [2024-06-02T19:29:17.750+0000] {dag.py:3096} INFO - Sync 1 DAGs
[2024-06-02T19:29:17.757+0000] {logging_mixin.py:188} INFO - [2024-06-02T19:29:17.757+0000] {dag.py:3118} INFO - Creating ORM DAG for example_trigger_target_dag
[2024-06-02T19:29:17.758+0000] {logging_mixin.py:188} INFO - [2024-06-02T19:29:17.757+0000] {dag.py:3954} INFO - Setting next_dagrun for example_trigger_target_dag to None, run_after=None
[2024-06-02T19:29:17.767+0000] {processor.py:183} INFO - Processing /home/airflow/.local/lib/python3.12/site-packages/airflow/example_dags/example_trigger_target_dag.py took 0.105 seconds
[2024-06-02T19:29:48.118+0000] {processor.py:161} INFO - Started process (PID=104) to work on /home/airflow/.local/lib/python3.12/site-packages/airflow/example_dags/example_trigger_target_dag.py
[2024-06-02T19:29:48.119+0000] {processor.py:830} INFO - Processing file /home/airflow/.local/lib/python3.12/site-packages/airflow/example_dags/example_trigger_target_dag.py for tasks to queue
[2024-06-02T19:29:48.121+0000] {logging_mixin.py:188} INFO - [2024-06-02T19:29:48.121+0000] {dagbag.py:545} INFO - Filling up the DagBag from /home/airflow/.local/lib/python3.12/site-packages/airflow/example_dags/example_trigger_target_dag.py
[2024-06-02T19:29:48.125+0000] {processor.py:840} INFO - DAG(s) 'example_trigger_target_dag' retrieved from /home/airflow/.local/lib/python3.12/site-packages/airflow/example_dags/example_trigger_target_dag.py
[2024-06-02T19:29:48.136+0000] {logging_mixin.py:188} INFO - [2024-06-02T19:29:48.136+0000] {dag.py:3096} INFO - Sync 1 DAGs
[2024-06-02T19:29:48.143+0000] {logging_mixin.py:188} INFO - [2024-06-02T19:29:48.143+0000] {dag.py:3954} INFO - Setting next_dagrun for example_trigger_target_dag to None, run_after=None
[2024-06-02T19:29:48.153+0000] {processor.py:183} INFO - Processing /home/airflow/.local/lib/python3.12/site-packages/airflow/example_dags/example_trigger_target_dag.py took 0.038 seconds
[2024-06-02T19:30:18.875+0000] {processor.py:161} INFO - Started process (PID=162) to work on /home/airflow/.local/lib/python3.12/site-packages/airflow/example_dags/example_trigger_target_dag.py
[2024-06-02T19:30:18.876+0000] {processor.py:830} INFO - Processing file /home/airflow/.local/lib/python3.12/site-packages/airflow/example_dags/example_trigger_target_dag.py for tasks to queue
[2024-06-02T19:30:18.877+0000] {logging_mixin.py:188} INFO - [2024-06-02T19:30:18.877+0000] {dagbag.py:545} INFO - Filling up the DagBag from /home/airflow/.local/lib/python3.12/site-packages/airflow/example_dags/example_trigger_target_dag.py
[2024-06-02T19:30:18.880+0000] {processor.py:840} INFO - DAG(s) 'example_trigger_target_dag' retrieved from /home/airflow/.local/lib/python3.12/site-packages/airflow/example_dags/example_trigger_target_dag.py
[2024-06-02T19:30:18.892+0000] {logging_mixin.py:188} INFO - [2024-06-02T19:30:18.892+0000] {dag.py:3096} INFO - Sync 1 DAGs
[2024-06-02T19:30:18.899+0000] {logging_mixin.py:188} INFO - [2024-06-02T19:30:18.899+0000] {dag.py:3954} INFO - Setting next_dagrun for example_trigger_target_dag to None, run_after=None
[2024-06-02T19:30:18.910+0000] {processor.py:183} INFO - Processing /home/airflow/.local/lib/python3.12/site-packages/airflow/example_dags/example_trigger_target_dag.py took 0.038 seconds
[2024-06-02T19:30:49.437+0000] {processor.py:161} INFO - Started process (PID=220) to work on /home/airflow/.local/lib/python3.12/site-packages/airflow/example_dags/example_trigger_target_dag.py
[2024-06-02T19:30:49.438+0000] {processor.py:830} INFO - Processing file /home/airflow/.local/lib/python3.12/site-packages/airflow/example_dags/example_trigger_target_dag.py for tasks to queue
[2024-06-02T19:30:49.439+0000] {logging_mixin.py:188} INFO - [2024-06-02T19:30:49.439+0000] {dagbag.py:545} INFO - Filling up the DagBag from /home/airflow/.local/lib/python3.12/site-packages/airflow/example_dags/example_trigger_target_dag.py
[2024-06-02T19:30:49.443+0000] {processor.py:840} INFO - DAG(s) 'example_trigger_target_dag' retrieved from /home/airflow/.local/lib/python3.12/site-packages/airflow/example_dags/example_trigger_target_dag.py
[2024-06-02T19:30:49.454+0000] {logging_mixin.py:188} INFO - [2024-06-02T19:30:49.454+0000] {dag.py:3096} INFO - Sync 1 DAGs
[2024-06-02T19:30:49.462+0000] {logging_mixin.py:188} INFO - [2024-06-02T19:30:49.462+0000] {dag.py:3954} INFO - Setting next_dagrun for example_trigger_target_dag to None, run_after=None
[2024-06-02T19:30:49.472+0000] {processor.py:183} INFO - Processing /home/airflow/.local/lib/python3.12/site-packages/airflow/example_dags/example_trigger_target_dag.py took 0.038 seconds
[2024-06-02T19:31:19.959+0000] {processor.py:161} INFO - Started process (PID=46) to work on /home/airflow/.local/lib/python3.12/site-packages/airflow/example_dags/example_trigger_target_dag.py
[2024-06-02T19:31:19.960+0000] {processor.py:830} INFO - Processing file /home/airflow/.local/lib/python3.12/site-packages/airflow/example_dags/example_trigger_target_dag.py for tasks to queue
[2024-06-02T19:31:19.962+0000] {logging_mixin.py:188} INFO - [2024-06-02T19:31:19.961+0000] {dagbag.py:545} INFO - Filling up the DagBag from /home/airflow/.local/lib/python3.12/site-packages/airflow/example_dags/example_trigger_target_dag.py
[2024-06-02T19:31:19.966+0000] {processor.py:840} INFO - DAG(s) 'example_trigger_target_dag' retrieved from /home/airflow/.local/lib/python3.12/site-packages/airflow/example_dags/example_trigger_target_dag.py
[2024-06-02T19:31:19.973+0000] {logging_mixin.py:188} INFO - [2024-06-02T19:31:19.973+0000] {dag.py:3096} INFO - Sync 1 DAGs
[2024-06-02T19:31:19.981+0000] {logging_mixin.py:188} INFO - [2024-06-02T19:31:19.981+0000] {dag.py:3954} INFO - Setting next_dagrun for example_trigger_target_dag to None, run_after=None
[2024-06-02T19:31:19.993+0000] {processor.py:183} INFO - Processing /home/airflow/.local/lib/python3.12/site-packages/airflow/example_dags/example_trigger_target_dag.py took 0.036 seconds
[2024-06-02T19:31:51.026+0000] {processor.py:161} INFO - Started process (PID=104) to work on /home/airflow/.local/lib/python3.12/site-packages/airflow/example_dags/example_trigger_target_dag.py
[2024-06-02T19:31:51.028+0000] {processor.py:830} INFO - Processing file /home/airflow/.local/lib/python3.12/site-packages/airflow/example_dags/example_trigger_target_dag.py for tasks to queue
[2024-06-02T19:31:51.029+0000] {logging_mixin.py:188} INFO - [2024-06-02T19:31:51.029+0000] {dagbag.py:545} INFO - Filling up the DagBag from /home/airflow/.local/lib/python3.12/site-packages/airflow/example_dags/example_trigger_target_dag.py
[2024-06-02T19:31:51.032+0000] {processor.py:840} INFO - DAG(s) 'example_trigger_target_dag' retrieved from /home/airflow/.local/lib/python3.12/site-packages/airflow/example_dags/example_trigger_target_dag.py
[2024-06-02T19:31:51.087+0000] {logging_mixin.py:188} INFO - [2024-06-02T19:31:51.087+0000] {dag.py:3096} INFO - Sync 1 DAGs
[2024-06-02T19:31:51.093+0000] {logging_mixin.py:188} INFO - [2024-06-02T19:31:51.093+0000] {dag.py:3954} INFO - Setting next_dagrun for example_trigger_target_dag to None, run_after=None
[2024-06-02T19:31:51.103+0000] {processor.py:183} INFO - Processing /home/airflow/.local/lib/python3.12/site-packages/airflow/example_dags/example_trigger_target_dag.py took 0.080 seconds
[2024-06-02T19:32:21.393+0000] {processor.py:161} INFO - Started process (PID=162) to work on /home/airflow/.local/lib/python3.12/site-packages/airflow/example_dags/example_trigger_target_dag.py
[2024-06-02T19:32:21.394+0000] {processor.py:830} INFO - Processing file /home/airflow/.local/lib/python3.12/site-packages/airflow/example_dags/example_trigger_target_dag.py for tasks to queue
[2024-06-02T19:32:21.395+0000] {logging_mixin.py:188} INFO - [2024-06-02T19:32:21.395+0000] {dagbag.py:545} INFO - Filling up the DagBag from /home/airflow/.local/lib/python3.12/site-packages/airflow/example_dags/example_trigger_target_dag.py
[2024-06-02T19:32:21.398+0000] {processor.py:840} INFO - DAG(s) 'example_trigger_target_dag' retrieved from /home/airflow/.local/lib/python3.12/site-packages/airflow/example_dags/example_trigger_target_dag.py
[2024-06-02T19:32:21.411+0000] {logging_mixin.py:188} INFO - [2024-06-02T19:32:21.410+0000] {dag.py:3096} INFO - Sync 1 DAGs
[2024-06-02T19:32:21.419+0000] {logging_mixin.py:188} INFO - [2024-06-02T19:32:21.419+0000] {dag.py:3954} INFO - Setting next_dagrun for example_trigger_target_dag to None, run_after=None
[2024-06-02T19:32:21.429+0000] {processor.py:183} INFO - Processing /home/airflow/.local/lib/python3.12/site-packages/airflow/example_dags/example_trigger_target_dag.py took 0.039 seconds
[2024-06-02T19:32:52.079+0000] {processor.py:161} INFO - Started process (PID=220) to work on /home/airflow/.local/lib/python3.12/site-packages/airflow/example_dags/example_trigger_target_dag.py
[2024-06-02T19:32:52.080+0000] {processor.py:830} INFO - Processing file /home/airflow/.local/lib/python3.12/site-packages/airflow/example_dags/example_trigger_target_dag.py for tasks to queue
[2024-06-02T19:32:52.081+0000] {logging_mixin.py:188} INFO - [2024-06-02T19:32:52.081+0000] {dagbag.py:545} INFO - Filling up the DagBag from /home/airflow/.local/lib/python3.12/site-packages/airflow/example_dags/example_trigger_target_dag.py
[2024-06-02T19:32:52.084+0000] {processor.py:840} INFO - DAG(s) 'example_trigger_target_dag' retrieved from /home/airflow/.local/lib/python3.12/site-packages/airflow/example_dags/example_trigger_target_dag.py
[2024-06-02T19:32:52.095+0000] {logging_mixin.py:188} INFO - [2024-06-02T19:32:52.095+0000] {dag.py:3096} INFO - Sync 1 DAGs
[2024-06-02T19:32:52.102+0000] {logging_mixin.py:188} INFO - [2024-06-02T19:32:52.102+0000] {dag.py:3954} INFO - Setting next_dagrun for example_trigger_target_dag to None, run_after=None
[2024-06-02T19:32:52.113+0000] {processor.py:183} INFO - Processing /home/airflow/.local/lib/python3.12/site-packages/airflow/example_dags/example_trigger_target_dag.py took 0.037 seconds
[2024-06-02T19:33:22.787+0000] {processor.py:161} INFO - Started process (PID=278) to work on /home/airflow/.local/lib/python3.12/site-packages/airflow/example_dags/example_trigger_target_dag.py
[2024-06-02T19:33:22.788+0000] {processor.py:830} INFO - Processing file /home/airflow/.local/lib/python3.12/site-packages/airflow/example_dags/example_trigger_target_dag.py for tasks to queue
[2024-06-02T19:33:22.789+0000] {logging_mixin.py:188} INFO - [2024-06-02T19:33:22.789+0000] {dagbag.py:545} INFO - Filling up the DagBag from /home/airflow/.local/lib/python3.12/site-packages/airflow/example_dags/example_trigger_target_dag.py
[2024-06-02T19:33:22.792+0000] {processor.py:840} INFO - DAG(s) 'example_trigger_target_dag' retrieved from /home/airflow/.local/lib/python3.12/site-packages/airflow/example_dags/example_trigger_target_dag.py
[2024-06-02T19:33:22.803+0000] {logging_mixin.py:188} INFO - [2024-06-02T19:33:22.803+0000] {dag.py:3096} INFO - Sync 1 DAGs
[2024-06-02T19:33:22.811+0000] {logging_mixin.py:188} INFO - [2024-06-02T19:33:22.811+0000] {dag.py:3954} INFO - Setting next_dagrun for example_trigger_target_dag to None, run_after=None
[2024-06-02T19:33:22.822+0000] {processor.py:183} INFO - Processing /home/airflow/.local/lib/python3.12/site-packages/airflow/example_dags/example_trigger_target_dag.py took 0.037 seconds
[2024-06-02T19:33:53.399+0000] {processor.py:161} INFO - Started process (PID=335) to work on /home/airflow/.local/lib/python3.12/site-packages/airflow/example_dags/example_trigger_target_dag.py
[2024-06-02T19:33:53.399+0000] {processor.py:830} INFO - Processing file /home/airflow/.local/lib/python3.12/site-packages/airflow/example_dags/example_trigger_target_dag.py for tasks to queue
[2024-06-02T19:33:53.400+0000] {logging_mixin.py:188} INFO - [2024-06-02T19:33:53.400+0000] {dagbag.py:545} INFO - Filling up the DagBag from /home/airflow/.local/lib/python3.12/site-packages/airflow/example_dags/example_trigger_target_dag.py
[2024-06-02T19:33:53.403+0000] {processor.py:840} INFO - DAG(s) 'example_trigger_target_dag' retrieved from /home/airflow/.local/lib/python3.12/site-packages/airflow/example_dags/example_trigger_target_dag.py
[2024-06-02T19:33:53.414+0000] {logging_mixin.py:188} INFO - [2024-06-02T19:33:53.414+0000] {dag.py:3096} INFO - Sync 1 DAGs
[2024-06-02T19:33:53.422+0000] {logging_mixin.py:188} INFO - [2024-06-02T19:33:53.421+0000] {dag.py:3954} INFO - Setting next_dagrun for example_trigger_target_dag to None, run_after=None
[2024-06-02T19:33:53.432+0000] {processor.py:183} INFO - Processing /home/airflow/.local/lib/python3.12/site-packages/airflow/example_dags/example_trigger_target_dag.py took 0.036 seconds
[2024-06-02T19:34:24.184+0000] {processor.py:161} INFO - Started process (PID=393) to work on /home/airflow/.local/lib/python3.12/site-packages/airflow/example_dags/example_trigger_target_dag.py
[2024-06-02T19:34:24.185+0000] {processor.py:830} INFO - Processing file /home/airflow/.local/lib/python3.12/site-packages/airflow/example_dags/example_trigger_target_dag.py for tasks to queue
[2024-06-02T19:34:24.186+0000] {logging_mixin.py:188} INFO - [2024-06-02T19:34:24.186+0000] {dagbag.py:545} INFO - Filling up the DagBag from /home/airflow/.local/lib/python3.12/site-packages/airflow/example_dags/example_trigger_target_dag.py
[2024-06-02T19:34:24.189+0000] {processor.py:840} INFO - DAG(s) 'example_trigger_target_dag' retrieved from /home/airflow/.local/lib/python3.12/site-packages/airflow/example_dags/example_trigger_target_dag.py
[2024-06-02T19:34:24.199+0000] {logging_mixin.py:188} INFO - [2024-06-02T19:34:24.199+0000] {dag.py:3096} INFO - Sync 1 DAGs
[2024-06-02T19:34:24.207+0000] {logging_mixin.py:188} INFO - [2024-06-02T19:34:24.206+0000] {dag.py:3954} INFO - Setting next_dagrun for example_trigger_target_dag to None, run_after=None
[2024-06-02T19:34:24.216+0000] {processor.py:183} INFO - Processing /home/airflow/.local/lib/python3.12/site-packages/airflow/example_dags/example_trigger_target_dag.py took 0.035 seconds
[2024-06-02T19:34:54.953+0000] {processor.py:161} INFO - Started process (PID=451) to work on /home/airflow/.local/lib/python3.12/site-packages/airflow/example_dags/example_trigger_target_dag.py
[2024-06-02T19:34:54.954+0000] {processor.py:830} INFO - Processing file /home/airflow/.local/lib/python3.12/site-packages/airflow/example_dags/example_trigger_target_dag.py for tasks to queue
[2024-06-02T19:34:54.955+0000] {logging_mixin.py:188} INFO - [2024-06-02T19:34:54.955+0000] {dagbag.py:545} INFO - Filling up the DagBag from /home/airflow/.local/lib/python3.12/site-packages/airflow/example_dags/example_trigger_target_dag.py
[2024-06-02T19:34:54.958+0000] {processor.py:840} INFO - DAG(s) 'example_trigger_target_dag' retrieved from /home/airflow/.local/lib/python3.12/site-packages/airflow/example_dags/example_trigger_target_dag.py
[2024-06-02T19:34:54.969+0000] {logging_mixin.py:188} INFO - [2024-06-02T19:34:54.969+0000] {dag.py:3096} INFO - Sync 1 DAGs
[2024-06-02T19:34:54.977+0000] {logging_mixin.py:188} INFO - [2024-06-02T19:34:54.976+0000] {dag.py:3954} INFO - Setting next_dagrun for example_trigger_target_dag to None, run_after=None
[2024-06-02T19:34:54.987+0000] {processor.py:183} INFO - Processing /home/airflow/.local/lib/python3.12/site-packages/airflow/example_dags/example_trigger_target_dag.py took 0.037 seconds
[2024-06-02T19:35:25.633+0000] {processor.py:161} INFO - Started process (PID=509) to work on /home/airflow/.local/lib/python3.12/site-packages/airflow/example_dags/example_trigger_target_dag.py
[2024-06-02T19:35:25.634+0000] {processor.py:830} INFO - Processing file /home/airflow/.local/lib/python3.12/site-packages/airflow/example_dags/example_trigger_target_dag.py for tasks to queue
[2024-06-02T19:35:25.635+0000] {logging_mixin.py:188} INFO - [2024-06-02T19:35:25.635+0000] {dagbag.py:545} INFO - Filling up the DagBag from /home/airflow/.local/lib/python3.12/site-packages/airflow/example_dags/example_trigger_target_dag.py
[2024-06-02T19:35:25.638+0000] {processor.py:840} INFO - DAG(s) 'example_trigger_target_dag' retrieved from /home/airflow/.local/lib/python3.12/site-packages/airflow/example_dags/example_trigger_target_dag.py
[2024-06-02T19:35:25.649+0000] {logging_mixin.py:188} INFO - [2024-06-02T19:35:25.649+0000] {dag.py:3096} INFO - Sync 1 DAGs
[2024-06-02T19:35:25.656+0000] {logging_mixin.py:188} INFO - [2024-06-02T19:35:25.656+0000] {dag.py:3954} INFO - Setting next_dagrun for example_trigger_target_dag to None, run_after=None
[2024-06-02T19:35:25.666+0000] {processor.py:183} INFO - Processing /home/airflow/.local/lib/python3.12/site-packages/airflow/example_dags/example_trigger_target_dag.py took 0.036 seconds
[2024-06-02T19:36:19.482+0000] {processor.py:161} INFO - Started process (PID=64) to work on /home/airflow/.local/lib/python3.12/site-packages/airflow/example_dags/example_trigger_target_dag.py
[2024-06-02T19:36:19.482+0000] {processor.py:830} INFO - Processing file /home/airflow/.local/lib/python3.12/site-packages/airflow/example_dags/example_trigger_target_dag.py for tasks to queue
[2024-06-02T19:36:19.483+0000] {logging_mixin.py:188} INFO - [2024-06-02T19:36:19.483+0000] {dagbag.py:545} INFO - Filling up the DagBag from /home/airflow/.local/lib/python3.12/site-packages/airflow/example_dags/example_trigger_target_dag.py
[2024-06-02T19:36:19.488+0000] {processor.py:840} INFO - DAG(s) 'example_trigger_target_dag' retrieved from /home/airflow/.local/lib/python3.12/site-packages/airflow/example_dags/example_trigger_target_dag.py
[2024-06-02T19:36:19.495+0000] {logging_mixin.py:188} INFO - [2024-06-02T19:36:19.495+0000] {dag.py:3096} INFO - Sync 1 DAGs
[2024-06-02T19:36:19.505+0000] {logging_mixin.py:188} INFO - [2024-06-02T19:36:19.504+0000] {dag.py:3954} INFO - Setting next_dagrun for example_trigger_target_dag to None, run_after=None
[2024-06-02T19:36:19.515+0000] {processor.py:183} INFO - Processing /home/airflow/.local/lib/python3.12/site-packages/airflow/example_dags/example_trigger_target_dag.py took 0.037 seconds
[2024-06-02T19:36:50.363+0000] {processor.py:161} INFO - Started process (PID=122) to work on /home/airflow/.local/lib/python3.12/site-packages/airflow/example_dags/example_trigger_target_dag.py
[2024-06-02T19:36:50.364+0000] {processor.py:830} INFO - Processing file /home/airflow/.local/lib/python3.12/site-packages/airflow/example_dags/example_trigger_target_dag.py for tasks to queue
[2024-06-02T19:36:50.365+0000] {logging_mixin.py:188} INFO - [2024-06-02T19:36:50.365+0000] {dagbag.py:545} INFO - Filling up the DagBag from /home/airflow/.local/lib/python3.12/site-packages/airflow/example_dags/example_trigger_target_dag.py
[2024-06-02T19:36:50.369+0000] {processor.py:840} INFO - DAG(s) 'example_trigger_target_dag' retrieved from /home/airflow/.local/lib/python3.12/site-packages/airflow/example_dags/example_trigger_target_dag.py
[2024-06-02T19:36:50.426+0000] {logging_mixin.py:188} INFO - [2024-06-02T19:36:50.426+0000] {dag.py:3096} INFO - Sync 1 DAGs
[2024-06-02T19:36:50.432+0000] {logging_mixin.py:188} INFO - [2024-06-02T19:36:50.432+0000] {dag.py:3954} INFO - Setting next_dagrun for example_trigger_target_dag to None, run_after=None
[2024-06-02T19:36:50.442+0000] {processor.py:183} INFO - Processing /home/airflow/.local/lib/python3.12/site-packages/airflow/example_dags/example_trigger_target_dag.py took 0.082 seconds
[2024-06-02T19:37:20.737+0000] {processor.py:161} INFO - Started process (PID=180) to work on /home/airflow/.local/lib/python3.12/site-packages/airflow/example_dags/example_trigger_target_dag.py
[2024-06-02T19:37:20.739+0000] {processor.py:830} INFO - Processing file /home/airflow/.local/lib/python3.12/site-packages/airflow/example_dags/example_trigger_target_dag.py for tasks to queue
[2024-06-02T19:37:20.740+0000] {logging_mixin.py:188} INFO - [2024-06-02T19:37:20.740+0000] {dagbag.py:545} INFO - Filling up the DagBag from /home/airflow/.local/lib/python3.12/site-packages/airflow/example_dags/example_trigger_target_dag.py
[2024-06-02T19:37:20.743+0000] {processor.py:840} INFO - DAG(s) 'example_trigger_target_dag' retrieved from /home/airflow/.local/lib/python3.12/site-packages/airflow/example_dags/example_trigger_target_dag.py
[2024-06-02T19:37:20.754+0000] {logging_mixin.py:188} INFO - [2024-06-02T19:37:20.754+0000] {dag.py:3096} INFO - Sync 1 DAGs
[2024-06-02T19:37:20.761+0000] {logging_mixin.py:188} INFO - [2024-06-02T19:37:20.761+0000] {dag.py:3954} INFO - Setting next_dagrun for example_trigger_target_dag to None, run_after=None
[2024-06-02T19:37:20.771+0000] {processor.py:183} INFO - Processing /home/airflow/.local/lib/python3.12/site-packages/airflow/example_dags/example_trigger_target_dag.py took 0.037 seconds
[2024-06-02T19:37:51.437+0000] {processor.py:161} INFO - Started process (PID=238) to work on /home/airflow/.local/lib/python3.12/site-packages/airflow/example_dags/example_trigger_target_dag.py
[2024-06-02T19:37:51.438+0000] {processor.py:830} INFO - Processing file /home/airflow/.local/lib/python3.12/site-packages/airflow/example_dags/example_trigger_target_dag.py for tasks to queue
[2024-06-02T19:37:51.439+0000] {logging_mixin.py:188} INFO - [2024-06-02T19:37:51.439+0000] {dagbag.py:545} INFO - Filling up the DagBag from /home/airflow/.local/lib/python3.12/site-packages/airflow/example_dags/example_trigger_target_dag.py
[2024-06-02T19:37:51.442+0000] {processor.py:840} INFO - DAG(s) 'example_trigger_target_dag' retrieved from /home/airflow/.local/lib/python3.12/site-packages/airflow/example_dags/example_trigger_target_dag.py
[2024-06-02T19:37:51.453+0000] {logging_mixin.py:188} INFO - [2024-06-02T19:37:51.453+0000] {dag.py:3096} INFO - Sync 1 DAGs
[2024-06-02T19:37:51.460+0000] {logging_mixin.py:188} INFO - [2024-06-02T19:37:51.460+0000] {dag.py:3954} INFO - Setting next_dagrun for example_trigger_target_dag to None, run_after=None
[2024-06-02T19:37:51.471+0000] {processor.py:183} INFO - Processing /home/airflow/.local/lib/python3.12/site-packages/airflow/example_dags/example_trigger_target_dag.py took 0.037 seconds
[2024-06-02T19:38:22.105+0000] {processor.py:161} INFO - Started process (PID=296) to work on /home/airflow/.local/lib/python3.12/site-packages/airflow/example_dags/example_trigger_target_dag.py
[2024-06-02T19:38:22.106+0000] {processor.py:830} INFO - Processing file /home/airflow/.local/lib/python3.12/site-packages/airflow/example_dags/example_trigger_target_dag.py for tasks to queue
[2024-06-02T19:38:22.107+0000] {logging_mixin.py:188} INFO - [2024-06-02T19:38:22.107+0000] {dagbag.py:545} INFO - Filling up the DagBag from /home/airflow/.local/lib/python3.12/site-packages/airflow/example_dags/example_trigger_target_dag.py
[2024-06-02T19:38:22.110+0000] {processor.py:840} INFO - DAG(s) 'example_trigger_target_dag' retrieved from /home/airflow/.local/lib/python3.12/site-packages/airflow/example_dags/example_trigger_target_dag.py
[2024-06-02T19:38:22.120+0000] {logging_mixin.py:188} INFO - [2024-06-02T19:38:22.120+0000] {dag.py:3096} INFO - Sync 1 DAGs
[2024-06-02T19:38:22.127+0000] {logging_mixin.py:188} INFO - [2024-06-02T19:38:22.127+0000] {dag.py:3954} INFO - Setting next_dagrun for example_trigger_target_dag to None, run_after=None
[2024-06-02T19:38:22.138+0000] {processor.py:183} INFO - Processing /home/airflow/.local/lib/python3.12/site-packages/airflow/example_dags/example_trigger_target_dag.py took 0.036 seconds
[2024-06-02T19:38:52.753+0000] {processor.py:161} INFO - Started process (PID=354) to work on /home/airflow/.local/lib/python3.12/site-packages/airflow/example_dags/example_trigger_target_dag.py
[2024-06-02T19:38:52.753+0000] {processor.py:830} INFO - Processing file /home/airflow/.local/lib/python3.12/site-packages/airflow/example_dags/example_trigger_target_dag.py for tasks to queue
[2024-06-02T19:38:52.754+0000] {logging_mixin.py:188} INFO - [2024-06-02T19:38:52.754+0000] {dagbag.py:545} INFO - Filling up the DagBag from /home/airflow/.local/lib/python3.12/site-packages/airflow/example_dags/example_trigger_target_dag.py
[2024-06-02T19:38:52.758+0000] {processor.py:840} INFO - DAG(s) 'example_trigger_target_dag' retrieved from /home/airflow/.local/lib/python3.12/site-packages/airflow/example_dags/example_trigger_target_dag.py
[2024-06-02T19:38:52.770+0000] {logging_mixin.py:188} INFO - [2024-06-02T19:38:52.770+0000] {dag.py:3096} INFO - Sync 1 DAGs
[2024-06-02T19:38:52.777+0000] {logging_mixin.py:188} INFO - [2024-06-02T19:38:52.777+0000] {dag.py:3954} INFO - Setting next_dagrun for example_trigger_target_dag to None, run_after=None
[2024-06-02T19:38:52.788+0000] {processor.py:183} INFO - Processing /home/airflow/.local/lib/python3.12/site-packages/airflow/example_dags/example_trigger_target_dag.py took 0.038 seconds
[2024-06-02T19:39:23.404+0000] {processor.py:161} INFO - Started process (PID=412) to work on /home/airflow/.local/lib/python3.12/site-packages/airflow/example_dags/example_trigger_target_dag.py
[2024-06-02T19:39:23.405+0000] {processor.py:830} INFO - Processing file /home/airflow/.local/lib/python3.12/site-packages/airflow/example_dags/example_trigger_target_dag.py for tasks to queue
[2024-06-02T19:39:23.406+0000] {logging_mixin.py:188} INFO - [2024-06-02T19:39:23.406+0000] {dagbag.py:545} INFO - Filling up the DagBag from /home/airflow/.local/lib/python3.12/site-packages/airflow/example_dags/example_trigger_target_dag.py
[2024-06-02T19:39:23.409+0000] {processor.py:840} INFO - DAG(s) 'example_trigger_target_dag' retrieved from /home/airflow/.local/lib/python3.12/site-packages/airflow/example_dags/example_trigger_target_dag.py
[2024-06-02T19:39:23.421+0000] {logging_mixin.py:188} INFO - [2024-06-02T19:39:23.421+0000] {dag.py:3096} INFO - Sync 1 DAGs
[2024-06-02T19:39:23.429+0000] {logging_mixin.py:188} INFO - [2024-06-02T19:39:23.429+0000] {dag.py:3954} INFO - Setting next_dagrun for example_trigger_target_dag to None, run_after=None
[2024-06-02T19:39:23.440+0000] {processor.py:183} INFO - Processing /home/airflow/.local/lib/python3.12/site-packages/airflow/example_dags/example_trigger_target_dag.py took 0.039 seconds
[2024-06-02T19:39:54.062+0000] {processor.py:161} INFO - Started process (PID=470) to work on /home/airflow/.local/lib/python3.12/site-packages/airflow/example_dags/example_trigger_target_dag.py
[2024-06-02T19:39:54.063+0000] {processor.py:830} INFO - Processing file /home/airflow/.local/lib/python3.12/site-packages/airflow/example_dags/example_trigger_target_dag.py for tasks to queue
[2024-06-02T19:39:54.064+0000] {logging_mixin.py:188} INFO - [2024-06-02T19:39:54.064+0000] {dagbag.py:545} INFO - Filling up the DagBag from /home/airflow/.local/lib/python3.12/site-packages/airflow/example_dags/example_trigger_target_dag.py
[2024-06-02T19:39:54.067+0000] {processor.py:840} INFO - DAG(s) 'example_trigger_target_dag' retrieved from /home/airflow/.local/lib/python3.12/site-packages/airflow/example_dags/example_trigger_target_dag.py
[2024-06-02T19:39:54.078+0000] {logging_mixin.py:188} INFO - [2024-06-02T19:39:54.078+0000] {dag.py:3096} INFO - Sync 1 DAGs
[2024-06-02T19:39:54.085+0000] {logging_mixin.py:188} INFO - [2024-06-02T19:39:54.085+0000] {dag.py:3954} INFO - Setting next_dagrun for example_trigger_target_dag to None, run_after=None
[2024-06-02T19:39:54.095+0000] {processor.py:183} INFO - Processing /home/airflow/.local/lib/python3.12/site-packages/airflow/example_dags/example_trigger_target_dag.py took 0.036 seconds
[2024-06-02T19:40:24.637+0000] {processor.py:161} INFO - Started process (PID=528) to work on /home/airflow/.local/lib/python3.12/site-packages/airflow/example_dags/example_trigger_target_dag.py
[2024-06-02T19:40:24.638+0000] {processor.py:830} INFO - Processing file /home/airflow/.local/lib/python3.12/site-packages/airflow/example_dags/example_trigger_target_dag.py for tasks to queue
[2024-06-02T19:40:24.639+0000] {logging_mixin.py:188} INFO - [2024-06-02T19:40:24.639+0000] {dagbag.py:545} INFO - Filling up the DagBag from /home/airflow/.local/lib/python3.12/site-packages/airflow/example_dags/example_trigger_target_dag.py
[2024-06-02T19:40:24.643+0000] {processor.py:840} INFO - DAG(s) 'example_trigger_target_dag' retrieved from /home/airflow/.local/lib/python3.12/site-packages/airflow/example_dags/example_trigger_target_dag.py
[2024-06-02T19:40:24.654+0000] {logging_mixin.py:188} INFO - [2024-06-02T19:40:24.654+0000] {dag.py:3096} INFO - Sync 1 DAGs
[2024-06-02T19:40:24.661+0000] {logging_mixin.py:188} INFO - [2024-06-02T19:40:24.660+0000] {dag.py:3954} INFO - Setting next_dagrun for example_trigger_target_dag to None, run_after=None
[2024-06-02T19:40:24.671+0000] {processor.py:183} INFO - Processing /home/airflow/.local/lib/python3.12/site-packages/airflow/example_dags/example_trigger_target_dag.py took 0.036 seconds
[2024-06-02T19:40:55.311+0000] {processor.py:161} INFO - Started process (PID=586) to work on /home/airflow/.local/lib/python3.12/site-packages/airflow/example_dags/example_trigger_target_dag.py
[2024-06-02T19:40:55.312+0000] {processor.py:830} INFO - Processing file /home/airflow/.local/lib/python3.12/site-packages/airflow/example_dags/example_trigger_target_dag.py for tasks to queue
[2024-06-02T19:40:55.313+0000] {logging_mixin.py:188} INFO - [2024-06-02T19:40:55.313+0000] {dagbag.py:545} INFO - Filling up the DagBag from /home/airflow/.local/lib/python3.12/site-packages/airflow/example_dags/example_trigger_target_dag.py
[2024-06-02T19:40:55.317+0000] {processor.py:840} INFO - DAG(s) 'example_trigger_target_dag' retrieved from /home/airflow/.local/lib/python3.12/site-packages/airflow/example_dags/example_trigger_target_dag.py
[2024-06-02T19:40:55.328+0000] {logging_mixin.py:188} INFO - [2024-06-02T19:40:55.328+0000] {dag.py:3096} INFO - Sync 1 DAGs
[2024-06-02T19:40:55.335+0000] {logging_mixin.py:188} INFO - [2024-06-02T19:40:55.335+0000] {dag.py:3954} INFO - Setting next_dagrun for example_trigger_target_dag to None, run_after=None
[2024-06-02T19:40:55.346+0000] {processor.py:183} INFO - Processing /home/airflow/.local/lib/python3.12/site-packages/airflow/example_dags/example_trigger_target_dag.py took 0.038 seconds
[2024-06-02T19:41:41.153+0000] {processor.py:161} INFO - Started process (PID=64) to work on /home/airflow/.local/lib/python3.12/site-packages/airflow/example_dags/example_trigger_target_dag.py
[2024-06-02T19:41:41.153+0000] {processor.py:830} INFO - Processing file /home/airflow/.local/lib/python3.12/site-packages/airflow/example_dags/example_trigger_target_dag.py for tasks to queue
[2024-06-02T19:41:41.155+0000] {logging_mixin.py:188} INFO - [2024-06-02T19:41:41.154+0000] {dagbag.py:545} INFO - Filling up the DagBag from /home/airflow/.local/lib/python3.12/site-packages/airflow/example_dags/example_trigger_target_dag.py
[2024-06-02T19:41:41.160+0000] {processor.py:840} INFO - DAG(s) 'example_trigger_target_dag' retrieved from /home/airflow/.local/lib/python3.12/site-packages/airflow/example_dags/example_trigger_target_dag.py
[2024-06-02T19:41:41.168+0000] {logging_mixin.py:188} INFO - [2024-06-02T19:41:41.167+0000] {dag.py:3096} INFO - Sync 1 DAGs
[2024-06-02T19:41:41.177+0000] {logging_mixin.py:188} INFO - [2024-06-02T19:41:41.177+0000] {dag.py:3954} INFO - Setting next_dagrun for example_trigger_target_dag to None, run_after=None
[2024-06-02T19:41:41.188+0000] {processor.py:183} INFO - Processing /home/airflow/.local/lib/python3.12/site-packages/airflow/example_dags/example_trigger_target_dag.py took 0.038 seconds
[2024-06-02T19:42:12.066+0000] {processor.py:161} INFO - Started process (PID=122) to work on /home/airflow/.local/lib/python3.12/site-packages/airflow/example_dags/example_trigger_target_dag.py
[2024-06-02T19:42:12.067+0000] {processor.py:830} INFO - Processing file /home/airflow/.local/lib/python3.12/site-packages/airflow/example_dags/example_trigger_target_dag.py for tasks to queue
[2024-06-02T19:42:12.068+0000] {logging_mixin.py:188} INFO - [2024-06-02T19:42:12.068+0000] {dagbag.py:545} INFO - Filling up the DagBag from /home/airflow/.local/lib/python3.12/site-packages/airflow/example_dags/example_trigger_target_dag.py
[2024-06-02T19:42:12.071+0000] {processor.py:840} INFO - DAG(s) 'example_trigger_target_dag' retrieved from /home/airflow/.local/lib/python3.12/site-packages/airflow/example_dags/example_trigger_target_dag.py
[2024-06-02T19:42:12.129+0000] {logging_mixin.py:188} INFO - [2024-06-02T19:42:12.129+0000] {dag.py:3096} INFO - Sync 1 DAGs
[2024-06-02T19:42:12.135+0000] {logging_mixin.py:188} INFO - [2024-06-02T19:42:12.135+0000] {dag.py:3954} INFO - Setting next_dagrun for example_trigger_target_dag to None, run_after=None
[2024-06-02T19:42:12.146+0000] {processor.py:183} INFO - Processing /home/airflow/.local/lib/python3.12/site-packages/airflow/example_dags/example_trigger_target_dag.py took 0.083 seconds
[2024-06-02T19:42:42.418+0000] {processor.py:161} INFO - Started process (PID=180) to work on /home/airflow/.local/lib/python3.12/site-packages/airflow/example_dags/example_trigger_target_dag.py
[2024-06-02T19:42:42.419+0000] {processor.py:830} INFO - Processing file /home/airflow/.local/lib/python3.12/site-packages/airflow/example_dags/example_trigger_target_dag.py for tasks to queue
[2024-06-02T19:42:42.420+0000] {logging_mixin.py:188} INFO - [2024-06-02T19:42:42.420+0000] {dagbag.py:545} INFO - Filling up the DagBag from /home/airflow/.local/lib/python3.12/site-packages/airflow/example_dags/example_trigger_target_dag.py
[2024-06-02T19:42:42.424+0000] {processor.py:840} INFO - DAG(s) 'example_trigger_target_dag' retrieved from /home/airflow/.local/lib/python3.12/site-packages/airflow/example_dags/example_trigger_target_dag.py
[2024-06-02T19:42:42.435+0000] {logging_mixin.py:188} INFO - [2024-06-02T19:42:42.434+0000] {dag.py:3096} INFO - Sync 1 DAGs
[2024-06-02T19:42:42.442+0000] {logging_mixin.py:188} INFO - [2024-06-02T19:42:42.441+0000] {dag.py:3954} INFO - Setting next_dagrun for example_trigger_target_dag to None, run_after=None
[2024-06-02T19:42:42.452+0000] {processor.py:183} INFO - Processing /home/airflow/.local/lib/python3.12/site-packages/airflow/example_dags/example_trigger_target_dag.py took 0.037 seconds
[2024-06-02T19:43:13.174+0000] {processor.py:161} INFO - Started process (PID=238) to work on /home/airflow/.local/lib/python3.12/site-packages/airflow/example_dags/example_trigger_target_dag.py
[2024-06-02T19:43:13.175+0000] {processor.py:830} INFO - Processing file /home/airflow/.local/lib/python3.12/site-packages/airflow/example_dags/example_trigger_target_dag.py for tasks to queue
[2024-06-02T19:43:13.176+0000] {logging_mixin.py:188} INFO - [2024-06-02T19:43:13.176+0000] {dagbag.py:545} INFO - Filling up the DagBag from /home/airflow/.local/lib/python3.12/site-packages/airflow/example_dags/example_trigger_target_dag.py
[2024-06-02T19:43:13.180+0000] {processor.py:840} INFO - DAG(s) 'example_trigger_target_dag' retrieved from /home/airflow/.local/lib/python3.12/site-packages/airflow/example_dags/example_trigger_target_dag.py
[2024-06-02T19:43:13.191+0000] {logging_mixin.py:188} INFO - [2024-06-02T19:43:13.191+0000] {dag.py:3096} INFO - Sync 1 DAGs
[2024-06-02T19:43:13.198+0000] {logging_mixin.py:188} INFO - [2024-06-02T19:43:13.198+0000] {dag.py:3954} INFO - Setting next_dagrun for example_trigger_target_dag to None, run_after=None
[2024-06-02T19:43:13.208+0000] {processor.py:183} INFO - Processing /home/airflow/.local/lib/python3.12/site-packages/airflow/example_dags/example_trigger_target_dag.py took 0.037 seconds
[2024-06-02T19:43:43.866+0000] {processor.py:161} INFO - Started process (PID=296) to work on /home/airflow/.local/lib/python3.12/site-packages/airflow/example_dags/example_trigger_target_dag.py
[2024-06-02T19:43:43.867+0000] {processor.py:830} INFO - Processing file /home/airflow/.local/lib/python3.12/site-packages/airflow/example_dags/example_trigger_target_dag.py for tasks to queue
[2024-06-02T19:43:43.869+0000] {logging_mixin.py:188} INFO - [2024-06-02T19:43:43.868+0000] {dagbag.py:545} INFO - Filling up the DagBag from /home/airflow/.local/lib/python3.12/site-packages/airflow/example_dags/example_trigger_target_dag.py
[2024-06-02T19:43:43.872+0000] {processor.py:840} INFO - DAG(s) 'example_trigger_target_dag' retrieved from /home/airflow/.local/lib/python3.12/site-packages/airflow/example_dags/example_trigger_target_dag.py
[2024-06-02T19:43:43.883+0000] {logging_mixin.py:188} INFO - [2024-06-02T19:43:43.883+0000] {dag.py:3096} INFO - Sync 1 DAGs
[2024-06-02T19:43:43.890+0000] {logging_mixin.py:188} INFO - [2024-06-02T19:43:43.890+0000] {dag.py:3954} INFO - Setting next_dagrun for example_trigger_target_dag to None, run_after=None
[2024-06-02T19:43:43.900+0000] {processor.py:183} INFO - Processing /home/airflow/.local/lib/python3.12/site-packages/airflow/example_dags/example_trigger_target_dag.py took 0.037 seconds
[2024-06-02T19:44:14.509+0000] {processor.py:161} INFO - Started process (PID=354) to work on /home/airflow/.local/lib/python3.12/site-packages/airflow/example_dags/example_trigger_target_dag.py
[2024-06-02T19:44:14.509+0000] {processor.py:830} INFO - Processing file /home/airflow/.local/lib/python3.12/site-packages/airflow/example_dags/example_trigger_target_dag.py for tasks to queue
[2024-06-02T19:44:14.511+0000] {logging_mixin.py:188} INFO - [2024-06-02T19:44:14.510+0000] {dagbag.py:545} INFO - Filling up the DagBag from /home/airflow/.local/lib/python3.12/site-packages/airflow/example_dags/example_trigger_target_dag.py
[2024-06-02T19:44:14.514+0000] {processor.py:840} INFO - DAG(s) 'example_trigger_target_dag' retrieved from /home/airflow/.local/lib/python3.12/site-packages/airflow/example_dags/example_trigger_target_dag.py
[2024-06-02T19:44:14.525+0000] {logging_mixin.py:188} INFO - [2024-06-02T19:44:14.525+0000] {dag.py:3096} INFO - Sync 1 DAGs
[2024-06-02T19:44:14.533+0000] {logging_mixin.py:188} INFO - [2024-06-02T19:44:14.533+0000] {dag.py:3954} INFO - Setting next_dagrun for example_trigger_target_dag to None, run_after=None
[2024-06-02T19:44:14.544+0000] {processor.py:183} INFO - Processing /home/airflow/.local/lib/python3.12/site-packages/airflow/example_dags/example_trigger_target_dag.py took 0.039 seconds
[2024-06-02T19:44:45.133+0000] {processor.py:161} INFO - Started process (PID=412) to work on /home/airflow/.local/lib/python3.12/site-packages/airflow/example_dags/example_trigger_target_dag.py
[2024-06-02T19:44:45.134+0000] {processor.py:830} INFO - Processing file /home/airflow/.local/lib/python3.12/site-packages/airflow/example_dags/example_trigger_target_dag.py for tasks to queue
[2024-06-02T19:44:45.136+0000] {logging_mixin.py:188} INFO - [2024-06-02T19:44:45.135+0000] {dagbag.py:545} INFO - Filling up the DagBag from /home/airflow/.local/lib/python3.12/site-packages/airflow/example_dags/example_trigger_target_dag.py
[2024-06-02T19:44:45.139+0000] {processor.py:840} INFO - DAG(s) 'example_trigger_target_dag' retrieved from /home/airflow/.local/lib/python3.12/site-packages/airflow/example_dags/example_trigger_target_dag.py
[2024-06-02T19:44:45.151+0000] {logging_mixin.py:188} INFO - [2024-06-02T19:44:45.150+0000] {dag.py:3096} INFO - Sync 1 DAGs
[2024-06-02T19:44:45.158+0000] {logging_mixin.py:188} INFO - [2024-06-02T19:44:45.158+0000] {dag.py:3954} INFO - Setting next_dagrun for example_trigger_target_dag to None, run_after=None
[2024-06-02T19:44:45.168+0000] {processor.py:183} INFO - Processing /home/airflow/.local/lib/python3.12/site-packages/airflow/example_dags/example_trigger_target_dag.py took 0.038 seconds
[2024-06-02T19:45:15.752+0000] {processor.py:161} INFO - Started process (PID=470) to work on /home/airflow/.local/lib/python3.12/site-packages/airflow/example_dags/example_trigger_target_dag.py
[2024-06-02T19:45:15.753+0000] {processor.py:830} INFO - Processing file /home/airflow/.local/lib/python3.12/site-packages/airflow/example_dags/example_trigger_target_dag.py for tasks to queue
[2024-06-02T19:45:15.755+0000] {logging_mixin.py:188} INFO - [2024-06-02T19:45:15.754+0000] {dagbag.py:545} INFO - Filling up the DagBag from /home/airflow/.local/lib/python3.12/site-packages/airflow/example_dags/example_trigger_target_dag.py
[2024-06-02T19:45:15.758+0000] {processor.py:840} INFO - DAG(s) 'example_trigger_target_dag' retrieved from /home/airflow/.local/lib/python3.12/site-packages/airflow/example_dags/example_trigger_target_dag.py
[2024-06-02T19:45:15.768+0000] {logging_mixin.py:188} INFO - [2024-06-02T19:45:15.768+0000] {dag.py:3096} INFO - Sync 1 DAGs
[2024-06-02T19:45:15.776+0000] {logging_mixin.py:188} INFO - [2024-06-02T19:45:15.775+0000] {dag.py:3954} INFO - Setting next_dagrun for example_trigger_target_dag to None, run_after=None
[2024-06-02T19:45:15.789+0000] {processor.py:183} INFO - Processing /home/airflow/.local/lib/python3.12/site-packages/airflow/example_dags/example_trigger_target_dag.py took 0.039 seconds
[2024-06-02T19:45:46.422+0000] {processor.py:161} INFO - Started process (PID=527) to work on /home/airflow/.local/lib/python3.12/site-packages/airflow/example_dags/example_trigger_target_dag.py
[2024-06-02T19:45:46.423+0000] {processor.py:830} INFO - Processing file /home/airflow/.local/lib/python3.12/site-packages/airflow/example_dags/example_trigger_target_dag.py for tasks to queue
[2024-06-02T19:45:46.424+0000] {logging_mixin.py:188} INFO - [2024-06-02T19:45:46.424+0000] {dagbag.py:545} INFO - Filling up the DagBag from /home/airflow/.local/lib/python3.12/site-packages/airflow/example_dags/example_trigger_target_dag.py
[2024-06-02T19:45:46.427+0000] {processor.py:840} INFO - DAG(s) 'example_trigger_target_dag' retrieved from /home/airflow/.local/lib/python3.12/site-packages/airflow/example_dags/example_trigger_target_dag.py
[2024-06-02T19:45:46.438+0000] {logging_mixin.py:188} INFO - [2024-06-02T19:45:46.438+0000] {dag.py:3096} INFO - Sync 1 DAGs
[2024-06-02T19:45:46.445+0000] {logging_mixin.py:188} INFO - [2024-06-02T19:45:46.445+0000] {dag.py:3954} INFO - Setting next_dagrun for example_trigger_target_dag to None, run_after=None
[2024-06-02T19:45:46.455+0000] {processor.py:183} INFO - Processing /home/airflow/.local/lib/python3.12/site-packages/airflow/example_dags/example_trigger_target_dag.py took 0.036 seconds
[2024-06-02T19:46:17.111+0000] {processor.py:161} INFO - Started process (PID=585) to work on /home/airflow/.local/lib/python3.12/site-packages/airflow/example_dags/example_trigger_target_dag.py
[2024-06-02T19:46:17.112+0000] {processor.py:830} INFO - Processing file /home/airflow/.local/lib/python3.12/site-packages/airflow/example_dags/example_trigger_target_dag.py for tasks to queue
[2024-06-02T19:46:17.113+0000] {logging_mixin.py:188} INFO - [2024-06-02T19:46:17.113+0000] {dagbag.py:545} INFO - Filling up the DagBag from /home/airflow/.local/lib/python3.12/site-packages/airflow/example_dags/example_trigger_target_dag.py
[2024-06-02T19:46:17.116+0000] {processor.py:840} INFO - DAG(s) 'example_trigger_target_dag' retrieved from /home/airflow/.local/lib/python3.12/site-packages/airflow/example_dags/example_trigger_target_dag.py
[2024-06-02T19:46:17.127+0000] {logging_mixin.py:188} INFO - [2024-06-02T19:46:17.127+0000] {dag.py:3096} INFO - Sync 1 DAGs
[2024-06-02T19:46:17.133+0000] {logging_mixin.py:188} INFO - [2024-06-02T19:46:17.133+0000] {dag.py:3954} INFO - Setting next_dagrun for example_trigger_target_dag to None, run_after=None
[2024-06-02T19:46:17.143+0000] {processor.py:183} INFO - Processing /home/airflow/.local/lib/python3.12/site-packages/airflow/example_dags/example_trigger_target_dag.py took 0.035 seconds
[2024-06-02T19:46:47.805+0000] {processor.py:161} INFO - Started process (PID=643) to work on /home/airflow/.local/lib/python3.12/site-packages/airflow/example_dags/example_trigger_target_dag.py
[2024-06-02T19:46:47.807+0000] {processor.py:830} INFO - Processing file /home/airflow/.local/lib/python3.12/site-packages/airflow/example_dags/example_trigger_target_dag.py for tasks to queue
[2024-06-02T19:46:47.808+0000] {logging_mixin.py:188} INFO - [2024-06-02T19:46:47.808+0000] {dagbag.py:545} INFO - Filling up the DagBag from /home/airflow/.local/lib/python3.12/site-packages/airflow/example_dags/example_trigger_target_dag.py
[2024-06-02T19:46:47.812+0000] {processor.py:840} INFO - DAG(s) 'example_trigger_target_dag' retrieved from /home/airflow/.local/lib/python3.12/site-packages/airflow/example_dags/example_trigger_target_dag.py
[2024-06-02T19:46:47.822+0000] {logging_mixin.py:188} INFO - [2024-06-02T19:46:47.822+0000] {dag.py:3096} INFO - Sync 1 DAGs
[2024-06-02T19:46:47.830+0000] {logging_mixin.py:188} INFO - [2024-06-02T19:46:47.830+0000] {dag.py:3954} INFO - Setting next_dagrun for example_trigger_target_dag to None, run_after=None
[2024-06-02T19:46:47.840+0000] {processor.py:183} INFO - Processing /home/airflow/.local/lib/python3.12/site-packages/airflow/example_dags/example_trigger_target_dag.py took 0.038 seconds
[2024-06-02T19:47:18.512+0000] {processor.py:161} INFO - Started process (PID=701) to work on /home/airflow/.local/lib/python3.12/site-packages/airflow/example_dags/example_trigger_target_dag.py
[2024-06-02T19:47:18.513+0000] {processor.py:830} INFO - Processing file /home/airflow/.local/lib/python3.12/site-packages/airflow/example_dags/example_trigger_target_dag.py for tasks to queue
[2024-06-02T19:47:18.514+0000] {logging_mixin.py:188} INFO - [2024-06-02T19:47:18.514+0000] {dagbag.py:545} INFO - Filling up the DagBag from /home/airflow/.local/lib/python3.12/site-packages/airflow/example_dags/example_trigger_target_dag.py
[2024-06-02T19:47:18.517+0000] {processor.py:840} INFO - DAG(s) 'example_trigger_target_dag' retrieved from /home/airflow/.local/lib/python3.12/site-packages/airflow/example_dags/example_trigger_target_dag.py
[2024-06-02T19:47:18.528+0000] {logging_mixin.py:188} INFO - [2024-06-02T19:47:18.528+0000] {dag.py:3096} INFO - Sync 1 DAGs
[2024-06-02T19:47:18.535+0000] {logging_mixin.py:188} INFO - [2024-06-02T19:47:18.534+0000] {dag.py:3954} INFO - Setting next_dagrun for example_trigger_target_dag to None, run_after=None
[2024-06-02T19:47:18.544+0000] {processor.py:183} INFO - Processing /home/airflow/.local/lib/python3.12/site-packages/airflow/example_dags/example_trigger_target_dag.py took 0.035 seconds
[2024-06-02T19:47:49.268+0000] {processor.py:161} INFO - Started process (PID=759) to work on /home/airflow/.local/lib/python3.12/site-packages/airflow/example_dags/example_trigger_target_dag.py
[2024-06-02T19:47:49.269+0000] {processor.py:830} INFO - Processing file /home/airflow/.local/lib/python3.12/site-packages/airflow/example_dags/example_trigger_target_dag.py for tasks to queue
[2024-06-02T19:47:49.270+0000] {logging_mixin.py:188} INFO - [2024-06-02T19:47:49.270+0000] {dagbag.py:545} INFO - Filling up the DagBag from /home/airflow/.local/lib/python3.12/site-packages/airflow/example_dags/example_trigger_target_dag.py
[2024-06-02T19:47:49.274+0000] {processor.py:840} INFO - DAG(s) 'example_trigger_target_dag' retrieved from /home/airflow/.local/lib/python3.12/site-packages/airflow/example_dags/example_trigger_target_dag.py
[2024-06-02T19:47:49.286+0000] {logging_mixin.py:188} INFO - [2024-06-02T19:47:49.285+0000] {dag.py:3096} INFO - Sync 1 DAGs
[2024-06-02T19:47:49.293+0000] {logging_mixin.py:188} INFO - [2024-06-02T19:47:49.293+0000] {dag.py:3954} INFO - Setting next_dagrun for example_trigger_target_dag to None, run_after=None
[2024-06-02T19:47:49.304+0000] {processor.py:183} INFO - Processing /home/airflow/.local/lib/python3.12/site-packages/airflow/example_dags/example_trigger_target_dag.py took 0.039 seconds
[2024-06-02T19:48:19.956+0000] {processor.py:161} INFO - Started process (PID=817) to work on /home/airflow/.local/lib/python3.12/site-packages/airflow/example_dags/example_trigger_target_dag.py
[2024-06-02T19:48:19.957+0000] {processor.py:830} INFO - Processing file /home/airflow/.local/lib/python3.12/site-packages/airflow/example_dags/example_trigger_target_dag.py for tasks to queue
[2024-06-02T19:48:19.958+0000] {logging_mixin.py:188} INFO - [2024-06-02T19:48:19.958+0000] {dagbag.py:545} INFO - Filling up the DagBag from /home/airflow/.local/lib/python3.12/site-packages/airflow/example_dags/example_trigger_target_dag.py
[2024-06-02T19:48:19.961+0000] {processor.py:840} INFO - DAG(s) 'example_trigger_target_dag' retrieved from /home/airflow/.local/lib/python3.12/site-packages/airflow/example_dags/example_trigger_target_dag.py
[2024-06-02T19:48:19.972+0000] {logging_mixin.py:188} INFO - [2024-06-02T19:48:19.972+0000] {dag.py:3096} INFO - Sync 1 DAGs
[2024-06-02T19:48:19.979+0000] {logging_mixin.py:188} INFO - [2024-06-02T19:48:19.979+0000] {dag.py:3954} INFO - Setting next_dagrun for example_trigger_target_dag to None, run_after=None
[2024-06-02T19:48:19.989+0000] {processor.py:183} INFO - Processing /home/airflow/.local/lib/python3.12/site-packages/airflow/example_dags/example_trigger_target_dag.py took 0.036 seconds
[2024-06-02T19:48:50.620+0000] {processor.py:161} INFO - Started process (PID=875) to work on /home/airflow/.local/lib/python3.12/site-packages/airflow/example_dags/example_trigger_target_dag.py
[2024-06-02T19:48:50.621+0000] {processor.py:830} INFO - Processing file /home/airflow/.local/lib/python3.12/site-packages/airflow/example_dags/example_trigger_target_dag.py for tasks to queue
[2024-06-02T19:48:50.622+0000] {logging_mixin.py:188} INFO - [2024-06-02T19:48:50.622+0000] {dagbag.py:545} INFO - Filling up the DagBag from /home/airflow/.local/lib/python3.12/site-packages/airflow/example_dags/example_trigger_target_dag.py
[2024-06-02T19:48:50.626+0000] {processor.py:840} INFO - DAG(s) 'example_trigger_target_dag' retrieved from /home/airflow/.local/lib/python3.12/site-packages/airflow/example_dags/example_trigger_target_dag.py
[2024-06-02T19:48:50.637+0000] {logging_mixin.py:188} INFO - [2024-06-02T19:48:50.637+0000] {dag.py:3096} INFO - Sync 1 DAGs
[2024-06-02T19:48:50.644+0000] {logging_mixin.py:188} INFO - [2024-06-02T19:48:50.644+0000] {dag.py:3954} INFO - Setting next_dagrun for example_trigger_target_dag to None, run_after=None
[2024-06-02T19:48:50.655+0000] {processor.py:183} INFO - Processing /home/airflow/.local/lib/python3.12/site-packages/airflow/example_dags/example_trigger_target_dag.py took 0.038 seconds
[2024-06-02T19:49:21.251+0000] {processor.py:161} INFO - Started process (PID=933) to work on /home/airflow/.local/lib/python3.12/site-packages/airflow/example_dags/example_trigger_target_dag.py
[2024-06-02T19:49:21.252+0000] {processor.py:830} INFO - Processing file /home/airflow/.local/lib/python3.12/site-packages/airflow/example_dags/example_trigger_target_dag.py for tasks to queue
[2024-06-02T19:49:21.253+0000] {logging_mixin.py:188} INFO - [2024-06-02T19:49:21.253+0000] {dagbag.py:545} INFO - Filling up the DagBag from /home/airflow/.local/lib/python3.12/site-packages/airflow/example_dags/example_trigger_target_dag.py
[2024-06-02T19:49:21.257+0000] {processor.py:840} INFO - DAG(s) 'example_trigger_target_dag' retrieved from /home/airflow/.local/lib/python3.12/site-packages/airflow/example_dags/example_trigger_target_dag.py
[2024-06-02T19:49:21.268+0000] {logging_mixin.py:188} INFO - [2024-06-02T19:49:21.268+0000] {dag.py:3096} INFO - Sync 1 DAGs
[2024-06-02T19:49:21.276+0000] {logging_mixin.py:188} INFO - [2024-06-02T19:49:21.276+0000] {dag.py:3954} INFO - Setting next_dagrun for example_trigger_target_dag to None, run_after=None
[2024-06-02T19:49:21.288+0000] {processor.py:183} INFO - Processing /home/airflow/.local/lib/python3.12/site-packages/airflow/example_dags/example_trigger_target_dag.py took 0.040 seconds
[2024-06-02T19:49:51.894+0000] {processor.py:161} INFO - Started process (PID=991) to work on /home/airflow/.local/lib/python3.12/site-packages/airflow/example_dags/example_trigger_target_dag.py
[2024-06-02T19:49:51.895+0000] {processor.py:830} INFO - Processing file /home/airflow/.local/lib/python3.12/site-packages/airflow/example_dags/example_trigger_target_dag.py for tasks to queue
[2024-06-02T19:49:51.896+0000] {logging_mixin.py:188} INFO - [2024-06-02T19:49:51.896+0000] {dagbag.py:545} INFO - Filling up the DagBag from /home/airflow/.local/lib/python3.12/site-packages/airflow/example_dags/example_trigger_target_dag.py
[2024-06-02T19:49:51.900+0000] {processor.py:840} INFO - DAG(s) 'example_trigger_target_dag' retrieved from /home/airflow/.local/lib/python3.12/site-packages/airflow/example_dags/example_trigger_target_dag.py
[2024-06-02T19:49:51.911+0000] {logging_mixin.py:188} INFO - [2024-06-02T19:49:51.911+0000] {dag.py:3096} INFO - Sync 1 DAGs
[2024-06-02T19:49:51.918+0000] {logging_mixin.py:188} INFO - [2024-06-02T19:49:51.918+0000] {dag.py:3954} INFO - Setting next_dagrun for example_trigger_target_dag to None, run_after=None
[2024-06-02T19:49:51.930+0000] {processor.py:183} INFO - Processing /home/airflow/.local/lib/python3.12/site-packages/airflow/example_dags/example_trigger_target_dag.py took 0.039 seconds
[2024-06-02T19:50:22.650+0000] {processor.py:161} INFO - Started process (PID=1049) to work on /home/airflow/.local/lib/python3.12/site-packages/airflow/example_dags/example_trigger_target_dag.py
[2024-06-02T19:50:22.650+0000] {processor.py:830} INFO - Processing file /home/airflow/.local/lib/python3.12/site-packages/airflow/example_dags/example_trigger_target_dag.py for tasks to queue
[2024-06-02T19:50:22.652+0000] {logging_mixin.py:188} INFO - [2024-06-02T19:50:22.652+0000] {dagbag.py:545} INFO - Filling up the DagBag from /home/airflow/.local/lib/python3.12/site-packages/airflow/example_dags/example_trigger_target_dag.py
[2024-06-02T19:50:22.655+0000] {processor.py:840} INFO - DAG(s) 'example_trigger_target_dag' retrieved from /home/airflow/.local/lib/python3.12/site-packages/airflow/example_dags/example_trigger_target_dag.py
[2024-06-02T19:50:22.666+0000] {logging_mixin.py:188} INFO - [2024-06-02T19:50:22.666+0000] {dag.py:3096} INFO - Sync 1 DAGs
[2024-06-02T19:50:22.673+0000] {logging_mixin.py:188} INFO - [2024-06-02T19:50:22.673+0000] {dag.py:3954} INFO - Setting next_dagrun for example_trigger_target_dag to None, run_after=None
[2024-06-02T19:50:22.683+0000] {processor.py:183} INFO - Processing /home/airflow/.local/lib/python3.12/site-packages/airflow/example_dags/example_trigger_target_dag.py took 0.037 seconds
[2024-06-02T19:50:52.741+0000] {processor.py:161} INFO - Started process (PID=1107) to work on /home/airflow/.local/lib/python3.12/site-packages/airflow/example_dags/example_trigger_target_dag.py
[2024-06-02T19:50:52.742+0000] {processor.py:830} INFO - Processing file /home/airflow/.local/lib/python3.12/site-packages/airflow/example_dags/example_trigger_target_dag.py for tasks to queue
[2024-06-02T19:50:52.744+0000] {logging_mixin.py:188} INFO - [2024-06-02T19:50:52.743+0000] {dagbag.py:545} INFO - Filling up the DagBag from /home/airflow/.local/lib/python3.12/site-packages/airflow/example_dags/example_trigger_target_dag.py
[2024-06-02T19:50:52.747+0000] {processor.py:840} INFO - DAG(s) 'example_trigger_target_dag' retrieved from /home/airflow/.local/lib/python3.12/site-packages/airflow/example_dags/example_trigger_target_dag.py
[2024-06-02T19:50:52.759+0000] {logging_mixin.py:188} INFO - [2024-06-02T19:50:52.758+0000] {dag.py:3096} INFO - Sync 1 DAGs
[2024-06-02T19:50:52.766+0000] {logging_mixin.py:188} INFO - [2024-06-02T19:50:52.766+0000] {dag.py:3954} INFO - Setting next_dagrun for example_trigger_target_dag to None, run_after=None
[2024-06-02T19:50:52.778+0000] {processor.py:183} INFO - Processing /home/airflow/.local/lib/python3.12/site-packages/airflow/example_dags/example_trigger_target_dag.py took 0.039 seconds
[2024-06-02T19:51:22.974+0000] {processor.py:161} INFO - Started process (PID=1165) to work on /home/airflow/.local/lib/python3.12/site-packages/airflow/example_dags/example_trigger_target_dag.py
[2024-06-02T19:51:22.974+0000] {processor.py:830} INFO - Processing file /home/airflow/.local/lib/python3.12/site-packages/airflow/example_dags/example_trigger_target_dag.py for tasks to queue
[2024-06-02T19:51:22.977+0000] {logging_mixin.py:188} INFO - [2024-06-02T19:51:22.976+0000] {dagbag.py:545} INFO - Filling up the DagBag from /home/airflow/.local/lib/python3.12/site-packages/airflow/example_dags/example_trigger_target_dag.py
[2024-06-02T19:51:22.980+0000] {processor.py:840} INFO - DAG(s) 'example_trigger_target_dag' retrieved from /home/airflow/.local/lib/python3.12/site-packages/airflow/example_dags/example_trigger_target_dag.py
[2024-06-02T19:51:22.991+0000] {logging_mixin.py:188} INFO - [2024-06-02T19:51:22.991+0000] {dag.py:3096} INFO - Sync 1 DAGs
[2024-06-02T19:51:22.998+0000] {logging_mixin.py:188} INFO - [2024-06-02T19:51:22.998+0000] {dag.py:3954} INFO - Setting next_dagrun for example_trigger_target_dag to None, run_after=None
[2024-06-02T19:51:23.008+0000] {processor.py:183} INFO - Processing /home/airflow/.local/lib/python3.12/site-packages/airflow/example_dags/example_trigger_target_dag.py took 0.037 seconds
[2024-06-02T19:51:53.111+0000] {processor.py:161} INFO - Started process (PID=1223) to work on /home/airflow/.local/lib/python3.12/site-packages/airflow/example_dags/example_trigger_target_dag.py
[2024-06-02T19:51:53.111+0000] {processor.py:830} INFO - Processing file /home/airflow/.local/lib/python3.12/site-packages/airflow/example_dags/example_trigger_target_dag.py for tasks to queue
[2024-06-02T19:51:53.112+0000] {logging_mixin.py:188} INFO - [2024-06-02T19:51:53.112+0000] {dagbag.py:545} INFO - Filling up the DagBag from /home/airflow/.local/lib/python3.12/site-packages/airflow/example_dags/example_trigger_target_dag.py
[2024-06-02T19:51:53.116+0000] {processor.py:840} INFO - DAG(s) 'example_trigger_target_dag' retrieved from /home/airflow/.local/lib/python3.12/site-packages/airflow/example_dags/example_trigger_target_dag.py
[2024-06-02T19:51:53.128+0000] {logging_mixin.py:188} INFO - [2024-06-02T19:51:53.128+0000] {dag.py:3096} INFO - Sync 1 DAGs
[2024-06-02T19:51:53.137+0000] {logging_mixin.py:188} INFO - [2024-06-02T19:51:53.136+0000] {dag.py:3954} INFO - Setting next_dagrun for example_trigger_target_dag to None, run_after=None
[2024-06-02T19:51:53.149+0000] {processor.py:183} INFO - Processing /home/airflow/.local/lib/python3.12/site-packages/airflow/example_dags/example_trigger_target_dag.py took 0.041 seconds
[2024-06-02T19:52:23.834+0000] {processor.py:161} INFO - Started process (PID=1281) to work on /home/airflow/.local/lib/python3.12/site-packages/airflow/example_dags/example_trigger_target_dag.py
[2024-06-02T19:52:23.835+0000] {processor.py:830} INFO - Processing file /home/airflow/.local/lib/python3.12/site-packages/airflow/example_dags/example_trigger_target_dag.py for tasks to queue
[2024-06-02T19:52:23.836+0000] {logging_mixin.py:188} INFO - [2024-06-02T19:52:23.836+0000] {dagbag.py:545} INFO - Filling up the DagBag from /home/airflow/.local/lib/python3.12/site-packages/airflow/example_dags/example_trigger_target_dag.py
[2024-06-02T19:52:23.839+0000] {processor.py:840} INFO - DAG(s) 'example_trigger_target_dag' retrieved from /home/airflow/.local/lib/python3.12/site-packages/airflow/example_dags/example_trigger_target_dag.py
[2024-06-02T19:52:23.851+0000] {logging_mixin.py:188} INFO - [2024-06-02T19:52:23.850+0000] {dag.py:3096} INFO - Sync 1 DAGs
[2024-06-02T19:52:23.858+0000] {logging_mixin.py:188} INFO - [2024-06-02T19:52:23.858+0000] {dag.py:3954} INFO - Setting next_dagrun for example_trigger_target_dag to None, run_after=None
[2024-06-02T19:52:23.868+0000] {processor.py:183} INFO - Processing /home/airflow/.local/lib/python3.12/site-packages/airflow/example_dags/example_trigger_target_dag.py took 0.038 seconds
[2024-06-02T19:52:54.549+0000] {processor.py:161} INFO - Started process (PID=1338) to work on /home/airflow/.local/lib/python3.12/site-packages/airflow/example_dags/example_trigger_target_dag.py
[2024-06-02T19:52:54.550+0000] {processor.py:830} INFO - Processing file /home/airflow/.local/lib/python3.12/site-packages/airflow/example_dags/example_trigger_target_dag.py for tasks to queue
[2024-06-02T19:52:54.551+0000] {logging_mixin.py:188} INFO - [2024-06-02T19:52:54.551+0000] {dagbag.py:545} INFO - Filling up the DagBag from /home/airflow/.local/lib/python3.12/site-packages/airflow/example_dags/example_trigger_target_dag.py
[2024-06-02T19:52:54.554+0000] {processor.py:840} INFO - DAG(s) 'example_trigger_target_dag' retrieved from /home/airflow/.local/lib/python3.12/site-packages/airflow/example_dags/example_trigger_target_dag.py
[2024-06-02T19:52:54.566+0000] {logging_mixin.py:188} INFO - [2024-06-02T19:52:54.566+0000] {dag.py:3096} INFO - Sync 1 DAGs
[2024-06-02T19:52:54.575+0000] {logging_mixin.py:188} INFO - [2024-06-02T19:52:54.575+0000] {dag.py:3954} INFO - Setting next_dagrun for example_trigger_target_dag to None, run_after=None
[2024-06-02T19:52:54.588+0000] {processor.py:183} INFO - Processing /home/airflow/.local/lib/python3.12/site-packages/airflow/example_dags/example_trigger_target_dag.py took 0.042 seconds
[2024-06-02T19:53:25.250+0000] {processor.py:161} INFO - Started process (PID=1396) to work on /home/airflow/.local/lib/python3.12/site-packages/airflow/example_dags/example_trigger_target_dag.py
[2024-06-02T19:53:25.250+0000] {processor.py:830} INFO - Processing file /home/airflow/.local/lib/python3.12/site-packages/airflow/example_dags/example_trigger_target_dag.py for tasks to queue
[2024-06-02T19:53:25.252+0000] {logging_mixin.py:188} INFO - [2024-06-02T19:53:25.251+0000] {dagbag.py:545} INFO - Filling up the DagBag from /home/airflow/.local/lib/python3.12/site-packages/airflow/example_dags/example_trigger_target_dag.py
[2024-06-02T19:53:25.255+0000] {processor.py:840} INFO - DAG(s) 'example_trigger_target_dag' retrieved from /home/airflow/.local/lib/python3.12/site-packages/airflow/example_dags/example_trigger_target_dag.py
[2024-06-02T19:53:25.266+0000] {logging_mixin.py:188} INFO - [2024-06-02T19:53:25.266+0000] {dag.py:3096} INFO - Sync 1 DAGs
[2024-06-02T19:53:25.275+0000] {logging_mixin.py:188} INFO - [2024-06-02T19:53:25.275+0000] {dag.py:3954} INFO - Setting next_dagrun for example_trigger_target_dag to None, run_after=None
[2024-06-02T19:53:25.290+0000] {processor.py:183} INFO - Processing /home/airflow/.local/lib/python3.12/site-packages/airflow/example_dags/example_trigger_target_dag.py took 0.043 seconds
[2024-06-02T19:53:55.945+0000] {processor.py:161} INFO - Started process (PID=1460) to work on /home/airflow/.local/lib/python3.12/site-packages/airflow/example_dags/example_trigger_target_dag.py
[2024-06-02T19:53:55.946+0000] {processor.py:830} INFO - Processing file /home/airflow/.local/lib/python3.12/site-packages/airflow/example_dags/example_trigger_target_dag.py for tasks to queue
[2024-06-02T19:53:55.947+0000] {logging_mixin.py:188} INFO - [2024-06-02T19:53:55.947+0000] {dagbag.py:545} INFO - Filling up the DagBag from /home/airflow/.local/lib/python3.12/site-packages/airflow/example_dags/example_trigger_target_dag.py
[2024-06-02T19:53:55.950+0000] {processor.py:840} INFO - DAG(s) 'example_trigger_target_dag' retrieved from /home/airflow/.local/lib/python3.12/site-packages/airflow/example_dags/example_trigger_target_dag.py
[2024-06-02T19:53:55.961+0000] {logging_mixin.py:188} INFO - [2024-06-02T19:53:55.961+0000] {dag.py:3096} INFO - Sync 1 DAGs
[2024-06-02T19:53:55.968+0000] {logging_mixin.py:188} INFO - [2024-06-02T19:53:55.968+0000] {dag.py:3954} INFO - Setting next_dagrun for example_trigger_target_dag to None, run_after=None
[2024-06-02T19:53:55.978+0000] {processor.py:183} INFO - Processing /home/airflow/.local/lib/python3.12/site-packages/airflow/example_dags/example_trigger_target_dag.py took 0.035 seconds
[2024-06-02T19:54:26.689+0000] {processor.py:161} INFO - Started process (PID=1518) to work on /home/airflow/.local/lib/python3.12/site-packages/airflow/example_dags/example_trigger_target_dag.py
[2024-06-02T19:54:26.690+0000] {processor.py:830} INFO - Processing file /home/airflow/.local/lib/python3.12/site-packages/airflow/example_dags/example_trigger_target_dag.py for tasks to queue
[2024-06-02T19:54:26.692+0000] {logging_mixin.py:188} INFO - [2024-06-02T19:54:26.691+0000] {dagbag.py:545} INFO - Filling up the DagBag from /home/airflow/.local/lib/python3.12/site-packages/airflow/example_dags/example_trigger_target_dag.py
[2024-06-02T19:54:26.696+0000] {processor.py:840} INFO - DAG(s) 'example_trigger_target_dag' retrieved from /home/airflow/.local/lib/python3.12/site-packages/airflow/example_dags/example_trigger_target_dag.py
[2024-06-02T19:54:26.707+0000] {logging_mixin.py:188} INFO - [2024-06-02T19:54:26.707+0000] {dag.py:3096} INFO - Sync 1 DAGs
[2024-06-02T19:54:26.714+0000] {logging_mixin.py:188} INFO - [2024-06-02T19:54:26.714+0000] {dag.py:3954} INFO - Setting next_dagrun for example_trigger_target_dag to None, run_after=None
[2024-06-02T19:54:26.724+0000] {processor.py:183} INFO - Processing /home/airflow/.local/lib/python3.12/site-packages/airflow/example_dags/example_trigger_target_dag.py took 0.038 seconds
[2024-06-02T19:54:57.487+0000] {processor.py:161} INFO - Started process (PID=1576) to work on /home/airflow/.local/lib/python3.12/site-packages/airflow/example_dags/example_trigger_target_dag.py
[2024-06-02T19:54:57.488+0000] {processor.py:830} INFO - Processing file /home/airflow/.local/lib/python3.12/site-packages/airflow/example_dags/example_trigger_target_dag.py for tasks to queue
[2024-06-02T19:54:57.489+0000] {logging_mixin.py:188} INFO - [2024-06-02T19:54:57.489+0000] {dagbag.py:545} INFO - Filling up the DagBag from /home/airflow/.local/lib/python3.12/site-packages/airflow/example_dags/example_trigger_target_dag.py
[2024-06-02T19:54:57.492+0000] {processor.py:840} INFO - DAG(s) 'example_trigger_target_dag' retrieved from /home/airflow/.local/lib/python3.12/site-packages/airflow/example_dags/example_trigger_target_dag.py
[2024-06-02T19:54:57.504+0000] {logging_mixin.py:188} INFO - [2024-06-02T19:54:57.504+0000] {dag.py:3096} INFO - Sync 1 DAGs
[2024-06-02T19:54:57.511+0000] {logging_mixin.py:188} INFO - [2024-06-02T19:54:57.511+0000] {dag.py:3954} INFO - Setting next_dagrun for example_trigger_target_dag to None, run_after=None
[2024-06-02T19:54:57.522+0000] {processor.py:183} INFO - Processing /home/airflow/.local/lib/python3.12/site-packages/airflow/example_dags/example_trigger_target_dag.py took 0.039 seconds
[2024-06-02T19:55:28.176+0000] {processor.py:161} INFO - Started process (PID=1634) to work on /home/airflow/.local/lib/python3.12/site-packages/airflow/example_dags/example_trigger_target_dag.py
[2024-06-02T19:55:28.177+0000] {processor.py:830} INFO - Processing file /home/airflow/.local/lib/python3.12/site-packages/airflow/example_dags/example_trigger_target_dag.py for tasks to queue
[2024-06-02T19:55:28.179+0000] {logging_mixin.py:188} INFO - [2024-06-02T19:55:28.179+0000] {dagbag.py:545} INFO - Filling up the DagBag from /home/airflow/.local/lib/python3.12/site-packages/airflow/example_dags/example_trigger_target_dag.py
[2024-06-02T19:55:28.183+0000] {processor.py:840} INFO - DAG(s) 'example_trigger_target_dag' retrieved from /home/airflow/.local/lib/python3.12/site-packages/airflow/example_dags/example_trigger_target_dag.py
[2024-06-02T19:55:28.195+0000] {logging_mixin.py:188} INFO - [2024-06-02T19:55:28.195+0000] {dag.py:3096} INFO - Sync 1 DAGs
[2024-06-02T19:55:28.203+0000] {logging_mixin.py:188} INFO - [2024-06-02T19:55:28.203+0000] {dag.py:3954} INFO - Setting next_dagrun for example_trigger_target_dag to None, run_after=None
[2024-06-02T19:55:28.214+0000] {processor.py:183} INFO - Processing /home/airflow/.local/lib/python3.12/site-packages/airflow/example_dags/example_trigger_target_dag.py took 0.041 seconds
[2024-06-02T19:55:58.891+0000] {processor.py:161} INFO - Started process (PID=1692) to work on /home/airflow/.local/lib/python3.12/site-packages/airflow/example_dags/example_trigger_target_dag.py
[2024-06-02T19:55:58.892+0000] {processor.py:830} INFO - Processing file /home/airflow/.local/lib/python3.12/site-packages/airflow/example_dags/example_trigger_target_dag.py for tasks to queue
[2024-06-02T19:55:58.893+0000] {logging_mixin.py:188} INFO - [2024-06-02T19:55:58.893+0000] {dagbag.py:545} INFO - Filling up the DagBag from /home/airflow/.local/lib/python3.12/site-packages/airflow/example_dags/example_trigger_target_dag.py
[2024-06-02T19:55:58.897+0000] {processor.py:840} INFO - DAG(s) 'example_trigger_target_dag' retrieved from /home/airflow/.local/lib/python3.12/site-packages/airflow/example_dags/example_trigger_target_dag.py
[2024-06-02T19:55:58.908+0000] {logging_mixin.py:188} INFO - [2024-06-02T19:55:58.908+0000] {dag.py:3096} INFO - Sync 1 DAGs
[2024-06-02T19:55:58.915+0000] {logging_mixin.py:188} INFO - [2024-06-02T19:55:58.915+0000] {dag.py:3954} INFO - Setting next_dagrun for example_trigger_target_dag to None, run_after=None
[2024-06-02T19:55:58.925+0000] {processor.py:183} INFO - Processing /home/airflow/.local/lib/python3.12/site-packages/airflow/example_dags/example_trigger_target_dag.py took 0.036 seconds
[2024-06-02T19:56:29.508+0000] {processor.py:161} INFO - Started process (PID=1750) to work on /home/airflow/.local/lib/python3.12/site-packages/airflow/example_dags/example_trigger_target_dag.py
[2024-06-02T19:56:29.509+0000] {processor.py:830} INFO - Processing file /home/airflow/.local/lib/python3.12/site-packages/airflow/example_dags/example_trigger_target_dag.py for tasks to queue
[2024-06-02T19:56:29.510+0000] {logging_mixin.py:188} INFO - [2024-06-02T19:56:29.510+0000] {dagbag.py:545} INFO - Filling up the DagBag from /home/airflow/.local/lib/python3.12/site-packages/airflow/example_dags/example_trigger_target_dag.py
[2024-06-02T19:56:29.514+0000] {processor.py:840} INFO - DAG(s) 'example_trigger_target_dag' retrieved from /home/airflow/.local/lib/python3.12/site-packages/airflow/example_dags/example_trigger_target_dag.py
[2024-06-02T19:56:29.525+0000] {logging_mixin.py:188} INFO - [2024-06-02T19:56:29.525+0000] {dag.py:3096} INFO - Sync 1 DAGs
[2024-06-02T19:56:29.532+0000] {logging_mixin.py:188} INFO - [2024-06-02T19:56:29.532+0000] {dag.py:3954} INFO - Setting next_dagrun for example_trigger_target_dag to None, run_after=None
[2024-06-02T19:56:29.542+0000] {processor.py:183} INFO - Processing /home/airflow/.local/lib/python3.12/site-packages/airflow/example_dags/example_trigger_target_dag.py took 0.037 seconds
[2024-06-02T19:57:00.334+0000] {processor.py:161} INFO - Started process (PID=1808) to work on /home/airflow/.local/lib/python3.12/site-packages/airflow/example_dags/example_trigger_target_dag.py
[2024-06-02T19:57:00.335+0000] {processor.py:830} INFO - Processing file /home/airflow/.local/lib/python3.12/site-packages/airflow/example_dags/example_trigger_target_dag.py for tasks to queue
[2024-06-02T19:57:00.336+0000] {logging_mixin.py:188} INFO - [2024-06-02T19:57:00.336+0000] {dagbag.py:545} INFO - Filling up the DagBag from /home/airflow/.local/lib/python3.12/site-packages/airflow/example_dags/example_trigger_target_dag.py
[2024-06-02T19:57:00.340+0000] {processor.py:840} INFO - DAG(s) 'example_trigger_target_dag' retrieved from /home/airflow/.local/lib/python3.12/site-packages/airflow/example_dags/example_trigger_target_dag.py
[2024-06-02T19:57:00.351+0000] {logging_mixin.py:188} INFO - [2024-06-02T19:57:00.351+0000] {dag.py:3096} INFO - Sync 1 DAGs
[2024-06-02T19:57:00.358+0000] {logging_mixin.py:188} INFO - [2024-06-02T19:57:00.358+0000] {dag.py:3954} INFO - Setting next_dagrun for example_trigger_target_dag to None, run_after=None
[2024-06-02T19:57:00.369+0000] {processor.py:183} INFO - Processing /home/airflow/.local/lib/python3.12/site-packages/airflow/example_dags/example_trigger_target_dag.py took 0.038 seconds
[2024-06-02T19:57:31.052+0000] {processor.py:161} INFO - Started process (PID=1866) to work on /home/airflow/.local/lib/python3.12/site-packages/airflow/example_dags/example_trigger_target_dag.py
[2024-06-02T19:57:31.053+0000] {processor.py:830} INFO - Processing file /home/airflow/.local/lib/python3.12/site-packages/airflow/example_dags/example_trigger_target_dag.py for tasks to queue
[2024-06-02T19:57:31.054+0000] {logging_mixin.py:188} INFO - [2024-06-02T19:57:31.053+0000] {dagbag.py:545} INFO - Filling up the DagBag from /home/airflow/.local/lib/python3.12/site-packages/airflow/example_dags/example_trigger_target_dag.py
[2024-06-02T19:57:31.057+0000] {processor.py:840} INFO - DAG(s) 'example_trigger_target_dag' retrieved from /home/airflow/.local/lib/python3.12/site-packages/airflow/example_dags/example_trigger_target_dag.py
[2024-06-02T19:57:31.070+0000] {logging_mixin.py:188} INFO - [2024-06-02T19:57:31.070+0000] {dag.py:3096} INFO - Sync 1 DAGs
[2024-06-02T19:57:31.078+0000] {logging_mixin.py:188} INFO - [2024-06-02T19:57:31.078+0000] {dag.py:3954} INFO - Setting next_dagrun for example_trigger_target_dag to None, run_after=None
[2024-06-02T19:57:31.090+0000] {processor.py:183} INFO - Processing /home/airflow/.local/lib/python3.12/site-packages/airflow/example_dags/example_trigger_target_dag.py took 0.042 seconds
[2024-06-02T19:58:02.051+0000] {processor.py:161} INFO - Started process (PID=1924) to work on /home/airflow/.local/lib/python3.12/site-packages/airflow/example_dags/example_trigger_target_dag.py
[2024-06-02T19:58:02.052+0000] {processor.py:830} INFO - Processing file /home/airflow/.local/lib/python3.12/site-packages/airflow/example_dags/example_trigger_target_dag.py for tasks to queue
[2024-06-02T19:58:02.053+0000] {logging_mixin.py:188} INFO - [2024-06-02T19:58:02.053+0000] {dagbag.py:545} INFO - Filling up the DagBag from /home/airflow/.local/lib/python3.12/site-packages/airflow/example_dags/example_trigger_target_dag.py
[2024-06-02T19:58:02.057+0000] {processor.py:840} INFO - DAG(s) 'example_trigger_target_dag' retrieved from /home/airflow/.local/lib/python3.12/site-packages/airflow/example_dags/example_trigger_target_dag.py
[2024-06-02T19:58:02.069+0000] {logging_mixin.py:188} INFO - [2024-06-02T19:58:02.069+0000] {dag.py:3096} INFO - Sync 1 DAGs
[2024-06-02T19:58:02.078+0000] {logging_mixin.py:188} INFO - [2024-06-02T19:58:02.077+0000] {dag.py:3954} INFO - Setting next_dagrun for example_trigger_target_dag to None, run_after=None
[2024-06-02T19:58:02.089+0000] {processor.py:183} INFO - Processing /home/airflow/.local/lib/python3.12/site-packages/airflow/example_dags/example_trigger_target_dag.py took 0.041 seconds
[2024-06-02T19:58:32.856+0000] {processor.py:161} INFO - Started process (PID=1982) to work on /home/airflow/.local/lib/python3.12/site-packages/airflow/example_dags/example_trigger_target_dag.py
[2024-06-02T19:58:32.856+0000] {processor.py:830} INFO - Processing file /home/airflow/.local/lib/python3.12/site-packages/airflow/example_dags/example_trigger_target_dag.py for tasks to queue
[2024-06-02T19:58:32.858+0000] {logging_mixin.py:188} INFO - [2024-06-02T19:58:32.857+0000] {dagbag.py:545} INFO - Filling up the DagBag from /home/airflow/.local/lib/python3.12/site-packages/airflow/example_dags/example_trigger_target_dag.py
[2024-06-02T19:58:32.861+0000] {processor.py:840} INFO - DAG(s) 'example_trigger_target_dag' retrieved from /home/airflow/.local/lib/python3.12/site-packages/airflow/example_dags/example_trigger_target_dag.py
[2024-06-02T19:58:32.872+0000] {logging_mixin.py:188} INFO - [2024-06-02T19:58:32.872+0000] {dag.py:3096} INFO - Sync 1 DAGs
[2024-06-02T19:58:32.879+0000] {logging_mixin.py:188} INFO - [2024-06-02T19:58:32.879+0000] {dag.py:3954} INFO - Setting next_dagrun for example_trigger_target_dag to None, run_after=None
[2024-06-02T19:58:32.890+0000] {processor.py:183} INFO - Processing /home/airflow/.local/lib/python3.12/site-packages/airflow/example_dags/example_trigger_target_dag.py took 0.037 seconds
[2024-06-02T19:59:03.042+0000] {processor.py:161} INFO - Started process (PID=2040) to work on /home/airflow/.local/lib/python3.12/site-packages/airflow/example_dags/example_trigger_target_dag.py
[2024-06-02T19:59:03.043+0000] {processor.py:830} INFO - Processing file /home/airflow/.local/lib/python3.12/site-packages/airflow/example_dags/example_trigger_target_dag.py for tasks to queue
[2024-06-02T19:59:03.044+0000] {logging_mixin.py:188} INFO - [2024-06-02T19:59:03.044+0000] {dagbag.py:545} INFO - Filling up the DagBag from /home/airflow/.local/lib/python3.12/site-packages/airflow/example_dags/example_trigger_target_dag.py
[2024-06-02T19:59:03.047+0000] {processor.py:840} INFO - DAG(s) 'example_trigger_target_dag' retrieved from /home/airflow/.local/lib/python3.12/site-packages/airflow/example_dags/example_trigger_target_dag.py
[2024-06-02T19:59:03.058+0000] {logging_mixin.py:188} INFO - [2024-06-02T19:59:03.058+0000] {dag.py:3096} INFO - Sync 1 DAGs
[2024-06-02T19:59:03.066+0000] {logging_mixin.py:188} INFO - [2024-06-02T19:59:03.065+0000] {dag.py:3954} INFO - Setting next_dagrun for example_trigger_target_dag to None, run_after=None
[2024-06-02T19:59:03.076+0000] {processor.py:183} INFO - Processing /home/airflow/.local/lib/python3.12/site-packages/airflow/example_dags/example_trigger_target_dag.py took 0.036 seconds
[2024-06-02T19:59:33.543+0000] {processor.py:161} INFO - Started process (PID=2098) to work on /home/airflow/.local/lib/python3.12/site-packages/airflow/example_dags/example_trigger_target_dag.py
[2024-06-02T19:59:33.543+0000] {processor.py:830} INFO - Processing file /home/airflow/.local/lib/python3.12/site-packages/airflow/example_dags/example_trigger_target_dag.py for tasks to queue
[2024-06-02T19:59:33.545+0000] {logging_mixin.py:188} INFO - [2024-06-02T19:59:33.544+0000] {dagbag.py:545} INFO - Filling up the DagBag from /home/airflow/.local/lib/python3.12/site-packages/airflow/example_dags/example_trigger_target_dag.py
[2024-06-02T19:59:33.548+0000] {processor.py:840} INFO - DAG(s) 'example_trigger_target_dag' retrieved from /home/airflow/.local/lib/python3.12/site-packages/airflow/example_dags/example_trigger_target_dag.py
[2024-06-02T19:59:33.559+0000] {logging_mixin.py:188} INFO - [2024-06-02T19:59:33.559+0000] {dag.py:3096} INFO - Sync 1 DAGs
[2024-06-02T19:59:33.567+0000] {logging_mixin.py:188} INFO - [2024-06-02T19:59:33.566+0000] {dag.py:3954} INFO - Setting next_dagrun for example_trigger_target_dag to None, run_after=None
[2024-06-02T19:59:33.577+0000] {processor.py:183} INFO - Processing /home/airflow/.local/lib/python3.12/site-packages/airflow/example_dags/example_trigger_target_dag.py took 0.038 seconds
[2024-06-02T20:00:04.603+0000] {processor.py:161} INFO - Started process (PID=2156) to work on /home/airflow/.local/lib/python3.12/site-packages/airflow/example_dags/example_trigger_target_dag.py
[2024-06-02T20:00:04.603+0000] {processor.py:830} INFO - Processing file /home/airflow/.local/lib/python3.12/site-packages/airflow/example_dags/example_trigger_target_dag.py for tasks to queue
[2024-06-02T20:00:04.605+0000] {logging_mixin.py:188} INFO - [2024-06-02T20:00:04.604+0000] {dagbag.py:545} INFO - Filling up the DagBag from /home/airflow/.local/lib/python3.12/site-packages/airflow/example_dags/example_trigger_target_dag.py
[2024-06-02T20:00:04.608+0000] {processor.py:840} INFO - DAG(s) 'example_trigger_target_dag' retrieved from /home/airflow/.local/lib/python3.12/site-packages/airflow/example_dags/example_trigger_target_dag.py
[2024-06-02T20:00:04.620+0000] {logging_mixin.py:188} INFO - [2024-06-02T20:00:04.620+0000] {dag.py:3096} INFO - Sync 1 DAGs
[2024-06-02T20:00:04.628+0000] {logging_mixin.py:188} INFO - [2024-06-02T20:00:04.628+0000] {dag.py:3954} INFO - Setting next_dagrun for example_trigger_target_dag to None, run_after=None
[2024-06-02T20:00:04.639+0000] {processor.py:183} INFO - Processing /home/airflow/.local/lib/python3.12/site-packages/airflow/example_dags/example_trigger_target_dag.py took 0.039 seconds
[2024-06-02T20:00:35.328+0000] {processor.py:161} INFO - Started process (PID=2214) to work on /home/airflow/.local/lib/python3.12/site-packages/airflow/example_dags/example_trigger_target_dag.py
[2024-06-02T20:00:35.329+0000] {processor.py:830} INFO - Processing file /home/airflow/.local/lib/python3.12/site-packages/airflow/example_dags/example_trigger_target_dag.py for tasks to queue
[2024-06-02T20:00:35.330+0000] {logging_mixin.py:188} INFO - [2024-06-02T20:00:35.330+0000] {dagbag.py:545} INFO - Filling up the DagBag from /home/airflow/.local/lib/python3.12/site-packages/airflow/example_dags/example_trigger_target_dag.py
[2024-06-02T20:00:35.334+0000] {processor.py:840} INFO - DAG(s) 'example_trigger_target_dag' retrieved from /home/airflow/.local/lib/python3.12/site-packages/airflow/example_dags/example_trigger_target_dag.py
[2024-06-02T20:00:35.431+0000] {logging_mixin.py:188} INFO - [2024-06-02T20:00:35.430+0000] {dag.py:3096} INFO - Sync 1 DAGs
[2024-06-02T20:00:35.437+0000] {logging_mixin.py:188} INFO - [2024-06-02T20:00:35.437+0000] {dag.py:3954} INFO - Setting next_dagrun for example_trigger_target_dag to None, run_after=None
[2024-06-02T20:00:35.447+0000] {processor.py:183} INFO - Processing /home/airflow/.local/lib/python3.12/site-packages/airflow/example_dags/example_trigger_target_dag.py took 0.122 seconds
[2024-06-02T20:01:05.770+0000] {processor.py:161} INFO - Started process (PID=2272) to work on /home/airflow/.local/lib/python3.12/site-packages/airflow/example_dags/example_trigger_target_dag.py
[2024-06-02T20:01:05.771+0000] {processor.py:830} INFO - Processing file /home/airflow/.local/lib/python3.12/site-packages/airflow/example_dags/example_trigger_target_dag.py for tasks to queue
[2024-06-02T20:01:05.773+0000] {logging_mixin.py:188} INFO - [2024-06-02T20:01:05.772+0000] {dagbag.py:545} INFO - Filling up the DagBag from /home/airflow/.local/lib/python3.12/site-packages/airflow/example_dags/example_trigger_target_dag.py
[2024-06-02T20:01:05.776+0000] {processor.py:840} INFO - DAG(s) 'example_trigger_target_dag' retrieved from /home/airflow/.local/lib/python3.12/site-packages/airflow/example_dags/example_trigger_target_dag.py
[2024-06-02T20:01:05.788+0000] {logging_mixin.py:188} INFO - [2024-06-02T20:01:05.788+0000] {dag.py:3096} INFO - Sync 1 DAGs
[2024-06-02T20:01:05.795+0000] {logging_mixin.py:188} INFO - [2024-06-02T20:01:05.795+0000] {dag.py:3954} INFO - Setting next_dagrun for example_trigger_target_dag to None, run_after=None
[2024-06-02T20:01:05.806+0000] {processor.py:183} INFO - Processing /home/airflow/.local/lib/python3.12/site-packages/airflow/example_dags/example_trigger_target_dag.py took 0.039 seconds
[2024-06-02T20:01:36.552+0000] {processor.py:161} INFO - Started process (PID=2330) to work on /home/airflow/.local/lib/python3.12/site-packages/airflow/example_dags/example_trigger_target_dag.py
[2024-06-02T20:01:36.552+0000] {processor.py:830} INFO - Processing file /home/airflow/.local/lib/python3.12/site-packages/airflow/example_dags/example_trigger_target_dag.py for tasks to queue
[2024-06-02T20:01:36.553+0000] {logging_mixin.py:188} INFO - [2024-06-02T20:01:36.553+0000] {dagbag.py:545} INFO - Filling up the DagBag from /home/airflow/.local/lib/python3.12/site-packages/airflow/example_dags/example_trigger_target_dag.py
[2024-06-02T20:01:36.557+0000] {processor.py:840} INFO - DAG(s) 'example_trigger_target_dag' retrieved from /home/airflow/.local/lib/python3.12/site-packages/airflow/example_dags/example_trigger_target_dag.py
[2024-06-02T20:01:36.569+0000] {logging_mixin.py:188} INFO - [2024-06-02T20:01:36.569+0000] {dag.py:3096} INFO - Sync 1 DAGs
[2024-06-02T20:01:36.577+0000] {logging_mixin.py:188} INFO - [2024-06-02T20:01:36.577+0000] {dag.py:3954} INFO - Setting next_dagrun for example_trigger_target_dag to None, run_after=None
[2024-06-02T20:01:36.587+0000] {processor.py:183} INFO - Processing /home/airflow/.local/lib/python3.12/site-packages/airflow/example_dags/example_trigger_target_dag.py took 0.039 seconds
[2024-06-02T20:02:07.373+0000] {processor.py:161} INFO - Started process (PID=2388) to work on /home/airflow/.local/lib/python3.12/site-packages/airflow/example_dags/example_trigger_target_dag.py
[2024-06-02T20:02:07.374+0000] {processor.py:830} INFO - Processing file /home/airflow/.local/lib/python3.12/site-packages/airflow/example_dags/example_trigger_target_dag.py for tasks to queue
[2024-06-02T20:02:07.375+0000] {logging_mixin.py:188} INFO - [2024-06-02T20:02:07.375+0000] {dagbag.py:545} INFO - Filling up the DagBag from /home/airflow/.local/lib/python3.12/site-packages/airflow/example_dags/example_trigger_target_dag.py
[2024-06-02T20:02:07.378+0000] {processor.py:840} INFO - DAG(s) 'example_trigger_target_dag' retrieved from /home/airflow/.local/lib/python3.12/site-packages/airflow/example_dags/example_trigger_target_dag.py
[2024-06-02T20:02:07.390+0000] {logging_mixin.py:188} INFO - [2024-06-02T20:02:07.390+0000] {dag.py:3096} INFO - Sync 1 DAGs
[2024-06-02T20:02:07.397+0000] {logging_mixin.py:188} INFO - [2024-06-02T20:02:07.397+0000] {dag.py:3954} INFO - Setting next_dagrun for example_trigger_target_dag to None, run_after=None
[2024-06-02T20:02:07.408+0000] {processor.py:183} INFO - Processing /home/airflow/.local/lib/python3.12/site-packages/airflow/example_dags/example_trigger_target_dag.py took 0.038 seconds
[2024-06-02T20:02:38.027+0000] {processor.py:161} INFO - Started process (PID=2446) to work on /home/airflow/.local/lib/python3.12/site-packages/airflow/example_dags/example_trigger_target_dag.py
[2024-06-02T20:02:38.027+0000] {processor.py:830} INFO - Processing file /home/airflow/.local/lib/python3.12/site-packages/airflow/example_dags/example_trigger_target_dag.py for tasks to queue
[2024-06-02T20:02:38.029+0000] {logging_mixin.py:188} INFO - [2024-06-02T20:02:38.028+0000] {dagbag.py:545} INFO - Filling up the DagBag from /home/airflow/.local/lib/python3.12/site-packages/airflow/example_dags/example_trigger_target_dag.py
[2024-06-02T20:02:38.032+0000] {processor.py:840} INFO - DAG(s) 'example_trigger_target_dag' retrieved from /home/airflow/.local/lib/python3.12/site-packages/airflow/example_dags/example_trigger_target_dag.py
[2024-06-02T20:02:38.043+0000] {logging_mixin.py:188} INFO - [2024-06-02T20:02:38.043+0000] {dag.py:3096} INFO - Sync 1 DAGs
[2024-06-02T20:02:38.051+0000] {logging_mixin.py:188} INFO - [2024-06-02T20:02:38.051+0000] {dag.py:3954} INFO - Setting next_dagrun for example_trigger_target_dag to None, run_after=None
[2024-06-02T20:02:38.061+0000] {processor.py:183} INFO - Processing /home/airflow/.local/lib/python3.12/site-packages/airflow/example_dags/example_trigger_target_dag.py took 0.037 seconds
[2024-06-02T20:03:08.643+0000] {processor.py:161} INFO - Started process (PID=2504) to work on /home/airflow/.local/lib/python3.12/site-packages/airflow/example_dags/example_trigger_target_dag.py
[2024-06-02T20:03:08.644+0000] {processor.py:830} INFO - Processing file /home/airflow/.local/lib/python3.12/site-packages/airflow/example_dags/example_trigger_target_dag.py for tasks to queue
[2024-06-02T20:03:08.645+0000] {logging_mixin.py:188} INFO - [2024-06-02T20:03:08.645+0000] {dagbag.py:545} INFO - Filling up the DagBag from /home/airflow/.local/lib/python3.12/site-packages/airflow/example_dags/example_trigger_target_dag.py
[2024-06-02T20:03:08.649+0000] {processor.py:840} INFO - DAG(s) 'example_trigger_target_dag' retrieved from /home/airflow/.local/lib/python3.12/site-packages/airflow/example_dags/example_trigger_target_dag.py
[2024-06-02T20:03:08.661+0000] {logging_mixin.py:188} INFO - [2024-06-02T20:03:08.661+0000] {dag.py:3096} INFO - Sync 1 DAGs
[2024-06-02T20:03:08.668+0000] {logging_mixin.py:188} INFO - [2024-06-02T20:03:08.668+0000] {dag.py:3954} INFO - Setting next_dagrun for example_trigger_target_dag to None, run_after=None
[2024-06-02T20:03:08.679+0000] {processor.py:183} INFO - Processing /home/airflow/.local/lib/python3.12/site-packages/airflow/example_dags/example_trigger_target_dag.py took 0.039 seconds
[2024-06-02T20:03:39.348+0000] {processor.py:161} INFO - Started process (PID=2562) to work on /home/airflow/.local/lib/python3.12/site-packages/airflow/example_dags/example_trigger_target_dag.py
[2024-06-02T20:03:39.348+0000] {processor.py:830} INFO - Processing file /home/airflow/.local/lib/python3.12/site-packages/airflow/example_dags/example_trigger_target_dag.py for tasks to queue
[2024-06-02T20:03:39.350+0000] {logging_mixin.py:188} INFO - [2024-06-02T20:03:39.349+0000] {dagbag.py:545} INFO - Filling up the DagBag from /home/airflow/.local/lib/python3.12/site-packages/airflow/example_dags/example_trigger_target_dag.py
[2024-06-02T20:03:39.353+0000] {processor.py:840} INFO - DAG(s) 'example_trigger_target_dag' retrieved from /home/airflow/.local/lib/python3.12/site-packages/airflow/example_dags/example_trigger_target_dag.py
[2024-06-02T20:03:39.364+0000] {logging_mixin.py:188} INFO - [2024-06-02T20:03:39.364+0000] {dag.py:3096} INFO - Sync 1 DAGs
[2024-06-02T20:03:39.371+0000] {logging_mixin.py:188} INFO - [2024-06-02T20:03:39.371+0000] {dag.py:3954} INFO - Setting next_dagrun for example_trigger_target_dag to None, run_after=None
[2024-06-02T20:03:39.381+0000] {processor.py:183} INFO - Processing /home/airflow/.local/lib/python3.12/site-packages/airflow/example_dags/example_trigger_target_dag.py took 0.037 seconds
