[2024-06-02T19:29:18.038+0000] {processor.py:161} INFO - Started process (PID=51) to work on /home/airflow/.local/lib/python3.12/site-packages/airflow/example_dags/example_latest_only.py
[2024-06-02T19:29:18.039+0000] {processor.py:830} INFO - Processing file /home/airflow/.local/lib/python3.12/site-packages/airflow/example_dags/example_latest_only.py for tasks to queue
[2024-06-02T19:29:18.040+0000] {logging_mixin.py:188} INFO - [2024-06-02T19:29:18.040+0000] {dagbag.py:545} INFO - Filling up the DagBag from /home/airflow/.local/lib/python3.12/site-packages/airflow/example_dags/example_latest_only.py
[2024-06-02T19:29:18.045+0000] {processor.py:840} INFO - DAG(s) 'latest_only' retrieved from /home/airflow/.local/lib/python3.12/site-packages/airflow/example_dags/example_latest_only.py
[2024-06-02T19:29:18.110+0000] {logging_mixin.py:188} INFO - [2024-06-02T19:29:18.110+0000] {override.py:1829} INFO - Created Permission View: can edit on DAG:latest_only
[2024-06-02T19:29:18.117+0000] {logging_mixin.py:188} INFO - [2024-06-02T19:29:18.117+0000] {override.py:1829} INFO - Created Permission View: can delete on DAG:latest_only
[2024-06-02T19:29:18.122+0000] {logging_mixin.py:188} INFO - [2024-06-02T19:29:18.122+0000] {override.py:1829} INFO - Created Permission View: can read on DAG:latest_only
[2024-06-02T19:29:18.123+0000] {logging_mixin.py:188} INFO - [2024-06-02T19:29:18.123+0000] {dag.py:3096} INFO - Sync 1 DAGs
[2024-06-02T19:29:18.131+0000] {logging_mixin.py:188} INFO - [2024-06-02T19:29:18.131+0000] {dag.py:3118} INFO - Creating ORM DAG for latest_only
[2024-06-02T19:29:18.138+0000] {logging_mixin.py:188} INFO - [2024-06-02T19:29:18.138+0000] {dag.py:3954} INFO - Setting next_dagrun for latest_only to 2024-06-02 12:00:00+00:00, run_after=2024-06-02 16:00:00+00:00
[2024-06-02T19:29:18.149+0000] {processor.py:183} INFO - Processing /home/airflow/.local/lib/python3.12/site-packages/airflow/example_dags/example_latest_only.py took 0.114 seconds
[2024-06-02T19:29:48.265+0000] {processor.py:161} INFO - Started process (PID=109) to work on /home/airflow/.local/lib/python3.12/site-packages/airflow/example_dags/example_latest_only.py
[2024-06-02T19:29:48.265+0000] {processor.py:830} INFO - Processing file /home/airflow/.local/lib/python3.12/site-packages/airflow/example_dags/example_latest_only.py for tasks to queue
[2024-06-02T19:29:48.267+0000] {logging_mixin.py:188} INFO - [2024-06-02T19:29:48.266+0000] {dagbag.py:545} INFO - Filling up the DagBag from /home/airflow/.local/lib/python3.12/site-packages/airflow/example_dags/example_latest_only.py
[2024-06-02T19:29:48.270+0000] {processor.py:840} INFO - DAG(s) 'latest_only' retrieved from /home/airflow/.local/lib/python3.12/site-packages/airflow/example_dags/example_latest_only.py
[2024-06-02T19:29:48.282+0000] {logging_mixin.py:188} INFO - [2024-06-02T19:29:48.281+0000] {dag.py:3096} INFO - Sync 1 DAGs
[2024-06-02T19:29:48.295+0000] {logging_mixin.py:188} INFO - [2024-06-02T19:29:48.295+0000] {dag.py:3954} INFO - Setting next_dagrun for latest_only to 2024-06-02 12:00:00+00:00, run_after=2024-06-02 16:00:00+00:00
[2024-06-02T19:29:48.305+0000] {processor.py:183} INFO - Processing /home/airflow/.local/lib/python3.12/site-packages/airflow/example_dags/example_latest_only.py took 0.044 seconds
[2024-06-02T19:30:19.039+0000] {processor.py:161} INFO - Started process (PID=167) to work on /home/airflow/.local/lib/python3.12/site-packages/airflow/example_dags/example_latest_only.py
[2024-06-02T19:30:19.039+0000] {processor.py:830} INFO - Processing file /home/airflow/.local/lib/python3.12/site-packages/airflow/example_dags/example_latest_only.py for tasks to queue
[2024-06-02T19:30:19.040+0000] {logging_mixin.py:188} INFO - [2024-06-02T19:30:19.040+0000] {dagbag.py:545} INFO - Filling up the DagBag from /home/airflow/.local/lib/python3.12/site-packages/airflow/example_dags/example_latest_only.py
[2024-06-02T19:30:19.043+0000] {processor.py:840} INFO - DAG(s) 'latest_only' retrieved from /home/airflow/.local/lib/python3.12/site-packages/airflow/example_dags/example_latest_only.py
[2024-06-02T19:30:19.054+0000] {logging_mixin.py:188} INFO - [2024-06-02T19:30:19.054+0000] {dag.py:3096} INFO - Sync 1 DAGs
[2024-06-02T19:30:19.066+0000] {logging_mixin.py:188} INFO - [2024-06-02T19:30:19.066+0000] {dag.py:3954} INFO - Setting next_dagrun for latest_only to 2024-06-02 12:00:00+00:00, run_after=2024-06-02 16:00:00+00:00
[2024-06-02T19:30:19.076+0000] {processor.py:183} INFO - Processing /home/airflow/.local/lib/python3.12/site-packages/airflow/example_dags/example_latest_only.py took 0.040 seconds
[2024-06-02T19:30:49.572+0000] {processor.py:161} INFO - Started process (PID=225) to work on /home/airflow/.local/lib/python3.12/site-packages/airflow/example_dags/example_latest_only.py
[2024-06-02T19:30:49.573+0000] {processor.py:830} INFO - Processing file /home/airflow/.local/lib/python3.12/site-packages/airflow/example_dags/example_latest_only.py for tasks to queue
[2024-06-02T19:30:49.575+0000] {logging_mixin.py:188} INFO - [2024-06-02T19:30:49.574+0000] {dagbag.py:545} INFO - Filling up the DagBag from /home/airflow/.local/lib/python3.12/site-packages/airflow/example_dags/example_latest_only.py
[2024-06-02T19:30:49.577+0000] {processor.py:840} INFO - DAG(s) 'latest_only' retrieved from /home/airflow/.local/lib/python3.12/site-packages/airflow/example_dags/example_latest_only.py
[2024-06-02T19:30:49.588+0000] {logging_mixin.py:188} INFO - [2024-06-02T19:30:49.588+0000] {dag.py:3096} INFO - Sync 1 DAGs
[2024-06-02T19:30:49.600+0000] {logging_mixin.py:188} INFO - [2024-06-02T19:30:49.600+0000] {dag.py:3954} INFO - Setting next_dagrun for latest_only to 2024-06-02 12:00:00+00:00, run_after=2024-06-02 16:00:00+00:00
[2024-06-02T19:30:49.610+0000] {processor.py:183} INFO - Processing /home/airflow/.local/lib/python3.12/site-packages/airflow/example_dags/example_latest_only.py took 0.041 seconds
[2024-06-02T19:31:20.115+0000] {processor.py:161} INFO - Started process (PID=51) to work on /home/airflow/.local/lib/python3.12/site-packages/airflow/example_dags/example_latest_only.py
[2024-06-02T19:31:20.116+0000] {processor.py:830} INFO - Processing file /home/airflow/.local/lib/python3.12/site-packages/airflow/example_dags/example_latest_only.py for tasks to queue
[2024-06-02T19:31:20.118+0000] {logging_mixin.py:188} INFO - [2024-06-02T19:31:20.117+0000] {dagbag.py:545} INFO - Filling up the DagBag from /home/airflow/.local/lib/python3.12/site-packages/airflow/example_dags/example_latest_only.py
[2024-06-02T19:31:20.122+0000] {processor.py:840} INFO - DAG(s) 'latest_only' retrieved from /home/airflow/.local/lib/python3.12/site-packages/airflow/example_dags/example_latest_only.py
[2024-06-02T19:31:20.128+0000] {logging_mixin.py:188} INFO - [2024-06-02T19:31:20.128+0000] {dag.py:3096} INFO - Sync 1 DAGs
[2024-06-02T19:31:20.141+0000] {logging_mixin.py:188} INFO - [2024-06-02T19:31:20.141+0000] {dag.py:3954} INFO - Setting next_dagrun for latest_only to 2024-06-02 12:00:00+00:00, run_after=2024-06-02 16:00:00+00:00
[2024-06-02T19:31:20.151+0000] {processor.py:183} INFO - Processing /home/airflow/.local/lib/python3.12/site-packages/airflow/example_dags/example_latest_only.py took 0.039 seconds
[2024-06-02T19:31:51.314+0000] {processor.py:161} INFO - Started process (PID=109) to work on /home/airflow/.local/lib/python3.12/site-packages/airflow/example_dags/example_latest_only.py
[2024-06-02T19:31:51.315+0000] {processor.py:830} INFO - Processing file /home/airflow/.local/lib/python3.12/site-packages/airflow/example_dags/example_latest_only.py for tasks to queue
[2024-06-02T19:31:51.316+0000] {logging_mixin.py:188} INFO - [2024-06-02T19:31:51.316+0000] {dagbag.py:545} INFO - Filling up the DagBag from /home/airflow/.local/lib/python3.12/site-packages/airflow/example_dags/example_latest_only.py
[2024-06-02T19:31:51.319+0000] {processor.py:840} INFO - DAG(s) 'latest_only' retrieved from /home/airflow/.local/lib/python3.12/site-packages/airflow/example_dags/example_latest_only.py
[2024-06-02T19:31:51.376+0000] {logging_mixin.py:188} INFO - [2024-06-02T19:31:51.376+0000] {dag.py:3096} INFO - Sync 1 DAGs
[2024-06-02T19:31:51.388+0000] {logging_mixin.py:188} INFO - [2024-06-02T19:31:51.387+0000] {dag.py:3954} INFO - Setting next_dagrun for latest_only to 2024-06-02 12:00:00+00:00, run_after=2024-06-02 16:00:00+00:00
[2024-06-02T19:31:51.399+0000] {processor.py:183} INFO - Processing /home/airflow/.local/lib/python3.12/site-packages/airflow/example_dags/example_latest_only.py took 0.088 seconds
[2024-06-02T19:32:21.521+0000] {processor.py:161} INFO - Started process (PID=167) to work on /home/airflow/.local/lib/python3.12/site-packages/airflow/example_dags/example_latest_only.py
[2024-06-02T19:32:21.522+0000] {processor.py:830} INFO - Processing file /home/airflow/.local/lib/python3.12/site-packages/airflow/example_dags/example_latest_only.py for tasks to queue
[2024-06-02T19:32:21.523+0000] {logging_mixin.py:188} INFO - [2024-06-02T19:32:21.523+0000] {dagbag.py:545} INFO - Filling up the DagBag from /home/airflow/.local/lib/python3.12/site-packages/airflow/example_dags/example_latest_only.py
[2024-06-02T19:32:21.526+0000] {processor.py:840} INFO - DAG(s) 'latest_only' retrieved from /home/airflow/.local/lib/python3.12/site-packages/airflow/example_dags/example_latest_only.py
[2024-06-02T19:32:21.537+0000] {logging_mixin.py:188} INFO - [2024-06-02T19:32:21.537+0000] {dag.py:3096} INFO - Sync 1 DAGs
[2024-06-02T19:32:21.549+0000] {logging_mixin.py:188} INFO - [2024-06-02T19:32:21.549+0000] {dag.py:3954} INFO - Setting next_dagrun for latest_only to 2024-06-02 12:00:00+00:00, run_after=2024-06-02 16:00:00+00:00
[2024-06-02T19:32:21.561+0000] {processor.py:183} INFO - Processing /home/airflow/.local/lib/python3.12/site-packages/airflow/example_dags/example_latest_only.py took 0.043 seconds
[2024-06-02T19:32:52.217+0000] {processor.py:161} INFO - Started process (PID=225) to work on /home/airflow/.local/lib/python3.12/site-packages/airflow/example_dags/example_latest_only.py
[2024-06-02T19:32:52.217+0000] {processor.py:830} INFO - Processing file /home/airflow/.local/lib/python3.12/site-packages/airflow/example_dags/example_latest_only.py for tasks to queue
[2024-06-02T19:32:52.218+0000] {logging_mixin.py:188} INFO - [2024-06-02T19:32:52.218+0000] {dagbag.py:545} INFO - Filling up the DagBag from /home/airflow/.local/lib/python3.12/site-packages/airflow/example_dags/example_latest_only.py
[2024-06-02T19:32:52.221+0000] {processor.py:840} INFO - DAG(s) 'latest_only' retrieved from /home/airflow/.local/lib/python3.12/site-packages/airflow/example_dags/example_latest_only.py
[2024-06-02T19:32:52.233+0000] {logging_mixin.py:188} INFO - [2024-06-02T19:32:52.233+0000] {dag.py:3096} INFO - Sync 1 DAGs
[2024-06-02T19:32:52.245+0000] {logging_mixin.py:188} INFO - [2024-06-02T19:32:52.245+0000] {dag.py:3954} INFO - Setting next_dagrun for latest_only to 2024-06-02 12:00:00+00:00, run_after=2024-06-02 16:00:00+00:00
[2024-06-02T19:32:52.256+0000] {processor.py:183} INFO - Processing /home/airflow/.local/lib/python3.12/site-packages/airflow/example_dags/example_latest_only.py took 0.042 seconds
[2024-06-02T19:33:22.932+0000] {processor.py:161} INFO - Started process (PID=283) to work on /home/airflow/.local/lib/python3.12/site-packages/airflow/example_dags/example_latest_only.py
[2024-06-02T19:33:22.933+0000] {processor.py:830} INFO - Processing file /home/airflow/.local/lib/python3.12/site-packages/airflow/example_dags/example_latest_only.py for tasks to queue
[2024-06-02T19:33:22.934+0000] {logging_mixin.py:188} INFO - [2024-06-02T19:33:22.934+0000] {dagbag.py:545} INFO - Filling up the DagBag from /home/airflow/.local/lib/python3.12/site-packages/airflow/example_dags/example_latest_only.py
[2024-06-02T19:33:22.937+0000] {processor.py:840} INFO - DAG(s) 'latest_only' retrieved from /home/airflow/.local/lib/python3.12/site-packages/airflow/example_dags/example_latest_only.py
[2024-06-02T19:33:22.948+0000] {logging_mixin.py:188} INFO - [2024-06-02T19:33:22.948+0000] {dag.py:3096} INFO - Sync 1 DAGs
[2024-06-02T19:33:22.960+0000] {logging_mixin.py:188} INFO - [2024-06-02T19:33:22.960+0000] {dag.py:3954} INFO - Setting next_dagrun for latest_only to 2024-06-02 12:00:00+00:00, run_after=2024-06-02 16:00:00+00:00
[2024-06-02T19:33:22.971+0000] {processor.py:183} INFO - Processing /home/airflow/.local/lib/python3.12/site-packages/airflow/example_dags/example_latest_only.py took 0.041 seconds
[2024-06-02T19:33:53.563+0000] {processor.py:161} INFO - Started process (PID=340) to work on /home/airflow/.local/lib/python3.12/site-packages/airflow/example_dags/example_latest_only.py
[2024-06-02T19:33:53.564+0000] {processor.py:830} INFO - Processing file /home/airflow/.local/lib/python3.12/site-packages/airflow/example_dags/example_latest_only.py for tasks to queue
[2024-06-02T19:33:53.565+0000] {logging_mixin.py:188} INFO - [2024-06-02T19:33:53.565+0000] {dagbag.py:545} INFO - Filling up the DagBag from /home/airflow/.local/lib/python3.12/site-packages/airflow/example_dags/example_latest_only.py
[2024-06-02T19:33:53.568+0000] {processor.py:840} INFO - DAG(s) 'latest_only' retrieved from /home/airflow/.local/lib/python3.12/site-packages/airflow/example_dags/example_latest_only.py
[2024-06-02T19:33:53.580+0000] {logging_mixin.py:188} INFO - [2024-06-02T19:33:53.580+0000] {dag.py:3096} INFO - Sync 1 DAGs
[2024-06-02T19:33:53.592+0000] {logging_mixin.py:188} INFO - [2024-06-02T19:33:53.592+0000] {dag.py:3954} INFO - Setting next_dagrun for latest_only to 2024-06-02 12:00:00+00:00, run_after=2024-06-02 16:00:00+00:00
[2024-06-02T19:33:53.602+0000] {processor.py:183} INFO - Processing /home/airflow/.local/lib/python3.12/site-packages/airflow/example_dags/example_latest_only.py took 0.043 seconds
[2024-06-02T19:34:24.316+0000] {processor.py:161} INFO - Started process (PID=398) to work on /home/airflow/.local/lib/python3.12/site-packages/airflow/example_dags/example_latest_only.py
[2024-06-02T19:34:24.317+0000] {processor.py:830} INFO - Processing file /home/airflow/.local/lib/python3.12/site-packages/airflow/example_dags/example_latest_only.py for tasks to queue
[2024-06-02T19:34:24.318+0000] {logging_mixin.py:188} INFO - [2024-06-02T19:34:24.317+0000] {dagbag.py:545} INFO - Filling up the DagBag from /home/airflow/.local/lib/python3.12/site-packages/airflow/example_dags/example_latest_only.py
[2024-06-02T19:34:24.321+0000] {processor.py:840} INFO - DAG(s) 'latest_only' retrieved from /home/airflow/.local/lib/python3.12/site-packages/airflow/example_dags/example_latest_only.py
[2024-06-02T19:34:24.331+0000] {logging_mixin.py:188} INFO - [2024-06-02T19:34:24.331+0000] {dag.py:3096} INFO - Sync 1 DAGs
[2024-06-02T19:34:24.343+0000] {logging_mixin.py:188} INFO - [2024-06-02T19:34:24.343+0000] {dag.py:3954} INFO - Setting next_dagrun for latest_only to 2024-06-02 12:00:00+00:00, run_after=2024-06-02 16:00:00+00:00
[2024-06-02T19:34:24.353+0000] {processor.py:183} INFO - Processing /home/airflow/.local/lib/python3.12/site-packages/airflow/example_dags/example_latest_only.py took 0.041 seconds
[2024-06-02T19:34:55.112+0000] {processor.py:161} INFO - Started process (PID=456) to work on /home/airflow/.local/lib/python3.12/site-packages/airflow/example_dags/example_latest_only.py
[2024-06-02T19:34:55.113+0000] {processor.py:830} INFO - Processing file /home/airflow/.local/lib/python3.12/site-packages/airflow/example_dags/example_latest_only.py for tasks to queue
[2024-06-02T19:34:55.114+0000] {logging_mixin.py:188} INFO - [2024-06-02T19:34:55.114+0000] {dagbag.py:545} INFO - Filling up the DagBag from /home/airflow/.local/lib/python3.12/site-packages/airflow/example_dags/example_latest_only.py
[2024-06-02T19:34:55.117+0000] {processor.py:840} INFO - DAG(s) 'latest_only' retrieved from /home/airflow/.local/lib/python3.12/site-packages/airflow/example_dags/example_latest_only.py
[2024-06-02T19:34:55.128+0000] {logging_mixin.py:188} INFO - [2024-06-02T19:34:55.127+0000] {dag.py:3096} INFO - Sync 1 DAGs
[2024-06-02T19:34:55.140+0000] {logging_mixin.py:188} INFO - [2024-06-02T19:34:55.140+0000] {dag.py:3954} INFO - Setting next_dagrun for latest_only to 2024-06-02 12:00:00+00:00, run_after=2024-06-02 16:00:00+00:00
[2024-06-02T19:34:55.150+0000] {processor.py:183} INFO - Processing /home/airflow/.local/lib/python3.12/site-packages/airflow/example_dags/example_latest_only.py took 0.041 seconds
[2024-06-02T19:35:25.774+0000] {processor.py:161} INFO - Started process (PID=514) to work on /home/airflow/.local/lib/python3.12/site-packages/airflow/example_dags/example_latest_only.py
[2024-06-02T19:35:25.774+0000] {processor.py:830} INFO - Processing file /home/airflow/.local/lib/python3.12/site-packages/airflow/example_dags/example_latest_only.py for tasks to queue
[2024-06-02T19:35:25.775+0000] {logging_mixin.py:188} INFO - [2024-06-02T19:35:25.775+0000] {dagbag.py:545} INFO - Filling up the DagBag from /home/airflow/.local/lib/python3.12/site-packages/airflow/example_dags/example_latest_only.py
[2024-06-02T19:35:25.778+0000] {processor.py:840} INFO - DAG(s) 'latest_only' retrieved from /home/airflow/.local/lib/python3.12/site-packages/airflow/example_dags/example_latest_only.py
[2024-06-02T19:35:25.789+0000] {logging_mixin.py:188} INFO - [2024-06-02T19:35:25.789+0000] {dag.py:3096} INFO - Sync 1 DAGs
[2024-06-02T19:35:25.801+0000] {logging_mixin.py:188} INFO - [2024-06-02T19:35:25.801+0000] {dag.py:3954} INFO - Setting next_dagrun for latest_only to 2024-06-02 12:00:00+00:00, run_after=2024-06-02 16:00:00+00:00
[2024-06-02T19:35:25.812+0000] {processor.py:183} INFO - Processing /home/airflow/.local/lib/python3.12/site-packages/airflow/example_dags/example_latest_only.py took 0.042 seconds
[2024-06-02T19:36:19.651+0000] {processor.py:161} INFO - Started process (PID=69) to work on /home/airflow/.local/lib/python3.12/site-packages/airflow/example_dags/example_latest_only.py
[2024-06-02T19:36:19.652+0000] {processor.py:830} INFO - Processing file /home/airflow/.local/lib/python3.12/site-packages/airflow/example_dags/example_latest_only.py for tasks to queue
[2024-06-02T19:36:19.653+0000] {logging_mixin.py:188} INFO - [2024-06-02T19:36:19.653+0000] {dagbag.py:545} INFO - Filling up the DagBag from /home/airflow/.local/lib/python3.12/site-packages/airflow/example_dags/example_latest_only.py
[2024-06-02T19:36:19.657+0000] {processor.py:840} INFO - DAG(s) 'latest_only' retrieved from /home/airflow/.local/lib/python3.12/site-packages/airflow/example_dags/example_latest_only.py
[2024-06-02T19:36:19.664+0000] {logging_mixin.py:188} INFO - [2024-06-02T19:36:19.663+0000] {dag.py:3096} INFO - Sync 1 DAGs
[2024-06-02T19:36:19.677+0000] {logging_mixin.py:188} INFO - [2024-06-02T19:36:19.677+0000] {dag.py:3954} INFO - Setting next_dagrun for latest_only to 2024-06-02 12:00:00+00:00, run_after=2024-06-02 16:00:00+00:00
[2024-06-02T19:36:19.688+0000] {processor.py:183} INFO - Processing /home/airflow/.local/lib/python3.12/site-packages/airflow/example_dags/example_latest_only.py took 0.039 seconds
[2024-06-02T19:36:50.597+0000] {processor.py:161} INFO - Started process (PID=127) to work on /home/airflow/.local/lib/python3.12/site-packages/airflow/example_dags/example_latest_only.py
[2024-06-02T19:36:50.598+0000] {processor.py:830} INFO - Processing file /home/airflow/.local/lib/python3.12/site-packages/airflow/example_dags/example_latest_only.py for tasks to queue
[2024-06-02T19:36:50.599+0000] {logging_mixin.py:188} INFO - [2024-06-02T19:36:50.599+0000] {dagbag.py:545} INFO - Filling up the DagBag from /home/airflow/.local/lib/python3.12/site-packages/airflow/example_dags/example_latest_only.py
[2024-06-02T19:36:50.602+0000] {processor.py:840} INFO - DAG(s) 'latest_only' retrieved from /home/airflow/.local/lib/python3.12/site-packages/airflow/example_dags/example_latest_only.py
[2024-06-02T19:36:50.658+0000] {logging_mixin.py:188} INFO - [2024-06-02T19:36:50.658+0000] {dag.py:3096} INFO - Sync 1 DAGs
[2024-06-02T19:36:50.669+0000] {logging_mixin.py:188} INFO - [2024-06-02T19:36:50.669+0000] {dag.py:3954} INFO - Setting next_dagrun for latest_only to 2024-06-02 12:00:00+00:00, run_after=2024-06-02 16:00:00+00:00
[2024-06-02T19:36:50.679+0000] {processor.py:183} INFO - Processing /home/airflow/.local/lib/python3.12/site-packages/airflow/example_dags/example_latest_only.py took 0.085 seconds
[2024-06-02T19:37:20.891+0000] {processor.py:161} INFO - Started process (PID=185) to work on /home/airflow/.local/lib/python3.12/site-packages/airflow/example_dags/example_latest_only.py
[2024-06-02T19:37:20.892+0000] {processor.py:830} INFO - Processing file /home/airflow/.local/lib/python3.12/site-packages/airflow/example_dags/example_latest_only.py for tasks to queue
[2024-06-02T19:37:20.893+0000] {logging_mixin.py:188} INFO - [2024-06-02T19:37:20.892+0000] {dagbag.py:545} INFO - Filling up the DagBag from /home/airflow/.local/lib/python3.12/site-packages/airflow/example_dags/example_latest_only.py
[2024-06-02T19:37:20.895+0000] {processor.py:840} INFO - DAG(s) 'latest_only' retrieved from /home/airflow/.local/lib/python3.12/site-packages/airflow/example_dags/example_latest_only.py
[2024-06-02T19:37:20.906+0000] {logging_mixin.py:188} INFO - [2024-06-02T19:37:20.906+0000] {dag.py:3096} INFO - Sync 1 DAGs
[2024-06-02T19:37:20.918+0000] {logging_mixin.py:188} INFO - [2024-06-02T19:37:20.917+0000] {dag.py:3954} INFO - Setting next_dagrun for latest_only to 2024-06-02 12:00:00+00:00, run_after=2024-06-02 16:00:00+00:00
[2024-06-02T19:37:20.927+0000] {processor.py:183} INFO - Processing /home/airflow/.local/lib/python3.12/site-packages/airflow/example_dags/example_latest_only.py took 0.039 seconds
[2024-06-02T19:37:51.596+0000] {processor.py:161} INFO - Started process (PID=243) to work on /home/airflow/.local/lib/python3.12/site-packages/airflow/example_dags/example_latest_only.py
[2024-06-02T19:37:51.596+0000] {processor.py:830} INFO - Processing file /home/airflow/.local/lib/python3.12/site-packages/airflow/example_dags/example_latest_only.py for tasks to queue
[2024-06-02T19:37:51.598+0000] {logging_mixin.py:188} INFO - [2024-06-02T19:37:51.598+0000] {dagbag.py:545} INFO - Filling up the DagBag from /home/airflow/.local/lib/python3.12/site-packages/airflow/example_dags/example_latest_only.py
[2024-06-02T19:37:51.601+0000] {processor.py:840} INFO - DAG(s) 'latest_only' retrieved from /home/airflow/.local/lib/python3.12/site-packages/airflow/example_dags/example_latest_only.py
[2024-06-02T19:37:51.612+0000] {logging_mixin.py:188} INFO - [2024-06-02T19:37:51.612+0000] {dag.py:3096} INFO - Sync 1 DAGs
[2024-06-02T19:37:51.624+0000] {logging_mixin.py:188} INFO - [2024-06-02T19:37:51.624+0000] {dag.py:3954} INFO - Setting next_dagrun for latest_only to 2024-06-02 12:00:00+00:00, run_after=2024-06-02 16:00:00+00:00
[2024-06-02T19:37:51.633+0000] {processor.py:183} INFO - Processing /home/airflow/.local/lib/python3.12/site-packages/airflow/example_dags/example_latest_only.py took 0.041 seconds
[2024-06-02T19:38:22.261+0000] {processor.py:161} INFO - Started process (PID=301) to work on /home/airflow/.local/lib/python3.12/site-packages/airflow/example_dags/example_latest_only.py
[2024-06-02T19:38:22.262+0000] {processor.py:830} INFO - Processing file /home/airflow/.local/lib/python3.12/site-packages/airflow/example_dags/example_latest_only.py for tasks to queue
[2024-06-02T19:38:22.264+0000] {logging_mixin.py:188} INFO - [2024-06-02T19:38:22.263+0000] {dagbag.py:545} INFO - Filling up the DagBag from /home/airflow/.local/lib/python3.12/site-packages/airflow/example_dags/example_latest_only.py
[2024-06-02T19:38:22.266+0000] {processor.py:840} INFO - DAG(s) 'latest_only' retrieved from /home/airflow/.local/lib/python3.12/site-packages/airflow/example_dags/example_latest_only.py
[2024-06-02T19:38:22.277+0000] {logging_mixin.py:188} INFO - [2024-06-02T19:38:22.277+0000] {dag.py:3096} INFO - Sync 1 DAGs
[2024-06-02T19:38:22.290+0000] {logging_mixin.py:188} INFO - [2024-06-02T19:38:22.289+0000] {dag.py:3954} INFO - Setting next_dagrun for latest_only to 2024-06-02 12:00:00+00:00, run_after=2024-06-02 16:00:00+00:00
[2024-06-02T19:38:22.300+0000] {processor.py:183} INFO - Processing /home/airflow/.local/lib/python3.12/site-packages/airflow/example_dags/example_latest_only.py took 0.041 seconds
[2024-06-02T19:38:52.891+0000] {processor.py:161} INFO - Started process (PID=359) to work on /home/airflow/.local/lib/python3.12/site-packages/airflow/example_dags/example_latest_only.py
[2024-06-02T19:38:52.892+0000] {processor.py:830} INFO - Processing file /home/airflow/.local/lib/python3.12/site-packages/airflow/example_dags/example_latest_only.py for tasks to queue
[2024-06-02T19:38:52.893+0000] {logging_mixin.py:188} INFO - [2024-06-02T19:38:52.893+0000] {dagbag.py:545} INFO - Filling up the DagBag from /home/airflow/.local/lib/python3.12/site-packages/airflow/example_dags/example_latest_only.py
[2024-06-02T19:38:52.896+0000] {processor.py:840} INFO - DAG(s) 'latest_only' retrieved from /home/airflow/.local/lib/python3.12/site-packages/airflow/example_dags/example_latest_only.py
[2024-06-02T19:38:52.907+0000] {logging_mixin.py:188} INFO - [2024-06-02T19:38:52.907+0000] {dag.py:3096} INFO - Sync 1 DAGs
[2024-06-02T19:38:52.919+0000] {logging_mixin.py:188} INFO - [2024-06-02T19:38:52.919+0000] {dag.py:3954} INFO - Setting next_dagrun for latest_only to 2024-06-02 12:00:00+00:00, run_after=2024-06-02 16:00:00+00:00
[2024-06-02T19:38:52.930+0000] {processor.py:183} INFO - Processing /home/airflow/.local/lib/python3.12/site-packages/airflow/example_dags/example_latest_only.py took 0.042 seconds
[2024-06-02T19:39:23.544+0000] {processor.py:161} INFO - Started process (PID=417) to work on /home/airflow/.local/lib/python3.12/site-packages/airflow/example_dags/example_latest_only.py
[2024-06-02T19:39:23.545+0000] {processor.py:830} INFO - Processing file /home/airflow/.local/lib/python3.12/site-packages/airflow/example_dags/example_latest_only.py for tasks to queue
[2024-06-02T19:39:23.546+0000] {logging_mixin.py:188} INFO - [2024-06-02T19:39:23.546+0000] {dagbag.py:545} INFO - Filling up the DagBag from /home/airflow/.local/lib/python3.12/site-packages/airflow/example_dags/example_latest_only.py
[2024-06-02T19:39:23.549+0000] {processor.py:840} INFO - DAG(s) 'latest_only' retrieved from /home/airflow/.local/lib/python3.12/site-packages/airflow/example_dags/example_latest_only.py
[2024-06-02T19:39:23.560+0000] {logging_mixin.py:188} INFO - [2024-06-02T19:39:23.560+0000] {dag.py:3096} INFO - Sync 1 DAGs
[2024-06-02T19:39:23.573+0000] {logging_mixin.py:188} INFO - [2024-06-02T19:39:23.573+0000] {dag.py:3954} INFO - Setting next_dagrun for latest_only to 2024-06-02 12:00:00+00:00, run_after=2024-06-02 16:00:00+00:00
[2024-06-02T19:39:23.584+0000] {processor.py:183} INFO - Processing /home/airflow/.local/lib/python3.12/site-packages/airflow/example_dags/example_latest_only.py took 0.044 seconds
[2024-06-02T19:39:54.204+0000] {processor.py:161} INFO - Started process (PID=475) to work on /home/airflow/.local/lib/python3.12/site-packages/airflow/example_dags/example_latest_only.py
[2024-06-02T19:39:54.205+0000] {processor.py:830} INFO - Processing file /home/airflow/.local/lib/python3.12/site-packages/airflow/example_dags/example_latest_only.py for tasks to queue
[2024-06-02T19:39:54.206+0000] {logging_mixin.py:188} INFO - [2024-06-02T19:39:54.206+0000] {dagbag.py:545} INFO - Filling up the DagBag from /home/airflow/.local/lib/python3.12/site-packages/airflow/example_dags/example_latest_only.py
[2024-06-02T19:39:54.210+0000] {processor.py:840} INFO - DAG(s) 'latest_only' retrieved from /home/airflow/.local/lib/python3.12/site-packages/airflow/example_dags/example_latest_only.py
[2024-06-02T19:39:54.221+0000] {logging_mixin.py:188} INFO - [2024-06-02T19:39:54.221+0000] {dag.py:3096} INFO - Sync 1 DAGs
[2024-06-02T19:39:54.233+0000] {logging_mixin.py:188} INFO - [2024-06-02T19:39:54.233+0000] {dag.py:3954} INFO - Setting next_dagrun for latest_only to 2024-06-02 12:00:00+00:00, run_after=2024-06-02 16:00:00+00:00
[2024-06-02T19:39:54.243+0000] {processor.py:183} INFO - Processing /home/airflow/.local/lib/python3.12/site-packages/airflow/example_dags/example_latest_only.py took 0.042 seconds
[2024-06-02T19:40:24.779+0000] {processor.py:161} INFO - Started process (PID=533) to work on /home/airflow/.local/lib/python3.12/site-packages/airflow/example_dags/example_latest_only.py
[2024-06-02T19:40:24.779+0000] {processor.py:830} INFO - Processing file /home/airflow/.local/lib/python3.12/site-packages/airflow/example_dags/example_latest_only.py for tasks to queue
[2024-06-02T19:40:24.781+0000] {logging_mixin.py:188} INFO - [2024-06-02T19:40:24.780+0000] {dagbag.py:545} INFO - Filling up the DagBag from /home/airflow/.local/lib/python3.12/site-packages/airflow/example_dags/example_latest_only.py
[2024-06-02T19:40:24.784+0000] {processor.py:840} INFO - DAG(s) 'latest_only' retrieved from /home/airflow/.local/lib/python3.12/site-packages/airflow/example_dags/example_latest_only.py
[2024-06-02T19:40:24.794+0000] {logging_mixin.py:188} INFO - [2024-06-02T19:40:24.794+0000] {dag.py:3096} INFO - Sync 1 DAGs
[2024-06-02T19:40:24.806+0000] {logging_mixin.py:188} INFO - [2024-06-02T19:40:24.806+0000] {dag.py:3954} INFO - Setting next_dagrun for latest_only to 2024-06-02 12:00:00+00:00, run_after=2024-06-02 16:00:00+00:00
[2024-06-02T19:40:24.816+0000] {processor.py:183} INFO - Processing /home/airflow/.local/lib/python3.12/site-packages/airflow/example_dags/example_latest_only.py took 0.040 seconds
[2024-06-02T19:40:55.475+0000] {processor.py:161} INFO - Started process (PID=591) to work on /home/airflow/.local/lib/python3.12/site-packages/airflow/example_dags/example_latest_only.py
[2024-06-02T19:40:55.475+0000] {processor.py:830} INFO - Processing file /home/airflow/.local/lib/python3.12/site-packages/airflow/example_dags/example_latest_only.py for tasks to queue
[2024-06-02T19:40:55.478+0000] {logging_mixin.py:188} INFO - [2024-06-02T19:40:55.477+0000] {dagbag.py:545} INFO - Filling up the DagBag from /home/airflow/.local/lib/python3.12/site-packages/airflow/example_dags/example_latest_only.py
[2024-06-02T19:40:55.480+0000] {processor.py:840} INFO - DAG(s) 'latest_only' retrieved from /home/airflow/.local/lib/python3.12/site-packages/airflow/example_dags/example_latest_only.py
[2024-06-02T19:40:55.492+0000] {logging_mixin.py:188} INFO - [2024-06-02T19:40:55.491+0000] {dag.py:3096} INFO - Sync 1 DAGs
[2024-06-02T19:40:55.505+0000] {logging_mixin.py:188} INFO - [2024-06-02T19:40:55.505+0000] {dag.py:3954} INFO - Setting next_dagrun for latest_only to 2024-06-02 12:00:00+00:00, run_after=2024-06-02 16:00:00+00:00
[2024-06-02T19:40:55.516+0000] {processor.py:183} INFO - Processing /home/airflow/.local/lib/python3.12/site-packages/airflow/example_dags/example_latest_only.py took 0.044 seconds
[2024-06-02T19:41:41.276+0000] {processor.py:161} INFO - Started process (PID=69) to work on /home/airflow/.local/lib/python3.12/site-packages/airflow/example_dags/example_latest_only.py
[2024-06-02T19:41:41.276+0000] {processor.py:830} INFO - Processing file /home/airflow/.local/lib/python3.12/site-packages/airflow/example_dags/example_latest_only.py for tasks to queue
[2024-06-02T19:41:41.277+0000] {logging_mixin.py:188} INFO - [2024-06-02T19:41:41.277+0000] {dagbag.py:545} INFO - Filling up the DagBag from /home/airflow/.local/lib/python3.12/site-packages/airflow/example_dags/example_latest_only.py
[2024-06-02T19:41:41.282+0000] {processor.py:840} INFO - DAG(s) 'latest_only' retrieved from /home/airflow/.local/lib/python3.12/site-packages/airflow/example_dags/example_latest_only.py
[2024-06-02T19:41:41.289+0000] {logging_mixin.py:188} INFO - [2024-06-02T19:41:41.289+0000] {dag.py:3096} INFO - Sync 1 DAGs
[2024-06-02T19:41:41.304+0000] {logging_mixin.py:188} INFO - [2024-06-02T19:41:41.304+0000] {dag.py:3954} INFO - Setting next_dagrun for latest_only to 2024-06-02 12:00:00+00:00, run_after=2024-06-02 16:00:00+00:00
[2024-06-02T19:41:41.317+0000] {processor.py:183} INFO - Processing /home/airflow/.local/lib/python3.12/site-packages/airflow/example_dags/example_latest_only.py took 0.044 seconds
[2024-06-02T19:42:12.351+0000] {processor.py:161} INFO - Started process (PID=127) to work on /home/airflow/.local/lib/python3.12/site-packages/airflow/example_dags/example_latest_only.py
[2024-06-02T19:42:12.351+0000] {processor.py:830} INFO - Processing file /home/airflow/.local/lib/python3.12/site-packages/airflow/example_dags/example_latest_only.py for tasks to queue
[2024-06-02T19:42:12.352+0000] {logging_mixin.py:188} INFO - [2024-06-02T19:42:12.352+0000] {dagbag.py:545} INFO - Filling up the DagBag from /home/airflow/.local/lib/python3.12/site-packages/airflow/example_dags/example_latest_only.py
[2024-06-02T19:42:12.356+0000] {processor.py:840} INFO - DAG(s) 'latest_only' retrieved from /home/airflow/.local/lib/python3.12/site-packages/airflow/example_dags/example_latest_only.py
[2024-06-02T19:42:12.416+0000] {logging_mixin.py:188} INFO - [2024-06-02T19:42:12.416+0000] {dag.py:3096} INFO - Sync 1 DAGs
[2024-06-02T19:42:12.427+0000] {logging_mixin.py:188} INFO - [2024-06-02T19:42:12.427+0000] {dag.py:3954} INFO - Setting next_dagrun for latest_only to 2024-06-02 12:00:00+00:00, run_after=2024-06-02 16:00:00+00:00
[2024-06-02T19:42:12.439+0000] {processor.py:183} INFO - Processing /home/airflow/.local/lib/python3.12/site-packages/airflow/example_dags/example_latest_only.py took 0.091 seconds
[2024-06-02T19:42:42.584+0000] {processor.py:161} INFO - Started process (PID=185) to work on /home/airflow/.local/lib/python3.12/site-packages/airflow/example_dags/example_latest_only.py
[2024-06-02T19:42:42.585+0000] {processor.py:830} INFO - Processing file /home/airflow/.local/lib/python3.12/site-packages/airflow/example_dags/example_latest_only.py for tasks to queue
[2024-06-02T19:42:42.587+0000] {logging_mixin.py:188} INFO - [2024-06-02T19:42:42.587+0000] {dagbag.py:545} INFO - Filling up the DagBag from /home/airflow/.local/lib/python3.12/site-packages/airflow/example_dags/example_latest_only.py
[2024-06-02T19:42:42.591+0000] {processor.py:840} INFO - DAG(s) 'latest_only' retrieved from /home/airflow/.local/lib/python3.12/site-packages/airflow/example_dags/example_latest_only.py
[2024-06-02T19:42:42.604+0000] {logging_mixin.py:188} INFO - [2024-06-02T19:42:42.604+0000] {dag.py:3096} INFO - Sync 1 DAGs
[2024-06-02T19:42:42.618+0000] {logging_mixin.py:188} INFO - [2024-06-02T19:42:42.618+0000] {dag.py:3954} INFO - Setting next_dagrun for latest_only to 2024-06-02 12:00:00+00:00, run_after=2024-06-02 16:00:00+00:00
[2024-06-02T19:42:42.628+0000] {processor.py:183} INFO - Processing /home/airflow/.local/lib/python3.12/site-packages/airflow/example_dags/example_latest_only.py took 0.048 seconds
[2024-06-02T19:43:13.340+0000] {processor.py:161} INFO - Started process (PID=243) to work on /home/airflow/.local/lib/python3.12/site-packages/airflow/example_dags/example_latest_only.py
[2024-06-02T19:43:13.340+0000] {processor.py:830} INFO - Processing file /home/airflow/.local/lib/python3.12/site-packages/airflow/example_dags/example_latest_only.py for tasks to queue
[2024-06-02T19:43:13.342+0000] {logging_mixin.py:188} INFO - [2024-06-02T19:43:13.341+0000] {dagbag.py:545} INFO - Filling up the DagBag from /home/airflow/.local/lib/python3.12/site-packages/airflow/example_dags/example_latest_only.py
[2024-06-02T19:43:13.344+0000] {processor.py:840} INFO - DAG(s) 'latest_only' retrieved from /home/airflow/.local/lib/python3.12/site-packages/airflow/example_dags/example_latest_only.py
[2024-06-02T19:43:13.355+0000] {logging_mixin.py:188} INFO - [2024-06-02T19:43:13.355+0000] {dag.py:3096} INFO - Sync 1 DAGs
[2024-06-02T19:43:13.367+0000] {logging_mixin.py:188} INFO - [2024-06-02T19:43:13.367+0000] {dag.py:3954} INFO - Setting next_dagrun for latest_only to 2024-06-02 12:00:00+00:00, run_after=2024-06-02 16:00:00+00:00
[2024-06-02T19:43:13.377+0000] {processor.py:183} INFO - Processing /home/airflow/.local/lib/python3.12/site-packages/airflow/example_dags/example_latest_only.py took 0.040 seconds
[2024-06-02T19:43:44.031+0000] {processor.py:161} INFO - Started process (PID=301) to work on /home/airflow/.local/lib/python3.12/site-packages/airflow/example_dags/example_latest_only.py
[2024-06-02T19:43:44.032+0000] {processor.py:830} INFO - Processing file /home/airflow/.local/lib/python3.12/site-packages/airflow/example_dags/example_latest_only.py for tasks to queue
[2024-06-02T19:43:44.033+0000] {logging_mixin.py:188} INFO - [2024-06-02T19:43:44.033+0000] {dagbag.py:545} INFO - Filling up the DagBag from /home/airflow/.local/lib/python3.12/site-packages/airflow/example_dags/example_latest_only.py
[2024-06-02T19:43:44.036+0000] {processor.py:840} INFO - DAG(s) 'latest_only' retrieved from /home/airflow/.local/lib/python3.12/site-packages/airflow/example_dags/example_latest_only.py
[2024-06-02T19:43:44.048+0000] {logging_mixin.py:188} INFO - [2024-06-02T19:43:44.048+0000] {dag.py:3096} INFO - Sync 1 DAGs
[2024-06-02T19:43:44.060+0000] {logging_mixin.py:188} INFO - [2024-06-02T19:43:44.060+0000] {dag.py:3954} INFO - Setting next_dagrun for latest_only to 2024-06-02 12:00:00+00:00, run_after=2024-06-02 16:00:00+00:00
[2024-06-02T19:43:44.071+0000] {processor.py:183} INFO - Processing /home/airflow/.local/lib/python3.12/site-packages/airflow/example_dags/example_latest_only.py took 0.042 seconds
[2024-06-02T19:44:14.649+0000] {processor.py:161} INFO - Started process (PID=359) to work on /home/airflow/.local/lib/python3.12/site-packages/airflow/example_dags/example_latest_only.py
[2024-06-02T19:44:14.649+0000] {processor.py:830} INFO - Processing file /home/airflow/.local/lib/python3.12/site-packages/airflow/example_dags/example_latest_only.py for tasks to queue
[2024-06-02T19:44:14.651+0000] {logging_mixin.py:188} INFO - [2024-06-02T19:44:14.650+0000] {dagbag.py:545} INFO - Filling up the DagBag from /home/airflow/.local/lib/python3.12/site-packages/airflow/example_dags/example_latest_only.py
[2024-06-02T19:44:14.654+0000] {processor.py:840} INFO - DAG(s) 'latest_only' retrieved from /home/airflow/.local/lib/python3.12/site-packages/airflow/example_dags/example_latest_only.py
[2024-06-02T19:44:14.667+0000] {logging_mixin.py:188} INFO - [2024-06-02T19:44:14.667+0000] {dag.py:3096} INFO - Sync 1 DAGs
[2024-06-02T19:44:14.679+0000] {logging_mixin.py:188} INFO - [2024-06-02T19:44:14.679+0000] {dag.py:3954} INFO - Setting next_dagrun for latest_only to 2024-06-02 12:00:00+00:00, run_after=2024-06-02 16:00:00+00:00
[2024-06-02T19:44:14.689+0000] {processor.py:183} INFO - Processing /home/airflow/.local/lib/python3.12/site-packages/airflow/example_dags/example_latest_only.py took 0.044 seconds
[2024-06-02T19:44:45.277+0000] {processor.py:161} INFO - Started process (PID=417) to work on /home/airflow/.local/lib/python3.12/site-packages/airflow/example_dags/example_latest_only.py
[2024-06-02T19:44:45.277+0000] {processor.py:830} INFO - Processing file /home/airflow/.local/lib/python3.12/site-packages/airflow/example_dags/example_latest_only.py for tasks to queue
[2024-06-02T19:44:45.279+0000] {logging_mixin.py:188} INFO - [2024-06-02T19:44:45.278+0000] {dagbag.py:545} INFO - Filling up the DagBag from /home/airflow/.local/lib/python3.12/site-packages/airflow/example_dags/example_latest_only.py
[2024-06-02T19:44:45.282+0000] {processor.py:840} INFO - DAG(s) 'latest_only' retrieved from /home/airflow/.local/lib/python3.12/site-packages/airflow/example_dags/example_latest_only.py
[2024-06-02T19:44:45.293+0000] {logging_mixin.py:188} INFO - [2024-06-02T19:44:45.293+0000] {dag.py:3096} INFO - Sync 1 DAGs
[2024-06-02T19:44:45.305+0000] {logging_mixin.py:188} INFO - [2024-06-02T19:44:45.305+0000] {dag.py:3954} INFO - Setting next_dagrun for latest_only to 2024-06-02 12:00:00+00:00, run_after=2024-06-02 16:00:00+00:00
[2024-06-02T19:44:45.315+0000] {processor.py:183} INFO - Processing /home/airflow/.local/lib/python3.12/site-packages/airflow/example_dags/example_latest_only.py took 0.041 seconds
[2024-06-02T19:45:15.912+0000] {processor.py:161} INFO - Started process (PID=475) to work on /home/airflow/.local/lib/python3.12/site-packages/airflow/example_dags/example_latest_only.py
[2024-06-02T19:45:15.913+0000] {processor.py:830} INFO - Processing file /home/airflow/.local/lib/python3.12/site-packages/airflow/example_dags/example_latest_only.py for tasks to queue
[2024-06-02T19:45:15.915+0000] {logging_mixin.py:188} INFO - [2024-06-02T19:45:15.914+0000] {dagbag.py:545} INFO - Filling up the DagBag from /home/airflow/.local/lib/python3.12/site-packages/airflow/example_dags/example_latest_only.py
[2024-06-02T19:45:15.917+0000] {processor.py:840} INFO - DAG(s) 'latest_only' retrieved from /home/airflow/.local/lib/python3.12/site-packages/airflow/example_dags/example_latest_only.py
[2024-06-02T19:45:15.929+0000] {logging_mixin.py:188} INFO - [2024-06-02T19:45:15.929+0000] {dag.py:3096} INFO - Sync 1 DAGs
[2024-06-02T19:45:15.940+0000] {logging_mixin.py:188} INFO - [2024-06-02T19:45:15.940+0000] {dag.py:3954} INFO - Setting next_dagrun for latest_only to 2024-06-02 12:00:00+00:00, run_after=2024-06-02 16:00:00+00:00
[2024-06-02T19:45:15.950+0000] {processor.py:183} INFO - Processing /home/airflow/.local/lib/python3.12/site-packages/airflow/example_dags/example_latest_only.py took 0.041 seconds
[2024-06-02T19:45:46.578+0000] {processor.py:161} INFO - Started process (PID=532) to work on /home/airflow/.local/lib/python3.12/site-packages/airflow/example_dags/example_latest_only.py
[2024-06-02T19:45:46.579+0000] {processor.py:830} INFO - Processing file /home/airflow/.local/lib/python3.12/site-packages/airflow/example_dags/example_latest_only.py for tasks to queue
[2024-06-02T19:45:46.580+0000] {logging_mixin.py:188} INFO - [2024-06-02T19:45:46.580+0000] {dagbag.py:545} INFO - Filling up the DagBag from /home/airflow/.local/lib/python3.12/site-packages/airflow/example_dags/example_latest_only.py
[2024-06-02T19:45:46.583+0000] {processor.py:840} INFO - DAG(s) 'latest_only' retrieved from /home/airflow/.local/lib/python3.12/site-packages/airflow/example_dags/example_latest_only.py
[2024-06-02T19:45:46.594+0000] {logging_mixin.py:188} INFO - [2024-06-02T19:45:46.594+0000] {dag.py:3096} INFO - Sync 1 DAGs
[2024-06-02T19:45:46.607+0000] {logging_mixin.py:188} INFO - [2024-06-02T19:45:46.607+0000] {dag.py:3954} INFO - Setting next_dagrun for latest_only to 2024-06-02 12:00:00+00:00, run_after=2024-06-02 16:00:00+00:00
[2024-06-02T19:45:46.617+0000] {processor.py:183} INFO - Processing /home/airflow/.local/lib/python3.12/site-packages/airflow/example_dags/example_latest_only.py took 0.041 seconds
[2024-06-02T19:46:17.268+0000] {processor.py:161} INFO - Started process (PID=590) to work on /home/airflow/.local/lib/python3.12/site-packages/airflow/example_dags/example_latest_only.py
[2024-06-02T19:46:17.269+0000] {processor.py:830} INFO - Processing file /home/airflow/.local/lib/python3.12/site-packages/airflow/example_dags/example_latest_only.py for tasks to queue
[2024-06-02T19:46:17.270+0000] {logging_mixin.py:188} INFO - [2024-06-02T19:46:17.270+0000] {dagbag.py:545} INFO - Filling up the DagBag from /home/airflow/.local/lib/python3.12/site-packages/airflow/example_dags/example_latest_only.py
[2024-06-02T19:46:17.273+0000] {processor.py:840} INFO - DAG(s) 'latest_only' retrieved from /home/airflow/.local/lib/python3.12/site-packages/airflow/example_dags/example_latest_only.py
[2024-06-02T19:46:17.285+0000] {logging_mixin.py:188} INFO - [2024-06-02T19:46:17.285+0000] {dag.py:3096} INFO - Sync 1 DAGs
[2024-06-02T19:46:17.297+0000] {logging_mixin.py:188} INFO - [2024-06-02T19:46:17.297+0000] {dag.py:3954} INFO - Setting next_dagrun for latest_only to 2024-06-02 12:00:00+00:00, run_after=2024-06-02 16:00:00+00:00
[2024-06-02T19:46:17.307+0000] {processor.py:183} INFO - Processing /home/airflow/.local/lib/python3.12/site-packages/airflow/example_dags/example_latest_only.py took 0.042 seconds
[2024-06-02T19:46:47.969+0000] {processor.py:161} INFO - Started process (PID=648) to work on /home/airflow/.local/lib/python3.12/site-packages/airflow/example_dags/example_latest_only.py
[2024-06-02T19:46:47.970+0000] {processor.py:830} INFO - Processing file /home/airflow/.local/lib/python3.12/site-packages/airflow/example_dags/example_latest_only.py for tasks to queue
[2024-06-02T19:46:47.971+0000] {logging_mixin.py:188} INFO - [2024-06-02T19:46:47.971+0000] {dagbag.py:545} INFO - Filling up the DagBag from /home/airflow/.local/lib/python3.12/site-packages/airflow/example_dags/example_latest_only.py
[2024-06-02T19:46:47.974+0000] {processor.py:840} INFO - DAG(s) 'latest_only' retrieved from /home/airflow/.local/lib/python3.12/site-packages/airflow/example_dags/example_latest_only.py
[2024-06-02T19:46:47.985+0000] {logging_mixin.py:188} INFO - [2024-06-02T19:46:47.985+0000] {dag.py:3096} INFO - Sync 1 DAGs
[2024-06-02T19:46:47.997+0000] {logging_mixin.py:188} INFO - [2024-06-02T19:46:47.997+0000] {dag.py:3954} INFO - Setting next_dagrun for latest_only to 2024-06-02 12:00:00+00:00, run_after=2024-06-02 16:00:00+00:00
[2024-06-02T19:46:48.007+0000] {processor.py:183} INFO - Processing /home/airflow/.local/lib/python3.12/site-packages/airflow/example_dags/example_latest_only.py took 0.041 seconds
[2024-06-02T19:47:18.673+0000] {processor.py:161} INFO - Started process (PID=706) to work on /home/airflow/.local/lib/python3.12/site-packages/airflow/example_dags/example_latest_only.py
[2024-06-02T19:47:18.674+0000] {processor.py:830} INFO - Processing file /home/airflow/.local/lib/python3.12/site-packages/airflow/example_dags/example_latest_only.py for tasks to queue
[2024-06-02T19:47:18.675+0000] {logging_mixin.py:188} INFO - [2024-06-02T19:47:18.675+0000] {dagbag.py:545} INFO - Filling up the DagBag from /home/airflow/.local/lib/python3.12/site-packages/airflow/example_dags/example_latest_only.py
[2024-06-02T19:47:18.678+0000] {processor.py:840} INFO - DAG(s) 'latest_only' retrieved from /home/airflow/.local/lib/python3.12/site-packages/airflow/example_dags/example_latest_only.py
[2024-06-02T19:47:18.690+0000] {logging_mixin.py:188} INFO - [2024-06-02T19:47:18.690+0000] {dag.py:3096} INFO - Sync 1 DAGs
[2024-06-02T19:47:18.702+0000] {logging_mixin.py:188} INFO - [2024-06-02T19:47:18.702+0000] {dag.py:3954} INFO - Setting next_dagrun for latest_only to 2024-06-02 12:00:00+00:00, run_after=2024-06-02 16:00:00+00:00
[2024-06-02T19:47:18.712+0000] {processor.py:183} INFO - Processing /home/airflow/.local/lib/python3.12/site-packages/airflow/example_dags/example_latest_only.py took 0.042 seconds
[2024-06-02T19:47:49.416+0000] {processor.py:161} INFO - Started process (PID=764) to work on /home/airflow/.local/lib/python3.12/site-packages/airflow/example_dags/example_latest_only.py
[2024-06-02T19:47:49.417+0000] {processor.py:830} INFO - Processing file /home/airflow/.local/lib/python3.12/site-packages/airflow/example_dags/example_latest_only.py for tasks to queue
[2024-06-02T19:47:49.418+0000] {logging_mixin.py:188} INFO - [2024-06-02T19:47:49.418+0000] {dagbag.py:545} INFO - Filling up the DagBag from /home/airflow/.local/lib/python3.12/site-packages/airflow/example_dags/example_latest_only.py
[2024-06-02T19:47:49.421+0000] {processor.py:840} INFO - DAG(s) 'latest_only' retrieved from /home/airflow/.local/lib/python3.12/site-packages/airflow/example_dags/example_latest_only.py
[2024-06-02T19:47:49.433+0000] {logging_mixin.py:188} INFO - [2024-06-02T19:47:49.432+0000] {dag.py:3096} INFO - Sync 1 DAGs
[2024-06-02T19:47:49.445+0000] {logging_mixin.py:188} INFO - [2024-06-02T19:47:49.445+0000] {dag.py:3954} INFO - Setting next_dagrun for latest_only to 2024-06-02 12:00:00+00:00, run_after=2024-06-02 16:00:00+00:00
[2024-06-02T19:47:49.455+0000] {processor.py:183} INFO - Processing /home/airflow/.local/lib/python3.12/site-packages/airflow/example_dags/example_latest_only.py took 0.042 seconds
[2024-06-02T19:48:20.115+0000] {processor.py:161} INFO - Started process (PID=822) to work on /home/airflow/.local/lib/python3.12/site-packages/airflow/example_dags/example_latest_only.py
[2024-06-02T19:48:20.116+0000] {processor.py:830} INFO - Processing file /home/airflow/.local/lib/python3.12/site-packages/airflow/example_dags/example_latest_only.py for tasks to queue
[2024-06-02T19:48:20.117+0000] {logging_mixin.py:188} INFO - [2024-06-02T19:48:20.117+0000] {dagbag.py:545} INFO - Filling up the DagBag from /home/airflow/.local/lib/python3.12/site-packages/airflow/example_dags/example_latest_only.py
[2024-06-02T19:48:20.120+0000] {processor.py:840} INFO - DAG(s) 'latest_only' retrieved from /home/airflow/.local/lib/python3.12/site-packages/airflow/example_dags/example_latest_only.py
[2024-06-02T19:48:20.131+0000] {logging_mixin.py:188} INFO - [2024-06-02T19:48:20.131+0000] {dag.py:3096} INFO - Sync 1 DAGs
[2024-06-02T19:48:20.144+0000] {logging_mixin.py:188} INFO - [2024-06-02T19:48:20.144+0000] {dag.py:3954} INFO - Setting next_dagrun for latest_only to 2024-06-02 12:00:00+00:00, run_after=2024-06-02 16:00:00+00:00
[2024-06-02T19:48:20.154+0000] {processor.py:183} INFO - Processing /home/airflow/.local/lib/python3.12/site-packages/airflow/example_dags/example_latest_only.py took 0.042 seconds
[2024-06-02T19:48:50.759+0000] {processor.py:161} INFO - Started process (PID=880) to work on /home/airflow/.local/lib/python3.12/site-packages/airflow/example_dags/example_latest_only.py
[2024-06-02T19:48:50.759+0000] {processor.py:830} INFO - Processing file /home/airflow/.local/lib/python3.12/site-packages/airflow/example_dags/example_latest_only.py for tasks to queue
[2024-06-02T19:48:50.762+0000] {logging_mixin.py:188} INFO - [2024-06-02T19:48:50.761+0000] {dagbag.py:545} INFO - Filling up the DagBag from /home/airflow/.local/lib/python3.12/site-packages/airflow/example_dags/example_latest_only.py
[2024-06-02T19:48:50.764+0000] {processor.py:840} INFO - DAG(s) 'latest_only' retrieved from /home/airflow/.local/lib/python3.12/site-packages/airflow/example_dags/example_latest_only.py
[2024-06-02T19:48:50.776+0000] {logging_mixin.py:188} INFO - [2024-06-02T19:48:50.776+0000] {dag.py:3096} INFO - Sync 1 DAGs
[2024-06-02T19:48:50.788+0000] {logging_mixin.py:188} INFO - [2024-06-02T19:48:50.788+0000] {dag.py:3954} INFO - Setting next_dagrun for latest_only to 2024-06-02 12:00:00+00:00, run_after=2024-06-02 16:00:00+00:00
[2024-06-02T19:48:50.798+0000] {processor.py:183} INFO - Processing /home/airflow/.local/lib/python3.12/site-packages/airflow/example_dags/example_latest_only.py took 0.042 seconds
[2024-06-02T19:49:21.391+0000] {processor.py:161} INFO - Started process (PID=938) to work on /home/airflow/.local/lib/python3.12/site-packages/airflow/example_dags/example_latest_only.py
[2024-06-02T19:49:21.392+0000] {processor.py:830} INFO - Processing file /home/airflow/.local/lib/python3.12/site-packages/airflow/example_dags/example_latest_only.py for tasks to queue
[2024-06-02T19:49:21.393+0000] {logging_mixin.py:188} INFO - [2024-06-02T19:49:21.393+0000] {dagbag.py:545} INFO - Filling up the DagBag from /home/airflow/.local/lib/python3.12/site-packages/airflow/example_dags/example_latest_only.py
[2024-06-02T19:49:21.396+0000] {processor.py:840} INFO - DAG(s) 'latest_only' retrieved from /home/airflow/.local/lib/python3.12/site-packages/airflow/example_dags/example_latest_only.py
[2024-06-02T19:49:21.407+0000] {logging_mixin.py:188} INFO - [2024-06-02T19:49:21.407+0000] {dag.py:3096} INFO - Sync 1 DAGs
[2024-06-02T19:49:21.420+0000] {logging_mixin.py:188} INFO - [2024-06-02T19:49:21.420+0000] {dag.py:3954} INFO - Setting next_dagrun for latest_only to 2024-06-02 12:00:00+00:00, run_after=2024-06-02 16:00:00+00:00
[2024-06-02T19:49:21.431+0000] {processor.py:183} INFO - Processing /home/airflow/.local/lib/python3.12/site-packages/airflow/example_dags/example_latest_only.py took 0.044 seconds
[2024-06-02T19:49:52.035+0000] {processor.py:161} INFO - Started process (PID=996) to work on /home/airflow/.local/lib/python3.12/site-packages/airflow/example_dags/example_latest_only.py
[2024-06-02T19:49:52.036+0000] {processor.py:830} INFO - Processing file /home/airflow/.local/lib/python3.12/site-packages/airflow/example_dags/example_latest_only.py for tasks to queue
[2024-06-02T19:49:52.037+0000] {logging_mixin.py:188} INFO - [2024-06-02T19:49:52.037+0000] {dagbag.py:545} INFO - Filling up the DagBag from /home/airflow/.local/lib/python3.12/site-packages/airflow/example_dags/example_latest_only.py
[2024-06-02T19:49:52.040+0000] {processor.py:840} INFO - DAG(s) 'latest_only' retrieved from /home/airflow/.local/lib/python3.12/site-packages/airflow/example_dags/example_latest_only.py
[2024-06-02T19:49:52.051+0000] {logging_mixin.py:188} INFO - [2024-06-02T19:49:52.051+0000] {dag.py:3096} INFO - Sync 1 DAGs
[2024-06-02T19:49:52.063+0000] {logging_mixin.py:188} INFO - [2024-06-02T19:49:52.063+0000] {dag.py:3954} INFO - Setting next_dagrun for latest_only to 2024-06-02 12:00:00+00:00, run_after=2024-06-02 16:00:00+00:00
[2024-06-02T19:49:52.073+0000] {processor.py:183} INFO - Processing /home/airflow/.local/lib/python3.12/site-packages/airflow/example_dags/example_latest_only.py took 0.041 seconds
[2024-06-02T19:50:22.810+0000] {processor.py:161} INFO - Started process (PID=1054) to work on /home/airflow/.local/lib/python3.12/site-packages/airflow/example_dags/example_latest_only.py
[2024-06-02T19:50:22.811+0000] {processor.py:830} INFO - Processing file /home/airflow/.local/lib/python3.12/site-packages/airflow/example_dags/example_latest_only.py for tasks to queue
[2024-06-02T19:50:22.812+0000] {logging_mixin.py:188} INFO - [2024-06-02T19:50:22.812+0000] {dagbag.py:545} INFO - Filling up the DagBag from /home/airflow/.local/lib/python3.12/site-packages/airflow/example_dags/example_latest_only.py
[2024-06-02T19:50:22.815+0000] {processor.py:840} INFO - DAG(s) 'latest_only' retrieved from /home/airflow/.local/lib/python3.12/site-packages/airflow/example_dags/example_latest_only.py
[2024-06-02T19:50:22.826+0000] {logging_mixin.py:188} INFO - [2024-06-02T19:50:22.826+0000] {dag.py:3096} INFO - Sync 1 DAGs
[2024-06-02T19:50:22.839+0000] {logging_mixin.py:188} INFO - [2024-06-02T19:50:22.838+0000] {dag.py:3954} INFO - Setting next_dagrun for latest_only to 2024-06-02 12:00:00+00:00, run_after=2024-06-02 16:00:00+00:00
[2024-06-02T19:50:22.849+0000] {processor.py:183} INFO - Processing /home/airflow/.local/lib/python3.12/site-packages/airflow/example_dags/example_latest_only.py took 0.042 seconds
[2024-06-02T19:50:52.876+0000] {processor.py:161} INFO - Started process (PID=1112) to work on /home/airflow/.local/lib/python3.12/site-packages/airflow/example_dags/example_latest_only.py
[2024-06-02T19:50:52.876+0000] {processor.py:830} INFO - Processing file /home/airflow/.local/lib/python3.12/site-packages/airflow/example_dags/example_latest_only.py for tasks to queue
[2024-06-02T19:50:52.877+0000] {logging_mixin.py:188} INFO - [2024-06-02T19:50:52.877+0000] {dagbag.py:545} INFO - Filling up the DagBag from /home/airflow/.local/lib/python3.12/site-packages/airflow/example_dags/example_latest_only.py
[2024-06-02T19:50:52.880+0000] {processor.py:840} INFO - DAG(s) 'latest_only' retrieved from /home/airflow/.local/lib/python3.12/site-packages/airflow/example_dags/example_latest_only.py
[2024-06-02T19:50:52.891+0000] {logging_mixin.py:188} INFO - [2024-06-02T19:50:52.891+0000] {dag.py:3096} INFO - Sync 1 DAGs
[2024-06-02T19:50:52.903+0000] {logging_mixin.py:188} INFO - [2024-06-02T19:50:52.903+0000] {dag.py:3954} INFO - Setting next_dagrun for latest_only to 2024-06-02 12:00:00+00:00, run_after=2024-06-02 16:00:00+00:00
[2024-06-02T19:50:52.912+0000] {processor.py:183} INFO - Processing /home/airflow/.local/lib/python3.12/site-packages/airflow/example_dags/example_latest_only.py took 0.040 seconds
[2024-06-02T19:51:23.138+0000] {processor.py:161} INFO - Started process (PID=1170) to work on /home/airflow/.local/lib/python3.12/site-packages/airflow/example_dags/example_latest_only.py
[2024-06-02T19:51:23.139+0000] {processor.py:830} INFO - Processing file /home/airflow/.local/lib/python3.12/site-packages/airflow/example_dags/example_latest_only.py for tasks to queue
[2024-06-02T19:51:23.140+0000] {logging_mixin.py:188} INFO - [2024-06-02T19:51:23.140+0000] {dagbag.py:545} INFO - Filling up the DagBag from /home/airflow/.local/lib/python3.12/site-packages/airflow/example_dags/example_latest_only.py
[2024-06-02T19:51:23.143+0000] {processor.py:840} INFO - DAG(s) 'latest_only' retrieved from /home/airflow/.local/lib/python3.12/site-packages/airflow/example_dags/example_latest_only.py
[2024-06-02T19:51:23.155+0000] {logging_mixin.py:188} INFO - [2024-06-02T19:51:23.154+0000] {dag.py:3096} INFO - Sync 1 DAGs
[2024-06-02T19:51:23.167+0000] {logging_mixin.py:188} INFO - [2024-06-02T19:51:23.167+0000] {dag.py:3954} INFO - Setting next_dagrun for latest_only to 2024-06-02 12:00:00+00:00, run_after=2024-06-02 16:00:00+00:00
[2024-06-02T19:51:23.177+0000] {processor.py:183} INFO - Processing /home/airflow/.local/lib/python3.12/site-packages/airflow/example_dags/example_latest_only.py took 0.042 seconds
[2024-06-02T19:51:53.298+0000] {processor.py:161} INFO - Started process (PID=1228) to work on /home/airflow/.local/lib/python3.12/site-packages/airflow/example_dags/example_latest_only.py
[2024-06-02T19:51:53.299+0000] {processor.py:830} INFO - Processing file /home/airflow/.local/lib/python3.12/site-packages/airflow/example_dags/example_latest_only.py for tasks to queue
[2024-06-02T19:51:53.301+0000] {logging_mixin.py:188} INFO - [2024-06-02T19:51:53.300+0000] {dagbag.py:545} INFO - Filling up the DagBag from /home/airflow/.local/lib/python3.12/site-packages/airflow/example_dags/example_latest_only.py
[2024-06-02T19:51:53.303+0000] {processor.py:840} INFO - DAG(s) 'latest_only' retrieved from /home/airflow/.local/lib/python3.12/site-packages/airflow/example_dags/example_latest_only.py
[2024-06-02T19:51:53.315+0000] {logging_mixin.py:188} INFO - [2024-06-02T19:51:53.315+0000] {dag.py:3096} INFO - Sync 1 DAGs
[2024-06-02T19:51:53.329+0000] {logging_mixin.py:188} INFO - [2024-06-02T19:51:53.329+0000] {dag.py:3954} INFO - Setting next_dagrun for latest_only to 2024-06-02 12:00:00+00:00, run_after=2024-06-02 16:00:00+00:00
[2024-06-02T19:51:53.339+0000] {processor.py:183} INFO - Processing /home/airflow/.local/lib/python3.12/site-packages/airflow/example_dags/example_latest_only.py took 0.044 seconds
[2024-06-02T19:52:23.983+0000] {processor.py:161} INFO - Started process (PID=1286) to work on /home/airflow/.local/lib/python3.12/site-packages/airflow/example_dags/example_latest_only.py
[2024-06-02T19:52:23.984+0000] {processor.py:830} INFO - Processing file /home/airflow/.local/lib/python3.12/site-packages/airflow/example_dags/example_latest_only.py for tasks to queue
[2024-06-02T19:52:23.985+0000] {logging_mixin.py:188} INFO - [2024-06-02T19:52:23.985+0000] {dagbag.py:545} INFO - Filling up the DagBag from /home/airflow/.local/lib/python3.12/site-packages/airflow/example_dags/example_latest_only.py
[2024-06-02T19:52:23.988+0000] {processor.py:840} INFO - DAG(s) 'latest_only' retrieved from /home/airflow/.local/lib/python3.12/site-packages/airflow/example_dags/example_latest_only.py
[2024-06-02T19:52:24.000+0000] {logging_mixin.py:188} INFO - [2024-06-02T19:52:24.000+0000] {dag.py:3096} INFO - Sync 1 DAGs
[2024-06-02T19:52:24.012+0000] {logging_mixin.py:188} INFO - [2024-06-02T19:52:24.012+0000] {dag.py:3954} INFO - Setting next_dagrun for latest_only to 2024-06-02 12:00:00+00:00, run_after=2024-06-02 16:00:00+00:00
[2024-06-02T19:52:24.023+0000] {processor.py:183} INFO - Processing /home/airflow/.local/lib/python3.12/site-packages/airflow/example_dags/example_latest_only.py took 0.043 seconds
[2024-06-02T19:52:54.720+0000] {processor.py:161} INFO - Started process (PID=1343) to work on /home/airflow/.local/lib/python3.12/site-packages/airflow/example_dags/example_latest_only.py
[2024-06-02T19:52:54.721+0000] {processor.py:830} INFO - Processing file /home/airflow/.local/lib/python3.12/site-packages/airflow/example_dags/example_latest_only.py for tasks to queue
[2024-06-02T19:52:54.722+0000] {logging_mixin.py:188} INFO - [2024-06-02T19:52:54.722+0000] {dagbag.py:545} INFO - Filling up the DagBag from /home/airflow/.local/lib/python3.12/site-packages/airflow/example_dags/example_latest_only.py
[2024-06-02T19:52:54.725+0000] {processor.py:840} INFO - DAG(s) 'latest_only' retrieved from /home/airflow/.local/lib/python3.12/site-packages/airflow/example_dags/example_latest_only.py
[2024-06-02T19:52:54.737+0000] {logging_mixin.py:188} INFO - [2024-06-02T19:52:54.737+0000] {dag.py:3096} INFO - Sync 1 DAGs
[2024-06-02T19:52:54.749+0000] {logging_mixin.py:188} INFO - [2024-06-02T19:52:54.749+0000] {dag.py:3954} INFO - Setting next_dagrun for latest_only to 2024-06-02 12:00:00+00:00, run_after=2024-06-02 16:00:00+00:00
[2024-06-02T19:52:54.759+0000] {processor.py:183} INFO - Processing /home/airflow/.local/lib/python3.12/site-packages/airflow/example_dags/example_latest_only.py took 0.042 seconds
[2024-06-02T19:53:25.421+0000] {processor.py:161} INFO - Started process (PID=1407) to work on /home/airflow/.local/lib/python3.12/site-packages/airflow/example_dags/example_latest_only.py
[2024-06-02T19:53:25.422+0000] {processor.py:830} INFO - Processing file /home/airflow/.local/lib/python3.12/site-packages/airflow/example_dags/example_latest_only.py for tasks to queue
[2024-06-02T19:53:25.423+0000] {logging_mixin.py:188} INFO - [2024-06-02T19:53:25.423+0000] {dagbag.py:545} INFO - Filling up the DagBag from /home/airflow/.local/lib/python3.12/site-packages/airflow/example_dags/example_latest_only.py
[2024-06-02T19:53:25.426+0000] {processor.py:840} INFO - DAG(s) 'latest_only' retrieved from /home/airflow/.local/lib/python3.12/site-packages/airflow/example_dags/example_latest_only.py
[2024-06-02T19:53:25.438+0000] {logging_mixin.py:188} INFO - [2024-06-02T19:53:25.438+0000] {dag.py:3096} INFO - Sync 1 DAGs
[2024-06-02T19:53:25.451+0000] {logging_mixin.py:188} INFO - [2024-06-02T19:53:25.451+0000] {dag.py:3954} INFO - Setting next_dagrun for latest_only to 2024-06-02 12:00:00+00:00, run_after=2024-06-02 16:00:00+00:00
[2024-06-02T19:53:25.461+0000] {processor.py:183} INFO - Processing /home/airflow/.local/lib/python3.12/site-packages/airflow/example_dags/example_latest_only.py took 0.043 seconds
[2024-06-02T19:53:56.105+0000] {processor.py:161} INFO - Started process (PID=1465) to work on /home/airflow/.local/lib/python3.12/site-packages/airflow/example_dags/example_latest_only.py
[2024-06-02T19:53:56.105+0000] {processor.py:830} INFO - Processing file /home/airflow/.local/lib/python3.12/site-packages/airflow/example_dags/example_latest_only.py for tasks to queue
[2024-06-02T19:53:56.106+0000] {logging_mixin.py:188} INFO - [2024-06-02T19:53:56.106+0000] {dagbag.py:545} INFO - Filling up the DagBag from /home/airflow/.local/lib/python3.12/site-packages/airflow/example_dags/example_latest_only.py
[2024-06-02T19:53:56.109+0000] {processor.py:840} INFO - DAG(s) 'latest_only' retrieved from /home/airflow/.local/lib/python3.12/site-packages/airflow/example_dags/example_latest_only.py
[2024-06-02T19:53:56.121+0000] {logging_mixin.py:188} INFO - [2024-06-02T19:53:56.120+0000] {dag.py:3096} INFO - Sync 1 DAGs
[2024-06-02T19:53:56.132+0000] {logging_mixin.py:188} INFO - [2024-06-02T19:53:56.132+0000] {dag.py:3954} INFO - Setting next_dagrun for latest_only to 2024-06-02 12:00:00+00:00, run_after=2024-06-02 16:00:00+00:00
[2024-06-02T19:53:56.142+0000] {processor.py:183} INFO - Processing /home/airflow/.local/lib/python3.12/site-packages/airflow/example_dags/example_latest_only.py took 0.041 seconds
[2024-06-02T19:54:26.814+0000] {processor.py:161} INFO - Started process (PID=1523) to work on /home/airflow/.local/lib/python3.12/site-packages/airflow/example_dags/example_latest_only.py
[2024-06-02T19:54:26.815+0000] {processor.py:830} INFO - Processing file /home/airflow/.local/lib/python3.12/site-packages/airflow/example_dags/example_latest_only.py for tasks to queue
[2024-06-02T19:54:26.817+0000] {logging_mixin.py:188} INFO - [2024-06-02T19:54:26.816+0000] {dagbag.py:545} INFO - Filling up the DagBag from /home/airflow/.local/lib/python3.12/site-packages/airflow/example_dags/example_latest_only.py
[2024-06-02T19:54:26.819+0000] {processor.py:840} INFO - DAG(s) 'latest_only' retrieved from /home/airflow/.local/lib/python3.12/site-packages/airflow/example_dags/example_latest_only.py
[2024-06-02T19:54:26.831+0000] {logging_mixin.py:188} INFO - [2024-06-02T19:54:26.831+0000] {dag.py:3096} INFO - Sync 1 DAGs
[2024-06-02T19:54:26.843+0000] {logging_mixin.py:188} INFO - [2024-06-02T19:54:26.843+0000] {dag.py:3954} INFO - Setting next_dagrun for latest_only to 2024-06-02 12:00:00+00:00, run_after=2024-06-02 16:00:00+00:00
[2024-06-02T19:54:26.854+0000] {processor.py:183} INFO - Processing /home/airflow/.local/lib/python3.12/site-packages/airflow/example_dags/example_latest_only.py took 0.043 seconds
[2024-06-02T19:54:57.652+0000] {processor.py:161} INFO - Started process (PID=1581) to work on /home/airflow/.local/lib/python3.12/site-packages/airflow/example_dags/example_latest_only.py
[2024-06-02T19:54:57.653+0000] {processor.py:830} INFO - Processing file /home/airflow/.local/lib/python3.12/site-packages/airflow/example_dags/example_latest_only.py for tasks to queue
[2024-06-02T19:54:57.654+0000] {logging_mixin.py:188} INFO - [2024-06-02T19:54:57.654+0000] {dagbag.py:545} INFO - Filling up the DagBag from /home/airflow/.local/lib/python3.12/site-packages/airflow/example_dags/example_latest_only.py
[2024-06-02T19:54:57.658+0000] {processor.py:840} INFO - DAG(s) 'latest_only' retrieved from /home/airflow/.local/lib/python3.12/site-packages/airflow/example_dags/example_latest_only.py
[2024-06-02T19:54:57.669+0000] {logging_mixin.py:188} INFO - [2024-06-02T19:54:57.669+0000] {dag.py:3096} INFO - Sync 1 DAGs
[2024-06-02T19:54:57.681+0000] {logging_mixin.py:188} INFO - [2024-06-02T19:54:57.681+0000] {dag.py:3954} INFO - Setting next_dagrun for latest_only to 2024-06-02 12:00:00+00:00, run_after=2024-06-02 16:00:00+00:00
[2024-06-02T19:54:57.692+0000] {processor.py:183} INFO - Processing /home/airflow/.local/lib/python3.12/site-packages/airflow/example_dags/example_latest_only.py took 0.043 seconds
[2024-06-02T19:55:28.340+0000] {processor.py:161} INFO - Started process (PID=1639) to work on /home/airflow/.local/lib/python3.12/site-packages/airflow/example_dags/example_latest_only.py
[2024-06-02T19:55:28.341+0000] {processor.py:830} INFO - Processing file /home/airflow/.local/lib/python3.12/site-packages/airflow/example_dags/example_latest_only.py for tasks to queue
[2024-06-02T19:55:28.342+0000] {logging_mixin.py:188} INFO - [2024-06-02T19:55:28.342+0000] {dagbag.py:545} INFO - Filling up the DagBag from /home/airflow/.local/lib/python3.12/site-packages/airflow/example_dags/example_latest_only.py
[2024-06-02T19:55:28.345+0000] {processor.py:840} INFO - DAG(s) 'latest_only' retrieved from /home/airflow/.local/lib/python3.12/site-packages/airflow/example_dags/example_latest_only.py
[2024-06-02T19:55:28.356+0000] {logging_mixin.py:188} INFO - [2024-06-02T19:55:28.356+0000] {dag.py:3096} INFO - Sync 1 DAGs
[2024-06-02T19:55:28.369+0000] {logging_mixin.py:188} INFO - [2024-06-02T19:55:28.369+0000] {dag.py:3954} INFO - Setting next_dagrun for latest_only to 2024-06-02 12:00:00+00:00, run_after=2024-06-02 16:00:00+00:00
[2024-06-02T19:55:28.379+0000] {processor.py:183} INFO - Processing /home/airflow/.local/lib/python3.12/site-packages/airflow/example_dags/example_latest_only.py took 0.042 seconds
[2024-06-02T19:55:59.011+0000] {processor.py:161} INFO - Started process (PID=1697) to work on /home/airflow/.local/lib/python3.12/site-packages/airflow/example_dags/example_latest_only.py
[2024-06-02T19:55:59.012+0000] {processor.py:830} INFO - Processing file /home/airflow/.local/lib/python3.12/site-packages/airflow/example_dags/example_latest_only.py for tasks to queue
[2024-06-02T19:55:59.013+0000] {logging_mixin.py:188} INFO - [2024-06-02T19:55:59.013+0000] {dagbag.py:545} INFO - Filling up the DagBag from /home/airflow/.local/lib/python3.12/site-packages/airflow/example_dags/example_latest_only.py
[2024-06-02T19:55:59.016+0000] {processor.py:840} INFO - DAG(s) 'latest_only' retrieved from /home/airflow/.local/lib/python3.12/site-packages/airflow/example_dags/example_latest_only.py
[2024-06-02T19:55:59.027+0000] {logging_mixin.py:188} INFO - [2024-06-02T19:55:59.027+0000] {dag.py:3096} INFO - Sync 1 DAGs
[2024-06-02T19:55:59.039+0000] {logging_mixin.py:188} INFO - [2024-06-02T19:55:59.039+0000] {dag.py:3954} INFO - Setting next_dagrun for latest_only to 2024-06-02 12:00:00+00:00, run_after=2024-06-02 16:00:00+00:00
[2024-06-02T19:55:59.049+0000] {processor.py:183} INFO - Processing /home/airflow/.local/lib/python3.12/site-packages/airflow/example_dags/example_latest_only.py took 0.041 seconds
[2024-06-02T19:56:29.640+0000] {processor.py:161} INFO - Started process (PID=1755) to work on /home/airflow/.local/lib/python3.12/site-packages/airflow/example_dags/example_latest_only.py
[2024-06-02T19:56:29.640+0000] {processor.py:830} INFO - Processing file /home/airflow/.local/lib/python3.12/site-packages/airflow/example_dags/example_latest_only.py for tasks to queue
[2024-06-02T19:56:29.641+0000] {logging_mixin.py:188} INFO - [2024-06-02T19:56:29.641+0000] {dagbag.py:545} INFO - Filling up the DagBag from /home/airflow/.local/lib/python3.12/site-packages/airflow/example_dags/example_latest_only.py
[2024-06-02T19:56:29.645+0000] {processor.py:840} INFO - DAG(s) 'latest_only' retrieved from /home/airflow/.local/lib/python3.12/site-packages/airflow/example_dags/example_latest_only.py
[2024-06-02T19:56:29.657+0000] {logging_mixin.py:188} INFO - [2024-06-02T19:56:29.657+0000] {dag.py:3096} INFO - Sync 1 DAGs
[2024-06-02T19:56:29.669+0000] {logging_mixin.py:188} INFO - [2024-06-02T19:56:29.669+0000] {dag.py:3954} INFO - Setting next_dagrun for latest_only to 2024-06-02 12:00:00+00:00, run_after=2024-06-02 16:00:00+00:00
[2024-06-02T19:56:29.680+0000] {processor.py:183} INFO - Processing /home/airflow/.local/lib/python3.12/site-packages/airflow/example_dags/example_latest_only.py took 0.044 seconds
[2024-06-02T19:57:00.491+0000] {processor.py:161} INFO - Started process (PID=1813) to work on /home/airflow/.local/lib/python3.12/site-packages/airflow/example_dags/example_latest_only.py
[2024-06-02T19:57:00.492+0000] {processor.py:830} INFO - Processing file /home/airflow/.local/lib/python3.12/site-packages/airflow/example_dags/example_latest_only.py for tasks to queue
[2024-06-02T19:57:00.493+0000] {logging_mixin.py:188} INFO - [2024-06-02T19:57:00.493+0000] {dagbag.py:545} INFO - Filling up the DagBag from /home/airflow/.local/lib/python3.12/site-packages/airflow/example_dags/example_latest_only.py
[2024-06-02T19:57:00.496+0000] {processor.py:840} INFO - DAG(s) 'latest_only' retrieved from /home/airflow/.local/lib/python3.12/site-packages/airflow/example_dags/example_latest_only.py
[2024-06-02T19:57:00.507+0000] {logging_mixin.py:188} INFO - [2024-06-02T19:57:00.507+0000] {dag.py:3096} INFO - Sync 1 DAGs
[2024-06-02T19:57:00.519+0000] {logging_mixin.py:188} INFO - [2024-06-02T19:57:00.518+0000] {dag.py:3954} INFO - Setting next_dagrun for latest_only to 2024-06-02 12:00:00+00:00, run_after=2024-06-02 16:00:00+00:00
[2024-06-02T19:57:00.529+0000] {processor.py:183} INFO - Processing /home/airflow/.local/lib/python3.12/site-packages/airflow/example_dags/example_latest_only.py took 0.041 seconds
[2024-06-02T19:57:31.327+0000] {processor.py:161} INFO - Started process (PID=1871) to work on /home/airflow/.local/lib/python3.12/site-packages/airflow/example_dags/example_latest_only.py
[2024-06-02T19:57:31.328+0000] {processor.py:830} INFO - Processing file /home/airflow/.local/lib/python3.12/site-packages/airflow/example_dags/example_latest_only.py for tasks to queue
[2024-06-02T19:57:31.329+0000] {logging_mixin.py:188} INFO - [2024-06-02T19:57:31.329+0000] {dagbag.py:545} INFO - Filling up the DagBag from /home/airflow/.local/lib/python3.12/site-packages/airflow/example_dags/example_latest_only.py
[2024-06-02T19:57:31.332+0000] {processor.py:840} INFO - DAG(s) 'latest_only' retrieved from /home/airflow/.local/lib/python3.12/site-packages/airflow/example_dags/example_latest_only.py
[2024-06-02T19:57:31.343+0000] {logging_mixin.py:188} INFO - [2024-06-02T19:57:31.343+0000] {dag.py:3096} INFO - Sync 1 DAGs
[2024-06-02T19:57:31.355+0000] {logging_mixin.py:188} INFO - [2024-06-02T19:57:31.355+0000] {dag.py:3954} INFO - Setting next_dagrun for latest_only to 2024-06-02 12:00:00+00:00, run_after=2024-06-02 16:00:00+00:00
[2024-06-02T19:57:31.458+0000] {processor.py:183} INFO - Processing /home/airflow/.local/lib/python3.12/site-packages/airflow/example_dags/example_latest_only.py took 0.134 seconds
[2024-06-02T19:58:02.201+0000] {processor.py:161} INFO - Started process (PID=1929) to work on /home/airflow/.local/lib/python3.12/site-packages/airflow/example_dags/example_latest_only.py
[2024-06-02T19:58:02.202+0000] {processor.py:830} INFO - Processing file /home/airflow/.local/lib/python3.12/site-packages/airflow/example_dags/example_latest_only.py for tasks to queue
[2024-06-02T19:58:02.203+0000] {logging_mixin.py:188} INFO - [2024-06-02T19:58:02.203+0000] {dagbag.py:545} INFO - Filling up the DagBag from /home/airflow/.local/lib/python3.12/site-packages/airflow/example_dags/example_latest_only.py
[2024-06-02T19:58:02.206+0000] {processor.py:840} INFO - DAG(s) 'latest_only' retrieved from /home/airflow/.local/lib/python3.12/site-packages/airflow/example_dags/example_latest_only.py
[2024-06-02T19:58:02.217+0000] {logging_mixin.py:188} INFO - [2024-06-02T19:58:02.217+0000] {dag.py:3096} INFO - Sync 1 DAGs
[2024-06-02T19:58:02.230+0000] {logging_mixin.py:188} INFO - [2024-06-02T19:58:02.230+0000] {dag.py:3954} INFO - Setting next_dagrun for latest_only to 2024-06-02 12:00:00+00:00, run_after=2024-06-02 16:00:00+00:00
[2024-06-02T19:58:02.240+0000] {processor.py:183} INFO - Processing /home/airflow/.local/lib/python3.12/site-packages/airflow/example_dags/example_latest_only.py took 0.042 seconds
[2024-06-02T19:58:32.976+0000] {processor.py:161} INFO - Started process (PID=1987) to work on /home/airflow/.local/lib/python3.12/site-packages/airflow/example_dags/example_latest_only.py
[2024-06-02T19:58:32.976+0000] {processor.py:830} INFO - Processing file /home/airflow/.local/lib/python3.12/site-packages/airflow/example_dags/example_latest_only.py for tasks to queue
[2024-06-02T19:58:32.977+0000] {logging_mixin.py:188} INFO - [2024-06-02T19:58:32.977+0000] {dagbag.py:545} INFO - Filling up the DagBag from /home/airflow/.local/lib/python3.12/site-packages/airflow/example_dags/example_latest_only.py
[2024-06-02T19:58:32.980+0000] {processor.py:840} INFO - DAG(s) 'latest_only' retrieved from /home/airflow/.local/lib/python3.12/site-packages/airflow/example_dags/example_latest_only.py
[2024-06-02T19:58:32.992+0000] {logging_mixin.py:188} INFO - [2024-06-02T19:58:32.992+0000] {dag.py:3096} INFO - Sync 1 DAGs
[2024-06-02T19:58:33.004+0000] {logging_mixin.py:188} INFO - [2024-06-02T19:58:33.004+0000] {dag.py:3954} INFO - Setting next_dagrun for latest_only to 2024-06-02 12:00:00+00:00, run_after=2024-06-02 16:00:00+00:00
[2024-06-02T19:58:33.014+0000] {processor.py:183} INFO - Processing /home/airflow/.local/lib/python3.12/site-packages/airflow/example_dags/example_latest_only.py took 0.042 seconds
[2024-06-02T19:59:03.194+0000] {processor.py:161} INFO - Started process (PID=2045) to work on /home/airflow/.local/lib/python3.12/site-packages/airflow/example_dags/example_latest_only.py
[2024-06-02T19:59:03.195+0000] {processor.py:830} INFO - Processing file /home/airflow/.local/lib/python3.12/site-packages/airflow/example_dags/example_latest_only.py for tasks to queue
[2024-06-02T19:59:03.196+0000] {logging_mixin.py:188} INFO - [2024-06-02T19:59:03.196+0000] {dagbag.py:545} INFO - Filling up the DagBag from /home/airflow/.local/lib/python3.12/site-packages/airflow/example_dags/example_latest_only.py
[2024-06-02T19:59:03.199+0000] {processor.py:840} INFO - DAG(s) 'latest_only' retrieved from /home/airflow/.local/lib/python3.12/site-packages/airflow/example_dags/example_latest_only.py
[2024-06-02T19:59:03.211+0000] {logging_mixin.py:188} INFO - [2024-06-02T19:59:03.211+0000] {dag.py:3096} INFO - Sync 1 DAGs
[2024-06-02T19:59:03.223+0000] {logging_mixin.py:188} INFO - [2024-06-02T19:59:03.223+0000] {dag.py:3954} INFO - Setting next_dagrun for latest_only to 2024-06-02 12:00:00+00:00, run_after=2024-06-02 16:00:00+00:00
[2024-06-02T19:59:03.233+0000] {processor.py:183} INFO - Processing /home/airflow/.local/lib/python3.12/site-packages/airflow/example_dags/example_latest_only.py took 0.041 seconds
[2024-06-02T19:59:33.684+0000] {processor.py:161} INFO - Started process (PID=2103) to work on /home/airflow/.local/lib/python3.12/site-packages/airflow/example_dags/example_latest_only.py
[2024-06-02T19:59:33.684+0000] {processor.py:830} INFO - Processing file /home/airflow/.local/lib/python3.12/site-packages/airflow/example_dags/example_latest_only.py for tasks to queue
[2024-06-02T19:59:33.686+0000] {logging_mixin.py:188} INFO - [2024-06-02T19:59:33.685+0000] {dagbag.py:545} INFO - Filling up the DagBag from /home/airflow/.local/lib/python3.12/site-packages/airflow/example_dags/example_latest_only.py
[2024-06-02T19:59:33.689+0000] {processor.py:840} INFO - DAG(s) 'latest_only' retrieved from /home/airflow/.local/lib/python3.12/site-packages/airflow/example_dags/example_latest_only.py
[2024-06-02T19:59:33.700+0000] {logging_mixin.py:188} INFO - [2024-06-02T19:59:33.700+0000] {dag.py:3096} INFO - Sync 1 DAGs
[2024-06-02T19:59:33.713+0000] {logging_mixin.py:188} INFO - [2024-06-02T19:59:33.713+0000] {dag.py:3954} INFO - Setting next_dagrun for latest_only to 2024-06-02 12:00:00+00:00, run_after=2024-06-02 16:00:00+00:00
[2024-06-02T19:59:33.724+0000] {processor.py:183} INFO - Processing /home/airflow/.local/lib/python3.12/site-packages/airflow/example_dags/example_latest_only.py took 0.043 seconds
[2024-06-02T20:00:04.774+0000] {processor.py:161} INFO - Started process (PID=2161) to work on /home/airflow/.local/lib/python3.12/site-packages/airflow/example_dags/example_latest_only.py
[2024-06-02T20:00:04.774+0000] {processor.py:830} INFO - Processing file /home/airflow/.local/lib/python3.12/site-packages/airflow/example_dags/example_latest_only.py for tasks to queue
[2024-06-02T20:00:04.775+0000] {logging_mixin.py:188} INFO - [2024-06-02T20:00:04.775+0000] {dagbag.py:545} INFO - Filling up the DagBag from /home/airflow/.local/lib/python3.12/site-packages/airflow/example_dags/example_latest_only.py
[2024-06-02T20:00:04.778+0000] {processor.py:840} INFO - DAG(s) 'latest_only' retrieved from /home/airflow/.local/lib/python3.12/site-packages/airflow/example_dags/example_latest_only.py
[2024-06-02T20:00:04.790+0000] {logging_mixin.py:188} INFO - [2024-06-02T20:00:04.790+0000] {dag.py:3096} INFO - Sync 1 DAGs
[2024-06-02T20:00:04.802+0000] {logging_mixin.py:188} INFO - [2024-06-02T20:00:04.801+0000] {dag.py:3954} INFO - Setting next_dagrun for latest_only to 2024-06-02 16:00:00+00:00, run_after=2024-06-02 20:00:00+00:00
[2024-06-02T20:00:04.812+0000] {processor.py:183} INFO - Processing /home/airflow/.local/lib/python3.12/site-packages/airflow/example_dags/example_latest_only.py took 0.042 seconds
[2024-06-02T20:00:35.706+0000] {processor.py:161} INFO - Started process (PID=2219) to work on /home/airflow/.local/lib/python3.12/site-packages/airflow/example_dags/example_latest_only.py
[2024-06-02T20:00:35.706+0000] {processor.py:830} INFO - Processing file /home/airflow/.local/lib/python3.12/site-packages/airflow/example_dags/example_latest_only.py for tasks to queue
[2024-06-02T20:00:35.707+0000] {logging_mixin.py:188} INFO - [2024-06-02T20:00:35.707+0000] {dagbag.py:545} INFO - Filling up the DagBag from /home/airflow/.local/lib/python3.12/site-packages/airflow/example_dags/example_latest_only.py
[2024-06-02T20:00:35.710+0000] {processor.py:840} INFO - DAG(s) 'latest_only' retrieved from /home/airflow/.local/lib/python3.12/site-packages/airflow/example_dags/example_latest_only.py
[2024-06-02T20:00:35.807+0000] {logging_mixin.py:188} INFO - [2024-06-02T20:00:35.807+0000] {dag.py:3096} INFO - Sync 1 DAGs
[2024-06-02T20:00:35.819+0000] {logging_mixin.py:188} INFO - [2024-06-02T20:00:35.819+0000] {dag.py:3954} INFO - Setting next_dagrun for latest_only to 2024-06-02 16:00:00+00:00, run_after=2024-06-02 20:00:00+00:00
[2024-06-02T20:00:35.829+0000] {processor.py:183} INFO - Processing /home/airflow/.local/lib/python3.12/site-packages/airflow/example_dags/example_latest_only.py took 0.127 seconds
[2024-06-02T20:01:05.944+0000] {processor.py:161} INFO - Started process (PID=2277) to work on /home/airflow/.local/lib/python3.12/site-packages/airflow/example_dags/example_latest_only.py
[2024-06-02T20:01:05.945+0000] {processor.py:830} INFO - Processing file /home/airflow/.local/lib/python3.12/site-packages/airflow/example_dags/example_latest_only.py for tasks to queue
[2024-06-02T20:01:05.946+0000] {logging_mixin.py:188} INFO - [2024-06-02T20:01:05.946+0000] {dagbag.py:545} INFO - Filling up the DagBag from /home/airflow/.local/lib/python3.12/site-packages/airflow/example_dags/example_latest_only.py
[2024-06-02T20:01:05.949+0000] {processor.py:840} INFO - DAG(s) 'latest_only' retrieved from /home/airflow/.local/lib/python3.12/site-packages/airflow/example_dags/example_latest_only.py
[2024-06-02T20:01:05.961+0000] {logging_mixin.py:188} INFO - [2024-06-02T20:01:05.961+0000] {dag.py:3096} INFO - Sync 1 DAGs
[2024-06-02T20:01:05.974+0000] {logging_mixin.py:188} INFO - [2024-06-02T20:01:05.974+0000] {dag.py:3954} INFO - Setting next_dagrun for latest_only to 2024-06-02 16:00:00+00:00, run_after=2024-06-02 20:00:00+00:00
[2024-06-02T20:01:05.984+0000] {processor.py:183} INFO - Processing /home/airflow/.local/lib/python3.12/site-packages/airflow/example_dags/example_latest_only.py took 0.043 seconds
[2024-06-02T20:01:36.717+0000] {processor.py:161} INFO - Started process (PID=2335) to work on /home/airflow/.local/lib/python3.12/site-packages/airflow/example_dags/example_latest_only.py
[2024-06-02T20:01:36.718+0000] {processor.py:830} INFO - Processing file /home/airflow/.local/lib/python3.12/site-packages/airflow/example_dags/example_latest_only.py for tasks to queue
[2024-06-02T20:01:36.720+0000] {logging_mixin.py:188} INFO - [2024-06-02T20:01:36.719+0000] {dagbag.py:545} INFO - Filling up the DagBag from /home/airflow/.local/lib/python3.12/site-packages/airflow/example_dags/example_latest_only.py
[2024-06-02T20:01:36.722+0000] {processor.py:840} INFO - DAG(s) 'latest_only' retrieved from /home/airflow/.local/lib/python3.12/site-packages/airflow/example_dags/example_latest_only.py
[2024-06-02T20:01:36.733+0000] {logging_mixin.py:188} INFO - [2024-06-02T20:01:36.733+0000] {dag.py:3096} INFO - Sync 1 DAGs
[2024-06-02T20:01:36.745+0000] {logging_mixin.py:188} INFO - [2024-06-02T20:01:36.744+0000] {dag.py:3954} INFO - Setting next_dagrun for latest_only to 2024-06-02 16:00:00+00:00, run_after=2024-06-02 20:00:00+00:00
[2024-06-02T20:01:36.754+0000] {processor.py:183} INFO - Processing /home/airflow/.local/lib/python3.12/site-packages/airflow/example_dags/example_latest_only.py took 0.040 seconds
[2024-06-02T20:02:07.536+0000] {processor.py:161} INFO - Started process (PID=2393) to work on /home/airflow/.local/lib/python3.12/site-packages/airflow/example_dags/example_latest_only.py
[2024-06-02T20:02:07.537+0000] {processor.py:830} INFO - Processing file /home/airflow/.local/lib/python3.12/site-packages/airflow/example_dags/example_latest_only.py for tasks to queue
[2024-06-02T20:02:07.538+0000] {logging_mixin.py:188} INFO - [2024-06-02T20:02:07.538+0000] {dagbag.py:545} INFO - Filling up the DagBag from /home/airflow/.local/lib/python3.12/site-packages/airflow/example_dags/example_latest_only.py
[2024-06-02T20:02:07.541+0000] {processor.py:840} INFO - DAG(s) 'latest_only' retrieved from /home/airflow/.local/lib/python3.12/site-packages/airflow/example_dags/example_latest_only.py
[2024-06-02T20:02:07.552+0000] {logging_mixin.py:188} INFO - [2024-06-02T20:02:07.552+0000] {dag.py:3096} INFO - Sync 1 DAGs
[2024-06-02T20:02:07.564+0000] {logging_mixin.py:188} INFO - [2024-06-02T20:02:07.564+0000] {dag.py:3954} INFO - Setting next_dagrun for latest_only to 2024-06-02 16:00:00+00:00, run_after=2024-06-02 20:00:00+00:00
[2024-06-02T20:02:07.574+0000] {processor.py:183} INFO - Processing /home/airflow/.local/lib/python3.12/site-packages/airflow/example_dags/example_latest_only.py took 0.041 seconds
[2024-06-02T20:02:38.236+0000] {processor.py:161} INFO - Started process (PID=2451) to work on /home/airflow/.local/lib/python3.12/site-packages/airflow/example_dags/example_latest_only.py
[2024-06-02T20:02:38.237+0000] {processor.py:830} INFO - Processing file /home/airflow/.local/lib/python3.12/site-packages/airflow/example_dags/example_latest_only.py for tasks to queue
[2024-06-02T20:02:38.238+0000] {logging_mixin.py:188} INFO - [2024-06-02T20:02:38.238+0000] {dagbag.py:545} INFO - Filling up the DagBag from /home/airflow/.local/lib/python3.12/site-packages/airflow/example_dags/example_latest_only.py
[2024-06-02T20:02:38.241+0000] {processor.py:840} INFO - DAG(s) 'latest_only' retrieved from /home/airflow/.local/lib/python3.12/site-packages/airflow/example_dags/example_latest_only.py
[2024-06-02T20:02:38.252+0000] {logging_mixin.py:188} INFO - [2024-06-02T20:02:38.252+0000] {dag.py:3096} INFO - Sync 1 DAGs
[2024-06-02T20:02:38.265+0000] {logging_mixin.py:188} INFO - [2024-06-02T20:02:38.265+0000] {dag.py:3954} INFO - Setting next_dagrun for latest_only to 2024-06-02 16:00:00+00:00, run_after=2024-06-02 20:00:00+00:00
[2024-06-02T20:02:38.276+0000] {processor.py:183} INFO - Processing /home/airflow/.local/lib/python3.12/site-packages/airflow/example_dags/example_latest_only.py took 0.043 seconds
[2024-06-02T20:03:08.787+0000] {processor.py:161} INFO - Started process (PID=2509) to work on /home/airflow/.local/lib/python3.12/site-packages/airflow/example_dags/example_latest_only.py
[2024-06-02T20:03:08.787+0000] {processor.py:830} INFO - Processing file /home/airflow/.local/lib/python3.12/site-packages/airflow/example_dags/example_latest_only.py for tasks to queue
[2024-06-02T20:03:08.788+0000] {logging_mixin.py:188} INFO - [2024-06-02T20:03:08.788+0000] {dagbag.py:545} INFO - Filling up the DagBag from /home/airflow/.local/lib/python3.12/site-packages/airflow/example_dags/example_latest_only.py
[2024-06-02T20:03:08.791+0000] {processor.py:840} INFO - DAG(s) 'latest_only' retrieved from /home/airflow/.local/lib/python3.12/site-packages/airflow/example_dags/example_latest_only.py
[2024-06-02T20:03:08.802+0000] {logging_mixin.py:188} INFO - [2024-06-02T20:03:08.802+0000] {dag.py:3096} INFO - Sync 1 DAGs
[2024-06-02T20:03:08.815+0000] {logging_mixin.py:188} INFO - [2024-06-02T20:03:08.815+0000] {dag.py:3954} INFO - Setting next_dagrun for latest_only to 2024-06-02 16:00:00+00:00, run_after=2024-06-02 20:00:00+00:00
[2024-06-02T20:03:08.825+0000] {processor.py:183} INFO - Processing /home/airflow/.local/lib/python3.12/site-packages/airflow/example_dags/example_latest_only.py took 0.042 seconds
[2024-06-02T20:03:39.503+0000] {processor.py:161} INFO - Started process (PID=2567) to work on /home/airflow/.local/lib/python3.12/site-packages/airflow/example_dags/example_latest_only.py
[2024-06-02T20:03:39.504+0000] {processor.py:830} INFO - Processing file /home/airflow/.local/lib/python3.12/site-packages/airflow/example_dags/example_latest_only.py for tasks to queue
[2024-06-02T20:03:39.505+0000] {logging_mixin.py:188} INFO - [2024-06-02T20:03:39.505+0000] {dagbag.py:545} INFO - Filling up the DagBag from /home/airflow/.local/lib/python3.12/site-packages/airflow/example_dags/example_latest_only.py
[2024-06-02T20:03:39.508+0000] {processor.py:840} INFO - DAG(s) 'latest_only' retrieved from /home/airflow/.local/lib/python3.12/site-packages/airflow/example_dags/example_latest_only.py
[2024-06-02T20:03:39.519+0000] {logging_mixin.py:188} INFO - [2024-06-02T20:03:39.519+0000] {dag.py:3096} INFO - Sync 1 DAGs
[2024-06-02T20:03:39.531+0000] {logging_mixin.py:188} INFO - [2024-06-02T20:03:39.531+0000] {dag.py:3954} INFO - Setting next_dagrun for latest_only to 2024-06-02 16:00:00+00:00, run_after=2024-06-02 20:00:00+00:00
[2024-06-02T20:03:39.541+0000] {processor.py:183} INFO - Processing /home/airflow/.local/lib/python3.12/site-packages/airflow/example_dags/example_latest_only.py took 0.041 seconds
