[2024-06-02T19:29:18.296+0000] {processor.py:161} INFO - Started process (PID=55) to work on /home/airflow/.local/lib/python3.12/site-packages/airflow/example_dags/example_branch_operator.py
[2024-06-02T19:29:18.297+0000] {processor.py:830} INFO - Processing file /home/airflow/.local/lib/python3.12/site-packages/airflow/example_dags/example_branch_operator.py for tasks to queue
[2024-06-02T19:29:18.298+0000] {logging_mixin.py:188} INFO - [2024-06-02T19:29:18.298+0000] {dagbag.py:545} INFO - Filling up the DagBag from /home/airflow/.local/lib/python3.12/site-packages/airflow/example_dags/example_branch_operator.py
[2024-06-02T19:29:18.309+0000] {processor.py:840} INFO - DAG(s) 'example_branch_operator' retrieved from /home/airflow/.local/lib/python3.12/site-packages/airflow/example_dags/example_branch_operator.py
[2024-06-02T19:29:18.378+0000] {logging_mixin.py:188} INFO - [2024-06-02T19:29:18.377+0000] {override.py:1829} INFO - Created Permission View: can edit on DAG:example_branch_operator
[2024-06-02T19:29:18.383+0000] {logging_mixin.py:188} INFO - [2024-06-02T19:29:18.383+0000] {override.py:1829} INFO - Created Permission View: can delete on DAG:example_branch_operator
[2024-06-02T19:29:18.387+0000] {logging_mixin.py:188} INFO - [2024-06-02T19:29:18.387+0000] {override.py:1829} INFO - Created Permission View: can read on DAG:example_branch_operator
[2024-06-02T19:29:18.388+0000] {logging_mixin.py:188} INFO - [2024-06-02T19:29:18.387+0000] {dag.py:3096} INFO - Sync 1 DAGs
[2024-06-02T19:29:18.394+0000] {logging_mixin.py:188} INFO - [2024-06-02T19:29:18.393+0000] {dag.py:3118} INFO - Creating ORM DAG for example_branch_operator
[2024-06-02T19:29:18.399+0000] {logging_mixin.py:188} INFO - [2024-06-02T19:29:18.399+0000] {dag.py:3954} INFO - Setting next_dagrun for example_branch_operator to 2024-06-01 00:00:00+00:00, run_after=2024-06-02 00:00:00+00:00
[2024-06-02T19:29:18.409+0000] {processor.py:183} INFO - Processing /home/airflow/.local/lib/python3.12/site-packages/airflow/example_dags/example_branch_operator.py took 0.116 seconds
[2024-06-02T19:29:48.428+0000] {processor.py:161} INFO - Started process (PID=113) to work on /home/airflow/.local/lib/python3.12/site-packages/airflow/example_dags/example_branch_operator.py
[2024-06-02T19:29:48.429+0000] {processor.py:830} INFO - Processing file /home/airflow/.local/lib/python3.12/site-packages/airflow/example_dags/example_branch_operator.py for tasks to queue
[2024-06-02T19:29:48.430+0000] {logging_mixin.py:188} INFO - [2024-06-02T19:29:48.430+0000] {dagbag.py:545} INFO - Filling up the DagBag from /home/airflow/.local/lib/python3.12/site-packages/airflow/example_dags/example_branch_operator.py
[2024-06-02T19:29:48.438+0000] {processor.py:840} INFO - DAG(s) 'example_branch_operator' retrieved from /home/airflow/.local/lib/python3.12/site-packages/airflow/example_dags/example_branch_operator.py
[2024-06-02T19:29:48.455+0000] {logging_mixin.py:188} INFO - [2024-06-02T19:29:48.455+0000] {dag.py:3096} INFO - Sync 1 DAGs
[2024-06-02T19:29:48.469+0000] {logging_mixin.py:188} INFO - [2024-06-02T19:29:48.469+0000] {dag.py:3954} INFO - Setting next_dagrun for example_branch_operator to 2024-06-01 00:00:00+00:00, run_after=2024-06-02 00:00:00+00:00
[2024-06-02T19:29:48.480+0000] {processor.py:183} INFO - Processing /home/airflow/.local/lib/python3.12/site-packages/airflow/example_dags/example_branch_operator.py took 0.055 seconds
[2024-06-02T19:30:19.146+0000] {processor.py:161} INFO - Started process (PID=171) to work on /home/airflow/.local/lib/python3.12/site-packages/airflow/example_dags/example_branch_operator.py
[2024-06-02T19:30:19.147+0000] {processor.py:830} INFO - Processing file /home/airflow/.local/lib/python3.12/site-packages/airflow/example_dags/example_branch_operator.py for tasks to queue
[2024-06-02T19:30:19.148+0000] {logging_mixin.py:188} INFO - [2024-06-02T19:30:19.148+0000] {dagbag.py:545} INFO - Filling up the DagBag from /home/airflow/.local/lib/python3.12/site-packages/airflow/example_dags/example_branch_operator.py
[2024-06-02T19:30:19.157+0000] {processor.py:840} INFO - DAG(s) 'example_branch_operator' retrieved from /home/airflow/.local/lib/python3.12/site-packages/airflow/example_dags/example_branch_operator.py
[2024-06-02T19:30:19.174+0000] {logging_mixin.py:188} INFO - [2024-06-02T19:30:19.174+0000] {dag.py:3096} INFO - Sync 1 DAGs
[2024-06-02T19:30:19.186+0000] {logging_mixin.py:188} INFO - [2024-06-02T19:30:19.186+0000] {dag.py:3954} INFO - Setting next_dagrun for example_branch_operator to 2024-06-01 00:00:00+00:00, run_after=2024-06-02 00:00:00+00:00
[2024-06-02T19:30:19.197+0000] {processor.py:183} INFO - Processing /home/airflow/.local/lib/python3.12/site-packages/airflow/example_dags/example_branch_operator.py took 0.053 seconds
[2024-06-02T19:30:49.679+0000] {processor.py:161} INFO - Started process (PID=229) to work on /home/airflow/.local/lib/python3.12/site-packages/airflow/example_dags/example_branch_operator.py
[2024-06-02T19:30:49.680+0000] {processor.py:830} INFO - Processing file /home/airflow/.local/lib/python3.12/site-packages/airflow/example_dags/example_branch_operator.py for tasks to queue
[2024-06-02T19:30:49.681+0000] {logging_mixin.py:188} INFO - [2024-06-02T19:30:49.681+0000] {dagbag.py:545} INFO - Filling up the DagBag from /home/airflow/.local/lib/python3.12/site-packages/airflow/example_dags/example_branch_operator.py
[2024-06-02T19:30:49.690+0000] {processor.py:840} INFO - DAG(s) 'example_branch_operator' retrieved from /home/airflow/.local/lib/python3.12/site-packages/airflow/example_dags/example_branch_operator.py
[2024-06-02T19:30:49.707+0000] {logging_mixin.py:188} INFO - [2024-06-02T19:30:49.707+0000] {dag.py:3096} INFO - Sync 1 DAGs
[2024-06-02T19:30:49.719+0000] {logging_mixin.py:188} INFO - [2024-06-02T19:30:49.719+0000] {dag.py:3954} INFO - Setting next_dagrun for example_branch_operator to 2024-06-01 00:00:00+00:00, run_after=2024-06-02 00:00:00+00:00
[2024-06-02T19:30:49.729+0000] {processor.py:183} INFO - Processing /home/airflow/.local/lib/python3.12/site-packages/airflow/example_dags/example_branch_operator.py took 0.053 seconds
[2024-06-02T19:31:20.235+0000] {processor.py:161} INFO - Started process (PID=55) to work on /home/airflow/.local/lib/python3.12/site-packages/airflow/example_dags/example_branch_operator.py
[2024-06-02T19:31:20.235+0000] {processor.py:830} INFO - Processing file /home/airflow/.local/lib/python3.12/site-packages/airflow/example_dags/example_branch_operator.py for tasks to queue
[2024-06-02T19:31:20.236+0000] {logging_mixin.py:188} INFO - [2024-06-02T19:31:20.236+0000] {dagbag.py:545} INFO - Filling up the DagBag from /home/airflow/.local/lib/python3.12/site-packages/airflow/example_dags/example_branch_operator.py
[2024-06-02T19:31:20.246+0000] {processor.py:840} INFO - DAG(s) 'example_branch_operator' retrieved from /home/airflow/.local/lib/python3.12/site-packages/airflow/example_dags/example_branch_operator.py
[2024-06-02T19:31:20.253+0000] {logging_mixin.py:188} INFO - [2024-06-02T19:31:20.253+0000] {dag.py:3096} INFO - Sync 1 DAGs
[2024-06-02T19:31:20.267+0000] {logging_mixin.py:188} INFO - [2024-06-02T19:31:20.266+0000] {dag.py:3954} INFO - Setting next_dagrun for example_branch_operator to 2024-06-01 00:00:00+00:00, run_after=2024-06-02 00:00:00+00:00
[2024-06-02T19:31:20.277+0000] {processor.py:183} INFO - Processing /home/airflow/.local/lib/python3.12/site-packages/airflow/example_dags/example_branch_operator.py took 0.046 seconds
[2024-06-02T19:31:51.518+0000] {processor.py:161} INFO - Started process (PID=113) to work on /home/airflow/.local/lib/python3.12/site-packages/airflow/example_dags/example_branch_operator.py
[2024-06-02T19:31:51.519+0000] {processor.py:830} INFO - Processing file /home/airflow/.local/lib/python3.12/site-packages/airflow/example_dags/example_branch_operator.py for tasks to queue
[2024-06-02T19:31:51.520+0000] {logging_mixin.py:188} INFO - [2024-06-02T19:31:51.520+0000] {dagbag.py:545} INFO - Filling up the DagBag from /home/airflow/.local/lib/python3.12/site-packages/airflow/example_dags/example_branch_operator.py
[2024-06-02T19:31:51.529+0000] {processor.py:840} INFO - DAG(s) 'example_branch_operator' retrieved from /home/airflow/.local/lib/python3.12/site-packages/airflow/example_dags/example_branch_operator.py
[2024-06-02T19:31:51.588+0000] {logging_mixin.py:188} INFO - [2024-06-02T19:31:51.588+0000] {dag.py:3096} INFO - Sync 1 DAGs
[2024-06-02T19:31:51.600+0000] {logging_mixin.py:188} INFO - [2024-06-02T19:31:51.600+0000] {dag.py:3954} INFO - Setting next_dagrun for example_branch_operator to 2024-06-01 00:00:00+00:00, run_after=2024-06-02 00:00:00+00:00
[2024-06-02T19:31:51.611+0000] {processor.py:183} INFO - Processing /home/airflow/.local/lib/python3.12/site-packages/airflow/example_dags/example_branch_operator.py took 0.096 seconds
[2024-06-02T19:32:21.690+0000] {processor.py:161} INFO - Started process (PID=171) to work on /home/airflow/.local/lib/python3.12/site-packages/airflow/example_dags/example_branch_operator.py
[2024-06-02T19:32:21.690+0000] {processor.py:830} INFO - Processing file /home/airflow/.local/lib/python3.12/site-packages/airflow/example_dags/example_branch_operator.py for tasks to queue
[2024-06-02T19:32:21.691+0000] {logging_mixin.py:188} INFO - [2024-06-02T19:32:21.691+0000] {dagbag.py:545} INFO - Filling up the DagBag from /home/airflow/.local/lib/python3.12/site-packages/airflow/example_dags/example_branch_operator.py
[2024-06-02T19:32:21.700+0000] {processor.py:840} INFO - DAG(s) 'example_branch_operator' retrieved from /home/airflow/.local/lib/python3.12/site-packages/airflow/example_dags/example_branch_operator.py
[2024-06-02T19:32:21.717+0000] {logging_mixin.py:188} INFO - [2024-06-02T19:32:21.717+0000] {dag.py:3096} INFO - Sync 1 DAGs
[2024-06-02T19:32:21.729+0000] {logging_mixin.py:188} INFO - [2024-06-02T19:32:21.729+0000] {dag.py:3954} INFO - Setting next_dagrun for example_branch_operator to 2024-06-01 00:00:00+00:00, run_after=2024-06-02 00:00:00+00:00
[2024-06-02T19:32:21.740+0000] {processor.py:183} INFO - Processing /home/airflow/.local/lib/python3.12/site-packages/airflow/example_dags/example_branch_operator.py took 0.053 seconds
[2024-06-02T19:32:52.330+0000] {processor.py:161} INFO - Started process (PID=229) to work on /home/airflow/.local/lib/python3.12/site-packages/airflow/example_dags/example_branch_operator.py
[2024-06-02T19:32:52.330+0000] {processor.py:830} INFO - Processing file /home/airflow/.local/lib/python3.12/site-packages/airflow/example_dags/example_branch_operator.py for tasks to queue
[2024-06-02T19:32:52.332+0000] {logging_mixin.py:188} INFO - [2024-06-02T19:32:52.331+0000] {dagbag.py:545} INFO - Filling up the DagBag from /home/airflow/.local/lib/python3.12/site-packages/airflow/example_dags/example_branch_operator.py
[2024-06-02T19:32:52.341+0000] {processor.py:840} INFO - DAG(s) 'example_branch_operator' retrieved from /home/airflow/.local/lib/python3.12/site-packages/airflow/example_dags/example_branch_operator.py
[2024-06-02T19:32:52.357+0000] {logging_mixin.py:188} INFO - [2024-06-02T19:32:52.357+0000] {dag.py:3096} INFO - Sync 1 DAGs
[2024-06-02T19:32:52.370+0000] {logging_mixin.py:188} INFO - [2024-06-02T19:32:52.370+0000] {dag.py:3954} INFO - Setting next_dagrun for example_branch_operator to 2024-06-01 00:00:00+00:00, run_after=2024-06-02 00:00:00+00:00
[2024-06-02T19:32:52.381+0000] {processor.py:183} INFO - Processing /home/airflow/.local/lib/python3.12/site-packages/airflow/example_dags/example_branch_operator.py took 0.054 seconds
[2024-06-02T19:33:23.038+0000] {processor.py:161} INFO - Started process (PID=287) to work on /home/airflow/.local/lib/python3.12/site-packages/airflow/example_dags/example_branch_operator.py
[2024-06-02T19:33:23.040+0000] {processor.py:830} INFO - Processing file /home/airflow/.local/lib/python3.12/site-packages/airflow/example_dags/example_branch_operator.py for tasks to queue
[2024-06-02T19:33:23.041+0000] {logging_mixin.py:188} INFO - [2024-06-02T19:33:23.041+0000] {dagbag.py:545} INFO - Filling up the DagBag from /home/airflow/.local/lib/python3.12/site-packages/airflow/example_dags/example_branch_operator.py
[2024-06-02T19:33:23.050+0000] {processor.py:840} INFO - DAG(s) 'example_branch_operator' retrieved from /home/airflow/.local/lib/python3.12/site-packages/airflow/example_dags/example_branch_operator.py
[2024-06-02T19:33:23.067+0000] {logging_mixin.py:188} INFO - [2024-06-02T19:33:23.066+0000] {dag.py:3096} INFO - Sync 1 DAGs
[2024-06-02T19:33:23.079+0000] {logging_mixin.py:188} INFO - [2024-06-02T19:33:23.079+0000] {dag.py:3954} INFO - Setting next_dagrun for example_branch_operator to 2024-06-01 00:00:00+00:00, run_after=2024-06-02 00:00:00+00:00
[2024-06-02T19:33:23.090+0000] {processor.py:183} INFO - Processing /home/airflow/.local/lib/python3.12/site-packages/airflow/example_dags/example_branch_operator.py took 0.054 seconds
[2024-06-02T19:33:53.674+0000] {processor.py:161} INFO - Started process (PID=344) to work on /home/airflow/.local/lib/python3.12/site-packages/airflow/example_dags/example_branch_operator.py
[2024-06-02T19:33:53.675+0000] {processor.py:830} INFO - Processing file /home/airflow/.local/lib/python3.12/site-packages/airflow/example_dags/example_branch_operator.py for tasks to queue
[2024-06-02T19:33:53.676+0000] {logging_mixin.py:188} INFO - [2024-06-02T19:33:53.676+0000] {dagbag.py:545} INFO - Filling up the DagBag from /home/airflow/.local/lib/python3.12/site-packages/airflow/example_dags/example_branch_operator.py
[2024-06-02T19:33:53.685+0000] {processor.py:840} INFO - DAG(s) 'example_branch_operator' retrieved from /home/airflow/.local/lib/python3.12/site-packages/airflow/example_dags/example_branch_operator.py
[2024-06-02T19:33:53.703+0000] {logging_mixin.py:188} INFO - [2024-06-02T19:33:53.702+0000] {dag.py:3096} INFO - Sync 1 DAGs
[2024-06-02T19:33:53.717+0000] {logging_mixin.py:188} INFO - [2024-06-02T19:33:53.717+0000] {dag.py:3954} INFO - Setting next_dagrun for example_branch_operator to 2024-06-01 00:00:00+00:00, run_after=2024-06-02 00:00:00+00:00
[2024-06-02T19:33:53.729+0000] {processor.py:183} INFO - Processing /home/airflow/.local/lib/python3.12/site-packages/airflow/example_dags/example_branch_operator.py took 0.058 seconds
[2024-06-02T19:34:24.422+0000] {processor.py:161} INFO - Started process (PID=402) to work on /home/airflow/.local/lib/python3.12/site-packages/airflow/example_dags/example_branch_operator.py
[2024-06-02T19:34:24.423+0000] {processor.py:830} INFO - Processing file /home/airflow/.local/lib/python3.12/site-packages/airflow/example_dags/example_branch_operator.py for tasks to queue
[2024-06-02T19:34:24.424+0000] {logging_mixin.py:188} INFO - [2024-06-02T19:34:24.424+0000] {dagbag.py:545} INFO - Filling up the DagBag from /home/airflow/.local/lib/python3.12/site-packages/airflow/example_dags/example_branch_operator.py
[2024-06-02T19:34:24.432+0000] {processor.py:840} INFO - DAG(s) 'example_branch_operator' retrieved from /home/airflow/.local/lib/python3.12/site-packages/airflow/example_dags/example_branch_operator.py
[2024-06-02T19:34:24.448+0000] {logging_mixin.py:188} INFO - [2024-06-02T19:34:24.447+0000] {dag.py:3096} INFO - Sync 1 DAGs
[2024-06-02T19:34:24.460+0000] {logging_mixin.py:188} INFO - [2024-06-02T19:34:24.459+0000] {dag.py:3954} INFO - Setting next_dagrun for example_branch_operator to 2024-06-01 00:00:00+00:00, run_after=2024-06-02 00:00:00+00:00
[2024-06-02T19:34:24.470+0000] {processor.py:183} INFO - Processing /home/airflow/.local/lib/python3.12/site-packages/airflow/example_dags/example_branch_operator.py took 0.050 seconds
[2024-06-02T19:34:55.224+0000] {processor.py:161} INFO - Started process (PID=460) to work on /home/airflow/.local/lib/python3.12/site-packages/airflow/example_dags/example_branch_operator.py
[2024-06-02T19:34:55.225+0000] {processor.py:830} INFO - Processing file /home/airflow/.local/lib/python3.12/site-packages/airflow/example_dags/example_branch_operator.py for tasks to queue
[2024-06-02T19:34:55.227+0000] {logging_mixin.py:188} INFO - [2024-06-02T19:34:55.226+0000] {dagbag.py:545} INFO - Filling up the DagBag from /home/airflow/.local/lib/python3.12/site-packages/airflow/example_dags/example_branch_operator.py
[2024-06-02T19:34:55.236+0000] {processor.py:840} INFO - DAG(s) 'example_branch_operator' retrieved from /home/airflow/.local/lib/python3.12/site-packages/airflow/example_dags/example_branch_operator.py
[2024-06-02T19:34:55.253+0000] {logging_mixin.py:188} INFO - [2024-06-02T19:34:55.253+0000] {dag.py:3096} INFO - Sync 1 DAGs
[2024-06-02T19:34:55.266+0000] {logging_mixin.py:188} INFO - [2024-06-02T19:34:55.266+0000] {dag.py:3954} INFO - Setting next_dagrun for example_branch_operator to 2024-06-01 00:00:00+00:00, run_after=2024-06-02 00:00:00+00:00
[2024-06-02T19:34:55.276+0000] {processor.py:183} INFO - Processing /home/airflow/.local/lib/python3.12/site-packages/airflow/example_dags/example_branch_operator.py took 0.055 seconds
[2024-06-02T19:35:25.889+0000] {processor.py:161} INFO - Started process (PID=518) to work on /home/airflow/.local/lib/python3.12/site-packages/airflow/example_dags/example_branch_operator.py
[2024-06-02T19:35:25.890+0000] {processor.py:830} INFO - Processing file /home/airflow/.local/lib/python3.12/site-packages/airflow/example_dags/example_branch_operator.py for tasks to queue
[2024-06-02T19:35:25.891+0000] {logging_mixin.py:188} INFO - [2024-06-02T19:35:25.891+0000] {dagbag.py:545} INFO - Filling up the DagBag from /home/airflow/.local/lib/python3.12/site-packages/airflow/example_dags/example_branch_operator.py
[2024-06-02T19:35:25.900+0000] {processor.py:840} INFO - DAG(s) 'example_branch_operator' retrieved from /home/airflow/.local/lib/python3.12/site-packages/airflow/example_dags/example_branch_operator.py
[2024-06-02T19:35:25.916+0000] {logging_mixin.py:188} INFO - [2024-06-02T19:35:25.916+0000] {dag.py:3096} INFO - Sync 1 DAGs
[2024-06-02T19:35:25.928+0000] {logging_mixin.py:188} INFO - [2024-06-02T19:35:25.928+0000] {dag.py:3954} INFO - Setting next_dagrun for example_branch_operator to 2024-06-01 00:00:00+00:00, run_after=2024-06-02 00:00:00+00:00
[2024-06-02T19:35:25.939+0000] {processor.py:183} INFO - Processing /home/airflow/.local/lib/python3.12/site-packages/airflow/example_dags/example_branch_operator.py took 0.053 seconds
[2024-06-02T19:36:19.819+0000] {processor.py:161} INFO - Started process (PID=73) to work on /home/airflow/.local/lib/python3.12/site-packages/airflow/example_dags/example_branch_operator.py
[2024-06-02T19:36:19.820+0000] {processor.py:830} INFO - Processing file /home/airflow/.local/lib/python3.12/site-packages/airflow/example_dags/example_branch_operator.py for tasks to queue
[2024-06-02T19:36:19.821+0000] {logging_mixin.py:188} INFO - [2024-06-02T19:36:19.821+0000] {dagbag.py:545} INFO - Filling up the DagBag from /home/airflow/.local/lib/python3.12/site-packages/airflow/example_dags/example_branch_operator.py
[2024-06-02T19:36:19.832+0000] {processor.py:840} INFO - DAG(s) 'example_branch_operator' retrieved from /home/airflow/.local/lib/python3.12/site-packages/airflow/example_dags/example_branch_operator.py
[2024-06-02T19:36:19.839+0000] {logging_mixin.py:188} INFO - [2024-06-02T19:36:19.839+0000] {dag.py:3096} INFO - Sync 1 DAGs
[2024-06-02T19:36:19.852+0000] {logging_mixin.py:188} INFO - [2024-06-02T19:36:19.851+0000] {dag.py:3954} INFO - Setting next_dagrun for example_branch_operator to 2024-06-01 00:00:00+00:00, run_after=2024-06-02 00:00:00+00:00
[2024-06-02T19:36:19.862+0000] {processor.py:183} INFO - Processing /home/airflow/.local/lib/python3.12/site-packages/airflow/example_dags/example_branch_operator.py took 0.046 seconds
[2024-06-02T19:36:50.795+0000] {processor.py:161} INFO - Started process (PID=131) to work on /home/airflow/.local/lib/python3.12/site-packages/airflow/example_dags/example_branch_operator.py
[2024-06-02T19:36:50.796+0000] {processor.py:830} INFO - Processing file /home/airflow/.local/lib/python3.12/site-packages/airflow/example_dags/example_branch_operator.py for tasks to queue
[2024-06-02T19:36:50.797+0000] {logging_mixin.py:188} INFO - [2024-06-02T19:36:50.797+0000] {dagbag.py:545} INFO - Filling up the DagBag from /home/airflow/.local/lib/python3.12/site-packages/airflow/example_dags/example_branch_operator.py
[2024-06-02T19:36:50.806+0000] {processor.py:840} INFO - DAG(s) 'example_branch_operator' retrieved from /home/airflow/.local/lib/python3.12/site-packages/airflow/example_dags/example_branch_operator.py
[2024-06-02T19:36:50.867+0000] {logging_mixin.py:188} INFO - [2024-06-02T19:36:50.866+0000] {dag.py:3096} INFO - Sync 1 DAGs
[2024-06-02T19:36:50.879+0000] {logging_mixin.py:188} INFO - [2024-06-02T19:36:50.879+0000] {dag.py:3954} INFO - Setting next_dagrun for example_branch_operator to 2024-06-01 00:00:00+00:00, run_after=2024-06-02 00:00:00+00:00
[2024-06-02T19:36:50.889+0000] {processor.py:183} INFO - Processing /home/airflow/.local/lib/python3.12/site-packages/airflow/example_dags/example_branch_operator.py took 0.097 seconds
[2024-06-02T19:37:20.998+0000] {processor.py:161} INFO - Started process (PID=189) to work on /home/airflow/.local/lib/python3.12/site-packages/airflow/example_dags/example_branch_operator.py
[2024-06-02T19:37:20.999+0000] {processor.py:830} INFO - Processing file /home/airflow/.local/lib/python3.12/site-packages/airflow/example_dags/example_branch_operator.py for tasks to queue
[2024-06-02T19:37:21.000+0000] {logging_mixin.py:188} INFO - [2024-06-02T19:37:21.000+0000] {dagbag.py:545} INFO - Filling up the DagBag from /home/airflow/.local/lib/python3.12/site-packages/airflow/example_dags/example_branch_operator.py
[2024-06-02T19:37:21.009+0000] {processor.py:840} INFO - DAG(s) 'example_branch_operator' retrieved from /home/airflow/.local/lib/python3.12/site-packages/airflow/example_dags/example_branch_operator.py
[2024-06-02T19:37:21.026+0000] {logging_mixin.py:188} INFO - [2024-06-02T19:37:21.026+0000] {dag.py:3096} INFO - Sync 1 DAGs
[2024-06-02T19:37:21.038+0000] {logging_mixin.py:188} INFO - [2024-06-02T19:37:21.038+0000] {dag.py:3954} INFO - Setting next_dagrun for example_branch_operator to 2024-06-01 00:00:00+00:00, run_after=2024-06-02 00:00:00+00:00
[2024-06-02T19:37:21.048+0000] {processor.py:183} INFO - Processing /home/airflow/.local/lib/python3.12/site-packages/airflow/example_dags/example_branch_operator.py took 0.053 seconds
[2024-06-02T19:37:51.707+0000] {processor.py:161} INFO - Started process (PID=247) to work on /home/airflow/.local/lib/python3.12/site-packages/airflow/example_dags/example_branch_operator.py
[2024-06-02T19:37:51.709+0000] {processor.py:830} INFO - Processing file /home/airflow/.local/lib/python3.12/site-packages/airflow/example_dags/example_branch_operator.py for tasks to queue
[2024-06-02T19:37:51.710+0000] {logging_mixin.py:188} INFO - [2024-06-02T19:37:51.710+0000] {dagbag.py:545} INFO - Filling up the DagBag from /home/airflow/.local/lib/python3.12/site-packages/airflow/example_dags/example_branch_operator.py
[2024-06-02T19:37:51.719+0000] {processor.py:840} INFO - DAG(s) 'example_branch_operator' retrieved from /home/airflow/.local/lib/python3.12/site-packages/airflow/example_dags/example_branch_operator.py
[2024-06-02T19:37:51.736+0000] {logging_mixin.py:188} INFO - [2024-06-02T19:37:51.736+0000] {dag.py:3096} INFO - Sync 1 DAGs
[2024-06-02T19:37:51.748+0000] {logging_mixin.py:188} INFO - [2024-06-02T19:37:51.748+0000] {dag.py:3954} INFO - Setting next_dagrun for example_branch_operator to 2024-06-01 00:00:00+00:00, run_after=2024-06-02 00:00:00+00:00
[2024-06-02T19:37:51.759+0000] {processor.py:183} INFO - Processing /home/airflow/.local/lib/python3.12/site-packages/airflow/example_dags/example_branch_operator.py took 0.054 seconds
[2024-06-02T19:38:22.369+0000] {processor.py:161} INFO - Started process (PID=305) to work on /home/airflow/.local/lib/python3.12/site-packages/airflow/example_dags/example_branch_operator.py
[2024-06-02T19:38:22.370+0000] {processor.py:830} INFO - Processing file /home/airflow/.local/lib/python3.12/site-packages/airflow/example_dags/example_branch_operator.py for tasks to queue
[2024-06-02T19:38:22.371+0000] {logging_mixin.py:188} INFO - [2024-06-02T19:38:22.371+0000] {dagbag.py:545} INFO - Filling up the DagBag from /home/airflow/.local/lib/python3.12/site-packages/airflow/example_dags/example_branch_operator.py
[2024-06-02T19:38:22.380+0000] {processor.py:840} INFO - DAG(s) 'example_branch_operator' retrieved from /home/airflow/.local/lib/python3.12/site-packages/airflow/example_dags/example_branch_operator.py
[2024-06-02T19:38:22.397+0000] {logging_mixin.py:188} INFO - [2024-06-02T19:38:22.397+0000] {dag.py:3096} INFO - Sync 1 DAGs
[2024-06-02T19:38:22.410+0000] {logging_mixin.py:188} INFO - [2024-06-02T19:38:22.410+0000] {dag.py:3954} INFO - Setting next_dagrun for example_branch_operator to 2024-06-01 00:00:00+00:00, run_after=2024-06-02 00:00:00+00:00
[2024-06-02T19:38:22.420+0000] {processor.py:183} INFO - Processing /home/airflow/.local/lib/python3.12/site-packages/airflow/example_dags/example_branch_operator.py took 0.054 seconds
[2024-06-02T19:38:53.006+0000] {processor.py:161} INFO - Started process (PID=363) to work on /home/airflow/.local/lib/python3.12/site-packages/airflow/example_dags/example_branch_operator.py
[2024-06-02T19:38:53.007+0000] {processor.py:830} INFO - Processing file /home/airflow/.local/lib/python3.12/site-packages/airflow/example_dags/example_branch_operator.py for tasks to queue
[2024-06-02T19:38:53.008+0000] {logging_mixin.py:188} INFO - [2024-06-02T19:38:53.008+0000] {dagbag.py:545} INFO - Filling up the DagBag from /home/airflow/.local/lib/python3.12/site-packages/airflow/example_dags/example_branch_operator.py
[2024-06-02T19:38:53.017+0000] {processor.py:840} INFO - DAG(s) 'example_branch_operator' retrieved from /home/airflow/.local/lib/python3.12/site-packages/airflow/example_dags/example_branch_operator.py
[2024-06-02T19:38:53.034+0000] {logging_mixin.py:188} INFO - [2024-06-02T19:38:53.033+0000] {dag.py:3096} INFO - Sync 1 DAGs
[2024-06-02T19:38:53.047+0000] {logging_mixin.py:188} INFO - [2024-06-02T19:38:53.047+0000] {dag.py:3954} INFO - Setting next_dagrun for example_branch_operator to 2024-06-01 00:00:00+00:00, run_after=2024-06-02 00:00:00+00:00
[2024-06-02T19:38:53.058+0000] {processor.py:183} INFO - Processing /home/airflow/.local/lib/python3.12/site-packages/airflow/example_dags/example_branch_operator.py took 0.055 seconds
[2024-06-02T19:39:23.661+0000] {processor.py:161} INFO - Started process (PID=421) to work on /home/airflow/.local/lib/python3.12/site-packages/airflow/example_dags/example_branch_operator.py
[2024-06-02T19:39:23.662+0000] {processor.py:830} INFO - Processing file /home/airflow/.local/lib/python3.12/site-packages/airflow/example_dags/example_branch_operator.py for tasks to queue
[2024-06-02T19:39:23.663+0000] {logging_mixin.py:188} INFO - [2024-06-02T19:39:23.663+0000] {dagbag.py:545} INFO - Filling up the DagBag from /home/airflow/.local/lib/python3.12/site-packages/airflow/example_dags/example_branch_operator.py
[2024-06-02T19:39:23.673+0000] {processor.py:840} INFO - DAG(s) 'example_branch_operator' retrieved from /home/airflow/.local/lib/python3.12/site-packages/airflow/example_dags/example_branch_operator.py
[2024-06-02T19:39:23.689+0000] {logging_mixin.py:188} INFO - [2024-06-02T19:39:23.689+0000] {dag.py:3096} INFO - Sync 1 DAGs
[2024-06-02T19:39:23.702+0000] {logging_mixin.py:188} INFO - [2024-06-02T19:39:23.702+0000] {dag.py:3954} INFO - Setting next_dagrun for example_branch_operator to 2024-06-01 00:00:00+00:00, run_after=2024-06-02 00:00:00+00:00
[2024-06-02T19:39:23.713+0000] {processor.py:183} INFO - Processing /home/airflow/.local/lib/python3.12/site-packages/airflow/example_dags/example_branch_operator.py took 0.055 seconds
[2024-06-02T19:39:54.316+0000] {processor.py:161} INFO - Started process (PID=479) to work on /home/airflow/.local/lib/python3.12/site-packages/airflow/example_dags/example_branch_operator.py
[2024-06-02T19:39:54.316+0000] {processor.py:830} INFO - Processing file /home/airflow/.local/lib/python3.12/site-packages/airflow/example_dags/example_branch_operator.py for tasks to queue
[2024-06-02T19:39:54.318+0000] {logging_mixin.py:188} INFO - [2024-06-02T19:39:54.317+0000] {dagbag.py:545} INFO - Filling up the DagBag from /home/airflow/.local/lib/python3.12/site-packages/airflow/example_dags/example_branch_operator.py
[2024-06-02T19:39:54.326+0000] {processor.py:840} INFO - DAG(s) 'example_branch_operator' retrieved from /home/airflow/.local/lib/python3.12/site-packages/airflow/example_dags/example_branch_operator.py
[2024-06-02T19:39:54.343+0000] {logging_mixin.py:188} INFO - [2024-06-02T19:39:54.342+0000] {dag.py:3096} INFO - Sync 1 DAGs
[2024-06-02T19:39:54.356+0000] {logging_mixin.py:188} INFO - [2024-06-02T19:39:54.356+0000] {dag.py:3954} INFO - Setting next_dagrun for example_branch_operator to 2024-06-01 00:00:00+00:00, run_after=2024-06-02 00:00:00+00:00
[2024-06-02T19:39:54.366+0000] {processor.py:183} INFO - Processing /home/airflow/.local/lib/python3.12/site-packages/airflow/example_dags/example_branch_operator.py took 0.054 seconds
[2024-06-02T19:40:24.887+0000] {processor.py:161} INFO - Started process (PID=537) to work on /home/airflow/.local/lib/python3.12/site-packages/airflow/example_dags/example_branch_operator.py
[2024-06-02T19:40:24.888+0000] {processor.py:830} INFO - Processing file /home/airflow/.local/lib/python3.12/site-packages/airflow/example_dags/example_branch_operator.py for tasks to queue
[2024-06-02T19:40:24.889+0000] {logging_mixin.py:188} INFO - [2024-06-02T19:40:24.889+0000] {dagbag.py:545} INFO - Filling up the DagBag from /home/airflow/.local/lib/python3.12/site-packages/airflow/example_dags/example_branch_operator.py
[2024-06-02T19:40:24.898+0000] {processor.py:840} INFO - DAG(s) 'example_branch_operator' retrieved from /home/airflow/.local/lib/python3.12/site-packages/airflow/example_dags/example_branch_operator.py
[2024-06-02T19:40:24.915+0000] {logging_mixin.py:188} INFO - [2024-06-02T19:40:24.915+0000] {dag.py:3096} INFO - Sync 1 DAGs
[2024-06-02T19:40:24.927+0000] {logging_mixin.py:188} INFO - [2024-06-02T19:40:24.927+0000] {dag.py:3954} INFO - Setting next_dagrun for example_branch_operator to 2024-06-01 00:00:00+00:00, run_after=2024-06-02 00:00:00+00:00
[2024-06-02T19:40:24.937+0000] {processor.py:183} INFO - Processing /home/airflow/.local/lib/python3.12/site-packages/airflow/example_dags/example_branch_operator.py took 0.053 seconds
[2024-06-02T19:40:55.590+0000] {processor.py:161} INFO - Started process (PID=595) to work on /home/airflow/.local/lib/python3.12/site-packages/airflow/example_dags/example_branch_operator.py
[2024-06-02T19:40:55.590+0000] {processor.py:830} INFO - Processing file /home/airflow/.local/lib/python3.12/site-packages/airflow/example_dags/example_branch_operator.py for tasks to queue
[2024-06-02T19:40:55.593+0000] {logging_mixin.py:188} INFO - [2024-06-02T19:40:55.592+0000] {dagbag.py:545} INFO - Filling up the DagBag from /home/airflow/.local/lib/python3.12/site-packages/airflow/example_dags/example_branch_operator.py
[2024-06-02T19:40:55.602+0000] {processor.py:840} INFO - DAG(s) 'example_branch_operator' retrieved from /home/airflow/.local/lib/python3.12/site-packages/airflow/example_dags/example_branch_operator.py
[2024-06-02T19:40:55.619+0000] {logging_mixin.py:188} INFO - [2024-06-02T19:40:55.619+0000] {dag.py:3096} INFO - Sync 1 DAGs
[2024-06-02T19:40:55.632+0000] {logging_mixin.py:188} INFO - [2024-06-02T19:40:55.632+0000] {dag.py:3954} INFO - Setting next_dagrun for example_branch_operator to 2024-06-01 00:00:00+00:00, run_after=2024-06-02 00:00:00+00:00
[2024-06-02T19:40:55.642+0000] {processor.py:183} INFO - Processing /home/airflow/.local/lib/python3.12/site-packages/airflow/example_dags/example_branch_operator.py took 0.055 seconds
[2024-06-02T19:41:41.451+0000] {processor.py:161} INFO - Started process (PID=73) to work on /home/airflow/.local/lib/python3.12/site-packages/airflow/example_dags/example_branch_operator.py
[2024-06-02T19:41:41.451+0000] {processor.py:830} INFO - Processing file /home/airflow/.local/lib/python3.12/site-packages/airflow/example_dags/example_branch_operator.py for tasks to queue
[2024-06-02T19:41:41.453+0000] {logging_mixin.py:188} INFO - [2024-06-02T19:41:41.453+0000] {dagbag.py:545} INFO - Filling up the DagBag from /home/airflow/.local/lib/python3.12/site-packages/airflow/example_dags/example_branch_operator.py
[2024-06-02T19:41:41.464+0000] {processor.py:840} INFO - DAG(s) 'example_branch_operator' retrieved from /home/airflow/.local/lib/python3.12/site-packages/airflow/example_dags/example_branch_operator.py
[2024-06-02T19:41:41.472+0000] {logging_mixin.py:188} INFO - [2024-06-02T19:41:41.472+0000] {dag.py:3096} INFO - Sync 1 DAGs
[2024-06-02T19:41:41.486+0000] {logging_mixin.py:188} INFO - [2024-06-02T19:41:41.485+0000] {dag.py:3954} INFO - Setting next_dagrun for example_branch_operator to 2024-06-01 00:00:00+00:00, run_after=2024-06-02 00:00:00+00:00
[2024-06-02T19:41:41.497+0000] {processor.py:183} INFO - Processing /home/airflow/.local/lib/python3.12/site-packages/airflow/example_dags/example_branch_operator.py took 0.050 seconds
[2024-06-02T19:42:12.559+0000] {processor.py:161} INFO - Started process (PID=131) to work on /home/airflow/.local/lib/python3.12/site-packages/airflow/example_dags/example_branch_operator.py
[2024-06-02T19:42:12.559+0000] {processor.py:830} INFO - Processing file /home/airflow/.local/lib/python3.12/site-packages/airflow/example_dags/example_branch_operator.py for tasks to queue
[2024-06-02T19:42:12.560+0000] {logging_mixin.py:188} INFO - [2024-06-02T19:42:12.560+0000] {dagbag.py:545} INFO - Filling up the DagBag from /home/airflow/.local/lib/python3.12/site-packages/airflow/example_dags/example_branch_operator.py
[2024-06-02T19:42:12.571+0000] {processor.py:840} INFO - DAG(s) 'example_branch_operator' retrieved from /home/airflow/.local/lib/python3.12/site-packages/airflow/example_dags/example_branch_operator.py
[2024-06-02T19:42:12.632+0000] {logging_mixin.py:188} INFO - [2024-06-02T19:42:12.632+0000] {dag.py:3096} INFO - Sync 1 DAGs
[2024-06-02T19:42:12.644+0000] {logging_mixin.py:188} INFO - [2024-06-02T19:42:12.644+0000] {dag.py:3954} INFO - Setting next_dagrun for example_branch_operator to 2024-06-01 00:00:00+00:00, run_after=2024-06-02 00:00:00+00:00
[2024-06-02T19:42:12.656+0000] {processor.py:183} INFO - Processing /home/airflow/.local/lib/python3.12/site-packages/airflow/example_dags/example_branch_operator.py took 0.100 seconds
[2024-06-02T19:42:42.712+0000] {processor.py:161} INFO - Started process (PID=189) to work on /home/airflow/.local/lib/python3.12/site-packages/airflow/example_dags/example_branch_operator.py
[2024-06-02T19:42:42.713+0000] {processor.py:830} INFO - Processing file /home/airflow/.local/lib/python3.12/site-packages/airflow/example_dags/example_branch_operator.py for tasks to queue
[2024-06-02T19:42:42.714+0000] {logging_mixin.py:188} INFO - [2024-06-02T19:42:42.714+0000] {dagbag.py:545} INFO - Filling up the DagBag from /home/airflow/.local/lib/python3.12/site-packages/airflow/example_dags/example_branch_operator.py
[2024-06-02T19:42:42.724+0000] {processor.py:840} INFO - DAG(s) 'example_branch_operator' retrieved from /home/airflow/.local/lib/python3.12/site-packages/airflow/example_dags/example_branch_operator.py
[2024-06-02T19:42:42.743+0000] {logging_mixin.py:188} INFO - [2024-06-02T19:42:42.743+0000] {dag.py:3096} INFO - Sync 1 DAGs
[2024-06-02T19:42:42.757+0000] {logging_mixin.py:188} INFO - [2024-06-02T19:42:42.757+0000] {dag.py:3954} INFO - Setting next_dagrun for example_branch_operator to 2024-06-01 00:00:00+00:00, run_after=2024-06-02 00:00:00+00:00
[2024-06-02T19:42:42.767+0000] {processor.py:183} INFO - Processing /home/airflow/.local/lib/python3.12/site-packages/airflow/example_dags/example_branch_operator.py took 0.059 seconds
[2024-06-02T19:43:13.447+0000] {processor.py:161} INFO - Started process (PID=247) to work on /home/airflow/.local/lib/python3.12/site-packages/airflow/example_dags/example_branch_operator.py
[2024-06-02T19:43:13.448+0000] {processor.py:830} INFO - Processing file /home/airflow/.local/lib/python3.12/site-packages/airflow/example_dags/example_branch_operator.py for tasks to queue
[2024-06-02T19:43:13.449+0000] {logging_mixin.py:188} INFO - [2024-06-02T19:43:13.449+0000] {dagbag.py:545} INFO - Filling up the DagBag from /home/airflow/.local/lib/python3.12/site-packages/airflow/example_dags/example_branch_operator.py
[2024-06-02T19:43:13.459+0000] {processor.py:840} INFO - DAG(s) 'example_branch_operator' retrieved from /home/airflow/.local/lib/python3.12/site-packages/airflow/example_dags/example_branch_operator.py
[2024-06-02T19:43:13.475+0000] {logging_mixin.py:188} INFO - [2024-06-02T19:43:13.475+0000] {dag.py:3096} INFO - Sync 1 DAGs
[2024-06-02T19:43:13.487+0000] {logging_mixin.py:188} INFO - [2024-06-02T19:43:13.487+0000] {dag.py:3954} INFO - Setting next_dagrun for example_branch_operator to 2024-06-01 00:00:00+00:00, run_after=2024-06-02 00:00:00+00:00
[2024-06-02T19:43:13.497+0000] {processor.py:183} INFO - Processing /home/airflow/.local/lib/python3.12/site-packages/airflow/example_dags/example_branch_operator.py took 0.052 seconds
[2024-06-02T19:43:44.146+0000] {processor.py:161} INFO - Started process (PID=305) to work on /home/airflow/.local/lib/python3.12/site-packages/airflow/example_dags/example_branch_operator.py
[2024-06-02T19:43:44.147+0000] {processor.py:830} INFO - Processing file /home/airflow/.local/lib/python3.12/site-packages/airflow/example_dags/example_branch_operator.py for tasks to queue
[2024-06-02T19:43:44.148+0000] {logging_mixin.py:188} INFO - [2024-06-02T19:43:44.147+0000] {dagbag.py:545} INFO - Filling up the DagBag from /home/airflow/.local/lib/python3.12/site-packages/airflow/example_dags/example_branch_operator.py
[2024-06-02T19:43:44.157+0000] {processor.py:840} INFO - DAG(s) 'example_branch_operator' retrieved from /home/airflow/.local/lib/python3.12/site-packages/airflow/example_dags/example_branch_operator.py
[2024-06-02T19:43:44.174+0000] {logging_mixin.py:188} INFO - [2024-06-02T19:43:44.174+0000] {dag.py:3096} INFO - Sync 1 DAGs
[2024-06-02T19:43:44.186+0000] {logging_mixin.py:188} INFO - [2024-06-02T19:43:44.186+0000] {dag.py:3954} INFO - Setting next_dagrun for example_branch_operator to 2024-06-01 00:00:00+00:00, run_after=2024-06-02 00:00:00+00:00
[2024-06-02T19:43:44.197+0000] {processor.py:183} INFO - Processing /home/airflow/.local/lib/python3.12/site-packages/airflow/example_dags/example_branch_operator.py took 0.054 seconds
[2024-06-02T19:44:14.762+0000] {processor.py:161} INFO - Started process (PID=363) to work on /home/airflow/.local/lib/python3.12/site-packages/airflow/example_dags/example_branch_operator.py
[2024-06-02T19:44:14.762+0000] {processor.py:830} INFO - Processing file /home/airflow/.local/lib/python3.12/site-packages/airflow/example_dags/example_branch_operator.py for tasks to queue
[2024-06-02T19:44:14.763+0000] {logging_mixin.py:188} INFO - [2024-06-02T19:44:14.763+0000] {dagbag.py:545} INFO - Filling up the DagBag from /home/airflow/.local/lib/python3.12/site-packages/airflow/example_dags/example_branch_operator.py
[2024-06-02T19:44:14.772+0000] {processor.py:840} INFO - DAG(s) 'example_branch_operator' retrieved from /home/airflow/.local/lib/python3.12/site-packages/airflow/example_dags/example_branch_operator.py
[2024-06-02T19:44:14.789+0000] {logging_mixin.py:188} INFO - [2024-06-02T19:44:14.789+0000] {dag.py:3096} INFO - Sync 1 DAGs
[2024-06-02T19:44:14.801+0000] {logging_mixin.py:188} INFO - [2024-06-02T19:44:14.801+0000] {dag.py:3954} INFO - Setting next_dagrun for example_branch_operator to 2024-06-01 00:00:00+00:00, run_after=2024-06-02 00:00:00+00:00
[2024-06-02T19:44:14.812+0000] {processor.py:183} INFO - Processing /home/airflow/.local/lib/python3.12/site-packages/airflow/example_dags/example_branch_operator.py took 0.053 seconds
[2024-06-02T19:44:45.390+0000] {processor.py:161} INFO - Started process (PID=421) to work on /home/airflow/.local/lib/python3.12/site-packages/airflow/example_dags/example_branch_operator.py
[2024-06-02T19:44:45.390+0000] {processor.py:830} INFO - Processing file /home/airflow/.local/lib/python3.12/site-packages/airflow/example_dags/example_branch_operator.py for tasks to queue
[2024-06-02T19:44:45.391+0000] {logging_mixin.py:188} INFO - [2024-06-02T19:44:45.391+0000] {dagbag.py:545} INFO - Filling up the DagBag from /home/airflow/.local/lib/python3.12/site-packages/airflow/example_dags/example_branch_operator.py
[2024-06-02T19:44:45.401+0000] {processor.py:840} INFO - DAG(s) 'example_branch_operator' retrieved from /home/airflow/.local/lib/python3.12/site-packages/airflow/example_dags/example_branch_operator.py
[2024-06-02T19:44:45.418+0000] {logging_mixin.py:188} INFO - [2024-06-02T19:44:45.418+0000] {dag.py:3096} INFO - Sync 1 DAGs
[2024-06-02T19:44:45.431+0000] {logging_mixin.py:188} INFO - [2024-06-02T19:44:45.431+0000] {dag.py:3954} INFO - Setting next_dagrun for example_branch_operator to 2024-06-01 00:00:00+00:00, run_after=2024-06-02 00:00:00+00:00
[2024-06-02T19:44:45.442+0000] {processor.py:183} INFO - Processing /home/airflow/.local/lib/python3.12/site-packages/airflow/example_dags/example_branch_operator.py took 0.055 seconds
[2024-06-02T19:45:16.023+0000] {processor.py:161} INFO - Started process (PID=479) to work on /home/airflow/.local/lib/python3.12/site-packages/airflow/example_dags/example_branch_operator.py
[2024-06-02T19:45:16.024+0000] {processor.py:830} INFO - Processing file /home/airflow/.local/lib/python3.12/site-packages/airflow/example_dags/example_branch_operator.py for tasks to queue
[2024-06-02T19:45:16.025+0000] {logging_mixin.py:188} INFO - [2024-06-02T19:45:16.025+0000] {dagbag.py:545} INFO - Filling up the DagBag from /home/airflow/.local/lib/python3.12/site-packages/airflow/example_dags/example_branch_operator.py
[2024-06-02T19:45:16.034+0000] {processor.py:840} INFO - DAG(s) 'example_branch_operator' retrieved from /home/airflow/.local/lib/python3.12/site-packages/airflow/example_dags/example_branch_operator.py
[2024-06-02T19:45:16.051+0000] {logging_mixin.py:188} INFO - [2024-06-02T19:45:16.051+0000] {dag.py:3096} INFO - Sync 1 DAGs
[2024-06-02T19:45:16.064+0000] {logging_mixin.py:188} INFO - [2024-06-02T19:45:16.064+0000] {dag.py:3954} INFO - Setting next_dagrun for example_branch_operator to 2024-06-01 00:00:00+00:00, run_after=2024-06-02 00:00:00+00:00
[2024-06-02T19:45:16.075+0000] {processor.py:183} INFO - Processing /home/airflow/.local/lib/python3.12/site-packages/airflow/example_dags/example_branch_operator.py took 0.055 seconds
[2024-06-02T19:45:46.689+0000] {processor.py:161} INFO - Started process (PID=536) to work on /home/airflow/.local/lib/python3.12/site-packages/airflow/example_dags/example_branch_operator.py
[2024-06-02T19:45:46.690+0000] {processor.py:830} INFO - Processing file /home/airflow/.local/lib/python3.12/site-packages/airflow/example_dags/example_branch_operator.py for tasks to queue
[2024-06-02T19:45:46.691+0000] {logging_mixin.py:188} INFO - [2024-06-02T19:45:46.691+0000] {dagbag.py:545} INFO - Filling up the DagBag from /home/airflow/.local/lib/python3.12/site-packages/airflow/example_dags/example_branch_operator.py
[2024-06-02T19:45:46.700+0000] {processor.py:840} INFO - DAG(s) 'example_branch_operator' retrieved from /home/airflow/.local/lib/python3.12/site-packages/airflow/example_dags/example_branch_operator.py
[2024-06-02T19:45:46.717+0000] {logging_mixin.py:188} INFO - [2024-06-02T19:45:46.717+0000] {dag.py:3096} INFO - Sync 1 DAGs
[2024-06-02T19:45:46.730+0000] {logging_mixin.py:188} INFO - [2024-06-02T19:45:46.730+0000] {dag.py:3954} INFO - Setting next_dagrun for example_branch_operator to 2024-06-01 00:00:00+00:00, run_after=2024-06-02 00:00:00+00:00
[2024-06-02T19:45:46.740+0000] {processor.py:183} INFO - Processing /home/airflow/.local/lib/python3.12/site-packages/airflow/example_dags/example_branch_operator.py took 0.054 seconds
[2024-06-02T19:46:17.382+0000] {processor.py:161} INFO - Started process (PID=594) to work on /home/airflow/.local/lib/python3.12/site-packages/airflow/example_dags/example_branch_operator.py
[2024-06-02T19:46:17.383+0000] {processor.py:830} INFO - Processing file /home/airflow/.local/lib/python3.12/site-packages/airflow/example_dags/example_branch_operator.py for tasks to queue
[2024-06-02T19:46:17.384+0000] {logging_mixin.py:188} INFO - [2024-06-02T19:46:17.384+0000] {dagbag.py:545} INFO - Filling up the DagBag from /home/airflow/.local/lib/python3.12/site-packages/airflow/example_dags/example_branch_operator.py
[2024-06-02T19:46:17.395+0000] {processor.py:840} INFO - DAG(s) 'example_branch_operator' retrieved from /home/airflow/.local/lib/python3.12/site-packages/airflow/example_dags/example_branch_operator.py
[2024-06-02T19:46:17.414+0000] {logging_mixin.py:188} INFO - [2024-06-02T19:46:17.414+0000] {dag.py:3096} INFO - Sync 1 DAGs
[2024-06-02T19:46:17.426+0000] {logging_mixin.py:188} INFO - [2024-06-02T19:46:17.426+0000] {dag.py:3954} INFO - Setting next_dagrun for example_branch_operator to 2024-06-01 00:00:00+00:00, run_after=2024-06-02 00:00:00+00:00
[2024-06-02T19:46:17.436+0000] {processor.py:183} INFO - Processing /home/airflow/.local/lib/python3.12/site-packages/airflow/example_dags/example_branch_operator.py took 0.057 seconds
[2024-06-02T19:46:48.095+0000] {processor.py:161} INFO - Started process (PID=652) to work on /home/airflow/.local/lib/python3.12/site-packages/airflow/example_dags/example_branch_operator.py
[2024-06-02T19:46:48.095+0000] {processor.py:830} INFO - Processing file /home/airflow/.local/lib/python3.12/site-packages/airflow/example_dags/example_branch_operator.py for tasks to queue
[2024-06-02T19:46:48.096+0000] {logging_mixin.py:188} INFO - [2024-06-02T19:46:48.096+0000] {dagbag.py:545} INFO - Filling up the DagBag from /home/airflow/.local/lib/python3.12/site-packages/airflow/example_dags/example_branch_operator.py
[2024-06-02T19:46:48.106+0000] {processor.py:840} INFO - DAG(s) 'example_branch_operator' retrieved from /home/airflow/.local/lib/python3.12/site-packages/airflow/example_dags/example_branch_operator.py
[2024-06-02T19:46:48.122+0000] {logging_mixin.py:188} INFO - [2024-06-02T19:46:48.122+0000] {dag.py:3096} INFO - Sync 1 DAGs
[2024-06-02T19:46:48.135+0000] {logging_mixin.py:188} INFO - [2024-06-02T19:46:48.134+0000] {dag.py:3954} INFO - Setting next_dagrun for example_branch_operator to 2024-06-01 00:00:00+00:00, run_after=2024-06-02 00:00:00+00:00
[2024-06-02T19:46:48.145+0000] {processor.py:183} INFO - Processing /home/airflow/.local/lib/python3.12/site-packages/airflow/example_dags/example_branch_operator.py took 0.054 seconds
[2024-06-02T19:47:18.783+0000] {processor.py:161} INFO - Started process (PID=710) to work on /home/airflow/.local/lib/python3.12/site-packages/airflow/example_dags/example_branch_operator.py
[2024-06-02T19:47:18.784+0000] {processor.py:830} INFO - Processing file /home/airflow/.local/lib/python3.12/site-packages/airflow/example_dags/example_branch_operator.py for tasks to queue
[2024-06-02T19:47:18.785+0000] {logging_mixin.py:188} INFO - [2024-06-02T19:47:18.785+0000] {dagbag.py:545} INFO - Filling up the DagBag from /home/airflow/.local/lib/python3.12/site-packages/airflow/example_dags/example_branch_operator.py
[2024-06-02T19:47:18.794+0000] {processor.py:840} INFO - DAG(s) 'example_branch_operator' retrieved from /home/airflow/.local/lib/python3.12/site-packages/airflow/example_dags/example_branch_operator.py
[2024-06-02T19:47:18.812+0000] {logging_mixin.py:188} INFO - [2024-06-02T19:47:18.811+0000] {dag.py:3096} INFO - Sync 1 DAGs
[2024-06-02T19:47:18.824+0000] {logging_mixin.py:188} INFO - [2024-06-02T19:47:18.824+0000] {dag.py:3954} INFO - Setting next_dagrun for example_branch_operator to 2024-06-01 00:00:00+00:00, run_after=2024-06-02 00:00:00+00:00
[2024-06-02T19:47:18.835+0000] {processor.py:183} INFO - Processing /home/airflow/.local/lib/python3.12/site-packages/airflow/example_dags/example_branch_operator.py took 0.054 seconds
[2024-06-02T19:47:49.530+0000] {processor.py:161} INFO - Started process (PID=768) to work on /home/airflow/.local/lib/python3.12/site-packages/airflow/example_dags/example_branch_operator.py
[2024-06-02T19:47:49.531+0000] {processor.py:830} INFO - Processing file /home/airflow/.local/lib/python3.12/site-packages/airflow/example_dags/example_branch_operator.py for tasks to queue
[2024-06-02T19:47:49.532+0000] {logging_mixin.py:188} INFO - [2024-06-02T19:47:49.532+0000] {dagbag.py:545} INFO - Filling up the DagBag from /home/airflow/.local/lib/python3.12/site-packages/airflow/example_dags/example_branch_operator.py
[2024-06-02T19:47:49.541+0000] {processor.py:840} INFO - DAG(s) 'example_branch_operator' retrieved from /home/airflow/.local/lib/python3.12/site-packages/airflow/example_dags/example_branch_operator.py
[2024-06-02T19:47:49.557+0000] {logging_mixin.py:188} INFO - [2024-06-02T19:47:49.557+0000] {dag.py:3096} INFO - Sync 1 DAGs
[2024-06-02T19:47:49.569+0000] {logging_mixin.py:188} INFO - [2024-06-02T19:47:49.569+0000] {dag.py:3954} INFO - Setting next_dagrun for example_branch_operator to 2024-06-01 00:00:00+00:00, run_after=2024-06-02 00:00:00+00:00
[2024-06-02T19:47:49.580+0000] {processor.py:183} INFO - Processing /home/airflow/.local/lib/python3.12/site-packages/airflow/example_dags/example_branch_operator.py took 0.053 seconds
[2024-06-02T19:48:20.243+0000] {processor.py:161} INFO - Started process (PID=826) to work on /home/airflow/.local/lib/python3.12/site-packages/airflow/example_dags/example_branch_operator.py
[2024-06-02T19:48:20.244+0000] {processor.py:830} INFO - Processing file /home/airflow/.local/lib/python3.12/site-packages/airflow/example_dags/example_branch_operator.py for tasks to queue
[2024-06-02T19:48:20.245+0000] {logging_mixin.py:188} INFO - [2024-06-02T19:48:20.245+0000] {dagbag.py:545} INFO - Filling up the DagBag from /home/airflow/.local/lib/python3.12/site-packages/airflow/example_dags/example_branch_operator.py
[2024-06-02T19:48:20.254+0000] {processor.py:840} INFO - DAG(s) 'example_branch_operator' retrieved from /home/airflow/.local/lib/python3.12/site-packages/airflow/example_dags/example_branch_operator.py
[2024-06-02T19:48:20.271+0000] {logging_mixin.py:188} INFO - [2024-06-02T19:48:20.271+0000] {dag.py:3096} INFO - Sync 1 DAGs
[2024-06-02T19:48:20.283+0000] {logging_mixin.py:188} INFO - [2024-06-02T19:48:20.283+0000] {dag.py:3954} INFO - Setting next_dagrun for example_branch_operator to 2024-06-01 00:00:00+00:00, run_after=2024-06-02 00:00:00+00:00
[2024-06-02T19:48:20.295+0000] {processor.py:183} INFO - Processing /home/airflow/.local/lib/python3.12/site-packages/airflow/example_dags/example_branch_operator.py took 0.055 seconds
[2024-06-02T19:48:50.870+0000] {processor.py:161} INFO - Started process (PID=884) to work on /home/airflow/.local/lib/python3.12/site-packages/airflow/example_dags/example_branch_operator.py
[2024-06-02T19:48:50.871+0000] {processor.py:830} INFO - Processing file /home/airflow/.local/lib/python3.12/site-packages/airflow/example_dags/example_branch_operator.py for tasks to queue
[2024-06-02T19:48:50.872+0000] {logging_mixin.py:188} INFO - [2024-06-02T19:48:50.872+0000] {dagbag.py:545} INFO - Filling up the DagBag from /home/airflow/.local/lib/python3.12/site-packages/airflow/example_dags/example_branch_operator.py
[2024-06-02T19:48:50.881+0000] {processor.py:840} INFO - DAG(s) 'example_branch_operator' retrieved from /home/airflow/.local/lib/python3.12/site-packages/airflow/example_dags/example_branch_operator.py
[2024-06-02T19:48:50.896+0000] {logging_mixin.py:188} INFO - [2024-06-02T19:48:50.896+0000] {dag.py:3096} INFO - Sync 1 DAGs
[2024-06-02T19:48:50.909+0000] {logging_mixin.py:188} INFO - [2024-06-02T19:48:50.909+0000] {dag.py:3954} INFO - Setting next_dagrun for example_branch_operator to 2024-06-01 00:00:00+00:00, run_after=2024-06-02 00:00:00+00:00
[2024-06-02T19:48:50.920+0000] {processor.py:183} INFO - Processing /home/airflow/.local/lib/python3.12/site-packages/airflow/example_dags/example_branch_operator.py took 0.053 seconds
[2024-06-02T19:49:21.504+0000] {processor.py:161} INFO - Started process (PID=942) to work on /home/airflow/.local/lib/python3.12/site-packages/airflow/example_dags/example_branch_operator.py
[2024-06-02T19:49:21.505+0000] {processor.py:830} INFO - Processing file /home/airflow/.local/lib/python3.12/site-packages/airflow/example_dags/example_branch_operator.py for tasks to queue
[2024-06-02T19:49:21.506+0000] {logging_mixin.py:188} INFO - [2024-06-02T19:49:21.506+0000] {dagbag.py:545} INFO - Filling up the DagBag from /home/airflow/.local/lib/python3.12/site-packages/airflow/example_dags/example_branch_operator.py
[2024-06-02T19:49:21.516+0000] {processor.py:840} INFO - DAG(s) 'example_branch_operator' retrieved from /home/airflow/.local/lib/python3.12/site-packages/airflow/example_dags/example_branch_operator.py
[2024-06-02T19:49:21.533+0000] {logging_mixin.py:188} INFO - [2024-06-02T19:49:21.533+0000] {dag.py:3096} INFO - Sync 1 DAGs
[2024-06-02T19:49:21.546+0000] {logging_mixin.py:188} INFO - [2024-06-02T19:49:21.546+0000] {dag.py:3954} INFO - Setting next_dagrun for example_branch_operator to 2024-06-01 00:00:00+00:00, run_after=2024-06-02 00:00:00+00:00
[2024-06-02T19:49:21.557+0000] {processor.py:183} INFO - Processing /home/airflow/.local/lib/python3.12/site-packages/airflow/example_dags/example_branch_operator.py took 0.057 seconds
[2024-06-02T19:49:52.145+0000] {processor.py:161} INFO - Started process (PID=1000) to work on /home/airflow/.local/lib/python3.12/site-packages/airflow/example_dags/example_branch_operator.py
[2024-06-02T19:49:52.145+0000] {processor.py:830} INFO - Processing file /home/airflow/.local/lib/python3.12/site-packages/airflow/example_dags/example_branch_operator.py for tasks to queue
[2024-06-02T19:49:52.146+0000] {logging_mixin.py:188} INFO - [2024-06-02T19:49:52.146+0000] {dagbag.py:545} INFO - Filling up the DagBag from /home/airflow/.local/lib/python3.12/site-packages/airflow/example_dags/example_branch_operator.py
[2024-06-02T19:49:52.155+0000] {processor.py:840} INFO - DAG(s) 'example_branch_operator' retrieved from /home/airflow/.local/lib/python3.12/site-packages/airflow/example_dags/example_branch_operator.py
[2024-06-02T19:49:52.171+0000] {logging_mixin.py:188} INFO - [2024-06-02T19:49:52.171+0000] {dag.py:3096} INFO - Sync 1 DAGs
[2024-06-02T19:49:52.184+0000] {logging_mixin.py:188} INFO - [2024-06-02T19:49:52.184+0000] {dag.py:3954} INFO - Setting next_dagrun for example_branch_operator to 2024-06-01 00:00:00+00:00, run_after=2024-06-02 00:00:00+00:00
[2024-06-02T19:49:52.196+0000] {processor.py:183} INFO - Processing /home/airflow/.local/lib/python3.12/site-packages/airflow/example_dags/example_branch_operator.py took 0.054 seconds
[2024-06-02T19:50:22.935+0000] {processor.py:161} INFO - Started process (PID=1058) to work on /home/airflow/.local/lib/python3.12/site-packages/airflow/example_dags/example_branch_operator.py
[2024-06-02T19:50:22.936+0000] {processor.py:830} INFO - Processing file /home/airflow/.local/lib/python3.12/site-packages/airflow/example_dags/example_branch_operator.py for tasks to queue
[2024-06-02T19:50:22.937+0000] {logging_mixin.py:188} INFO - [2024-06-02T19:50:22.937+0000] {dagbag.py:545} INFO - Filling up the DagBag from /home/airflow/.local/lib/python3.12/site-packages/airflow/example_dags/example_branch_operator.py
[2024-06-02T19:50:22.946+0000] {processor.py:840} INFO - DAG(s) 'example_branch_operator' retrieved from /home/airflow/.local/lib/python3.12/site-packages/airflow/example_dags/example_branch_operator.py
[2024-06-02T19:50:22.963+0000] {logging_mixin.py:188} INFO - [2024-06-02T19:50:22.963+0000] {dag.py:3096} INFO - Sync 1 DAGs
[2024-06-02T19:50:22.976+0000] {logging_mixin.py:188} INFO - [2024-06-02T19:50:22.976+0000] {dag.py:3954} INFO - Setting next_dagrun for example_branch_operator to 2024-06-01 00:00:00+00:00, run_after=2024-06-02 00:00:00+00:00
[2024-06-02T19:50:22.987+0000] {processor.py:183} INFO - Processing /home/airflow/.local/lib/python3.12/site-packages/airflow/example_dags/example_branch_operator.py took 0.055 seconds
[2024-06-02T19:50:53.042+0000] {processor.py:161} INFO - Started process (PID=1116) to work on /home/airflow/.local/lib/python3.12/site-packages/airflow/example_dags/example_branch_operator.py
[2024-06-02T19:50:53.043+0000] {processor.py:830} INFO - Processing file /home/airflow/.local/lib/python3.12/site-packages/airflow/example_dags/example_branch_operator.py for tasks to queue
[2024-06-02T19:50:53.044+0000] {logging_mixin.py:188} INFO - [2024-06-02T19:50:53.044+0000] {dagbag.py:545} INFO - Filling up the DagBag from /home/airflow/.local/lib/python3.12/site-packages/airflow/example_dags/example_branch_operator.py
[2024-06-02T19:50:53.053+0000] {processor.py:840} INFO - DAG(s) 'example_branch_operator' retrieved from /home/airflow/.local/lib/python3.12/site-packages/airflow/example_dags/example_branch_operator.py
[2024-06-02T19:50:53.070+0000] {logging_mixin.py:188} INFO - [2024-06-02T19:50:53.070+0000] {dag.py:3096} INFO - Sync 1 DAGs
[2024-06-02T19:50:53.082+0000] {logging_mixin.py:188} INFO - [2024-06-02T19:50:53.082+0000] {dag.py:3954} INFO - Setting next_dagrun for example_branch_operator to 2024-06-01 00:00:00+00:00, run_after=2024-06-02 00:00:00+00:00
[2024-06-02T19:50:53.093+0000] {processor.py:183} INFO - Processing /home/airflow/.local/lib/python3.12/site-packages/airflow/example_dags/example_branch_operator.py took 0.053 seconds
[2024-06-02T19:51:23.250+0000] {processor.py:161} INFO - Started process (PID=1174) to work on /home/airflow/.local/lib/python3.12/site-packages/airflow/example_dags/example_branch_operator.py
[2024-06-02T19:51:23.251+0000] {processor.py:830} INFO - Processing file /home/airflow/.local/lib/python3.12/site-packages/airflow/example_dags/example_branch_operator.py for tasks to queue
[2024-06-02T19:51:23.252+0000] {logging_mixin.py:188} INFO - [2024-06-02T19:51:23.252+0000] {dagbag.py:545} INFO - Filling up the DagBag from /home/airflow/.local/lib/python3.12/site-packages/airflow/example_dags/example_branch_operator.py
[2024-06-02T19:51:23.262+0000] {processor.py:840} INFO - DAG(s) 'example_branch_operator' retrieved from /home/airflow/.local/lib/python3.12/site-packages/airflow/example_dags/example_branch_operator.py
[2024-06-02T19:51:23.279+0000] {logging_mixin.py:188} INFO - [2024-06-02T19:51:23.279+0000] {dag.py:3096} INFO - Sync 1 DAGs
[2024-06-02T19:51:23.291+0000] {logging_mixin.py:188} INFO - [2024-06-02T19:51:23.291+0000] {dag.py:3954} INFO - Setting next_dagrun for example_branch_operator to 2024-06-01 00:00:00+00:00, run_after=2024-06-02 00:00:00+00:00
[2024-06-02T19:51:23.302+0000] {processor.py:183} INFO - Processing /home/airflow/.local/lib/python3.12/site-packages/airflow/example_dags/example_branch_operator.py took 0.055 seconds
[2024-06-02T19:51:53.423+0000] {processor.py:161} INFO - Started process (PID=1232) to work on /home/airflow/.local/lib/python3.12/site-packages/airflow/example_dags/example_branch_operator.py
[2024-06-02T19:51:53.424+0000] {processor.py:830} INFO - Processing file /home/airflow/.local/lib/python3.12/site-packages/airflow/example_dags/example_branch_operator.py for tasks to queue
[2024-06-02T19:51:53.425+0000] {logging_mixin.py:188} INFO - [2024-06-02T19:51:53.425+0000] {dagbag.py:545} INFO - Filling up the DagBag from /home/airflow/.local/lib/python3.12/site-packages/airflow/example_dags/example_branch_operator.py
[2024-06-02T19:51:53.434+0000] {processor.py:840} INFO - DAG(s) 'example_branch_operator' retrieved from /home/airflow/.local/lib/python3.12/site-packages/airflow/example_dags/example_branch_operator.py
[2024-06-02T19:51:53.451+0000] {logging_mixin.py:188} INFO - [2024-06-02T19:51:53.450+0000] {dag.py:3096} INFO - Sync 1 DAGs
[2024-06-02T19:51:53.463+0000] {logging_mixin.py:188} INFO - [2024-06-02T19:51:53.463+0000] {dag.py:3954} INFO - Setting next_dagrun for example_branch_operator to 2024-06-01 00:00:00+00:00, run_after=2024-06-02 00:00:00+00:00
[2024-06-02T19:51:53.474+0000] {processor.py:183} INFO - Processing /home/airflow/.local/lib/python3.12/site-packages/airflow/example_dags/example_branch_operator.py took 0.054 seconds
[2024-06-02T19:52:24.100+0000] {processor.py:161} INFO - Started process (PID=1290) to work on /home/airflow/.local/lib/python3.12/site-packages/airflow/example_dags/example_branch_operator.py
[2024-06-02T19:52:24.101+0000] {processor.py:830} INFO - Processing file /home/airflow/.local/lib/python3.12/site-packages/airflow/example_dags/example_branch_operator.py for tasks to queue
[2024-06-02T19:52:24.102+0000] {logging_mixin.py:188} INFO - [2024-06-02T19:52:24.102+0000] {dagbag.py:545} INFO - Filling up the DagBag from /home/airflow/.local/lib/python3.12/site-packages/airflow/example_dags/example_branch_operator.py
[2024-06-02T19:52:24.112+0000] {processor.py:840} INFO - DAG(s) 'example_branch_operator' retrieved from /home/airflow/.local/lib/python3.12/site-packages/airflow/example_dags/example_branch_operator.py
[2024-06-02T19:52:24.130+0000] {logging_mixin.py:188} INFO - [2024-06-02T19:52:24.130+0000] {dag.py:3096} INFO - Sync 1 DAGs
[2024-06-02T19:52:24.144+0000] {logging_mixin.py:188} INFO - [2024-06-02T19:52:24.144+0000] {dag.py:3954} INFO - Setting next_dagrun for example_branch_operator to 2024-06-01 00:00:00+00:00, run_after=2024-06-02 00:00:00+00:00
[2024-06-02T19:52:24.155+0000] {processor.py:183} INFO - Processing /home/airflow/.local/lib/python3.12/site-packages/airflow/example_dags/example_branch_operator.py took 0.059 seconds
[2024-06-02T19:52:54.837+0000] {processor.py:161} INFO - Started process (PID=1347) to work on /home/airflow/.local/lib/python3.12/site-packages/airflow/example_dags/example_branch_operator.py
[2024-06-02T19:52:54.838+0000] {processor.py:830} INFO - Processing file /home/airflow/.local/lib/python3.12/site-packages/airflow/example_dags/example_branch_operator.py for tasks to queue
[2024-06-02T19:52:54.839+0000] {logging_mixin.py:188} INFO - [2024-06-02T19:52:54.839+0000] {dagbag.py:545} INFO - Filling up the DagBag from /home/airflow/.local/lib/python3.12/site-packages/airflow/example_dags/example_branch_operator.py
[2024-06-02T19:52:54.849+0000] {processor.py:840} INFO - DAG(s) 'example_branch_operator' retrieved from /home/airflow/.local/lib/python3.12/site-packages/airflow/example_dags/example_branch_operator.py
[2024-06-02T19:52:54.868+0000] {logging_mixin.py:188} INFO - [2024-06-02T19:52:54.867+0000] {dag.py:3096} INFO - Sync 1 DAGs
[2024-06-02T19:52:54.881+0000] {logging_mixin.py:188} INFO - [2024-06-02T19:52:54.881+0000] {dag.py:3954} INFO - Setting next_dagrun for example_branch_operator to 2024-06-01 00:00:00+00:00, run_after=2024-06-02 00:00:00+00:00
[2024-06-02T19:52:54.894+0000] {processor.py:183} INFO - Processing /home/airflow/.local/lib/python3.12/site-packages/airflow/example_dags/example_branch_operator.py took 0.059 seconds
[2024-06-02T19:53:25.537+0000] {processor.py:161} INFO - Started process (PID=1411) to work on /home/airflow/.local/lib/python3.12/site-packages/airflow/example_dags/example_branch_operator.py
[2024-06-02T19:53:25.537+0000] {processor.py:830} INFO - Processing file /home/airflow/.local/lib/python3.12/site-packages/airflow/example_dags/example_branch_operator.py for tasks to queue
[2024-06-02T19:53:25.538+0000] {logging_mixin.py:188} INFO - [2024-06-02T19:53:25.538+0000] {dagbag.py:545} INFO - Filling up the DagBag from /home/airflow/.local/lib/python3.12/site-packages/airflow/example_dags/example_branch_operator.py
[2024-06-02T19:53:25.548+0000] {processor.py:840} INFO - DAG(s) 'example_branch_operator' retrieved from /home/airflow/.local/lib/python3.12/site-packages/airflow/example_dags/example_branch_operator.py
[2024-06-02T19:53:25.567+0000] {logging_mixin.py:188} INFO - [2024-06-02T19:53:25.567+0000] {dag.py:3096} INFO - Sync 1 DAGs
[2024-06-02T19:53:25.580+0000] {logging_mixin.py:188} INFO - [2024-06-02T19:53:25.580+0000] {dag.py:3954} INFO - Setting next_dagrun for example_branch_operator to 2024-06-01 00:00:00+00:00, run_after=2024-06-02 00:00:00+00:00
[2024-06-02T19:53:25.591+0000] {processor.py:183} INFO - Processing /home/airflow/.local/lib/python3.12/site-packages/airflow/example_dags/example_branch_operator.py took 0.058 seconds
[2024-06-02T19:53:56.216+0000] {processor.py:161} INFO - Started process (PID=1469) to work on /home/airflow/.local/lib/python3.12/site-packages/airflow/example_dags/example_branch_operator.py
[2024-06-02T19:53:56.217+0000] {processor.py:830} INFO - Processing file /home/airflow/.local/lib/python3.12/site-packages/airflow/example_dags/example_branch_operator.py for tasks to queue
[2024-06-02T19:53:56.219+0000] {logging_mixin.py:188} INFO - [2024-06-02T19:53:56.218+0000] {dagbag.py:545} INFO - Filling up the DagBag from /home/airflow/.local/lib/python3.12/site-packages/airflow/example_dags/example_branch_operator.py
[2024-06-02T19:53:56.228+0000] {processor.py:840} INFO - DAG(s) 'example_branch_operator' retrieved from /home/airflow/.local/lib/python3.12/site-packages/airflow/example_dags/example_branch_operator.py
[2024-06-02T19:53:56.246+0000] {logging_mixin.py:188} INFO - [2024-06-02T19:53:56.245+0000] {dag.py:3096} INFO - Sync 1 DAGs
[2024-06-02T19:53:56.259+0000] {logging_mixin.py:188} INFO - [2024-06-02T19:53:56.258+0000] {dag.py:3954} INFO - Setting next_dagrun for example_branch_operator to 2024-06-01 00:00:00+00:00, run_after=2024-06-02 00:00:00+00:00
[2024-06-02T19:53:56.269+0000] {processor.py:183} INFO - Processing /home/airflow/.local/lib/python3.12/site-packages/airflow/example_dags/example_branch_operator.py took 0.056 seconds
[2024-06-02T19:54:26.930+0000] {processor.py:161} INFO - Started process (PID=1527) to work on /home/airflow/.local/lib/python3.12/site-packages/airflow/example_dags/example_branch_operator.py
[2024-06-02T19:54:26.931+0000] {processor.py:830} INFO - Processing file /home/airflow/.local/lib/python3.12/site-packages/airflow/example_dags/example_branch_operator.py for tasks to queue
[2024-06-02T19:54:26.933+0000] {logging_mixin.py:188} INFO - [2024-06-02T19:54:26.932+0000] {dagbag.py:545} INFO - Filling up the DagBag from /home/airflow/.local/lib/python3.12/site-packages/airflow/example_dags/example_branch_operator.py
[2024-06-02T19:54:26.942+0000] {processor.py:840} INFO - DAG(s) 'example_branch_operator' retrieved from /home/airflow/.local/lib/python3.12/site-packages/airflow/example_dags/example_branch_operator.py
[2024-06-02T19:54:26.960+0000] {logging_mixin.py:188} INFO - [2024-06-02T19:54:26.960+0000] {dag.py:3096} INFO - Sync 1 DAGs
[2024-06-02T19:54:26.973+0000] {logging_mixin.py:188} INFO - [2024-06-02T19:54:26.973+0000] {dag.py:3954} INFO - Setting next_dagrun for example_branch_operator to 2024-06-01 00:00:00+00:00, run_after=2024-06-02 00:00:00+00:00
[2024-06-02T19:54:26.984+0000] {processor.py:183} INFO - Processing /home/airflow/.local/lib/python3.12/site-packages/airflow/example_dags/example_branch_operator.py took 0.057 seconds
[2024-06-02T19:54:57.768+0000] {processor.py:161} INFO - Started process (PID=1585) to work on /home/airflow/.local/lib/python3.12/site-packages/airflow/example_dags/example_branch_operator.py
[2024-06-02T19:54:57.769+0000] {processor.py:830} INFO - Processing file /home/airflow/.local/lib/python3.12/site-packages/airflow/example_dags/example_branch_operator.py for tasks to queue
[2024-06-02T19:54:57.771+0000] {logging_mixin.py:188} INFO - [2024-06-02T19:54:57.770+0000] {dagbag.py:545} INFO - Filling up the DagBag from /home/airflow/.local/lib/python3.12/site-packages/airflow/example_dags/example_branch_operator.py
[2024-06-02T19:54:57.780+0000] {processor.py:840} INFO - DAG(s) 'example_branch_operator' retrieved from /home/airflow/.local/lib/python3.12/site-packages/airflow/example_dags/example_branch_operator.py
[2024-06-02T19:54:57.798+0000] {logging_mixin.py:188} INFO - [2024-06-02T19:54:57.797+0000] {dag.py:3096} INFO - Sync 1 DAGs
[2024-06-02T19:54:57.811+0000] {logging_mixin.py:188} INFO - [2024-06-02T19:54:57.810+0000] {dag.py:3954} INFO - Setting next_dagrun for example_branch_operator to 2024-06-01 00:00:00+00:00, run_after=2024-06-02 00:00:00+00:00
[2024-06-02T19:54:57.821+0000] {processor.py:183} INFO - Processing /home/airflow/.local/lib/python3.12/site-packages/airflow/example_dags/example_branch_operator.py took 0.056 seconds
[2024-06-02T19:55:28.453+0000] {processor.py:161} INFO - Started process (PID=1643) to work on /home/airflow/.local/lib/python3.12/site-packages/airflow/example_dags/example_branch_operator.py
[2024-06-02T19:55:28.453+0000] {processor.py:830} INFO - Processing file /home/airflow/.local/lib/python3.12/site-packages/airflow/example_dags/example_branch_operator.py for tasks to queue
[2024-06-02T19:55:28.454+0000] {logging_mixin.py:188} INFO - [2024-06-02T19:55:28.454+0000] {dagbag.py:545} INFO - Filling up the DagBag from /home/airflow/.local/lib/python3.12/site-packages/airflow/example_dags/example_branch_operator.py
[2024-06-02T19:55:28.464+0000] {processor.py:840} INFO - DAG(s) 'example_branch_operator' retrieved from /home/airflow/.local/lib/python3.12/site-packages/airflow/example_dags/example_branch_operator.py
[2024-06-02T19:55:28.481+0000] {logging_mixin.py:188} INFO - [2024-06-02T19:55:28.481+0000] {dag.py:3096} INFO - Sync 1 DAGs
[2024-06-02T19:55:28.495+0000] {logging_mixin.py:188} INFO - [2024-06-02T19:55:28.495+0000] {dag.py:3954} INFO - Setting next_dagrun for example_branch_operator to 2024-06-01 00:00:00+00:00, run_after=2024-06-02 00:00:00+00:00
[2024-06-02T19:55:28.506+0000] {processor.py:183} INFO - Processing /home/airflow/.local/lib/python3.12/site-packages/airflow/example_dags/example_branch_operator.py took 0.057 seconds
[2024-06-02T19:55:59.128+0000] {processor.py:161} INFO - Started process (PID=1701) to work on /home/airflow/.local/lib/python3.12/site-packages/airflow/example_dags/example_branch_operator.py
[2024-06-02T19:55:59.129+0000] {processor.py:830} INFO - Processing file /home/airflow/.local/lib/python3.12/site-packages/airflow/example_dags/example_branch_operator.py for tasks to queue
[2024-06-02T19:55:59.130+0000] {logging_mixin.py:188} INFO - [2024-06-02T19:55:59.129+0000] {dagbag.py:545} INFO - Filling up the DagBag from /home/airflow/.local/lib/python3.12/site-packages/airflow/example_dags/example_branch_operator.py
[2024-06-02T19:55:59.139+0000] {processor.py:840} INFO - DAG(s) 'example_branch_operator' retrieved from /home/airflow/.local/lib/python3.12/site-packages/airflow/example_dags/example_branch_operator.py
[2024-06-02T19:55:59.155+0000] {logging_mixin.py:188} INFO - [2024-06-02T19:55:59.155+0000] {dag.py:3096} INFO - Sync 1 DAGs
[2024-06-02T19:55:59.167+0000] {logging_mixin.py:188} INFO - [2024-06-02T19:55:59.167+0000] {dag.py:3954} INFO - Setting next_dagrun for example_branch_operator to 2024-06-01 00:00:00+00:00, run_after=2024-06-02 00:00:00+00:00
[2024-06-02T19:55:59.177+0000] {processor.py:183} INFO - Processing /home/airflow/.local/lib/python3.12/site-packages/airflow/example_dags/example_branch_operator.py took 0.052 seconds
[2024-06-02T19:56:29.753+0000] {processor.py:161} INFO - Started process (PID=1759) to work on /home/airflow/.local/lib/python3.12/site-packages/airflow/example_dags/example_branch_operator.py
[2024-06-02T19:56:29.753+0000] {processor.py:830} INFO - Processing file /home/airflow/.local/lib/python3.12/site-packages/airflow/example_dags/example_branch_operator.py for tasks to queue
[2024-06-02T19:56:29.755+0000] {logging_mixin.py:188} INFO - [2024-06-02T19:56:29.754+0000] {dagbag.py:545} INFO - Filling up the DagBag from /home/airflow/.local/lib/python3.12/site-packages/airflow/example_dags/example_branch_operator.py
[2024-06-02T19:56:29.764+0000] {processor.py:840} INFO - DAG(s) 'example_branch_operator' retrieved from /home/airflow/.local/lib/python3.12/site-packages/airflow/example_dags/example_branch_operator.py
[2024-06-02T19:56:29.779+0000] {logging_mixin.py:188} INFO - [2024-06-02T19:56:29.779+0000] {dag.py:3096} INFO - Sync 1 DAGs
[2024-06-02T19:56:29.792+0000] {logging_mixin.py:188} INFO - [2024-06-02T19:56:29.791+0000] {dag.py:3954} INFO - Setting next_dagrun for example_branch_operator to 2024-06-01 00:00:00+00:00, run_after=2024-06-02 00:00:00+00:00
[2024-06-02T19:56:29.802+0000] {processor.py:183} INFO - Processing /home/airflow/.local/lib/python3.12/site-packages/airflow/example_dags/example_branch_operator.py took 0.052 seconds
[2024-06-02T19:57:00.603+0000] {processor.py:161} INFO - Started process (PID=1817) to work on /home/airflow/.local/lib/python3.12/site-packages/airflow/example_dags/example_branch_operator.py
[2024-06-02T19:57:00.603+0000] {processor.py:830} INFO - Processing file /home/airflow/.local/lib/python3.12/site-packages/airflow/example_dags/example_branch_operator.py for tasks to queue
[2024-06-02T19:57:00.604+0000] {logging_mixin.py:188} INFO - [2024-06-02T19:57:00.604+0000] {dagbag.py:545} INFO - Filling up the DagBag from /home/airflow/.local/lib/python3.12/site-packages/airflow/example_dags/example_branch_operator.py
[2024-06-02T19:57:00.614+0000] {processor.py:840} INFO - DAG(s) 'example_branch_operator' retrieved from /home/airflow/.local/lib/python3.12/site-packages/airflow/example_dags/example_branch_operator.py
[2024-06-02T19:57:00.631+0000] {logging_mixin.py:188} INFO - [2024-06-02T19:57:00.630+0000] {dag.py:3096} INFO - Sync 1 DAGs
[2024-06-02T19:57:00.643+0000] {logging_mixin.py:188} INFO - [2024-06-02T19:57:00.643+0000] {dag.py:3954} INFO - Setting next_dagrun for example_branch_operator to 2024-06-01 00:00:00+00:00, run_after=2024-06-02 00:00:00+00:00
[2024-06-02T19:57:00.653+0000] {processor.py:183} INFO - Processing /home/airflow/.local/lib/python3.12/site-packages/airflow/example_dags/example_branch_operator.py took 0.054 seconds
[2024-06-02T19:57:31.635+0000] {processor.py:161} INFO - Started process (PID=1875) to work on /home/airflow/.local/lib/python3.12/site-packages/airflow/example_dags/example_branch_operator.py
[2024-06-02T19:57:31.636+0000] {processor.py:830} INFO - Processing file /home/airflow/.local/lib/python3.12/site-packages/airflow/example_dags/example_branch_operator.py for tasks to queue
[2024-06-02T19:57:31.637+0000] {logging_mixin.py:188} INFO - [2024-06-02T19:57:31.637+0000] {dagbag.py:545} INFO - Filling up the DagBag from /home/airflow/.local/lib/python3.12/site-packages/airflow/example_dags/example_branch_operator.py
[2024-06-02T19:57:31.647+0000] {processor.py:840} INFO - DAG(s) 'example_branch_operator' retrieved from /home/airflow/.local/lib/python3.12/site-packages/airflow/example_dags/example_branch_operator.py
[2024-06-02T19:57:31.663+0000] {logging_mixin.py:188} INFO - [2024-06-02T19:57:31.663+0000] {dag.py:3096} INFO - Sync 1 DAGs
[2024-06-02T19:57:31.677+0000] {logging_mixin.py:188} INFO - [2024-06-02T19:57:31.677+0000] {dag.py:3954} INFO - Setting next_dagrun for example_branch_operator to 2024-06-01 00:00:00+00:00, run_after=2024-06-02 00:00:00+00:00
[2024-06-02T19:57:31.688+0000] {processor.py:183} INFO - Processing /home/airflow/.local/lib/python3.12/site-packages/airflow/example_dags/example_branch_operator.py took 0.056 seconds
[2024-06-02T19:58:02.316+0000] {processor.py:161} INFO - Started process (PID=1933) to work on /home/airflow/.local/lib/python3.12/site-packages/airflow/example_dags/example_branch_operator.py
[2024-06-02T19:58:02.317+0000] {processor.py:830} INFO - Processing file /home/airflow/.local/lib/python3.12/site-packages/airflow/example_dags/example_branch_operator.py for tasks to queue
[2024-06-02T19:58:02.318+0000] {logging_mixin.py:188} INFO - [2024-06-02T19:58:02.318+0000] {dagbag.py:545} INFO - Filling up the DagBag from /home/airflow/.local/lib/python3.12/site-packages/airflow/example_dags/example_branch_operator.py
[2024-06-02T19:58:02.327+0000] {processor.py:840} INFO - DAG(s) 'example_branch_operator' retrieved from /home/airflow/.local/lib/python3.12/site-packages/airflow/example_dags/example_branch_operator.py
[2024-06-02T19:58:02.344+0000] {logging_mixin.py:188} INFO - [2024-06-02T19:58:02.344+0000] {dag.py:3096} INFO - Sync 1 DAGs
[2024-06-02T19:58:02.357+0000] {logging_mixin.py:188} INFO - [2024-06-02T19:58:02.357+0000] {dag.py:3954} INFO - Setting next_dagrun for example_branch_operator to 2024-06-01 00:00:00+00:00, run_after=2024-06-02 00:00:00+00:00
[2024-06-02T19:58:02.456+0000] {processor.py:183} INFO - Processing /home/airflow/.local/lib/python3.12/site-packages/airflow/example_dags/example_branch_operator.py took 0.143 seconds
[2024-06-02T19:58:33.143+0000] {processor.py:161} INFO - Started process (PID=1991) to work on /home/airflow/.local/lib/python3.12/site-packages/airflow/example_dags/example_branch_operator.py
[2024-06-02T19:58:33.143+0000] {processor.py:830} INFO - Processing file /home/airflow/.local/lib/python3.12/site-packages/airflow/example_dags/example_branch_operator.py for tasks to queue
[2024-06-02T19:58:33.144+0000] {logging_mixin.py:188} INFO - [2024-06-02T19:58:33.144+0000] {dagbag.py:545} INFO - Filling up the DagBag from /home/airflow/.local/lib/python3.12/site-packages/airflow/example_dags/example_branch_operator.py
[2024-06-02T19:58:33.154+0000] {processor.py:840} INFO - DAG(s) 'example_branch_operator' retrieved from /home/airflow/.local/lib/python3.12/site-packages/airflow/example_dags/example_branch_operator.py
[2024-06-02T19:58:33.169+0000] {logging_mixin.py:188} INFO - [2024-06-02T19:58:33.169+0000] {dag.py:3096} INFO - Sync 1 DAGs
[2024-06-02T19:58:33.182+0000] {logging_mixin.py:188} INFO - [2024-06-02T19:58:33.182+0000] {dag.py:3954} INFO - Setting next_dagrun for example_branch_operator to 2024-06-01 00:00:00+00:00, run_after=2024-06-02 00:00:00+00:00
[2024-06-02T19:58:33.286+0000] {processor.py:183} INFO - Processing /home/airflow/.local/lib/python3.12/site-packages/airflow/example_dags/example_branch_operator.py took 0.146 seconds
[2024-06-02T19:59:03.341+0000] {processor.py:161} INFO - Started process (PID=2050) to work on /home/airflow/.local/lib/python3.12/site-packages/airflow/example_dags/example_branch_operator.py
[2024-06-02T19:59:03.342+0000] {processor.py:830} INFO - Processing file /home/airflow/.local/lib/python3.12/site-packages/airflow/example_dags/example_branch_operator.py for tasks to queue
[2024-06-02T19:59:03.343+0000] {logging_mixin.py:188} INFO - [2024-06-02T19:59:03.343+0000] {dagbag.py:545} INFO - Filling up the DagBag from /home/airflow/.local/lib/python3.12/site-packages/airflow/example_dags/example_branch_operator.py
[2024-06-02T19:59:03.353+0000] {processor.py:840} INFO - DAG(s) 'example_branch_operator' retrieved from /home/airflow/.local/lib/python3.12/site-packages/airflow/example_dags/example_branch_operator.py
[2024-06-02T19:59:03.372+0000] {logging_mixin.py:188} INFO - [2024-06-02T19:59:03.372+0000] {dag.py:3096} INFO - Sync 1 DAGs
[2024-06-02T19:59:03.385+0000] {logging_mixin.py:188} INFO - [2024-06-02T19:59:03.385+0000] {dag.py:3954} INFO - Setting next_dagrun for example_branch_operator to 2024-06-01 00:00:00+00:00, run_after=2024-06-02 00:00:00+00:00
[2024-06-02T19:59:03.397+0000] {processor.py:183} INFO - Processing /home/airflow/.local/lib/python3.12/site-packages/airflow/example_dags/example_branch_operator.py took 0.059 seconds
[2024-06-02T19:59:33.796+0000] {processor.py:161} INFO - Started process (PID=2107) to work on /home/airflow/.local/lib/python3.12/site-packages/airflow/example_dags/example_branch_operator.py
[2024-06-02T19:59:33.797+0000] {processor.py:830} INFO - Processing file /home/airflow/.local/lib/python3.12/site-packages/airflow/example_dags/example_branch_operator.py for tasks to queue
[2024-06-02T19:59:33.798+0000] {logging_mixin.py:188} INFO - [2024-06-02T19:59:33.798+0000] {dagbag.py:545} INFO - Filling up the DagBag from /home/airflow/.local/lib/python3.12/site-packages/airflow/example_dags/example_branch_operator.py
[2024-06-02T19:59:33.807+0000] {processor.py:840} INFO - DAG(s) 'example_branch_operator' retrieved from /home/airflow/.local/lib/python3.12/site-packages/airflow/example_dags/example_branch_operator.py
[2024-06-02T19:59:33.824+0000] {logging_mixin.py:188} INFO - [2024-06-02T19:59:33.823+0000] {dag.py:3096} INFO - Sync 1 DAGs
[2024-06-02T19:59:33.837+0000] {logging_mixin.py:188} INFO - [2024-06-02T19:59:33.837+0000] {dag.py:3954} INFO - Setting next_dagrun for example_branch_operator to 2024-06-01 00:00:00+00:00, run_after=2024-06-02 00:00:00+00:00
[2024-06-02T19:59:33.848+0000] {processor.py:183} INFO - Processing /home/airflow/.local/lib/python3.12/site-packages/airflow/example_dags/example_branch_operator.py took 0.056 seconds
[2024-06-02T20:00:04.887+0000] {processor.py:161} INFO - Started process (PID=2165) to work on /home/airflow/.local/lib/python3.12/site-packages/airflow/example_dags/example_branch_operator.py
[2024-06-02T20:00:04.888+0000] {processor.py:830} INFO - Processing file /home/airflow/.local/lib/python3.12/site-packages/airflow/example_dags/example_branch_operator.py for tasks to queue
[2024-06-02T20:00:04.889+0000] {logging_mixin.py:188} INFO - [2024-06-02T20:00:04.889+0000] {dagbag.py:545} INFO - Filling up the DagBag from /home/airflow/.local/lib/python3.12/site-packages/airflow/example_dags/example_branch_operator.py
[2024-06-02T20:00:04.898+0000] {processor.py:840} INFO - DAG(s) 'example_branch_operator' retrieved from /home/airflow/.local/lib/python3.12/site-packages/airflow/example_dags/example_branch_operator.py
[2024-06-02T20:00:04.916+0000] {logging_mixin.py:188} INFO - [2024-06-02T20:00:04.916+0000] {dag.py:3096} INFO - Sync 1 DAGs
[2024-06-02T20:00:04.929+0000] {logging_mixin.py:188} INFO - [2024-06-02T20:00:04.929+0000] {dag.py:3954} INFO - Setting next_dagrun for example_branch_operator to 2024-06-01 00:00:00+00:00, run_after=2024-06-02 00:00:00+00:00
[2024-06-02T20:00:04.939+0000] {processor.py:183} INFO - Processing /home/airflow/.local/lib/python3.12/site-packages/airflow/example_dags/example_branch_operator.py took 0.056 seconds
[2024-06-02T20:00:35.994+0000] {processor.py:161} INFO - Started process (PID=2223) to work on /home/airflow/.local/lib/python3.12/site-packages/airflow/example_dags/example_branch_operator.py
[2024-06-02T20:00:35.995+0000] {processor.py:830} INFO - Processing file /home/airflow/.local/lib/python3.12/site-packages/airflow/example_dags/example_branch_operator.py for tasks to queue
[2024-06-02T20:00:35.996+0000] {logging_mixin.py:188} INFO - [2024-06-02T20:00:35.996+0000] {dagbag.py:545} INFO - Filling up the DagBag from /home/airflow/.local/lib/python3.12/site-packages/airflow/example_dags/example_branch_operator.py
[2024-06-02T20:00:36.094+0000] {processor.py:840} INFO - DAG(s) 'example_branch_operator' retrieved from /home/airflow/.local/lib/python3.12/site-packages/airflow/example_dags/example_branch_operator.py
[2024-06-02T20:00:36.110+0000] {logging_mixin.py:188} INFO - [2024-06-02T20:00:36.110+0000] {dag.py:3096} INFO - Sync 1 DAGs
[2024-06-02T20:00:36.122+0000] {logging_mixin.py:188} INFO - [2024-06-02T20:00:36.122+0000] {dag.py:3954} INFO - Setting next_dagrun for example_branch_operator to 2024-06-01 00:00:00+00:00, run_after=2024-06-02 00:00:00+00:00
[2024-06-02T20:00:36.132+0000] {processor.py:183} INFO - Processing /home/airflow/.local/lib/python3.12/site-packages/airflow/example_dags/example_branch_operator.py took 0.141 seconds
[2024-06-02T20:01:07.030+0000] {processor.py:161} INFO - Started process (PID=2281) to work on /home/airflow/.local/lib/python3.12/site-packages/airflow/example_dags/example_branch_operator.py
[2024-06-02T20:01:07.030+0000] {processor.py:830} INFO - Processing file /home/airflow/.local/lib/python3.12/site-packages/airflow/example_dags/example_branch_operator.py for tasks to queue
[2024-06-02T20:01:07.031+0000] {logging_mixin.py:188} INFO - [2024-06-02T20:01:07.031+0000] {dagbag.py:545} INFO - Filling up the DagBag from /home/airflow/.local/lib/python3.12/site-packages/airflow/example_dags/example_branch_operator.py
[2024-06-02T20:01:07.040+0000] {processor.py:840} INFO - DAG(s) 'example_branch_operator' retrieved from /home/airflow/.local/lib/python3.12/site-packages/airflow/example_dags/example_branch_operator.py
[2024-06-02T20:01:07.057+0000] {logging_mixin.py:188} INFO - [2024-06-02T20:01:07.057+0000] {dag.py:3096} INFO - Sync 1 DAGs
[2024-06-02T20:01:07.069+0000] {logging_mixin.py:188} INFO - [2024-06-02T20:01:07.069+0000] {dag.py:3954} INFO - Setting next_dagrun for example_branch_operator to 2024-06-01 00:00:00+00:00, run_after=2024-06-02 00:00:00+00:00
[2024-06-02T20:01:07.080+0000] {processor.py:183} INFO - Processing /home/airflow/.local/lib/python3.12/site-packages/airflow/example_dags/example_branch_operator.py took 0.053 seconds
[2024-06-02T20:01:37.848+0000] {processor.py:161} INFO - Started process (PID=2339) to work on /home/airflow/.local/lib/python3.12/site-packages/airflow/example_dags/example_branch_operator.py
[2024-06-02T20:01:37.848+0000] {processor.py:830} INFO - Processing file /home/airflow/.local/lib/python3.12/site-packages/airflow/example_dags/example_branch_operator.py for tasks to queue
[2024-06-02T20:01:37.850+0000] {logging_mixin.py:188} INFO - [2024-06-02T20:01:37.850+0000] {dagbag.py:545} INFO - Filling up the DagBag from /home/airflow/.local/lib/python3.12/site-packages/airflow/example_dags/example_branch_operator.py
[2024-06-02T20:01:37.860+0000] {processor.py:840} INFO - DAG(s) 'example_branch_operator' retrieved from /home/airflow/.local/lib/python3.12/site-packages/airflow/example_dags/example_branch_operator.py
[2024-06-02T20:01:37.879+0000] {logging_mixin.py:188} INFO - [2024-06-02T20:01:37.878+0000] {dag.py:3096} INFO - Sync 1 DAGs
[2024-06-02T20:01:37.893+0000] {logging_mixin.py:188} INFO - [2024-06-02T20:01:37.893+0000] {dag.py:3954} INFO - Setting next_dagrun for example_branch_operator to 2024-06-01 00:00:00+00:00, run_after=2024-06-02 00:00:00+00:00
[2024-06-02T20:01:37.905+0000] {processor.py:183} INFO - Processing /home/airflow/.local/lib/python3.12/site-packages/airflow/example_dags/example_branch_operator.py took 0.060 seconds
[2024-06-02T20:02:08.617+0000] {processor.py:161} INFO - Started process (PID=2397) to work on /home/airflow/.local/lib/python3.12/site-packages/airflow/example_dags/example_branch_operator.py
[2024-06-02T20:02:08.617+0000] {processor.py:830} INFO - Processing file /home/airflow/.local/lib/python3.12/site-packages/airflow/example_dags/example_branch_operator.py for tasks to queue
[2024-06-02T20:02:08.618+0000] {logging_mixin.py:188} INFO - [2024-06-02T20:02:08.618+0000] {dagbag.py:545} INFO - Filling up the DagBag from /home/airflow/.local/lib/python3.12/site-packages/airflow/example_dags/example_branch_operator.py
[2024-06-02T20:02:08.627+0000] {processor.py:840} INFO - DAG(s) 'example_branch_operator' retrieved from /home/airflow/.local/lib/python3.12/site-packages/airflow/example_dags/example_branch_operator.py
[2024-06-02T20:02:08.643+0000] {logging_mixin.py:188} INFO - [2024-06-02T20:02:08.643+0000] {dag.py:3096} INFO - Sync 1 DAGs
[2024-06-02T20:02:08.655+0000] {logging_mixin.py:188} INFO - [2024-06-02T20:02:08.655+0000] {dag.py:3954} INFO - Setting next_dagrun for example_branch_operator to 2024-06-01 00:00:00+00:00, run_after=2024-06-02 00:00:00+00:00
[2024-06-02T20:02:08.665+0000] {processor.py:183} INFO - Processing /home/airflow/.local/lib/python3.12/site-packages/airflow/example_dags/example_branch_operator.py took 0.051 seconds
[2024-06-02T20:02:39.321+0000] {processor.py:161} INFO - Started process (PID=2455) to work on /home/airflow/.local/lib/python3.12/site-packages/airflow/example_dags/example_branch_operator.py
[2024-06-02T20:02:39.322+0000] {processor.py:830} INFO - Processing file /home/airflow/.local/lib/python3.12/site-packages/airflow/example_dags/example_branch_operator.py for tasks to queue
[2024-06-02T20:02:39.324+0000] {logging_mixin.py:188} INFO - [2024-06-02T20:02:39.323+0000] {dagbag.py:545} INFO - Filling up the DagBag from /home/airflow/.local/lib/python3.12/site-packages/airflow/example_dags/example_branch_operator.py
[2024-06-02T20:02:39.333+0000] {processor.py:840} INFO - DAG(s) 'example_branch_operator' retrieved from /home/airflow/.local/lib/python3.12/site-packages/airflow/example_dags/example_branch_operator.py
[2024-06-02T20:02:39.349+0000] {logging_mixin.py:188} INFO - [2024-06-02T20:02:39.349+0000] {dag.py:3096} INFO - Sync 1 DAGs
[2024-06-02T20:02:39.361+0000] {logging_mixin.py:188} INFO - [2024-06-02T20:02:39.361+0000] {dag.py:3954} INFO - Setting next_dagrun for example_branch_operator to 2024-06-01 00:00:00+00:00, run_after=2024-06-02 00:00:00+00:00
[2024-06-02T20:02:39.371+0000] {processor.py:183} INFO - Processing /home/airflow/.local/lib/python3.12/site-packages/airflow/example_dags/example_branch_operator.py took 0.054 seconds
[2024-06-02T20:03:09.888+0000] {processor.py:161} INFO - Started process (PID=2513) to work on /home/airflow/.local/lib/python3.12/site-packages/airflow/example_dags/example_branch_operator.py
[2024-06-02T20:03:09.889+0000] {processor.py:830} INFO - Processing file /home/airflow/.local/lib/python3.12/site-packages/airflow/example_dags/example_branch_operator.py for tasks to queue
[2024-06-02T20:03:09.890+0000] {logging_mixin.py:188} INFO - [2024-06-02T20:03:09.890+0000] {dagbag.py:545} INFO - Filling up the DagBag from /home/airflow/.local/lib/python3.12/site-packages/airflow/example_dags/example_branch_operator.py
[2024-06-02T20:03:09.899+0000] {processor.py:840} INFO - DAG(s) 'example_branch_operator' retrieved from /home/airflow/.local/lib/python3.12/site-packages/airflow/example_dags/example_branch_operator.py
[2024-06-02T20:03:09.915+0000] {logging_mixin.py:188} INFO - [2024-06-02T20:03:09.915+0000] {dag.py:3096} INFO - Sync 1 DAGs
[2024-06-02T20:03:09.927+0000] {logging_mixin.py:188} INFO - [2024-06-02T20:03:09.927+0000] {dag.py:3954} INFO - Setting next_dagrun for example_branch_operator to 2024-06-01 00:00:00+00:00, run_after=2024-06-02 00:00:00+00:00
[2024-06-02T20:03:09.938+0000] {processor.py:183} INFO - Processing /home/airflow/.local/lib/python3.12/site-packages/airflow/example_dags/example_branch_operator.py took 0.053 seconds
[2024-06-02T20:03:40.590+0000] {processor.py:161} INFO - Started process (PID=2571) to work on /home/airflow/.local/lib/python3.12/site-packages/airflow/example_dags/example_branch_operator.py
[2024-06-02T20:03:40.591+0000] {processor.py:830} INFO - Processing file /home/airflow/.local/lib/python3.12/site-packages/airflow/example_dags/example_branch_operator.py for tasks to queue
[2024-06-02T20:03:40.592+0000] {logging_mixin.py:188} INFO - [2024-06-02T20:03:40.592+0000] {dagbag.py:545} INFO - Filling up the DagBag from /home/airflow/.local/lib/python3.12/site-packages/airflow/example_dags/example_branch_operator.py
[2024-06-02T20:03:40.601+0000] {processor.py:840} INFO - DAG(s) 'example_branch_operator' retrieved from /home/airflow/.local/lib/python3.12/site-packages/airflow/example_dags/example_branch_operator.py
[2024-06-02T20:03:40.617+0000] {logging_mixin.py:188} INFO - [2024-06-02T20:03:40.617+0000] {dag.py:3096} INFO - Sync 1 DAGs
[2024-06-02T20:03:40.629+0000] {logging_mixin.py:188} INFO - [2024-06-02T20:03:40.629+0000] {dag.py:3954} INFO - Setting next_dagrun for example_branch_operator to 2024-06-01 00:00:00+00:00, run_after=2024-06-02 00:00:00+00:00
[2024-06-02T20:03:40.640+0000] {processor.py:183} INFO - Processing /home/airflow/.local/lib/python3.12/site-packages/airflow/example_dags/example_branch_operator.py took 0.052 seconds
