[2024-06-02T19:29:19.178+0000] {processor.py:161} INFO - Started process (PID=68) to work on /home/airflow/.local/lib/python3.12/site-packages/airflow/example_dags/tutorial_dag.py
[2024-06-02T19:29:19.179+0000] {processor.py:830} INFO - Processing file /home/airflow/.local/lib/python3.12/site-packages/airflow/example_dags/tutorial_dag.py for tasks to queue
[2024-06-02T19:29:19.180+0000] {logging_mixin.py:188} INFO - [2024-06-02T19:29:19.180+0000] {dagbag.py:545} INFO - Filling up the DagBag from /home/airflow/.local/lib/python3.12/site-packages/airflow/example_dags/tutorial_dag.py
[2024-06-02T19:29:19.184+0000] {processor.py:840} INFO - DAG(s) 'tutorial_dag' retrieved from /home/airflow/.local/lib/python3.12/site-packages/airflow/example_dags/tutorial_dag.py
[2024-06-02T19:29:19.245+0000] {logging_mixin.py:188} INFO - [2024-06-02T19:29:19.245+0000] {override.py:1829} INFO - Created Permission View: can edit on DAG:tutorial_dag
[2024-06-02T19:29:19.251+0000] {logging_mixin.py:188} INFO - [2024-06-02T19:29:19.251+0000] {override.py:1829} INFO - Created Permission View: can delete on DAG:tutorial_dag
[2024-06-02T19:29:19.255+0000] {logging_mixin.py:188} INFO - [2024-06-02T19:29:19.255+0000] {override.py:1829} INFO - Created Permission View: can read on DAG:tutorial_dag
[2024-06-02T19:29:19.256+0000] {logging_mixin.py:188} INFO - [2024-06-02T19:29:19.256+0000] {dag.py:3096} INFO - Sync 1 DAGs
[2024-06-02T19:29:19.262+0000] {logging_mixin.py:188} INFO - [2024-06-02T19:29:19.262+0000] {dag.py:3118} INFO - Creating ORM DAG for tutorial_dag
[2024-06-02T19:29:19.263+0000] {logging_mixin.py:188} INFO - [2024-06-02T19:29:19.262+0000] {dag.py:3954} INFO - Setting next_dagrun for tutorial_dag to None, run_after=None
[2024-06-02T19:29:19.271+0000] {processor.py:183} INFO - Processing /home/airflow/.local/lib/python3.12/site-packages/airflow/example_dags/tutorial_dag.py took 0.097 seconds
[2024-06-02T19:29:49.887+0000] {processor.py:161} INFO - Started process (PID=126) to work on /home/airflow/.local/lib/python3.12/site-packages/airflow/example_dags/tutorial_dag.py
[2024-06-02T19:29:49.888+0000] {processor.py:830} INFO - Processing file /home/airflow/.local/lib/python3.12/site-packages/airflow/example_dags/tutorial_dag.py for tasks to queue
[2024-06-02T19:29:49.889+0000] {logging_mixin.py:188} INFO - [2024-06-02T19:29:49.889+0000] {dagbag.py:545} INFO - Filling up the DagBag from /home/airflow/.local/lib/python3.12/site-packages/airflow/example_dags/tutorial_dag.py
[2024-06-02T19:29:49.892+0000] {processor.py:840} INFO - DAG(s) 'tutorial_dag' retrieved from /home/airflow/.local/lib/python3.12/site-packages/airflow/example_dags/tutorial_dag.py
[2024-06-02T19:29:49.903+0000] {logging_mixin.py:188} INFO - [2024-06-02T19:29:49.903+0000] {dag.py:3096} INFO - Sync 1 DAGs
[2024-06-02T19:29:49.911+0000] {logging_mixin.py:188} INFO - [2024-06-02T19:29:49.911+0000] {dag.py:3954} INFO - Setting next_dagrun for tutorial_dag to None, run_after=None
[2024-06-02T19:29:49.922+0000] {processor.py:183} INFO - Processing /home/airflow/.local/lib/python3.12/site-packages/airflow/example_dags/tutorial_dag.py took 0.038 seconds
[2024-06-02T19:30:20.533+0000] {processor.py:161} INFO - Started process (PID=184) to work on /home/airflow/.local/lib/python3.12/site-packages/airflow/example_dags/tutorial_dag.py
[2024-06-02T19:30:20.534+0000] {processor.py:830} INFO - Processing file /home/airflow/.local/lib/python3.12/site-packages/airflow/example_dags/tutorial_dag.py for tasks to queue
[2024-06-02T19:30:20.535+0000] {logging_mixin.py:188} INFO - [2024-06-02T19:30:20.535+0000] {dagbag.py:545} INFO - Filling up the DagBag from /home/airflow/.local/lib/python3.12/site-packages/airflow/example_dags/tutorial_dag.py
[2024-06-02T19:30:20.538+0000] {processor.py:840} INFO - DAG(s) 'tutorial_dag' retrieved from /home/airflow/.local/lib/python3.12/site-packages/airflow/example_dags/tutorial_dag.py
[2024-06-02T19:30:20.550+0000] {logging_mixin.py:188} INFO - [2024-06-02T19:30:20.550+0000] {dag.py:3096} INFO - Sync 1 DAGs
[2024-06-02T19:30:20.557+0000] {logging_mixin.py:188} INFO - [2024-06-02T19:30:20.557+0000] {dag.py:3954} INFO - Setting next_dagrun for tutorial_dag to None, run_after=None
[2024-06-02T19:30:20.568+0000] {processor.py:183} INFO - Processing /home/airflow/.local/lib/python3.12/site-packages/airflow/example_dags/tutorial_dag.py took 0.038 seconds
[2024-06-02T19:31:20.631+0000] {processor.py:161} INFO - Started process (PID=68) to work on /home/airflow/.local/lib/python3.12/site-packages/airflow/example_dags/tutorial_dag.py
[2024-06-02T19:31:20.631+0000] {processor.py:830} INFO - Processing file /home/airflow/.local/lib/python3.12/site-packages/airflow/example_dags/tutorial_dag.py for tasks to queue
[2024-06-02T19:31:20.634+0000] {logging_mixin.py:188} INFO - [2024-06-02T19:31:20.633+0000] {dagbag.py:545} INFO - Filling up the DagBag from /home/airflow/.local/lib/python3.12/site-packages/airflow/example_dags/tutorial_dag.py
[2024-06-02T19:31:20.636+0000] {processor.py:840} INFO - DAG(s) 'tutorial_dag' retrieved from /home/airflow/.local/lib/python3.12/site-packages/airflow/example_dags/tutorial_dag.py
[2024-06-02T19:31:20.643+0000] {logging_mixin.py:188} INFO - [2024-06-02T19:31:20.643+0000] {dag.py:3096} INFO - Sync 1 DAGs
[2024-06-02T19:31:20.651+0000] {logging_mixin.py:188} INFO - [2024-06-02T19:31:20.651+0000] {dag.py:3954} INFO - Setting next_dagrun for tutorial_dag to None, run_after=None
[2024-06-02T19:31:20.661+0000] {processor.py:183} INFO - Processing /home/airflow/.local/lib/python3.12/site-packages/airflow/example_dags/tutorial_dag.py took 0.033 seconds
[2024-06-02T19:31:52.212+0000] {processor.py:161} INFO - Started process (PID=126) to work on /home/airflow/.local/lib/python3.12/site-packages/airflow/example_dags/tutorial_dag.py
[2024-06-02T19:31:52.213+0000] {processor.py:830} INFO - Processing file /home/airflow/.local/lib/python3.12/site-packages/airflow/example_dags/tutorial_dag.py for tasks to queue
[2024-06-02T19:31:52.214+0000] {logging_mixin.py:188} INFO - [2024-06-02T19:31:52.214+0000] {dagbag.py:545} INFO - Filling up the DagBag from /home/airflow/.local/lib/python3.12/site-packages/airflow/example_dags/tutorial_dag.py
[2024-06-02T19:31:52.217+0000] {processor.py:840} INFO - DAG(s) 'tutorial_dag' retrieved from /home/airflow/.local/lib/python3.12/site-packages/airflow/example_dags/tutorial_dag.py
[2024-06-02T19:31:52.276+0000] {logging_mixin.py:188} INFO - [2024-06-02T19:31:52.276+0000] {dag.py:3096} INFO - Sync 1 DAGs
[2024-06-02T19:31:52.282+0000] {logging_mixin.py:188} INFO - [2024-06-02T19:31:52.282+0000] {dag.py:3954} INFO - Setting next_dagrun for tutorial_dag to None, run_after=None
[2024-06-02T19:31:52.295+0000] {processor.py:183} INFO - Processing /home/airflow/.local/lib/python3.12/site-packages/airflow/example_dags/tutorial_dag.py took 0.086 seconds
[2024-06-02T19:32:23.091+0000] {processor.py:161} INFO - Started process (PID=184) to work on /home/airflow/.local/lib/python3.12/site-packages/airflow/example_dags/tutorial_dag.py
[2024-06-02T19:32:23.092+0000] {processor.py:830} INFO - Processing file /home/airflow/.local/lib/python3.12/site-packages/airflow/example_dags/tutorial_dag.py for tasks to queue
[2024-06-02T19:32:23.093+0000] {logging_mixin.py:188} INFO - [2024-06-02T19:32:23.093+0000] {dagbag.py:545} INFO - Filling up the DagBag from /home/airflow/.local/lib/python3.12/site-packages/airflow/example_dags/tutorial_dag.py
[2024-06-02T19:32:23.096+0000] {processor.py:840} INFO - DAG(s) 'tutorial_dag' retrieved from /home/airflow/.local/lib/python3.12/site-packages/airflow/example_dags/tutorial_dag.py
[2024-06-02T19:32:23.108+0000] {logging_mixin.py:188} INFO - [2024-06-02T19:32:23.108+0000] {dag.py:3096} INFO - Sync 1 DAGs
[2024-06-02T19:32:23.115+0000] {logging_mixin.py:188} INFO - [2024-06-02T19:32:23.115+0000] {dag.py:3954} INFO - Setting next_dagrun for tutorial_dag to None, run_after=None
[2024-06-02T19:32:23.126+0000] {processor.py:183} INFO - Processing /home/airflow/.local/lib/python3.12/site-packages/airflow/example_dags/tutorial_dag.py took 0.038 seconds
[2024-06-02T19:32:53.786+0000] {processor.py:161} INFO - Started process (PID=242) to work on /home/airflow/.local/lib/python3.12/site-packages/airflow/example_dags/tutorial_dag.py
[2024-06-02T19:32:53.787+0000] {processor.py:830} INFO - Processing file /home/airflow/.local/lib/python3.12/site-packages/airflow/example_dags/tutorial_dag.py for tasks to queue
[2024-06-02T19:32:53.788+0000] {logging_mixin.py:188} INFO - [2024-06-02T19:32:53.788+0000] {dagbag.py:545} INFO - Filling up the DagBag from /home/airflow/.local/lib/python3.12/site-packages/airflow/example_dags/tutorial_dag.py
[2024-06-02T19:32:53.791+0000] {processor.py:840} INFO - DAG(s) 'tutorial_dag' retrieved from /home/airflow/.local/lib/python3.12/site-packages/airflow/example_dags/tutorial_dag.py
[2024-06-02T19:32:53.802+0000] {logging_mixin.py:188} INFO - [2024-06-02T19:32:53.802+0000] {dag.py:3096} INFO - Sync 1 DAGs
[2024-06-02T19:32:53.808+0000] {logging_mixin.py:188} INFO - [2024-06-02T19:32:53.808+0000] {dag.py:3954} INFO - Setting next_dagrun for tutorial_dag to None, run_after=None
[2024-06-02T19:32:53.819+0000] {processor.py:183} INFO - Processing /home/airflow/.local/lib/python3.12/site-packages/airflow/example_dags/tutorial_dag.py took 0.036 seconds
[2024-06-02T19:33:24.426+0000] {processor.py:161} INFO - Started process (PID=300) to work on /home/airflow/.local/lib/python3.12/site-packages/airflow/example_dags/tutorial_dag.py
[2024-06-02T19:33:24.427+0000] {processor.py:830} INFO - Processing file /home/airflow/.local/lib/python3.12/site-packages/airflow/example_dags/tutorial_dag.py for tasks to queue
[2024-06-02T19:33:24.428+0000] {logging_mixin.py:188} INFO - [2024-06-02T19:33:24.428+0000] {dagbag.py:545} INFO - Filling up the DagBag from /home/airflow/.local/lib/python3.12/site-packages/airflow/example_dags/tutorial_dag.py
[2024-06-02T19:33:24.432+0000] {processor.py:840} INFO - DAG(s) 'tutorial_dag' retrieved from /home/airflow/.local/lib/python3.12/site-packages/airflow/example_dags/tutorial_dag.py
[2024-06-02T19:33:24.443+0000] {logging_mixin.py:188} INFO - [2024-06-02T19:33:24.442+0000] {dag.py:3096} INFO - Sync 1 DAGs
[2024-06-02T19:33:24.450+0000] {logging_mixin.py:188} INFO - [2024-06-02T19:33:24.450+0000] {dag.py:3954} INFO - Setting next_dagrun for tutorial_dag to None, run_after=None
[2024-06-02T19:33:24.460+0000] {processor.py:183} INFO - Processing /home/airflow/.local/lib/python3.12/site-packages/airflow/example_dags/tutorial_dag.py took 0.037 seconds
[2024-06-02T19:33:55.134+0000] {processor.py:161} INFO - Started process (PID=357) to work on /home/airflow/.local/lib/python3.12/site-packages/airflow/example_dags/tutorial_dag.py
[2024-06-02T19:33:55.135+0000] {processor.py:830} INFO - Processing file /home/airflow/.local/lib/python3.12/site-packages/airflow/example_dags/tutorial_dag.py for tasks to queue
[2024-06-02T19:33:55.136+0000] {logging_mixin.py:188} INFO - [2024-06-02T19:33:55.136+0000] {dagbag.py:545} INFO - Filling up the DagBag from /home/airflow/.local/lib/python3.12/site-packages/airflow/example_dags/tutorial_dag.py
[2024-06-02T19:33:55.139+0000] {processor.py:840} INFO - DAG(s) 'tutorial_dag' retrieved from /home/airflow/.local/lib/python3.12/site-packages/airflow/example_dags/tutorial_dag.py
[2024-06-02T19:33:55.150+0000] {logging_mixin.py:188} INFO - [2024-06-02T19:33:55.150+0000] {dag.py:3096} INFO - Sync 1 DAGs
[2024-06-02T19:33:55.157+0000] {logging_mixin.py:188} INFO - [2024-06-02T19:33:55.157+0000] {dag.py:3954} INFO - Setting next_dagrun for tutorial_dag to None, run_after=None
[2024-06-02T19:33:55.168+0000] {processor.py:183} INFO - Processing /home/airflow/.local/lib/python3.12/site-packages/airflow/example_dags/tutorial_dag.py took 0.037 seconds
[2024-06-02T19:34:25.877+0000] {processor.py:161} INFO - Started process (PID=415) to work on /home/airflow/.local/lib/python3.12/site-packages/airflow/example_dags/tutorial_dag.py
[2024-06-02T19:34:25.878+0000] {processor.py:830} INFO - Processing file /home/airflow/.local/lib/python3.12/site-packages/airflow/example_dags/tutorial_dag.py for tasks to queue
[2024-06-02T19:34:25.879+0000] {logging_mixin.py:188} INFO - [2024-06-02T19:34:25.879+0000] {dagbag.py:545} INFO - Filling up the DagBag from /home/airflow/.local/lib/python3.12/site-packages/airflow/example_dags/tutorial_dag.py
[2024-06-02T19:34:25.882+0000] {processor.py:840} INFO - DAG(s) 'tutorial_dag' retrieved from /home/airflow/.local/lib/python3.12/site-packages/airflow/example_dags/tutorial_dag.py
[2024-06-02T19:34:25.892+0000] {logging_mixin.py:188} INFO - [2024-06-02T19:34:25.892+0000] {dag.py:3096} INFO - Sync 1 DAGs
[2024-06-02T19:34:25.898+0000] {logging_mixin.py:188} INFO - [2024-06-02T19:34:25.898+0000] {dag.py:3954} INFO - Setting next_dagrun for tutorial_dag to None, run_after=None
[2024-06-02T19:34:25.908+0000] {processor.py:183} INFO - Processing /home/airflow/.local/lib/python3.12/site-packages/airflow/example_dags/tutorial_dag.py took 0.034 seconds
[2024-06-02T19:34:56.640+0000] {processor.py:161} INFO - Started process (PID=473) to work on /home/airflow/.local/lib/python3.12/site-packages/airflow/example_dags/tutorial_dag.py
[2024-06-02T19:34:56.641+0000] {processor.py:830} INFO - Processing file /home/airflow/.local/lib/python3.12/site-packages/airflow/example_dags/tutorial_dag.py for tasks to queue
[2024-06-02T19:34:56.642+0000] {logging_mixin.py:188} INFO - [2024-06-02T19:34:56.642+0000] {dagbag.py:545} INFO - Filling up the DagBag from /home/airflow/.local/lib/python3.12/site-packages/airflow/example_dags/tutorial_dag.py
[2024-06-02T19:34:56.646+0000] {processor.py:840} INFO - DAG(s) 'tutorial_dag' retrieved from /home/airflow/.local/lib/python3.12/site-packages/airflow/example_dags/tutorial_dag.py
[2024-06-02T19:34:56.659+0000] {logging_mixin.py:188} INFO - [2024-06-02T19:34:56.659+0000] {dag.py:3096} INFO - Sync 1 DAGs
[2024-06-02T19:34:56.667+0000] {logging_mixin.py:188} INFO - [2024-06-02T19:34:56.667+0000] {dag.py:3954} INFO - Setting next_dagrun for tutorial_dag to None, run_after=None
[2024-06-02T19:34:56.679+0000] {processor.py:183} INFO - Processing /home/airflow/.local/lib/python3.12/site-packages/airflow/example_dags/tutorial_dag.py took 0.042 seconds
[2024-06-02T19:35:27.274+0000] {processor.py:161} INFO - Started process (PID=531) to work on /home/airflow/.local/lib/python3.12/site-packages/airflow/example_dags/tutorial_dag.py
[2024-06-02T19:35:27.274+0000] {processor.py:830} INFO - Processing file /home/airflow/.local/lib/python3.12/site-packages/airflow/example_dags/tutorial_dag.py for tasks to queue
[2024-06-02T19:35:27.275+0000] {logging_mixin.py:188} INFO - [2024-06-02T19:35:27.275+0000] {dagbag.py:545} INFO - Filling up the DagBag from /home/airflow/.local/lib/python3.12/site-packages/airflow/example_dags/tutorial_dag.py
[2024-06-02T19:35:27.278+0000] {processor.py:840} INFO - DAG(s) 'tutorial_dag' retrieved from /home/airflow/.local/lib/python3.12/site-packages/airflow/example_dags/tutorial_dag.py
[2024-06-02T19:35:27.290+0000] {logging_mixin.py:188} INFO - [2024-06-02T19:35:27.290+0000] {dag.py:3096} INFO - Sync 1 DAGs
[2024-06-02T19:35:27.297+0000] {logging_mixin.py:188} INFO - [2024-06-02T19:35:27.297+0000] {dag.py:3954} INFO - Setting next_dagrun for tutorial_dag to None, run_after=None
[2024-06-02T19:35:27.307+0000] {processor.py:183} INFO - Processing /home/airflow/.local/lib/python3.12/site-packages/airflow/example_dags/tutorial_dag.py took 0.036 seconds
[2024-06-02T19:36:20.265+0000] {processor.py:161} INFO - Started process (PID=86) to work on /home/airflow/.local/lib/python3.12/site-packages/airflow/example_dags/tutorial_dag.py
[2024-06-02T19:36:20.266+0000] {processor.py:830} INFO - Processing file /home/airflow/.local/lib/python3.12/site-packages/airflow/example_dags/tutorial_dag.py for tasks to queue
[2024-06-02T19:36:20.268+0000] {logging_mixin.py:188} INFO - [2024-06-02T19:36:20.267+0000] {dagbag.py:545} INFO - Filling up the DagBag from /home/airflow/.local/lib/python3.12/site-packages/airflow/example_dags/tutorial_dag.py
[2024-06-02T19:36:20.272+0000] {processor.py:840} INFO - DAG(s) 'tutorial_dag' retrieved from /home/airflow/.local/lib/python3.12/site-packages/airflow/example_dags/tutorial_dag.py
[2024-06-02T19:36:20.279+0000] {logging_mixin.py:188} INFO - [2024-06-02T19:36:20.279+0000] {dag.py:3096} INFO - Sync 1 DAGs
[2024-06-02T19:36:20.288+0000] {logging_mixin.py:188} INFO - [2024-06-02T19:36:20.288+0000] {dag.py:3954} INFO - Setting next_dagrun for tutorial_dag to None, run_after=None
[2024-06-02T19:36:20.300+0000] {processor.py:183} INFO - Processing /home/airflow/.local/lib/python3.12/site-packages/airflow/example_dags/tutorial_dag.py took 0.038 seconds
[2024-06-02T19:36:51.578+0000] {processor.py:161} INFO - Started process (PID=144) to work on /home/airflow/.local/lib/python3.12/site-packages/airflow/example_dags/tutorial_dag.py
[2024-06-02T19:36:51.579+0000] {processor.py:830} INFO - Processing file /home/airflow/.local/lib/python3.12/site-packages/airflow/example_dags/tutorial_dag.py for tasks to queue
[2024-06-02T19:36:51.580+0000] {logging_mixin.py:188} INFO - [2024-06-02T19:36:51.580+0000] {dagbag.py:545} INFO - Filling up the DagBag from /home/airflow/.local/lib/python3.12/site-packages/airflow/example_dags/tutorial_dag.py
[2024-06-02T19:36:51.583+0000] {processor.py:840} INFO - DAG(s) 'tutorial_dag' retrieved from /home/airflow/.local/lib/python3.12/site-packages/airflow/example_dags/tutorial_dag.py
[2024-06-02T19:36:51.636+0000] {logging_mixin.py:188} INFO - [2024-06-02T19:36:51.636+0000] {dag.py:3096} INFO - Sync 1 DAGs
[2024-06-02T19:36:51.643+0000] {logging_mixin.py:188} INFO - [2024-06-02T19:36:51.643+0000] {dag.py:3954} INFO - Setting next_dagrun for tutorial_dag to None, run_after=None
[2024-06-02T19:36:51.653+0000] {processor.py:183} INFO - Processing /home/airflow/.local/lib/python3.12/site-packages/airflow/example_dags/tutorial_dag.py took 0.078 seconds
[2024-06-02T19:37:22.370+0000] {processor.py:161} INFO - Started process (PID=202) to work on /home/airflow/.local/lib/python3.12/site-packages/airflow/example_dags/tutorial_dag.py
[2024-06-02T19:37:22.371+0000] {processor.py:830} INFO - Processing file /home/airflow/.local/lib/python3.12/site-packages/airflow/example_dags/tutorial_dag.py for tasks to queue
[2024-06-02T19:37:22.372+0000] {logging_mixin.py:188} INFO - [2024-06-02T19:37:22.372+0000] {dagbag.py:545} INFO - Filling up the DagBag from /home/airflow/.local/lib/python3.12/site-packages/airflow/example_dags/tutorial_dag.py
[2024-06-02T19:37:22.375+0000] {processor.py:840} INFO - DAG(s) 'tutorial_dag' retrieved from /home/airflow/.local/lib/python3.12/site-packages/airflow/example_dags/tutorial_dag.py
[2024-06-02T19:37:22.386+0000] {logging_mixin.py:188} INFO - [2024-06-02T19:37:22.386+0000] {dag.py:3096} INFO - Sync 1 DAGs
[2024-06-02T19:37:22.393+0000] {logging_mixin.py:188} INFO - [2024-06-02T19:37:22.393+0000] {dag.py:3954} INFO - Setting next_dagrun for tutorial_dag to None, run_after=None
[2024-06-02T19:37:22.404+0000] {processor.py:183} INFO - Processing /home/airflow/.local/lib/python3.12/site-packages/airflow/example_dags/tutorial_dag.py took 0.036 seconds
[2024-06-02T19:37:53.080+0000] {processor.py:161} INFO - Started process (PID=260) to work on /home/airflow/.local/lib/python3.12/site-packages/airflow/example_dags/tutorial_dag.py
[2024-06-02T19:37:53.081+0000] {processor.py:830} INFO - Processing file /home/airflow/.local/lib/python3.12/site-packages/airflow/example_dags/tutorial_dag.py for tasks to queue
[2024-06-02T19:37:53.083+0000] {logging_mixin.py:188} INFO - [2024-06-02T19:37:53.082+0000] {dagbag.py:545} INFO - Filling up the DagBag from /home/airflow/.local/lib/python3.12/site-packages/airflow/example_dags/tutorial_dag.py
[2024-06-02T19:37:53.086+0000] {processor.py:840} INFO - DAG(s) 'tutorial_dag' retrieved from /home/airflow/.local/lib/python3.12/site-packages/airflow/example_dags/tutorial_dag.py
[2024-06-02T19:37:53.098+0000] {logging_mixin.py:188} INFO - [2024-06-02T19:37:53.098+0000] {dag.py:3096} INFO - Sync 1 DAGs
[2024-06-02T19:37:53.105+0000] {logging_mixin.py:188} INFO - [2024-06-02T19:37:53.105+0000] {dag.py:3954} INFO - Setting next_dagrun for tutorial_dag to None, run_after=None
[2024-06-02T19:37:53.115+0000] {processor.py:183} INFO - Processing /home/airflow/.local/lib/python3.12/site-packages/airflow/example_dags/tutorial_dag.py took 0.039 seconds
[2024-06-02T19:38:23.750+0000] {processor.py:161} INFO - Started process (PID=318) to work on /home/airflow/.local/lib/python3.12/site-packages/airflow/example_dags/tutorial_dag.py
[2024-06-02T19:38:23.751+0000] {processor.py:830} INFO - Processing file /home/airflow/.local/lib/python3.12/site-packages/airflow/example_dags/tutorial_dag.py for tasks to queue
[2024-06-02T19:38:23.752+0000] {logging_mixin.py:188} INFO - [2024-06-02T19:38:23.752+0000] {dagbag.py:545} INFO - Filling up the DagBag from /home/airflow/.local/lib/python3.12/site-packages/airflow/example_dags/tutorial_dag.py
[2024-06-02T19:38:23.756+0000] {processor.py:840} INFO - DAG(s) 'tutorial_dag' retrieved from /home/airflow/.local/lib/python3.12/site-packages/airflow/example_dags/tutorial_dag.py
[2024-06-02T19:38:23.767+0000] {logging_mixin.py:188} INFO - [2024-06-02T19:38:23.767+0000] {dag.py:3096} INFO - Sync 1 DAGs
[2024-06-02T19:38:23.774+0000] {logging_mixin.py:188} INFO - [2024-06-02T19:38:23.774+0000] {dag.py:3954} INFO - Setting next_dagrun for tutorial_dag to None, run_after=None
[2024-06-02T19:38:23.784+0000] {processor.py:183} INFO - Processing /home/airflow/.local/lib/python3.12/site-packages/airflow/example_dags/tutorial_dag.py took 0.037 seconds
[2024-06-02T19:38:54.409+0000] {processor.py:161} INFO - Started process (PID=376) to work on /home/airflow/.local/lib/python3.12/site-packages/airflow/example_dags/tutorial_dag.py
[2024-06-02T19:38:54.410+0000] {processor.py:830} INFO - Processing file /home/airflow/.local/lib/python3.12/site-packages/airflow/example_dags/tutorial_dag.py for tasks to queue
[2024-06-02T19:38:54.411+0000] {logging_mixin.py:188} INFO - [2024-06-02T19:38:54.411+0000] {dagbag.py:545} INFO - Filling up the DagBag from /home/airflow/.local/lib/python3.12/site-packages/airflow/example_dags/tutorial_dag.py
[2024-06-02T19:38:54.415+0000] {processor.py:840} INFO - DAG(s) 'tutorial_dag' retrieved from /home/airflow/.local/lib/python3.12/site-packages/airflow/example_dags/tutorial_dag.py
[2024-06-02T19:38:54.426+0000] {logging_mixin.py:188} INFO - [2024-06-02T19:38:54.426+0000] {dag.py:3096} INFO - Sync 1 DAGs
[2024-06-02T19:38:54.434+0000] {logging_mixin.py:188} INFO - [2024-06-02T19:38:54.434+0000] {dag.py:3954} INFO - Setting next_dagrun for tutorial_dag to None, run_after=None
[2024-06-02T19:38:54.444+0000] {processor.py:183} INFO - Processing /home/airflow/.local/lib/python3.12/site-packages/airflow/example_dags/tutorial_dag.py took 0.038 seconds
[2024-06-02T19:39:25.072+0000] {processor.py:161} INFO - Started process (PID=434) to work on /home/airflow/.local/lib/python3.12/site-packages/airflow/example_dags/tutorial_dag.py
[2024-06-02T19:39:25.073+0000] {processor.py:830} INFO - Processing file /home/airflow/.local/lib/python3.12/site-packages/airflow/example_dags/tutorial_dag.py for tasks to queue
[2024-06-02T19:39:25.074+0000] {logging_mixin.py:188} INFO - [2024-06-02T19:39:25.074+0000] {dagbag.py:545} INFO - Filling up the DagBag from /home/airflow/.local/lib/python3.12/site-packages/airflow/example_dags/tutorial_dag.py
[2024-06-02T19:39:25.077+0000] {processor.py:840} INFO - DAG(s) 'tutorial_dag' retrieved from /home/airflow/.local/lib/python3.12/site-packages/airflow/example_dags/tutorial_dag.py
[2024-06-02T19:39:25.088+0000] {logging_mixin.py:188} INFO - [2024-06-02T19:39:25.088+0000] {dag.py:3096} INFO - Sync 1 DAGs
[2024-06-02T19:39:25.096+0000] {logging_mixin.py:188} INFO - [2024-06-02T19:39:25.095+0000] {dag.py:3954} INFO - Setting next_dagrun for tutorial_dag to None, run_after=None
[2024-06-02T19:39:25.106+0000] {processor.py:183} INFO - Processing /home/airflow/.local/lib/python3.12/site-packages/airflow/example_dags/tutorial_dag.py took 0.037 seconds
[2024-06-02T19:39:55.712+0000] {processor.py:161} INFO - Started process (PID=492) to work on /home/airflow/.local/lib/python3.12/site-packages/airflow/example_dags/tutorial_dag.py
[2024-06-02T19:39:55.713+0000] {processor.py:830} INFO - Processing file /home/airflow/.local/lib/python3.12/site-packages/airflow/example_dags/tutorial_dag.py for tasks to queue
[2024-06-02T19:39:55.714+0000] {logging_mixin.py:188} INFO - [2024-06-02T19:39:55.714+0000] {dagbag.py:545} INFO - Filling up the DagBag from /home/airflow/.local/lib/python3.12/site-packages/airflow/example_dags/tutorial_dag.py
[2024-06-02T19:39:55.717+0000] {processor.py:840} INFO - DAG(s) 'tutorial_dag' retrieved from /home/airflow/.local/lib/python3.12/site-packages/airflow/example_dags/tutorial_dag.py
[2024-06-02T19:39:55.728+0000] {logging_mixin.py:188} INFO - [2024-06-02T19:39:55.728+0000] {dag.py:3096} INFO - Sync 1 DAGs
[2024-06-02T19:39:55.735+0000] {logging_mixin.py:188} INFO - [2024-06-02T19:39:55.735+0000] {dag.py:3954} INFO - Setting next_dagrun for tutorial_dag to None, run_after=None
[2024-06-02T19:39:55.745+0000] {processor.py:183} INFO - Processing /home/airflow/.local/lib/python3.12/site-packages/airflow/example_dags/tutorial_dag.py took 0.036 seconds
[2024-06-02T19:40:26.278+0000] {processor.py:161} INFO - Started process (PID=550) to work on /home/airflow/.local/lib/python3.12/site-packages/airflow/example_dags/tutorial_dag.py
[2024-06-02T19:40:26.279+0000] {processor.py:830} INFO - Processing file /home/airflow/.local/lib/python3.12/site-packages/airflow/example_dags/tutorial_dag.py for tasks to queue
[2024-06-02T19:40:26.280+0000] {logging_mixin.py:188} INFO - [2024-06-02T19:40:26.280+0000] {dagbag.py:545} INFO - Filling up the DagBag from /home/airflow/.local/lib/python3.12/site-packages/airflow/example_dags/tutorial_dag.py
[2024-06-02T19:40:26.283+0000] {processor.py:840} INFO - DAG(s) 'tutorial_dag' retrieved from /home/airflow/.local/lib/python3.12/site-packages/airflow/example_dags/tutorial_dag.py
[2024-06-02T19:40:26.294+0000] {logging_mixin.py:188} INFO - [2024-06-02T19:40:26.294+0000] {dag.py:3096} INFO - Sync 1 DAGs
[2024-06-02T19:40:26.301+0000] {logging_mixin.py:188} INFO - [2024-06-02T19:40:26.301+0000] {dag.py:3954} INFO - Setting next_dagrun for tutorial_dag to None, run_after=None
[2024-06-02T19:40:26.312+0000] {processor.py:183} INFO - Processing /home/airflow/.local/lib/python3.12/site-packages/airflow/example_dags/tutorial_dag.py took 0.037 seconds
[2024-06-02T19:40:56.974+0000] {processor.py:161} INFO - Started process (PID=608) to work on /home/airflow/.local/lib/python3.12/site-packages/airflow/example_dags/tutorial_dag.py
[2024-06-02T19:40:56.975+0000] {processor.py:830} INFO - Processing file /home/airflow/.local/lib/python3.12/site-packages/airflow/example_dags/tutorial_dag.py for tasks to queue
[2024-06-02T19:40:56.976+0000] {logging_mixin.py:188} INFO - [2024-06-02T19:40:56.976+0000] {dagbag.py:545} INFO - Filling up the DagBag from /home/airflow/.local/lib/python3.12/site-packages/airflow/example_dags/tutorial_dag.py
[2024-06-02T19:40:56.979+0000] {processor.py:840} INFO - DAG(s) 'tutorial_dag' retrieved from /home/airflow/.local/lib/python3.12/site-packages/airflow/example_dags/tutorial_dag.py
[2024-06-02T19:40:56.990+0000] {logging_mixin.py:188} INFO - [2024-06-02T19:40:56.990+0000] {dag.py:3096} INFO - Sync 1 DAGs
[2024-06-02T19:40:56.998+0000] {logging_mixin.py:188} INFO - [2024-06-02T19:40:56.998+0000] {dag.py:3954} INFO - Setting next_dagrun for tutorial_dag to None, run_after=None
[2024-06-02T19:40:57.008+0000] {processor.py:183} INFO - Processing /home/airflow/.local/lib/python3.12/site-packages/airflow/example_dags/tutorial_dag.py took 0.037 seconds
[2024-06-02T19:41:41.836+0000] {processor.py:161} INFO - Started process (PID=86) to work on /home/airflow/.local/lib/python3.12/site-packages/airflow/example_dags/tutorial_dag.py
[2024-06-02T19:41:41.836+0000] {processor.py:830} INFO - Processing file /home/airflow/.local/lib/python3.12/site-packages/airflow/example_dags/tutorial_dag.py for tasks to queue
[2024-06-02T19:41:41.838+0000] {logging_mixin.py:188} INFO - [2024-06-02T19:41:41.838+0000] {dagbag.py:545} INFO - Filling up the DagBag from /home/airflow/.local/lib/python3.12/site-packages/airflow/example_dags/tutorial_dag.py
[2024-06-02T19:41:41.841+0000] {processor.py:840} INFO - DAG(s) 'tutorial_dag' retrieved from /home/airflow/.local/lib/python3.12/site-packages/airflow/example_dags/tutorial_dag.py
[2024-06-02T19:41:41.848+0000] {logging_mixin.py:188} INFO - [2024-06-02T19:41:41.848+0000] {dag.py:3096} INFO - Sync 1 DAGs
[2024-06-02T19:41:41.855+0000] {logging_mixin.py:188} INFO - [2024-06-02T19:41:41.855+0000] {dag.py:3954} INFO - Setting next_dagrun for tutorial_dag to None, run_after=None
[2024-06-02T19:41:41.865+0000] {processor.py:183} INFO - Processing /home/airflow/.local/lib/python3.12/site-packages/airflow/example_dags/tutorial_dag.py took 0.033 seconds
[2024-06-02T19:42:13.266+0000] {processor.py:161} INFO - Started process (PID=144) to work on /home/airflow/.local/lib/python3.12/site-packages/airflow/example_dags/tutorial_dag.py
[2024-06-02T19:42:13.266+0000] {processor.py:830} INFO - Processing file /home/airflow/.local/lib/python3.12/site-packages/airflow/example_dags/tutorial_dag.py for tasks to queue
[2024-06-02T19:42:13.267+0000] {logging_mixin.py:188} INFO - [2024-06-02T19:42:13.267+0000] {dagbag.py:545} INFO - Filling up the DagBag from /home/airflow/.local/lib/python3.12/site-packages/airflow/example_dags/tutorial_dag.py
[2024-06-02T19:42:13.270+0000] {processor.py:840} INFO - DAG(s) 'tutorial_dag' retrieved from /home/airflow/.local/lib/python3.12/site-packages/airflow/example_dags/tutorial_dag.py
[2024-06-02T19:42:13.329+0000] {logging_mixin.py:188} INFO - [2024-06-02T19:42:13.329+0000] {dag.py:3096} INFO - Sync 1 DAGs
[2024-06-02T19:42:13.335+0000] {logging_mixin.py:188} INFO - [2024-06-02T19:42:13.334+0000] {dag.py:3954} INFO - Setting next_dagrun for tutorial_dag to None, run_after=None
[2024-06-02T19:42:13.345+0000] {processor.py:183} INFO - Processing /home/airflow/.local/lib/python3.12/site-packages/airflow/example_dags/tutorial_dag.py took 0.082 seconds
[2024-06-02T19:42:44.147+0000] {processor.py:161} INFO - Started process (PID=202) to work on /home/airflow/.local/lib/python3.12/site-packages/airflow/example_dags/tutorial_dag.py
[2024-06-02T19:42:44.148+0000] {processor.py:830} INFO - Processing file /home/airflow/.local/lib/python3.12/site-packages/airflow/example_dags/tutorial_dag.py for tasks to queue
[2024-06-02T19:42:44.149+0000] {logging_mixin.py:188} INFO - [2024-06-02T19:42:44.149+0000] {dagbag.py:545} INFO - Filling up the DagBag from /home/airflow/.local/lib/python3.12/site-packages/airflow/example_dags/tutorial_dag.py
[2024-06-02T19:42:44.152+0000] {processor.py:840} INFO - DAG(s) 'tutorial_dag' retrieved from /home/airflow/.local/lib/python3.12/site-packages/airflow/example_dags/tutorial_dag.py
[2024-06-02T19:42:44.164+0000] {logging_mixin.py:188} INFO - [2024-06-02T19:42:44.164+0000] {dag.py:3096} INFO - Sync 1 DAGs
[2024-06-02T19:42:44.171+0000] {logging_mixin.py:188} INFO - [2024-06-02T19:42:44.171+0000] {dag.py:3954} INFO - Setting next_dagrun for tutorial_dag to None, run_after=None
[2024-06-02T19:42:44.182+0000] {processor.py:183} INFO - Processing /home/airflow/.local/lib/python3.12/site-packages/airflow/example_dags/tutorial_dag.py took 0.038 seconds
[2024-06-02T19:43:14.840+0000] {processor.py:161} INFO - Started process (PID=260) to work on /home/airflow/.local/lib/python3.12/site-packages/airflow/example_dags/tutorial_dag.py
[2024-06-02T19:43:14.842+0000] {processor.py:830} INFO - Processing file /home/airflow/.local/lib/python3.12/site-packages/airflow/example_dags/tutorial_dag.py for tasks to queue
[2024-06-02T19:43:14.843+0000] {logging_mixin.py:188} INFO - [2024-06-02T19:43:14.843+0000] {dagbag.py:545} INFO - Filling up the DagBag from /home/airflow/.local/lib/python3.12/site-packages/airflow/example_dags/tutorial_dag.py
[2024-06-02T19:43:14.846+0000] {processor.py:840} INFO - DAG(s) 'tutorial_dag' retrieved from /home/airflow/.local/lib/python3.12/site-packages/airflow/example_dags/tutorial_dag.py
[2024-06-02T19:43:14.859+0000] {logging_mixin.py:188} INFO - [2024-06-02T19:43:14.858+0000] {dag.py:3096} INFO - Sync 1 DAGs
[2024-06-02T19:43:14.866+0000] {logging_mixin.py:188} INFO - [2024-06-02T19:43:14.866+0000] {dag.py:3954} INFO - Setting next_dagrun for tutorial_dag to None, run_after=None
[2024-06-02T19:43:14.877+0000] {processor.py:183} INFO - Processing /home/airflow/.local/lib/python3.12/site-packages/airflow/example_dags/tutorial_dag.py took 0.040 seconds
[2024-06-02T19:43:45.537+0000] {processor.py:161} INFO - Started process (PID=318) to work on /home/airflow/.local/lib/python3.12/site-packages/airflow/example_dags/tutorial_dag.py
[2024-06-02T19:43:45.538+0000] {processor.py:830} INFO - Processing file /home/airflow/.local/lib/python3.12/site-packages/airflow/example_dags/tutorial_dag.py for tasks to queue
[2024-06-02T19:43:45.539+0000] {logging_mixin.py:188} INFO - [2024-06-02T19:43:45.539+0000] {dagbag.py:545} INFO - Filling up the DagBag from /home/airflow/.local/lib/python3.12/site-packages/airflow/example_dags/tutorial_dag.py
[2024-06-02T19:43:45.542+0000] {processor.py:840} INFO - DAG(s) 'tutorial_dag' retrieved from /home/airflow/.local/lib/python3.12/site-packages/airflow/example_dags/tutorial_dag.py
[2024-06-02T19:43:45.554+0000] {logging_mixin.py:188} INFO - [2024-06-02T19:43:45.554+0000] {dag.py:3096} INFO - Sync 1 DAGs
[2024-06-02T19:43:45.561+0000] {logging_mixin.py:188} INFO - [2024-06-02T19:43:45.561+0000] {dag.py:3954} INFO - Setting next_dagrun for tutorial_dag to None, run_after=None
[2024-06-02T19:43:45.572+0000] {processor.py:183} INFO - Processing /home/airflow/.local/lib/python3.12/site-packages/airflow/example_dags/tutorial_dag.py took 0.038 seconds
[2024-06-02T19:44:16.153+0000] {processor.py:161} INFO - Started process (PID=376) to work on /home/airflow/.local/lib/python3.12/site-packages/airflow/example_dags/tutorial_dag.py
[2024-06-02T19:44:16.153+0000] {processor.py:830} INFO - Processing file /home/airflow/.local/lib/python3.12/site-packages/airflow/example_dags/tutorial_dag.py for tasks to queue
[2024-06-02T19:44:16.154+0000] {logging_mixin.py:188} INFO - [2024-06-02T19:44:16.154+0000] {dagbag.py:545} INFO - Filling up the DagBag from /home/airflow/.local/lib/python3.12/site-packages/airflow/example_dags/tutorial_dag.py
[2024-06-02T19:44:16.157+0000] {processor.py:840} INFO - DAG(s) 'tutorial_dag' retrieved from /home/airflow/.local/lib/python3.12/site-packages/airflow/example_dags/tutorial_dag.py
[2024-06-02T19:44:16.169+0000] {logging_mixin.py:188} INFO - [2024-06-02T19:44:16.169+0000] {dag.py:3096} INFO - Sync 1 DAGs
[2024-06-02T19:44:16.176+0000] {logging_mixin.py:188} INFO - [2024-06-02T19:44:16.176+0000] {dag.py:3954} INFO - Setting next_dagrun for tutorial_dag to None, run_after=None
[2024-06-02T19:44:16.188+0000] {processor.py:183} INFO - Processing /home/airflow/.local/lib/python3.12/site-packages/airflow/example_dags/tutorial_dag.py took 0.038 seconds
[2024-06-02T19:44:46.782+0000] {processor.py:161} INFO - Started process (PID=434) to work on /home/airflow/.local/lib/python3.12/site-packages/airflow/example_dags/tutorial_dag.py
[2024-06-02T19:44:46.783+0000] {processor.py:830} INFO - Processing file /home/airflow/.local/lib/python3.12/site-packages/airflow/example_dags/tutorial_dag.py for tasks to queue
[2024-06-02T19:44:46.784+0000] {logging_mixin.py:188} INFO - [2024-06-02T19:44:46.784+0000] {dagbag.py:545} INFO - Filling up the DagBag from /home/airflow/.local/lib/python3.12/site-packages/airflow/example_dags/tutorial_dag.py
[2024-06-02T19:44:46.787+0000] {processor.py:840} INFO - DAG(s) 'tutorial_dag' retrieved from /home/airflow/.local/lib/python3.12/site-packages/airflow/example_dags/tutorial_dag.py
[2024-06-02T19:44:46.799+0000] {logging_mixin.py:188} INFO - [2024-06-02T19:44:46.799+0000] {dag.py:3096} INFO - Sync 1 DAGs
[2024-06-02T19:44:46.806+0000] {logging_mixin.py:188} INFO - [2024-06-02T19:44:46.805+0000] {dag.py:3954} INFO - Setting next_dagrun for tutorial_dag to None, run_after=None
[2024-06-02T19:44:46.816+0000] {processor.py:183} INFO - Processing /home/airflow/.local/lib/python3.12/site-packages/airflow/example_dags/tutorial_dag.py took 0.037 seconds
[2024-06-02T19:45:17.419+0000] {processor.py:161} INFO - Started process (PID=492) to work on /home/airflow/.local/lib/python3.12/site-packages/airflow/example_dags/tutorial_dag.py
[2024-06-02T19:45:17.420+0000] {processor.py:830} INFO - Processing file /home/airflow/.local/lib/python3.12/site-packages/airflow/example_dags/tutorial_dag.py for tasks to queue
[2024-06-02T19:45:17.421+0000] {logging_mixin.py:188} INFO - [2024-06-02T19:45:17.421+0000] {dagbag.py:545} INFO - Filling up the DagBag from /home/airflow/.local/lib/python3.12/site-packages/airflow/example_dags/tutorial_dag.py
[2024-06-02T19:45:17.424+0000] {processor.py:840} INFO - DAG(s) 'tutorial_dag' retrieved from /home/airflow/.local/lib/python3.12/site-packages/airflow/example_dags/tutorial_dag.py
[2024-06-02T19:45:17.436+0000] {logging_mixin.py:188} INFO - [2024-06-02T19:45:17.435+0000] {dag.py:3096} INFO - Sync 1 DAGs
[2024-06-02T19:45:17.443+0000] {logging_mixin.py:188} INFO - [2024-06-02T19:45:17.443+0000] {dag.py:3954} INFO - Setting next_dagrun for tutorial_dag to None, run_after=None
[2024-06-02T19:45:17.454+0000] {processor.py:183} INFO - Processing /home/airflow/.local/lib/python3.12/site-packages/airflow/example_dags/tutorial_dag.py took 0.038 seconds
[2024-06-02T19:45:48.089+0000] {processor.py:161} INFO - Started process (PID=549) to work on /home/airflow/.local/lib/python3.12/site-packages/airflow/example_dags/tutorial_dag.py
[2024-06-02T19:45:48.089+0000] {processor.py:830} INFO - Processing file /home/airflow/.local/lib/python3.12/site-packages/airflow/example_dags/tutorial_dag.py for tasks to queue
[2024-06-02T19:45:48.090+0000] {logging_mixin.py:188} INFO - [2024-06-02T19:45:48.090+0000] {dagbag.py:545} INFO - Filling up the DagBag from /home/airflow/.local/lib/python3.12/site-packages/airflow/example_dags/tutorial_dag.py
[2024-06-02T19:45:48.093+0000] {processor.py:840} INFO - DAG(s) 'tutorial_dag' retrieved from /home/airflow/.local/lib/python3.12/site-packages/airflow/example_dags/tutorial_dag.py
[2024-06-02T19:45:48.105+0000] {logging_mixin.py:188} INFO - [2024-06-02T19:45:48.105+0000] {dag.py:3096} INFO - Sync 1 DAGs
[2024-06-02T19:45:48.113+0000] {logging_mixin.py:188} INFO - [2024-06-02T19:45:48.113+0000] {dag.py:3954} INFO - Setting next_dagrun for tutorial_dag to None, run_after=None
[2024-06-02T19:45:48.123+0000] {processor.py:183} INFO - Processing /home/airflow/.local/lib/python3.12/site-packages/airflow/example_dags/tutorial_dag.py took 0.037 seconds
[2024-06-02T19:46:18.771+0000] {processor.py:161} INFO - Started process (PID=607) to work on /home/airflow/.local/lib/python3.12/site-packages/airflow/example_dags/tutorial_dag.py
[2024-06-02T19:46:18.772+0000] {processor.py:830} INFO - Processing file /home/airflow/.local/lib/python3.12/site-packages/airflow/example_dags/tutorial_dag.py for tasks to queue
[2024-06-02T19:46:18.773+0000] {logging_mixin.py:188} INFO - [2024-06-02T19:46:18.773+0000] {dagbag.py:545} INFO - Filling up the DagBag from /home/airflow/.local/lib/python3.12/site-packages/airflow/example_dags/tutorial_dag.py
[2024-06-02T19:46:18.776+0000] {processor.py:840} INFO - DAG(s) 'tutorial_dag' retrieved from /home/airflow/.local/lib/python3.12/site-packages/airflow/example_dags/tutorial_dag.py
[2024-06-02T19:46:18.788+0000] {logging_mixin.py:188} INFO - [2024-06-02T19:46:18.788+0000] {dag.py:3096} INFO - Sync 1 DAGs
[2024-06-02T19:46:18.796+0000] {logging_mixin.py:188} INFO - [2024-06-02T19:46:18.796+0000] {dag.py:3954} INFO - Setting next_dagrun for tutorial_dag to None, run_after=None
[2024-06-02T19:46:18.806+0000] {processor.py:183} INFO - Processing /home/airflow/.local/lib/python3.12/site-packages/airflow/example_dags/tutorial_dag.py took 0.038 seconds
[2024-06-02T19:46:49.484+0000] {processor.py:161} INFO - Started process (PID=665) to work on /home/airflow/.local/lib/python3.12/site-packages/airflow/example_dags/tutorial_dag.py
[2024-06-02T19:46:49.484+0000] {processor.py:830} INFO - Processing file /home/airflow/.local/lib/python3.12/site-packages/airflow/example_dags/tutorial_dag.py for tasks to queue
[2024-06-02T19:46:49.486+0000] {logging_mixin.py:188} INFO - [2024-06-02T19:46:49.486+0000] {dagbag.py:545} INFO - Filling up the DagBag from /home/airflow/.local/lib/python3.12/site-packages/airflow/example_dags/tutorial_dag.py
[2024-06-02T19:46:49.489+0000] {processor.py:840} INFO - DAG(s) 'tutorial_dag' retrieved from /home/airflow/.local/lib/python3.12/site-packages/airflow/example_dags/tutorial_dag.py
[2024-06-02T19:46:49.503+0000] {logging_mixin.py:188} INFO - [2024-06-02T19:46:49.502+0000] {dag.py:3096} INFO - Sync 1 DAGs
[2024-06-02T19:46:49.510+0000] {logging_mixin.py:188} INFO - [2024-06-02T19:46:49.510+0000] {dag.py:3954} INFO - Setting next_dagrun for tutorial_dag to None, run_after=None
[2024-06-02T19:46:49.521+0000] {processor.py:183} INFO - Processing /home/airflow/.local/lib/python3.12/site-packages/airflow/example_dags/tutorial_dag.py took 0.040 seconds
[2024-06-02T19:47:20.232+0000] {processor.py:161} INFO - Started process (PID=723) to work on /home/airflow/.local/lib/python3.12/site-packages/airflow/example_dags/tutorial_dag.py
[2024-06-02T19:47:20.233+0000] {processor.py:830} INFO - Processing file /home/airflow/.local/lib/python3.12/site-packages/airflow/example_dags/tutorial_dag.py for tasks to queue
[2024-06-02T19:47:20.234+0000] {logging_mixin.py:188} INFO - [2024-06-02T19:47:20.234+0000] {dagbag.py:545} INFO - Filling up the DagBag from /home/airflow/.local/lib/python3.12/site-packages/airflow/example_dags/tutorial_dag.py
[2024-06-02T19:47:20.237+0000] {processor.py:840} INFO - DAG(s) 'tutorial_dag' retrieved from /home/airflow/.local/lib/python3.12/site-packages/airflow/example_dags/tutorial_dag.py
[2024-06-02T19:47:20.248+0000] {logging_mixin.py:188} INFO - [2024-06-02T19:47:20.248+0000] {dag.py:3096} INFO - Sync 1 DAGs
[2024-06-02T19:47:20.255+0000] {logging_mixin.py:188} INFO - [2024-06-02T19:47:20.255+0000] {dag.py:3954} INFO - Setting next_dagrun for tutorial_dag to None, run_after=None
[2024-06-02T19:47:20.265+0000] {processor.py:183} INFO - Processing /home/airflow/.local/lib/python3.12/site-packages/airflow/example_dags/tutorial_dag.py took 0.036 seconds
[2024-06-02T19:47:50.924+0000] {processor.py:161} INFO - Started process (PID=781) to work on /home/airflow/.local/lib/python3.12/site-packages/airflow/example_dags/tutorial_dag.py
[2024-06-02T19:47:50.925+0000] {processor.py:830} INFO - Processing file /home/airflow/.local/lib/python3.12/site-packages/airflow/example_dags/tutorial_dag.py for tasks to queue
[2024-06-02T19:47:50.926+0000] {logging_mixin.py:188} INFO - [2024-06-02T19:47:50.926+0000] {dagbag.py:545} INFO - Filling up the DagBag from /home/airflow/.local/lib/python3.12/site-packages/airflow/example_dags/tutorial_dag.py
[2024-06-02T19:47:50.929+0000] {processor.py:840} INFO - DAG(s) 'tutorial_dag' retrieved from /home/airflow/.local/lib/python3.12/site-packages/airflow/example_dags/tutorial_dag.py
[2024-06-02T19:47:50.940+0000] {logging_mixin.py:188} INFO - [2024-06-02T19:47:50.940+0000] {dag.py:3096} INFO - Sync 1 DAGs
[2024-06-02T19:47:50.947+0000] {logging_mixin.py:188} INFO - [2024-06-02T19:47:50.947+0000] {dag.py:3954} INFO - Setting next_dagrun for tutorial_dag to None, run_after=None
[2024-06-02T19:47:50.958+0000] {processor.py:183} INFO - Processing /home/airflow/.local/lib/python3.12/site-packages/airflow/example_dags/tutorial_dag.py took 0.037 seconds
[2024-06-02T19:48:21.643+0000] {processor.py:161} INFO - Started process (PID=839) to work on /home/airflow/.local/lib/python3.12/site-packages/airflow/example_dags/tutorial_dag.py
[2024-06-02T19:48:21.644+0000] {processor.py:830} INFO - Processing file /home/airflow/.local/lib/python3.12/site-packages/airflow/example_dags/tutorial_dag.py for tasks to queue
[2024-06-02T19:48:21.645+0000] {logging_mixin.py:188} INFO - [2024-06-02T19:48:21.645+0000] {dagbag.py:545} INFO - Filling up the DagBag from /home/airflow/.local/lib/python3.12/site-packages/airflow/example_dags/tutorial_dag.py
[2024-06-02T19:48:21.648+0000] {processor.py:840} INFO - DAG(s) 'tutorial_dag' retrieved from /home/airflow/.local/lib/python3.12/site-packages/airflow/example_dags/tutorial_dag.py
[2024-06-02T19:48:21.660+0000] {logging_mixin.py:188} INFO - [2024-06-02T19:48:21.660+0000] {dag.py:3096} INFO - Sync 1 DAGs
[2024-06-02T19:48:21.668+0000] {logging_mixin.py:188} INFO - [2024-06-02T19:48:21.668+0000] {dag.py:3954} INFO - Setting next_dagrun for tutorial_dag to None, run_after=None
[2024-06-02T19:48:21.679+0000] {processor.py:183} INFO - Processing /home/airflow/.local/lib/python3.12/site-packages/airflow/example_dags/tutorial_dag.py took 0.038 seconds
[2024-06-02T19:48:52.260+0000] {processor.py:161} INFO - Started process (PID=897) to work on /home/airflow/.local/lib/python3.12/site-packages/airflow/example_dags/tutorial_dag.py
[2024-06-02T19:48:52.261+0000] {processor.py:830} INFO - Processing file /home/airflow/.local/lib/python3.12/site-packages/airflow/example_dags/tutorial_dag.py for tasks to queue
[2024-06-02T19:48:52.262+0000] {logging_mixin.py:188} INFO - [2024-06-02T19:48:52.262+0000] {dagbag.py:545} INFO - Filling up the DagBag from /home/airflow/.local/lib/python3.12/site-packages/airflow/example_dags/tutorial_dag.py
[2024-06-02T19:48:52.265+0000] {processor.py:840} INFO - DAG(s) 'tutorial_dag' retrieved from /home/airflow/.local/lib/python3.12/site-packages/airflow/example_dags/tutorial_dag.py
[2024-06-02T19:48:52.277+0000] {logging_mixin.py:188} INFO - [2024-06-02T19:48:52.277+0000] {dag.py:3096} INFO - Sync 1 DAGs
[2024-06-02T19:48:52.284+0000] {logging_mixin.py:188} INFO - [2024-06-02T19:48:52.284+0000] {dag.py:3954} INFO - Setting next_dagrun for tutorial_dag to None, run_after=None
[2024-06-02T19:48:52.295+0000] {processor.py:183} INFO - Processing /home/airflow/.local/lib/python3.12/site-packages/airflow/example_dags/tutorial_dag.py took 0.038 seconds
[2024-06-02T19:49:22.909+0000] {processor.py:161} INFO - Started process (PID=955) to work on /home/airflow/.local/lib/python3.12/site-packages/airflow/example_dags/tutorial_dag.py
[2024-06-02T19:49:22.909+0000] {processor.py:830} INFO - Processing file /home/airflow/.local/lib/python3.12/site-packages/airflow/example_dags/tutorial_dag.py for tasks to queue
[2024-06-02T19:49:22.910+0000] {logging_mixin.py:188} INFO - [2024-06-02T19:49:22.910+0000] {dagbag.py:545} INFO - Filling up the DagBag from /home/airflow/.local/lib/python3.12/site-packages/airflow/example_dags/tutorial_dag.py
[2024-06-02T19:49:22.914+0000] {processor.py:840} INFO - DAG(s) 'tutorial_dag' retrieved from /home/airflow/.local/lib/python3.12/site-packages/airflow/example_dags/tutorial_dag.py
[2024-06-02T19:49:22.926+0000] {logging_mixin.py:188} INFO - [2024-06-02T19:49:22.926+0000] {dag.py:3096} INFO - Sync 1 DAGs
[2024-06-02T19:49:22.934+0000] {logging_mixin.py:188} INFO - [2024-06-02T19:49:22.933+0000] {dag.py:3954} INFO - Setting next_dagrun for tutorial_dag to None, run_after=None
[2024-06-02T19:49:22.944+0000] {processor.py:183} INFO - Processing /home/airflow/.local/lib/python3.12/site-packages/airflow/example_dags/tutorial_dag.py took 0.039 seconds
[2024-06-02T19:49:53.545+0000] {processor.py:161} INFO - Started process (PID=1013) to work on /home/airflow/.local/lib/python3.12/site-packages/airflow/example_dags/tutorial_dag.py
[2024-06-02T19:49:53.546+0000] {processor.py:830} INFO - Processing file /home/airflow/.local/lib/python3.12/site-packages/airflow/example_dags/tutorial_dag.py for tasks to queue
[2024-06-02T19:49:53.547+0000] {logging_mixin.py:188} INFO - [2024-06-02T19:49:53.547+0000] {dagbag.py:545} INFO - Filling up the DagBag from /home/airflow/.local/lib/python3.12/site-packages/airflow/example_dags/tutorial_dag.py
[2024-06-02T19:49:53.550+0000] {processor.py:840} INFO - DAG(s) 'tutorial_dag' retrieved from /home/airflow/.local/lib/python3.12/site-packages/airflow/example_dags/tutorial_dag.py
[2024-06-02T19:49:53.563+0000] {logging_mixin.py:188} INFO - [2024-06-02T19:49:53.563+0000] {dag.py:3096} INFO - Sync 1 DAGs
[2024-06-02T19:49:53.570+0000] {logging_mixin.py:188} INFO - [2024-06-02T19:49:53.570+0000] {dag.py:3954} INFO - Setting next_dagrun for tutorial_dag to None, run_after=None
[2024-06-02T19:49:53.580+0000] {processor.py:183} INFO - Processing /home/airflow/.local/lib/python3.12/site-packages/airflow/example_dags/tutorial_dag.py took 0.038 seconds
[2024-06-02T19:50:24.433+0000] {processor.py:161} INFO - Started process (PID=1071) to work on /home/airflow/.local/lib/python3.12/site-packages/airflow/example_dags/tutorial_dag.py
[2024-06-02T19:50:24.434+0000] {processor.py:830} INFO - Processing file /home/airflow/.local/lib/python3.12/site-packages/airflow/example_dags/tutorial_dag.py for tasks to queue
[2024-06-02T19:50:24.435+0000] {logging_mixin.py:188} INFO - [2024-06-02T19:50:24.435+0000] {dagbag.py:545} INFO - Filling up the DagBag from /home/airflow/.local/lib/python3.12/site-packages/airflow/example_dags/tutorial_dag.py
[2024-06-02T19:50:24.438+0000] {processor.py:840} INFO - DAG(s) 'tutorial_dag' retrieved from /home/airflow/.local/lib/python3.12/site-packages/airflow/example_dags/tutorial_dag.py
[2024-06-02T19:50:24.449+0000] {logging_mixin.py:188} INFO - [2024-06-02T19:50:24.449+0000] {dag.py:3096} INFO - Sync 1 DAGs
[2024-06-02T19:50:24.456+0000] {logging_mixin.py:188} INFO - [2024-06-02T19:50:24.456+0000] {dag.py:3954} INFO - Setting next_dagrun for tutorial_dag to None, run_after=None
[2024-06-02T19:50:24.466+0000] {processor.py:183} INFO - Processing /home/airflow/.local/lib/python3.12/site-packages/airflow/example_dags/tutorial_dag.py took 0.037 seconds
[2024-06-02T19:50:54.546+0000] {processor.py:161} INFO - Started process (PID=1129) to work on /home/airflow/.local/lib/python3.12/site-packages/airflow/example_dags/tutorial_dag.py
[2024-06-02T19:50:54.547+0000] {processor.py:830} INFO - Processing file /home/airflow/.local/lib/python3.12/site-packages/airflow/example_dags/tutorial_dag.py for tasks to queue
[2024-06-02T19:50:54.548+0000] {logging_mixin.py:188} INFO - [2024-06-02T19:50:54.548+0000] {dagbag.py:545} INFO - Filling up the DagBag from /home/airflow/.local/lib/python3.12/site-packages/airflow/example_dags/tutorial_dag.py
[2024-06-02T19:50:54.551+0000] {processor.py:840} INFO - DAG(s) 'tutorial_dag' retrieved from /home/airflow/.local/lib/python3.12/site-packages/airflow/example_dags/tutorial_dag.py
[2024-06-02T19:50:54.563+0000] {logging_mixin.py:188} INFO - [2024-06-02T19:50:54.563+0000] {dag.py:3096} INFO - Sync 1 DAGs
[2024-06-02T19:50:54.570+0000] {logging_mixin.py:188} INFO - [2024-06-02T19:50:54.570+0000] {dag.py:3954} INFO - Setting next_dagrun for tutorial_dag to None, run_after=None
[2024-06-02T19:50:54.580+0000] {processor.py:183} INFO - Processing /home/airflow/.local/lib/python3.12/site-packages/airflow/example_dags/tutorial_dag.py took 0.037 seconds
[2024-06-02T19:51:24.754+0000] {processor.py:161} INFO - Started process (PID=1187) to work on /home/airflow/.local/lib/python3.12/site-packages/airflow/example_dags/tutorial_dag.py
[2024-06-02T19:51:24.754+0000] {processor.py:830} INFO - Processing file /home/airflow/.local/lib/python3.12/site-packages/airflow/example_dags/tutorial_dag.py for tasks to queue
[2024-06-02T19:51:24.755+0000] {logging_mixin.py:188} INFO - [2024-06-02T19:51:24.755+0000] {dagbag.py:545} INFO - Filling up the DagBag from /home/airflow/.local/lib/python3.12/site-packages/airflow/example_dags/tutorial_dag.py
[2024-06-02T19:51:24.758+0000] {processor.py:840} INFO - DAG(s) 'tutorial_dag' retrieved from /home/airflow/.local/lib/python3.12/site-packages/airflow/example_dags/tutorial_dag.py
[2024-06-02T19:51:24.770+0000] {logging_mixin.py:188} INFO - [2024-06-02T19:51:24.770+0000] {dag.py:3096} INFO - Sync 1 DAGs
[2024-06-02T19:51:24.777+0000] {logging_mixin.py:188} INFO - [2024-06-02T19:51:24.777+0000] {dag.py:3954} INFO - Setting next_dagrun for tutorial_dag to None, run_after=None
[2024-06-02T19:51:24.787+0000] {processor.py:183} INFO - Processing /home/airflow/.local/lib/python3.12/site-packages/airflow/example_dags/tutorial_dag.py took 0.037 seconds
[2024-06-02T19:51:54.823+0000] {processor.py:161} INFO - Started process (PID=1245) to work on /home/airflow/.local/lib/python3.12/site-packages/airflow/example_dags/tutorial_dag.py
[2024-06-02T19:51:54.824+0000] {processor.py:830} INFO - Processing file /home/airflow/.local/lib/python3.12/site-packages/airflow/example_dags/tutorial_dag.py for tasks to queue
[2024-06-02T19:51:54.825+0000] {logging_mixin.py:188} INFO - [2024-06-02T19:51:54.825+0000] {dagbag.py:545} INFO - Filling up the DagBag from /home/airflow/.local/lib/python3.12/site-packages/airflow/example_dags/tutorial_dag.py
[2024-06-02T19:51:54.828+0000] {processor.py:840} INFO - DAG(s) 'tutorial_dag' retrieved from /home/airflow/.local/lib/python3.12/site-packages/airflow/example_dags/tutorial_dag.py
[2024-06-02T19:51:54.840+0000] {logging_mixin.py:188} INFO - [2024-06-02T19:51:54.840+0000] {dag.py:3096} INFO - Sync 1 DAGs
[2024-06-02T19:51:54.847+0000] {logging_mixin.py:188} INFO - [2024-06-02T19:51:54.847+0000] {dag.py:3954} INFO - Setting next_dagrun for tutorial_dag to None, run_after=None
[2024-06-02T19:51:54.857+0000] {processor.py:183} INFO - Processing /home/airflow/.local/lib/python3.12/site-packages/airflow/example_dags/tutorial_dag.py took 0.038 seconds
[2024-06-02T19:52:25.521+0000] {processor.py:161} INFO - Started process (PID=1308) to work on /home/airflow/.local/lib/python3.12/site-packages/airflow/example_dags/tutorial_dag.py
[2024-06-02T19:52:25.522+0000] {processor.py:830} INFO - Processing file /home/airflow/.local/lib/python3.12/site-packages/airflow/example_dags/tutorial_dag.py for tasks to queue
[2024-06-02T19:52:25.523+0000] {logging_mixin.py:188} INFO - [2024-06-02T19:52:25.523+0000] {dagbag.py:545} INFO - Filling up the DagBag from /home/airflow/.local/lib/python3.12/site-packages/airflow/example_dags/tutorial_dag.py
[2024-06-02T19:52:25.526+0000] {processor.py:840} INFO - DAG(s) 'tutorial_dag' retrieved from /home/airflow/.local/lib/python3.12/site-packages/airflow/example_dags/tutorial_dag.py
[2024-06-02T19:52:25.538+0000] {logging_mixin.py:188} INFO - [2024-06-02T19:52:25.538+0000] {dag.py:3096} INFO - Sync 1 DAGs
[2024-06-02T19:52:25.545+0000] {logging_mixin.py:188} INFO - [2024-06-02T19:52:25.545+0000] {dag.py:3954} INFO - Setting next_dagrun for tutorial_dag to None, run_after=None
[2024-06-02T19:52:25.556+0000] {processor.py:183} INFO - Processing /home/airflow/.local/lib/python3.12/site-packages/airflow/example_dags/tutorial_dag.py took 0.038 seconds
[2024-06-02T19:52:56.238+0000] {processor.py:161} INFO - Started process (PID=1366) to work on /home/airflow/.local/lib/python3.12/site-packages/airflow/example_dags/tutorial_dag.py
[2024-06-02T19:52:56.239+0000] {processor.py:830} INFO - Processing file /home/airflow/.local/lib/python3.12/site-packages/airflow/example_dags/tutorial_dag.py for tasks to queue
[2024-06-02T19:52:56.240+0000] {logging_mixin.py:188} INFO - [2024-06-02T19:52:56.240+0000] {dagbag.py:545} INFO - Filling up the DagBag from /home/airflow/.local/lib/python3.12/site-packages/airflow/example_dags/tutorial_dag.py
[2024-06-02T19:52:56.244+0000] {processor.py:840} INFO - DAG(s) 'tutorial_dag' retrieved from /home/airflow/.local/lib/python3.12/site-packages/airflow/example_dags/tutorial_dag.py
[2024-06-02T19:52:56.256+0000] {logging_mixin.py:188} INFO - [2024-06-02T19:52:56.256+0000] {dag.py:3096} INFO - Sync 1 DAGs
[2024-06-02T19:52:56.263+0000] {logging_mixin.py:188} INFO - [2024-06-02T19:52:56.263+0000] {dag.py:3954} INFO - Setting next_dagrun for tutorial_dag to None, run_after=None
[2024-06-02T19:52:56.274+0000] {processor.py:183} INFO - Processing /home/airflow/.local/lib/python3.12/site-packages/airflow/example_dags/tutorial_dag.py took 0.039 seconds
[2024-06-02T19:53:26.936+0000] {processor.py:161} INFO - Started process (PID=1424) to work on /home/airflow/.local/lib/python3.12/site-packages/airflow/example_dags/tutorial_dag.py
[2024-06-02T19:53:26.937+0000] {processor.py:830} INFO - Processing file /home/airflow/.local/lib/python3.12/site-packages/airflow/example_dags/tutorial_dag.py for tasks to queue
[2024-06-02T19:53:26.938+0000] {logging_mixin.py:188} INFO - [2024-06-02T19:53:26.938+0000] {dagbag.py:545} INFO - Filling up the DagBag from /home/airflow/.local/lib/python3.12/site-packages/airflow/example_dags/tutorial_dag.py
[2024-06-02T19:53:26.941+0000] {processor.py:840} INFO - DAG(s) 'tutorial_dag' retrieved from /home/airflow/.local/lib/python3.12/site-packages/airflow/example_dags/tutorial_dag.py
[2024-06-02T19:53:26.953+0000] {logging_mixin.py:188} INFO - [2024-06-02T19:53:26.953+0000] {dag.py:3096} INFO - Sync 1 DAGs
[2024-06-02T19:53:26.960+0000] {logging_mixin.py:188} INFO - [2024-06-02T19:53:26.960+0000] {dag.py:3954} INFO - Setting next_dagrun for tutorial_dag to None, run_after=None
[2024-06-02T19:53:26.970+0000] {processor.py:183} INFO - Processing /home/airflow/.local/lib/python3.12/site-packages/airflow/example_dags/tutorial_dag.py took 0.037 seconds
[2024-06-02T19:53:57.642+0000] {processor.py:161} INFO - Started process (PID=1482) to work on /home/airflow/.local/lib/python3.12/site-packages/airflow/example_dags/tutorial_dag.py
[2024-06-02T19:53:57.642+0000] {processor.py:830} INFO - Processing file /home/airflow/.local/lib/python3.12/site-packages/airflow/example_dags/tutorial_dag.py for tasks to queue
[2024-06-02T19:53:57.644+0000] {logging_mixin.py:188} INFO - [2024-06-02T19:53:57.643+0000] {dagbag.py:545} INFO - Filling up the DagBag from /home/airflow/.local/lib/python3.12/site-packages/airflow/example_dags/tutorial_dag.py
[2024-06-02T19:53:57.647+0000] {processor.py:840} INFO - DAG(s) 'tutorial_dag' retrieved from /home/airflow/.local/lib/python3.12/site-packages/airflow/example_dags/tutorial_dag.py
[2024-06-02T19:53:57.659+0000] {logging_mixin.py:188} INFO - [2024-06-02T19:53:57.659+0000] {dag.py:3096} INFO - Sync 1 DAGs
[2024-06-02T19:53:57.667+0000] {logging_mixin.py:188} INFO - [2024-06-02T19:53:57.667+0000] {dag.py:3954} INFO - Setting next_dagrun for tutorial_dag to None, run_after=None
[2024-06-02T19:53:57.678+0000] {processor.py:183} INFO - Processing /home/airflow/.local/lib/python3.12/site-packages/airflow/example_dags/tutorial_dag.py took 0.039 seconds
[2024-06-02T19:54:28.435+0000] {processor.py:161} INFO - Started process (PID=1540) to work on /home/airflow/.local/lib/python3.12/site-packages/airflow/example_dags/tutorial_dag.py
[2024-06-02T19:54:28.435+0000] {processor.py:830} INFO - Processing file /home/airflow/.local/lib/python3.12/site-packages/airflow/example_dags/tutorial_dag.py for tasks to queue
[2024-06-02T19:54:28.436+0000] {logging_mixin.py:188} INFO - [2024-06-02T19:54:28.436+0000] {dagbag.py:545} INFO - Filling up the DagBag from /home/airflow/.local/lib/python3.12/site-packages/airflow/example_dags/tutorial_dag.py
[2024-06-02T19:54:28.440+0000] {processor.py:840} INFO - DAG(s) 'tutorial_dag' retrieved from /home/airflow/.local/lib/python3.12/site-packages/airflow/example_dags/tutorial_dag.py
[2024-06-02T19:54:28.452+0000] {logging_mixin.py:188} INFO - [2024-06-02T19:54:28.452+0000] {dag.py:3096} INFO - Sync 1 DAGs
[2024-06-02T19:54:28.459+0000] {logging_mixin.py:188} INFO - [2024-06-02T19:54:28.458+0000] {dag.py:3954} INFO - Setting next_dagrun for tutorial_dag to None, run_after=None
[2024-06-02T19:54:28.469+0000] {processor.py:183} INFO - Processing /home/airflow/.local/lib/python3.12/site-packages/airflow/example_dags/tutorial_dag.py took 0.038 seconds
[2024-06-02T19:54:59.170+0000] {processor.py:161} INFO - Started process (PID=1598) to work on /home/airflow/.local/lib/python3.12/site-packages/airflow/example_dags/tutorial_dag.py
[2024-06-02T19:54:59.170+0000] {processor.py:830} INFO - Processing file /home/airflow/.local/lib/python3.12/site-packages/airflow/example_dags/tutorial_dag.py for tasks to queue
[2024-06-02T19:54:59.173+0000] {logging_mixin.py:188} INFO - [2024-06-02T19:54:59.172+0000] {dagbag.py:545} INFO - Filling up the DagBag from /home/airflow/.local/lib/python3.12/site-packages/airflow/example_dags/tutorial_dag.py
[2024-06-02T19:54:59.176+0000] {processor.py:840} INFO - DAG(s) 'tutorial_dag' retrieved from /home/airflow/.local/lib/python3.12/site-packages/airflow/example_dags/tutorial_dag.py
[2024-06-02T19:54:59.188+0000] {logging_mixin.py:188} INFO - [2024-06-02T19:54:59.188+0000] {dag.py:3096} INFO - Sync 1 DAGs
[2024-06-02T19:54:59.196+0000] {logging_mixin.py:188} INFO - [2024-06-02T19:54:59.196+0000] {dag.py:3954} INFO - Setting next_dagrun for tutorial_dag to None, run_after=None
[2024-06-02T19:54:59.207+0000] {processor.py:183} INFO - Processing /home/airflow/.local/lib/python3.12/site-packages/airflow/example_dags/tutorial_dag.py took 0.041 seconds
[2024-06-02T19:55:29.856+0000] {processor.py:161} INFO - Started process (PID=1656) to work on /home/airflow/.local/lib/python3.12/site-packages/airflow/example_dags/tutorial_dag.py
[2024-06-02T19:55:29.857+0000] {processor.py:830} INFO - Processing file /home/airflow/.local/lib/python3.12/site-packages/airflow/example_dags/tutorial_dag.py for tasks to queue
[2024-06-02T19:55:29.858+0000] {logging_mixin.py:188} INFO - [2024-06-02T19:55:29.858+0000] {dagbag.py:545} INFO - Filling up the DagBag from /home/airflow/.local/lib/python3.12/site-packages/airflow/example_dags/tutorial_dag.py
[2024-06-02T19:55:29.861+0000] {processor.py:840} INFO - DAG(s) 'tutorial_dag' retrieved from /home/airflow/.local/lib/python3.12/site-packages/airflow/example_dags/tutorial_dag.py
[2024-06-02T19:55:29.872+0000] {logging_mixin.py:188} INFO - [2024-06-02T19:55:29.872+0000] {dag.py:3096} INFO - Sync 1 DAGs
[2024-06-02T19:55:29.879+0000] {logging_mixin.py:188} INFO - [2024-06-02T19:55:29.879+0000] {dag.py:3954} INFO - Setting next_dagrun for tutorial_dag to None, run_after=None
[2024-06-02T19:55:29.890+0000] {processor.py:183} INFO - Processing /home/airflow/.local/lib/python3.12/site-packages/airflow/example_dags/tutorial_dag.py took 0.037 seconds
[2024-06-02T19:56:00.515+0000] {processor.py:161} INFO - Started process (PID=1714) to work on /home/airflow/.local/lib/python3.12/site-packages/airflow/example_dags/tutorial_dag.py
[2024-06-02T19:56:00.516+0000] {processor.py:830} INFO - Processing file /home/airflow/.local/lib/python3.12/site-packages/airflow/example_dags/tutorial_dag.py for tasks to queue
[2024-06-02T19:56:00.517+0000] {logging_mixin.py:188} INFO - [2024-06-02T19:56:00.517+0000] {dagbag.py:545} INFO - Filling up the DagBag from /home/airflow/.local/lib/python3.12/site-packages/airflow/example_dags/tutorial_dag.py
[2024-06-02T19:56:00.520+0000] {processor.py:840} INFO - DAG(s) 'tutorial_dag' retrieved from /home/airflow/.local/lib/python3.12/site-packages/airflow/example_dags/tutorial_dag.py
[2024-06-02T19:56:00.531+0000] {logging_mixin.py:188} INFO - [2024-06-02T19:56:00.531+0000] {dag.py:3096} INFO - Sync 1 DAGs
[2024-06-02T19:56:00.538+0000] {logging_mixin.py:188} INFO - [2024-06-02T19:56:00.537+0000] {dag.py:3954} INFO - Setting next_dagrun for tutorial_dag to None, run_after=None
[2024-06-02T19:56:00.548+0000] {processor.py:183} INFO - Processing /home/airflow/.local/lib/python3.12/site-packages/airflow/example_dags/tutorial_dag.py took 0.036 seconds
[2024-06-02T19:56:31.201+0000] {processor.py:161} INFO - Started process (PID=1772) to work on /home/airflow/.local/lib/python3.12/site-packages/airflow/example_dags/tutorial_dag.py
[2024-06-02T19:56:31.202+0000] {processor.py:830} INFO - Processing file /home/airflow/.local/lib/python3.12/site-packages/airflow/example_dags/tutorial_dag.py for tasks to queue
[2024-06-02T19:56:31.204+0000] {logging_mixin.py:188} INFO - [2024-06-02T19:56:31.204+0000] {dagbag.py:545} INFO - Filling up the DagBag from /home/airflow/.local/lib/python3.12/site-packages/airflow/example_dags/tutorial_dag.py
[2024-06-02T19:56:31.207+0000] {processor.py:840} INFO - DAG(s) 'tutorial_dag' retrieved from /home/airflow/.local/lib/python3.12/site-packages/airflow/example_dags/tutorial_dag.py
[2024-06-02T19:56:31.218+0000] {logging_mixin.py:188} INFO - [2024-06-02T19:56:31.218+0000] {dag.py:3096} INFO - Sync 1 DAGs
[2024-06-02T19:56:31.225+0000] {logging_mixin.py:188} INFO - [2024-06-02T19:56:31.225+0000] {dag.py:3954} INFO - Setting next_dagrun for tutorial_dag to None, run_after=None
[2024-06-02T19:56:31.235+0000] {processor.py:183} INFO - Processing /home/airflow/.local/lib/python3.12/site-packages/airflow/example_dags/tutorial_dag.py took 0.037 seconds
[2024-06-02T19:57:01.989+0000] {processor.py:161} INFO - Started process (PID=1830) to work on /home/airflow/.local/lib/python3.12/site-packages/airflow/example_dags/tutorial_dag.py
[2024-06-02T19:57:01.990+0000] {processor.py:830} INFO - Processing file /home/airflow/.local/lib/python3.12/site-packages/airflow/example_dags/tutorial_dag.py for tasks to queue
[2024-06-02T19:57:01.991+0000] {logging_mixin.py:188} INFO - [2024-06-02T19:57:01.991+0000] {dagbag.py:545} INFO - Filling up the DagBag from /home/airflow/.local/lib/python3.12/site-packages/airflow/example_dags/tutorial_dag.py
[2024-06-02T19:57:01.995+0000] {processor.py:840} INFO - DAG(s) 'tutorial_dag' retrieved from /home/airflow/.local/lib/python3.12/site-packages/airflow/example_dags/tutorial_dag.py
[2024-06-02T19:57:02.006+0000] {logging_mixin.py:188} INFO - [2024-06-02T19:57:02.006+0000] {dag.py:3096} INFO - Sync 1 DAGs
[2024-06-02T19:57:02.014+0000] {logging_mixin.py:188} INFO - [2024-06-02T19:57:02.014+0000] {dag.py:3954} INFO - Setting next_dagrun for tutorial_dag to None, run_after=None
[2024-06-02T19:57:02.024+0000] {processor.py:183} INFO - Processing /home/airflow/.local/lib/python3.12/site-packages/airflow/example_dags/tutorial_dag.py took 0.038 seconds
[2024-06-02T19:57:32.082+0000] {processor.py:161} INFO - Started process (PID=1888) to work on /home/airflow/.local/lib/python3.12/site-packages/airflow/example_dags/tutorial_dag.py
[2024-06-02T19:57:32.083+0000] {processor.py:830} INFO - Processing file /home/airflow/.local/lib/python3.12/site-packages/airflow/example_dags/tutorial_dag.py for tasks to queue
[2024-06-02T19:57:32.084+0000] {logging_mixin.py:188} INFO - [2024-06-02T19:57:32.084+0000] {dagbag.py:545} INFO - Filling up the DagBag from /home/airflow/.local/lib/python3.12/site-packages/airflow/example_dags/tutorial_dag.py
[2024-06-02T19:57:32.087+0000] {processor.py:840} INFO - DAG(s) 'tutorial_dag' retrieved from /home/airflow/.local/lib/python3.12/site-packages/airflow/example_dags/tutorial_dag.py
[2024-06-02T19:57:32.099+0000] {logging_mixin.py:188} INFO - [2024-06-02T19:57:32.098+0000] {dag.py:3096} INFO - Sync 1 DAGs
[2024-06-02T19:57:32.105+0000] {logging_mixin.py:188} INFO - [2024-06-02T19:57:32.105+0000] {dag.py:3954} INFO - Setting next_dagrun for tutorial_dag to None, run_after=None
[2024-06-02T19:57:32.116+0000] {processor.py:183} INFO - Processing /home/airflow/.local/lib/python3.12/site-packages/airflow/example_dags/tutorial_dag.py took 0.037 seconds
[2024-06-02T19:58:02.901+0000] {processor.py:161} INFO - Started process (PID=1946) to work on /home/airflow/.local/lib/python3.12/site-packages/airflow/example_dags/tutorial_dag.py
[2024-06-02T19:58:02.901+0000] {processor.py:830} INFO - Processing file /home/airflow/.local/lib/python3.12/site-packages/airflow/example_dags/tutorial_dag.py for tasks to queue
[2024-06-02T19:58:02.902+0000] {logging_mixin.py:188} INFO - [2024-06-02T19:58:02.902+0000] {dagbag.py:545} INFO - Filling up the DagBag from /home/airflow/.local/lib/python3.12/site-packages/airflow/example_dags/tutorial_dag.py
[2024-06-02T19:58:02.905+0000] {processor.py:840} INFO - DAG(s) 'tutorial_dag' retrieved from /home/airflow/.local/lib/python3.12/site-packages/airflow/example_dags/tutorial_dag.py
[2024-06-02T19:58:02.917+0000] {logging_mixin.py:188} INFO - [2024-06-02T19:58:02.917+0000] {dag.py:3096} INFO - Sync 1 DAGs
[2024-06-02T19:58:02.924+0000] {logging_mixin.py:188} INFO - [2024-06-02T19:58:02.924+0000] {dag.py:3954} INFO - Setting next_dagrun for tutorial_dag to None, run_after=None
[2024-06-02T19:58:02.935+0000] {processor.py:183} INFO - Processing /home/airflow/.local/lib/python3.12/site-packages/airflow/example_dags/tutorial_dag.py took 0.037 seconds
[2024-06-02T19:58:33.843+0000] {processor.py:161} INFO - Started process (PID=2004) to work on /home/airflow/.local/lib/python3.12/site-packages/airflow/example_dags/tutorial_dag.py
[2024-06-02T19:58:33.844+0000] {processor.py:830} INFO - Processing file /home/airflow/.local/lib/python3.12/site-packages/airflow/example_dags/tutorial_dag.py for tasks to queue
[2024-06-02T19:58:33.845+0000] {logging_mixin.py:188} INFO - [2024-06-02T19:58:33.845+0000] {dagbag.py:545} INFO - Filling up the DagBag from /home/airflow/.local/lib/python3.12/site-packages/airflow/example_dags/tutorial_dag.py
[2024-06-02T19:58:33.849+0000] {processor.py:840} INFO - DAG(s) 'tutorial_dag' retrieved from /home/airflow/.local/lib/python3.12/site-packages/airflow/example_dags/tutorial_dag.py
[2024-06-02T19:58:33.861+0000] {logging_mixin.py:188} INFO - [2024-06-02T19:58:33.861+0000] {dag.py:3096} INFO - Sync 1 DAGs
[2024-06-02T19:58:33.869+0000] {logging_mixin.py:188} INFO - [2024-06-02T19:58:33.869+0000] {dag.py:3954} INFO - Setting next_dagrun for tutorial_dag to None, run_after=None
[2024-06-02T19:58:33.881+0000] {processor.py:183} INFO - Processing /home/airflow/.local/lib/python3.12/site-packages/airflow/example_dags/tutorial_dag.py took 0.041 seconds
[2024-06-02T19:59:04.056+0000] {processor.py:161} INFO - Started process (PID=2061) to work on /home/airflow/.local/lib/python3.12/site-packages/airflow/example_dags/tutorial_dag.py
[2024-06-02T19:59:04.056+0000] {processor.py:830} INFO - Processing file /home/airflow/.local/lib/python3.12/site-packages/airflow/example_dags/tutorial_dag.py for tasks to queue
[2024-06-02T19:59:04.057+0000] {logging_mixin.py:188} INFO - [2024-06-02T19:59:04.057+0000] {dagbag.py:545} INFO - Filling up the DagBag from /home/airflow/.local/lib/python3.12/site-packages/airflow/example_dags/tutorial_dag.py
[2024-06-02T19:59:04.061+0000] {processor.py:840} INFO - DAG(s) 'tutorial_dag' retrieved from /home/airflow/.local/lib/python3.12/site-packages/airflow/example_dags/tutorial_dag.py
[2024-06-02T19:59:04.074+0000] {logging_mixin.py:188} INFO - [2024-06-02T19:59:04.074+0000] {dag.py:3096} INFO - Sync 1 DAGs
[2024-06-02T19:59:04.082+0000] {logging_mixin.py:188} INFO - [2024-06-02T19:59:04.082+0000] {dag.py:3954} INFO - Setting next_dagrun for tutorial_dag to None, run_after=None
[2024-06-02T19:59:04.092+0000] {processor.py:183} INFO - Processing /home/airflow/.local/lib/python3.12/site-packages/airflow/example_dags/tutorial_dag.py took 0.040 seconds
[2024-06-02T19:59:34.232+0000] {processor.py:161} INFO - Started process (PID=2119) to work on /home/airflow/.local/lib/python3.12/site-packages/airflow/example_dags/tutorial_dag.py
[2024-06-02T19:59:34.233+0000] {processor.py:830} INFO - Processing file /home/airflow/.local/lib/python3.12/site-packages/airflow/example_dags/tutorial_dag.py for tasks to queue
[2024-06-02T19:59:34.234+0000] {logging_mixin.py:188} INFO - [2024-06-02T19:59:34.234+0000] {dagbag.py:545} INFO - Filling up the DagBag from /home/airflow/.local/lib/python3.12/site-packages/airflow/example_dags/tutorial_dag.py
[2024-06-02T19:59:34.237+0000] {processor.py:840} INFO - DAG(s) 'tutorial_dag' retrieved from /home/airflow/.local/lib/python3.12/site-packages/airflow/example_dags/tutorial_dag.py
[2024-06-02T19:59:34.249+0000] {logging_mixin.py:188} INFO - [2024-06-02T19:59:34.248+0000] {dag.py:3096} INFO - Sync 1 DAGs
[2024-06-02T19:59:34.256+0000] {logging_mixin.py:188} INFO - [2024-06-02T19:59:34.256+0000] {dag.py:3954} INFO - Setting next_dagrun for tutorial_dag to None, run_after=None
[2024-06-02T19:59:34.268+0000] {processor.py:183} INFO - Processing /home/airflow/.local/lib/python3.12/site-packages/airflow/example_dags/tutorial_dag.py took 0.039 seconds
[2024-06-02T20:00:05.376+0000] {processor.py:161} INFO - Started process (PID=2178) to work on /home/airflow/.local/lib/python3.12/site-packages/airflow/example_dags/tutorial_dag.py
[2024-06-02T20:00:05.376+0000] {processor.py:830} INFO - Processing file /home/airflow/.local/lib/python3.12/site-packages/airflow/example_dags/tutorial_dag.py for tasks to queue
[2024-06-02T20:00:05.378+0000] {logging_mixin.py:188} INFO - [2024-06-02T20:00:05.377+0000] {dagbag.py:545} INFO - Filling up the DagBag from /home/airflow/.local/lib/python3.12/site-packages/airflow/example_dags/tutorial_dag.py
[2024-06-02T20:00:05.381+0000] {processor.py:840} INFO - DAG(s) 'tutorial_dag' retrieved from /home/airflow/.local/lib/python3.12/site-packages/airflow/example_dags/tutorial_dag.py
[2024-06-02T20:00:05.392+0000] {logging_mixin.py:188} INFO - [2024-06-02T20:00:05.392+0000] {dag.py:3096} INFO - Sync 1 DAGs
[2024-06-02T20:00:05.399+0000] {logging_mixin.py:188} INFO - [2024-06-02T20:00:05.398+0000] {dag.py:3954} INFO - Setting next_dagrun for tutorial_dag to None, run_after=None
[2024-06-02T20:00:05.409+0000] {processor.py:183} INFO - Processing /home/airflow/.local/lib/python3.12/site-packages/airflow/example_dags/tutorial_dag.py took 0.036 seconds
[2024-06-02T20:00:36.730+0000] {processor.py:161} INFO - Started process (PID=2236) to work on /home/airflow/.local/lib/python3.12/site-packages/airflow/example_dags/tutorial_dag.py
[2024-06-02T20:00:36.731+0000] {processor.py:830} INFO - Processing file /home/airflow/.local/lib/python3.12/site-packages/airflow/example_dags/tutorial_dag.py for tasks to queue
[2024-06-02T20:00:36.732+0000] {logging_mixin.py:188} INFO - [2024-06-02T20:00:36.732+0000] {dagbag.py:545} INFO - Filling up the DagBag from /home/airflow/.local/lib/python3.12/site-packages/airflow/example_dags/tutorial_dag.py
[2024-06-02T20:00:36.736+0000] {processor.py:840} INFO - DAG(s) 'tutorial_dag' retrieved from /home/airflow/.local/lib/python3.12/site-packages/airflow/example_dags/tutorial_dag.py
[2024-06-02T20:00:36.747+0000] {logging_mixin.py:188} INFO - [2024-06-02T20:00:36.747+0000] {dag.py:3096} INFO - Sync 1 DAGs
[2024-06-02T20:00:36.754+0000] {logging_mixin.py:188} INFO - [2024-06-02T20:00:36.754+0000] {dag.py:3954} INFO - Setting next_dagrun for tutorial_dag to None, run_after=None
[2024-06-02T20:00:36.765+0000] {processor.py:183} INFO - Processing /home/airflow/.local/lib/python3.12/site-packages/airflow/example_dags/tutorial_dag.py took 0.038 seconds
[2024-06-02T20:01:07.484+0000] {processor.py:161} INFO - Started process (PID=2294) to work on /home/airflow/.local/lib/python3.12/site-packages/airflow/example_dags/tutorial_dag.py
[2024-06-02T20:01:07.485+0000] {processor.py:830} INFO - Processing file /home/airflow/.local/lib/python3.12/site-packages/airflow/example_dags/tutorial_dag.py for tasks to queue
[2024-06-02T20:01:07.487+0000] {logging_mixin.py:188} INFO - [2024-06-02T20:01:07.486+0000] {dagbag.py:545} INFO - Filling up the DagBag from /home/airflow/.local/lib/python3.12/site-packages/airflow/example_dags/tutorial_dag.py
[2024-06-02T20:01:07.490+0000] {processor.py:840} INFO - DAG(s) 'tutorial_dag' retrieved from /home/airflow/.local/lib/python3.12/site-packages/airflow/example_dags/tutorial_dag.py
[2024-06-02T20:01:07.501+0000] {logging_mixin.py:188} INFO - [2024-06-02T20:01:07.501+0000] {dag.py:3096} INFO - Sync 1 DAGs
[2024-06-02T20:01:07.508+0000] {logging_mixin.py:188} INFO - [2024-06-02T20:01:07.508+0000] {dag.py:3954} INFO - Setting next_dagrun for tutorial_dag to None, run_after=None
[2024-06-02T20:01:07.518+0000] {processor.py:183} INFO - Processing /home/airflow/.local/lib/python3.12/site-packages/airflow/example_dags/tutorial_dag.py took 0.038 seconds
[2024-06-02T20:01:38.258+0000] {processor.py:161} INFO - Started process (PID=2352) to work on /home/airflow/.local/lib/python3.12/site-packages/airflow/example_dags/tutorial_dag.py
[2024-06-02T20:01:38.258+0000] {processor.py:830} INFO - Processing file /home/airflow/.local/lib/python3.12/site-packages/airflow/example_dags/tutorial_dag.py for tasks to queue
[2024-06-02T20:01:38.260+0000] {logging_mixin.py:188} INFO - [2024-06-02T20:01:38.259+0000] {dagbag.py:545} INFO - Filling up the DagBag from /home/airflow/.local/lib/python3.12/site-packages/airflow/example_dags/tutorial_dag.py
[2024-06-02T20:01:38.263+0000] {processor.py:840} INFO - DAG(s) 'tutorial_dag' retrieved from /home/airflow/.local/lib/python3.12/site-packages/airflow/example_dags/tutorial_dag.py
[2024-06-02T20:01:38.274+0000] {logging_mixin.py:188} INFO - [2024-06-02T20:01:38.274+0000] {dag.py:3096} INFO - Sync 1 DAGs
[2024-06-02T20:01:38.281+0000] {logging_mixin.py:188} INFO - [2024-06-02T20:01:38.281+0000] {dag.py:3954} INFO - Setting next_dagrun for tutorial_dag to None, run_after=None
[2024-06-02T20:01:38.291+0000] {processor.py:183} INFO - Processing /home/airflow/.local/lib/python3.12/site-packages/airflow/example_dags/tutorial_dag.py took 0.037 seconds
[2024-06-02T20:02:09.055+0000] {processor.py:161} INFO - Started process (PID=2410) to work on /home/airflow/.local/lib/python3.12/site-packages/airflow/example_dags/tutorial_dag.py
[2024-06-02T20:02:09.056+0000] {processor.py:830} INFO - Processing file /home/airflow/.local/lib/python3.12/site-packages/airflow/example_dags/tutorial_dag.py for tasks to queue
[2024-06-02T20:02:09.057+0000] {logging_mixin.py:188} INFO - [2024-06-02T20:02:09.057+0000] {dagbag.py:545} INFO - Filling up the DagBag from /home/airflow/.local/lib/python3.12/site-packages/airflow/example_dags/tutorial_dag.py
[2024-06-02T20:02:09.060+0000] {processor.py:840} INFO - DAG(s) 'tutorial_dag' retrieved from /home/airflow/.local/lib/python3.12/site-packages/airflow/example_dags/tutorial_dag.py
[2024-06-02T20:02:09.072+0000] {logging_mixin.py:188} INFO - [2024-06-02T20:02:09.071+0000] {dag.py:3096} INFO - Sync 1 DAGs
[2024-06-02T20:02:09.079+0000] {logging_mixin.py:188} INFO - [2024-06-02T20:02:09.079+0000] {dag.py:3954} INFO - Setting next_dagrun for tutorial_dag to None, run_after=None
[2024-06-02T20:02:09.089+0000] {processor.py:183} INFO - Processing /home/airflow/.local/lib/python3.12/site-packages/airflow/example_dags/tutorial_dag.py took 0.037 seconds
[2024-06-02T20:02:39.720+0000] {processor.py:161} INFO - Started process (PID=2468) to work on /home/airflow/.local/lib/python3.12/site-packages/airflow/example_dags/tutorial_dag.py
[2024-06-02T20:02:39.721+0000] {processor.py:830} INFO - Processing file /home/airflow/.local/lib/python3.12/site-packages/airflow/example_dags/tutorial_dag.py for tasks to queue
[2024-06-02T20:02:39.722+0000] {logging_mixin.py:188} INFO - [2024-06-02T20:02:39.722+0000] {dagbag.py:545} INFO - Filling up the DagBag from /home/airflow/.local/lib/python3.12/site-packages/airflow/example_dags/tutorial_dag.py
[2024-06-02T20:02:39.725+0000] {processor.py:840} INFO - DAG(s) 'tutorial_dag' retrieved from /home/airflow/.local/lib/python3.12/site-packages/airflow/example_dags/tutorial_dag.py
[2024-06-02T20:02:39.737+0000] {logging_mixin.py:188} INFO - [2024-06-02T20:02:39.737+0000] {dag.py:3096} INFO - Sync 1 DAGs
[2024-06-02T20:02:39.744+0000] {logging_mixin.py:188} INFO - [2024-06-02T20:02:39.744+0000] {dag.py:3954} INFO - Setting next_dagrun for tutorial_dag to None, run_after=None
[2024-06-02T20:02:39.754+0000] {processor.py:183} INFO - Processing /home/airflow/.local/lib/python3.12/site-packages/airflow/example_dags/tutorial_dag.py took 0.037 seconds
[2024-06-02T20:03:10.354+0000] {processor.py:161} INFO - Started process (PID=2526) to work on /home/airflow/.local/lib/python3.12/site-packages/airflow/example_dags/tutorial_dag.py
[2024-06-02T20:03:10.354+0000] {processor.py:830} INFO - Processing file /home/airflow/.local/lib/python3.12/site-packages/airflow/example_dags/tutorial_dag.py for tasks to queue
[2024-06-02T20:03:10.356+0000] {logging_mixin.py:188} INFO - [2024-06-02T20:03:10.356+0000] {dagbag.py:545} INFO - Filling up the DagBag from /home/airflow/.local/lib/python3.12/site-packages/airflow/example_dags/tutorial_dag.py
[2024-06-02T20:03:10.360+0000] {processor.py:840} INFO - DAG(s) 'tutorial_dag' retrieved from /home/airflow/.local/lib/python3.12/site-packages/airflow/example_dags/tutorial_dag.py
[2024-06-02T20:03:10.371+0000] {logging_mixin.py:188} INFO - [2024-06-02T20:03:10.371+0000] {dag.py:3096} INFO - Sync 1 DAGs
[2024-06-02T20:03:10.379+0000] {logging_mixin.py:188} INFO - [2024-06-02T20:03:10.379+0000] {dag.py:3954} INFO - Setting next_dagrun for tutorial_dag to None, run_after=None
[2024-06-02T20:03:10.389+0000] {processor.py:183} INFO - Processing /home/airflow/.local/lib/python3.12/site-packages/airflow/example_dags/tutorial_dag.py took 0.039 seconds
[2024-06-02T20:03:41.029+0000] {processor.py:161} INFO - Started process (PID=2584) to work on /home/airflow/.local/lib/python3.12/site-packages/airflow/example_dags/tutorial_dag.py
[2024-06-02T20:03:41.030+0000] {processor.py:830} INFO - Processing file /home/airflow/.local/lib/python3.12/site-packages/airflow/example_dags/tutorial_dag.py for tasks to queue
[2024-06-02T20:03:41.032+0000] {logging_mixin.py:188} INFO - [2024-06-02T20:03:41.032+0000] {dagbag.py:545} INFO - Filling up the DagBag from /home/airflow/.local/lib/python3.12/site-packages/airflow/example_dags/tutorial_dag.py
[2024-06-02T20:03:41.035+0000] {processor.py:840} INFO - DAG(s) 'tutorial_dag' retrieved from /home/airflow/.local/lib/python3.12/site-packages/airflow/example_dags/tutorial_dag.py
[2024-06-02T20:03:41.046+0000] {logging_mixin.py:188} INFO - [2024-06-02T20:03:41.046+0000] {dag.py:3096} INFO - Sync 1 DAGs
[2024-06-02T20:03:41.053+0000] {logging_mixin.py:188} INFO - [2024-06-02T20:03:41.053+0000] {dag.py:3954} INFO - Setting next_dagrun for tutorial_dag to None, run_after=None
[2024-06-02T20:03:41.064+0000] {processor.py:183} INFO - Processing /home/airflow/.local/lib/python3.12/site-packages/airflow/example_dags/tutorial_dag.py took 0.037 seconds
