[2024-06-06T14:22:08.173+0000] {processor.py:161} INFO - Started process (PID=77) to work on /home/airflow/.local/lib/python3.12/site-packages/airflow/example_dags/example_complex.py
[2024-06-06T14:22:08.174+0000] {processor.py:830} INFO - Processing file /home/airflow/.local/lib/python3.12/site-packages/airflow/example_dags/example_complex.py for tasks to queue
[2024-06-06T14:22:08.175+0000] {logging_mixin.py:188} INFO - [2024-06-06T14:22:08.175+0000] {dagbag.py:545} INFO - Filling up the DagBag from /home/airflow/.local/lib/python3.12/site-packages/airflow/example_dags/example_complex.py
[2024-06-06T14:22:08.183+0000] {processor.py:840} INFO - DAG(s) 'example_complex' retrieved from /home/airflow/.local/lib/python3.12/site-packages/airflow/example_dags/example_complex.py
[2024-06-06T14:22:08.204+0000] {logging_mixin.py:188} INFO - [2024-06-06T14:22:08.204+0000] {dag.py:3096} INFO - Sync 1 DAGs
[2024-06-06T14:22:08.212+0000] {logging_mixin.py:188} INFO - [2024-06-06T14:22:08.212+0000] {dag.py:3954} INFO - Setting next_dagrun for example_complex to None, run_after=None
[2024-06-06T14:22:08.224+0000] {processor.py:183} INFO - Processing /home/airflow/.local/lib/python3.12/site-packages/airflow/example_dags/example_complex.py took 0.054 seconds
[2024-06-06T14:22:38.940+0000] {processor.py:161} INFO - Started process (PID=135) to work on /home/airflow/.local/lib/python3.12/site-packages/airflow/example_dags/example_complex.py
[2024-06-06T14:22:38.941+0000] {processor.py:830} INFO - Processing file /home/airflow/.local/lib/python3.12/site-packages/airflow/example_dags/example_complex.py for tasks to queue
[2024-06-06T14:22:38.942+0000] {logging_mixin.py:188} INFO - [2024-06-06T14:22:38.942+0000] {dagbag.py:545} INFO - Filling up the DagBag from /home/airflow/.local/lib/python3.12/site-packages/airflow/example_dags/example_complex.py
[2024-06-06T14:22:38.947+0000] {processor.py:840} INFO - DAG(s) 'example_complex' retrieved from /home/airflow/.local/lib/python3.12/site-packages/airflow/example_dags/example_complex.py
[2024-06-06T14:22:38.966+0000] {logging_mixin.py:188} INFO - [2024-06-06T14:22:38.966+0000] {dag.py:3096} INFO - Sync 1 DAGs
[2024-06-06T14:22:38.973+0000] {logging_mixin.py:188} INFO - [2024-06-06T14:22:38.973+0000] {dag.py:3954} INFO - Setting next_dagrun for example_complex to None, run_after=None
[2024-06-06T14:22:38.983+0000] {processor.py:183} INFO - Processing /home/airflow/.local/lib/python3.12/site-packages/airflow/example_dags/example_complex.py took 0.046 seconds
[2024-06-06T14:23:09.595+0000] {processor.py:161} INFO - Started process (PID=193) to work on /home/airflow/.local/lib/python3.12/site-packages/airflow/example_dags/example_complex.py
[2024-06-06T14:23:09.596+0000] {processor.py:830} INFO - Processing file /home/airflow/.local/lib/python3.12/site-packages/airflow/example_dags/example_complex.py for tasks to queue
[2024-06-06T14:23:09.597+0000] {logging_mixin.py:188} INFO - [2024-06-06T14:23:09.597+0000] {dagbag.py:545} INFO - Filling up the DagBag from /home/airflow/.local/lib/python3.12/site-packages/airflow/example_dags/example_complex.py
[2024-06-06T14:23:09.603+0000] {processor.py:840} INFO - DAG(s) 'example_complex' retrieved from /home/airflow/.local/lib/python3.12/site-packages/airflow/example_dags/example_complex.py
[2024-06-06T14:23:09.622+0000] {logging_mixin.py:188} INFO - [2024-06-06T14:23:09.622+0000] {dag.py:3096} INFO - Sync 1 DAGs
[2024-06-06T14:23:09.630+0000] {logging_mixin.py:188} INFO - [2024-06-06T14:23:09.630+0000] {dag.py:3954} INFO - Setting next_dagrun for example_complex to None, run_after=None
[2024-06-06T14:23:09.641+0000] {processor.py:183} INFO - Processing /home/airflow/.local/lib/python3.12/site-packages/airflow/example_dags/example_complex.py took 0.049 seconds
[2024-06-06T14:23:40.570+0000] {processor.py:161} INFO - Started process (PID=251) to work on /home/airflow/.local/lib/python3.12/site-packages/airflow/example_dags/example_complex.py
[2024-06-06T14:23:40.571+0000] {processor.py:830} INFO - Processing file /home/airflow/.local/lib/python3.12/site-packages/airflow/example_dags/example_complex.py for tasks to queue
[2024-06-06T14:23:40.574+0000] {logging_mixin.py:188} INFO - [2024-06-06T14:23:40.574+0000] {dagbag.py:545} INFO - Filling up the DagBag from /home/airflow/.local/lib/python3.12/site-packages/airflow/example_dags/example_complex.py
[2024-06-06T14:23:40.581+0000] {processor.py:840} INFO - DAG(s) 'example_complex' retrieved from /home/airflow/.local/lib/python3.12/site-packages/airflow/example_dags/example_complex.py
[2024-06-06T14:23:40.604+0000] {logging_mixin.py:188} INFO - [2024-06-06T14:23:40.604+0000] {dag.py:3096} INFO - Sync 1 DAGs
[2024-06-06T14:23:40.611+0000] {logging_mixin.py:188} INFO - [2024-06-06T14:23:40.611+0000] {dag.py:3954} INFO - Setting next_dagrun for example_complex to None, run_after=None
[2024-06-06T14:23:40.622+0000] {processor.py:183} INFO - Processing /home/airflow/.local/lib/python3.12/site-packages/airflow/example_dags/example_complex.py took 0.056 seconds
[2024-06-06T14:24:11.511+0000] {processor.py:161} INFO - Started process (PID=309) to work on /home/airflow/.local/lib/python3.12/site-packages/airflow/example_dags/example_complex.py
[2024-06-06T14:24:11.512+0000] {processor.py:830} INFO - Processing file /home/airflow/.local/lib/python3.12/site-packages/airflow/example_dags/example_complex.py for tasks to queue
[2024-06-06T14:24:11.513+0000] {logging_mixin.py:188} INFO - [2024-06-06T14:24:11.512+0000] {dagbag.py:545} INFO - Filling up the DagBag from /home/airflow/.local/lib/python3.12/site-packages/airflow/example_dags/example_complex.py
[2024-06-06T14:24:11.518+0000] {processor.py:840} INFO - DAG(s) 'example_complex' retrieved from /home/airflow/.local/lib/python3.12/site-packages/airflow/example_dags/example_complex.py
[2024-06-06T14:24:11.537+0000] {logging_mixin.py:188} INFO - [2024-06-06T14:24:11.537+0000] {dag.py:3096} INFO - Sync 1 DAGs
[2024-06-06T14:24:11.544+0000] {logging_mixin.py:188} INFO - [2024-06-06T14:24:11.544+0000] {dag.py:3954} INFO - Setting next_dagrun for example_complex to None, run_after=None
[2024-06-06T14:24:11.555+0000] {processor.py:183} INFO - Processing /home/airflow/.local/lib/python3.12/site-packages/airflow/example_dags/example_complex.py took 0.047 seconds
[2024-06-06T14:24:42.217+0000] {processor.py:161} INFO - Started process (PID=367) to work on /home/airflow/.local/lib/python3.12/site-packages/airflow/example_dags/example_complex.py
[2024-06-06T14:24:42.218+0000] {processor.py:830} INFO - Processing file /home/airflow/.local/lib/python3.12/site-packages/airflow/example_dags/example_complex.py for tasks to queue
[2024-06-06T14:24:42.219+0000] {logging_mixin.py:188} INFO - [2024-06-06T14:24:42.219+0000] {dagbag.py:545} INFO - Filling up the DagBag from /home/airflow/.local/lib/python3.12/site-packages/airflow/example_dags/example_complex.py
[2024-06-06T14:24:42.225+0000] {processor.py:840} INFO - DAG(s) 'example_complex' retrieved from /home/airflow/.local/lib/python3.12/site-packages/airflow/example_dags/example_complex.py
[2024-06-06T14:24:42.244+0000] {logging_mixin.py:188} INFO - [2024-06-06T14:24:42.244+0000] {dag.py:3096} INFO - Sync 1 DAGs
[2024-06-06T14:24:42.251+0000] {logging_mixin.py:188} INFO - [2024-06-06T14:24:42.251+0000] {dag.py:3954} INFO - Setting next_dagrun for example_complex to None, run_after=None
[2024-06-06T14:24:42.262+0000] {processor.py:183} INFO - Processing /home/airflow/.local/lib/python3.12/site-packages/airflow/example_dags/example_complex.py took 0.048 seconds
