[2024-06-06T14:22:07.308+0000] {processor.py:161} INFO - Started process (PID=55) to work on /home/airflow/.local/lib/python3.12/site-packages/airflow/example_dags/example_display_name.py
[2024-06-06T14:22:07.309+0000] {processor.py:830} INFO - Processing file /home/airflow/.local/lib/python3.12/site-packages/airflow/example_dags/example_display_name.py for tasks to queue
[2024-06-06T14:22:07.310+0000] {logging_mixin.py:188} INFO - [2024-06-06T14:22:07.310+0000] {dagbag.py:545} INFO - Filling up the DagBag from /home/airflow/.local/lib/python3.12/site-packages/airflow/example_dags/example_display_name.py
[2024-06-06T14:22:07.314+0000] {processor.py:840} INFO - DAG(s) 'example_display_name' retrieved from /home/airflow/.local/lib/python3.12/site-packages/airflow/example_dags/example_display_name.py
[2024-06-06T14:22:07.329+0000] {logging_mixin.py:188} INFO - [2024-06-06T14:22:07.328+0000] {dag.py:3096} INFO - Sync 1 DAGs
[2024-06-06T14:22:07.337+0000] {logging_mixin.py:188} INFO - [2024-06-06T14:22:07.337+0000] {dag.py:3954} INFO - Setting next_dagrun for example_display_name to None, run_after=None
[2024-06-06T14:22:07.349+0000] {processor.py:183} INFO - Processing /home/airflow/.local/lib/python3.12/site-packages/airflow/example_dags/example_display_name.py took 0.044 seconds
[2024-06-06T14:22:38.309+0000] {processor.py:161} INFO - Started process (PID=113) to work on /home/airflow/.local/lib/python3.12/site-packages/airflow/example_dags/example_display_name.py
[2024-06-06T14:22:38.309+0000] {processor.py:830} INFO - Processing file /home/airflow/.local/lib/python3.12/site-packages/airflow/example_dags/example_display_name.py for tasks to queue
[2024-06-06T14:22:38.311+0000] {logging_mixin.py:188} INFO - [2024-06-06T14:22:38.310+0000] {dagbag.py:545} INFO - Filling up the DagBag from /home/airflow/.local/lib/python3.12/site-packages/airflow/example_dags/example_display_name.py
[2024-06-06T14:22:38.314+0000] {processor.py:840} INFO - DAG(s) 'example_display_name' retrieved from /home/airflow/.local/lib/python3.12/site-packages/airflow/example_dags/example_display_name.py
[2024-06-06T14:22:38.325+0000] {logging_mixin.py:188} INFO - [2024-06-06T14:22:38.325+0000] {dag.py:3096} INFO - Sync 1 DAGs
[2024-06-06T14:22:38.333+0000] {logging_mixin.py:188} INFO - [2024-06-06T14:22:38.333+0000] {dag.py:3954} INFO - Setting next_dagrun for example_display_name to None, run_after=None
[2024-06-06T14:22:38.345+0000] {processor.py:183} INFO - Processing /home/airflow/.local/lib/python3.12/site-packages/airflow/example_dags/example_display_name.py took 0.039 seconds
[2024-06-06T14:23:08.909+0000] {processor.py:161} INFO - Started process (PID=171) to work on /home/airflow/.local/lib/python3.12/site-packages/airflow/example_dags/example_display_name.py
[2024-06-06T14:23:08.909+0000] {processor.py:830} INFO - Processing file /home/airflow/.local/lib/python3.12/site-packages/airflow/example_dags/example_display_name.py for tasks to queue
[2024-06-06T14:23:08.910+0000] {logging_mixin.py:188} INFO - [2024-06-06T14:23:08.910+0000] {dagbag.py:545} INFO - Filling up the DagBag from /home/airflow/.local/lib/python3.12/site-packages/airflow/example_dags/example_display_name.py
[2024-06-06T14:23:08.913+0000] {processor.py:840} INFO - DAG(s) 'example_display_name' retrieved from /home/airflow/.local/lib/python3.12/site-packages/airflow/example_dags/example_display_name.py
[2024-06-06T14:23:08.924+0000] {logging_mixin.py:188} INFO - [2024-06-06T14:23:08.924+0000] {dag.py:3096} INFO - Sync 1 DAGs
[2024-06-06T14:23:08.930+0000] {logging_mixin.py:188} INFO - [2024-06-06T14:23:08.930+0000] {dag.py:3954} INFO - Setting next_dagrun for example_display_name to None, run_after=None
[2024-06-06T14:23:08.940+0000] {processor.py:183} INFO - Processing /home/airflow/.local/lib/python3.12/site-packages/airflow/example_dags/example_display_name.py took 0.035 seconds
[2024-06-06T14:23:39.839+0000] {processor.py:161} INFO - Started process (PID=229) to work on /home/airflow/.local/lib/python3.12/site-packages/airflow/example_dags/example_display_name.py
[2024-06-06T14:23:39.840+0000] {processor.py:830} INFO - Processing file /home/airflow/.local/lib/python3.12/site-packages/airflow/example_dags/example_display_name.py for tasks to queue
[2024-06-06T14:23:39.843+0000] {logging_mixin.py:188} INFO - [2024-06-06T14:23:39.843+0000] {dagbag.py:545} INFO - Filling up the DagBag from /home/airflow/.local/lib/python3.12/site-packages/airflow/example_dags/example_display_name.py
[2024-06-06T14:23:39.846+0000] {processor.py:840} INFO - DAG(s) 'example_display_name' retrieved from /home/airflow/.local/lib/python3.12/site-packages/airflow/example_dags/example_display_name.py
[2024-06-06T14:23:39.859+0000] {logging_mixin.py:188} INFO - [2024-06-06T14:23:39.858+0000] {dag.py:3096} INFO - Sync 1 DAGs
[2024-06-06T14:23:39.866+0000] {logging_mixin.py:188} INFO - [2024-06-06T14:23:39.866+0000] {dag.py:3954} INFO - Setting next_dagrun for example_display_name to None, run_after=None
[2024-06-06T14:23:39.877+0000] {processor.py:183} INFO - Processing /home/airflow/.local/lib/python3.12/site-packages/airflow/example_dags/example_display_name.py took 0.041 seconds
[2024-06-06T14:24:10.888+0000] {processor.py:161} INFO - Started process (PID=287) to work on /home/airflow/.local/lib/python3.12/site-packages/airflow/example_dags/example_display_name.py
[2024-06-06T14:24:10.889+0000] {processor.py:830} INFO - Processing file /home/airflow/.local/lib/python3.12/site-packages/airflow/example_dags/example_display_name.py for tasks to queue
[2024-06-06T14:24:10.890+0000] {logging_mixin.py:188} INFO - [2024-06-06T14:24:10.890+0000] {dagbag.py:545} INFO - Filling up the DagBag from /home/airflow/.local/lib/python3.12/site-packages/airflow/example_dags/example_display_name.py
[2024-06-06T14:24:10.893+0000] {processor.py:840} INFO - DAG(s) 'example_display_name' retrieved from /home/airflow/.local/lib/python3.12/site-packages/airflow/example_dags/example_display_name.py
[2024-06-06T14:24:10.903+0000] {logging_mixin.py:188} INFO - [2024-06-06T14:24:10.903+0000] {dag.py:3096} INFO - Sync 1 DAGs
[2024-06-06T14:24:10.910+0000] {logging_mixin.py:188} INFO - [2024-06-06T14:24:10.910+0000] {dag.py:3954} INFO - Setting next_dagrun for example_display_name to None, run_after=None
[2024-06-06T14:24:10.920+0000] {processor.py:183} INFO - Processing /home/airflow/.local/lib/python3.12/site-packages/airflow/example_dags/example_display_name.py took 0.035 seconds
[2024-06-06T14:24:41.501+0000] {processor.py:161} INFO - Started process (PID=345) to work on /home/airflow/.local/lib/python3.12/site-packages/airflow/example_dags/example_display_name.py
[2024-06-06T14:24:41.502+0000] {processor.py:830} INFO - Processing file /home/airflow/.local/lib/python3.12/site-packages/airflow/example_dags/example_display_name.py for tasks to queue
[2024-06-06T14:24:41.503+0000] {logging_mixin.py:188} INFO - [2024-06-06T14:24:41.503+0000] {dagbag.py:545} INFO - Filling up the DagBag from /home/airflow/.local/lib/python3.12/site-packages/airflow/example_dags/example_display_name.py
[2024-06-06T14:24:41.506+0000] {processor.py:840} INFO - DAG(s) 'example_display_name' retrieved from /home/airflow/.local/lib/python3.12/site-packages/airflow/example_dags/example_display_name.py
[2024-06-06T14:24:41.517+0000] {logging_mixin.py:188} INFO - [2024-06-06T14:24:41.517+0000] {dag.py:3096} INFO - Sync 1 DAGs
[2024-06-06T14:24:41.524+0000] {logging_mixin.py:188} INFO - [2024-06-06T14:24:41.524+0000] {dag.py:3954} INFO - Setting next_dagrun for example_display_name to None, run_after=None
[2024-06-06T14:24:41.534+0000] {processor.py:183} INFO - Processing /home/airflow/.local/lib/python3.12/site-packages/airflow/example_dags/example_display_name.py took 0.036 seconds
