[2024-06-06T14:22:07.042+0000] {processor.py:161} INFO - Started process (PID=50) to work on /home/airflow/.local/lib/python3.12/site-packages/airflow/example_dags/example_dag_decorator.py
[2024-06-06T14:22:07.043+0000] {processor.py:830} INFO - Processing file /home/airflow/.local/lib/python3.12/site-packages/airflow/example_dags/example_dag_decorator.py for tasks to queue
[2024-06-06T14:22:07.044+0000] {logging_mixin.py:188} INFO - [2024-06-06T14:22:07.044+0000] {dagbag.py:545} INFO - Filling up the DagBag from /home/airflow/.local/lib/python3.12/site-packages/airflow/example_dags/example_dag_decorator.py
[2024-06-06T14:22:07.116+0000] {processor.py:840} INFO - DAG(s) 'example_dag_decorator' retrieved from /home/airflow/.local/lib/python3.12/site-packages/airflow/example_dags/example_dag_decorator.py
[2024-06-06T14:22:07.202+0000] {logging_mixin.py:188} INFO - [2024-06-06T14:22:07.202+0000] {dag.py:3096} INFO - Sync 1 DAGs
[2024-06-06T14:22:07.209+0000] {logging_mixin.py:188} INFO - [2024-06-06T14:22:07.209+0000] {dag.py:3954} INFO - Setting next_dagrun for example_dag_decorator to None, run_after=None
[2024-06-06T14:22:07.220+0000] {processor.py:183} INFO - Processing /home/airflow/.local/lib/python3.12/site-packages/airflow/example_dags/example_dag_decorator.py took 0.181 seconds
[2024-06-06T14:22:38.164+0000] {processor.py:161} INFO - Started process (PID=109) to work on /home/airflow/.local/lib/python3.12/site-packages/airflow/example_dags/example_dag_decorator.py
[2024-06-06T14:22:38.165+0000] {processor.py:830} INFO - Processing file /home/airflow/.local/lib/python3.12/site-packages/airflow/example_dags/example_dag_decorator.py for tasks to queue
[2024-06-06T14:22:38.166+0000] {logging_mixin.py:188} INFO - [2024-06-06T14:22:38.166+0000] {dagbag.py:545} INFO - Filling up the DagBag from /home/airflow/.local/lib/python3.12/site-packages/airflow/example_dags/example_dag_decorator.py
[2024-06-06T14:22:38.215+0000] {processor.py:840} INFO - DAG(s) 'example_dag_decorator' retrieved from /home/airflow/.local/lib/python3.12/site-packages/airflow/example_dags/example_dag_decorator.py
[2024-06-06T14:22:38.274+0000] {logging_mixin.py:188} INFO - [2024-06-06T14:22:38.274+0000] {dag.py:3096} INFO - Sync 1 DAGs
[2024-06-06T14:22:38.280+0000] {logging_mixin.py:188} INFO - [2024-06-06T14:22:38.280+0000] {dag.py:3954} INFO - Setting next_dagrun for example_dag_decorator to None, run_after=None
[2024-06-06T14:22:38.291+0000] {processor.py:183} INFO - Processing /home/airflow/.local/lib/python3.12/site-packages/airflow/example_dags/example_dag_decorator.py took 0.130 seconds
[2024-06-06T14:23:08.765+0000] {processor.py:161} INFO - Started process (PID=167) to work on /home/airflow/.local/lib/python3.12/site-packages/airflow/example_dags/example_dag_decorator.py
[2024-06-06T14:23:08.765+0000] {processor.py:830} INFO - Processing file /home/airflow/.local/lib/python3.12/site-packages/airflow/example_dags/example_dag_decorator.py for tasks to queue
[2024-06-06T14:23:08.766+0000] {logging_mixin.py:188} INFO - [2024-06-06T14:23:08.766+0000] {dagbag.py:545} INFO - Filling up the DagBag from /home/airflow/.local/lib/python3.12/site-packages/airflow/example_dags/example_dag_decorator.py
[2024-06-06T14:23:08.817+0000] {processor.py:840} INFO - DAG(s) 'example_dag_decorator' retrieved from /home/airflow/.local/lib/python3.12/site-packages/airflow/example_dags/example_dag_decorator.py
[2024-06-06T14:23:08.876+0000] {logging_mixin.py:188} INFO - [2024-06-06T14:23:08.876+0000] {dag.py:3096} INFO - Sync 1 DAGs
[2024-06-06T14:23:08.882+0000] {logging_mixin.py:188} INFO - [2024-06-06T14:23:08.882+0000] {dag.py:3954} INFO - Setting next_dagrun for example_dag_decorator to None, run_after=None
[2024-06-06T14:23:08.892+0000] {processor.py:183} INFO - Processing /home/airflow/.local/lib/python3.12/site-packages/airflow/example_dags/example_dag_decorator.py took 0.131 seconds
[2024-06-06T14:23:39.679+0000] {processor.py:161} INFO - Started process (PID=225) to work on /home/airflow/.local/lib/python3.12/site-packages/airflow/example_dags/example_dag_decorator.py
[2024-06-06T14:23:39.680+0000] {processor.py:830} INFO - Processing file /home/airflow/.local/lib/python3.12/site-packages/airflow/example_dags/example_dag_decorator.py for tasks to queue
[2024-06-06T14:23:39.681+0000] {logging_mixin.py:188} INFO - [2024-06-06T14:23:39.681+0000] {dagbag.py:545} INFO - Filling up the DagBag from /home/airflow/.local/lib/python3.12/site-packages/airflow/example_dags/example_dag_decorator.py
[2024-06-06T14:23:39.735+0000] {processor.py:840} INFO - DAG(s) 'example_dag_decorator' retrieved from /home/airflow/.local/lib/python3.12/site-packages/airflow/example_dags/example_dag_decorator.py
[2024-06-06T14:23:39.801+0000] {logging_mixin.py:188} INFO - [2024-06-06T14:23:39.801+0000] {dag.py:3096} INFO - Sync 1 DAGs
[2024-06-06T14:23:39.807+0000] {logging_mixin.py:188} INFO - [2024-06-06T14:23:39.807+0000] {dag.py:3954} INFO - Setting next_dagrun for example_dag_decorator to None, run_after=None
[2024-06-06T14:23:39.821+0000] {processor.py:183} INFO - Processing /home/airflow/.local/lib/python3.12/site-packages/airflow/example_dags/example_dag_decorator.py took 0.145 seconds
[2024-06-06T14:24:10.743+0000] {processor.py:161} INFO - Started process (PID=283) to work on /home/airflow/.local/lib/python3.12/site-packages/airflow/example_dags/example_dag_decorator.py
[2024-06-06T14:24:10.743+0000] {processor.py:830} INFO - Processing file /home/airflow/.local/lib/python3.12/site-packages/airflow/example_dags/example_dag_decorator.py for tasks to queue
[2024-06-06T14:24:10.744+0000] {logging_mixin.py:188} INFO - [2024-06-06T14:24:10.744+0000] {dagbag.py:545} INFO - Filling up the DagBag from /home/airflow/.local/lib/python3.12/site-packages/airflow/example_dags/example_dag_decorator.py
[2024-06-06T14:24:10.796+0000] {processor.py:840} INFO - DAG(s) 'example_dag_decorator' retrieved from /home/airflow/.local/lib/python3.12/site-packages/airflow/example_dags/example_dag_decorator.py
[2024-06-06T14:24:10.856+0000] {logging_mixin.py:188} INFO - [2024-06-06T14:24:10.855+0000] {dag.py:3096} INFO - Sync 1 DAGs
[2024-06-06T14:24:10.861+0000] {logging_mixin.py:188} INFO - [2024-06-06T14:24:10.861+0000] {dag.py:3954} INFO - Setting next_dagrun for example_dag_decorator to None, run_after=None
[2024-06-06T14:24:10.872+0000] {processor.py:183} INFO - Processing /home/airflow/.local/lib/python3.12/site-packages/airflow/example_dags/example_dag_decorator.py took 0.132 seconds
[2024-06-06T14:24:41.357+0000] {processor.py:161} INFO - Started process (PID=341) to work on /home/airflow/.local/lib/python3.12/site-packages/airflow/example_dags/example_dag_decorator.py
[2024-06-06T14:24:41.357+0000] {processor.py:830} INFO - Processing file /home/airflow/.local/lib/python3.12/site-packages/airflow/example_dags/example_dag_decorator.py for tasks to queue
[2024-06-06T14:24:41.358+0000] {logging_mixin.py:188} INFO - [2024-06-06T14:24:41.358+0000] {dagbag.py:545} INFO - Filling up the DagBag from /home/airflow/.local/lib/python3.12/site-packages/airflow/example_dags/example_dag_decorator.py
[2024-06-06T14:24:41.408+0000] {processor.py:840} INFO - DAG(s) 'example_dag_decorator' retrieved from /home/airflow/.local/lib/python3.12/site-packages/airflow/example_dags/example_dag_decorator.py
[2024-06-06T14:24:41.467+0000] {logging_mixin.py:188} INFO - [2024-06-06T14:24:41.467+0000] {dag.py:3096} INFO - Sync 1 DAGs
[2024-06-06T14:24:41.473+0000] {logging_mixin.py:188} INFO - [2024-06-06T14:24:41.473+0000] {dag.py:3954} INFO - Setting next_dagrun for example_dag_decorator to None, run_after=None
[2024-06-06T14:24:41.484+0000] {processor.py:183} INFO - Processing /home/airflow/.local/lib/python3.12/site-packages/airflow/example_dags/example_dag_decorator.py took 0.130 seconds
