[2024-06-06T14:22:08.555+0000] {processor.py:161} INFO - Started process (PID=87) to work on /home/airflow/.local/lib/python3.12/site-packages/airflow/example_dags/example_setup_teardown.py
[2024-06-06T14:22:08.556+0000] {processor.py:830} INFO - Processing file /home/airflow/.local/lib/python3.12/site-packages/airflow/example_dags/example_setup_teardown.py for tasks to queue
[2024-06-06T14:22:08.557+0000] {logging_mixin.py:188} INFO - [2024-06-06T14:22:08.557+0000] {dagbag.py:545} INFO - Filling up the DagBag from /home/airflow/.local/lib/python3.12/site-packages/airflow/example_dags/example_setup_teardown.py
[2024-06-06T14:22:08.561+0000] {processor.py:840} INFO - DAG(s) 'example_setup_teardown' retrieved from /home/airflow/.local/lib/python3.12/site-packages/airflow/example_dags/example_setup_teardown.py
[2024-06-06T14:22:08.573+0000] {logging_mixin.py:188} INFO - [2024-06-06T14:22:08.573+0000] {dag.py:3096} INFO - Sync 1 DAGs
[2024-06-06T14:22:08.586+0000] {logging_mixin.py:188} INFO - [2024-06-06T14:22:08.586+0000] {dag.py:3954} INFO - Setting next_dagrun for example_setup_teardown to 2024-06-05 00:00:00+00:00, run_after=2024-06-06 00:00:00+00:00
[2024-06-06T14:22:08.597+0000] {processor.py:183} INFO - Processing /home/airflow/.local/lib/python3.12/site-packages/airflow/example_dags/example_setup_teardown.py took 0.046 seconds
[2024-06-06T14:22:39.263+0000] {processor.py:161} INFO - Started process (PID=145) to work on /home/airflow/.local/lib/python3.12/site-packages/airflow/example_dags/example_setup_teardown.py
[2024-06-06T14:22:39.264+0000] {processor.py:830} INFO - Processing file /home/airflow/.local/lib/python3.12/site-packages/airflow/example_dags/example_setup_teardown.py for tasks to queue
[2024-06-06T14:22:39.265+0000] {logging_mixin.py:188} INFO - [2024-06-06T14:22:39.265+0000] {dagbag.py:545} INFO - Filling up the DagBag from /home/airflow/.local/lib/python3.12/site-packages/airflow/example_dags/example_setup_teardown.py
[2024-06-06T14:22:39.269+0000] {processor.py:840} INFO - DAG(s) 'example_setup_teardown' retrieved from /home/airflow/.local/lib/python3.12/site-packages/airflow/example_dags/example_setup_teardown.py
[2024-06-06T14:22:39.280+0000] {logging_mixin.py:188} INFO - [2024-06-06T14:22:39.280+0000] {dag.py:3096} INFO - Sync 1 DAGs
[2024-06-06T14:22:39.291+0000] {logging_mixin.py:188} INFO - [2024-06-06T14:22:39.291+0000] {dag.py:3954} INFO - Setting next_dagrun for example_setup_teardown to 2024-06-05 00:00:00+00:00, run_after=2024-06-06 00:00:00+00:00
[2024-06-06T14:22:39.301+0000] {processor.py:183} INFO - Processing /home/airflow/.local/lib/python3.12/site-packages/airflow/example_dags/example_setup_teardown.py took 0.041 seconds
[2024-06-06T14:23:09.889+0000] {processor.py:161} INFO - Started process (PID=203) to work on /home/airflow/.local/lib/python3.12/site-packages/airflow/example_dags/example_setup_teardown.py
[2024-06-06T14:23:09.890+0000] {processor.py:830} INFO - Processing file /home/airflow/.local/lib/python3.12/site-packages/airflow/example_dags/example_setup_teardown.py for tasks to queue
[2024-06-06T14:23:09.891+0000] {logging_mixin.py:188} INFO - [2024-06-06T14:23:09.891+0000] {dagbag.py:545} INFO - Filling up the DagBag from /home/airflow/.local/lib/python3.12/site-packages/airflow/example_dags/example_setup_teardown.py
[2024-06-06T14:23:09.895+0000] {processor.py:840} INFO - DAG(s) 'example_setup_teardown' retrieved from /home/airflow/.local/lib/python3.12/site-packages/airflow/example_dags/example_setup_teardown.py
[2024-06-06T14:23:09.906+0000] {logging_mixin.py:188} INFO - [2024-06-06T14:23:09.906+0000] {dag.py:3096} INFO - Sync 1 DAGs
[2024-06-06T14:23:09.917+0000] {logging_mixin.py:188} INFO - [2024-06-06T14:23:09.917+0000] {dag.py:3954} INFO - Setting next_dagrun for example_setup_teardown to 2024-06-05 00:00:00+00:00, run_after=2024-06-06 00:00:00+00:00
[2024-06-06T14:23:09.928+0000] {processor.py:183} INFO - Processing /home/airflow/.local/lib/python3.12/site-packages/airflow/example_dags/example_setup_teardown.py took 0.041 seconds
[2024-06-06T14:23:40.961+0000] {processor.py:161} INFO - Started process (PID=261) to work on /home/airflow/.local/lib/python3.12/site-packages/airflow/example_dags/example_setup_teardown.py
[2024-06-06T14:23:40.962+0000] {processor.py:830} INFO - Processing file /home/airflow/.local/lib/python3.12/site-packages/airflow/example_dags/example_setup_teardown.py for tasks to queue
[2024-06-06T14:23:40.963+0000] {logging_mixin.py:188} INFO - [2024-06-06T14:23:40.963+0000] {dagbag.py:545} INFO - Filling up the DagBag from /home/airflow/.local/lib/python3.12/site-packages/airflow/example_dags/example_setup_teardown.py
[2024-06-06T14:23:40.967+0000] {processor.py:840} INFO - DAG(s) 'example_setup_teardown' retrieved from /home/airflow/.local/lib/python3.12/site-packages/airflow/example_dags/example_setup_teardown.py
[2024-06-06T14:23:40.979+0000] {logging_mixin.py:188} INFO - [2024-06-06T14:23:40.979+0000] {dag.py:3096} INFO - Sync 1 DAGs
[2024-06-06T14:23:40.992+0000] {logging_mixin.py:188} INFO - [2024-06-06T14:23:40.992+0000] {dag.py:3954} INFO - Setting next_dagrun for example_setup_teardown to 2024-06-05 00:00:00+00:00, run_after=2024-06-06 00:00:00+00:00
[2024-06-06T14:23:41.005+0000] {processor.py:183} INFO - Processing /home/airflow/.local/lib/python3.12/site-packages/airflow/example_dags/example_setup_teardown.py took 0.047 seconds
[2024-06-06T14:24:11.841+0000] {processor.py:161} INFO - Started process (PID=319) to work on /home/airflow/.local/lib/python3.12/site-packages/airflow/example_dags/example_setup_teardown.py
[2024-06-06T14:24:11.842+0000] {processor.py:830} INFO - Processing file /home/airflow/.local/lib/python3.12/site-packages/airflow/example_dags/example_setup_teardown.py for tasks to queue
[2024-06-06T14:24:11.843+0000] {logging_mixin.py:188} INFO - [2024-06-06T14:24:11.843+0000] {dagbag.py:545} INFO - Filling up the DagBag from /home/airflow/.local/lib/python3.12/site-packages/airflow/example_dags/example_setup_teardown.py
[2024-06-06T14:24:11.847+0000] {processor.py:840} INFO - DAG(s) 'example_setup_teardown' retrieved from /home/airflow/.local/lib/python3.12/site-packages/airflow/example_dags/example_setup_teardown.py
[2024-06-06T14:24:11.858+0000] {logging_mixin.py:188} INFO - [2024-06-06T14:24:11.858+0000] {dag.py:3096} INFO - Sync 1 DAGs
[2024-06-06T14:24:11.869+0000] {logging_mixin.py:188} INFO - [2024-06-06T14:24:11.869+0000] {dag.py:3954} INFO - Setting next_dagrun for example_setup_teardown to 2024-06-05 00:00:00+00:00, run_after=2024-06-06 00:00:00+00:00
[2024-06-06T14:24:11.879+0000] {processor.py:183} INFO - Processing /home/airflow/.local/lib/python3.12/site-packages/airflow/example_dags/example_setup_teardown.py took 0.041 seconds
[2024-06-06T14:24:42.565+0000] {processor.py:161} INFO - Started process (PID=377) to work on /home/airflow/.local/lib/python3.12/site-packages/airflow/example_dags/example_setup_teardown.py
[2024-06-06T14:24:42.565+0000] {processor.py:830} INFO - Processing file /home/airflow/.local/lib/python3.12/site-packages/airflow/example_dags/example_setup_teardown.py for tasks to queue
[2024-06-06T14:24:42.567+0000] {logging_mixin.py:188} INFO - [2024-06-06T14:24:42.566+0000] {dagbag.py:545} INFO - Filling up the DagBag from /home/airflow/.local/lib/python3.12/site-packages/airflow/example_dags/example_setup_teardown.py
[2024-06-06T14:24:42.570+0000] {processor.py:840} INFO - DAG(s) 'example_setup_teardown' retrieved from /home/airflow/.local/lib/python3.12/site-packages/airflow/example_dags/example_setup_teardown.py
[2024-06-06T14:24:42.582+0000] {logging_mixin.py:188} INFO - [2024-06-06T14:24:42.582+0000] {dag.py:3096} INFO - Sync 1 DAGs
[2024-06-06T14:24:42.594+0000] {logging_mixin.py:188} INFO - [2024-06-06T14:24:42.594+0000] {dag.py:3954} INFO - Setting next_dagrun for example_setup_teardown to 2024-06-05 00:00:00+00:00, run_after=2024-06-06 00:00:00+00:00
[2024-06-06T14:24:42.605+0000] {processor.py:183} INFO - Processing /home/airflow/.local/lib/python3.12/site-packages/airflow/example_dags/example_setup_teardown.py took 0.043 seconds
