[2024-06-06T14:22:08.072+0000] {processor.py:161} INFO - Started process (PID=74) to work on /home/airflow/.local/lib/python3.12/site-packages/airflow/example_dags/example_sla_dag.py
[2024-06-06T14:22:08.073+0000] {processor.py:830} INFO - Processing file /home/airflow/.local/lib/python3.12/site-packages/airflow/example_dags/example_sla_dag.py for tasks to queue
[2024-06-06T14:22:08.074+0000] {logging_mixin.py:188} INFO - [2024-06-06T14:22:08.074+0000] {dagbag.py:545} INFO - Filling up the DagBag from /home/airflow/.local/lib/python3.12/site-packages/airflow/example_dags/example_sla_dag.py
[2024-06-06T14:22:08.079+0000] {processor.py:840} INFO - DAG(s) 'example_sla_dag' retrieved from /home/airflow/.local/lib/python3.12/site-packages/airflow/example_dags/example_sla_dag.py
[2024-06-06T14:22:08.096+0000] {logging_mixin.py:188} INFO - [2024-06-06T14:22:08.096+0000] {dag.py:3096} INFO - Sync 1 DAGs
[2024-06-06T14:22:08.112+0000] {logging_mixin.py:188} INFO - [2024-06-06T14:22:08.112+0000] {dag.py:3954} INFO - Setting next_dagrun for example_sla_dag to 2024-06-06 14:20:00+00:00, run_after=2024-06-06 14:22:00+00:00
[2024-06-06T14:22:08.122+0000] {processor.py:183} INFO - Processing /home/airflow/.local/lib/python3.12/site-packages/airflow/example_dags/example_sla_dag.py took 0.053 seconds
[2024-06-06T14:22:38.860+0000] {processor.py:161} INFO - Started process (PID=132) to work on /home/airflow/.local/lib/python3.12/site-packages/airflow/example_dags/example_sla_dag.py
[2024-06-06T14:22:38.861+0000] {processor.py:830} INFO - Processing file /home/airflow/.local/lib/python3.12/site-packages/airflow/example_dags/example_sla_dag.py for tasks to queue
[2024-06-06T14:22:38.862+0000] {logging_mixin.py:188} INFO - [2024-06-06T14:22:38.862+0000] {dagbag.py:545} INFO - Filling up the DagBag from /home/airflow/.local/lib/python3.12/site-packages/airflow/example_dags/example_sla_dag.py
[2024-06-06T14:22:38.867+0000] {processor.py:840} INFO - DAG(s) 'example_sla_dag' retrieved from /home/airflow/.local/lib/python3.12/site-packages/airflow/example_dags/example_sla_dag.py
[2024-06-06T14:22:38.878+0000] {logging_mixin.py:188} INFO - [2024-06-06T14:22:38.878+0000] {dag.py:3096} INFO - Sync 1 DAGs
[2024-06-06T14:22:38.891+0000] {logging_mixin.py:188} INFO - [2024-06-06T14:22:38.891+0000] {dag.py:3954} INFO - Setting next_dagrun for example_sla_dag to 2024-06-06 14:20:00+00:00, run_after=2024-06-06 14:22:00+00:00
[2024-06-06T14:22:38.901+0000] {processor.py:183} INFO - Processing /home/airflow/.local/lib/python3.12/site-packages/airflow/example_dags/example_sla_dag.py took 0.043 seconds
[2024-06-06T14:23:09.516+0000] {processor.py:161} INFO - Started process (PID=190) to work on /home/airflow/.local/lib/python3.12/site-packages/airflow/example_dags/example_sla_dag.py
[2024-06-06T14:23:09.516+0000] {processor.py:830} INFO - Processing file /home/airflow/.local/lib/python3.12/site-packages/airflow/example_dags/example_sla_dag.py for tasks to queue
[2024-06-06T14:23:09.518+0000] {logging_mixin.py:188} INFO - [2024-06-06T14:23:09.517+0000] {dagbag.py:545} INFO - Filling up the DagBag from /home/airflow/.local/lib/python3.12/site-packages/airflow/example_dags/example_sla_dag.py
[2024-06-06T14:23:09.522+0000] {processor.py:840} INFO - DAG(s) 'example_sla_dag' retrieved from /home/airflow/.local/lib/python3.12/site-packages/airflow/example_dags/example_sla_dag.py
[2024-06-06T14:23:09.534+0000] {logging_mixin.py:188} INFO - [2024-06-06T14:23:09.534+0000] {dag.py:3096} INFO - Sync 1 DAGs
[2024-06-06T14:23:09.548+0000] {logging_mixin.py:188} INFO - [2024-06-06T14:23:09.547+0000] {dag.py:3954} INFO - Setting next_dagrun for example_sla_dag to 2024-06-06 14:20:00+00:00, run_after=2024-06-06 14:22:00+00:00
[2024-06-06T14:23:09.558+0000] {processor.py:183} INFO - Processing /home/airflow/.local/lib/python3.12/site-packages/airflow/example_dags/example_sla_dag.py took 0.045 seconds
[2024-06-06T14:23:40.456+0000] {processor.py:161} INFO - Started process (PID=248) to work on /home/airflow/.local/lib/python3.12/site-packages/airflow/example_dags/example_sla_dag.py
[2024-06-06T14:23:40.457+0000] {processor.py:830} INFO - Processing file /home/airflow/.local/lib/python3.12/site-packages/airflow/example_dags/example_sla_dag.py for tasks to queue
[2024-06-06T14:23:40.459+0000] {logging_mixin.py:188} INFO - [2024-06-06T14:23:40.459+0000] {dagbag.py:545} INFO - Filling up the DagBag from /home/airflow/.local/lib/python3.12/site-packages/airflow/example_dags/example_sla_dag.py
[2024-06-06T14:23:40.465+0000] {processor.py:840} INFO - DAG(s) 'example_sla_dag' retrieved from /home/airflow/.local/lib/python3.12/site-packages/airflow/example_dags/example_sla_dag.py
[2024-06-06T14:23:40.479+0000] {logging_mixin.py:188} INFO - [2024-06-06T14:23:40.479+0000] {dag.py:3096} INFO - Sync 1 DAGs
[2024-06-06T14:23:40.497+0000] {logging_mixin.py:188} INFO - [2024-06-06T14:23:40.497+0000] {dag.py:3954} INFO - Setting next_dagrun for example_sla_dag to 2024-06-06 14:20:00+00:00, run_after=2024-06-06 14:22:00+00:00
[2024-06-06T14:23:40.511+0000] {processor.py:183} INFO - Processing /home/airflow/.local/lib/python3.12/site-packages/airflow/example_dags/example_sla_dag.py took 0.059 seconds
[2024-06-06T14:24:11.428+0000] {processor.py:161} INFO - Started process (PID=306) to work on /home/airflow/.local/lib/python3.12/site-packages/airflow/example_dags/example_sla_dag.py
[2024-06-06T14:24:11.429+0000] {processor.py:830} INFO - Processing file /home/airflow/.local/lib/python3.12/site-packages/airflow/example_dags/example_sla_dag.py for tasks to queue
[2024-06-06T14:24:11.430+0000] {logging_mixin.py:188} INFO - [2024-06-06T14:24:11.429+0000] {dagbag.py:545} INFO - Filling up the DagBag from /home/airflow/.local/lib/python3.12/site-packages/airflow/example_dags/example_sla_dag.py
[2024-06-06T14:24:11.434+0000] {processor.py:840} INFO - DAG(s) 'example_sla_dag' retrieved from /home/airflow/.local/lib/python3.12/site-packages/airflow/example_dags/example_sla_dag.py
[2024-06-06T14:24:11.445+0000] {logging_mixin.py:188} INFO - [2024-06-06T14:24:11.445+0000] {dag.py:3096} INFO - Sync 1 DAGs
[2024-06-06T14:24:11.459+0000] {logging_mixin.py:188} INFO - [2024-06-06T14:24:11.459+0000] {dag.py:3954} INFO - Setting next_dagrun for example_sla_dag to 2024-06-06 14:22:00+00:00, run_after=2024-06-06 14:24:00+00:00
[2024-06-06T14:24:11.468+0000] {processor.py:183} INFO - Processing /home/airflow/.local/lib/python3.12/site-packages/airflow/example_dags/example_sla_dag.py took 0.044 seconds
[2024-06-06T14:24:42.124+0000] {processor.py:161} INFO - Started process (PID=364) to work on /home/airflow/.local/lib/python3.12/site-packages/airflow/example_dags/example_sla_dag.py
[2024-06-06T14:24:42.124+0000] {processor.py:830} INFO - Processing file /home/airflow/.local/lib/python3.12/site-packages/airflow/example_dags/example_sla_dag.py for tasks to queue
[2024-06-06T14:24:42.125+0000] {logging_mixin.py:188} INFO - [2024-06-06T14:24:42.125+0000] {dagbag.py:545} INFO - Filling up the DagBag from /home/airflow/.local/lib/python3.12/site-packages/airflow/example_dags/example_sla_dag.py
[2024-06-06T14:24:42.130+0000] {processor.py:840} INFO - DAG(s) 'example_sla_dag' retrieved from /home/airflow/.local/lib/python3.12/site-packages/airflow/example_dags/example_sla_dag.py
[2024-06-06T14:24:42.142+0000] {logging_mixin.py:188} INFO - [2024-06-06T14:24:42.141+0000] {dag.py:3096} INFO - Sync 1 DAGs
[2024-06-06T14:24:42.155+0000] {logging_mixin.py:188} INFO - [2024-06-06T14:24:42.155+0000] {dag.py:3954} INFO - Setting next_dagrun for example_sla_dag to 2024-06-06 14:22:00+00:00, run_after=2024-06-06 14:24:00+00:00
[2024-06-06T14:24:42.166+0000] {processor.py:183} INFO - Processing /home/airflow/.local/lib/python3.12/site-packages/airflow/example_dags/example_sla_dag.py took 0.045 seconds
