[2024-06-06T14:22:08.208+0000] {processor.py:161} INFO - Started process (PID=78) to work on /home/airflow/.local/lib/python3.12/site-packages/airflow/example_dags/example_datasets.py
[2024-06-06T14:22:08.209+0000] {processor.py:830} INFO - Processing file /home/airflow/.local/lib/python3.12/site-packages/airflow/example_dags/example_datasets.py for tasks to queue
[2024-06-06T14:22:08.210+0000] {logging_mixin.py:188} INFO - [2024-06-06T14:22:08.210+0000] {dagbag.py:545} INFO - Filling up the DagBag from /home/airflow/.local/lib/python3.12/site-packages/airflow/example_dags/example_datasets.py
[2024-06-06T14:22:08.220+0000] {processor.py:840} INFO - DAG(s) 'dataset_produces_2', 'consume_1_or_both_2_and_3_with_dataset_expressions', 'dataset_produces_1', 'dataset_consumes_1', 'consume_1_or_2_with_dataset_expressions', 'consume_1_and_2_with_dataset_expressions', 'conditional_dataset_and_time_based_timetable', 'dataset_consumes_1_never_scheduled', 'dataset_consumes_1_and_2', 'dataset_consumes_unknown_never_scheduled' retrieved from /home/airflow/.local/lib/python3.12/site-packages/airflow/example_dags/example_datasets.py
[2024-06-06T14:22:08.250+0000] {logging_mixin.py:188} INFO - [2024-06-06T14:22:08.249+0000] {dag.py:3096} INFO - Sync 10 DAGs
[2024-06-06T14:22:08.265+0000] {logging_mixin.py:188} INFO - [2024-06-06T14:22:08.264+0000] {dag.py:3954} INFO - Setting next_dagrun for conditional_dataset_and_time_based_timetable to 2024-06-05 01:00:00+00:00, run_after=2024-06-05 01:00:00+00:00
[2024-06-06T14:22:08.267+0000] {logging_mixin.py:188} INFO - [2024-06-06T14:22:08.267+0000] {dag.py:3954} INFO - Setting next_dagrun for consume_1_and_2_with_dataset_expressions to None, run_after=None
[2024-06-06T14:22:08.268+0000] {logging_mixin.py:188} INFO - [2024-06-06T14:22:08.268+0000] {dag.py:3954} INFO - Setting next_dagrun for consume_1_or_2_with_dataset_expressions to None, run_after=None
[2024-06-06T14:22:08.270+0000] {logging_mixin.py:188} INFO - [2024-06-06T14:22:08.269+0000] {dag.py:3954} INFO - Setting next_dagrun for consume_1_or_both_2_and_3_with_dataset_expressions to None, run_after=None
[2024-06-06T14:22:08.271+0000] {logging_mixin.py:188} INFO - [2024-06-06T14:22:08.271+0000] {dag.py:3954} INFO - Setting next_dagrun for dataset_consumes_1 to None, run_after=None
[2024-06-06T14:22:08.272+0000] {logging_mixin.py:188} INFO - [2024-06-06T14:22:08.272+0000] {dag.py:3954} INFO - Setting next_dagrun for dataset_consumes_1_and_2 to None, run_after=None
[2024-06-06T14:22:08.274+0000] {logging_mixin.py:188} INFO - [2024-06-06T14:22:08.273+0000] {dag.py:3954} INFO - Setting next_dagrun for dataset_consumes_1_never_scheduled to None, run_after=None
[2024-06-06T14:22:08.275+0000] {logging_mixin.py:188} INFO - [2024-06-06T14:22:08.275+0000] {dag.py:3954} INFO - Setting next_dagrun for dataset_consumes_unknown_never_scheduled to None, run_after=None
[2024-06-06T14:22:08.276+0000] {logging_mixin.py:188} INFO - [2024-06-06T14:22:08.276+0000] {dag.py:3954} INFO - Setting next_dagrun for dataset_produces_1 to 2024-06-05 00:00:00+00:00, run_after=2024-06-06 00:00:00+00:00
[2024-06-06T14:22:08.277+0000] {logging_mixin.py:188} INFO - [2024-06-06T14:22:08.277+0000] {dag.py:3954} INFO - Setting next_dagrun for dataset_produces_2 to None, run_after=None
[2024-06-06T14:22:08.304+0000] {processor.py:183} INFO - Processing /home/airflow/.local/lib/python3.12/site-packages/airflow/example_dags/example_datasets.py took 0.099 seconds
[2024-06-06T14:22:38.969+0000] {processor.py:161} INFO - Started process (PID=136) to work on /home/airflow/.local/lib/python3.12/site-packages/airflow/example_dags/example_datasets.py
[2024-06-06T14:22:38.969+0000] {processor.py:830} INFO - Processing file /home/airflow/.local/lib/python3.12/site-packages/airflow/example_dags/example_datasets.py for tasks to queue
[2024-06-06T14:22:38.971+0000] {logging_mixin.py:188} INFO - [2024-06-06T14:22:38.970+0000] {dagbag.py:545} INFO - Filling up the DagBag from /home/airflow/.local/lib/python3.12/site-packages/airflow/example_dags/example_datasets.py
[2024-06-06T14:22:38.978+0000] {processor.py:840} INFO - DAG(s) 'dataset_consumes_1_and_2', 'conditional_dataset_and_time_based_timetable', 'dataset_consumes_1_never_scheduled', 'dataset_consumes_1', 'dataset_consumes_unknown_never_scheduled', 'dataset_produces_2', 'consume_1_or_2_with_dataset_expressions', 'dataset_produces_1', 'consume_1_and_2_with_dataset_expressions', 'consume_1_or_both_2_and_3_with_dataset_expressions' retrieved from /home/airflow/.local/lib/python3.12/site-packages/airflow/example_dags/example_datasets.py
[2024-06-06T14:22:39.005+0000] {logging_mixin.py:188} INFO - [2024-06-06T14:22:39.005+0000] {dag.py:3096} INFO - Sync 10 DAGs
[2024-06-06T14:22:39.019+0000] {logging_mixin.py:188} INFO - [2024-06-06T14:22:39.019+0000] {dag.py:3954} INFO - Setting next_dagrun for conditional_dataset_and_time_based_timetable to 2024-06-05 01:00:00+00:00, run_after=2024-06-05 01:00:00+00:00
[2024-06-06T14:22:39.022+0000] {logging_mixin.py:188} INFO - [2024-06-06T14:22:39.022+0000] {dag.py:3954} INFO - Setting next_dagrun for consume_1_and_2_with_dataset_expressions to None, run_after=None
[2024-06-06T14:22:39.022+0000] {logging_mixin.py:188} INFO - [2024-06-06T14:22:39.022+0000] {dag.py:3954} INFO - Setting next_dagrun for consume_1_or_2_with_dataset_expressions to None, run_after=None
[2024-06-06T14:22:39.023+0000] {logging_mixin.py:188} INFO - [2024-06-06T14:22:39.023+0000] {dag.py:3954} INFO - Setting next_dagrun for consume_1_or_both_2_and_3_with_dataset_expressions to None, run_after=None
[2024-06-06T14:22:39.024+0000] {logging_mixin.py:188} INFO - [2024-06-06T14:22:39.024+0000] {dag.py:3954} INFO - Setting next_dagrun for dataset_consumes_1 to None, run_after=None
[2024-06-06T14:22:39.025+0000] {logging_mixin.py:188} INFO - [2024-06-06T14:22:39.025+0000] {dag.py:3954} INFO - Setting next_dagrun for dataset_consumes_1_and_2 to None, run_after=None
[2024-06-06T14:22:39.026+0000] {logging_mixin.py:188} INFO - [2024-06-06T14:22:39.026+0000] {dag.py:3954} INFO - Setting next_dagrun for dataset_consumes_1_never_scheduled to None, run_after=None
[2024-06-06T14:22:39.027+0000] {logging_mixin.py:188} INFO - [2024-06-06T14:22:39.027+0000] {dag.py:3954} INFO - Setting next_dagrun for dataset_consumes_unknown_never_scheduled to None, run_after=None
[2024-06-06T14:22:39.028+0000] {logging_mixin.py:188} INFO - [2024-06-06T14:22:39.028+0000] {dag.py:3954} INFO - Setting next_dagrun for dataset_produces_1 to 2024-06-05 00:00:00+00:00, run_after=2024-06-06 00:00:00+00:00
[2024-06-06T14:22:39.030+0000] {logging_mixin.py:188} INFO - [2024-06-06T14:22:39.030+0000] {dag.py:3954} INFO - Setting next_dagrun for dataset_produces_2 to None, run_after=None
[2024-06-06T14:22:39.047+0000] {processor.py:183} INFO - Processing /home/airflow/.local/lib/python3.12/site-packages/airflow/example_dags/example_datasets.py took 0.081 seconds
[2024-06-06T14:23:09.630+0000] {processor.py:161} INFO - Started process (PID=194) to work on /home/airflow/.local/lib/python3.12/site-packages/airflow/example_dags/example_datasets.py
[2024-06-06T14:23:09.631+0000] {processor.py:830} INFO - Processing file /home/airflow/.local/lib/python3.12/site-packages/airflow/example_dags/example_datasets.py for tasks to queue
[2024-06-06T14:23:09.632+0000] {logging_mixin.py:188} INFO - [2024-06-06T14:23:09.632+0000] {dagbag.py:545} INFO - Filling up the DagBag from /home/airflow/.local/lib/python3.12/site-packages/airflow/example_dags/example_datasets.py
[2024-06-06T14:23:09.640+0000] {processor.py:840} INFO - DAG(s) 'dataset_consumes_1', 'dataset_produces_1', 'consume_1_or_2_with_dataset_expressions', 'dataset_consumes_1_never_scheduled', 'dataset_consumes_1_and_2', 'dataset_produces_2', 'consume_1_or_both_2_and_3_with_dataset_expressions', 'dataset_consumes_unknown_never_scheduled', 'conditional_dataset_and_time_based_timetable', 'consume_1_and_2_with_dataset_expressions' retrieved from /home/airflow/.local/lib/python3.12/site-packages/airflow/example_dags/example_datasets.py
[2024-06-06T14:23:09.668+0000] {logging_mixin.py:188} INFO - [2024-06-06T14:23:09.668+0000] {dag.py:3096} INFO - Sync 10 DAGs
[2024-06-06T14:23:09.682+0000] {logging_mixin.py:188} INFO - [2024-06-06T14:23:09.682+0000] {dag.py:3954} INFO - Setting next_dagrun for conditional_dataset_and_time_based_timetable to 2024-06-05 01:00:00+00:00, run_after=2024-06-05 01:00:00+00:00
[2024-06-06T14:23:09.685+0000] {logging_mixin.py:188} INFO - [2024-06-06T14:23:09.685+0000] {dag.py:3954} INFO - Setting next_dagrun for consume_1_and_2_with_dataset_expressions to None, run_after=None
[2024-06-06T14:23:09.686+0000] {logging_mixin.py:188} INFO - [2024-06-06T14:23:09.686+0000] {dag.py:3954} INFO - Setting next_dagrun for consume_1_or_2_with_dataset_expressions to None, run_after=None
[2024-06-06T14:23:09.687+0000] {logging_mixin.py:188} INFO - [2024-06-06T14:23:09.687+0000] {dag.py:3954} INFO - Setting next_dagrun for consume_1_or_both_2_and_3_with_dataset_expressions to None, run_after=None
[2024-06-06T14:23:09.688+0000] {logging_mixin.py:188} INFO - [2024-06-06T14:23:09.688+0000] {dag.py:3954} INFO - Setting next_dagrun for dataset_consumes_1 to None, run_after=None
[2024-06-06T14:23:09.689+0000] {logging_mixin.py:188} INFO - [2024-06-06T14:23:09.689+0000] {dag.py:3954} INFO - Setting next_dagrun for dataset_consumes_1_and_2 to None, run_after=None
[2024-06-06T14:23:09.690+0000] {logging_mixin.py:188} INFO - [2024-06-06T14:23:09.690+0000] {dag.py:3954} INFO - Setting next_dagrun for dataset_consumes_1_never_scheduled to None, run_after=None
[2024-06-06T14:23:09.691+0000] {logging_mixin.py:188} INFO - [2024-06-06T14:23:09.691+0000] {dag.py:3954} INFO - Setting next_dagrun for dataset_consumes_unknown_never_scheduled to None, run_after=None
[2024-06-06T14:23:09.692+0000] {logging_mixin.py:188} INFO - [2024-06-06T14:23:09.692+0000] {dag.py:3954} INFO - Setting next_dagrun for dataset_produces_1 to 2024-06-05 00:00:00+00:00, run_after=2024-06-06 00:00:00+00:00
[2024-06-06T14:23:09.693+0000] {logging_mixin.py:188} INFO - [2024-06-06T14:23:09.693+0000] {dag.py:3954} INFO - Setting next_dagrun for dataset_produces_2 to None, run_after=None
[2024-06-06T14:23:09.712+0000] {processor.py:183} INFO - Processing /home/airflow/.local/lib/python3.12/site-packages/airflow/example_dags/example_datasets.py took 0.085 seconds
[2024-06-06T14:23:40.597+0000] {processor.py:161} INFO - Started process (PID=252) to work on /home/airflow/.local/lib/python3.12/site-packages/airflow/example_dags/example_datasets.py
[2024-06-06T14:23:40.598+0000] {processor.py:830} INFO - Processing file /home/airflow/.local/lib/python3.12/site-packages/airflow/example_dags/example_datasets.py for tasks to queue
[2024-06-06T14:23:40.600+0000] {logging_mixin.py:188} INFO - [2024-06-06T14:23:40.599+0000] {dagbag.py:545} INFO - Filling up the DagBag from /home/airflow/.local/lib/python3.12/site-packages/airflow/example_dags/example_datasets.py
[2024-06-06T14:23:40.608+0000] {processor.py:840} INFO - DAG(s) 'consume_1_or_both_2_and_3_with_dataset_expressions', 'dataset_consumes_1', 'conditional_dataset_and_time_based_timetable', 'dataset_produces_1', 'dataset_consumes_1_and_2', 'dataset_consumes_1_never_scheduled', 'dataset_produces_2', 'dataset_consumes_unknown_never_scheduled', 'consume_1_or_2_with_dataset_expressions', 'consume_1_and_2_with_dataset_expressions' retrieved from /home/airflow/.local/lib/python3.12/site-packages/airflow/example_dags/example_datasets.py
[2024-06-06T14:23:40.636+0000] {logging_mixin.py:188} INFO - [2024-06-06T14:23:40.636+0000] {dag.py:3096} INFO - Sync 10 DAGs
[2024-06-06T14:23:40.652+0000] {logging_mixin.py:188} INFO - [2024-06-06T14:23:40.652+0000] {dag.py:3954} INFO - Setting next_dagrun for conditional_dataset_and_time_based_timetable to 2024-06-05 01:00:00+00:00, run_after=2024-06-05 01:00:00+00:00
[2024-06-06T14:23:40.656+0000] {logging_mixin.py:188} INFO - [2024-06-06T14:23:40.656+0000] {dag.py:3954} INFO - Setting next_dagrun for consume_1_and_2_with_dataset_expressions to None, run_after=None
[2024-06-06T14:23:40.658+0000] {logging_mixin.py:188} INFO - [2024-06-06T14:23:40.658+0000] {dag.py:3954} INFO - Setting next_dagrun for consume_1_or_2_with_dataset_expressions to None, run_after=None
[2024-06-06T14:23:40.660+0000] {logging_mixin.py:188} INFO - [2024-06-06T14:23:40.660+0000] {dag.py:3954} INFO - Setting next_dagrun for consume_1_or_both_2_and_3_with_dataset_expressions to None, run_after=None
[2024-06-06T14:23:40.661+0000] {logging_mixin.py:188} INFO - [2024-06-06T14:23:40.661+0000] {dag.py:3954} INFO - Setting next_dagrun for dataset_consumes_1 to None, run_after=None
[2024-06-06T14:23:40.663+0000] {logging_mixin.py:188} INFO - [2024-06-06T14:23:40.663+0000] {dag.py:3954} INFO - Setting next_dagrun for dataset_consumes_1_and_2 to None, run_after=None
[2024-06-06T14:23:40.664+0000] {logging_mixin.py:188} INFO - [2024-06-06T14:23:40.664+0000] {dag.py:3954} INFO - Setting next_dagrun for dataset_consumes_1_never_scheduled to None, run_after=None
[2024-06-06T14:23:40.665+0000] {logging_mixin.py:188} INFO - [2024-06-06T14:23:40.665+0000] {dag.py:3954} INFO - Setting next_dagrun for dataset_consumes_unknown_never_scheduled to None, run_after=None
[2024-06-06T14:23:40.667+0000] {logging_mixin.py:188} INFO - [2024-06-06T14:23:40.667+0000] {dag.py:3954} INFO - Setting next_dagrun for dataset_produces_1 to 2024-06-05 00:00:00+00:00, run_after=2024-06-06 00:00:00+00:00
[2024-06-06T14:23:40.668+0000] {logging_mixin.py:188} INFO - [2024-06-06T14:23:40.668+0000] {dag.py:3954} INFO - Setting next_dagrun for dataset_produces_2 to None, run_after=None
[2024-06-06T14:23:40.692+0000] {processor.py:183} INFO - Processing /home/airflow/.local/lib/python3.12/site-packages/airflow/example_dags/example_datasets.py took 0.099 seconds
[2024-06-06T14:24:11.538+0000] {processor.py:161} INFO - Started process (PID=310) to work on /home/airflow/.local/lib/python3.12/site-packages/airflow/example_dags/example_datasets.py
[2024-06-06T14:24:11.538+0000] {processor.py:830} INFO - Processing file /home/airflow/.local/lib/python3.12/site-packages/airflow/example_dags/example_datasets.py for tasks to queue
[2024-06-06T14:24:11.539+0000] {logging_mixin.py:188} INFO - [2024-06-06T14:24:11.539+0000] {dagbag.py:545} INFO - Filling up the DagBag from /home/airflow/.local/lib/python3.12/site-packages/airflow/example_dags/example_datasets.py
[2024-06-06T14:24:11.547+0000] {processor.py:840} INFO - DAG(s) 'consume_1_or_both_2_and_3_with_dataset_expressions', 'dataset_consumes_unknown_never_scheduled', 'dataset_consumes_1_and_2', 'dataset_consumes_1_never_scheduled', 'dataset_consumes_1', 'conditional_dataset_and_time_based_timetable', 'dataset_produces_2', 'dataset_produces_1', 'consume_1_or_2_with_dataset_expressions', 'consume_1_and_2_with_dataset_expressions' retrieved from /home/airflow/.local/lib/python3.12/site-packages/airflow/example_dags/example_datasets.py
[2024-06-06T14:24:11.573+0000] {logging_mixin.py:188} INFO - [2024-06-06T14:24:11.573+0000] {dag.py:3096} INFO - Sync 10 DAGs
[2024-06-06T14:24:11.587+0000] {logging_mixin.py:188} INFO - [2024-06-06T14:24:11.587+0000] {dag.py:3954} INFO - Setting next_dagrun for conditional_dataset_and_time_based_timetable to 2024-06-05 01:00:00+00:00, run_after=2024-06-05 01:00:00+00:00
[2024-06-06T14:24:11.589+0000] {logging_mixin.py:188} INFO - [2024-06-06T14:24:11.589+0000] {dag.py:3954} INFO - Setting next_dagrun for consume_1_and_2_with_dataset_expressions to None, run_after=None
[2024-06-06T14:24:11.590+0000] {logging_mixin.py:188} INFO - [2024-06-06T14:24:11.590+0000] {dag.py:3954} INFO - Setting next_dagrun for consume_1_or_2_with_dataset_expressions to None, run_after=None
[2024-06-06T14:24:11.591+0000] {logging_mixin.py:188} INFO - [2024-06-06T14:24:11.591+0000] {dag.py:3954} INFO - Setting next_dagrun for consume_1_or_both_2_and_3_with_dataset_expressions to None, run_after=None
[2024-06-06T14:24:11.592+0000] {logging_mixin.py:188} INFO - [2024-06-06T14:24:11.592+0000] {dag.py:3954} INFO - Setting next_dagrun for dataset_consumes_1 to None, run_after=None
[2024-06-06T14:24:11.593+0000] {logging_mixin.py:188} INFO - [2024-06-06T14:24:11.593+0000] {dag.py:3954} INFO - Setting next_dagrun for dataset_consumes_1_and_2 to None, run_after=None
[2024-06-06T14:24:11.594+0000] {logging_mixin.py:188} INFO - [2024-06-06T14:24:11.594+0000] {dag.py:3954} INFO - Setting next_dagrun for dataset_consumes_1_never_scheduled to None, run_after=None
[2024-06-06T14:24:11.595+0000] {logging_mixin.py:188} INFO - [2024-06-06T14:24:11.595+0000] {dag.py:3954} INFO - Setting next_dagrun for dataset_consumes_unknown_never_scheduled to None, run_after=None
[2024-06-06T14:24:11.596+0000] {logging_mixin.py:188} INFO - [2024-06-06T14:24:11.596+0000] {dag.py:3954} INFO - Setting next_dagrun for dataset_produces_1 to 2024-06-05 00:00:00+00:00, run_after=2024-06-06 00:00:00+00:00
[2024-06-06T14:24:11.598+0000] {logging_mixin.py:188} INFO - [2024-06-06T14:24:11.598+0000] {dag.py:3954} INFO - Setting next_dagrun for dataset_produces_2 to None, run_after=None
[2024-06-06T14:24:11.616+0000] {processor.py:183} INFO - Processing /home/airflow/.local/lib/python3.12/site-packages/airflow/example_dags/example_datasets.py took 0.081 seconds
[2024-06-06T14:24:42.247+0000] {processor.py:161} INFO - Started process (PID=368) to work on /home/airflow/.local/lib/python3.12/site-packages/airflow/example_dags/example_datasets.py
[2024-06-06T14:24:42.247+0000] {processor.py:830} INFO - Processing file /home/airflow/.local/lib/python3.12/site-packages/airflow/example_dags/example_datasets.py for tasks to queue
[2024-06-06T14:24:42.248+0000] {logging_mixin.py:188} INFO - [2024-06-06T14:24:42.248+0000] {dagbag.py:545} INFO - Filling up the DagBag from /home/airflow/.local/lib/python3.12/site-packages/airflow/example_dags/example_datasets.py
[2024-06-06T14:24:42.256+0000] {processor.py:840} INFO - DAG(s) 'dataset_consumes_1_never_scheduled', 'consume_1_or_2_with_dataset_expressions', 'consume_1_or_both_2_and_3_with_dataset_expressions', 'dataset_produces_2', 'consume_1_and_2_with_dataset_expressions', 'dataset_consumes_1', 'dataset_consumes_1_and_2', 'conditional_dataset_and_time_based_timetable', 'dataset_consumes_unknown_never_scheduled', 'dataset_produces_1' retrieved from /home/airflow/.local/lib/python3.12/site-packages/airflow/example_dags/example_datasets.py
[2024-06-06T14:24:42.285+0000] {logging_mixin.py:188} INFO - [2024-06-06T14:24:42.285+0000] {dag.py:3096} INFO - Sync 10 DAGs
[2024-06-06T14:24:42.300+0000] {logging_mixin.py:188} INFO - [2024-06-06T14:24:42.299+0000] {dag.py:3954} INFO - Setting next_dagrun for conditional_dataset_and_time_based_timetable to 2024-06-05 01:00:00+00:00, run_after=2024-06-05 01:00:00+00:00
[2024-06-06T14:24:42.302+0000] {logging_mixin.py:188} INFO - [2024-06-06T14:24:42.302+0000] {dag.py:3954} INFO - Setting next_dagrun for consume_1_and_2_with_dataset_expressions to None, run_after=None
[2024-06-06T14:24:42.304+0000] {logging_mixin.py:188} INFO - [2024-06-06T14:24:42.303+0000] {dag.py:3954} INFO - Setting next_dagrun for consume_1_or_2_with_dataset_expressions to None, run_after=None
[2024-06-06T14:24:42.304+0000] {logging_mixin.py:188} INFO - [2024-06-06T14:24:42.304+0000] {dag.py:3954} INFO - Setting next_dagrun for consume_1_or_both_2_and_3_with_dataset_expressions to None, run_after=None
[2024-06-06T14:24:42.305+0000] {logging_mixin.py:188} INFO - [2024-06-06T14:24:42.305+0000] {dag.py:3954} INFO - Setting next_dagrun for dataset_consumes_1 to None, run_after=None
[2024-06-06T14:24:42.306+0000] {logging_mixin.py:188} INFO - [2024-06-06T14:24:42.306+0000] {dag.py:3954} INFO - Setting next_dagrun for dataset_consumes_1_and_2 to None, run_after=None
[2024-06-06T14:24:42.307+0000] {logging_mixin.py:188} INFO - [2024-06-06T14:24:42.307+0000] {dag.py:3954} INFO - Setting next_dagrun for dataset_consumes_1_never_scheduled to None, run_after=None
[2024-06-06T14:24:42.308+0000] {logging_mixin.py:188} INFO - [2024-06-06T14:24:42.308+0000] {dag.py:3954} INFO - Setting next_dagrun for dataset_consumes_unknown_never_scheduled to None, run_after=None
[2024-06-06T14:24:42.309+0000] {logging_mixin.py:188} INFO - [2024-06-06T14:24:42.309+0000] {dag.py:3954} INFO - Setting next_dagrun for dataset_produces_1 to 2024-06-05 00:00:00+00:00, run_after=2024-06-06 00:00:00+00:00
[2024-06-06T14:24:42.310+0000] {logging_mixin.py:188} INFO - [2024-06-06T14:24:42.310+0000] {dag.py:3954} INFO - Setting next_dagrun for dataset_produces_2 to None, run_after=None
[2024-06-06T14:24:42.331+0000] {processor.py:183} INFO - Processing /home/airflow/.local/lib/python3.12/site-packages/airflow/example_dags/example_datasets.py took 0.088 seconds
