[2024-06-06T14:22:08.431+0000] {processor.py:161} INFO - Started process (PID=83) to work on /home/airflow/.local/lib/python3.12/site-packages/airflow/example_dags/example_skip_dag.py
[2024-06-06T14:22:08.432+0000] {processor.py:830} INFO - Processing file /home/airflow/.local/lib/python3.12/site-packages/airflow/example_dags/example_skip_dag.py for tasks to queue
[2024-06-06T14:22:08.433+0000] {logging_mixin.py:188} INFO - [2024-06-06T14:22:08.433+0000] {dagbag.py:545} INFO - Filling up the DagBag from /home/airflow/.local/lib/python3.12/site-packages/airflow/example_dags/example_skip_dag.py
[2024-06-06T14:22:08.437+0000] {processor.py:840} INFO - DAG(s) 'example_skip_dag' retrieved from /home/airflow/.local/lib/python3.12/site-packages/airflow/example_dags/example_skip_dag.py
[2024-06-06T14:22:08.452+0000] {logging_mixin.py:188} INFO - [2024-06-06T14:22:08.452+0000] {dag.py:3096} INFO - Sync 1 DAGs
[2024-06-06T14:22:08.467+0000] {logging_mixin.py:188} INFO - [2024-06-06T14:22:08.467+0000] {dag.py:3954} INFO - Setting next_dagrun for example_skip_dag to 2024-06-05 00:00:00+00:00, run_after=2024-06-06 00:00:00+00:00
[2024-06-06T14:22:08.480+0000] {processor.py:183} INFO - Processing /home/airflow/.local/lib/python3.12/site-packages/airflow/example_dags/example_skip_dag.py took 0.052 seconds
[2024-06-06T14:22:39.113+0000] {processor.py:161} INFO - Started process (PID=141) to work on /home/airflow/.local/lib/python3.12/site-packages/airflow/example_dags/example_skip_dag.py
[2024-06-06T14:22:39.114+0000] {processor.py:830} INFO - Processing file /home/airflow/.local/lib/python3.12/site-packages/airflow/example_dags/example_skip_dag.py for tasks to queue
[2024-06-06T14:22:39.115+0000] {logging_mixin.py:188} INFO - [2024-06-06T14:22:39.115+0000] {dagbag.py:545} INFO - Filling up the DagBag from /home/airflow/.local/lib/python3.12/site-packages/airflow/example_dags/example_skip_dag.py
[2024-06-06T14:22:39.119+0000] {processor.py:840} INFO - DAG(s) 'example_skip_dag' retrieved from /home/airflow/.local/lib/python3.12/site-packages/airflow/example_dags/example_skip_dag.py
[2024-06-06T14:22:39.130+0000] {logging_mixin.py:188} INFO - [2024-06-06T14:22:39.130+0000] {dag.py:3096} INFO - Sync 1 DAGs
[2024-06-06T14:22:39.142+0000] {logging_mixin.py:188} INFO - [2024-06-06T14:22:39.142+0000] {dag.py:3954} INFO - Setting next_dagrun for example_skip_dag to 2024-06-05 00:00:00+00:00, run_after=2024-06-06 00:00:00+00:00
[2024-06-06T14:22:39.151+0000] {processor.py:183} INFO - Processing /home/airflow/.local/lib/python3.12/site-packages/airflow/example_dags/example_skip_dag.py took 0.041 seconds
[2024-06-06T14:23:09.784+0000] {processor.py:161} INFO - Started process (PID=199) to work on /home/airflow/.local/lib/python3.12/site-packages/airflow/example_dags/example_skip_dag.py
[2024-06-06T14:23:09.784+0000] {processor.py:830} INFO - Processing file /home/airflow/.local/lib/python3.12/site-packages/airflow/example_dags/example_skip_dag.py for tasks to queue
[2024-06-06T14:23:09.786+0000] {logging_mixin.py:188} INFO - [2024-06-06T14:23:09.785+0000] {dagbag.py:545} INFO - Filling up the DagBag from /home/airflow/.local/lib/python3.12/site-packages/airflow/example_dags/example_skip_dag.py
[2024-06-06T14:23:09.789+0000] {processor.py:840} INFO - DAG(s) 'example_skip_dag' retrieved from /home/airflow/.local/lib/python3.12/site-packages/airflow/example_dags/example_skip_dag.py
[2024-06-06T14:23:09.801+0000] {logging_mixin.py:188} INFO - [2024-06-06T14:23:09.801+0000] {dag.py:3096} INFO - Sync 1 DAGs
[2024-06-06T14:23:09.812+0000] {logging_mixin.py:188} INFO - [2024-06-06T14:23:09.812+0000] {dag.py:3954} INFO - Setting next_dagrun for example_skip_dag to 2024-06-05 00:00:00+00:00, run_after=2024-06-06 00:00:00+00:00
[2024-06-06T14:23:09.823+0000] {processor.py:183} INFO - Processing /home/airflow/.local/lib/python3.12/site-packages/airflow/example_dags/example_skip_dag.py took 0.042 seconds
[2024-06-06T14:23:40.843+0000] {processor.py:161} INFO - Started process (PID=257) to work on /home/airflow/.local/lib/python3.12/site-packages/airflow/example_dags/example_skip_dag.py
[2024-06-06T14:23:40.844+0000] {processor.py:830} INFO - Processing file /home/airflow/.local/lib/python3.12/site-packages/airflow/example_dags/example_skip_dag.py for tasks to queue
[2024-06-06T14:23:40.846+0000] {logging_mixin.py:188} INFO - [2024-06-06T14:23:40.845+0000] {dagbag.py:545} INFO - Filling up the DagBag from /home/airflow/.local/lib/python3.12/site-packages/airflow/example_dags/example_skip_dag.py
[2024-06-06T14:23:40.850+0000] {processor.py:840} INFO - DAG(s) 'example_skip_dag' retrieved from /home/airflow/.local/lib/python3.12/site-packages/airflow/example_dags/example_skip_dag.py
[2024-06-06T14:23:40.863+0000] {logging_mixin.py:188} INFO - [2024-06-06T14:23:40.863+0000] {dag.py:3096} INFO - Sync 1 DAGs
[2024-06-06T14:23:40.877+0000] {logging_mixin.py:188} INFO - [2024-06-06T14:23:40.877+0000] {dag.py:3954} INFO - Setting next_dagrun for example_skip_dag to 2024-06-05 00:00:00+00:00, run_after=2024-06-06 00:00:00+00:00
[2024-06-06T14:23:40.888+0000] {processor.py:183} INFO - Processing /home/airflow/.local/lib/python3.12/site-packages/airflow/example_dags/example_skip_dag.py took 0.049 seconds
[2024-06-06T14:24:11.736+0000] {processor.py:161} INFO - Started process (PID=315) to work on /home/airflow/.local/lib/python3.12/site-packages/airflow/example_dags/example_skip_dag.py
[2024-06-06T14:24:11.737+0000] {processor.py:830} INFO - Processing file /home/airflow/.local/lib/python3.12/site-packages/airflow/example_dags/example_skip_dag.py for tasks to queue
[2024-06-06T14:24:11.738+0000] {logging_mixin.py:188} INFO - [2024-06-06T14:24:11.738+0000] {dagbag.py:545} INFO - Filling up the DagBag from /home/airflow/.local/lib/python3.12/site-packages/airflow/example_dags/example_skip_dag.py
[2024-06-06T14:24:11.742+0000] {processor.py:840} INFO - DAG(s) 'example_skip_dag' retrieved from /home/airflow/.local/lib/python3.12/site-packages/airflow/example_dags/example_skip_dag.py
[2024-06-06T14:24:11.755+0000] {logging_mixin.py:188} INFO - [2024-06-06T14:24:11.755+0000] {dag.py:3096} INFO - Sync 1 DAGs
[2024-06-06T14:24:11.767+0000] {logging_mixin.py:188} INFO - [2024-06-06T14:24:11.766+0000] {dag.py:3954} INFO - Setting next_dagrun for example_skip_dag to 2024-06-05 00:00:00+00:00, run_after=2024-06-06 00:00:00+00:00
[2024-06-06T14:24:11.776+0000] {processor.py:183} INFO - Processing /home/airflow/.local/lib/python3.12/site-packages/airflow/example_dags/example_skip_dag.py took 0.043 seconds
[2024-06-06T14:24:42.404+0000] {processor.py:161} INFO - Started process (PID=373) to work on /home/airflow/.local/lib/python3.12/site-packages/airflow/example_dags/example_skip_dag.py
[2024-06-06T14:24:42.404+0000] {processor.py:830} INFO - Processing file /home/airflow/.local/lib/python3.12/site-packages/airflow/example_dags/example_skip_dag.py for tasks to queue
[2024-06-06T14:24:42.405+0000] {logging_mixin.py:188} INFO - [2024-06-06T14:24:42.405+0000] {dagbag.py:545} INFO - Filling up the DagBag from /home/airflow/.local/lib/python3.12/site-packages/airflow/example_dags/example_skip_dag.py
[2024-06-06T14:24:42.409+0000] {processor.py:840} INFO - DAG(s) 'example_skip_dag' retrieved from /home/airflow/.local/lib/python3.12/site-packages/airflow/example_dags/example_skip_dag.py
[2024-06-06T14:24:42.421+0000] {logging_mixin.py:188} INFO - [2024-06-06T14:24:42.421+0000] {dag.py:3096} INFO - Sync 1 DAGs
[2024-06-06T14:24:42.433+0000] {logging_mixin.py:188} INFO - [2024-06-06T14:24:42.433+0000] {dag.py:3954} INFO - Setting next_dagrun for example_skip_dag to 2024-06-05 00:00:00+00:00, run_after=2024-06-06 00:00:00+00:00
[2024-06-06T14:24:42.443+0000] {processor.py:183} INFO - Processing /home/airflow/.local/lib/python3.12/site-packages/airflow/example_dags/example_skip_dag.py took 0.043 seconds
