[2024-06-06T14:22:08.575+0000] {processor.py:161} INFO - Started process (PID=88) to work on /home/airflow/.local/lib/python3.12/site-packages/airflow/example_dags/example_nested_branch_dag.py
[2024-06-06T14:22:08.576+0000] {processor.py:830} INFO - Processing file /home/airflow/.local/lib/python3.12/site-packages/airflow/example_dags/example_nested_branch_dag.py for tasks to queue
[2024-06-06T14:22:08.577+0000] {logging_mixin.py:188} INFO - [2024-06-06T14:22:08.577+0000] {dagbag.py:545} INFO - Filling up the DagBag from /home/airflow/.local/lib/python3.12/site-packages/airflow/example_dags/example_nested_branch_dag.py
[2024-06-06T14:22:08.583+0000] {processor.py:840} INFO - DAG(s) 'example_nested_branch_dag' retrieved from /home/airflow/.local/lib/python3.12/site-packages/airflow/example_dags/example_nested_branch_dag.py
[2024-06-06T14:22:08.595+0000] {logging_mixin.py:188} INFO - [2024-06-06T14:22:08.595+0000] {dag.py:3096} INFO - Sync 1 DAGs
[2024-06-06T14:22:08.609+0000] {logging_mixin.py:188} INFO - [2024-06-06T14:22:08.608+0000] {dag.py:3954} INFO - Setting next_dagrun for example_nested_branch_dag to 2024-06-05 00:00:00+00:00, run_after=2024-06-06 00:00:00+00:00
[2024-06-06T14:22:08.619+0000] {processor.py:183} INFO - Processing /home/airflow/.local/lib/python3.12/site-packages/airflow/example_dags/example_nested_branch_dag.py took 0.047 seconds
[2024-06-06T14:22:39.272+0000] {processor.py:161} INFO - Started process (PID=146) to work on /home/airflow/.local/lib/python3.12/site-packages/airflow/example_dags/example_nested_branch_dag.py
[2024-06-06T14:22:39.272+0000] {processor.py:830} INFO - Processing file /home/airflow/.local/lib/python3.12/site-packages/airflow/example_dags/example_nested_branch_dag.py for tasks to queue
[2024-06-06T14:22:39.273+0000] {logging_mixin.py:188} INFO - [2024-06-06T14:22:39.273+0000] {dagbag.py:545} INFO - Filling up the DagBag from /home/airflow/.local/lib/python3.12/site-packages/airflow/example_dags/example_nested_branch_dag.py
[2024-06-06T14:22:39.279+0000] {processor.py:840} INFO - DAG(s) 'example_nested_branch_dag' retrieved from /home/airflow/.local/lib/python3.12/site-packages/airflow/example_dags/example_nested_branch_dag.py
[2024-06-06T14:22:39.291+0000] {logging_mixin.py:188} INFO - [2024-06-06T14:22:39.291+0000] {dag.py:3096} INFO - Sync 1 DAGs
[2024-06-06T14:22:39.303+0000] {logging_mixin.py:188} INFO - [2024-06-06T14:22:39.303+0000] {dag.py:3954} INFO - Setting next_dagrun for example_nested_branch_dag to 2024-06-05 00:00:00+00:00, run_after=2024-06-06 00:00:00+00:00
[2024-06-06T14:22:39.314+0000] {processor.py:183} INFO - Processing /home/airflow/.local/lib/python3.12/site-packages/airflow/example_dags/example_nested_branch_dag.py took 0.045 seconds
[2024-06-06T14:23:09.940+0000] {processor.py:161} INFO - Started process (PID=204) to work on /home/airflow/.local/lib/python3.12/site-packages/airflow/example_dags/example_nested_branch_dag.py
[2024-06-06T14:23:09.941+0000] {processor.py:830} INFO - Processing file /home/airflow/.local/lib/python3.12/site-packages/airflow/example_dags/example_nested_branch_dag.py for tasks to queue
[2024-06-06T14:23:09.942+0000] {logging_mixin.py:188} INFO - [2024-06-06T14:23:09.942+0000] {dagbag.py:545} INFO - Filling up the DagBag from /home/airflow/.local/lib/python3.12/site-packages/airflow/example_dags/example_nested_branch_dag.py
[2024-06-06T14:23:09.948+0000] {processor.py:840} INFO - DAG(s) 'example_nested_branch_dag' retrieved from /home/airflow/.local/lib/python3.12/site-packages/airflow/example_dags/example_nested_branch_dag.py
[2024-06-06T14:23:09.960+0000] {logging_mixin.py:188} INFO - [2024-06-06T14:23:09.960+0000] {dag.py:3096} INFO - Sync 1 DAGs
[2024-06-06T14:23:09.972+0000] {logging_mixin.py:188} INFO - [2024-06-06T14:23:09.972+0000] {dag.py:3954} INFO - Setting next_dagrun for example_nested_branch_dag to 2024-06-05 00:00:00+00:00, run_after=2024-06-06 00:00:00+00:00
[2024-06-06T14:23:09.983+0000] {processor.py:183} INFO - Processing /home/airflow/.local/lib/python3.12/site-packages/airflow/example_dags/example_nested_branch_dag.py took 0.046 seconds
[2024-06-06T14:23:40.978+0000] {processor.py:161} INFO - Started process (PID=262) to work on /home/airflow/.local/lib/python3.12/site-packages/airflow/example_dags/example_nested_branch_dag.py
[2024-06-06T14:23:40.979+0000] {processor.py:830} INFO - Processing file /home/airflow/.local/lib/python3.12/site-packages/airflow/example_dags/example_nested_branch_dag.py for tasks to queue
[2024-06-06T14:23:40.980+0000] {logging_mixin.py:188} INFO - [2024-06-06T14:23:40.980+0000] {dagbag.py:545} INFO - Filling up the DagBag from /home/airflow/.local/lib/python3.12/site-packages/airflow/example_dags/example_nested_branch_dag.py
[2024-06-06T14:23:40.986+0000] {processor.py:840} INFO - DAG(s) 'example_nested_branch_dag' retrieved from /home/airflow/.local/lib/python3.12/site-packages/airflow/example_dags/example_nested_branch_dag.py
[2024-06-06T14:23:40.998+0000] {logging_mixin.py:188} INFO - [2024-06-06T14:23:40.998+0000] {dag.py:3096} INFO - Sync 1 DAGs
[2024-06-06T14:23:41.011+0000] {logging_mixin.py:188} INFO - [2024-06-06T14:23:41.011+0000] {dag.py:3954} INFO - Setting next_dagrun for example_nested_branch_dag to 2024-06-05 00:00:00+00:00, run_after=2024-06-06 00:00:00+00:00
[2024-06-06T14:23:41.023+0000] {processor.py:183} INFO - Processing /home/airflow/.local/lib/python3.12/site-packages/airflow/example_dags/example_nested_branch_dag.py took 0.048 seconds
[2024-06-06T14:24:11.894+0000] {processor.py:161} INFO - Started process (PID=320) to work on /home/airflow/.local/lib/python3.12/site-packages/airflow/example_dags/example_nested_branch_dag.py
[2024-06-06T14:24:11.894+0000] {processor.py:830} INFO - Processing file /home/airflow/.local/lib/python3.12/site-packages/airflow/example_dags/example_nested_branch_dag.py for tasks to queue
[2024-06-06T14:24:11.895+0000] {logging_mixin.py:188} INFO - [2024-06-06T14:24:11.895+0000] {dagbag.py:545} INFO - Filling up the DagBag from /home/airflow/.local/lib/python3.12/site-packages/airflow/example_dags/example_nested_branch_dag.py
[2024-06-06T14:24:11.901+0000] {processor.py:840} INFO - DAG(s) 'example_nested_branch_dag' retrieved from /home/airflow/.local/lib/python3.12/site-packages/airflow/example_dags/example_nested_branch_dag.py
[2024-06-06T14:24:11.913+0000] {logging_mixin.py:188} INFO - [2024-06-06T14:24:11.913+0000] {dag.py:3096} INFO - Sync 1 DAGs
[2024-06-06T14:24:11.926+0000] {logging_mixin.py:188} INFO - [2024-06-06T14:24:11.925+0000] {dag.py:3954} INFO - Setting next_dagrun for example_nested_branch_dag to 2024-06-05 00:00:00+00:00, run_after=2024-06-06 00:00:00+00:00
[2024-06-06T14:24:11.936+0000] {processor.py:183} INFO - Processing /home/airflow/.local/lib/python3.12/site-packages/airflow/example_dags/example_nested_branch_dag.py took 0.045 seconds
[2024-06-06T14:24:42.567+0000] {processor.py:161} INFO - Started process (PID=378) to work on /home/airflow/.local/lib/python3.12/site-packages/airflow/example_dags/example_nested_branch_dag.py
[2024-06-06T14:24:42.568+0000] {processor.py:830} INFO - Processing file /home/airflow/.local/lib/python3.12/site-packages/airflow/example_dags/example_nested_branch_dag.py for tasks to queue
[2024-06-06T14:24:42.569+0000] {logging_mixin.py:188} INFO - [2024-06-06T14:24:42.569+0000] {dagbag.py:545} INFO - Filling up the DagBag from /home/airflow/.local/lib/python3.12/site-packages/airflow/example_dags/example_nested_branch_dag.py
[2024-06-06T14:24:42.575+0000] {processor.py:840} INFO - DAG(s) 'example_nested_branch_dag' retrieved from /home/airflow/.local/lib/python3.12/site-packages/airflow/example_dags/example_nested_branch_dag.py
[2024-06-06T14:24:42.587+0000] {logging_mixin.py:188} INFO - [2024-06-06T14:24:42.587+0000] {dag.py:3096} INFO - Sync 1 DAGs
[2024-06-06T14:24:42.599+0000] {logging_mixin.py:188} INFO - [2024-06-06T14:24:42.599+0000] {dag.py:3954} INFO - Setting next_dagrun for example_nested_branch_dag to 2024-06-05 00:00:00+00:00, run_after=2024-06-06 00:00:00+00:00
[2024-06-06T14:24:42.610+0000] {processor.py:183} INFO - Processing /home/airflow/.local/lib/python3.12/site-packages/airflow/example_dags/example_nested_branch_dag.py took 0.045 seconds
