[2024-06-06T14:22:07.979+0000] {processor.py:161} INFO - Started process (PID=72) to work on /home/airflow/.local/lib/python3.12/site-packages/airflow/example_dags/example_branch_operator.py
[2024-06-06T14:22:07.980+0000] {processor.py:830} INFO - Processing file /home/airflow/.local/lib/python3.12/site-packages/airflow/example_dags/example_branch_operator.py for tasks to queue
[2024-06-06T14:22:07.982+0000] {logging_mixin.py:188} INFO - [2024-06-06T14:22:07.982+0000] {dagbag.py:545} INFO - Filling up the DagBag from /home/airflow/.local/lib/python3.12/site-packages/airflow/example_dags/example_branch_operator.py
[2024-06-06T14:22:07.993+0000] {processor.py:840} INFO - DAG(s) 'example_branch_operator' retrieved from /home/airflow/.local/lib/python3.12/site-packages/airflow/example_dags/example_branch_operator.py
[2024-06-06T14:22:08.061+0000] {logging_mixin.py:188} INFO - [2024-06-06T14:22:08.061+0000] {dag.py:3096} INFO - Sync 1 DAGs
[2024-06-06T14:22:08.073+0000] {logging_mixin.py:188} INFO - [2024-06-06T14:22:08.073+0000] {dag.py:3954} INFO - Setting next_dagrun for example_branch_operator to 2024-06-05 00:00:00+00:00, run_after=2024-06-06 00:00:00+00:00
[2024-06-06T14:22:08.084+0000] {processor.py:183} INFO - Processing /home/airflow/.local/lib/python3.12/site-packages/airflow/example_dags/example_branch_operator.py took 0.108 seconds
[2024-06-06T14:22:38.795+0000] {processor.py:161} INFO - Started process (PID=130) to work on /home/airflow/.local/lib/python3.12/site-packages/airflow/example_dags/example_branch_operator.py
[2024-06-06T14:22:38.795+0000] {processor.py:830} INFO - Processing file /home/airflow/.local/lib/python3.12/site-packages/airflow/example_dags/example_branch_operator.py for tasks to queue
[2024-06-06T14:22:38.796+0000] {logging_mixin.py:188} INFO - [2024-06-06T14:22:38.796+0000] {dagbag.py:545} INFO - Filling up the DagBag from /home/airflow/.local/lib/python3.12/site-packages/airflow/example_dags/example_branch_operator.py
[2024-06-06T14:22:38.805+0000] {processor.py:840} INFO - DAG(s) 'example_branch_operator' retrieved from /home/airflow/.local/lib/python3.12/site-packages/airflow/example_dags/example_branch_operator.py
[2024-06-06T14:22:38.822+0000] {logging_mixin.py:188} INFO - [2024-06-06T14:22:38.822+0000] {dag.py:3096} INFO - Sync 1 DAGs
[2024-06-06T14:22:38.835+0000] {logging_mixin.py:188} INFO - [2024-06-06T14:22:38.835+0000] {dag.py:3954} INFO - Setting next_dagrun for example_branch_operator to 2024-06-05 00:00:00+00:00, run_after=2024-06-06 00:00:00+00:00
[2024-06-06T14:22:38.844+0000] {processor.py:183} INFO - Processing /home/airflow/.local/lib/python3.12/site-packages/airflow/example_dags/example_branch_operator.py took 0.052 seconds
[2024-06-06T14:23:09.450+0000] {processor.py:161} INFO - Started process (PID=188) to work on /home/airflow/.local/lib/python3.12/site-packages/airflow/example_dags/example_branch_operator.py
[2024-06-06T14:23:09.451+0000] {processor.py:830} INFO - Processing file /home/airflow/.local/lib/python3.12/site-packages/airflow/example_dags/example_branch_operator.py for tasks to queue
[2024-06-06T14:23:09.452+0000] {logging_mixin.py:188} INFO - [2024-06-06T14:23:09.452+0000] {dagbag.py:545} INFO - Filling up the DagBag from /home/airflow/.local/lib/python3.12/site-packages/airflow/example_dags/example_branch_operator.py
[2024-06-06T14:23:09.461+0000] {processor.py:840} INFO - DAG(s) 'example_branch_operator' retrieved from /home/airflow/.local/lib/python3.12/site-packages/airflow/example_dags/example_branch_operator.py
[2024-06-06T14:23:09.476+0000] {logging_mixin.py:188} INFO - [2024-06-06T14:23:09.476+0000] {dag.py:3096} INFO - Sync 1 DAGs
[2024-06-06T14:23:09.488+0000] {logging_mixin.py:188} INFO - [2024-06-06T14:23:09.488+0000] {dag.py:3954} INFO - Setting next_dagrun for example_branch_operator to 2024-06-05 00:00:00+00:00, run_after=2024-06-06 00:00:00+00:00
[2024-06-06T14:23:09.499+0000] {processor.py:183} INFO - Processing /home/airflow/.local/lib/python3.12/site-packages/airflow/example_dags/example_branch_operator.py took 0.052 seconds
[2024-06-06T14:23:40.379+0000] {processor.py:161} INFO - Started process (PID=246) to work on /home/airflow/.local/lib/python3.12/site-packages/airflow/example_dags/example_branch_operator.py
[2024-06-06T14:23:40.380+0000] {processor.py:830} INFO - Processing file /home/airflow/.local/lib/python3.12/site-packages/airflow/example_dags/example_branch_operator.py for tasks to queue
[2024-06-06T14:23:40.381+0000] {logging_mixin.py:188} INFO - [2024-06-06T14:23:40.381+0000] {dagbag.py:545} INFO - Filling up the DagBag from /home/airflow/.local/lib/python3.12/site-packages/airflow/example_dags/example_branch_operator.py
[2024-06-06T14:23:40.391+0000] {processor.py:840} INFO - DAG(s) 'example_branch_operator' retrieved from /home/airflow/.local/lib/python3.12/site-packages/airflow/example_dags/example_branch_operator.py
[2024-06-06T14:23:40.410+0000] {logging_mixin.py:188} INFO - [2024-06-06T14:23:40.410+0000] {dag.py:3096} INFO - Sync 1 DAGs
[2024-06-06T14:23:40.425+0000] {logging_mixin.py:188} INFO - [2024-06-06T14:23:40.425+0000] {dag.py:3954} INFO - Setting next_dagrun for example_branch_operator to 2024-06-05 00:00:00+00:00, run_after=2024-06-06 00:00:00+00:00
[2024-06-06T14:23:40.437+0000] {processor.py:183} INFO - Processing /home/airflow/.local/lib/python3.12/site-packages/airflow/example_dags/example_branch_operator.py took 0.062 seconds
[2024-06-06T14:24:11.359+0000] {processor.py:161} INFO - Started process (PID=304) to work on /home/airflow/.local/lib/python3.12/site-packages/airflow/example_dags/example_branch_operator.py
[2024-06-06T14:24:11.359+0000] {processor.py:830} INFO - Processing file /home/airflow/.local/lib/python3.12/site-packages/airflow/example_dags/example_branch_operator.py for tasks to queue
[2024-06-06T14:24:11.360+0000] {logging_mixin.py:188} INFO - [2024-06-06T14:24:11.360+0000] {dagbag.py:545} INFO - Filling up the DagBag from /home/airflow/.local/lib/python3.12/site-packages/airflow/example_dags/example_branch_operator.py
[2024-06-06T14:24:11.369+0000] {processor.py:840} INFO - DAG(s) 'example_branch_operator' retrieved from /home/airflow/.local/lib/python3.12/site-packages/airflow/example_dags/example_branch_operator.py
[2024-06-06T14:24:11.386+0000] {logging_mixin.py:188} INFO - [2024-06-06T14:24:11.386+0000] {dag.py:3096} INFO - Sync 1 DAGs
[2024-06-06T14:24:11.400+0000] {logging_mixin.py:188} INFO - [2024-06-06T14:24:11.400+0000] {dag.py:3954} INFO - Setting next_dagrun for example_branch_operator to 2024-06-05 00:00:00+00:00, run_after=2024-06-06 00:00:00+00:00
[2024-06-06T14:24:11.411+0000] {processor.py:183} INFO - Processing /home/airflow/.local/lib/python3.12/site-packages/airflow/example_dags/example_branch_operator.py took 0.056 seconds
[2024-06-06T14:24:42.057+0000] {processor.py:161} INFO - Started process (PID=362) to work on /home/airflow/.local/lib/python3.12/site-packages/airflow/example_dags/example_branch_operator.py
[2024-06-06T14:24:42.058+0000] {processor.py:830} INFO - Processing file /home/airflow/.local/lib/python3.12/site-packages/airflow/example_dags/example_branch_operator.py for tasks to queue
[2024-06-06T14:24:42.059+0000] {logging_mixin.py:188} INFO - [2024-06-06T14:24:42.059+0000] {dagbag.py:545} INFO - Filling up the DagBag from /home/airflow/.local/lib/python3.12/site-packages/airflow/example_dags/example_branch_operator.py
[2024-06-06T14:24:42.068+0000] {processor.py:840} INFO - DAG(s) 'example_branch_operator' retrieved from /home/airflow/.local/lib/python3.12/site-packages/airflow/example_dags/example_branch_operator.py
[2024-06-06T14:24:42.085+0000] {logging_mixin.py:188} INFO - [2024-06-06T14:24:42.084+0000] {dag.py:3096} INFO - Sync 1 DAGs
[2024-06-06T14:24:42.097+0000] {logging_mixin.py:188} INFO - [2024-06-06T14:24:42.097+0000] {dag.py:3954} INFO - Setting next_dagrun for example_branch_operator to 2024-06-05 00:00:00+00:00, run_after=2024-06-06 00:00:00+00:00
[2024-06-06T14:24:42.107+0000] {processor.py:183} INFO - Processing /home/airflow/.local/lib/python3.12/site-packages/airflow/example_dags/example_branch_operator.py took 0.053 seconds
