[2024-06-06T14:22:08.105+0000] {processor.py:161} INFO - Started process (PID=75) to work on /home/airflow/.local/lib/python3.12/site-packages/airflow/example_dags/example_short_circuit_decorator.py
[2024-06-06T14:22:08.106+0000] {processor.py:830} INFO - Processing file /home/airflow/.local/lib/python3.12/site-packages/airflow/example_dags/example_short_circuit_decorator.py for tasks to queue
[2024-06-06T14:22:08.107+0000] {logging_mixin.py:188} INFO - [2024-06-06T14:22:08.107+0000] {dagbag.py:545} INFO - Filling up the DagBag from /home/airflow/.local/lib/python3.12/site-packages/airflow/example_dags/example_short_circuit_decorator.py
[2024-06-06T14:22:08.112+0000] {processor.py:840} INFO - DAG(s) 'example_short_circuit_decorator' retrieved from /home/airflow/.local/lib/python3.12/site-packages/airflow/example_dags/example_short_circuit_decorator.py
[2024-06-06T14:22:08.130+0000] {logging_mixin.py:188} INFO - [2024-06-06T14:22:08.130+0000] {dag.py:3096} INFO - Sync 1 DAGs
[2024-06-06T14:22:08.142+0000] {logging_mixin.py:188} INFO - [2024-06-06T14:22:08.142+0000] {dag.py:3954} INFO - Setting next_dagrun for example_short_circuit_decorator to 2024-06-05 00:00:00+00:00, run_after=2024-06-06 00:00:00+00:00
[2024-06-06T14:22:08.153+0000] {processor.py:183} INFO - Processing /home/airflow/.local/lib/python3.12/site-packages/airflow/example_dags/example_short_circuit_decorator.py took 0.052 seconds
[2024-06-06T14:22:38.882+0000] {processor.py:161} INFO - Started process (PID=133) to work on /home/airflow/.local/lib/python3.12/site-packages/airflow/example_dags/example_short_circuit_decorator.py
[2024-06-06T14:22:38.882+0000] {processor.py:830} INFO - Processing file /home/airflow/.local/lib/python3.12/site-packages/airflow/example_dags/example_short_circuit_decorator.py for tasks to queue
[2024-06-06T14:22:38.883+0000] {logging_mixin.py:188} INFO - [2024-06-06T14:22:38.883+0000] {dagbag.py:545} INFO - Filling up the DagBag from /home/airflow/.local/lib/python3.12/site-packages/airflow/example_dags/example_short_circuit_decorator.py
[2024-06-06T14:22:38.888+0000] {processor.py:840} INFO - DAG(s) 'example_short_circuit_decorator' retrieved from /home/airflow/.local/lib/python3.12/site-packages/airflow/example_dags/example_short_circuit_decorator.py
[2024-06-06T14:22:38.901+0000] {logging_mixin.py:188} INFO - [2024-06-06T14:22:38.900+0000] {dag.py:3096} INFO - Sync 1 DAGs
[2024-06-06T14:22:38.913+0000] {logging_mixin.py:188} INFO - [2024-06-06T14:22:38.912+0000] {dag.py:3954} INFO - Setting next_dagrun for example_short_circuit_decorator to 2024-06-05 00:00:00+00:00, run_after=2024-06-06 00:00:00+00:00
[2024-06-06T14:22:38.923+0000] {processor.py:183} INFO - Processing /home/airflow/.local/lib/python3.12/site-packages/airflow/example_dags/example_short_circuit_decorator.py took 0.044 seconds
[2024-06-06T14:23:09.534+0000] {processor.py:161} INFO - Started process (PID=191) to work on /home/airflow/.local/lib/python3.12/site-packages/airflow/example_dags/example_short_circuit_decorator.py
[2024-06-06T14:23:09.535+0000] {processor.py:830} INFO - Processing file /home/airflow/.local/lib/python3.12/site-packages/airflow/example_dags/example_short_circuit_decorator.py for tasks to queue
[2024-06-06T14:23:09.536+0000] {logging_mixin.py:188} INFO - [2024-06-06T14:23:09.536+0000] {dagbag.py:545} INFO - Filling up the DagBag from /home/airflow/.local/lib/python3.12/site-packages/airflow/example_dags/example_short_circuit_decorator.py
[2024-06-06T14:23:09.541+0000] {processor.py:840} INFO - DAG(s) 'example_short_circuit_decorator' retrieved from /home/airflow/.local/lib/python3.12/site-packages/airflow/example_dags/example_short_circuit_decorator.py
[2024-06-06T14:23:09.554+0000] {logging_mixin.py:188} INFO - [2024-06-06T14:23:09.554+0000] {dag.py:3096} INFO - Sync 1 DAGs
[2024-06-06T14:23:09.567+0000] {logging_mixin.py:188} INFO - [2024-06-06T14:23:09.567+0000] {dag.py:3954} INFO - Setting next_dagrun for example_short_circuit_decorator to 2024-06-05 00:00:00+00:00, run_after=2024-06-06 00:00:00+00:00
[2024-06-06T14:23:09.577+0000] {processor.py:183} INFO - Processing /home/airflow/.local/lib/python3.12/site-packages/airflow/example_dags/example_short_circuit_decorator.py took 0.046 seconds
[2024-06-06T14:23:40.497+0000] {processor.py:161} INFO - Started process (PID=249) to work on /home/airflow/.local/lib/python3.12/site-packages/airflow/example_dags/example_short_circuit_decorator.py
[2024-06-06T14:23:40.498+0000] {processor.py:830} INFO - Processing file /home/airflow/.local/lib/python3.12/site-packages/airflow/example_dags/example_short_circuit_decorator.py for tasks to queue
[2024-06-06T14:23:40.499+0000] {logging_mixin.py:188} INFO - [2024-06-06T14:23:40.499+0000] {dagbag.py:545} INFO - Filling up the DagBag from /home/airflow/.local/lib/python3.12/site-packages/airflow/example_dags/example_short_circuit_decorator.py
[2024-06-06T14:23:40.506+0000] {processor.py:840} INFO - DAG(s) 'example_short_circuit_decorator' retrieved from /home/airflow/.local/lib/python3.12/site-packages/airflow/example_dags/example_short_circuit_decorator.py
[2024-06-06T14:23:40.522+0000] {logging_mixin.py:188} INFO - [2024-06-06T14:23:40.522+0000] {dag.py:3096} INFO - Sync 1 DAGs
[2024-06-06T14:23:40.537+0000] {logging_mixin.py:188} INFO - [2024-06-06T14:23:40.537+0000] {dag.py:3954} INFO - Setting next_dagrun for example_short_circuit_decorator to 2024-06-05 00:00:00+00:00, run_after=2024-06-06 00:00:00+00:00
[2024-06-06T14:23:40.550+0000] {processor.py:183} INFO - Processing /home/airflow/.local/lib/python3.12/site-packages/airflow/example_dags/example_short_circuit_decorator.py took 0.057 seconds
[2024-06-06T14:24:11.452+0000] {processor.py:161} INFO - Started process (PID=307) to work on /home/airflow/.local/lib/python3.12/site-packages/airflow/example_dags/example_short_circuit_decorator.py
[2024-06-06T14:24:11.452+0000] {processor.py:830} INFO - Processing file /home/airflow/.local/lib/python3.12/site-packages/airflow/example_dags/example_short_circuit_decorator.py for tasks to queue
[2024-06-06T14:24:11.453+0000] {logging_mixin.py:188} INFO - [2024-06-06T14:24:11.453+0000] {dagbag.py:545} INFO - Filling up the DagBag from /home/airflow/.local/lib/python3.12/site-packages/airflow/example_dags/example_short_circuit_decorator.py
[2024-06-06T14:24:11.459+0000] {processor.py:840} INFO - DAG(s) 'example_short_circuit_decorator' retrieved from /home/airflow/.local/lib/python3.12/site-packages/airflow/example_dags/example_short_circuit_decorator.py
[2024-06-06T14:24:11.471+0000] {logging_mixin.py:188} INFO - [2024-06-06T14:24:11.471+0000] {dag.py:3096} INFO - Sync 1 DAGs
[2024-06-06T14:24:11.483+0000] {logging_mixin.py:188} INFO - [2024-06-06T14:24:11.483+0000] {dag.py:3954} INFO - Setting next_dagrun for example_short_circuit_decorator to 2024-06-05 00:00:00+00:00, run_after=2024-06-06 00:00:00+00:00
[2024-06-06T14:24:11.493+0000] {processor.py:183} INFO - Processing /home/airflow/.local/lib/python3.12/site-packages/airflow/example_dags/example_short_circuit_decorator.py took 0.045 seconds
[2024-06-06T14:24:42.147+0000] {processor.py:161} INFO - Started process (PID=365) to work on /home/airflow/.local/lib/python3.12/site-packages/airflow/example_dags/example_short_circuit_decorator.py
[2024-06-06T14:24:42.148+0000] {processor.py:830} INFO - Processing file /home/airflow/.local/lib/python3.12/site-packages/airflow/example_dags/example_short_circuit_decorator.py for tasks to queue
[2024-06-06T14:24:42.149+0000] {logging_mixin.py:188} INFO - [2024-06-06T14:24:42.149+0000] {dagbag.py:545} INFO - Filling up the DagBag from /home/airflow/.local/lib/python3.12/site-packages/airflow/example_dags/example_short_circuit_decorator.py
[2024-06-06T14:24:42.154+0000] {processor.py:840} INFO - DAG(s) 'example_short_circuit_decorator' retrieved from /home/airflow/.local/lib/python3.12/site-packages/airflow/example_dags/example_short_circuit_decorator.py
[2024-06-06T14:24:42.167+0000] {logging_mixin.py:188} INFO - [2024-06-06T14:24:42.167+0000] {dag.py:3096} INFO - Sync 1 DAGs
[2024-06-06T14:24:42.180+0000] {logging_mixin.py:188} INFO - [2024-06-06T14:24:42.180+0000] {dag.py:3954} INFO - Setting next_dagrun for example_short_circuit_decorator to 2024-06-05 00:00:00+00:00, run_after=2024-06-06 00:00:00+00:00
[2024-06-06T14:24:42.200+0000] {processor.py:183} INFO - Processing /home/airflow/.local/lib/python3.12/site-packages/airflow/example_dags/example_short_circuit_decorator.py took 0.056 seconds
