[2024-06-06T14:22:07.849+0000] {processor.py:161} INFO - Started process (PID=68) to work on /home/airflow/.local/lib/python3.12/site-packages/airflow/example_dags/example_latest_only.py
[2024-06-06T14:22:07.850+0000] {processor.py:830} INFO - Processing file /home/airflow/.local/lib/python3.12/site-packages/airflow/example_dags/example_latest_only.py for tasks to queue
[2024-06-06T14:22:07.851+0000] {logging_mixin.py:188} INFO - [2024-06-06T14:22:07.851+0000] {dagbag.py:545} INFO - Filling up the DagBag from /home/airflow/.local/lib/python3.12/site-packages/airflow/example_dags/example_latest_only.py
[2024-06-06T14:22:07.855+0000] {processor.py:840} INFO - DAG(s) 'latest_only' retrieved from /home/airflow/.local/lib/python3.12/site-packages/airflow/example_dags/example_latest_only.py
[2024-06-06T14:22:07.870+0000] {logging_mixin.py:188} INFO - [2024-06-06T14:22:07.870+0000] {dag.py:3096} INFO - Sync 1 DAGs
[2024-06-06T14:22:07.884+0000] {logging_mixin.py:188} INFO - [2024-06-06T14:22:07.884+0000] {dag.py:3954} INFO - Setting next_dagrun for latest_only to 2024-06-06 08:00:00+00:00, run_after=2024-06-06 12:00:00+00:00
[2024-06-06T14:22:07.895+0000] {processor.py:183} INFO - Processing /home/airflow/.local/lib/python3.12/site-packages/airflow/example_dags/example_latest_only.py took 0.049 seconds
[2024-06-06T14:22:38.688+0000] {processor.py:161} INFO - Started process (PID=126) to work on /home/airflow/.local/lib/python3.12/site-packages/airflow/example_dags/example_latest_only.py
[2024-06-06T14:22:38.689+0000] {processor.py:830} INFO - Processing file /home/airflow/.local/lib/python3.12/site-packages/airflow/example_dags/example_latest_only.py for tasks to queue
[2024-06-06T14:22:38.690+0000] {logging_mixin.py:188} INFO - [2024-06-06T14:22:38.690+0000] {dagbag.py:545} INFO - Filling up the DagBag from /home/airflow/.local/lib/python3.12/site-packages/airflow/example_dags/example_latest_only.py
[2024-06-06T14:22:38.693+0000] {processor.py:840} INFO - DAG(s) 'latest_only' retrieved from /home/airflow/.local/lib/python3.12/site-packages/airflow/example_dags/example_latest_only.py
[2024-06-06T14:22:38.704+0000] {logging_mixin.py:188} INFO - [2024-06-06T14:22:38.704+0000] {dag.py:3096} INFO - Sync 1 DAGs
[2024-06-06T14:22:38.716+0000] {logging_mixin.py:188} INFO - [2024-06-06T14:22:38.715+0000] {dag.py:3954} INFO - Setting next_dagrun for latest_only to 2024-06-06 08:00:00+00:00, run_after=2024-06-06 12:00:00+00:00
[2024-06-06T14:22:38.725+0000] {processor.py:183} INFO - Processing /home/airflow/.local/lib/python3.12/site-packages/airflow/example_dags/example_latest_only.py took 0.040 seconds
[2024-06-06T14:23:09.341+0000] {processor.py:161} INFO - Started process (PID=184) to work on /home/airflow/.local/lib/python3.12/site-packages/airflow/example_dags/example_latest_only.py
[2024-06-06T14:23:09.342+0000] {processor.py:830} INFO - Processing file /home/airflow/.local/lib/python3.12/site-packages/airflow/example_dags/example_latest_only.py for tasks to queue
[2024-06-06T14:23:09.343+0000] {logging_mixin.py:188} INFO - [2024-06-06T14:23:09.343+0000] {dagbag.py:545} INFO - Filling up the DagBag from /home/airflow/.local/lib/python3.12/site-packages/airflow/example_dags/example_latest_only.py
[2024-06-06T14:23:09.346+0000] {processor.py:840} INFO - DAG(s) 'latest_only' retrieved from /home/airflow/.local/lib/python3.12/site-packages/airflow/example_dags/example_latest_only.py
[2024-06-06T14:23:09.358+0000] {logging_mixin.py:188} INFO - [2024-06-06T14:23:09.357+0000] {dag.py:3096} INFO - Sync 1 DAGs
[2024-06-06T14:23:09.370+0000] {logging_mixin.py:188} INFO - [2024-06-06T14:23:09.369+0000] {dag.py:3954} INFO - Setting next_dagrun for latest_only to 2024-06-06 08:00:00+00:00, run_after=2024-06-06 12:00:00+00:00
[2024-06-06T14:23:09.380+0000] {processor.py:183} INFO - Processing /home/airflow/.local/lib/python3.12/site-packages/airflow/example_dags/example_latest_only.py took 0.041 seconds
[2024-06-06T14:23:40.256+0000] {processor.py:161} INFO - Started process (PID=242) to work on /home/airflow/.local/lib/python3.12/site-packages/airflow/example_dags/example_latest_only.py
[2024-06-06T14:23:40.257+0000] {processor.py:830} INFO - Processing file /home/airflow/.local/lib/python3.12/site-packages/airflow/example_dags/example_latest_only.py for tasks to queue
[2024-06-06T14:23:40.259+0000] {logging_mixin.py:188} INFO - [2024-06-06T14:23:40.258+0000] {dagbag.py:545} INFO - Filling up the DagBag from /home/airflow/.local/lib/python3.12/site-packages/airflow/example_dags/example_latest_only.py
[2024-06-06T14:23:40.262+0000] {processor.py:840} INFO - DAG(s) 'latest_only' retrieved from /home/airflow/.local/lib/python3.12/site-packages/airflow/example_dags/example_latest_only.py
[2024-06-06T14:23:40.274+0000] {logging_mixin.py:188} INFO - [2024-06-06T14:23:40.274+0000] {dag.py:3096} INFO - Sync 1 DAGs
[2024-06-06T14:23:40.290+0000] {logging_mixin.py:188} INFO - [2024-06-06T14:23:40.290+0000] {dag.py:3954} INFO - Setting next_dagrun for latest_only to 2024-06-06 08:00:00+00:00, run_after=2024-06-06 12:00:00+00:00
[2024-06-06T14:23:40.303+0000] {processor.py:183} INFO - Processing /home/airflow/.local/lib/python3.12/site-packages/airflow/example_dags/example_latest_only.py took 0.050 seconds
[2024-06-06T14:24:11.251+0000] {processor.py:161} INFO - Started process (PID=300) to work on /home/airflow/.local/lib/python3.12/site-packages/airflow/example_dags/example_latest_only.py
[2024-06-06T14:24:11.251+0000] {processor.py:830} INFO - Processing file /home/airflow/.local/lib/python3.12/site-packages/airflow/example_dags/example_latest_only.py for tasks to queue
[2024-06-06T14:24:11.252+0000] {logging_mixin.py:188} INFO - [2024-06-06T14:24:11.252+0000] {dagbag.py:545} INFO - Filling up the DagBag from /home/airflow/.local/lib/python3.12/site-packages/airflow/example_dags/example_latest_only.py
[2024-06-06T14:24:11.255+0000] {processor.py:840} INFO - DAG(s) 'latest_only' retrieved from /home/airflow/.local/lib/python3.12/site-packages/airflow/example_dags/example_latest_only.py
[2024-06-06T14:24:11.267+0000] {logging_mixin.py:188} INFO - [2024-06-06T14:24:11.267+0000] {dag.py:3096} INFO - Sync 1 DAGs
[2024-06-06T14:24:11.279+0000] {logging_mixin.py:188} INFO - [2024-06-06T14:24:11.279+0000] {dag.py:3954} INFO - Setting next_dagrun for latest_only to 2024-06-06 08:00:00+00:00, run_after=2024-06-06 12:00:00+00:00
[2024-06-06T14:24:11.289+0000] {processor.py:183} INFO - Processing /home/airflow/.local/lib/python3.12/site-packages/airflow/example_dags/example_latest_only.py took 0.041 seconds
[2024-06-06T14:24:41.945+0000] {processor.py:161} INFO - Started process (PID=358) to work on /home/airflow/.local/lib/python3.12/site-packages/airflow/example_dags/example_latest_only.py
[2024-06-06T14:24:41.946+0000] {processor.py:830} INFO - Processing file /home/airflow/.local/lib/python3.12/site-packages/airflow/example_dags/example_latest_only.py for tasks to queue
[2024-06-06T14:24:41.947+0000] {logging_mixin.py:188} INFO - [2024-06-06T14:24:41.947+0000] {dagbag.py:545} INFO - Filling up the DagBag from /home/airflow/.local/lib/python3.12/site-packages/airflow/example_dags/example_latest_only.py
[2024-06-06T14:24:41.951+0000] {processor.py:840} INFO - DAG(s) 'latest_only' retrieved from /home/airflow/.local/lib/python3.12/site-packages/airflow/example_dags/example_latest_only.py
[2024-06-06T14:24:41.961+0000] {logging_mixin.py:188} INFO - [2024-06-06T14:24:41.961+0000] {dag.py:3096} INFO - Sync 1 DAGs
[2024-06-06T14:24:41.973+0000] {logging_mixin.py:188} INFO - [2024-06-06T14:24:41.973+0000] {dag.py:3954} INFO - Setting next_dagrun for latest_only to 2024-06-06 08:00:00+00:00, run_after=2024-06-06 12:00:00+00:00
[2024-06-06T14:24:41.984+0000] {processor.py:183} INFO - Processing /home/airflow/.local/lib/python3.12/site-packages/airflow/example_dags/example_latest_only.py took 0.041 seconds
