[2024-06-06T14:22:07.584+0000] {processor.py:161} INFO - Started process (PID=61) to work on /home/airflow/.local/lib/python3.12/site-packages/airflow/example_dags/example_xcomargs.py
[2024-06-06T14:22:07.585+0000] {processor.py:830} INFO - Processing file /home/airflow/.local/lib/python3.12/site-packages/airflow/example_dags/example_xcomargs.py for tasks to queue
[2024-06-06T14:22:07.586+0000] {logging_mixin.py:188} INFO - [2024-06-06T14:22:07.586+0000] {dagbag.py:545} INFO - Filling up the DagBag from /home/airflow/.local/lib/python3.12/site-packages/airflow/example_dags/example_xcomargs.py
[2024-06-06T14:22:07.593+0000] {processor.py:840} INFO - DAG(s) 'example_xcom_args_with_operators', 'example_xcom_args' retrieved from /home/airflow/.local/lib/python3.12/site-packages/airflow/example_dags/example_xcomargs.py
[2024-06-06T14:22:07.611+0000] {logging_mixin.py:188} INFO - [2024-06-06T14:22:07.611+0000] {dag.py:3096} INFO - Sync 2 DAGs
[2024-06-06T14:22:07.619+0000] {logging_mixin.py:188} INFO - [2024-06-06T14:22:07.619+0000] {dag.py:3954} INFO - Setting next_dagrun for example_xcom_args to None, run_after=None
[2024-06-06T14:22:07.622+0000] {logging_mixin.py:188} INFO - [2024-06-06T14:22:07.622+0000] {dag.py:3954} INFO - Setting next_dagrun for example_xcom_args_with_operators to None, run_after=None
[2024-06-06T14:22:07.633+0000] {processor.py:183} INFO - Processing /home/airflow/.local/lib/python3.12/site-packages/airflow/example_dags/example_xcomargs.py took 0.052 seconds
[2024-06-06T14:22:38.493+0000] {processor.py:161} INFO - Started process (PID=119) to work on /home/airflow/.local/lib/python3.12/site-packages/airflow/example_dags/example_xcomargs.py
[2024-06-06T14:22:38.494+0000] {processor.py:830} INFO - Processing file /home/airflow/.local/lib/python3.12/site-packages/airflow/example_dags/example_xcomargs.py for tasks to queue
[2024-06-06T14:22:38.495+0000] {logging_mixin.py:188} INFO - [2024-06-06T14:22:38.495+0000] {dagbag.py:545} INFO - Filling up the DagBag from /home/airflow/.local/lib/python3.12/site-packages/airflow/example_dags/example_xcomargs.py
[2024-06-06T14:22:38.500+0000] {processor.py:840} INFO - DAG(s) 'example_xcom_args', 'example_xcom_args_with_operators' retrieved from /home/airflow/.local/lib/python3.12/site-packages/airflow/example_dags/example_xcomargs.py
[2024-06-06T14:22:38.513+0000] {logging_mixin.py:188} INFO - [2024-06-06T14:22:38.513+0000] {dag.py:3096} INFO - Sync 2 DAGs
[2024-06-06T14:22:38.520+0000] {logging_mixin.py:188} INFO - [2024-06-06T14:22:38.520+0000] {dag.py:3954} INFO - Setting next_dagrun for example_xcom_args to None, run_after=None
[2024-06-06T14:22:38.522+0000] {logging_mixin.py:188} INFO - [2024-06-06T14:22:38.522+0000] {dag.py:3954} INFO - Setting next_dagrun for example_xcom_args_with_operators to None, run_after=None
[2024-06-06T14:22:38.531+0000] {processor.py:183} INFO - Processing /home/airflow/.local/lib/python3.12/site-packages/airflow/example_dags/example_xcomargs.py took 0.041 seconds
[2024-06-06T14:23:09.127+0000] {processor.py:161} INFO - Started process (PID=177) to work on /home/airflow/.local/lib/python3.12/site-packages/airflow/example_dags/example_xcomargs.py
[2024-06-06T14:23:09.127+0000] {processor.py:830} INFO - Processing file /home/airflow/.local/lib/python3.12/site-packages/airflow/example_dags/example_xcomargs.py for tasks to queue
[2024-06-06T14:23:09.128+0000] {logging_mixin.py:188} INFO - [2024-06-06T14:23:09.128+0000] {dagbag.py:545} INFO - Filling up the DagBag from /home/airflow/.local/lib/python3.12/site-packages/airflow/example_dags/example_xcomargs.py
[2024-06-06T14:23:09.133+0000] {processor.py:840} INFO - DAG(s) 'example_xcom_args_with_operators', 'example_xcom_args' retrieved from /home/airflow/.local/lib/python3.12/site-packages/airflow/example_dags/example_xcomargs.py
[2024-06-06T14:23:09.146+0000] {logging_mixin.py:188} INFO - [2024-06-06T14:23:09.145+0000] {dag.py:3096} INFO - Sync 2 DAGs
[2024-06-06T14:23:09.154+0000] {logging_mixin.py:188} INFO - [2024-06-06T14:23:09.153+0000] {dag.py:3954} INFO - Setting next_dagrun for example_xcom_args to None, run_after=None
[2024-06-06T14:23:09.157+0000] {logging_mixin.py:188} INFO - [2024-06-06T14:23:09.157+0000] {dag.py:3954} INFO - Setting next_dagrun for example_xcom_args_with_operators to None, run_after=None
[2024-06-06T14:23:09.166+0000] {processor.py:183} INFO - Processing /home/airflow/.local/lib/python3.12/site-packages/airflow/example_dags/example_xcomargs.py took 0.042 seconds
[2024-06-06T14:23:40.028+0000] {processor.py:161} INFO - Started process (PID=235) to work on /home/airflow/.local/lib/python3.12/site-packages/airflow/example_dags/example_xcomargs.py
[2024-06-06T14:23:40.028+0000] {processor.py:830} INFO - Processing file /home/airflow/.local/lib/python3.12/site-packages/airflow/example_dags/example_xcomargs.py for tasks to queue
[2024-06-06T14:23:40.029+0000] {logging_mixin.py:188} INFO - [2024-06-06T14:23:40.029+0000] {dagbag.py:545} INFO - Filling up the DagBag from /home/airflow/.local/lib/python3.12/site-packages/airflow/example_dags/example_xcomargs.py
[2024-06-06T14:23:40.034+0000] {processor.py:840} INFO - DAG(s) 'example_xcom_args_with_operators', 'example_xcom_args' retrieved from /home/airflow/.local/lib/python3.12/site-packages/airflow/example_dags/example_xcomargs.py
[2024-06-06T14:23:40.049+0000] {logging_mixin.py:188} INFO - [2024-06-06T14:23:40.048+0000] {dag.py:3096} INFO - Sync 2 DAGs
[2024-06-06T14:23:40.057+0000] {logging_mixin.py:188} INFO - [2024-06-06T14:23:40.056+0000] {dag.py:3954} INFO - Setting next_dagrun for example_xcom_args to None, run_after=None
[2024-06-06T14:23:40.059+0000] {logging_mixin.py:188} INFO - [2024-06-06T14:23:40.059+0000] {dag.py:3954} INFO - Setting next_dagrun for example_xcom_args_with_operators to None, run_after=None
[2024-06-06T14:23:40.069+0000] {processor.py:183} INFO - Processing /home/airflow/.local/lib/python3.12/site-packages/airflow/example_dags/example_xcomargs.py took 0.045 seconds
[2024-06-06T14:24:11.060+0000] {processor.py:161} INFO - Started process (PID=293) to work on /home/airflow/.local/lib/python3.12/site-packages/airflow/example_dags/example_xcomargs.py
[2024-06-06T14:24:11.061+0000] {processor.py:830} INFO - Processing file /home/airflow/.local/lib/python3.12/site-packages/airflow/example_dags/example_xcomargs.py for tasks to queue
[2024-06-06T14:24:11.062+0000] {logging_mixin.py:188} INFO - [2024-06-06T14:24:11.062+0000] {dagbag.py:545} INFO - Filling up the DagBag from /home/airflow/.local/lib/python3.12/site-packages/airflow/example_dags/example_xcomargs.py
[2024-06-06T14:24:11.067+0000] {processor.py:840} INFO - DAG(s) 'example_xcom_args_with_operators', 'example_xcom_args' retrieved from /home/airflow/.local/lib/python3.12/site-packages/airflow/example_dags/example_xcomargs.py
[2024-06-06T14:24:11.081+0000] {logging_mixin.py:188} INFO - [2024-06-06T14:24:11.080+0000] {dag.py:3096} INFO - Sync 2 DAGs
[2024-06-06T14:24:11.088+0000] {logging_mixin.py:188} INFO - [2024-06-06T14:24:11.088+0000] {dag.py:3954} INFO - Setting next_dagrun for example_xcom_args to None, run_after=None
[2024-06-06T14:24:11.090+0000] {logging_mixin.py:188} INFO - [2024-06-06T14:24:11.090+0000] {dag.py:3954} INFO - Setting next_dagrun for example_xcom_args_with_operators to None, run_after=None
[2024-06-06T14:24:11.099+0000] {processor.py:183} INFO - Processing /home/airflow/.local/lib/python3.12/site-packages/airflow/example_dags/example_xcomargs.py took 0.041 seconds
[2024-06-06T14:24:41.726+0000] {processor.py:161} INFO - Started process (PID=351) to work on /home/airflow/.local/lib/python3.12/site-packages/airflow/example_dags/example_xcomargs.py
[2024-06-06T14:24:41.728+0000] {processor.py:830} INFO - Processing file /home/airflow/.local/lib/python3.12/site-packages/airflow/example_dags/example_xcomargs.py for tasks to queue
[2024-06-06T14:24:41.729+0000] {logging_mixin.py:188} INFO - [2024-06-06T14:24:41.729+0000] {dagbag.py:545} INFO - Filling up the DagBag from /home/airflow/.local/lib/python3.12/site-packages/airflow/example_dags/example_xcomargs.py
[2024-06-06T14:24:41.734+0000] {processor.py:840} INFO - DAG(s) 'example_xcom_args', 'example_xcom_args_with_operators' retrieved from /home/airflow/.local/lib/python3.12/site-packages/airflow/example_dags/example_xcomargs.py
[2024-06-06T14:24:41.747+0000] {logging_mixin.py:188} INFO - [2024-06-06T14:24:41.747+0000] {dag.py:3096} INFO - Sync 2 DAGs
[2024-06-06T14:24:41.754+0000] {logging_mixin.py:188} INFO - [2024-06-06T14:24:41.754+0000] {dag.py:3954} INFO - Setting next_dagrun for example_xcom_args to None, run_after=None
[2024-06-06T14:24:41.757+0000] {logging_mixin.py:188} INFO - [2024-06-06T14:24:41.757+0000] {dag.py:3954} INFO - Setting next_dagrun for example_xcom_args_with_operators to None, run_after=None
[2024-06-06T14:24:41.767+0000] {processor.py:183} INFO - Processing /home/airflow/.local/lib/python3.12/site-packages/airflow/example_dags/example_xcomargs.py took 0.043 seconds
