[2024-06-06T14:22:06.887+0000] {processor.py:161} INFO - Started process (PID=48) to work on /home/airflow/.local/lib/python3.12/site-packages/airflow/example_dags/example_latest_only_with_trigger.py
[2024-06-06T14:22:06.887+0000] {processor.py:830} INFO - Processing file /home/airflow/.local/lib/python3.12/site-packages/airflow/example_dags/example_latest_only_with_trigger.py for tasks to queue
[2024-06-06T14:22:06.889+0000] {logging_mixin.py:188} INFO - [2024-06-06T14:22:06.889+0000] {dagbag.py:545} INFO - Filling up the DagBag from /home/airflow/.local/lib/python3.12/site-packages/airflow/example_dags/example_latest_only_with_trigger.py
[2024-06-06T14:22:06.895+0000] {processor.py:840} INFO - DAG(s) 'latest_only_with_trigger' retrieved from /home/airflow/.local/lib/python3.12/site-packages/airflow/example_dags/example_latest_only_with_trigger.py
[2024-06-06T14:22:06.928+0000] {logging_mixin.py:188} INFO - [2024-06-06T14:22:06.928+0000] {dag.py:3096} INFO - Sync 1 DAGs
[2024-06-06T14:22:06.945+0000] {logging_mixin.py:188} INFO - [2024-06-06T14:22:06.945+0000] {dag.py:3954} INFO - Setting next_dagrun for latest_only_with_trigger to 2024-06-06 08:00:00+00:00, run_after=2024-06-06 12:00:00+00:00
[2024-06-06T14:22:06.956+0000] {processor.py:183} INFO - Processing /home/airflow/.local/lib/python3.12/site-packages/airflow/example_dags/example_latest_only_with_trigger.py took 0.071 seconds
[2024-06-06T14:22:37.050+0000] {processor.py:161} INFO - Started process (PID=106) to work on /home/airflow/.local/lib/python3.12/site-packages/airflow/example_dags/example_latest_only_with_trigger.py
[2024-06-06T14:22:37.051+0000] {processor.py:830} INFO - Processing file /home/airflow/.local/lib/python3.12/site-packages/airflow/example_dags/example_latest_only_with_trigger.py for tasks to queue
[2024-06-06T14:22:37.052+0000] {logging_mixin.py:188} INFO - [2024-06-06T14:22:37.052+0000] {dagbag.py:545} INFO - Filling up the DagBag from /home/airflow/.local/lib/python3.12/site-packages/airflow/example_dags/example_latest_only_with_trigger.py
[2024-06-06T14:22:37.055+0000] {processor.py:840} INFO - DAG(s) 'latest_only_with_trigger' retrieved from /home/airflow/.local/lib/python3.12/site-packages/airflow/example_dags/example_latest_only_with_trigger.py
[2024-06-06T14:22:37.066+0000] {logging_mixin.py:188} INFO - [2024-06-06T14:22:37.066+0000] {dag.py:3096} INFO - Sync 1 DAGs
[2024-06-06T14:22:37.078+0000] {logging_mixin.py:188} INFO - [2024-06-06T14:22:37.078+0000] {dag.py:3954} INFO - Setting next_dagrun for latest_only_with_trigger to 2024-06-06 08:00:00+00:00, run_after=2024-06-06 12:00:00+00:00
[2024-06-06T14:22:37.088+0000] {processor.py:183} INFO - Processing /home/airflow/.local/lib/python3.12/site-packages/airflow/example_dags/example_latest_only_with_trigger.py took 0.040 seconds
[2024-06-06T14:23:07.649+0000] {processor.py:161} INFO - Started process (PID=164) to work on /home/airflow/.local/lib/python3.12/site-packages/airflow/example_dags/example_latest_only_with_trigger.py
[2024-06-06T14:23:07.649+0000] {processor.py:830} INFO - Processing file /home/airflow/.local/lib/python3.12/site-packages/airflow/example_dags/example_latest_only_with_trigger.py for tasks to queue
[2024-06-06T14:23:07.650+0000] {logging_mixin.py:188} INFO - [2024-06-06T14:23:07.650+0000] {dagbag.py:545} INFO - Filling up the DagBag from /home/airflow/.local/lib/python3.12/site-packages/airflow/example_dags/example_latest_only_with_trigger.py
[2024-06-06T14:23:07.653+0000] {processor.py:840} INFO - DAG(s) 'latest_only_with_trigger' retrieved from /home/airflow/.local/lib/python3.12/site-packages/airflow/example_dags/example_latest_only_with_trigger.py
[2024-06-06T14:23:07.664+0000] {logging_mixin.py:188} INFO - [2024-06-06T14:23:07.664+0000] {dag.py:3096} INFO - Sync 1 DAGs
[2024-06-06T14:23:07.677+0000] {logging_mixin.py:188} INFO - [2024-06-06T14:23:07.677+0000] {dag.py:3954} INFO - Setting next_dagrun for latest_only_with_trigger to 2024-06-06 08:00:00+00:00, run_after=2024-06-06 12:00:00+00:00
[2024-06-06T14:23:07.687+0000] {processor.py:183} INFO - Processing /home/airflow/.local/lib/python3.12/site-packages/airflow/example_dags/example_latest_only_with_trigger.py took 0.042 seconds
[2024-06-06T14:23:38.535+0000] {processor.py:161} INFO - Started process (PID=222) to work on /home/airflow/.local/lib/python3.12/site-packages/airflow/example_dags/example_latest_only_with_trigger.py
[2024-06-06T14:23:38.535+0000] {processor.py:830} INFO - Processing file /home/airflow/.local/lib/python3.12/site-packages/airflow/example_dags/example_latest_only_with_trigger.py for tasks to queue
[2024-06-06T14:23:38.537+0000] {logging_mixin.py:188} INFO - [2024-06-06T14:23:38.537+0000] {dagbag.py:545} INFO - Filling up the DagBag from /home/airflow/.local/lib/python3.12/site-packages/airflow/example_dags/example_latest_only_with_trigger.py
[2024-06-06T14:23:38.541+0000] {processor.py:840} INFO - DAG(s) 'latest_only_with_trigger' retrieved from /home/airflow/.local/lib/python3.12/site-packages/airflow/example_dags/example_latest_only_with_trigger.py
[2024-06-06T14:23:38.558+0000] {logging_mixin.py:188} INFO - [2024-06-06T14:23:38.558+0000] {dag.py:3096} INFO - Sync 1 DAGs
[2024-06-06T14:23:38.574+0000] {logging_mixin.py:188} INFO - [2024-06-06T14:23:38.574+0000] {dag.py:3954} INFO - Setting next_dagrun for latest_only_with_trigger to 2024-06-06 08:00:00+00:00, run_after=2024-06-06 12:00:00+00:00
[2024-06-06T14:23:38.587+0000] {processor.py:183} INFO - Processing /home/airflow/.local/lib/python3.12/site-packages/airflow/example_dags/example_latest_only_with_trigger.py took 0.056 seconds
[2024-06-06T14:24:08.628+0000] {processor.py:161} INFO - Started process (PID=280) to work on /home/airflow/.local/lib/python3.12/site-packages/airflow/example_dags/example_latest_only_with_trigger.py
[2024-06-06T14:24:08.629+0000] {processor.py:830} INFO - Processing file /home/airflow/.local/lib/python3.12/site-packages/airflow/example_dags/example_latest_only_with_trigger.py for tasks to queue
[2024-06-06T14:24:08.630+0000] {logging_mixin.py:188} INFO - [2024-06-06T14:24:08.630+0000] {dagbag.py:545} INFO - Filling up the DagBag from /home/airflow/.local/lib/python3.12/site-packages/airflow/example_dags/example_latest_only_with_trigger.py
[2024-06-06T14:24:08.632+0000] {processor.py:840} INFO - DAG(s) 'latest_only_with_trigger' retrieved from /home/airflow/.local/lib/python3.12/site-packages/airflow/example_dags/example_latest_only_with_trigger.py
[2024-06-06T14:24:08.644+0000] {logging_mixin.py:188} INFO - [2024-06-06T14:24:08.644+0000] {dag.py:3096} INFO - Sync 1 DAGs
[2024-06-06T14:24:08.655+0000] {logging_mixin.py:188} INFO - [2024-06-06T14:24:08.655+0000] {dag.py:3954} INFO - Setting next_dagrun for latest_only_with_trigger to 2024-06-06 08:00:00+00:00, run_after=2024-06-06 12:00:00+00:00
[2024-06-06T14:24:08.665+0000] {processor.py:183} INFO - Processing /home/airflow/.local/lib/python3.12/site-packages/airflow/example_dags/example_latest_only_with_trigger.py took 0.040 seconds
[2024-06-06T14:24:39.232+0000] {processor.py:161} INFO - Started process (PID=338) to work on /home/airflow/.local/lib/python3.12/site-packages/airflow/example_dags/example_latest_only_with_trigger.py
[2024-06-06T14:24:39.233+0000] {processor.py:830} INFO - Processing file /home/airflow/.local/lib/python3.12/site-packages/airflow/example_dags/example_latest_only_with_trigger.py for tasks to queue
[2024-06-06T14:24:39.234+0000] {logging_mixin.py:188} INFO - [2024-06-06T14:24:39.234+0000] {dagbag.py:545} INFO - Filling up the DagBag from /home/airflow/.local/lib/python3.12/site-packages/airflow/example_dags/example_latest_only_with_trigger.py
[2024-06-06T14:24:39.238+0000] {processor.py:840} INFO - DAG(s) 'latest_only_with_trigger' retrieved from /home/airflow/.local/lib/python3.12/site-packages/airflow/example_dags/example_latest_only_with_trigger.py
[2024-06-06T14:24:39.249+0000] {logging_mixin.py:188} INFO - [2024-06-06T14:24:39.249+0000] {dag.py:3096} INFO - Sync 1 DAGs
[2024-06-06T14:24:39.263+0000] {logging_mixin.py:188} INFO - [2024-06-06T14:24:39.263+0000] {dag.py:3954} INFO - Setting next_dagrun for latest_only_with_trigger to 2024-06-06 08:00:00+00:00, run_after=2024-06-06 12:00:00+00:00
[2024-06-06T14:24:39.274+0000] {processor.py:183} INFO - Processing /home/airflow/.local/lib/python3.12/site-packages/airflow/example_dags/example_latest_only_with_trigger.py took 0.045 seconds
