[2024-06-06T14:22:08.244+0000] {processor.py:161} INFO - Started process (PID=79) to work on /home/airflow/.local/lib/python3.12/site-packages/airflow/example_dags/example_dynamic_task_mapping_with_no_taskflow_operators.py
[2024-06-06T14:22:08.244+0000] {processor.py:830} INFO - Processing file /home/airflow/.local/lib/python3.12/site-packages/airflow/example_dags/example_dynamic_task_mapping_with_no_taskflow_operators.py for tasks to queue
[2024-06-06T14:22:08.246+0000] {logging_mixin.py:188} INFO - [2024-06-06T14:22:08.246+0000] {dagbag.py:545} INFO - Filling up the DagBag from /home/airflow/.local/lib/python3.12/site-packages/airflow/example_dags/example_dynamic_task_mapping_with_no_taskflow_operators.py
[2024-06-06T14:22:08.250+0000] {processor.py:840} INFO - DAG(s) 'example_dynamic_task_mapping_with_no_taskflow_operators' retrieved from /home/airflow/.local/lib/python3.12/site-packages/airflow/example_dags/example_dynamic_task_mapping_with_no_taskflow_operators.py
[2024-06-06T14:22:08.262+0000] {logging_mixin.py:188} INFO - [2024-06-06T14:22:08.262+0000] {dag.py:3096} INFO - Sync 1 DAGs
[2024-06-06T14:22:08.276+0000] {logging_mixin.py:188} INFO - [2024-06-06T14:22:08.275+0000] {dag.py:3954} INFO - Setting next_dagrun for example_dynamic_task_mapping_with_no_taskflow_operators to 2024-06-05 00:00:00+00:00, run_after=2024-06-06 00:00:00+00:00
[2024-06-06T14:22:08.290+0000] {processor.py:183} INFO - Processing /home/airflow/.local/lib/python3.12/site-packages/airflow/example_dags/example_dynamic_task_mapping_with_no_taskflow_operators.py took 0.049 seconds
[2024-06-06T14:22:38.999+0000] {processor.py:161} INFO - Started process (PID=137) to work on /home/airflow/.local/lib/python3.12/site-packages/airflow/example_dags/example_dynamic_task_mapping_with_no_taskflow_operators.py
[2024-06-06T14:22:39.000+0000] {processor.py:830} INFO - Processing file /home/airflow/.local/lib/python3.12/site-packages/airflow/example_dags/example_dynamic_task_mapping_with_no_taskflow_operators.py for tasks to queue
[2024-06-06T14:22:39.001+0000] {logging_mixin.py:188} INFO - [2024-06-06T14:22:39.001+0000] {dagbag.py:545} INFO - Filling up the DagBag from /home/airflow/.local/lib/python3.12/site-packages/airflow/example_dags/example_dynamic_task_mapping_with_no_taskflow_operators.py
[2024-06-06T14:22:39.004+0000] {processor.py:840} INFO - DAG(s) 'example_dynamic_task_mapping_with_no_taskflow_operators' retrieved from /home/airflow/.local/lib/python3.12/site-packages/airflow/example_dags/example_dynamic_task_mapping_with_no_taskflow_operators.py
[2024-06-06T14:22:39.015+0000] {logging_mixin.py:188} INFO - [2024-06-06T14:22:39.015+0000] {dag.py:3096} INFO - Sync 1 DAGs
[2024-06-06T14:22:39.026+0000] {logging_mixin.py:188} INFO - [2024-06-06T14:22:39.026+0000] {dag.py:3954} INFO - Setting next_dagrun for example_dynamic_task_mapping_with_no_taskflow_operators to 2024-06-05 00:00:00+00:00, run_after=2024-06-06 00:00:00+00:00
[2024-06-06T14:22:39.035+0000] {processor.py:183} INFO - Processing /home/airflow/.local/lib/python3.12/site-packages/airflow/example_dags/example_dynamic_task_mapping_with_no_taskflow_operators.py took 0.039 seconds
[2024-06-06T14:23:09.658+0000] {processor.py:161} INFO - Started process (PID=195) to work on /home/airflow/.local/lib/python3.12/site-packages/airflow/example_dags/example_dynamic_task_mapping_with_no_taskflow_operators.py
[2024-06-06T14:23:09.658+0000] {processor.py:830} INFO - Processing file /home/airflow/.local/lib/python3.12/site-packages/airflow/example_dags/example_dynamic_task_mapping_with_no_taskflow_operators.py for tasks to queue
[2024-06-06T14:23:09.659+0000] {logging_mixin.py:188} INFO - [2024-06-06T14:23:09.659+0000] {dagbag.py:545} INFO - Filling up the DagBag from /home/airflow/.local/lib/python3.12/site-packages/airflow/example_dags/example_dynamic_task_mapping_with_no_taskflow_operators.py
[2024-06-06T14:23:09.663+0000] {processor.py:840} INFO - DAG(s) 'example_dynamic_task_mapping_with_no_taskflow_operators' retrieved from /home/airflow/.local/lib/python3.12/site-packages/airflow/example_dags/example_dynamic_task_mapping_with_no_taskflow_operators.py
[2024-06-06T14:23:09.674+0000] {logging_mixin.py:188} INFO - [2024-06-06T14:23:09.674+0000] {dag.py:3096} INFO - Sync 1 DAGs
[2024-06-06T14:23:09.686+0000] {logging_mixin.py:188} INFO - [2024-06-06T14:23:09.686+0000] {dag.py:3954} INFO - Setting next_dagrun for example_dynamic_task_mapping_with_no_taskflow_operators to 2024-06-05 00:00:00+00:00, run_after=2024-06-06 00:00:00+00:00
[2024-06-06T14:23:09.697+0000] {processor.py:183} INFO - Processing /home/airflow/.local/lib/python3.12/site-packages/airflow/example_dags/example_dynamic_task_mapping_with_no_taskflow_operators.py took 0.042 seconds
[2024-06-06T14:23:40.640+0000] {processor.py:161} INFO - Started process (PID=253) to work on /home/airflow/.local/lib/python3.12/site-packages/airflow/example_dags/example_dynamic_task_mapping_with_no_taskflow_operators.py
[2024-06-06T14:23:40.641+0000] {processor.py:830} INFO - Processing file /home/airflow/.local/lib/python3.12/site-packages/airflow/example_dags/example_dynamic_task_mapping_with_no_taskflow_operators.py for tasks to queue
[2024-06-06T14:23:40.642+0000] {logging_mixin.py:188} INFO - [2024-06-06T14:23:40.642+0000] {dagbag.py:545} INFO - Filling up the DagBag from /home/airflow/.local/lib/python3.12/site-packages/airflow/example_dags/example_dynamic_task_mapping_with_no_taskflow_operators.py
[2024-06-06T14:23:40.646+0000] {processor.py:840} INFO - DAG(s) 'example_dynamic_task_mapping_with_no_taskflow_operators' retrieved from /home/airflow/.local/lib/python3.12/site-packages/airflow/example_dags/example_dynamic_task_mapping_with_no_taskflow_operators.py
[2024-06-06T14:23:40.660+0000] {logging_mixin.py:188} INFO - [2024-06-06T14:23:40.660+0000] {dag.py:3096} INFO - Sync 1 DAGs
[2024-06-06T14:23:40.674+0000] {logging_mixin.py:188} INFO - [2024-06-06T14:23:40.674+0000] {dag.py:3954} INFO - Setting next_dagrun for example_dynamic_task_mapping_with_no_taskflow_operators to 2024-06-05 00:00:00+00:00, run_after=2024-06-06 00:00:00+00:00
[2024-06-06T14:23:40.688+0000] {processor.py:183} INFO - Processing /home/airflow/.local/lib/python3.12/site-packages/airflow/example_dags/example_dynamic_task_mapping_with_no_taskflow_operators.py took 0.051 seconds
[2024-06-06T14:24:11.571+0000] {processor.py:161} INFO - Started process (PID=311) to work on /home/airflow/.local/lib/python3.12/site-packages/airflow/example_dags/example_dynamic_task_mapping_with_no_taskflow_operators.py
[2024-06-06T14:24:11.572+0000] {processor.py:830} INFO - Processing file /home/airflow/.local/lib/python3.12/site-packages/airflow/example_dags/example_dynamic_task_mapping_with_no_taskflow_operators.py for tasks to queue
[2024-06-06T14:24:11.573+0000] {logging_mixin.py:188} INFO - [2024-06-06T14:24:11.573+0000] {dagbag.py:545} INFO - Filling up the DagBag from /home/airflow/.local/lib/python3.12/site-packages/airflow/example_dags/example_dynamic_task_mapping_with_no_taskflow_operators.py
[2024-06-06T14:24:11.577+0000] {processor.py:840} INFO - DAG(s) 'example_dynamic_task_mapping_with_no_taskflow_operators' retrieved from /home/airflow/.local/lib/python3.12/site-packages/airflow/example_dags/example_dynamic_task_mapping_with_no_taskflow_operators.py
[2024-06-06T14:24:11.588+0000] {logging_mixin.py:188} INFO - [2024-06-06T14:24:11.588+0000] {dag.py:3096} INFO - Sync 1 DAGs
[2024-06-06T14:24:11.600+0000] {logging_mixin.py:188} INFO - [2024-06-06T14:24:11.600+0000] {dag.py:3954} INFO - Setting next_dagrun for example_dynamic_task_mapping_with_no_taskflow_operators to 2024-06-05 00:00:00+00:00, run_after=2024-06-06 00:00:00+00:00
[2024-06-06T14:24:11.610+0000] {processor.py:183} INFO - Processing /home/airflow/.local/lib/python3.12/site-packages/airflow/example_dags/example_dynamic_task_mapping_with_no_taskflow_operators.py took 0.042 seconds
[2024-06-06T14:24:42.279+0000] {processor.py:161} INFO - Started process (PID=369) to work on /home/airflow/.local/lib/python3.12/site-packages/airflow/example_dags/example_dynamic_task_mapping_with_no_taskflow_operators.py
[2024-06-06T14:24:42.280+0000] {processor.py:830} INFO - Processing file /home/airflow/.local/lib/python3.12/site-packages/airflow/example_dags/example_dynamic_task_mapping_with_no_taskflow_operators.py for tasks to queue
[2024-06-06T14:24:42.281+0000] {logging_mixin.py:188} INFO - [2024-06-06T14:24:42.281+0000] {dagbag.py:545} INFO - Filling up the DagBag from /home/airflow/.local/lib/python3.12/site-packages/airflow/example_dags/example_dynamic_task_mapping_with_no_taskflow_operators.py
[2024-06-06T14:24:42.285+0000] {processor.py:840} INFO - DAG(s) 'example_dynamic_task_mapping_with_no_taskflow_operators' retrieved from /home/airflow/.local/lib/python3.12/site-packages/airflow/example_dags/example_dynamic_task_mapping_with_no_taskflow_operators.py
[2024-06-06T14:24:42.296+0000] {logging_mixin.py:188} INFO - [2024-06-06T14:24:42.296+0000] {dag.py:3096} INFO - Sync 1 DAGs
[2024-06-06T14:24:42.308+0000] {logging_mixin.py:188} INFO - [2024-06-06T14:24:42.308+0000] {dag.py:3954} INFO - Setting next_dagrun for example_dynamic_task_mapping_with_no_taskflow_operators to 2024-06-05 00:00:00+00:00, run_after=2024-06-06 00:00:00+00:00
[2024-06-06T14:24:42.319+0000] {processor.py:183} INFO - Processing /home/airflow/.local/lib/python3.12/site-packages/airflow/example_dags/example_dynamic_task_mapping_with_no_taskflow_operators.py took 0.043 seconds
