[2024-06-06T14:22:07.854+0000] {processor.py:161} INFO - Started process (PID=69) to work on /home/airflow/.local/lib/python3.12/site-packages/airflow/example_dags/example_subdag_operator.py
[2024-06-06T14:22:07.855+0000] {processor.py:830} INFO - Processing file /home/airflow/.local/lib/python3.12/site-packages/airflow/example_dags/example_subdag_operator.py for tasks to queue
[2024-06-06T14:22:07.856+0000] {logging_mixin.py:188} INFO - [2024-06-06T14:22:07.855+0000] {dagbag.py:545} INFO - Filling up the DagBag from /home/airflow/.local/lib/python3.12/site-packages/airflow/example_dags/example_subdag_operator.py
[2024-06-06T14:22:07.869+0000] {processor.py:840} INFO - DAG(s) 'example_subdag_operator.section-1', 'example_subdag_operator.section-2', 'example_subdag_operator' retrieved from /home/airflow/.local/lib/python3.12/site-packages/airflow/example_dags/example_subdag_operator.py
[2024-06-06T14:22:07.883+0000] {logging_mixin.py:188} INFO - [2024-06-06T14:22:07.883+0000] {dag.py:3096} INFO - Sync 3 DAGs
[2024-06-06T14:22:07.896+0000] {logging_mixin.py:188} INFO - [2024-06-06T14:22:07.896+0000] {dag.py:3954} INFO - Setting next_dagrun for example_subdag_operator to 2022-01-01 00:00:00+00:00, run_after=2022-01-01 00:00:00+00:00
[2024-06-06T14:22:07.898+0000] {logging_mixin.py:188} INFO - [2024-06-06T14:22:07.898+0000] {dag.py:3954} INFO - Setting next_dagrun for example_subdag_operator.section-1 to None, run_after=None
[2024-06-06T14:22:07.899+0000] {logging_mixin.py:188} INFO - [2024-06-06T14:22:07.899+0000] {dag.py:3954} INFO - Setting next_dagrun for example_subdag_operator.section-2 to None, run_after=None
[2024-06-06T14:22:07.903+0000] {logging_mixin.py:188} INFO - [2024-06-06T14:22:07.903+0000] {dag.py:3096} INFO - Sync 2 DAGs
[2024-06-06T14:22:07.907+0000] {logging_mixin.py:188} INFO - [2024-06-06T14:22:07.907+0000] {dag.py:3954} INFO - Setting next_dagrun for example_subdag_operator.section-1 to None, run_after=None
[2024-06-06T14:22:07.908+0000] {logging_mixin.py:188} INFO - [2024-06-06T14:22:07.908+0000] {dag.py:3954} INFO - Setting next_dagrun for example_subdag_operator.section-2 to None, run_after=None
[2024-06-06T14:22:07.915+0000] {processor.py:183} INFO - Processing /home/airflow/.local/lib/python3.12/site-packages/airflow/example_dags/example_subdag_operator.py took 0.065 seconds
[2024-06-06T14:22:38.702+0000] {processor.py:161} INFO - Started process (PID=127) to work on /home/airflow/.local/lib/python3.12/site-packages/airflow/example_dags/example_subdag_operator.py
[2024-06-06T14:22:38.703+0000] {processor.py:830} INFO - Processing file /home/airflow/.local/lib/python3.12/site-packages/airflow/example_dags/example_subdag_operator.py for tasks to queue
[2024-06-06T14:22:38.704+0000] {logging_mixin.py:188} INFO - [2024-06-06T14:22:38.703+0000] {dagbag.py:545} INFO - Filling up the DagBag from /home/airflow/.local/lib/python3.12/site-packages/airflow/example_dags/example_subdag_operator.py
[2024-06-06T14:22:38.716+0000] {processor.py:840} INFO - DAG(s) 'example_subdag_operator.section-1', 'example_subdag_operator.section-2', 'example_subdag_operator' retrieved from /home/airflow/.local/lib/python3.12/site-packages/airflow/example_dags/example_subdag_operator.py
[2024-06-06T14:22:38.724+0000] {logging_mixin.py:188} INFO - [2024-06-06T14:22:38.724+0000] {dag.py:3096} INFO - Sync 3 DAGs
[2024-06-06T14:22:38.736+0000] {logging_mixin.py:188} INFO - [2024-06-06T14:22:38.736+0000] {dag.py:3954} INFO - Setting next_dagrun for example_subdag_operator to 2022-01-01 00:00:00+00:00, run_after=2022-01-01 00:00:00+00:00
[2024-06-06T14:22:38.738+0000] {logging_mixin.py:188} INFO - [2024-06-06T14:22:38.738+0000] {dag.py:3954} INFO - Setting next_dagrun for example_subdag_operator.section-1 to None, run_after=None
[2024-06-06T14:22:38.740+0000] {logging_mixin.py:188} INFO - [2024-06-06T14:22:38.740+0000] {dag.py:3954} INFO - Setting next_dagrun for example_subdag_operator.section-2 to None, run_after=None
[2024-06-06T14:22:38.744+0000] {logging_mixin.py:188} INFO - [2024-06-06T14:22:38.744+0000] {dag.py:3096} INFO - Sync 2 DAGs
[2024-06-06T14:22:38.748+0000] {logging_mixin.py:188} INFO - [2024-06-06T14:22:38.748+0000] {dag.py:3954} INFO - Setting next_dagrun for example_subdag_operator.section-1 to None, run_after=None
[2024-06-06T14:22:38.749+0000] {logging_mixin.py:188} INFO - [2024-06-06T14:22:38.749+0000] {dag.py:3954} INFO - Setting next_dagrun for example_subdag_operator.section-2 to None, run_after=None
[2024-06-06T14:22:38.755+0000] {processor.py:183} INFO - Processing /home/airflow/.local/lib/python3.12/site-packages/airflow/example_dags/example_subdag_operator.py took 0.056 seconds
[2024-06-06T14:23:09.353+0000] {processor.py:161} INFO - Started process (PID=185) to work on /home/airflow/.local/lib/python3.12/site-packages/airflow/example_dags/example_subdag_operator.py
[2024-06-06T14:23:09.354+0000] {processor.py:830} INFO - Processing file /home/airflow/.local/lib/python3.12/site-packages/airflow/example_dags/example_subdag_operator.py for tasks to queue
[2024-06-06T14:23:09.355+0000] {logging_mixin.py:188} INFO - [2024-06-06T14:23:09.355+0000] {dagbag.py:545} INFO - Filling up the DagBag from /home/airflow/.local/lib/python3.12/site-packages/airflow/example_dags/example_subdag_operator.py
[2024-06-06T14:23:09.368+0000] {processor.py:840} INFO - DAG(s) 'example_subdag_operator.section-1', 'example_subdag_operator.section-2', 'example_subdag_operator' retrieved from /home/airflow/.local/lib/python3.12/site-packages/airflow/example_dags/example_subdag_operator.py
[2024-06-06T14:23:09.377+0000] {logging_mixin.py:188} INFO - [2024-06-06T14:23:09.376+0000] {dag.py:3096} INFO - Sync 3 DAGs
[2024-06-06T14:23:09.389+0000] {logging_mixin.py:188} INFO - [2024-06-06T14:23:09.388+0000] {dag.py:3954} INFO - Setting next_dagrun for example_subdag_operator to 2022-01-01 00:00:00+00:00, run_after=2022-01-01 00:00:00+00:00
[2024-06-06T14:23:09.391+0000] {logging_mixin.py:188} INFO - [2024-06-06T14:23:09.391+0000] {dag.py:3954} INFO - Setting next_dagrun for example_subdag_operator.section-1 to None, run_after=None
[2024-06-06T14:23:09.392+0000] {logging_mixin.py:188} INFO - [2024-06-06T14:23:09.392+0000] {dag.py:3954} INFO - Setting next_dagrun for example_subdag_operator.section-2 to None, run_after=None
[2024-06-06T14:23:09.396+0000] {logging_mixin.py:188} INFO - [2024-06-06T14:23:09.396+0000] {dag.py:3096} INFO - Sync 2 DAGs
[2024-06-06T14:23:09.399+0000] {logging_mixin.py:188} INFO - [2024-06-06T14:23:09.399+0000] {dag.py:3954} INFO - Setting next_dagrun for example_subdag_operator.section-1 to None, run_after=None
[2024-06-06T14:23:09.399+0000] {logging_mixin.py:188} INFO - [2024-06-06T14:23:09.399+0000] {dag.py:3954} INFO - Setting next_dagrun for example_subdag_operator.section-2 to None, run_after=None
[2024-06-06T14:23:09.406+0000] {processor.py:183} INFO - Processing /home/airflow/.local/lib/python3.12/site-packages/airflow/example_dags/example_subdag_operator.py took 0.056 seconds
[2024-06-06T14:23:40.281+0000] {processor.py:161} INFO - Started process (PID=243) to work on /home/airflow/.local/lib/python3.12/site-packages/airflow/example_dags/example_subdag_operator.py
[2024-06-06T14:23:40.282+0000] {processor.py:830} INFO - Processing file /home/airflow/.local/lib/python3.12/site-packages/airflow/example_dags/example_subdag_operator.py for tasks to queue
[2024-06-06T14:23:40.284+0000] {logging_mixin.py:188} INFO - [2024-06-06T14:23:40.284+0000] {dagbag.py:545} INFO - Filling up the DagBag from /home/airflow/.local/lib/python3.12/site-packages/airflow/example_dags/example_subdag_operator.py
[2024-06-06T14:23:40.300+0000] {processor.py:840} INFO - DAG(s) 'example_subdag_operator.section-1', 'example_subdag_operator.section-2', 'example_subdag_operator' retrieved from /home/airflow/.local/lib/python3.12/site-packages/airflow/example_dags/example_subdag_operator.py
[2024-06-06T14:23:40.311+0000] {logging_mixin.py:188} INFO - [2024-06-06T14:23:40.311+0000] {dag.py:3096} INFO - Sync 3 DAGs
[2024-06-06T14:23:40.324+0000] {logging_mixin.py:188} INFO - [2024-06-06T14:23:40.324+0000] {dag.py:3954} INFO - Setting next_dagrun for example_subdag_operator to 2022-01-01 00:00:00+00:00, run_after=2022-01-01 00:00:00+00:00
[2024-06-06T14:23:40.327+0000] {logging_mixin.py:188} INFO - [2024-06-06T14:23:40.327+0000] {dag.py:3954} INFO - Setting next_dagrun for example_subdag_operator.section-1 to None, run_after=None
[2024-06-06T14:23:40.328+0000] {logging_mixin.py:188} INFO - [2024-06-06T14:23:40.328+0000] {dag.py:3954} INFO - Setting next_dagrun for example_subdag_operator.section-2 to None, run_after=None
[2024-06-06T14:23:40.332+0000] {logging_mixin.py:188} INFO - [2024-06-06T14:23:40.332+0000] {dag.py:3096} INFO - Sync 2 DAGs
[2024-06-06T14:23:40.336+0000] {logging_mixin.py:188} INFO - [2024-06-06T14:23:40.336+0000] {dag.py:3954} INFO - Setting next_dagrun for example_subdag_operator.section-1 to None, run_after=None
[2024-06-06T14:23:40.337+0000] {logging_mixin.py:188} INFO - [2024-06-06T14:23:40.336+0000] {dag.py:3954} INFO - Setting next_dagrun for example_subdag_operator.section-2 to None, run_after=None
[2024-06-06T14:23:40.345+0000] {processor.py:183} INFO - Processing /home/airflow/.local/lib/python3.12/site-packages/airflow/example_dags/example_subdag_operator.py took 0.067 seconds
[2024-06-06T14:24:11.270+0000] {processor.py:161} INFO - Started process (PID=301) to work on /home/airflow/.local/lib/python3.12/site-packages/airflow/example_dags/example_subdag_operator.py
[2024-06-06T14:24:11.271+0000] {processor.py:830} INFO - Processing file /home/airflow/.local/lib/python3.12/site-packages/airflow/example_dags/example_subdag_operator.py for tasks to queue
[2024-06-06T14:24:11.272+0000] {logging_mixin.py:188} INFO - [2024-06-06T14:24:11.272+0000] {dagbag.py:545} INFO - Filling up the DagBag from /home/airflow/.local/lib/python3.12/site-packages/airflow/example_dags/example_subdag_operator.py
[2024-06-06T14:24:11.284+0000] {processor.py:840} INFO - DAG(s) 'example_subdag_operator.section-1', 'example_subdag_operator.section-2', 'example_subdag_operator' retrieved from /home/airflow/.local/lib/python3.12/site-packages/airflow/example_dags/example_subdag_operator.py
[2024-06-06T14:24:11.293+0000] {logging_mixin.py:188} INFO - [2024-06-06T14:24:11.293+0000] {dag.py:3096} INFO - Sync 3 DAGs
[2024-06-06T14:24:11.305+0000] {logging_mixin.py:188} INFO - [2024-06-06T14:24:11.305+0000] {dag.py:3954} INFO - Setting next_dagrun for example_subdag_operator to 2022-01-01 00:00:00+00:00, run_after=2022-01-01 00:00:00+00:00
[2024-06-06T14:24:11.307+0000] {logging_mixin.py:188} INFO - [2024-06-06T14:24:11.307+0000] {dag.py:3954} INFO - Setting next_dagrun for example_subdag_operator.section-1 to None, run_after=None
[2024-06-06T14:24:11.308+0000] {logging_mixin.py:188} INFO - [2024-06-06T14:24:11.308+0000] {dag.py:3954} INFO - Setting next_dagrun for example_subdag_operator.section-2 to None, run_after=None
[2024-06-06T14:24:11.312+0000] {logging_mixin.py:188} INFO - [2024-06-06T14:24:11.312+0000] {dag.py:3096} INFO - Sync 2 DAGs
[2024-06-06T14:24:11.314+0000] {logging_mixin.py:188} INFO - [2024-06-06T14:24:11.314+0000] {dag.py:3954} INFO - Setting next_dagrun for example_subdag_operator.section-1 to None, run_after=None
[2024-06-06T14:24:11.315+0000] {logging_mixin.py:188} INFO - [2024-06-06T14:24:11.315+0000] {dag.py:3954} INFO - Setting next_dagrun for example_subdag_operator.section-2 to None, run_after=None
[2024-06-06T14:24:11.322+0000] {processor.py:183} INFO - Processing /home/airflow/.local/lib/python3.12/site-packages/airflow/example_dags/example_subdag_operator.py took 0.055 seconds
[2024-06-06T14:24:41.958+0000] {processor.py:161} INFO - Started process (PID=359) to work on /home/airflow/.local/lib/python3.12/site-packages/airflow/example_dags/example_subdag_operator.py
[2024-06-06T14:24:41.958+0000] {processor.py:830} INFO - Processing file /home/airflow/.local/lib/python3.12/site-packages/airflow/example_dags/example_subdag_operator.py for tasks to queue
[2024-06-06T14:24:41.960+0000] {logging_mixin.py:188} INFO - [2024-06-06T14:24:41.959+0000] {dagbag.py:545} INFO - Filling up the DagBag from /home/airflow/.local/lib/python3.12/site-packages/airflow/example_dags/example_subdag_operator.py
[2024-06-06T14:24:41.973+0000] {processor.py:840} INFO - DAG(s) 'example_subdag_operator.section-1', 'example_subdag_operator.section-2', 'example_subdag_operator' retrieved from /home/airflow/.local/lib/python3.12/site-packages/airflow/example_dags/example_subdag_operator.py
[2024-06-06T14:24:41.982+0000] {logging_mixin.py:188} INFO - [2024-06-06T14:24:41.982+0000] {dag.py:3096} INFO - Sync 3 DAGs
[2024-06-06T14:24:41.995+0000] {logging_mixin.py:188} INFO - [2024-06-06T14:24:41.995+0000] {dag.py:3954} INFO - Setting next_dagrun for example_subdag_operator to 2022-01-01 00:00:00+00:00, run_after=2022-01-01 00:00:00+00:00
[2024-06-06T14:24:41.997+0000] {logging_mixin.py:188} INFO - [2024-06-06T14:24:41.997+0000] {dag.py:3954} INFO - Setting next_dagrun for example_subdag_operator.section-1 to None, run_after=None
[2024-06-06T14:24:41.998+0000] {logging_mixin.py:188} INFO - [2024-06-06T14:24:41.998+0000] {dag.py:3954} INFO - Setting next_dagrun for example_subdag_operator.section-2 to None, run_after=None
[2024-06-06T14:24:42.002+0000] {logging_mixin.py:188} INFO - [2024-06-06T14:24:42.002+0000] {dag.py:3096} INFO - Sync 2 DAGs
[2024-06-06T14:24:42.006+0000] {logging_mixin.py:188} INFO - [2024-06-06T14:24:42.005+0000] {dag.py:3954} INFO - Setting next_dagrun for example_subdag_operator.section-1 to None, run_after=None
[2024-06-06T14:24:42.006+0000] {logging_mixin.py:188} INFO - [2024-06-06T14:24:42.006+0000] {dag.py:3954} INFO - Setting next_dagrun for example_subdag_operator.section-2 to None, run_after=None
[2024-06-06T14:24:42.013+0000] {processor.py:183} INFO - Processing /home/airflow/.local/lib/python3.12/site-packages/airflow/example_dags/example_subdag_operator.py took 0.058 seconds
