[2024-06-06T14:22:08.143+0000] {processor.py:161} INFO - Started process (PID=76) to work on /home/airflow/.local/lib/python3.12/site-packages/airflow/example_dags/example_external_task_marker_dag.py
[2024-06-06T14:22:08.144+0000] {processor.py:830} INFO - Processing file /home/airflow/.local/lib/python3.12/site-packages/airflow/example_dags/example_external_task_marker_dag.py for tasks to queue
[2024-06-06T14:22:08.145+0000] {logging_mixin.py:188} INFO - [2024-06-06T14:22:08.145+0000] {dagbag.py:545} INFO - Filling up the DagBag from /home/airflow/.local/lib/python3.12/site-packages/airflow/example_dags/example_external_task_marker_dag.py
[2024-06-06T14:22:08.149+0000] {processor.py:840} INFO - DAG(s) 'example_external_task_marker_child', 'example_external_task_marker_parent' retrieved from /home/airflow/.local/lib/python3.12/site-packages/airflow/example_dags/example_external_task_marker_dag.py
[2024-06-06T14:22:08.165+0000] {logging_mixin.py:188} INFO - [2024-06-06T14:22:08.165+0000] {dag.py:3096} INFO - Sync 2 DAGs
[2024-06-06T14:22:08.173+0000] {logging_mixin.py:188} INFO - [2024-06-06T14:22:08.173+0000] {dag.py:3954} INFO - Setting next_dagrun for example_external_task_marker_child to None, run_after=None
[2024-06-06T14:22:08.176+0000] {logging_mixin.py:188} INFO - [2024-06-06T14:22:08.176+0000] {dag.py:3954} INFO - Setting next_dagrun for example_external_task_marker_parent to None, run_after=None
[2024-06-06T14:22:08.186+0000] {processor.py:183} INFO - Processing /home/airflow/.local/lib/python3.12/site-packages/airflow/example_dags/example_external_task_marker_dag.py took 0.046 seconds
[2024-06-06T14:22:38.916+0000] {processor.py:161} INFO - Started process (PID=134) to work on /home/airflow/.local/lib/python3.12/site-packages/airflow/example_dags/example_external_task_marker_dag.py
[2024-06-06T14:22:38.917+0000] {processor.py:830} INFO - Processing file /home/airflow/.local/lib/python3.12/site-packages/airflow/example_dags/example_external_task_marker_dag.py for tasks to queue
[2024-06-06T14:22:38.918+0000] {logging_mixin.py:188} INFO - [2024-06-06T14:22:38.918+0000] {dagbag.py:545} INFO - Filling up the DagBag from /home/airflow/.local/lib/python3.12/site-packages/airflow/example_dags/example_external_task_marker_dag.py
[2024-06-06T14:22:38.921+0000] {processor.py:840} INFO - DAG(s) 'example_external_task_marker_parent', 'example_external_task_marker_child' retrieved from /home/airflow/.local/lib/python3.12/site-packages/airflow/example_dags/example_external_task_marker_dag.py
[2024-06-06T14:22:38.934+0000] {logging_mixin.py:188} INFO - [2024-06-06T14:22:38.934+0000] {dag.py:3096} INFO - Sync 2 DAGs
[2024-06-06T14:22:38.942+0000] {logging_mixin.py:188} INFO - [2024-06-06T14:22:38.942+0000] {dag.py:3954} INFO - Setting next_dagrun for example_external_task_marker_child to None, run_after=None
[2024-06-06T14:22:38.944+0000] {logging_mixin.py:188} INFO - [2024-06-06T14:22:38.944+0000] {dag.py:3954} INFO - Setting next_dagrun for example_external_task_marker_parent to None, run_after=None
[2024-06-06T14:22:38.953+0000] {processor.py:183} INFO - Processing /home/airflow/.local/lib/python3.12/site-packages/airflow/example_dags/example_external_task_marker_dag.py took 0.040 seconds
[2024-06-06T14:23:09.574+0000] {processor.py:161} INFO - Started process (PID=192) to work on /home/airflow/.local/lib/python3.12/site-packages/airflow/example_dags/example_external_task_marker_dag.py
[2024-06-06T14:23:09.575+0000] {processor.py:830} INFO - Processing file /home/airflow/.local/lib/python3.12/site-packages/airflow/example_dags/example_external_task_marker_dag.py for tasks to queue
[2024-06-06T14:23:09.576+0000] {logging_mixin.py:188} INFO - [2024-06-06T14:23:09.576+0000] {dagbag.py:545} INFO - Filling up the DagBag from /home/airflow/.local/lib/python3.12/site-packages/airflow/example_dags/example_external_task_marker_dag.py
[2024-06-06T14:23:09.580+0000] {processor.py:840} INFO - DAG(s) 'example_external_task_marker_child', 'example_external_task_marker_parent' retrieved from /home/airflow/.local/lib/python3.12/site-packages/airflow/example_dags/example_external_task_marker_dag.py
[2024-06-06T14:23:09.593+0000] {logging_mixin.py:188} INFO - [2024-06-06T14:23:09.593+0000] {dag.py:3096} INFO - Sync 2 DAGs
[2024-06-06T14:23:09.601+0000] {logging_mixin.py:188} INFO - [2024-06-06T14:23:09.601+0000] {dag.py:3954} INFO - Setting next_dagrun for example_external_task_marker_child to None, run_after=None
[2024-06-06T14:23:09.603+0000] {logging_mixin.py:188} INFO - [2024-06-06T14:23:09.603+0000] {dag.py:3954} INFO - Setting next_dagrun for example_external_task_marker_parent to None, run_after=None
[2024-06-06T14:23:09.613+0000] {processor.py:183} INFO - Processing /home/airflow/.local/lib/python3.12/site-packages/airflow/example_dags/example_external_task_marker_dag.py took 0.042 seconds
[2024-06-06T14:23:40.530+0000] {processor.py:161} INFO - Started process (PID=250) to work on /home/airflow/.local/lib/python3.12/site-packages/airflow/example_dags/example_external_task_marker_dag.py
[2024-06-06T14:23:40.531+0000] {processor.py:830} INFO - Processing file /home/airflow/.local/lib/python3.12/site-packages/airflow/example_dags/example_external_task_marker_dag.py for tasks to queue
[2024-06-06T14:23:40.532+0000] {logging_mixin.py:188} INFO - [2024-06-06T14:23:40.532+0000] {dagbag.py:545} INFO - Filling up the DagBag from /home/airflow/.local/lib/python3.12/site-packages/airflow/example_dags/example_external_task_marker_dag.py
[2024-06-06T14:23:40.536+0000] {processor.py:840} INFO - DAG(s) 'example_external_task_marker_child', 'example_external_task_marker_parent' retrieved from /home/airflow/.local/lib/python3.12/site-packages/airflow/example_dags/example_external_task_marker_dag.py
[2024-06-06T14:23:40.553+0000] {logging_mixin.py:188} INFO - [2024-06-06T14:23:40.553+0000] {dag.py:3096} INFO - Sync 2 DAGs
[2024-06-06T14:23:40.561+0000] {logging_mixin.py:188} INFO - [2024-06-06T14:23:40.561+0000] {dag.py:3954} INFO - Setting next_dagrun for example_external_task_marker_child to None, run_after=None
[2024-06-06T14:23:40.564+0000] {logging_mixin.py:188} INFO - [2024-06-06T14:23:40.564+0000] {dag.py:3954} INFO - Setting next_dagrun for example_external_task_marker_parent to None, run_after=None
[2024-06-06T14:23:40.577+0000] {processor.py:183} INFO - Processing /home/airflow/.local/lib/python3.12/site-packages/airflow/example_dags/example_external_task_marker_dag.py took 0.051 seconds
[2024-06-06T14:24:11.485+0000] {processor.py:161} INFO - Started process (PID=308) to work on /home/airflow/.local/lib/python3.12/site-packages/airflow/example_dags/example_external_task_marker_dag.py
[2024-06-06T14:24:11.486+0000] {processor.py:830} INFO - Processing file /home/airflow/.local/lib/python3.12/site-packages/airflow/example_dags/example_external_task_marker_dag.py for tasks to queue
[2024-06-06T14:24:11.487+0000] {logging_mixin.py:188} INFO - [2024-06-06T14:24:11.487+0000] {dagbag.py:545} INFO - Filling up the DagBag from /home/airflow/.local/lib/python3.12/site-packages/airflow/example_dags/example_external_task_marker_dag.py
[2024-06-06T14:24:11.490+0000] {processor.py:840} INFO - DAG(s) 'example_external_task_marker_parent', 'example_external_task_marker_child' retrieved from /home/airflow/.local/lib/python3.12/site-packages/airflow/example_dags/example_external_task_marker_dag.py
[2024-06-06T14:24:11.503+0000] {logging_mixin.py:188} INFO - [2024-06-06T14:24:11.503+0000] {dag.py:3096} INFO - Sync 2 DAGs
[2024-06-06T14:24:11.510+0000] {logging_mixin.py:188} INFO - [2024-06-06T14:24:11.510+0000] {dag.py:3954} INFO - Setting next_dagrun for example_external_task_marker_child to None, run_after=None
[2024-06-06T14:24:11.512+0000] {logging_mixin.py:188} INFO - [2024-06-06T14:24:11.512+0000] {dag.py:3954} INFO - Setting next_dagrun for example_external_task_marker_parent to None, run_after=None
[2024-06-06T14:24:11.522+0000] {processor.py:183} INFO - Processing /home/airflow/.local/lib/python3.12/site-packages/airflow/example_dags/example_external_task_marker_dag.py took 0.040 seconds
[2024-06-06T14:24:42.183+0000] {processor.py:161} INFO - Started process (PID=366) to work on /home/airflow/.local/lib/python3.12/site-packages/airflow/example_dags/example_external_task_marker_dag.py
[2024-06-06T14:24:42.190+0000] {processor.py:830} INFO - Processing file /home/airflow/.local/lib/python3.12/site-packages/airflow/example_dags/example_external_task_marker_dag.py for tasks to queue
[2024-06-06T14:24:42.191+0000] {logging_mixin.py:188} INFO - [2024-06-06T14:24:42.191+0000] {dagbag.py:545} INFO - Filling up the DagBag from /home/airflow/.local/lib/python3.12/site-packages/airflow/example_dags/example_external_task_marker_dag.py
[2024-06-06T14:24:42.195+0000] {processor.py:840} INFO - DAG(s) 'example_external_task_marker_child', 'example_external_task_marker_parent' retrieved from /home/airflow/.local/lib/python3.12/site-packages/airflow/example_dags/example_external_task_marker_dag.py
[2024-06-06T14:24:42.209+0000] {logging_mixin.py:188} INFO - [2024-06-06T14:24:42.209+0000] {dag.py:3096} INFO - Sync 2 DAGs
[2024-06-06T14:24:42.218+0000] {logging_mixin.py:188} INFO - [2024-06-06T14:24:42.218+0000] {dag.py:3954} INFO - Setting next_dagrun for example_external_task_marker_child to None, run_after=None
[2024-06-06T14:24:42.221+0000] {logging_mixin.py:188} INFO - [2024-06-06T14:24:42.220+0000] {dag.py:3954} INFO - Setting next_dagrun for example_external_task_marker_parent to None, run_after=None
[2024-06-06T14:24:42.230+0000] {processor.py:183} INFO - Processing /home/airflow/.local/lib/python3.12/site-packages/airflow/example_dags/example_external_task_marker_dag.py took 0.050 seconds
