[2024-06-06T14:22:08.638+0000] {processor.py:161} INFO - Started process (PID=90) to work on /home/airflow/.local/lib/python3.12/site-packages/airflow/example_dags/example_bash_decorator.py
[2024-06-06T14:22:08.639+0000] {processor.py:830} INFO - Processing file /home/airflow/.local/lib/python3.12/site-packages/airflow/example_dags/example_bash_decorator.py for tasks to queue
[2024-06-06T14:22:08.640+0000] {logging_mixin.py:188} INFO - [2024-06-06T14:22:08.640+0000] {dagbag.py:545} INFO - Filling up the DagBag from /home/airflow/.local/lib/python3.12/site-packages/airflow/example_dags/example_bash_decorator.py
[2024-06-06T14:22:08.649+0000] {processor.py:840} INFO - DAG(s) 'example_bash_decorator' retrieved from /home/airflow/.local/lib/python3.12/site-packages/airflow/example_dags/example_bash_decorator.py
[2024-06-06T14:22:08.712+0000] {logging_mixin.py:188} INFO - [2024-06-06T14:22:08.712+0000] {dag.py:3096} INFO - Sync 1 DAGs
[2024-06-06T14:22:08.719+0000] {logging_mixin.py:188} INFO - [2024-06-06T14:22:08.719+0000] {dag.py:3954} INFO - Setting next_dagrun for example_bash_decorator to None, run_after=None
[2024-06-06T14:22:08.729+0000] {processor.py:183} INFO - Processing /home/airflow/.local/lib/python3.12/site-packages/airflow/example_dags/example_bash_decorator.py took 0.094 seconds
[2024-06-06T14:22:39.330+0000] {processor.py:161} INFO - Started process (PID=148) to work on /home/airflow/.local/lib/python3.12/site-packages/airflow/example_dags/example_bash_decorator.py
[2024-06-06T14:22:39.330+0000] {processor.py:830} INFO - Processing file /home/airflow/.local/lib/python3.12/site-packages/airflow/example_dags/example_bash_decorator.py for tasks to queue
[2024-06-06T14:22:39.332+0000] {logging_mixin.py:188} INFO - [2024-06-06T14:22:39.331+0000] {dagbag.py:545} INFO - Filling up the DagBag from /home/airflow/.local/lib/python3.12/site-packages/airflow/example_dags/example_bash_decorator.py
[2024-06-06T14:22:39.339+0000] {processor.py:840} INFO - DAG(s) 'example_bash_decorator' retrieved from /home/airflow/.local/lib/python3.12/site-packages/airflow/example_dags/example_bash_decorator.py
[2024-06-06T14:22:39.352+0000] {logging_mixin.py:188} INFO - [2024-06-06T14:22:39.352+0000] {dag.py:3096} INFO - Sync 1 DAGs
[2024-06-06T14:22:39.359+0000] {logging_mixin.py:188} INFO - [2024-06-06T14:22:39.359+0000] {dag.py:3954} INFO - Setting next_dagrun for example_bash_decorator to None, run_after=None
[2024-06-06T14:22:39.369+0000] {processor.py:183} INFO - Processing /home/airflow/.local/lib/python3.12/site-packages/airflow/example_dags/example_bash_decorator.py took 0.042 seconds
[2024-06-06T14:23:10.002+0000] {processor.py:161} INFO - Started process (PID=206) to work on /home/airflow/.local/lib/python3.12/site-packages/airflow/example_dags/example_bash_decorator.py
[2024-06-06T14:23:10.003+0000] {processor.py:830} INFO - Processing file /home/airflow/.local/lib/python3.12/site-packages/airflow/example_dags/example_bash_decorator.py for tasks to queue
[2024-06-06T14:23:10.004+0000] {logging_mixin.py:188} INFO - [2024-06-06T14:23:10.004+0000] {dagbag.py:545} INFO - Filling up the DagBag from /home/airflow/.local/lib/python3.12/site-packages/airflow/example_dags/example_bash_decorator.py
[2024-06-06T14:23:10.011+0000] {processor.py:840} INFO - DAG(s) 'example_bash_decorator' retrieved from /home/airflow/.local/lib/python3.12/site-packages/airflow/example_dags/example_bash_decorator.py
[2024-06-06T14:23:10.025+0000] {logging_mixin.py:188} INFO - [2024-06-06T14:23:10.025+0000] {dag.py:3096} INFO - Sync 1 DAGs
[2024-06-06T14:23:10.033+0000] {logging_mixin.py:188} INFO - [2024-06-06T14:23:10.033+0000] {dag.py:3954} INFO - Setting next_dagrun for example_bash_decorator to None, run_after=None
[2024-06-06T14:23:10.043+0000] {processor.py:183} INFO - Processing /home/airflow/.local/lib/python3.12/site-packages/airflow/example_dags/example_bash_decorator.py took 0.043 seconds
[2024-06-06T14:23:41.041+0000] {processor.py:161} INFO - Started process (PID=264) to work on /home/airflow/.local/lib/python3.12/site-packages/airflow/example_dags/example_bash_decorator.py
[2024-06-06T14:23:41.042+0000] {processor.py:830} INFO - Processing file /home/airflow/.local/lib/python3.12/site-packages/airflow/example_dags/example_bash_decorator.py for tasks to queue
[2024-06-06T14:23:41.043+0000] {logging_mixin.py:188} INFO - [2024-06-06T14:23:41.043+0000] {dagbag.py:545} INFO - Filling up the DagBag from /home/airflow/.local/lib/python3.12/site-packages/airflow/example_dags/example_bash_decorator.py
[2024-06-06T14:23:41.050+0000] {processor.py:840} INFO - DAG(s) 'example_bash_decorator' retrieved from /home/airflow/.local/lib/python3.12/site-packages/airflow/example_dags/example_bash_decorator.py
[2024-06-06T14:23:41.064+0000] {logging_mixin.py:188} INFO - [2024-06-06T14:23:41.064+0000] {dag.py:3096} INFO - Sync 1 DAGs
[2024-06-06T14:23:41.071+0000] {logging_mixin.py:188} INFO - [2024-06-06T14:23:41.071+0000] {dag.py:3954} INFO - Setting next_dagrun for example_bash_decorator to None, run_after=None
[2024-06-06T14:23:41.082+0000] {processor.py:183} INFO - Processing /home/airflow/.local/lib/python3.12/site-packages/airflow/example_dags/example_bash_decorator.py took 0.044 seconds
[2024-06-06T14:24:11.961+0000] {processor.py:161} INFO - Started process (PID=322) to work on /home/airflow/.local/lib/python3.12/site-packages/airflow/example_dags/example_bash_decorator.py
[2024-06-06T14:24:11.962+0000] {processor.py:830} INFO - Processing file /home/airflow/.local/lib/python3.12/site-packages/airflow/example_dags/example_bash_decorator.py for tasks to queue
[2024-06-06T14:24:11.964+0000] {logging_mixin.py:188} INFO - [2024-06-06T14:24:11.963+0000] {dagbag.py:545} INFO - Filling up the DagBag from /home/airflow/.local/lib/python3.12/site-packages/airflow/example_dags/example_bash_decorator.py
[2024-06-06T14:24:11.971+0000] {processor.py:840} INFO - DAG(s) 'example_bash_decorator' retrieved from /home/airflow/.local/lib/python3.12/site-packages/airflow/example_dags/example_bash_decorator.py
[2024-06-06T14:24:11.983+0000] {logging_mixin.py:188} INFO - [2024-06-06T14:24:11.983+0000] {dag.py:3096} INFO - Sync 1 DAGs
[2024-06-06T14:24:11.990+0000] {logging_mixin.py:188} INFO - [2024-06-06T14:24:11.990+0000] {dag.py:3954} INFO - Setting next_dagrun for example_bash_decorator to None, run_after=None
[2024-06-06T14:24:11.999+0000] {processor.py:183} INFO - Processing /home/airflow/.local/lib/python3.12/site-packages/airflow/example_dags/example_bash_decorator.py took 0.041 seconds
[2024-06-06T14:24:42.628+0000] {processor.py:161} INFO - Started process (PID=380) to work on /home/airflow/.local/lib/python3.12/site-packages/airflow/example_dags/example_bash_decorator.py
[2024-06-06T14:24:42.629+0000] {processor.py:830} INFO - Processing file /home/airflow/.local/lib/python3.12/site-packages/airflow/example_dags/example_bash_decorator.py for tasks to queue
[2024-06-06T14:24:42.630+0000] {logging_mixin.py:188} INFO - [2024-06-06T14:24:42.630+0000] {dagbag.py:545} INFO - Filling up the DagBag from /home/airflow/.local/lib/python3.12/site-packages/airflow/example_dags/example_bash_decorator.py
[2024-06-06T14:24:42.637+0000] {processor.py:840} INFO - DAG(s) 'example_bash_decorator' retrieved from /home/airflow/.local/lib/python3.12/site-packages/airflow/example_dags/example_bash_decorator.py
[2024-06-06T14:24:42.652+0000] {logging_mixin.py:188} INFO - [2024-06-06T14:24:42.652+0000] {dag.py:3096} INFO - Sync 1 DAGs
[2024-06-06T14:24:42.660+0000] {logging_mixin.py:188} INFO - [2024-06-06T14:24:42.660+0000] {dag.py:3954} INFO - Setting next_dagrun for example_bash_decorator to None, run_after=None
[2024-06-06T14:24:42.671+0000] {processor.py:183} INFO - Processing /home/airflow/.local/lib/python3.12/site-packages/airflow/example_dags/example_bash_decorator.py took 0.046 seconds
