[2024-06-06T14:22:07.368+0000] {processor.py:161} INFO - Started process (PID=57) to work on /home/airflow/.local/lib/python3.12/site-packages/airflow/example_dags/example_python_decorator.py
[2024-06-06T14:22:07.369+0000] {processor.py:830} INFO - Processing file /home/airflow/.local/lib/python3.12/site-packages/airflow/example_dags/example_python_decorator.py for tasks to queue
[2024-06-06T14:22:07.370+0000] {logging_mixin.py:188} INFO - [2024-06-06T14:22:07.370+0000] {dagbag.py:545} INFO - Filling up the DagBag from /home/airflow/.local/lib/python3.12/site-packages/airflow/example_dags/example_python_decorator.py
[2024-06-06T14:22:07.380+0000] {processor.py:840} INFO - DAG(s) 'example_python_decorator' retrieved from /home/airflow/.local/lib/python3.12/site-packages/airflow/example_dags/example_python_decorator.py
[2024-06-06T14:22:07.445+0000] {logging_mixin.py:188} INFO - [2024-06-06T14:22:07.445+0000] {dag.py:3096} INFO - Sync 1 DAGs
[2024-06-06T14:22:07.452+0000] {logging_mixin.py:188} INFO - [2024-06-06T14:22:07.452+0000] {dag.py:3954} INFO - Setting next_dagrun for example_python_decorator to None, run_after=None
[2024-06-06T14:22:07.464+0000] {processor.py:183} INFO - Processing /home/airflow/.local/lib/python3.12/site-packages/airflow/example_dags/example_python_decorator.py took 0.099 seconds
[2024-06-06T14:22:38.362+0000] {processor.py:161} INFO - Started process (PID=115) to work on /home/airflow/.local/lib/python3.12/site-packages/airflow/example_dags/example_python_decorator.py
[2024-06-06T14:22:38.363+0000] {processor.py:830} INFO - Processing file /home/airflow/.local/lib/python3.12/site-packages/airflow/example_dags/example_python_decorator.py for tasks to queue
[2024-06-06T14:22:38.364+0000] {logging_mixin.py:188} INFO - [2024-06-06T14:22:38.364+0000] {dagbag.py:545} INFO - Filling up the DagBag from /home/airflow/.local/lib/python3.12/site-packages/airflow/example_dags/example_python_decorator.py
[2024-06-06T14:22:38.372+0000] {processor.py:840} INFO - DAG(s) 'example_python_decorator' retrieved from /home/airflow/.local/lib/python3.12/site-packages/airflow/example_dags/example_python_decorator.py
[2024-06-06T14:22:38.385+0000] {logging_mixin.py:188} INFO - [2024-06-06T14:22:38.385+0000] {dag.py:3096} INFO - Sync 1 DAGs
[2024-06-06T14:22:38.393+0000] {logging_mixin.py:188} INFO - [2024-06-06T14:22:38.393+0000] {dag.py:3954} INFO - Setting next_dagrun for example_python_decorator to None, run_after=None
[2024-06-06T14:22:38.404+0000] {processor.py:183} INFO - Processing /home/airflow/.local/lib/python3.12/site-packages/airflow/example_dags/example_python_decorator.py took 0.045 seconds
[2024-06-06T14:23:09.002+0000] {processor.py:161} INFO - Started process (PID=173) to work on /home/airflow/.local/lib/python3.12/site-packages/airflow/example_dags/example_python_decorator.py
[2024-06-06T14:23:09.003+0000] {processor.py:830} INFO - Processing file /home/airflow/.local/lib/python3.12/site-packages/airflow/example_dags/example_python_decorator.py for tasks to queue
[2024-06-06T14:23:09.004+0000] {logging_mixin.py:188} INFO - [2024-06-06T14:23:09.004+0000] {dagbag.py:545} INFO - Filling up the DagBag from /home/airflow/.local/lib/python3.12/site-packages/airflow/example_dags/example_python_decorator.py
[2024-06-06T14:23:09.011+0000] {processor.py:840} INFO - DAG(s) 'example_python_decorator' retrieved from /home/airflow/.local/lib/python3.12/site-packages/airflow/example_dags/example_python_decorator.py
[2024-06-06T14:23:09.024+0000] {logging_mixin.py:188} INFO - [2024-06-06T14:23:09.024+0000] {dag.py:3096} INFO - Sync 1 DAGs
[2024-06-06T14:23:09.031+0000] {logging_mixin.py:188} INFO - [2024-06-06T14:23:09.031+0000] {dag.py:3954} INFO - Setting next_dagrun for example_python_decorator to None, run_after=None
[2024-06-06T14:23:09.041+0000] {processor.py:183} INFO - Processing /home/airflow/.local/lib/python3.12/site-packages/airflow/example_dags/example_python_decorator.py took 0.042 seconds
[2024-06-06T14:23:39.894+0000] {processor.py:161} INFO - Started process (PID=231) to work on /home/airflow/.local/lib/python3.12/site-packages/airflow/example_dags/example_python_decorator.py
[2024-06-06T14:23:39.895+0000] {processor.py:830} INFO - Processing file /home/airflow/.local/lib/python3.12/site-packages/airflow/example_dags/example_python_decorator.py for tasks to queue
[2024-06-06T14:23:39.897+0000] {logging_mixin.py:188} INFO - [2024-06-06T14:23:39.896+0000] {dagbag.py:545} INFO - Filling up the DagBag from /home/airflow/.local/lib/python3.12/site-packages/airflow/example_dags/example_python_decorator.py
[2024-06-06T14:23:39.904+0000] {processor.py:840} INFO - DAG(s) 'example_python_decorator' retrieved from /home/airflow/.local/lib/python3.12/site-packages/airflow/example_dags/example_python_decorator.py
[2024-06-06T14:23:39.917+0000] {logging_mixin.py:188} INFO - [2024-06-06T14:23:39.917+0000] {dag.py:3096} INFO - Sync 1 DAGs
[2024-06-06T14:23:39.925+0000] {logging_mixin.py:188} INFO - [2024-06-06T14:23:39.924+0000] {dag.py:3954} INFO - Setting next_dagrun for example_python_decorator to None, run_after=None
[2024-06-06T14:23:39.936+0000] {processor.py:183} INFO - Processing /home/airflow/.local/lib/python3.12/site-packages/airflow/example_dags/example_python_decorator.py took 0.045 seconds
[2024-06-06T14:24:10.936+0000] {processor.py:161} INFO - Started process (PID=289) to work on /home/airflow/.local/lib/python3.12/site-packages/airflow/example_dags/example_python_decorator.py
[2024-06-06T14:24:10.937+0000] {processor.py:830} INFO - Processing file /home/airflow/.local/lib/python3.12/site-packages/airflow/example_dags/example_python_decorator.py for tasks to queue
[2024-06-06T14:24:10.938+0000] {logging_mixin.py:188} INFO - [2024-06-06T14:24:10.938+0000] {dagbag.py:545} INFO - Filling up the DagBag from /home/airflow/.local/lib/python3.12/site-packages/airflow/example_dags/example_python_decorator.py
[2024-06-06T14:24:10.945+0000] {processor.py:840} INFO - DAG(s) 'example_python_decorator' retrieved from /home/airflow/.local/lib/python3.12/site-packages/airflow/example_dags/example_python_decorator.py
[2024-06-06T14:24:10.957+0000] {logging_mixin.py:188} INFO - [2024-06-06T14:24:10.957+0000] {dag.py:3096} INFO - Sync 1 DAGs
[2024-06-06T14:24:10.964+0000] {logging_mixin.py:188} INFO - [2024-06-06T14:24:10.964+0000] {dag.py:3954} INFO - Setting next_dagrun for example_python_decorator to None, run_after=None
[2024-06-06T14:24:10.975+0000] {processor.py:183} INFO - Processing /home/airflow/.local/lib/python3.12/site-packages/airflow/example_dags/example_python_decorator.py took 0.042 seconds
[2024-06-06T14:24:41.598+0000] {processor.py:161} INFO - Started process (PID=347) to work on /home/airflow/.local/lib/python3.12/site-packages/airflow/example_dags/example_python_decorator.py
[2024-06-06T14:24:41.598+0000] {processor.py:830} INFO - Processing file /home/airflow/.local/lib/python3.12/site-packages/airflow/example_dags/example_python_decorator.py for tasks to queue
[2024-06-06T14:24:41.599+0000] {logging_mixin.py:188} INFO - [2024-06-06T14:24:41.599+0000] {dagbag.py:545} INFO - Filling up the DagBag from /home/airflow/.local/lib/python3.12/site-packages/airflow/example_dags/example_python_decorator.py
[2024-06-06T14:24:41.607+0000] {processor.py:840} INFO - DAG(s) 'example_python_decorator' retrieved from /home/airflow/.local/lib/python3.12/site-packages/airflow/example_dags/example_python_decorator.py
[2024-06-06T14:24:41.619+0000] {logging_mixin.py:188} INFO - [2024-06-06T14:24:41.619+0000] {dag.py:3096} INFO - Sync 1 DAGs
[2024-06-06T14:24:41.626+0000] {logging_mixin.py:188} INFO - [2024-06-06T14:24:41.626+0000] {dag.py:3954} INFO - Setting next_dagrun for example_python_decorator to None, run_after=None
[2024-06-06T14:24:41.637+0000] {processor.py:183} INFO - Processing /home/airflow/.local/lib/python3.12/site-packages/airflow/example_dags/example_python_decorator.py took 0.042 seconds
