[2024-06-06T14:22:08.324+0000] {processor.py:161} INFO - Started process (PID=81) to work on /home/airflow/.local/lib/python3.12/site-packages/airflow/example_dags/example_python_operator.py
[2024-06-06T14:22:08.324+0000] {processor.py:830} INFO - Processing file /home/airflow/.local/lib/python3.12/site-packages/airflow/example_dags/example_python_operator.py for tasks to queue
[2024-06-06T14:22:08.326+0000] {logging_mixin.py:188} INFO - [2024-06-06T14:22:08.325+0000] {dagbag.py:545} INFO - Filling up the DagBag from /home/airflow/.local/lib/python3.12/site-packages/airflow/example_dags/example_python_operator.py
[2024-06-06T14:22:08.332+0000] {processor.py:840} INFO - DAG(s) 'example_python_operator' retrieved from /home/airflow/.local/lib/python3.12/site-packages/airflow/example_dags/example_python_operator.py
[2024-06-06T14:22:08.394+0000] {logging_mixin.py:188} INFO - [2024-06-06T14:22:08.394+0000] {dag.py:3096} INFO - Sync 1 DAGs
[2024-06-06T14:22:08.400+0000] {logging_mixin.py:188} INFO - [2024-06-06T14:22:08.400+0000] {dag.py:3954} INFO - Setting next_dagrun for example_python_operator to None, run_after=None
[2024-06-06T14:22:08.412+0000] {processor.py:183} INFO - Processing /home/airflow/.local/lib/python3.12/site-packages/airflow/example_dags/example_python_operator.py took 0.092 seconds
[2024-06-06T14:22:39.062+0000] {processor.py:161} INFO - Started process (PID=139) to work on /home/airflow/.local/lib/python3.12/site-packages/airflow/example_dags/example_python_operator.py
[2024-06-06T14:22:39.063+0000] {processor.py:830} INFO - Processing file /home/airflow/.local/lib/python3.12/site-packages/airflow/example_dags/example_python_operator.py for tasks to queue
[2024-06-06T14:22:39.064+0000] {logging_mixin.py:188} INFO - [2024-06-06T14:22:39.064+0000] {dagbag.py:545} INFO - Filling up the DagBag from /home/airflow/.local/lib/python3.12/site-packages/airflow/example_dags/example_python_operator.py
[2024-06-06T14:22:39.070+0000] {processor.py:840} INFO - DAG(s) 'example_python_operator' retrieved from /home/airflow/.local/lib/python3.12/site-packages/airflow/example_dags/example_python_operator.py
[2024-06-06T14:22:39.082+0000] {logging_mixin.py:188} INFO - [2024-06-06T14:22:39.081+0000] {dag.py:3096} INFO - Sync 1 DAGs
[2024-06-06T14:22:39.089+0000] {logging_mixin.py:188} INFO - [2024-06-06T14:22:39.088+0000] {dag.py:3954} INFO - Setting next_dagrun for example_python_operator to None, run_after=None
[2024-06-06T14:22:39.098+0000] {processor.py:183} INFO - Processing /home/airflow/.local/lib/python3.12/site-packages/airflow/example_dags/example_python_operator.py took 0.039 seconds
[2024-06-06T14:23:09.729+0000] {processor.py:161} INFO - Started process (PID=197) to work on /home/airflow/.local/lib/python3.12/site-packages/airflow/example_dags/example_python_operator.py
[2024-06-06T14:23:09.729+0000] {processor.py:830} INFO - Processing file /home/airflow/.local/lib/python3.12/site-packages/airflow/example_dags/example_python_operator.py for tasks to queue
[2024-06-06T14:23:09.730+0000] {logging_mixin.py:188} INFO - [2024-06-06T14:23:09.730+0000] {dagbag.py:545} INFO - Filling up the DagBag from /home/airflow/.local/lib/python3.12/site-packages/airflow/example_dags/example_python_operator.py
[2024-06-06T14:23:09.736+0000] {processor.py:840} INFO - DAG(s) 'example_python_operator' retrieved from /home/airflow/.local/lib/python3.12/site-packages/airflow/example_dags/example_python_operator.py
[2024-06-06T14:23:09.749+0000] {logging_mixin.py:188} INFO - [2024-06-06T14:23:09.749+0000] {dag.py:3096} INFO - Sync 1 DAGs
[2024-06-06T14:23:09.756+0000] {logging_mixin.py:188} INFO - [2024-06-06T14:23:09.756+0000] {dag.py:3954} INFO - Setting next_dagrun for example_python_operator to None, run_after=None
[2024-06-06T14:23:09.767+0000] {processor.py:183} INFO - Processing /home/airflow/.local/lib/python3.12/site-packages/airflow/example_dags/example_python_operator.py took 0.041 seconds
[2024-06-06T14:23:40.778+0000] {processor.py:161} INFO - Started process (PID=255) to work on /home/airflow/.local/lib/python3.12/site-packages/airflow/example_dags/example_python_operator.py
[2024-06-06T14:23:40.779+0000] {processor.py:830} INFO - Processing file /home/airflow/.local/lib/python3.12/site-packages/airflow/example_dags/example_python_operator.py for tasks to queue
[2024-06-06T14:23:40.780+0000] {logging_mixin.py:188} INFO - [2024-06-06T14:23:40.780+0000] {dagbag.py:545} INFO - Filling up the DagBag from /home/airflow/.local/lib/python3.12/site-packages/airflow/example_dags/example_python_operator.py
[2024-06-06T14:23:40.787+0000] {processor.py:840} INFO - DAG(s) 'example_python_operator' retrieved from /home/airflow/.local/lib/python3.12/site-packages/airflow/example_dags/example_python_operator.py
[2024-06-06T14:23:40.802+0000] {logging_mixin.py:188} INFO - [2024-06-06T14:23:40.801+0000] {dag.py:3096} INFO - Sync 1 DAGs
[2024-06-06T14:23:40.811+0000] {logging_mixin.py:188} INFO - [2024-06-06T14:23:40.811+0000] {dag.py:3954} INFO - Setting next_dagrun for example_python_operator to None, run_after=None
[2024-06-06T14:23:40.823+0000] {processor.py:183} INFO - Processing /home/airflow/.local/lib/python3.12/site-packages/airflow/example_dags/example_python_operator.py took 0.049 seconds
[2024-06-06T14:24:11.632+0000] {processor.py:161} INFO - Started process (PID=313) to work on /home/airflow/.local/lib/python3.12/site-packages/airflow/example_dags/example_python_operator.py
[2024-06-06T14:24:11.632+0000] {processor.py:830} INFO - Processing file /home/airflow/.local/lib/python3.12/site-packages/airflow/example_dags/example_python_operator.py for tasks to queue
[2024-06-06T14:24:11.634+0000] {logging_mixin.py:188} INFO - [2024-06-06T14:24:11.634+0000] {dagbag.py:545} INFO - Filling up the DagBag from /home/airflow/.local/lib/python3.12/site-packages/airflow/example_dags/example_python_operator.py
[2024-06-06T14:24:11.640+0000] {processor.py:840} INFO - DAG(s) 'example_python_operator' retrieved from /home/airflow/.local/lib/python3.12/site-packages/airflow/example_dags/example_python_operator.py
[2024-06-06T14:24:11.652+0000] {logging_mixin.py:188} INFO - [2024-06-06T14:24:11.652+0000] {dag.py:3096} INFO - Sync 1 DAGs
[2024-06-06T14:24:11.659+0000] {logging_mixin.py:188} INFO - [2024-06-06T14:24:11.659+0000] {dag.py:3954} INFO - Setting next_dagrun for example_python_operator to None, run_after=None
[2024-06-06T14:24:11.668+0000] {processor.py:183} INFO - Processing /home/airflow/.local/lib/python3.12/site-packages/airflow/example_dags/example_python_operator.py took 0.040 seconds
[2024-06-06T14:24:42.348+0000] {processor.py:161} INFO - Started process (PID=371) to work on /home/airflow/.local/lib/python3.12/site-packages/airflow/example_dags/example_python_operator.py
[2024-06-06T14:24:42.349+0000] {processor.py:830} INFO - Processing file /home/airflow/.local/lib/python3.12/site-packages/airflow/example_dags/example_python_operator.py for tasks to queue
[2024-06-06T14:24:42.350+0000] {logging_mixin.py:188} INFO - [2024-06-06T14:24:42.350+0000] {dagbag.py:545} INFO - Filling up the DagBag from /home/airflow/.local/lib/python3.12/site-packages/airflow/example_dags/example_python_operator.py
[2024-06-06T14:24:42.356+0000] {processor.py:840} INFO - DAG(s) 'example_python_operator' retrieved from /home/airflow/.local/lib/python3.12/site-packages/airflow/example_dags/example_python_operator.py
[2024-06-06T14:24:42.368+0000] {logging_mixin.py:188} INFO - [2024-06-06T14:24:42.368+0000] {dag.py:3096} INFO - Sync 1 DAGs
[2024-06-06T14:24:42.375+0000] {logging_mixin.py:188} INFO - [2024-06-06T14:24:42.375+0000] {dag.py:3954} INFO - Setting next_dagrun for example_python_operator to None, run_after=None
[2024-06-06T14:24:42.385+0000] {processor.py:183} INFO - Processing /home/airflow/.local/lib/python3.12/site-packages/airflow/example_dags/example_python_operator.py took 0.040 seconds
