[2024-06-06T14:22:07.724+0000] {processor.py:161} INFO - Started process (PID=66) to work on /home/airflow/.local/lib/python3.12/site-packages/airflow/example_dags/example_short_circuit_operator.py
[2024-06-06T14:22:07.725+0000] {processor.py:830} INFO - Processing file /home/airflow/.local/lib/python3.12/site-packages/airflow/example_dags/example_short_circuit_operator.py for tasks to queue
[2024-06-06T14:22:07.726+0000] {logging_mixin.py:188} INFO - [2024-06-06T14:22:07.726+0000] {dagbag.py:545} INFO - Filling up the DagBag from /home/airflow/.local/lib/python3.12/site-packages/airflow/example_dags/example_short_circuit_operator.py
[2024-06-06T14:22:07.732+0000] {processor.py:840} INFO - DAG(s) 'example_short_circuit_operator' retrieved from /home/airflow/.local/lib/python3.12/site-packages/airflow/example_dags/example_short_circuit_operator.py
[2024-06-06T14:22:07.750+0000] {logging_mixin.py:188} INFO - [2024-06-06T14:22:07.750+0000] {dag.py:3096} INFO - Sync 1 DAGs
[2024-06-06T14:22:07.763+0000] {logging_mixin.py:188} INFO - [2024-06-06T14:22:07.763+0000] {dag.py:3954} INFO - Setting next_dagrun for example_short_circuit_operator to 2024-06-05 00:00:00+00:00, run_after=2024-06-06 00:00:00+00:00
[2024-06-06T14:22:07.773+0000] {processor.py:183} INFO - Processing /home/airflow/.local/lib/python3.12/site-packages/airflow/example_dags/example_short_circuit_operator.py took 0.052 seconds
[2024-06-06T14:22:38.631+0000] {processor.py:161} INFO - Started process (PID=124) to work on /home/airflow/.local/lib/python3.12/site-packages/airflow/example_dags/example_short_circuit_operator.py
[2024-06-06T14:22:38.632+0000] {processor.py:830} INFO - Processing file /home/airflow/.local/lib/python3.12/site-packages/airflow/example_dags/example_short_circuit_operator.py for tasks to queue
[2024-06-06T14:22:38.633+0000] {logging_mixin.py:188} INFO - [2024-06-06T14:22:38.633+0000] {dagbag.py:545} INFO - Filling up the DagBag from /home/airflow/.local/lib/python3.12/site-packages/airflow/example_dags/example_short_circuit_operator.py
[2024-06-06T14:22:38.638+0000] {processor.py:840} INFO - DAG(s) 'example_short_circuit_operator' retrieved from /home/airflow/.local/lib/python3.12/site-packages/airflow/example_dags/example_short_circuit_operator.py
[2024-06-06T14:22:38.650+0000] {logging_mixin.py:188} INFO - [2024-06-06T14:22:38.650+0000] {dag.py:3096} INFO - Sync 1 DAGs
[2024-06-06T14:22:38.663+0000] {logging_mixin.py:188} INFO - [2024-06-06T14:22:38.662+0000] {dag.py:3954} INFO - Setting next_dagrun for example_short_circuit_operator to 2024-06-05 00:00:00+00:00, run_after=2024-06-06 00:00:00+00:00
[2024-06-06T14:22:38.672+0000] {processor.py:183} INFO - Processing /home/airflow/.local/lib/python3.12/site-packages/airflow/example_dags/example_short_circuit_operator.py took 0.044 seconds
[2024-06-06T14:23:09.282+0000] {processor.py:161} INFO - Started process (PID=182) to work on /home/airflow/.local/lib/python3.12/site-packages/airflow/example_dags/example_short_circuit_operator.py
[2024-06-06T14:23:09.283+0000] {processor.py:830} INFO - Processing file /home/airflow/.local/lib/python3.12/site-packages/airflow/example_dags/example_short_circuit_operator.py for tasks to queue
[2024-06-06T14:23:09.284+0000] {logging_mixin.py:188} INFO - [2024-06-06T14:23:09.284+0000] {dagbag.py:545} INFO - Filling up the DagBag from /home/airflow/.local/lib/python3.12/site-packages/airflow/example_dags/example_short_circuit_operator.py
[2024-06-06T14:23:09.289+0000] {processor.py:840} INFO - DAG(s) 'example_short_circuit_operator' retrieved from /home/airflow/.local/lib/python3.12/site-packages/airflow/example_dags/example_short_circuit_operator.py
[2024-06-06T14:23:09.303+0000] {logging_mixin.py:188} INFO - [2024-06-06T14:23:09.302+0000] {dag.py:3096} INFO - Sync 1 DAGs
[2024-06-06T14:23:09.315+0000] {logging_mixin.py:188} INFO - [2024-06-06T14:23:09.315+0000] {dag.py:3954} INFO - Setting next_dagrun for example_short_circuit_operator to 2024-06-05 00:00:00+00:00, run_after=2024-06-06 00:00:00+00:00
[2024-06-06T14:23:09.325+0000] {processor.py:183} INFO - Processing /home/airflow/.local/lib/python3.12/site-packages/airflow/example_dags/example_short_circuit_operator.py took 0.046 seconds
[2024-06-06T14:23:40.190+0000] {processor.py:161} INFO - Started process (PID=240) to work on /home/airflow/.local/lib/python3.12/site-packages/airflow/example_dags/example_short_circuit_operator.py
[2024-06-06T14:23:40.191+0000] {processor.py:830} INFO - Processing file /home/airflow/.local/lib/python3.12/site-packages/airflow/example_dags/example_short_circuit_operator.py for tasks to queue
[2024-06-06T14:23:40.193+0000] {logging_mixin.py:188} INFO - [2024-06-06T14:23:40.192+0000] {dagbag.py:545} INFO - Filling up the DagBag from /home/airflow/.local/lib/python3.12/site-packages/airflow/example_dags/example_short_circuit_operator.py
[2024-06-06T14:23:40.197+0000] {processor.py:840} INFO - DAG(s) 'example_short_circuit_operator' retrieved from /home/airflow/.local/lib/python3.12/site-packages/airflow/example_dags/example_short_circuit_operator.py
[2024-06-06T14:23:40.212+0000] {logging_mixin.py:188} INFO - [2024-06-06T14:23:40.212+0000] {dag.py:3096} INFO - Sync 1 DAGs
[2024-06-06T14:23:40.226+0000] {logging_mixin.py:188} INFO - [2024-06-06T14:23:40.226+0000] {dag.py:3954} INFO - Setting next_dagrun for example_short_circuit_operator to 2024-06-05 00:00:00+00:00, run_after=2024-06-06 00:00:00+00:00
[2024-06-06T14:23:40.238+0000] {processor.py:183} INFO - Processing /home/airflow/.local/lib/python3.12/site-packages/airflow/example_dags/example_short_circuit_operator.py took 0.051 seconds
[2024-06-06T14:24:11.196+0000] {processor.py:161} INFO - Started process (PID=298) to work on /home/airflow/.local/lib/python3.12/site-packages/airflow/example_dags/example_short_circuit_operator.py
[2024-06-06T14:24:11.197+0000] {processor.py:830} INFO - Processing file /home/airflow/.local/lib/python3.12/site-packages/airflow/example_dags/example_short_circuit_operator.py for tasks to queue
[2024-06-06T14:24:11.198+0000] {logging_mixin.py:188} INFO - [2024-06-06T14:24:11.198+0000] {dagbag.py:545} INFO - Filling up the DagBag from /home/airflow/.local/lib/python3.12/site-packages/airflow/example_dags/example_short_circuit_operator.py
[2024-06-06T14:24:11.202+0000] {processor.py:840} INFO - DAG(s) 'example_short_circuit_operator' retrieved from /home/airflow/.local/lib/python3.12/site-packages/airflow/example_dags/example_short_circuit_operator.py
[2024-06-06T14:24:11.215+0000] {logging_mixin.py:188} INFO - [2024-06-06T14:24:11.214+0000] {dag.py:3096} INFO - Sync 1 DAGs
[2024-06-06T14:24:11.226+0000] {logging_mixin.py:188} INFO - [2024-06-06T14:24:11.226+0000] {dag.py:3954} INFO - Setting next_dagrun for example_short_circuit_operator to 2024-06-05 00:00:00+00:00, run_after=2024-06-06 00:00:00+00:00
[2024-06-06T14:24:11.235+0000] {processor.py:183} INFO - Processing /home/airflow/.local/lib/python3.12/site-packages/airflow/example_dags/example_short_circuit_operator.py took 0.042 seconds
[2024-06-06T14:24:41.886+0000] {processor.py:161} INFO - Started process (PID=356) to work on /home/airflow/.local/lib/python3.12/site-packages/airflow/example_dags/example_short_circuit_operator.py
[2024-06-06T14:24:41.886+0000] {processor.py:830} INFO - Processing file /home/airflow/.local/lib/python3.12/site-packages/airflow/example_dags/example_short_circuit_operator.py for tasks to queue
[2024-06-06T14:24:41.888+0000] {logging_mixin.py:188} INFO - [2024-06-06T14:24:41.887+0000] {dagbag.py:545} INFO - Filling up the DagBag from /home/airflow/.local/lib/python3.12/site-packages/airflow/example_dags/example_short_circuit_operator.py
[2024-06-06T14:24:41.892+0000] {processor.py:840} INFO - DAG(s) 'example_short_circuit_operator' retrieved from /home/airflow/.local/lib/python3.12/site-packages/airflow/example_dags/example_short_circuit_operator.py
[2024-06-06T14:24:41.905+0000] {logging_mixin.py:188} INFO - [2024-06-06T14:24:41.905+0000] {dag.py:3096} INFO - Sync 1 DAGs
[2024-06-06T14:24:41.918+0000] {logging_mixin.py:188} INFO - [2024-06-06T14:24:41.918+0000] {dag.py:3954} INFO - Setting next_dagrun for example_short_circuit_operator to 2024-06-05 00:00:00+00:00, run_after=2024-06-06 00:00:00+00:00
[2024-06-06T14:24:41.929+0000] {processor.py:183} INFO - Processing /home/airflow/.local/lib/python3.12/site-packages/airflow/example_dags/example_short_circuit_operator.py took 0.047 seconds
