[2024-06-06T14:22:07.714+0000] {processor.py:161} INFO - Started process (PID=65) to work on /home/airflow/.local/lib/python3.12/site-packages/airflow/example_dags/example_bash_operator.py
[2024-06-06T14:22:07.715+0000] {processor.py:830} INFO - Processing file /home/airflow/.local/lib/python3.12/site-packages/airflow/example_dags/example_bash_operator.py for tasks to queue
[2024-06-06T14:22:07.717+0000] {logging_mixin.py:188} INFO - [2024-06-06T14:22:07.716+0000] {dagbag.py:545} INFO - Filling up the DagBag from /home/airflow/.local/lib/python3.12/site-packages/airflow/example_dags/example_bash_operator.py
[2024-06-06T14:22:07.725+0000] {processor.py:840} INFO - DAG(s) 'example_bash_operator' retrieved from /home/airflow/.local/lib/python3.12/site-packages/airflow/example_dags/example_bash_operator.py
[2024-06-06T14:22:07.745+0000] {logging_mixin.py:188} INFO - [2024-06-06T14:22:07.745+0000] {dag.py:3096} INFO - Sync 1 DAGs
[2024-06-06T14:22:07.759+0000] {logging_mixin.py:188} INFO - [2024-06-06T14:22:07.759+0000] {dag.py:3954} INFO - Setting next_dagrun for example_bash_operator to 2024-06-05 00:00:00+00:00, run_after=2024-06-06 00:00:00+00:00
[2024-06-06T14:22:07.770+0000] {processor.py:183} INFO - Processing /home/airflow/.local/lib/python3.12/site-packages/airflow/example_dags/example_bash_operator.py took 0.059 seconds
[2024-06-06T14:22:38.593+0000] {processor.py:161} INFO - Started process (PID=123) to work on /home/airflow/.local/lib/python3.12/site-packages/airflow/example_dags/example_bash_operator.py
[2024-06-06T14:22:38.594+0000] {processor.py:830} INFO - Processing file /home/airflow/.local/lib/python3.12/site-packages/airflow/example_dags/example_bash_operator.py for tasks to queue
[2024-06-06T14:22:38.595+0000] {logging_mixin.py:188} INFO - [2024-06-06T14:22:38.595+0000] {dagbag.py:545} INFO - Filling up the DagBag from /home/airflow/.local/lib/python3.12/site-packages/airflow/example_dags/example_bash_operator.py
[2024-06-06T14:22:38.601+0000] {processor.py:840} INFO - DAG(s) 'example_bash_operator' retrieved from /home/airflow/.local/lib/python3.12/site-packages/airflow/example_dags/example_bash_operator.py
[2024-06-06T14:22:38.615+0000] {logging_mixin.py:188} INFO - [2024-06-06T14:22:38.615+0000] {dag.py:3096} INFO - Sync 1 DAGs
[2024-06-06T14:22:38.628+0000] {logging_mixin.py:188} INFO - [2024-06-06T14:22:38.628+0000] {dag.py:3954} INFO - Setting next_dagrun for example_bash_operator to 2024-06-05 00:00:00+00:00, run_after=2024-06-06 00:00:00+00:00
[2024-06-06T14:22:38.639+0000] {processor.py:183} INFO - Processing /home/airflow/.local/lib/python3.12/site-packages/airflow/example_dags/example_bash_operator.py took 0.049 seconds
[2024-06-06T14:23:09.239+0000] {processor.py:161} INFO - Started process (PID=181) to work on /home/airflow/.local/lib/python3.12/site-packages/airflow/example_dags/example_bash_operator.py
[2024-06-06T14:23:09.239+0000] {processor.py:830} INFO - Processing file /home/airflow/.local/lib/python3.12/site-packages/airflow/example_dags/example_bash_operator.py for tasks to queue
[2024-06-06T14:23:09.241+0000] {logging_mixin.py:188} INFO - [2024-06-06T14:23:09.240+0000] {dagbag.py:545} INFO - Filling up the DagBag from /home/airflow/.local/lib/python3.12/site-packages/airflow/example_dags/example_bash_operator.py
[2024-06-06T14:23:09.247+0000] {processor.py:840} INFO - DAG(s) 'example_bash_operator' retrieved from /home/airflow/.local/lib/python3.12/site-packages/airflow/example_dags/example_bash_operator.py
[2024-06-06T14:23:09.262+0000] {logging_mixin.py:188} INFO - [2024-06-06T14:23:09.262+0000] {dag.py:3096} INFO - Sync 1 DAGs
[2024-06-06T14:23:09.276+0000] {logging_mixin.py:188} INFO - [2024-06-06T14:23:09.276+0000] {dag.py:3954} INFO - Setting next_dagrun for example_bash_operator to 2024-06-05 00:00:00+00:00, run_after=2024-06-06 00:00:00+00:00
[2024-06-06T14:23:09.287+0000] {processor.py:183} INFO - Processing /home/airflow/.local/lib/python3.12/site-packages/airflow/example_dags/example_bash_operator.py took 0.051 seconds
[2024-06-06T14:23:40.151+0000] {processor.py:161} INFO - Started process (PID=239) to work on /home/airflow/.local/lib/python3.12/site-packages/airflow/example_dags/example_bash_operator.py
[2024-06-06T14:23:40.153+0000] {processor.py:830} INFO - Processing file /home/airflow/.local/lib/python3.12/site-packages/airflow/example_dags/example_bash_operator.py for tasks to queue
[2024-06-06T14:23:40.154+0000] {logging_mixin.py:188} INFO - [2024-06-06T14:23:40.154+0000] {dagbag.py:545} INFO - Filling up the DagBag from /home/airflow/.local/lib/python3.12/site-packages/airflow/example_dags/example_bash_operator.py
[2024-06-06T14:23:40.162+0000] {processor.py:840} INFO - DAG(s) 'example_bash_operator' retrieved from /home/airflow/.local/lib/python3.12/site-packages/airflow/example_dags/example_bash_operator.py
[2024-06-06T14:23:40.180+0000] {logging_mixin.py:188} INFO - [2024-06-06T14:23:40.180+0000] {dag.py:3096} INFO - Sync 1 DAGs
[2024-06-06T14:23:40.195+0000] {logging_mixin.py:188} INFO - [2024-06-06T14:23:40.195+0000] {dag.py:3954} INFO - Setting next_dagrun for example_bash_operator to 2024-06-05 00:00:00+00:00, run_after=2024-06-06 00:00:00+00:00
[2024-06-06T14:23:40.207+0000] {processor.py:183} INFO - Processing /home/airflow/.local/lib/python3.12/site-packages/airflow/example_dags/example_bash_operator.py took 0.059 seconds
[2024-06-06T14:24:11.163+0000] {processor.py:161} INFO - Started process (PID=297) to work on /home/airflow/.local/lib/python3.12/site-packages/airflow/example_dags/example_bash_operator.py
[2024-06-06T14:24:11.164+0000] {processor.py:830} INFO - Processing file /home/airflow/.local/lib/python3.12/site-packages/airflow/example_dags/example_bash_operator.py for tasks to queue
[2024-06-06T14:24:11.165+0000] {logging_mixin.py:188} INFO - [2024-06-06T14:24:11.165+0000] {dagbag.py:545} INFO - Filling up the DagBag from /home/airflow/.local/lib/python3.12/site-packages/airflow/example_dags/example_bash_operator.py
[2024-06-06T14:24:11.171+0000] {processor.py:840} INFO - DAG(s) 'example_bash_operator' retrieved from /home/airflow/.local/lib/python3.12/site-packages/airflow/example_dags/example_bash_operator.py
[2024-06-06T14:24:11.185+0000] {logging_mixin.py:188} INFO - [2024-06-06T14:24:11.185+0000] {dag.py:3096} INFO - Sync 1 DAGs
[2024-06-06T14:24:11.198+0000] {logging_mixin.py:188} INFO - [2024-06-06T14:24:11.198+0000] {dag.py:3954} INFO - Setting next_dagrun for example_bash_operator to 2024-06-05 00:00:00+00:00, run_after=2024-06-06 00:00:00+00:00
[2024-06-06T14:24:11.208+0000] {processor.py:183} INFO - Processing /home/airflow/.local/lib/python3.12/site-packages/airflow/example_dags/example_bash_operator.py took 0.048 seconds
[2024-06-06T14:24:41.842+0000] {processor.py:161} INFO - Started process (PID=355) to work on /home/airflow/.local/lib/python3.12/site-packages/airflow/example_dags/example_bash_operator.py
[2024-06-06T14:24:41.842+0000] {processor.py:830} INFO - Processing file /home/airflow/.local/lib/python3.12/site-packages/airflow/example_dags/example_bash_operator.py for tasks to queue
[2024-06-06T14:24:41.843+0000] {logging_mixin.py:188} INFO - [2024-06-06T14:24:41.843+0000] {dagbag.py:545} INFO - Filling up the DagBag from /home/airflow/.local/lib/python3.12/site-packages/airflow/example_dags/example_bash_operator.py
[2024-06-06T14:24:41.850+0000] {processor.py:840} INFO - DAG(s) 'example_bash_operator' retrieved from /home/airflow/.local/lib/python3.12/site-packages/airflow/example_dags/example_bash_operator.py
[2024-06-06T14:24:41.866+0000] {logging_mixin.py:188} INFO - [2024-06-06T14:24:41.866+0000] {dag.py:3096} INFO - Sync 1 DAGs
[2024-06-06T14:24:41.879+0000] {logging_mixin.py:188} INFO - [2024-06-06T14:24:41.879+0000] {dag.py:3954} INFO - Setting next_dagrun for example_bash_operator to 2024-06-05 00:00:00+00:00, run_after=2024-06-06 00:00:00+00:00
[2024-06-06T14:24:41.890+0000] {processor.py:183} INFO - Processing /home/airflow/.local/lib/python3.12/site-packages/airflow/example_dags/example_bash_operator.py took 0.051 seconds
