[2024-06-06T14:22:07.935+0000] {processor.py:161} INFO - Started process (PID=71) to work on /home/airflow/.local/lib/python3.12/site-packages/airflow/example_dags/example_branch_python_dop_operator_3.py
[2024-06-06T14:22:07.936+0000] {processor.py:830} INFO - Processing file /home/airflow/.local/lib/python3.12/site-packages/airflow/example_dags/example_branch_python_dop_operator_3.py for tasks to queue
[2024-06-06T14:22:07.937+0000] {logging_mixin.py:188} INFO - [2024-06-06T14:22:07.937+0000] {dagbag.py:545} INFO - Filling up the DagBag from /home/airflow/.local/lib/python3.12/site-packages/airflow/example_dags/example_branch_python_dop_operator_3.py
[2024-06-06T14:22:07.942+0000] {processor.py:840} INFO - DAG(s) 'example_branch_dop_operator_v3' retrieved from /home/airflow/.local/lib/python3.12/site-packages/airflow/example_dags/example_branch_python_dop_operator_3.py
[2024-06-06T14:22:07.957+0000] {logging_mixin.py:188} INFO - [2024-06-06T14:22:07.957+0000] {dag.py:3096} INFO - Sync 1 DAGs
[2024-06-06T14:22:07.971+0000] {logging_mixin.py:188} INFO - [2024-06-06T14:22:07.971+0000] {dag.py:3954} INFO - Setting next_dagrun for example_branch_dop_operator_v3 to 2024-06-06 14:21:00+00:00, run_after=2024-06-06 14:22:00+00:00
[2024-06-06T14:22:07.983+0000] {processor.py:183} INFO - Processing /home/airflow/.local/lib/python3.12/site-packages/airflow/example_dags/example_branch_python_dop_operator_3.py took 0.051 seconds
[2024-06-06T14:22:38.771+0000] {processor.py:161} INFO - Started process (PID=129) to work on /home/airflow/.local/lib/python3.12/site-packages/airflow/example_dags/example_branch_python_dop_operator_3.py
[2024-06-06T14:22:38.772+0000] {processor.py:830} INFO - Processing file /home/airflow/.local/lib/python3.12/site-packages/airflow/example_dags/example_branch_python_dop_operator_3.py for tasks to queue
[2024-06-06T14:22:38.773+0000] {logging_mixin.py:188} INFO - [2024-06-06T14:22:38.773+0000] {dagbag.py:545} INFO - Filling up the DagBag from /home/airflow/.local/lib/python3.12/site-packages/airflow/example_dags/example_branch_python_dop_operator_3.py
[2024-06-06T14:22:38.778+0000] {processor.py:840} INFO - DAG(s) 'example_branch_dop_operator_v3' retrieved from /home/airflow/.local/lib/python3.12/site-packages/airflow/example_dags/example_branch_python_dop_operator_3.py
[2024-06-06T14:22:38.789+0000] {logging_mixin.py:188} INFO - [2024-06-06T14:22:38.789+0000] {dag.py:3096} INFO - Sync 1 DAGs
[2024-06-06T14:22:38.803+0000] {logging_mixin.py:188} INFO - [2024-06-06T14:22:38.802+0000] {dag.py:3954} INFO - Setting next_dagrun for example_branch_dop_operator_v3 to 2024-06-06 14:21:00+00:00, run_after=2024-06-06 14:22:00+00:00
[2024-06-06T14:22:38.812+0000] {processor.py:183} INFO - Processing /home/airflow/.local/lib/python3.12/site-packages/airflow/example_dags/example_branch_python_dop_operator_3.py took 0.044 seconds
[2024-06-06T14:23:09.421+0000] {processor.py:161} INFO - Started process (PID=187) to work on /home/airflow/.local/lib/python3.12/site-packages/airflow/example_dags/example_branch_python_dop_operator_3.py
[2024-06-06T14:23:09.421+0000] {processor.py:830} INFO - Processing file /home/airflow/.local/lib/python3.12/site-packages/airflow/example_dags/example_branch_python_dop_operator_3.py for tasks to queue
[2024-06-06T14:23:09.422+0000] {logging_mixin.py:188} INFO - [2024-06-06T14:23:09.422+0000] {dagbag.py:545} INFO - Filling up the DagBag from /home/airflow/.local/lib/python3.12/site-packages/airflow/example_dags/example_branch_python_dop_operator_3.py
[2024-06-06T14:23:09.427+0000] {processor.py:840} INFO - DAG(s) 'example_branch_dop_operator_v3' retrieved from /home/airflow/.local/lib/python3.12/site-packages/airflow/example_dags/example_branch_python_dop_operator_3.py
[2024-06-06T14:23:09.438+0000] {logging_mixin.py:188} INFO - [2024-06-06T14:23:09.438+0000] {dag.py:3096} INFO - Sync 1 DAGs
[2024-06-06T14:23:09.451+0000] {logging_mixin.py:188} INFO - [2024-06-06T14:23:09.451+0000] {dag.py:3954} INFO - Setting next_dagrun for example_branch_dop_operator_v3 to 2024-06-06 14:22:00+00:00, run_after=2024-06-06 14:23:00+00:00
[2024-06-06T14:23:09.461+0000] {processor.py:183} INFO - Processing /home/airflow/.local/lib/python3.12/site-packages/airflow/example_dags/example_branch_python_dop_operator_3.py took 0.043 seconds
[2024-06-06T14:23:40.362+0000] {processor.py:161} INFO - Started process (PID=245) to work on /home/airflow/.local/lib/python3.12/site-packages/airflow/example_dags/example_branch_python_dop_operator_3.py
[2024-06-06T14:23:40.363+0000] {processor.py:830} INFO - Processing file /home/airflow/.local/lib/python3.12/site-packages/airflow/example_dags/example_branch_python_dop_operator_3.py for tasks to queue
[2024-06-06T14:23:40.364+0000] {logging_mixin.py:188} INFO - [2024-06-06T14:23:40.364+0000] {dagbag.py:545} INFO - Filling up the DagBag from /home/airflow/.local/lib/python3.12/site-packages/airflow/example_dags/example_branch_python_dop_operator_3.py
[2024-06-06T14:23:40.370+0000] {processor.py:840} INFO - DAG(s) 'example_branch_dop_operator_v3' retrieved from /home/airflow/.local/lib/python3.12/site-packages/airflow/example_dags/example_branch_python_dop_operator_3.py
[2024-06-06T14:23:40.382+0000] {logging_mixin.py:188} INFO - [2024-06-06T14:23:40.381+0000] {dag.py:3096} INFO - Sync 1 DAGs
[2024-06-06T14:23:40.397+0000] {logging_mixin.py:188} INFO - [2024-06-06T14:23:40.397+0000] {dag.py:3954} INFO - Setting next_dagrun for example_branch_dop_operator_v3 to 2024-06-06 14:22:00+00:00, run_after=2024-06-06 14:23:00+00:00
[2024-06-06T14:23:40.410+0000] {processor.py:183} INFO - Processing /home/airflow/.local/lib/python3.12/site-packages/airflow/example_dags/example_branch_python_dop_operator_3.py took 0.051 seconds
[2024-06-06T14:24:11.338+0000] {processor.py:161} INFO - Started process (PID=303) to work on /home/airflow/.local/lib/python3.12/site-packages/airflow/example_dags/example_branch_python_dop_operator_3.py
[2024-06-06T14:24:11.339+0000] {processor.py:830} INFO - Processing file /home/airflow/.local/lib/python3.12/site-packages/airflow/example_dags/example_branch_python_dop_operator_3.py for tasks to queue
[2024-06-06T14:24:11.341+0000] {logging_mixin.py:188} INFO - [2024-06-06T14:24:11.340+0000] {dagbag.py:545} INFO - Filling up the DagBag from /home/airflow/.local/lib/python3.12/site-packages/airflow/example_dags/example_branch_python_dop_operator_3.py
[2024-06-06T14:24:11.345+0000] {processor.py:840} INFO - DAG(s) 'example_branch_dop_operator_v3' retrieved from /home/airflow/.local/lib/python3.12/site-packages/airflow/example_dags/example_branch_python_dop_operator_3.py
[2024-06-06T14:24:11.356+0000] {logging_mixin.py:188} INFO - [2024-06-06T14:24:11.356+0000] {dag.py:3096} INFO - Sync 1 DAGs
[2024-06-06T14:24:11.369+0000] {logging_mixin.py:188} INFO - [2024-06-06T14:24:11.369+0000] {dag.py:3954} INFO - Setting next_dagrun for example_branch_dop_operator_v3 to 2024-06-06 14:23:00+00:00, run_after=2024-06-06 14:24:00+00:00
[2024-06-06T14:24:11.380+0000] {processor.py:183} INFO - Processing /home/airflow/.local/lib/python3.12/site-packages/airflow/example_dags/example_branch_python_dop_operator_3.py took 0.044 seconds
[2024-06-06T14:24:42.029+0000] {processor.py:161} INFO - Started process (PID=361) to work on /home/airflow/.local/lib/python3.12/site-packages/airflow/example_dags/example_branch_python_dop_operator_3.py
[2024-06-06T14:24:42.031+0000] {processor.py:830} INFO - Processing file /home/airflow/.local/lib/python3.12/site-packages/airflow/example_dags/example_branch_python_dop_operator_3.py for tasks to queue
[2024-06-06T14:24:42.032+0000] {logging_mixin.py:188} INFO - [2024-06-06T14:24:42.032+0000] {dagbag.py:545} INFO - Filling up the DagBag from /home/airflow/.local/lib/python3.12/site-packages/airflow/example_dags/example_branch_python_dop_operator_3.py
[2024-06-06T14:24:42.039+0000] {processor.py:840} INFO - DAG(s) 'example_branch_dop_operator_v3' retrieved from /home/airflow/.local/lib/python3.12/site-packages/airflow/example_dags/example_branch_python_dop_operator_3.py
[2024-06-06T14:24:42.050+0000] {logging_mixin.py:188} INFO - [2024-06-06T14:24:42.050+0000] {dag.py:3096} INFO - Sync 1 DAGs
[2024-06-06T14:24:42.064+0000] {logging_mixin.py:188} INFO - [2024-06-06T14:24:42.064+0000] {dag.py:3954} INFO - Setting next_dagrun for example_branch_dop_operator_v3 to 2024-06-06 14:23:00+00:00, run_after=2024-06-06 14:24:00+00:00
[2024-06-06T14:24:42.075+0000] {processor.py:183} INFO - Processing /home/airflow/.local/lib/python3.12/site-packages/airflow/example_dags/example_branch_python_dop_operator_3.py took 0.048 seconds
