[2024-06-06T14:22:07.592+0000] {processor.py:161} INFO - Started process (PID=62) to work on /home/airflow/.local/lib/python3.12/site-packages/airflow/example_dags/example_task_group_decorator.py
[2024-06-06T14:22:07.592+0000] {processor.py:830} INFO - Processing file /home/airflow/.local/lib/python3.12/site-packages/airflow/example_dags/example_task_group_decorator.py for tasks to queue
[2024-06-06T14:22:07.593+0000] {logging_mixin.py:188} INFO - [2024-06-06T14:22:07.593+0000] {dagbag.py:545} INFO - Filling up the DagBag from /home/airflow/.local/lib/python3.12/site-packages/airflow/example_dags/example_task_group_decorator.py
[2024-06-06T14:22:07.602+0000] {processor.py:840} INFO - DAG(s) 'example_task_group_decorator' retrieved from /home/airflow/.local/lib/python3.12/site-packages/airflow/example_dags/example_task_group_decorator.py
[2024-06-06T14:22:07.622+0000] {logging_mixin.py:188} INFO - [2024-06-06T14:22:07.622+0000] {dag.py:3096} INFO - Sync 1 DAGs
[2024-06-06T14:22:07.635+0000] {logging_mixin.py:188} INFO - [2024-06-06T14:22:07.635+0000] {dag.py:3954} INFO - Setting next_dagrun for example_task_group_decorator to 2024-06-05 00:00:00+00:00, run_after=2024-06-06 00:00:00+00:00
[2024-06-06T14:22:07.646+0000] {processor.py:183} INFO - Processing /home/airflow/.local/lib/python3.12/site-packages/airflow/example_dags/example_task_group_decorator.py took 0.058 seconds
[2024-06-06T14:22:38.519+0000] {processor.py:161} INFO - Started process (PID=120) to work on /home/airflow/.local/lib/python3.12/site-packages/airflow/example_dags/example_task_group_decorator.py
[2024-06-06T14:22:38.520+0000] {processor.py:830} INFO - Processing file /home/airflow/.local/lib/python3.12/site-packages/airflow/example_dags/example_task_group_decorator.py for tasks to queue
[2024-06-06T14:22:38.521+0000] {logging_mixin.py:188} INFO - [2024-06-06T14:22:38.521+0000] {dagbag.py:545} INFO - Filling up the DagBag from /home/airflow/.local/lib/python3.12/site-packages/airflow/example_dags/example_task_group_decorator.py
[2024-06-06T14:22:38.529+0000] {processor.py:840} INFO - DAG(s) 'example_task_group_decorator' retrieved from /home/airflow/.local/lib/python3.12/site-packages/airflow/example_dags/example_task_group_decorator.py
[2024-06-06T14:22:38.544+0000] {logging_mixin.py:188} INFO - [2024-06-06T14:22:38.544+0000] {dag.py:3096} INFO - Sync 1 DAGs
[2024-06-06T14:22:38.557+0000] {logging_mixin.py:188} INFO - [2024-06-06T14:22:38.557+0000] {dag.py:3954} INFO - Setting next_dagrun for example_task_group_decorator to 2024-06-05 00:00:00+00:00, run_after=2024-06-06 00:00:00+00:00
[2024-06-06T14:22:38.567+0000] {processor.py:183} INFO - Processing /home/airflow/.local/lib/python3.12/site-packages/airflow/example_dags/example_task_group_decorator.py took 0.051 seconds
[2024-06-06T14:23:09.177+0000] {processor.py:161} INFO - Started process (PID=178) to work on /home/airflow/.local/lib/python3.12/site-packages/airflow/example_dags/example_task_group_decorator.py
[2024-06-06T14:23:09.178+0000] {processor.py:830} INFO - Processing file /home/airflow/.local/lib/python3.12/site-packages/airflow/example_dags/example_task_group_decorator.py for tasks to queue
[2024-06-06T14:23:09.179+0000] {logging_mixin.py:188} INFO - [2024-06-06T14:23:09.179+0000] {dagbag.py:545} INFO - Filling up the DagBag from /home/airflow/.local/lib/python3.12/site-packages/airflow/example_dags/example_task_group_decorator.py
[2024-06-06T14:23:09.188+0000] {processor.py:840} INFO - DAG(s) 'example_task_group_decorator' retrieved from /home/airflow/.local/lib/python3.12/site-packages/airflow/example_dags/example_task_group_decorator.py
[2024-06-06T14:23:09.202+0000] {logging_mixin.py:188} INFO - [2024-06-06T14:23:09.202+0000] {dag.py:3096} INFO - Sync 1 DAGs
[2024-06-06T14:23:09.213+0000] {logging_mixin.py:188} INFO - [2024-06-06T14:23:09.213+0000] {dag.py:3954} INFO - Setting next_dagrun for example_task_group_decorator to 2024-06-05 00:00:00+00:00, run_after=2024-06-06 00:00:00+00:00
[2024-06-06T14:23:09.223+0000] {processor.py:183} INFO - Processing /home/airflow/.local/lib/python3.12/site-packages/airflow/example_dags/example_task_group_decorator.py took 0.049 seconds
[2024-06-06T14:23:40.054+0000] {processor.py:161} INFO - Started process (PID=236) to work on /home/airflow/.local/lib/python3.12/site-packages/airflow/example_dags/example_task_group_decorator.py
[2024-06-06T14:23:40.054+0000] {processor.py:830} INFO - Processing file /home/airflow/.local/lib/python3.12/site-packages/airflow/example_dags/example_task_group_decorator.py for tasks to queue
[2024-06-06T14:23:40.056+0000] {logging_mixin.py:188} INFO - [2024-06-06T14:23:40.055+0000] {dagbag.py:545} INFO - Filling up the DagBag from /home/airflow/.local/lib/python3.12/site-packages/airflow/example_dags/example_task_group_decorator.py
[2024-06-06T14:23:40.064+0000] {processor.py:840} INFO - DAG(s) 'example_task_group_decorator' retrieved from /home/airflow/.local/lib/python3.12/site-packages/airflow/example_dags/example_task_group_decorator.py
[2024-06-06T14:23:40.081+0000] {logging_mixin.py:188} INFO - [2024-06-06T14:23:40.081+0000] {dag.py:3096} INFO - Sync 1 DAGs
[2024-06-06T14:23:40.094+0000] {logging_mixin.py:188} INFO - [2024-06-06T14:23:40.094+0000] {dag.py:3954} INFO - Setting next_dagrun for example_task_group_decorator to 2024-06-05 00:00:00+00:00, run_after=2024-06-06 00:00:00+00:00
[2024-06-06T14:23:40.108+0000] {processor.py:183} INFO - Processing /home/airflow/.local/lib/python3.12/site-packages/airflow/example_dags/example_task_group_decorator.py took 0.058 seconds
[2024-06-06T14:24:11.085+0000] {processor.py:161} INFO - Started process (PID=294) to work on /home/airflow/.local/lib/python3.12/site-packages/airflow/example_dags/example_task_group_decorator.py
[2024-06-06T14:24:11.085+0000] {processor.py:830} INFO - Processing file /home/airflow/.local/lib/python3.12/site-packages/airflow/example_dags/example_task_group_decorator.py for tasks to queue
[2024-06-06T14:24:11.087+0000] {logging_mixin.py:188} INFO - [2024-06-06T14:24:11.087+0000] {dagbag.py:545} INFO - Filling up the DagBag from /home/airflow/.local/lib/python3.12/site-packages/airflow/example_dags/example_task_group_decorator.py
[2024-06-06T14:24:11.095+0000] {processor.py:840} INFO - DAG(s) 'example_task_group_decorator' retrieved from /home/airflow/.local/lib/python3.12/site-packages/airflow/example_dags/example_task_group_decorator.py
[2024-06-06T14:24:11.110+0000] {logging_mixin.py:188} INFO - [2024-06-06T14:24:11.110+0000] {dag.py:3096} INFO - Sync 1 DAGs
[2024-06-06T14:24:11.122+0000] {logging_mixin.py:188} INFO - [2024-06-06T14:24:11.122+0000] {dag.py:3954} INFO - Setting next_dagrun for example_task_group_decorator to 2024-06-05 00:00:00+00:00, run_after=2024-06-06 00:00:00+00:00
[2024-06-06T14:24:11.133+0000] {processor.py:183} INFO - Processing /home/airflow/.local/lib/python3.12/site-packages/airflow/example_dags/example_task_group_decorator.py took 0.051 seconds
[2024-06-06T14:24:41.777+0000] {processor.py:161} INFO - Started process (PID=352) to work on /home/airflow/.local/lib/python3.12/site-packages/airflow/example_dags/example_task_group_decorator.py
[2024-06-06T14:24:41.778+0000] {processor.py:830} INFO - Processing file /home/airflow/.local/lib/python3.12/site-packages/airflow/example_dags/example_task_group_decorator.py for tasks to queue
[2024-06-06T14:24:41.779+0000] {logging_mixin.py:188} INFO - [2024-06-06T14:24:41.779+0000] {dagbag.py:545} INFO - Filling up the DagBag from /home/airflow/.local/lib/python3.12/site-packages/airflow/example_dags/example_task_group_decorator.py
[2024-06-06T14:24:41.787+0000] {processor.py:840} INFO - DAG(s) 'example_task_group_decorator' retrieved from /home/airflow/.local/lib/python3.12/site-packages/airflow/example_dags/example_task_group_decorator.py
[2024-06-06T14:24:41.802+0000] {logging_mixin.py:188} INFO - [2024-06-06T14:24:41.802+0000] {dag.py:3096} INFO - Sync 1 DAGs
[2024-06-06T14:24:41.815+0000] {logging_mixin.py:188} INFO - [2024-06-06T14:24:41.815+0000] {dag.py:3954} INFO - Setting next_dagrun for example_task_group_decorator to 2024-06-05 00:00:00+00:00, run_after=2024-06-06 00:00:00+00:00
[2024-06-06T14:24:41.825+0000] {processor.py:183} INFO - Processing /home/airflow/.local/lib/python3.12/site-packages/airflow/example_dags/example_task_group_decorator.py took 0.050 seconds
