[2024-06-06T14:22:08.513+0000] {processor.py:161} INFO - Started process (PID=86) to work on /home/airflow/.local/lib/python3.12/site-packages/airflow/example_dags/example_task_group.py
[2024-06-06T14:22:08.513+0000] {processor.py:830} INFO - Processing file /home/airflow/.local/lib/python3.12/site-packages/airflow/example_dags/example_task_group.py for tasks to queue
[2024-06-06T14:22:08.515+0000] {logging_mixin.py:188} INFO - [2024-06-06T14:22:08.515+0000] {dagbag.py:545} INFO - Filling up the DagBag from /home/airflow/.local/lib/python3.12/site-packages/airflow/example_dags/example_task_group.py
[2024-06-06T14:22:08.520+0000] {processor.py:840} INFO - DAG(s) 'example_task_group' retrieved from /home/airflow/.local/lib/python3.12/site-packages/airflow/example_dags/example_task_group.py
[2024-06-06T14:22:08.533+0000] {logging_mixin.py:188} INFO - [2024-06-06T14:22:08.532+0000] {dag.py:3096} INFO - Sync 1 DAGs
[2024-06-06T14:22:08.545+0000] {logging_mixin.py:188} INFO - [2024-06-06T14:22:08.545+0000] {dag.py:3954} INFO - Setting next_dagrun for example_task_group to 2024-06-05 00:00:00+00:00, run_after=2024-06-06 00:00:00+00:00
[2024-06-06T14:22:08.556+0000] {processor.py:183} INFO - Processing /home/airflow/.local/lib/python3.12/site-packages/airflow/example_dags/example_task_group.py took 0.047 seconds
[2024-06-06T14:22:39.216+0000] {processor.py:161} INFO - Started process (PID=144) to work on /home/airflow/.local/lib/python3.12/site-packages/airflow/example_dags/example_task_group.py
[2024-06-06T14:22:39.216+0000] {processor.py:830} INFO - Processing file /home/airflow/.local/lib/python3.12/site-packages/airflow/example_dags/example_task_group.py for tasks to queue
[2024-06-06T14:22:39.218+0000] {logging_mixin.py:188} INFO - [2024-06-06T14:22:39.218+0000] {dagbag.py:545} INFO - Filling up the DagBag from /home/airflow/.local/lib/python3.12/site-packages/airflow/example_dags/example_task_group.py
[2024-06-06T14:22:39.222+0000] {processor.py:840} INFO - DAG(s) 'example_task_group' retrieved from /home/airflow/.local/lib/python3.12/site-packages/airflow/example_dags/example_task_group.py
[2024-06-06T14:22:39.234+0000] {logging_mixin.py:188} INFO - [2024-06-06T14:22:39.234+0000] {dag.py:3096} INFO - Sync 1 DAGs
[2024-06-06T14:22:39.247+0000] {logging_mixin.py:188} INFO - [2024-06-06T14:22:39.247+0000] {dag.py:3954} INFO - Setting next_dagrun for example_task_group to 2024-06-05 00:00:00+00:00, run_after=2024-06-06 00:00:00+00:00
[2024-06-06T14:22:39.257+0000] {processor.py:183} INFO - Processing /home/airflow/.local/lib/python3.12/site-packages/airflow/example_dags/example_task_group.py took 0.044 seconds
[2024-06-06T14:23:09.884+0000] {processor.py:161} INFO - Started process (PID=202) to work on /home/airflow/.local/lib/python3.12/site-packages/airflow/example_dags/example_task_group.py
[2024-06-06T14:23:09.885+0000] {processor.py:830} INFO - Processing file /home/airflow/.local/lib/python3.12/site-packages/airflow/example_dags/example_task_group.py for tasks to queue
[2024-06-06T14:23:09.886+0000] {logging_mixin.py:188} INFO - [2024-06-06T14:23:09.886+0000] {dagbag.py:545} INFO - Filling up the DagBag from /home/airflow/.local/lib/python3.12/site-packages/airflow/example_dags/example_task_group.py
[2024-06-06T14:23:09.890+0000] {processor.py:840} INFO - DAG(s) 'example_task_group' retrieved from /home/airflow/.local/lib/python3.12/site-packages/airflow/example_dags/example_task_group.py
[2024-06-06T14:23:09.902+0000] {logging_mixin.py:188} INFO - [2024-06-06T14:23:09.902+0000] {dag.py:3096} INFO - Sync 1 DAGs
[2024-06-06T14:23:09.915+0000] {logging_mixin.py:188} INFO - [2024-06-06T14:23:09.915+0000] {dag.py:3954} INFO - Setting next_dagrun for example_task_group to 2024-06-05 00:00:00+00:00, run_after=2024-06-06 00:00:00+00:00
[2024-06-06T14:23:09.925+0000] {processor.py:183} INFO - Processing /home/airflow/.local/lib/python3.12/site-packages/airflow/example_dags/example_task_group.py took 0.044 seconds
[2024-06-06T14:23:40.913+0000] {processor.py:161} INFO - Started process (PID=260) to work on /home/airflow/.local/lib/python3.12/site-packages/airflow/example_dags/example_task_group.py
[2024-06-06T14:23:40.914+0000] {processor.py:830} INFO - Processing file /home/airflow/.local/lib/python3.12/site-packages/airflow/example_dags/example_task_group.py for tasks to queue
[2024-06-06T14:23:40.916+0000] {logging_mixin.py:188} INFO - [2024-06-06T14:23:40.915+0000] {dagbag.py:545} INFO - Filling up the DagBag from /home/airflow/.local/lib/python3.12/site-packages/airflow/example_dags/example_task_group.py
[2024-06-06T14:23:40.920+0000] {processor.py:840} INFO - DAG(s) 'example_task_group' retrieved from /home/airflow/.local/lib/python3.12/site-packages/airflow/example_dags/example_task_group.py
[2024-06-06T14:23:40.934+0000] {logging_mixin.py:188} INFO - [2024-06-06T14:23:40.934+0000] {dag.py:3096} INFO - Sync 1 DAGs
[2024-06-06T14:23:40.947+0000] {logging_mixin.py:188} INFO - [2024-06-06T14:23:40.947+0000] {dag.py:3954} INFO - Setting next_dagrun for example_task_group to 2024-06-05 00:00:00+00:00, run_after=2024-06-06 00:00:00+00:00
[2024-06-06T14:23:40.961+0000] {processor.py:183} INFO - Processing /home/airflow/.local/lib/python3.12/site-packages/airflow/example_dags/example_task_group.py took 0.050 seconds
[2024-06-06T14:24:11.838+0000] {processor.py:161} INFO - Started process (PID=318) to work on /home/airflow/.local/lib/python3.12/site-packages/airflow/example_dags/example_task_group.py
[2024-06-06T14:24:11.839+0000] {processor.py:830} INFO - Processing file /home/airflow/.local/lib/python3.12/site-packages/airflow/example_dags/example_task_group.py for tasks to queue
[2024-06-06T14:24:11.840+0000] {logging_mixin.py:188} INFO - [2024-06-06T14:24:11.840+0000] {dagbag.py:545} INFO - Filling up the DagBag from /home/airflow/.local/lib/python3.12/site-packages/airflow/example_dags/example_task_group.py
[2024-06-06T14:24:11.844+0000] {processor.py:840} INFO - DAG(s) 'example_task_group' retrieved from /home/airflow/.local/lib/python3.12/site-packages/airflow/example_dags/example_task_group.py
[2024-06-06T14:24:11.857+0000] {logging_mixin.py:188} INFO - [2024-06-06T14:24:11.857+0000] {dag.py:3096} INFO - Sync 1 DAGs
[2024-06-06T14:24:11.868+0000] {logging_mixin.py:188} INFO - [2024-06-06T14:24:11.868+0000] {dag.py:3954} INFO - Setting next_dagrun for example_task_group to 2024-06-05 00:00:00+00:00, run_after=2024-06-06 00:00:00+00:00
[2024-06-06T14:24:11.878+0000] {processor.py:183} INFO - Processing /home/airflow/.local/lib/python3.12/site-packages/airflow/example_dags/example_task_group.py took 0.043 seconds
[2024-06-06T14:24:42.507+0000] {processor.py:161} INFO - Started process (PID=376) to work on /home/airflow/.local/lib/python3.12/site-packages/airflow/example_dags/example_task_group.py
[2024-06-06T14:24:42.508+0000] {processor.py:830} INFO - Processing file /home/airflow/.local/lib/python3.12/site-packages/airflow/example_dags/example_task_group.py for tasks to queue
[2024-06-06T14:24:42.509+0000] {logging_mixin.py:188} INFO - [2024-06-06T14:24:42.509+0000] {dagbag.py:545} INFO - Filling up the DagBag from /home/airflow/.local/lib/python3.12/site-packages/airflow/example_dags/example_task_group.py
[2024-06-06T14:24:42.514+0000] {processor.py:840} INFO - DAG(s) 'example_task_group' retrieved from /home/airflow/.local/lib/python3.12/site-packages/airflow/example_dags/example_task_group.py
[2024-06-06T14:24:42.526+0000] {logging_mixin.py:188} INFO - [2024-06-06T14:24:42.526+0000] {dag.py:3096} INFO - Sync 1 DAGs
[2024-06-06T14:24:42.539+0000] {logging_mixin.py:188} INFO - [2024-06-06T14:24:42.539+0000] {dag.py:3954} INFO - Setting next_dagrun for example_task_group to 2024-06-05 00:00:00+00:00, run_after=2024-06-06 00:00:00+00:00
[2024-06-06T14:24:42.549+0000] {processor.py:183} INFO - Processing /home/airflow/.local/lib/python3.12/site-packages/airflow/example_dags/example_task_group.py took 0.046 seconds
