[2024-06-06T14:22:07.382+0000] {processor.py:161} INFO - Started process (PID=58) to work on /home/airflow/.local/lib/python3.12/site-packages/airflow/example_dags/example_branch_labels.py
[2024-06-06T14:22:07.384+0000] {processor.py:830} INFO - Processing file /home/airflow/.local/lib/python3.12/site-packages/airflow/example_dags/example_branch_labels.py for tasks to queue
[2024-06-06T14:22:07.385+0000] {logging_mixin.py:188} INFO - [2024-06-06T14:22:07.385+0000] {dagbag.py:545} INFO - Filling up the DagBag from /home/airflow/.local/lib/python3.12/site-packages/airflow/example_dags/example_branch_labels.py
[2024-06-06T14:22:07.392+0000] {processor.py:840} INFO - DAG(s) 'example_branch_labels' retrieved from /home/airflow/.local/lib/python3.12/site-packages/airflow/example_dags/example_branch_labels.py
[2024-06-06T14:22:07.408+0000] {logging_mixin.py:188} INFO - [2024-06-06T14:22:07.408+0000] {dag.py:3096} INFO - Sync 1 DAGs
[2024-06-06T14:22:07.422+0000] {logging_mixin.py:188} INFO - [2024-06-06T14:22:07.422+0000] {dag.py:3954} INFO - Setting next_dagrun for example_branch_labels to 2024-06-05 00:00:00+00:00, run_after=2024-06-06 00:00:00+00:00
[2024-06-06T14:22:07.435+0000] {processor.py:183} INFO - Processing /home/airflow/.local/lib/python3.12/site-packages/airflow/example_dags/example_branch_labels.py took 0.055 seconds
[2024-06-06T14:22:38.408+0000] {processor.py:161} INFO - Started process (PID=116) to work on /home/airflow/.local/lib/python3.12/site-packages/airflow/example_dags/example_branch_labels.py
[2024-06-06T14:22:38.409+0000] {processor.py:830} INFO - Processing file /home/airflow/.local/lib/python3.12/site-packages/airflow/example_dags/example_branch_labels.py for tasks to queue
[2024-06-06T14:22:38.410+0000] {logging_mixin.py:188} INFO - [2024-06-06T14:22:38.410+0000] {dagbag.py:545} INFO - Filling up the DagBag from /home/airflow/.local/lib/python3.12/site-packages/airflow/example_dags/example_branch_labels.py
[2024-06-06T14:22:38.414+0000] {processor.py:840} INFO - DAG(s) 'example_branch_labels' retrieved from /home/airflow/.local/lib/python3.12/site-packages/airflow/example_dags/example_branch_labels.py
[2024-06-06T14:22:38.427+0000] {logging_mixin.py:188} INFO - [2024-06-06T14:22:38.427+0000] {dag.py:3096} INFO - Sync 1 DAGs
[2024-06-06T14:22:38.439+0000] {logging_mixin.py:188} INFO - [2024-06-06T14:22:38.439+0000] {dag.py:3954} INFO - Setting next_dagrun for example_branch_labels to 2024-06-05 00:00:00+00:00, run_after=2024-06-06 00:00:00+00:00
[2024-06-06T14:22:38.449+0000] {processor.py:183} INFO - Processing /home/airflow/.local/lib/python3.12/site-packages/airflow/example_dags/example_branch_labels.py took 0.044 seconds
[2024-06-06T14:23:09.006+0000] {processor.py:161} INFO - Started process (PID=174) to work on /home/airflow/.local/lib/python3.12/site-packages/airflow/example_dags/example_branch_labels.py
[2024-06-06T14:23:09.006+0000] {processor.py:830} INFO - Processing file /home/airflow/.local/lib/python3.12/site-packages/airflow/example_dags/example_branch_labels.py for tasks to queue
[2024-06-06T14:23:09.007+0000] {logging_mixin.py:188} INFO - [2024-06-06T14:23:09.007+0000] {dagbag.py:545} INFO - Filling up the DagBag from /home/airflow/.local/lib/python3.12/site-packages/airflow/example_dags/example_branch_labels.py
[2024-06-06T14:23:09.012+0000] {processor.py:840} INFO - DAG(s) 'example_branch_labels' retrieved from /home/airflow/.local/lib/python3.12/site-packages/airflow/example_dags/example_branch_labels.py
[2024-06-06T14:23:09.024+0000] {logging_mixin.py:188} INFO - [2024-06-06T14:23:09.024+0000] {dag.py:3096} INFO - Sync 1 DAGs
[2024-06-06T14:23:09.036+0000] {logging_mixin.py:188} INFO - [2024-06-06T14:23:09.036+0000] {dag.py:3954} INFO - Setting next_dagrun for example_branch_labels to 2024-06-05 00:00:00+00:00, run_after=2024-06-06 00:00:00+00:00
[2024-06-06T14:23:09.046+0000] {processor.py:183} INFO - Processing /home/airflow/.local/lib/python3.12/site-packages/airflow/example_dags/example_branch_labels.py took 0.043 seconds
[2024-06-06T14:23:39.939+0000] {processor.py:161} INFO - Started process (PID=232) to work on /home/airflow/.local/lib/python3.12/site-packages/airflow/example_dags/example_branch_labels.py
[2024-06-06T14:23:39.941+0000] {processor.py:830} INFO - Processing file /home/airflow/.local/lib/python3.12/site-packages/airflow/example_dags/example_branch_labels.py for tasks to queue
[2024-06-06T14:23:39.942+0000] {logging_mixin.py:188} INFO - [2024-06-06T14:23:39.942+0000] {dagbag.py:545} INFO - Filling up the DagBag from /home/airflow/.local/lib/python3.12/site-packages/airflow/example_dags/example_branch_labels.py
[2024-06-06T14:23:39.947+0000] {processor.py:840} INFO - DAG(s) 'example_branch_labels' retrieved from /home/airflow/.local/lib/python3.12/site-packages/airflow/example_dags/example_branch_labels.py
[2024-06-06T14:23:39.960+0000] {logging_mixin.py:188} INFO - [2024-06-06T14:23:39.960+0000] {dag.py:3096} INFO - Sync 1 DAGs
[2024-06-06T14:23:39.972+0000] {logging_mixin.py:188} INFO - [2024-06-06T14:23:39.972+0000] {dag.py:3954} INFO - Setting next_dagrun for example_branch_labels to 2024-06-05 00:00:00+00:00, run_after=2024-06-06 00:00:00+00:00
[2024-06-06T14:23:39.982+0000] {processor.py:183} INFO - Processing /home/airflow/.local/lib/python3.12/site-packages/airflow/example_dags/example_branch_labels.py took 0.046 seconds
[2024-06-06T14:24:10.978+0000] {processor.py:161} INFO - Started process (PID=290) to work on /home/airflow/.local/lib/python3.12/site-packages/airflow/example_dags/example_branch_labels.py
[2024-06-06T14:24:10.978+0000] {processor.py:830} INFO - Processing file /home/airflow/.local/lib/python3.12/site-packages/airflow/example_dags/example_branch_labels.py for tasks to queue
[2024-06-06T14:24:10.979+0000] {logging_mixin.py:188} INFO - [2024-06-06T14:24:10.979+0000] {dagbag.py:545} INFO - Filling up the DagBag from /home/airflow/.local/lib/python3.12/site-packages/airflow/example_dags/example_branch_labels.py
[2024-06-06T14:24:10.984+0000] {processor.py:840} INFO - DAG(s) 'example_branch_labels' retrieved from /home/airflow/.local/lib/python3.12/site-packages/airflow/example_dags/example_branch_labels.py
[2024-06-06T14:24:10.995+0000] {logging_mixin.py:188} INFO - [2024-06-06T14:24:10.995+0000] {dag.py:3096} INFO - Sync 1 DAGs
[2024-06-06T14:24:11.007+0000] {logging_mixin.py:188} INFO - [2024-06-06T14:24:11.007+0000] {dag.py:3954} INFO - Setting next_dagrun for example_branch_labels to 2024-06-05 00:00:00+00:00, run_after=2024-06-06 00:00:00+00:00
[2024-06-06T14:24:11.016+0000] {processor.py:183} INFO - Processing /home/airflow/.local/lib/python3.12/site-packages/airflow/example_dags/example_branch_labels.py took 0.041 seconds
[2024-06-06T14:24:41.600+0000] {processor.py:161} INFO - Started process (PID=348) to work on /home/airflow/.local/lib/python3.12/site-packages/airflow/example_dags/example_branch_labels.py
[2024-06-06T14:24:41.600+0000] {processor.py:830} INFO - Processing file /home/airflow/.local/lib/python3.12/site-packages/airflow/example_dags/example_branch_labels.py for tasks to queue
[2024-06-06T14:24:41.601+0000] {logging_mixin.py:188} INFO - [2024-06-06T14:24:41.601+0000] {dagbag.py:545} INFO - Filling up the DagBag from /home/airflow/.local/lib/python3.12/site-packages/airflow/example_dags/example_branch_labels.py
[2024-06-06T14:24:41.605+0000] {processor.py:840} INFO - DAG(s) 'example_branch_labels' retrieved from /home/airflow/.local/lib/python3.12/site-packages/airflow/example_dags/example_branch_labels.py
[2024-06-06T14:24:41.618+0000] {logging_mixin.py:188} INFO - [2024-06-06T14:24:41.617+0000] {dag.py:3096} INFO - Sync 1 DAGs
[2024-06-06T14:24:41.631+0000] {logging_mixin.py:188} INFO - [2024-06-06T14:24:41.631+0000] {dag.py:3954} INFO - Setting next_dagrun for example_branch_labels to 2024-06-05 00:00:00+00:00, run_after=2024-06-06 00:00:00+00:00
[2024-06-06T14:24:41.641+0000] {processor.py:183} INFO - Processing /home/airflow/.local/lib/python3.12/site-packages/airflow/example_dags/example_branch_labels.py took 0.044 seconds
