[2024-06-06T14:22:08.690+0000] {processor.py:161} INFO - Started process (PID=91) to work on /home/airflow/.local/lib/python3.12/site-packages/airflow/example_dags/tutorial.py
[2024-06-06T14:22:08.691+0000] {processor.py:830} INFO - Processing file /home/airflow/.local/lib/python3.12/site-packages/airflow/example_dags/tutorial.py for tasks to queue
[2024-06-06T14:22:08.692+0000] {logging_mixin.py:188} INFO - [2024-06-06T14:22:08.692+0000] {dagbag.py:545} INFO - Filling up the DagBag from /home/airflow/.local/lib/python3.12/site-packages/airflow/example_dags/tutorial.py
[2024-06-06T14:22:08.695+0000] {processor.py:840} INFO - DAG(s) 'tutorial' retrieved from /home/airflow/.local/lib/python3.12/site-packages/airflow/example_dags/tutorial.py
[2024-06-06T14:22:08.707+0000] {logging_mixin.py:188} INFO - [2024-06-06T14:22:08.707+0000] {dag.py:3096} INFO - Sync 1 DAGs
[2024-06-06T14:22:08.720+0000] {logging_mixin.py:188} INFO - [2024-06-06T14:22:08.720+0000] {dag.py:3954} INFO - Setting next_dagrun for tutorial to 2024-06-05 00:00:00+00:00, run_after=2024-06-06 00:00:00+00:00
[2024-06-06T14:22:08.730+0000] {processor.py:183} INFO - Processing /home/airflow/.local/lib/python3.12/site-packages/airflow/example_dags/tutorial.py took 0.043 seconds
[2024-06-06T14:22:39.382+0000] {processor.py:161} INFO - Started process (PID=149) to work on /home/airflow/.local/lib/python3.12/site-packages/airflow/example_dags/tutorial.py
[2024-06-06T14:22:39.383+0000] {processor.py:830} INFO - Processing file /home/airflow/.local/lib/python3.12/site-packages/airflow/example_dags/tutorial.py for tasks to queue
[2024-06-06T14:22:39.384+0000] {logging_mixin.py:188} INFO - [2024-06-06T14:22:39.384+0000] {dagbag.py:545} INFO - Filling up the DagBag from /home/airflow/.local/lib/python3.12/site-packages/airflow/example_dags/tutorial.py
[2024-06-06T14:22:39.388+0000] {processor.py:840} INFO - DAG(s) 'tutorial' retrieved from /home/airflow/.local/lib/python3.12/site-packages/airflow/example_dags/tutorial.py
[2024-06-06T14:22:39.399+0000] {logging_mixin.py:188} INFO - [2024-06-06T14:22:39.399+0000] {dag.py:3096} INFO - Sync 1 DAGs
[2024-06-06T14:22:39.411+0000] {logging_mixin.py:188} INFO - [2024-06-06T14:22:39.411+0000] {dag.py:3954} INFO - Setting next_dagrun for tutorial to 2024-06-05 00:00:00+00:00, run_after=2024-06-06 00:00:00+00:00
[2024-06-06T14:22:39.420+0000] {processor.py:183} INFO - Processing /home/airflow/.local/lib/python3.12/site-packages/airflow/example_dags/tutorial.py took 0.042 seconds
[2024-06-06T14:23:10.059+0000] {processor.py:161} INFO - Started process (PID=207) to work on /home/airflow/.local/lib/python3.12/site-packages/airflow/example_dags/tutorial.py
[2024-06-06T14:23:10.060+0000] {processor.py:830} INFO - Processing file /home/airflow/.local/lib/python3.12/site-packages/airflow/example_dags/tutorial.py for tasks to queue
[2024-06-06T14:23:10.061+0000] {logging_mixin.py:188} INFO - [2024-06-06T14:23:10.060+0000] {dagbag.py:545} INFO - Filling up the DagBag from /home/airflow/.local/lib/python3.12/site-packages/airflow/example_dags/tutorial.py
[2024-06-06T14:23:10.064+0000] {processor.py:840} INFO - DAG(s) 'tutorial' retrieved from /home/airflow/.local/lib/python3.12/site-packages/airflow/example_dags/tutorial.py
[2024-06-06T14:23:10.075+0000] {logging_mixin.py:188} INFO - [2024-06-06T14:23:10.075+0000] {dag.py:3096} INFO - Sync 1 DAGs
[2024-06-06T14:23:10.087+0000] {logging_mixin.py:188} INFO - [2024-06-06T14:23:10.087+0000] {dag.py:3954} INFO - Setting next_dagrun for tutorial to 2024-06-05 00:00:00+00:00, run_after=2024-06-06 00:00:00+00:00
[2024-06-06T14:23:10.098+0000] {processor.py:183} INFO - Processing /home/airflow/.local/lib/python3.12/site-packages/airflow/example_dags/tutorial.py took 0.042 seconds
[2024-06-06T14:23:41.093+0000] {processor.py:161} INFO - Started process (PID=265) to work on /home/airflow/.local/lib/python3.12/site-packages/airflow/example_dags/tutorial.py
[2024-06-06T14:23:41.094+0000] {processor.py:830} INFO - Processing file /home/airflow/.local/lib/python3.12/site-packages/airflow/example_dags/tutorial.py for tasks to queue
[2024-06-06T14:23:41.096+0000] {logging_mixin.py:188} INFO - [2024-06-06T14:23:41.096+0000] {dagbag.py:545} INFO - Filling up the DagBag from /home/airflow/.local/lib/python3.12/site-packages/airflow/example_dags/tutorial.py
[2024-06-06T14:23:41.099+0000] {processor.py:840} INFO - DAG(s) 'tutorial' retrieved from /home/airflow/.local/lib/python3.12/site-packages/airflow/example_dags/tutorial.py
[2024-06-06T14:23:41.111+0000] {logging_mixin.py:188} INFO - [2024-06-06T14:23:41.111+0000] {dag.py:3096} INFO - Sync 1 DAGs
[2024-06-06T14:23:41.125+0000] {logging_mixin.py:188} INFO - [2024-06-06T14:23:41.125+0000] {dag.py:3954} INFO - Setting next_dagrun for tutorial to 2024-06-05 00:00:00+00:00, run_after=2024-06-06 00:00:00+00:00
[2024-06-06T14:23:41.136+0000] {processor.py:183} INFO - Processing /home/airflow/.local/lib/python3.12/site-packages/airflow/example_dags/tutorial.py took 0.046 seconds
[2024-06-06T14:24:11.961+0000] {processor.py:161} INFO - Started process (PID=323) to work on /home/airflow/.local/lib/python3.12/site-packages/airflow/example_dags/tutorial.py
[2024-06-06T14:24:11.962+0000] {processor.py:830} INFO - Processing file /home/airflow/.local/lib/python3.12/site-packages/airflow/example_dags/tutorial.py for tasks to queue
[2024-06-06T14:24:11.963+0000] {logging_mixin.py:188} INFO - [2024-06-06T14:24:11.963+0000] {dagbag.py:545} INFO - Filling up the DagBag from /home/airflow/.local/lib/python3.12/site-packages/airflow/example_dags/tutorial.py
[2024-06-06T14:24:11.967+0000] {processor.py:840} INFO - DAG(s) 'tutorial' retrieved from /home/airflow/.local/lib/python3.12/site-packages/airflow/example_dags/tutorial.py
[2024-06-06T14:24:11.978+0000] {logging_mixin.py:188} INFO - [2024-06-06T14:24:11.978+0000] {dag.py:3096} INFO - Sync 1 DAGs
[2024-06-06T14:24:11.989+0000] {logging_mixin.py:188} INFO - [2024-06-06T14:24:11.989+0000] {dag.py:3954} INFO - Setting next_dagrun for tutorial to 2024-06-05 00:00:00+00:00, run_after=2024-06-06 00:00:00+00:00
[2024-06-06T14:24:11.999+0000] {processor.py:183} INFO - Processing /home/airflow/.local/lib/python3.12/site-packages/airflow/example_dags/tutorial.py took 0.041 seconds
[2024-06-06T14:24:42.688+0000] {processor.py:161} INFO - Started process (PID=381) to work on /home/airflow/.local/lib/python3.12/site-packages/airflow/example_dags/tutorial.py
[2024-06-06T14:24:42.689+0000] {processor.py:830} INFO - Processing file /home/airflow/.local/lib/python3.12/site-packages/airflow/example_dags/tutorial.py for tasks to queue
[2024-06-06T14:24:42.690+0000] {logging_mixin.py:188} INFO - [2024-06-06T14:24:42.690+0000] {dagbag.py:545} INFO - Filling up the DagBag from /home/airflow/.local/lib/python3.12/site-packages/airflow/example_dags/tutorial.py
[2024-06-06T14:24:42.694+0000] {processor.py:840} INFO - DAG(s) 'tutorial' retrieved from /home/airflow/.local/lib/python3.12/site-packages/airflow/example_dags/tutorial.py
[2024-06-06T14:24:42.706+0000] {logging_mixin.py:188} INFO - [2024-06-06T14:24:42.706+0000] {dag.py:3096} INFO - Sync 1 DAGs
[2024-06-06T14:24:42.718+0000] {logging_mixin.py:188} INFO - [2024-06-06T14:24:42.718+0000] {dag.py:3954} INFO - Setting next_dagrun for tutorial to 2024-06-05 00:00:00+00:00, run_after=2024-06-06 00:00:00+00:00
[2024-06-06T14:24:42.730+0000] {processor.py:183} INFO - Processing /home/airflow/.local/lib/python3.12/site-packages/airflow/example_dags/tutorial.py took 0.045 seconds
