[2024-06-06T16:22:25.994+0000] {local_task_job_runner.py:120} INFO - ::group::Pre task execution logs
[2024-06-06T16:22:26.007+0000] {taskinstance.py:2076} INFO - Dependencies all met for dep_context=non-requeueable deps ti=<TaskInstance: mongo_loader.load_clients manual__2024-06-06T16:22:24.709500+00:00 [queued]>
[2024-06-06T16:22:26.013+0000] {taskinstance.py:2076} INFO - Dependencies all met for dep_context=requeueable deps ti=<TaskInstance: mongo_loader.load_clients manual__2024-06-06T16:22:24.709500+00:00 [queued]>
[2024-06-06T16:22:26.014+0000] {taskinstance.py:2306} INFO - Starting attempt 1 of 1
[2024-06-06T16:22:26.023+0000] {taskinstance.py:2330} INFO - Executing <Task(PythonOperator): load_clients> on 2024-06-06 16:22:24.709500+00:00
[2024-06-06T16:22:26.026+0000] {warnings.py:110} WARNING - /home/***/.local/lib/python3.12/site-packages/***/task/task_runner/standard_task_runner.py:61: DeprecationWarning: This process (pid=412) is multi-threaded, use of fork() may lead to deadlocks in the child.
  pid = os.fork()

[2024-06-06T16:22:26.027+0000] {standard_task_runner.py:90} INFO - Running: ['***', 'tasks', 'run', 'mongo_loader', 'load_clients', 'manual__2024-06-06T16:22:24.709500+00:00', '--job-id', '29', '--raw', '--subdir', 'DAGS_FOLDER/load_mongo_dag.py', '--cfg-path', '/tmp/tmp0ox2sy1v']
[2024-06-06T16:22:26.028+0000] {standard_task_runner.py:63} INFO - Started process 413 to run task
[2024-06-06T16:22:26.028+0000] {standard_task_runner.py:91} INFO - Job 29: Subtask load_clients
[2024-06-06T16:22:26.056+0000] {task_command.py:426} INFO - Running <TaskInstance: mongo_loader.load_clients manual__2024-06-06T16:22:24.709500+00:00 [running]> on host 945bac6cf142
[2024-06-06T16:22:26.104+0000] {taskinstance.py:2648} INFO - Exporting env vars: AIRFLOW_CTX_DAG_OWNER='***' AIRFLOW_CTX_DAG_ID='mongo_loader' AIRFLOW_CTX_TASK_ID='load_clients' AIRFLOW_CTX_EXECUTION_DATE='2024-06-06T16:22:24.709500+00:00' AIRFLOW_CTX_TRY_NUMBER='1' AIRFLOW_CTX_DAG_RUN_ID='manual__2024-06-06T16:22:24.709500+00:00'
[2024-06-06T16:22:26.105+0000] {taskinstance.py:430} INFO - ::endgroup::
[2024-06-06T16:22:26.119+0000] {base.py:84} INFO - Using connection ID 'mongo-etl' for task execution.
[2024-06-06T16:22:26.137+0000] {python.py:237} INFO - Done. Returned value was: []
[2024-06-06T16:22:26.137+0000] {taskinstance.py:441} INFO - ::group::Post task execution logs
[2024-06-06T16:22:26.150+0000] {taskinstance.py:1206} INFO - Marking task as SUCCESS. dag_id=mongo_loader, task_id=load_clients, run_id=manual__2024-06-06T16:22:24.709500+00:00, execution_date=20240606T162224, start_date=20240606T162226, end_date=20240606T162226
[2024-06-06T16:22:26.167+0000] {local_task_job_runner.py:240} INFO - Task exited with return code 0
[2024-06-06T16:22:26.176+0000] {taskinstance.py:3498} INFO - 0 downstream tasks scheduled from follow-on schedule check
[2024-06-06T16:22:26.177+0000] {local_task_job_runner.py:222} INFO - ::endgroup::
