[2024-06-08T18:52:09.675+0000] {local_task_job_runner.py:120} INFO - ::group::Pre task execution logs
[2024-06-08T18:52:09.687+0000] {taskinstance.py:2076} INFO - Dependencies all met for dep_context=non-requeueable deps ti=<TaskInstance: mongo_loader.load_restaurants manual__2024-06-08T18:52:08.547916+00:00 [queued]>
[2024-06-08T18:52:09.692+0000] {taskinstance.py:2076} INFO - Dependencies all met for dep_context=requeueable deps ti=<TaskInstance: mongo_loader.load_restaurants manual__2024-06-08T18:52:08.547916+00:00 [queued]>
[2024-06-08T18:52:09.692+0000] {taskinstance.py:2306} INFO - Starting attempt 1 of 1
[2024-06-08T18:52:09.701+0000] {taskinstance.py:2330} INFO - Executing <Task(PythonOperator): load_restaurants> on 2024-06-08 18:52:08.547916+00:00
[2024-06-08T18:52:09.705+0000] {warnings.py:110} WARNING - /home/***/.local/lib/python3.12/site-packages/***/task/task_runner/standard_task_runner.py:61: DeprecationWarning: This process (pid=3395) is multi-threaded, use of fork() may lead to deadlocks in the child.
  pid = os.fork()

[2024-06-08T18:52:09.706+0000] {standard_task_runner.py:63} INFO - Started process 3399 to run task
[2024-06-08T18:52:09.707+0000] {standard_task_runner.py:90} INFO - Running: ['***', 'tasks', 'run', 'mongo_loader', 'load_restaurants', 'manual__2024-06-08T18:52:08.547916+00:00', '--job-id', '59', '--raw', '--subdir', 'DAGS_FOLDER/load_mongo_dag.py', '--cfg-path', '/tmp/tmpr5w087bd']
[2024-06-08T18:52:09.707+0000] {standard_task_runner.py:91} INFO - Job 59: Subtask load_restaurants
[2024-06-08T18:52:09.737+0000] {task_command.py:426} INFO - Running <TaskInstance: mongo_loader.load_restaurants manual__2024-06-08T18:52:08.547916+00:00 [running]> on host 945bac6cf142
[2024-06-08T18:52:09.783+0000] {taskinstance.py:2648} INFO - Exporting env vars: AIRFLOW_CTX_DAG_OWNER='***' AIRFLOW_CTX_DAG_ID='mongo_loader' AIRFLOW_CTX_TASK_ID='load_restaurants' AIRFLOW_CTX_EXECUTION_DATE='2024-06-08T18:52:08.547916+00:00' AIRFLOW_CTX_TRY_NUMBER='1' AIRFLOW_CTX_DAG_RUN_ID='manual__2024-06-08T18:52:08.547916+00:00'
[2024-06-08T18:52:09.784+0000] {taskinstance.py:430} INFO - ::endgroup::
[2024-06-08T18:52:09.797+0000] {base.py:84} INFO - Using connection ID 'mongo-etl' for task execution.
[2024-06-08T18:52:09.812+0000] {base.py:84} INFO - Using connection ID '***-etl' for task execution.
[2024-06-08T18:52:09.825+0000] {python.py:237} INFO - Done. Returned value was: None
[2024-06-08T18:52:09.826+0000] {taskinstance.py:441} INFO - ::group::Post task execution logs
[2024-06-08T18:52:09.831+0000] {taskinstance.py:1206} INFO - Marking task as SUCCESS. dag_id=mongo_loader, task_id=load_restaurants, run_id=manual__2024-06-08T18:52:08.547916+00:00, execution_date=20240608T185208, start_date=20240608T185209, end_date=20240608T185209
[2024-06-08T18:52:09.845+0000] {local_task_job_runner.py:240} INFO - Task exited with return code 0
[2024-06-08T18:52:09.851+0000] {local_task_job_runner.py:222} INFO - ::endgroup::
