[2024-06-08T18:23:50.608+0000] {local_task_job_runner.py:120} INFO - ::group::Pre task execution logs
[2024-06-08T18:23:50.620+0000] {taskinstance.py:2076} INFO - Dependencies all met for dep_context=non-requeueable deps ti=<TaskInstance: mongo_loader.load_clients manual__2024-06-08T18:23:49.961072+00:00 [queued]>
[2024-06-08T18:23:50.625+0000] {taskinstance.py:2076} INFO - Dependencies all met for dep_context=requeueable deps ti=<TaskInstance: mongo_loader.load_clients manual__2024-06-08T18:23:49.961072+00:00 [queued]>
[2024-06-08T18:23:50.625+0000] {taskinstance.py:2306} INFO - Starting attempt 1 of 1
[2024-06-08T18:23:50.633+0000] {taskinstance.py:2330} INFO - Executing <Task(PythonOperator): load_clients> on 2024-06-08 18:23:49.961072+00:00
[2024-06-08T18:23:50.636+0000] {warnings.py:110} WARNING - /home/***/.local/lib/python3.12/site-packages/***/task/task_runner/standard_task_runner.py:61: DeprecationWarning: This process (pid=2994) is multi-threaded, use of fork() may lead to deadlocks in the child.
  pid = os.fork()

[2024-06-08T18:23:50.637+0000] {standard_task_runner.py:63} INFO - Started process 2995 to run task
[2024-06-08T18:23:50.637+0000] {standard_task_runner.py:90} INFO - Running: ['***', 'tasks', 'run', 'mongo_loader', 'load_clients', 'manual__2024-06-08T18:23:49.961072+00:00', '--job-id', '51', '--raw', '--subdir', 'DAGS_FOLDER/load_mongo_dag.py', '--cfg-path', '/tmp/tmp450gpydf']
[2024-06-08T18:23:50.638+0000] {standard_task_runner.py:91} INFO - Job 51: Subtask load_clients
[2024-06-08T18:23:50.666+0000] {task_command.py:426} INFO - Running <TaskInstance: mongo_loader.load_clients manual__2024-06-08T18:23:49.961072+00:00 [running]> on host 945bac6cf142
[2024-06-08T18:23:50.714+0000] {taskinstance.py:2648} INFO - Exporting env vars: AIRFLOW_CTX_DAG_OWNER='***' AIRFLOW_CTX_DAG_ID='mongo_loader' AIRFLOW_CTX_TASK_ID='load_clients' AIRFLOW_CTX_EXECUTION_DATE='2024-06-08T18:23:49.961072+00:00' AIRFLOW_CTX_TRY_NUMBER='1' AIRFLOW_CTX_DAG_RUN_ID='manual__2024-06-08T18:23:49.961072+00:00'
[2024-06-08T18:23:50.715+0000] {taskinstance.py:430} INFO - ::endgroup::
[2024-06-08T18:23:50.727+0000] {base.py:84} INFO - Using connection ID 'mongo-etl' for task execution.
[2024-06-08T18:23:50.749+0000] {base.py:84} INFO - Using connection ID '***-etl' for task execution.
[2024-06-08T18:23:50.761+0000] {python.py:237} INFO - Done. Returned value was: [{"_id": {"$oid": "664ce399f542cb7c7020a31d"}, "name": "Garry Gonchar", "phone": "12312345", "email": "gonchar97@mail.ru", "birthday": "13.07.1997", "login": "sidor97", "address": "Lenina 1", "update_time": {"$date": "2024-05-20T16:43:24Z"}}, {"_id": {"$oid": "664ce41a9ad54ba2d8017c99"}, "name": "Antonina Petrova", "phone": "18374282", "email": "petrovatonya69@mail.ru", "birthday": "17.03.1969", "login": "sidor97", "address": "Lenina 2", "update_time": {"$date": "2024-05-20T16:43:24Z"}}, {"_id": {"$oid": "664ce41a9ad54ba2d8016c99"}, "name": "Fedor Sumkin", "phone": "91288314", "email": "sumkin79@mail.ru", "birthday": "25.09.1979", "login": "sidor97", "address": "Lenina 3", "update_time": {"$date": "2024-05-20T16:43:24Z"}}]
[2024-06-08T18:23:50.762+0000] {taskinstance.py:441} INFO - ::group::Post task execution logs
[2024-06-08T18:23:50.775+0000] {taskinstance.py:1206} INFO - Marking task as SUCCESS. dag_id=mongo_loader, task_id=load_clients, run_id=manual__2024-06-08T18:23:49.961072+00:00, execution_date=20240608T182349, start_date=20240608T182350, end_date=20240608T182350
[2024-06-08T18:23:50.817+0000] {local_task_job_runner.py:240} INFO - Task exited with return code 0
[2024-06-08T18:23:50.827+0000] {taskinstance.py:3498} INFO - 0 downstream tasks scheduled from follow-on schedule check
[2024-06-08T18:23:50.828+0000] {local_task_job_runner.py:222} INFO - ::endgroup::
